****                   ADMIXTURE Version 1.3.0                  ****
****                    Copyright 2008-2015                     ****
****           David Alexander, Suyash Shringarpure,            ****
****                John  Novembre, Ken Lange                   ****
****                                                            ****
****                 Please cite our paper!                     ****
****   Information at www.genetics.ucla.edu/software/admixture  ****

Parallel execution requested.  Will use 8 threads.
Cross-validation will be performed.  Folds=10.
Random seed: 43
Point estimation method: Block relaxation algorithm
Convergence acceleration algorithm: QuasiNewton, 3 secant conditions
Point estimation will terminate at 100 iterations
Estimation of standard errors disabled; will compute point estimates only.
Size of G: 98x940
Performing five EM steps to prime main algorithm
1 (EM) 	Elapsed: 0.009	Loglikelihood: -46899.4	(delta): 84385.9
2 (EM) 	Elapsed: 0.009	Loglikelihood: -44106.2	(delta): 2793.23
3 (EM) 	Elapsed: 0.009	Loglikelihood: -43484.7	(delta): 621.475
4 (EM) 	Elapsed: 0.008	Loglikelihood: -43113.1	(delta): 371.609
5 (EM) 	Elapsed: 0.008	Loglikelihood: -42842.8	(delta): 270.275
Initial loglikelihood: -42842.8
Starting main algorithm
1 (QN/Block) 	Elapsed: 0.014	Loglikelihood: -38452	(delta): 4390.79
2 (QN/Block) 	Elapsed: 0.018	Loglikelihood: -37299.9	(delta): 1152.09
3 (QN/Block) 	Elapsed: 0.019	Loglikelihood: -36876.4	(delta): 423.517
4 (QN/Block) 	Elapsed: 0.017	Loglikelihood: -36634.6	(delta): 241.811
5 (QN/Block) 	Elapsed: 0.016	Loglikelihood: -36538.9	(delta): 95.6744
6 (QN/Block) 	Elapsed: 0.016	Loglikelihood: -36503.8	(delta): 35.1588
7 (QN/Block) 	Elapsed: 0.015	Loglikelihood: -36486.7	(delta): 17.0571
8 (QN/Block) 	Elapsed: 0.014	Loglikelihood: -36476.5	(delta): 10.1925
9 (QN/Block) 	Elapsed: 0.015	Loglikelihood: -36464.2	(delta): 12.3148
10 (QN/Block) 	Elapsed: 0.014	Loglikelihood: -36457.3	(delta): 6.92397
11 (QN/Block) 	Elapsed: 0.014	Loglikelihood: -36452.5	(delta): 4.78858
12 (QN/Block) 	Elapsed: 0.031	Loglikelihood: -36450.7	(delta): 1.78923
13 (QN/Block) 	Elapsed: 0.023	Loglikelihood: -36449.6	(delta): 1.15298
14 (QN/Block) 	Elapsed: 0.02	Loglikelihood: -36446.5	(delta): 3.07041
15 (QN/Block) 	Elapsed: 0.021	Loglikelihood: -36443.8	(delta): 2.67254
16 (QN/Block) 	Elapsed: 0.021	Loglikelihood: -36435.1	(delta): 8.67333
17 (QN/Block) 	Elapsed: 0.018	Loglikelihood: -36427.6	(delta): 7.57245
18 (QN/Block) 	Elapsed: 0.02	Loglikelihood: -36425.6	(delta): 2.00319
19 (QN/Block) 	Elapsed: 0.021	Loglikelihood: -36424	(delta): 1.618
20 (QN/Block) 	Elapsed: 0.02	Loglikelihood: -36423	(delta): 0.95483
21 (QN/Block) 	Elapsed: 0.021	Loglikelihood: -36422.6	(delta): 0.381093
22 (QN/Block) 	Elapsed: 0.074	Loglikelihood: -36422.1	(delta): 0.564591
23 (QN/Block) 	Elapsed: 0.03	Loglikelihood: -36421.5	(delta): 0.576963
24 (QN/Block) 	Elapsed: 0.027	Loglikelihood: -36420.7	(delta): 0.760989
25 (QN/Block) 	Elapsed: 0.033	Loglikelihood: -36420.1	(delta): 0.570499
26 (QN/Block) 	Elapsed: 0.024	Loglikelihood: -36419.9	(delta): 0.228613
27 (QN/Block) 	Elapsed: 0.025	Loglikelihood: -36419.6	(delta): 0.267224
28 (QN/Block) 	Elapsed: 0.022	Loglikelihood: -36419.4	(delta): 0.262013
29 (QN/Block) 	Elapsed: 0.021	Loglikelihood: -36418.9	(delta): 0.447598
30 (QN/Block) 	Elapsed: 0.022	Loglikelihood: -36418	(delta): 0.973703
31 (QN/Block) 	Elapsed: 0.023	Loglikelihood: -36417.6	(delta): 0.358591
32 (QN/Block) 	Elapsed: 0.02	Loglikelihood: -36417.4	(delta): 0.17243
33 (QN/Block) 	Elapsed: 0.019	Loglikelihood: -36417.2	(delta): 0.228306
34 (QN/Block) 	Elapsed: 0.02	Loglikelihood: -36417.2	(delta): 0.0247308
35 (QN/Block) 	Elapsed: 0.018	Loglikelihood: -36417.1	(delta): 0.0437173
36 (QN/Block) 	Elapsed: 0.019	Loglikelihood: -36417	(delta): 0.146721
37 (QN/Block) 	Elapsed: 0.018	Loglikelihood: -36417	(delta): 0.0287347
38 (QN/Block) 	Elapsed: 0.018	Loglikelihood: -36416.9	(delta): 0.0549017
39 (QN/Block) 	Elapsed: 0.023	Loglikelihood: -36416.8	(delta): 0.10224
40 (QN/Block) 	Elapsed: 0.019	Loglikelihood: -36416.6	(delta): 0.226212
41 (QN/Block) 	Elapsed: 0.023	Loglikelihood: -36416.2	(delta): 0.423344
42 (QN/Block) 	Elapsed: 0.023	Loglikelihood: -36415.9	(delta): 0.213779
43 (QN/Block) 	Elapsed: 0.024	Loglikelihood: -36415.9	(delta): 0.0565711
44 (QN/Block) 	Elapsed: 0.023	Loglikelihood: -36415.8	(delta): 0.125704
45 (QN/Block) 	Elapsed: 0.024	Loglikelihood: -36415.7	(delta): 0.0455399
46 (QN/Block) 	Elapsed: 0.023	Loglikelihood: -36415.7	(delta): 0.0186512
47 (QN/Block) 	Elapsed: 0.064	Loglikelihood: -36415.7	(delta): 0.0150968
48 (QN/Block) 	Elapsed: 0.033	Loglikelihood: -36415.7	(delta): 0.0187091
49 (QN/Block) 	Elapsed: 0.031	Loglikelihood: -36415.6	(delta): 0.0624117
50 (QN/Block) 	Elapsed: 0.027	Loglikelihood: -36415.5	(delta): 0.0531447
51 (QN/Block) 	Elapsed: 0.027	Loglikelihood: -36415.5	(delta): 0.0401078
52 (QN/Block) 	Elapsed: 0.023	Loglikelihood: -36415.4	(delta): 0.0720795
53 (QN/Block) 	Elapsed: 0.022	Loglikelihood: -36415.3	(delta): 0.115502
54 (QN/Block) 	Elapsed: 0.021	Loglikelihood: -36415.2	(delta): 0.130489
55 (QN/Block) 	Elapsed: 0.026	Loglikelihood: -36415.1	(delta): 0.0713123
56 (QN/Block) 	Elapsed: 0.02	Loglikelihood: -36415.1	(delta): 0.0255553
57 (QN/Block) 	Elapsed: 0.02	Loglikelihood: -36415.1	(delta): 0.0142578
58 (QN/Block) 	Elapsed: 0.018	Loglikelihood: -36415.1	(delta): 0.0139499
59 (QN/Block) 	Elapsed: 0.023	Loglikelihood: -36415.1	(delta): 0.00654486
60 (QN/Block) 	Elapsed: 0.033	Loglikelihood: -36415	(delta): 0.00723067
61 (QN/Block) 	Elapsed: 0.028	Loglikelihood: -36415	(delta): 0.0104316
62 (QN/Block) 	Elapsed: 0.033	Loglikelihood: -36415	(delta): 0.0122233
63 (QN/Block) 	Elapsed: 0.031	Loglikelihood: -36415	(delta): 0.012543
64 (QN/Block) 	Elapsed: 0.036	Loglikelihood: -36415	(delta): 0.011149
65 (QN/Block) 	Elapsed: 0.024	Loglikelihood: -36414.9	(delta): 0.0607574
66 (QN/Block) 	Elapsed: 0.023	Loglikelihood: -36414.4	(delta): 0.512348
67 (QN/Block) 	Elapsed: 0.025	Loglikelihood: -36414.3	(delta): 0.084719
68 (QN/Block) 	Elapsed: 0.022	Loglikelihood: -36414.3	(delta): 0.0345118
69 (QN/Block) 	Elapsed: 0.023	Loglikelihood: -36414.3	(delta): 0.0218716
70 (QN/Block) 	Elapsed: 0.021	Loglikelihood: -36414.3	(delta): 0.00106681
71 (QN/Block) 	Elapsed: 0.02	Loglikelihood: -36414.3	(delta): 0.000374674
72 (QN/Block) 	Elapsed: 0.021	Loglikelihood: -36414.3	(delta): 2.32558e-05
73 (QN/Block) 	Elapsed: 0.021	Loglikelihood: -36414.3	(delta): 1.60719e-06
74 (QN/Block) 	Elapsed: 0.021	Loglikelihood: -36414.3	(delta): 1.99638e-07
75 (QN/Block) 	Elapsed: 0.02	Loglikelihood: -36414.3	(delta): 7.51606e-09
76 (QN/Block) 	Elapsed: 0.021	Loglikelihood: -36414.3	(delta): 2.47383e-10
77 (QN/Block) 	Elapsed: 0.022	Loglikelihood: -36414.3	(delta): 1.45519e-11
78 (QN/Block) 	Elapsed: 0.019	Loglikelihood: -36414.3	(delta): 0
79 (QN/Block) 	Elapsed: 0.02	Loglikelihood: -36414.3	(delta): -7.27596e-12
80 (QN/Block) 	Elapsed: 0.026	Loglikelihood: -36414.3	(delta): 7.27596e-12
81 (QN/Block) 	Elapsed: 0.022	Loglikelihood: -36414.3	(delta): 0
82 (QN/Block) 	Elapsed: 0.02	Loglikelihood: -36414.3	(delta): 0
83 (QN/Block) 	Elapsed: 0.023	Loglikelihood: -36414.3	(delta): 0
84 (QN/Block) 	Elapsed: 0.023	Loglikelihood: -36414.3	(delta): 0
85 (QN/Block) 	Elapsed: 0.025	Loglikelihood: -36414.3	(delta): 7.27596e-12
86 (QN/Block) 	Elapsed: 0.024	Loglikelihood: -36414.3	(delta): -7.27596e-12
87 (QN/Block) 	Elapsed: 0.025	Loglikelihood: -36414.3	(delta): 0
88 (QN/Block) 	Elapsed: 0.028	Loglikelihood: -36414.3	(delta): 0
89 (QN/Block) 	Elapsed: 0.031	Loglikelihood: -36414.3	(delta): 7.27596e-12
90 (QN/Block) 	Elapsed: 0.025	Loglikelihood: -36414.3	(delta): -7.27596e-12
91 (QN/Block) 	Elapsed: 0.024	Loglikelihood: -36414.3	(delta): 7.27596e-12
92 (QN/Block) 	Elapsed: 0.021	Loglikelihood: -36414.3	(delta): -7.27596e-12
93 (QN/Block) 	Elapsed: 0.023	Loglikelihood: -36414.3	(delta): 7.27596e-12
94 (QN/Block) 	Elapsed: 0.02	Loglikelihood: -36414.3	(delta): -7.27596e-12
95 (QN/Block) 	Elapsed: 0.023	Loglikelihood: -36414.3	(delta): 0
96 (QN/Block) 	Elapsed: 0.026	Loglikelihood: -36414.3	(delta): 0
97 (QN/Block) 	Elapsed: 0.024	Loglikelihood: -36414.3	(delta): 0
98 (QN/Block) 	Elapsed: 0.026	Loglikelihood: -36414.3	(delta): 0
99 (QN/Block) 	Elapsed: 0.025	Loglikelihood: -36414.3	(delta): 0
100 (QN/Block) 	Elapsed: 0.028	Loglikelihood: -36414.3	(delta): 0
Summary: 
Converged in 100 iterations (2.527 sec)
Loglikelihood: -36414.287210
Fst divergences between estimated populations: 
	Pop0	Pop1	Pop2	Pop3	Pop4	
Pop0	
Pop1	0.207	
Pop2	0.087	0.224	
Pop3	0.057	0.203	0.095	
Pop4	0.203	0.057	0.217	0.199	
Pop5	0.067	0.218	0.097	0.065	0.216	
CV error (K=6): 0.36479
Writing output files.
