****                   ADMIXTURE Version 1.3.0                  ****
****                    Copyright 2008-2015                     ****
****           David Alexander, Suyash Shringarpure,            ****
****                John  Novembre, Ken Lange                   ****
****                                                            ****
****                 Please cite our paper!                     ****
****   Information at www.genetics.ucla.edu/software/admixture  ****

Parallel execution requested.  Will use 8 threads.
Cross-validation will be performed.  Folds=10.
Random seed: 43
Point estimation method: Block relaxation algorithm
Convergence acceleration algorithm: QuasiNewton, 3 secant conditions
Point estimation will terminate at 100 iterations
Estimation of standard errors disabled; will compute point estimates only.
Size of G: 98x940
Performing five EM steps to prime main algorithm
1 (EM) 	Elapsed: 0.017	Loglikelihood: -47019.8	(delta): 79916.7
2 (EM) 	Elapsed: 0.017	Loglikelihood: -43890.8	(delta): 3129.03
3 (EM) 	Elapsed: 0.017	Loglikelihood: -43241.5	(delta): 649.252
4 (EM) 	Elapsed: 0.02	Loglikelihood: -42827.1	(delta): 414.437
5 (EM) 	Elapsed: 0.019	Loglikelihood: -42497.2	(delta): 329.946
Initial loglikelihood: -42497.2
Starting main algorithm
1 (QN/Block) 	Elapsed: 0.033	Loglikelihood: -37382	(delta): 5115.18
2 (QN/Block) 	Elapsed: 0.034	Loglikelihood: -36174.6	(delta): 1207.34
3 (QN/Block) 	Elapsed: 0.032	Loglikelihood: -35666.2	(delta): 508.484
4 (QN/Block) 	Elapsed: 0.032	Loglikelihood: -35337.7	(delta): 328.438
5 (QN/Block) 	Elapsed: 0.035	Loglikelihood: -35185	(delta): 152.733
6 (QN/Block) 	Elapsed: 0.028	Loglikelihood: -35124.1	(delta): 60.9287
7 (QN/Block) 	Elapsed: 0.026	Loglikelihood: -35081.8	(delta): 42.2894
8 (QN/Block) 	Elapsed: 0.023	Loglikelihood: -35059.5	(delta): 22.2342
9 (QN/Block) 	Elapsed: 0.023	Loglikelihood: -35044.3	(delta): 15.2224
10 (QN/Block) 	Elapsed: 0.025	Loglikelihood: -35033.6	(delta): 10.6891
11 (QN/Block) 	Elapsed: 0.042	Loglikelihood: -35022.1	(delta): 11.4897
12 (QN/Block) 	Elapsed: 0.033	Loglikelihood: -35013.5	(delta): 8.62917
13 (QN/Block) 	Elapsed: 0.034	Loglikelihood: -35008.8	(delta): 4.68768
14 (QN/Block) 	Elapsed: 0.036	Loglikelihood: -35000.7	(delta): 8.15604
15 (QN/Block) 	Elapsed: 0.033	Loglikelihood: -34998.3	(delta): 2.37657
16 (QN/Block) 	Elapsed: 0.043	Loglikelihood: -34996.6	(delta): 1.70491
17 (QN/Block) 	Elapsed: 0.037	Loglikelihood: -34994.2	(delta): 2.35315
18 (QN/Block) 	Elapsed: 0.039	Loglikelihood: -34991.8	(delta): 2.41151
19 (QN/Block) 	Elapsed: 0.038	Loglikelihood: -34990.1	(delta): 1.71402
20 (QN/Block) 	Elapsed: 0.036	Loglikelihood: -34989.1	(delta): 1.00247
21 (QN/Block) 	Elapsed: 0.032	Loglikelihood: -34987.8	(delta): 1.30265
22 (QN/Block) 	Elapsed: 0.034	Loglikelihood: -34987.3	(delta): 0.50873
23 (QN/Block) 	Elapsed: 0.03	Loglikelihood: -34987.1	(delta): 0.20987
24 (QN/Block) 	Elapsed: 0.036	Loglikelihood: -34986.2	(delta): 0.883254
25 (QN/Block) 	Elapsed: 0.033	Loglikelihood: -34985.6	(delta): 0.606495
26 (QN/Block) 	Elapsed: 0.03	Loglikelihood: -34984.2	(delta): 1.35824
27 (QN/Block) 	Elapsed: 0.032	Loglikelihood: -34983.1	(delta): 1.0997
28 (QN/Block) 	Elapsed: 0.037	Loglikelihood: -34981.2	(delta): 1.94779
29 (QN/Block) 	Elapsed: 0.036	Loglikelihood: -34979.8	(delta): 1.34073
30 (QN/Block) 	Elapsed: 0.033	Loglikelihood: -34979.7	(delta): 0.128548
31 (QN/Block) 	Elapsed: 0.033	Loglikelihood: -34979.6	(delta): 0.0958973
32 (QN/Block) 	Elapsed: 0.029	Loglikelihood: -34979.6	(delta): 0.0570765
33 (QN/Block) 	Elapsed: 0.029	Loglikelihood: -34979.3	(delta): 0.2738
34 (QN/Block) 	Elapsed: 0.031	Loglikelihood: -34978.9	(delta): 0.376718
35 (QN/Block) 	Elapsed: 0.029	Loglikelihood: -34978.4	(delta): 0.459192
36 (QN/Block) 	Elapsed: 0.033	Loglikelihood: -34978.4	(delta): 0.041408
37 (QN/Block) 	Elapsed: 0.033	Loglikelihood: -34978.4	(delta): 0.0344873
38 (QN/Block) 	Elapsed: 0.033	Loglikelihood: -34978.4	(delta): 0.0157954
39 (QN/Block) 	Elapsed: 0.034	Loglikelihood: -34978.3	(delta): 0.0280244
40 (QN/Block) 	Elapsed: 0.04	Loglikelihood: -34978.3	(delta): 0.0430459
41 (QN/Block) 	Elapsed: 0.04	Loglikelihood: -34978.1	(delta): 0.154548
42 (QN/Block) 	Elapsed: 0.039	Loglikelihood: -34978.1	(delta): 0.0588594
43 (QN/Block) 	Elapsed: 0.035	Loglikelihood: -34978	(delta): 0.0422333
44 (QN/Block) 	Elapsed: 0.032	Loglikelihood: -34978	(delta): 0.0181993
45 (QN/Block) 	Elapsed: 0.031	Loglikelihood: -34978	(delta): 0.0126144
46 (QN/Block) 	Elapsed: 0.026	Loglikelihood: -34978	(delta): 0.0242069
47 (QN/Block) 	Elapsed: 0.037	Loglikelihood: -34978	(delta): 0.017491
48 (QN/Block) 	Elapsed: 0.034	Loglikelihood: -34977.9	(delta): 0.0185081
49 (QN/Block) 	Elapsed: 0.033	Loglikelihood: -34977.9	(delta): 0.0160572
50 (QN/Block) 	Elapsed: 0.036	Loglikelihood: -34977.9	(delta): 0.0306277
51 (QN/Block) 	Elapsed: 0.037	Loglikelihood: -34977.8	(delta): 0.0743958
52 (QN/Block) 	Elapsed: 0.035	Loglikelihood: -34977.6	(delta): 0.187892
53 (QN/Block) 	Elapsed: 0.036	Loglikelihood: -34977.1	(delta): 0.539191
54 (QN/Block) 	Elapsed: 0.036	Loglikelihood: -34975.7	(delta): 1.36949
55 (QN/Block) 	Elapsed: 0.032	Loglikelihood: -34972.4	(delta): 3.28492
56 (QN/Block) 	Elapsed: 0.032	Loglikelihood: -34971.7	(delta): 0.733449
57 (QN/Block) 	Elapsed: 0.032	Loglikelihood: -34970.4	(delta): 1.29985
58 (QN/Block) 	Elapsed: 0.03	Loglikelihood: -34965.6	(delta): 4.76138
59 (QN/Block) 	Elapsed: 0.031	Loglikelihood: -34959.8	(delta): 5.84249
60 (QN/Block) 	Elapsed: 0.03	Loglikelihood: -34958.6	(delta): 1.21853
61 (QN/Block) 	Elapsed: 0.038	Loglikelihood: -34956	(delta): 2.58917
62 (QN/Block) 	Elapsed: 0.035	Loglikelihood: -34955.9	(delta): 0.0622982
63 (QN/Block) 	Elapsed: 0.033	Loglikelihood: -34955.9	(delta): 0.0234177
64 (QN/Block) 	Elapsed: 0.036	Loglikelihood: -34955.9	(delta): 0.00436169
65 (QN/Block) 	Elapsed: 0.03	Loglikelihood: -34955.9	(delta): 0.00101666
66 (QN/Block) 	Elapsed: 0.035	Loglikelihood: -34955.9	(delta): 8.49964e-05
67 (QN/Block) 	Elapsed: 0.034	Loglikelihood: -34955.9	(delta): 4.44325e-05
68 (QN/Block) 	Elapsed: 0.032	Loglikelihood: -34955.9	(delta): 5.33915e-05
69 (QN/Block) 	Elapsed: 0.03	Loglikelihood: -34955.9	(delta): 6.76699e-05
70 (QN/Block) 	Elapsed: 0.032	Loglikelihood: -34955.9	(delta): 8.66397e-05
71 (QN/Block) 	Elapsed: 0.039	Loglikelihood: -34955.9	(delta): 0.000111696
72 (QN/Block) 	Elapsed: 0.035	Loglikelihood: -34955.9	(delta): 0.000145002
73 (QN/Block) 	Elapsed: 0.031	Loglikelihood: -34955.9	(delta): 0.000189688
74 (QN/Block) 	Elapsed: 0.035	Loglikelihood: -34955.9	(delta): 0.000250306
75 (QN/Block) 	Elapsed: 0.037	Loglikelihood: -34955.9	(delta): 0.000231678
76 (QN/Block) 	Elapsed: 0.042	Loglikelihood: -34955.9	(delta): 1.72619e-05
77 (QN/Block) 	Elapsed: 0.032	Loglikelihood: -34955.9	(delta): 3.69945e-06
78 (QN/Block) 	Elapsed: 0.033	Loglikelihood: -34955.9	(delta): 2.47805e-07
79 (QN/Block) 	Elapsed: 0.031	Loglikelihood: -34955.9	(delta): 8.5638e-09
80 (QN/Block) 	Elapsed: 0.03	Loglikelihood: -34955.9	(delta): 7.567e-10
81 (QN/Block) 	Elapsed: 0.035	Loglikelihood: -34955.9	(delta): 2.91038e-11
82 (QN/Block) 	Elapsed: 0.033	Loglikelihood: -34955.9	(delta): 7.27596e-12
83 (QN/Block) 	Elapsed: 0.028	Loglikelihood: -34955.9	(delta): 0
84 (QN/Block) 	Elapsed: 0.033	Loglikelihood: -34955.9	(delta): 0
85 (QN/Block) 	Elapsed: 0.029	Loglikelihood: -34955.9	(delta): 7.27596e-12
86 (QN/Block) 	Elapsed: 0.036	Loglikelihood: -34955.9	(delta): -7.27596e-12
87 (QN/Block) 	Elapsed: 0.032	Loglikelihood: -34955.9	(delta): 0
88 (QN/Block) 	Elapsed: 0.037	Loglikelihood: -34955.9	(delta): 0
89 (QN/Block) 	Elapsed: 0.033	Loglikelihood: -34955.9	(delta): 0
90 (QN/Block) 	Elapsed: 0.033	Loglikelihood: -34955.9	(delta): 0
91 (QN/Block) 	Elapsed: 0.034	Loglikelihood: -34955.9	(delta): 0
92 (QN/Block) 	Elapsed: 0.032	Loglikelihood: -34955.9	(delta): 0
93 (QN/Block) 	Elapsed: 0.033	Loglikelihood: -34955.9	(delta): 0
94 (QN/Block) 	Elapsed: 0.031	Loglikelihood: -34955.9	(delta): -7.27596e-12
95 (QN/Block) 	Elapsed: 0.03	Loglikelihood: -34955.9	(delta): 0
96 (QN/Block) 	Elapsed: 0.026	Loglikelihood: -34955.9	(delta): 7.27596e-12
97 (QN/Block) 	Elapsed: 0.035	Loglikelihood: -34955.9	(delta): 0
98 (QN/Block) 	Elapsed: 0.035	Loglikelihood: -34955.9	(delta): 0
99 (QN/Block) 	Elapsed: 0.035	Loglikelihood: -34955.9	(delta): 0
100 (QN/Block) 	Elapsed: 0.036	Loglikelihood: -34955.9	(delta): 0
Summary: 
Converged in 100 iterations (3.545 sec)
Loglikelihood: -34955.893416
Fst divergences between estimated populations: 
	Pop0	Pop1	Pop2	Pop3	Pop4	Pop5	Pop6	Pop7	Pop8	
Pop0	
Pop1	0.096	
Pop2	0.069	0.084	
Pop3	0.274	0.284	0.292	
Pop4	0.070	0.096	0.074	0.284	
Pop5	0.224	0.227	0.236	0.171	0.225	
Pop6	0.085	0.095	0.088	0.283	0.080	0.228	
Pop7	0.222	0.231	0.235	0.153	0.225	0.120	0.225	
Pop8	0.241	0.248	0.257	0.168	0.246	0.140	0.246	0.122	
Pop9	0.221	0.230	0.232	0.143	0.226	0.106	0.231	0.090	0.101	
CV error (K=10): 0.43699
Writing output files.
