****                   ADMIXTURE Version 1.3.0                  ****
****                    Copyright 2008-2015                     ****
****           David Alexander, Suyash Shringarpure,            ****
****                John  Novembre, Ken Lange                   ****
****                                                            ****
****                 Please cite our paper!                     ****
****   Information at www.genetics.ucla.edu/software/admixture  ****

Parallel execution requested.  Will use 8 threads.
Cross-validation will be performed.  Folds=10.
Random seed: 43
Point estimation method: Block relaxation algorithm
Convergence acceleration algorithm: QuasiNewton, 3 secant conditions
Point estimation will terminate at 100 iterations
Estimation of standard errors disabled; will compute point estimates only.
Size of G: 98x940
Performing five EM steps to prime main algorithm
1 (EM) 	Elapsed: 0.007	Loglikelihood: -46870.8	(delta): 86759.9
2 (EM) 	Elapsed: 0.007	Loglikelihood: -44017.1	(delta): 2853.64
3 (EM) 	Elapsed: 0.007	Loglikelihood: -43443.2	(delta): 573.993
4 (EM) 	Elapsed: 0.007	Loglikelihood: -43096.7	(delta): 346.404
5 (EM) 	Elapsed: 0.007	Loglikelihood: -42848.4	(delta): 248.306
Initial loglikelihood: -42848.4
Starting main algorithm
1 (QN/Block) 	Elapsed: 0.012	Loglikelihood: -38726	(delta): 4122.41
2 (QN/Block) 	Elapsed: 0.013	Loglikelihood: -37691.3	(delta): 1034.76
3 (QN/Block) 	Elapsed: 0.016	Loglikelihood: -37270.4	(delta): 420.863
4 (QN/Block) 	Elapsed: 0.015	Loglikelihood: -37066.1	(delta): 204.329
5 (QN/Block) 	Elapsed: 0.014	Loglikelihood: -36974	(delta): 92.0836
6 (QN/Block) 	Elapsed: 0.014	Loglikelihood: -36939.3	(delta): 34.698
7 (QN/Block) 	Elapsed: 0.014	Loglikelihood: -36919.2	(delta): 20.1205
8 (QN/Block) 	Elapsed: 0.013	Loglikelihood: -36908.7	(delta): 10.5014
9 (QN/Block) 	Elapsed: 0.013	Loglikelihood: -36899.4	(delta): 9.28319
10 (QN/Block) 	Elapsed: 0.013	Loglikelihood: -36895.9	(delta): 3.47633
11 (QN/Block) 	Elapsed: 0.015	Loglikelihood: -36892.9	(delta): 3.0071
12 (QN/Block) 	Elapsed: 0.013	Loglikelihood: -36891.9	(delta): 0.984376
13 (QN/Block) 	Elapsed: 0.013	Loglikelihood: -36891.3	(delta): 0.638024
14 (QN/Block) 	Elapsed: 0.014	Loglikelihood: -36890.1	(delta): 1.21967
15 (QN/Block) 	Elapsed: 0.015	Loglikelihood: -36888.8	(delta): 1.22562
16 (QN/Block) 	Elapsed: 0.014	Loglikelihood: -36887.8	(delta): 1.06811
17 (QN/Block) 	Elapsed: 0.014	Loglikelihood: -36887.3	(delta): 0.504278
18 (QN/Block) 	Elapsed: 0.015	Loglikelihood: -36887.1	(delta): 0.182102
19 (QN/Block) 	Elapsed: 0.014	Loglikelihood: -36887.1	(delta): 0.023853
20 (QN/Block) 	Elapsed: 0.012	Loglikelihood: -36887.1	(delta): 0.00653275
21 (QN/Block) 	Elapsed: 0.013	Loglikelihood: -36887.1	(delta): 0.00168081
22 (QN/Block) 	Elapsed: 0.014	Loglikelihood: -36887.1	(delta): 0.00792698
23 (QN/Block) 	Elapsed: 0.016	Loglikelihood: -36887	(delta): 0.0150252
24 (QN/Block) 	Elapsed: 0.017	Loglikelihood: -36887	(delta): 0.0253746
25 (QN/Block) 	Elapsed: 0.017	Loglikelihood: -36887	(delta): 0.0518647
26 (QN/Block) 	Elapsed: 0.018	Loglikelihood: -36886.9	(delta): 0.055554
27 (QN/Block) 	Elapsed: 0.016	Loglikelihood: -36886.8	(delta): 0.083161
28 (QN/Block) 	Elapsed: 0.016	Loglikelihood: -36886.6	(delta): 0.206386
29 (QN/Block) 	Elapsed: 0.019	Loglikelihood: -36886.4	(delta): 0.19858
30 (QN/Block) 	Elapsed: 0.02	Loglikelihood: -36886.2	(delta): 0.242944
31 (QN/Block) 	Elapsed: 0.019	Loglikelihood: -36885.8	(delta): 0.416746
32 (QN/Block) 	Elapsed: 0.019	Loglikelihood: -36885.2	(delta): 0.560991
33 (QN/Block) 	Elapsed: 0.02	Loglikelihood: -36884.7	(delta): 0.52901
34 (QN/Block) 	Elapsed: 0.018	Loglikelihood: -36884.5	(delta): 0.20951
35 (QN/Block) 	Elapsed: 0.026	Loglikelihood: -36884.4	(delta): 0.035585
36 (QN/Block) 	Elapsed: 0.02	Loglikelihood: -36884.4	(delta): 0.0130928
37 (QN/Block) 	Elapsed: 0.021	Loglikelihood: -36884.4	(delta): 0.0131875
38 (QN/Block) 	Elapsed: 0.027	Loglikelihood: -36884.4	(delta): 0.0291916
39 (QN/Block) 	Elapsed: 0.033	Loglikelihood: -36884.3	(delta): 0.0476207
40 (QN/Block) 	Elapsed: 0.024	Loglikelihood: -36884.3	(delta): 0.0556117
41 (QN/Block) 	Elapsed: 0.026	Loglikelihood: -36884.2	(delta): 0.026185
42 (QN/Block) 	Elapsed: 0.019	Loglikelihood: -36884.2	(delta): 0.0117606
43 (QN/Block) 	Elapsed: 0.018	Loglikelihood: -36884.2	(delta): 0.048755
44 (QN/Block) 	Elapsed: 0.022	Loglikelihood: -36884.1	(delta): 0.126457
45 (QN/Block) 	Elapsed: 0.022	Loglikelihood: -36884	(delta): 0.0312831
46 (QN/Block) 	Elapsed: 0.017	Loglikelihood: -36884	(delta): 0.0206442
47 (QN/Block) 	Elapsed: 0.018	Loglikelihood: -36884	(delta): 0.0114326
48 (QN/Block) 	Elapsed: 0.018	Loglikelihood: -36884	(delta): 0.00214461
49 (QN/Block) 	Elapsed: 0.015	Loglikelihood: -36884	(delta): 0.000501459
50 (QN/Block) 	Elapsed: 0.016	Loglikelihood: -36884	(delta): 8.27215e-05
51 (QN/Block) 	Elapsed: 0.018	Loglikelihood: -36884	(delta): 1.0661e-05
52 (QN/Block) 	Elapsed: 0.02	Loglikelihood: -36884	(delta): 2.70987e-06
53 (QN/Block) 	Elapsed: 0.018	Loglikelihood: -36884	(delta): 6.62672e-07
54 (QN/Block) 	Elapsed: 0.02	Loglikelihood: -36884	(delta): 2.97507e-07
55 (QN/Block) 	Elapsed: 0.018	Loglikelihood: -36884	(delta): 8.45539e-08
56 (QN/Block) 	Elapsed: 0.019	Loglikelihood: -36884	(delta): 1.00263e-08
57 (QN/Block) 	Elapsed: 0.018	Loglikelihood: -36884	(delta): 1.49157e-09
58 (QN/Block) 	Elapsed: 0.017	Loglikelihood: -36884	(delta): 1.38243e-10
59 (QN/Block) 	Elapsed: 0.022	Loglikelihood: -36884	(delta): 7.27596e-12
60 (QN/Block) 	Elapsed: 0.019	Loglikelihood: -36884	(delta): 7.27596e-12
61 (QN/Block) 	Elapsed: 0.019	Loglikelihood: -36884	(delta): 7.27596e-12
62 (QN/Block) 	Elapsed: 0.019	Loglikelihood: -36884	(delta): -7.27596e-12
63 (QN/Block) 	Elapsed: 0.019	Loglikelihood: -36884	(delta): 0
64 (QN/Block) 	Elapsed: 0.02	Loglikelihood: -36884	(delta): 7.27596e-12
65 (QN/Block) 	Elapsed: 0.033	Loglikelihood: -36884	(delta): -1.45519e-11
66 (QN/Block) 	Elapsed: 0.022	Loglikelihood: -36884	(delta): 7.27596e-12
67 (QN/Block) 	Elapsed: 0.025	Loglikelihood: -36884	(delta): 0
68 (QN/Block) 	Elapsed: 0.02	Loglikelihood: -36884	(delta): -7.27596e-12
69 (QN/Block) 	Elapsed: 0.019	Loglikelihood: -36884	(delta): 0
70 (QN/Block) 	Elapsed: 0.019	Loglikelihood: -36884	(delta): 7.27596e-12
71 (QN/Block) 	Elapsed: 0.017	Loglikelihood: -36884	(delta): -7.27596e-12
72 (QN/Block) 	Elapsed: 0.017	Loglikelihood: -36884	(delta): 1.45519e-11
73 (QN/Block) 	Elapsed: 0.016	Loglikelihood: -36884	(delta): -7.27596e-12
74 (QN/Block) 	Elapsed: 0.018	Loglikelihood: -36884	(delta): 0
75 (QN/Block) 	Elapsed: 0.019	Loglikelihood: -36884	(delta): 7.27596e-12
76 (QN/Block) 	Elapsed: 0.02	Loglikelihood: -36884	(delta): -7.27596e-12
77 (QN/Block) 	Elapsed: 0.032	Loglikelihood: -36884	(delta): 7.27596e-12
78 (QN/Block) 	Elapsed: 0.019	Loglikelihood: -36884	(delta): -7.27596e-12
79 (QN/Block) 	Elapsed: 0.037	Loglikelihood: -36884	(delta): 0
80 (QN/Block) 	Elapsed: 0.023	Loglikelihood: -36884	(delta): -7.27596e-12
81 (QN/Block) 	Elapsed: 0.019	Loglikelihood: -36884	(delta): 7.27596e-12
82 (QN/Block) 	Elapsed: 0.021	Loglikelihood: -36884	(delta): 0
83 (QN/Block) 	Elapsed: 0.025	Loglikelihood: -36884	(delta): -7.27596e-12
84 (QN/Block) 	Elapsed: 0.02	Loglikelihood: -36884	(delta): 0
85 (QN/Block) 	Elapsed: 0.029	Loglikelihood: -36884	(delta): 0
86 (QN/Block) 	Elapsed: 0.018	Loglikelihood: -36884	(delta): 7.27596e-12
87 (QN/Block) 	Elapsed: 0.019	Loglikelihood: -36884	(delta): 0
88 (QN/Block) 	Elapsed: 0.02	Loglikelihood: -36884	(delta): 0
89 (QN/Block) 	Elapsed: 0.02	Loglikelihood: -36884	(delta): 0
90 (QN/Block) 	Elapsed: 0.018	Loglikelihood: -36884	(delta): 0
91 (QN/Block) 	Elapsed: 0.015	Loglikelihood: -36884	(delta): 0
92 (QN/Block) 	Elapsed: 0.03	Loglikelihood: -36884	(delta): 0
93 (QN/Block) 	Elapsed: 0.021	Loglikelihood: -36884	(delta): -7.27596e-12
94 (QN/Block) 	Elapsed: 0.021	Loglikelihood: -36884	(delta): 7.27596e-12
95 (QN/Block) 	Elapsed: 0.019	Loglikelihood: -36884	(delta): 7.27596e-12
96 (QN/Block) 	Elapsed: 0.021	Loglikelihood: -36884	(delta): 0
97 (QN/Block) 	Elapsed: 0.021	Loglikelihood: -36884	(delta): -7.27596e-12
98 (QN/Block) 	Elapsed: 0.018	Loglikelihood: -36884	(delta): -7.27596e-12
99 (QN/Block) 	Elapsed: 0.018	Loglikelihood: -36884	(delta): 1.45519e-11
100 (QN/Block) 	Elapsed: 0.018	Loglikelihood: -36884	(delta): -7.27596e-12
Summary: 
Converged in 100 iterations (2.042 sec)
Loglikelihood: -36883.985804
Fst divergences between estimated populations: 
	Pop0	Pop1	Pop2	Pop3	
Pop0	
Pop1	0.195	
Pop2	0.055	0.205	
Pop3	0.205	0.070	0.216	
Pop4	0.105	0.235	0.104	0.244	
CV error (K=5): 0.34992
Writing output files.
