****                   ADMIXTURE Version 1.3.0                  ****
****                    Copyright 2008-2015                     ****
****           David Alexander, Suyash Shringarpure,            ****
****                John  Novembre, Ken Lange                   ****
****                                                            ****
****                 Please cite our paper!                     ****
****   Information at www.genetics.ucla.edu/software/admixture  ****

Parallel execution requested.  Will use 8 threads.
Cross-validation will be performed.  Folds=10.
Random seed: 43
Point estimation method: Block relaxation algorithm
Convergence acceleration algorithm: QuasiNewton, 3 secant conditions
Point estimation will terminate at 100 iterations
Estimation of standard errors disabled; will compute point estimates only.
Size of G: 121x1282
Performing five EM steps to prime main algorithm
1 (EM) 	Elapsed: 0.014	Loglikelihood: -105586	(delta): 112172
2 (EM) 	Elapsed: 0.013	Loglikelihood: -100440	(delta): 5146.49
3 (EM) 	Elapsed: 0.013	Loglikelihood: -98715.9	(delta): 1723.95
4 (EM) 	Elapsed: 0.013	Loglikelihood: -97112.2	(delta): 1603.73
5 (EM) 	Elapsed: 0.014	Loglikelihood: -95177.6	(delta): 1934.52
Initial loglikelihood: -95177.6
Starting main algorithm
1 (QN/Block) 	Elapsed: 0.02	Loglikelihood: -66779.8	(delta): 28397.9
2 (QN/Block) 	Elapsed: 0.021	Loglikelihood: -61861.6	(delta): 4918.13
3 (QN/Block) 	Elapsed: 0.023	Loglikelihood: -60144.6	(delta): 1717.01
4 (QN/Block) 	Elapsed: 0.023	Loglikelihood: -58995.1	(delta): 1149.51
5 (QN/Block) 	Elapsed: 0.03	Loglikelihood: -58474.5	(delta): 520.644
6 (QN/Block) 	Elapsed: 0.027	Loglikelihood: -58335	(delta): 139.416
7 (QN/Block) 	Elapsed: 0.031	Loglikelihood: -58284.1	(delta): 50.9563
8 (QN/Block) 	Elapsed: 0.029	Loglikelihood: -58270.5	(delta): 13.556
9 (QN/Block) 	Elapsed: 0.026	Loglikelihood: -58264.6	(delta): 5.95593
10 (QN/Block) 	Elapsed: 0.025	Loglikelihood: -58262.8	(delta): 1.80744
11 (QN/Block) 	Elapsed: 0.027	Loglikelihood: -58262.3	(delta): 0.513241
12 (QN/Block) 	Elapsed: 0.028	Loglikelihood: -58261.9	(delta): 0.309709
13 (QN/Block) 	Elapsed: 0.027	Loglikelihood: -58261.4	(delta): 0.588174
14 (QN/Block) 	Elapsed: 0.029	Loglikelihood: -58261.1	(delta): 0.225932
15 (QN/Block) 	Elapsed: 0.03	Loglikelihood: -58261	(delta): 0.0981938
16 (QN/Block) 	Elapsed: 0.033	Loglikelihood: -58261	(delta): 0.0546745
17 (QN/Block) 	Elapsed: 0.027	Loglikelihood: -58261	(delta): 0.019353
18 (QN/Block) 	Elapsed: 0.026	Loglikelihood: -58260.9	(delta): 0.0103498
19 (QN/Block) 	Elapsed: 0.023	Loglikelihood: -58260.9	(delta): 0.00414587
20 (QN/Block) 	Elapsed: 0.029	Loglikelihood: -58260.9	(delta): 0.00583175
21 (QN/Block) 	Elapsed: 0.025	Loglikelihood: -58260.9	(delta): 0.00394347
22 (QN/Block) 	Elapsed: 0.03	Loglikelihood: -58260.9	(delta): 0.00610308
23 (QN/Block) 	Elapsed: 0.026	Loglikelihood: -58260.9	(delta): 0.00973777
24 (QN/Block) 	Elapsed: 0.029	Loglikelihood: -58260.9	(delta): 0.0154821
25 (QN/Block) 	Elapsed: 0.03	Loglikelihood: -58260.9	(delta): 0.0245268
26 (QN/Block) 	Elapsed: 0.028	Loglikelihood: -58260.8	(delta): 0.0385749
27 (QN/Block) 	Elapsed: 0.024	Loglikelihood: -58260.8	(delta): 0.0601502
28 (QN/Block) 	Elapsed: 0.031	Loglikelihood: -58260.7	(delta): 0.0930514
29 (QN/Block) 	Elapsed: 0.03	Loglikelihood: -58260.5	(delta): 0.143232
30 (QN/Block) 	Elapsed: 0.03	Loglikelihood: -58260.3	(delta): 0.219827
31 (QN/Block) 	Elapsed: 0.029	Loglikelihood: -58260.1	(delta): 0.242701
32 (QN/Block) 	Elapsed: 0.03	Loglikelihood: -58260.1	(delta): 0.00364158
33 (QN/Block) 	Elapsed: 0.026	Loglikelihood: -58260.1	(delta): 0.00142689
34 (QN/Block) 	Elapsed: 0.027	Loglikelihood: -58260.1	(delta): 0.000224736
35 (QN/Block) 	Elapsed: 0.025	Loglikelihood: -58260.1	(delta): 5.80097e-05
36 (QN/Block) 	Elapsed: 0.025	Loglikelihood: -58260.1	(delta): 2.7677e-07
37 (QN/Block) 	Elapsed: 0.025	Loglikelihood: -58260.1	(delta): 6.82558e-08
38 (QN/Block) 	Elapsed: 0.026	Loglikelihood: -58260.1	(delta): 2.1304e-08
39 (QN/Block) 	Elapsed: 0.028	Loglikelihood: -58260.1	(delta): 4.13274e-09
40 (QN/Block) 	Elapsed: 0.031	Loglikelihood: -58260.1	(delta): 3.4197e-10
41 (QN/Block) 	Elapsed: 0.031	Loglikelihood: -58260.1	(delta): 2.91038e-11
42 (QN/Block) 	Elapsed: 0.03	Loglikelihood: -58260.1	(delta): 7.27596e-12
43 (QN/Block) 	Elapsed: 0.026	Loglikelihood: -58260.1	(delta): -7.27596e-12
44 (QN/Block) 	Elapsed: 0.029	Loglikelihood: -58260.1	(delta): 0
45 (QN/Block) 	Elapsed: 0.031	Loglikelihood: -58260.1	(delta): 0
46 (QN/Block) 	Elapsed: 0.03	Loglikelihood: -58260.1	(delta): 7.27596e-12
47 (QN/Block) 	Elapsed: 0.031	Loglikelihood: -58260.1	(delta): 7.27596e-12
48 (QN/Block) 	Elapsed: 0.033	Loglikelihood: -58260.1	(delta): 0
49 (QN/Block) 	Elapsed: 0.032	Loglikelihood: -58260.1	(delta): -7.27596e-12
50 (QN/Block) 	Elapsed: 0.032	Loglikelihood: -58260.1	(delta): 7.27596e-12
51 (QN/Block) 	Elapsed: 0.032	Loglikelihood: -58260.1	(delta): -7.27596e-12
52 (QN/Block) 	Elapsed: 0.03	Loglikelihood: -58260.1	(delta): 0
53 (QN/Block) 	Elapsed: 0.032	Loglikelihood: -58260.1	(delta): 0
54 (QN/Block) 	Elapsed: 0.031	Loglikelihood: -58260.1	(delta): 1.45519e-11
55 (QN/Block) 	Elapsed: 0.031	Loglikelihood: -58260.1	(delta): -7.27596e-12
56 (QN/Block) 	Elapsed: 0.034	Loglikelihood: -58260.1	(delta): 0
57 (QN/Block) 	Elapsed: 0.028	Loglikelihood: -58260.1	(delta): 7.27596e-12
58 (QN/Block) 	Elapsed: 0.03	Loglikelihood: -58260.1	(delta): -7.27596e-12
59 (QN/Block) 	Elapsed: 0.028	Loglikelihood: -58260.1	(delta): 7.27596e-12
60 (QN/Block) 	Elapsed: 0.026	Loglikelihood: -58260.1	(delta): -7.27596e-12
61 (QN/Block) 	Elapsed: 0.029	Loglikelihood: -58260.1	(delta): -7.27596e-12
62 (QN/Block) 	Elapsed: 0.029	Loglikelihood: -58260.1	(delta): 1.45519e-11
63 (QN/Block) 	Elapsed: 0.029	Loglikelihood: -58260.1	(delta): -1.45519e-11
64 (QN/Block) 	Elapsed: 0.031	Loglikelihood: -58260.1	(delta): 1.45519e-11
65 (QN/Block) 	Elapsed: 0.025	Loglikelihood: -58260.1	(delta): 0
66 (QN/Block) 	Elapsed: 0.025	Loglikelihood: -58260.1	(delta): 0
67 (QN/Block) 	Elapsed: 0.026	Loglikelihood: -58260.1	(delta): 0
68 (QN/Block) 	Elapsed: 0.032	Loglikelihood: -58260.1	(delta): 0
69 (QN/Block) 	Elapsed: 0.031	Loglikelihood: -58260.1	(delta): -7.27596e-12
70 (QN/Block) 	Elapsed: 0.031	Loglikelihood: -58260.1	(delta): 0
71 (QN/Block) 	Elapsed: 0.032	Loglikelihood: -58260.1	(delta): 7.27596e-12
72 (QN/Block) 	Elapsed: 0.032	Loglikelihood: -58260.1	(delta): 0
73 (QN/Block) 	Elapsed: 0.032	Loglikelihood: -58260.1	(delta): 0
74 (QN/Block) 	Elapsed: 0.032	Loglikelihood: -58260.1	(delta): 1.45519e-11
75 (QN/Block) 	Elapsed: 0.031	Loglikelihood: -58260.1	(delta): -1.45519e-11
76 (QN/Block) 	Elapsed: 0.03	Loglikelihood: -58260.1	(delta): 7.27596e-12
77 (QN/Block) 	Elapsed: 0.031	Loglikelihood: -58260.1	(delta): -7.27596e-12
78 (QN/Block) 	Elapsed: 0.029	Loglikelihood: -58260.1	(delta): -1.45519e-11
79 (QN/Block) 	Elapsed: 0.026	Loglikelihood: -58260.1	(delta): 2.91038e-11
80 (QN/Block) 	Elapsed: 0.026	Loglikelihood: -58260.1	(delta): -2.18279e-11
81 (QN/Block) 	Elapsed: 0.024	Loglikelihood: -58260.1	(delta): 7.27596e-12
82 (QN/Block) 	Elapsed: 0.03	Loglikelihood: -58260.1	(delta): 0
83 (QN/Block) 	Elapsed: 0.031	Loglikelihood: -58260.1	(delta): 0
84 (QN/Block) 	Elapsed: 0.031	Loglikelihood: -58260.1	(delta): -7.27596e-12
85 (QN/Block) 	Elapsed: 0.03	Loglikelihood: -58260.1	(delta): 7.27596e-12
86 (QN/Block) 	Elapsed: 0.031	Loglikelihood: -58260.1	(delta): 0
87 (QN/Block) 	Elapsed: 0.033	Loglikelihood: -58260.1	(delta): 0
88 (QN/Block) 	Elapsed: 0.033	Loglikelihood: -58260.1	(delta): 0
89 (QN/Block) 	Elapsed: 0.032	Loglikelihood: -58260.1	(delta): 0
90 (QN/Block) 	Elapsed: 0.033	Loglikelihood: -58260.1	(delta): 0
91 (QN/Block) 	Elapsed: 0.033	Loglikelihood: -58260.1	(delta): 0
92 (QN/Block) 	Elapsed: 0.032	Loglikelihood: -58260.1	(delta): 0
93 (QN/Block) 	Elapsed: 0.031	Loglikelihood: -58260.1	(delta): 0
94 (QN/Block) 	Elapsed: 0.032	Loglikelihood: -58260.1	(delta): 0
95 (QN/Block) 	Elapsed: 0.036	Loglikelihood: -58260.1	(delta): 0
96 (QN/Block) 	Elapsed: 0.03	Loglikelihood: -58260.1	(delta): 1.45519e-11
97 (QN/Block) 	Elapsed: 0.028	Loglikelihood: -58260.1	(delta): -1.45519e-11
98 (QN/Block) 	Elapsed: 0.023	Loglikelihood: -58260.1	(delta): 0
99 (QN/Block) 	Elapsed: 0.028	Loglikelihood: -58260.1	(delta): -7.27596e-12
100 (QN/Block) 	Elapsed: 0.031	Loglikelihood: -58260.1	(delta): 1.45519e-11
Summary: 
Converged in 100 iterations (3.093 sec)
Loglikelihood: -58260.074367
Fst divergences between estimated populations: 
	Pop0	Pop1	Pop2	Pop3	Pop4	
Pop0	
Pop1	0.598	
Pop2	0.162	0.559	
Pop3	0.565	0.216	0.527	
Pop4	0.499	0.426	0.463	0.394	
Pop5	0.603	0.246	0.569	0.209	0.434	
CV error (K=6): 0.42896
Writing output files.
