****                   ADMIXTURE Version 1.3.0                  ****
****                    Copyright 2008-2015                     ****
****           David Alexander, Suyash Shringarpure,            ****
****                John  Novembre, Ken Lange                   ****
****                                                            ****
****                 Please cite our paper!                     ****
****   Information at www.genetics.ucla.edu/software/admixture  ****

Parallel execution requested.  Will use 8 threads.
Cross-validation will be performed.  Folds=10.
Random seed: 43
Point estimation method: Block relaxation algorithm
Convergence acceleration algorithm: QuasiNewton, 3 secant conditions
Point estimation will terminate at 100 iterations
Estimation of standard errors disabled; will compute point estimates only.
Size of G: 121x1282
Performing five EM steps to prime main algorithm
1 (EM) 	Elapsed: 0.02	Loglikelihood: -105853	(delta): 107495
2 (EM) 	Elapsed: 0.019	Loglikelihood: -100692	(delta): 5161.33
3 (EM) 	Elapsed: 0.018	Loglikelihood: -99331.3	(delta): 1360.76
4 (EM) 	Elapsed: 0.021	Loglikelihood: -98281.4	(delta): 1049.88
5 (EM) 	Elapsed: 0.019	Loglikelihood: -97190	(delta): 1091.41
Initial loglikelihood: -97190
Starting main algorithm
1 (QN/Block) 	Elapsed: 0.033	Loglikelihood: -66227	(delta): 30963
2 (QN/Block) 	Elapsed: 0.031	Loglikelihood: -60948.8	(delta): 5278.19
3 (QN/Block) 	Elapsed: 0.035	Loglikelihood: -58805.7	(delta): 2143.1
4 (QN/Block) 	Elapsed: 0.033	Loglikelihood: -57676	(delta): 1129.73
5 (QN/Block) 	Elapsed: 0.039	Loglikelihood: -57116.3	(delta): 559.679
6 (QN/Block) 	Elapsed: 0.037	Loglikelihood: -56828.4	(delta): 287.961
7 (QN/Block) 	Elapsed: 0.039	Loglikelihood: -56676.4	(delta): 151.964
8 (QN/Block) 	Elapsed: 0.036	Loglikelihood: -56613.5	(delta): 62.9043
9 (QN/Block) 	Elapsed: 0.035	Loglikelihood: -56531.9	(delta): 81.5757
10 (QN/Block) 	Elapsed: 0.034	Loglikelihood: -56479	(delta): 52.9621
11 (QN/Block) 	Elapsed: 0.035	Loglikelihood: -56421.9	(delta): 57.0734
12 (QN/Block) 	Elapsed: 0.039	Loglikelihood: -56394	(delta): 27.8855
13 (QN/Block) 	Elapsed: 0.032	Loglikelihood: -56383.2	(delta): 10.8358
14 (QN/Block) 	Elapsed: 0.03	Loglikelihood: -56376.9	(delta): 6.25588
15 (QN/Block) 	Elapsed: 0.027	Loglikelihood: -56376.5	(delta): 0.353038
16 (QN/Block) 	Elapsed: 0.029	Loglikelihood: -56376.4	(delta): 0.188538
17 (QN/Block) 	Elapsed: 0.038	Loglikelihood: -56376.3	(delta): 0.108318
18 (QN/Block) 	Elapsed: 0.037	Loglikelihood: -56376.2	(delta): 0.0263194
19 (QN/Block) 	Elapsed: 0.036	Loglikelihood: -56376.2	(delta): 0.0400464
20 (QN/Block) 	Elapsed: 0.036	Loglikelihood: -56376.2	(delta): 0.0364566
21 (QN/Block) 	Elapsed: 0.035	Loglikelihood: -56376.1	(delta): 0.00692265
22 (QN/Block) 	Elapsed: 0.037	Loglikelihood: -56376.1	(delta): 0.00415329
23 (QN/Block) 	Elapsed: 0.04	Loglikelihood: -56376.1	(delta): 0.00136373
24 (QN/Block) 	Elapsed: 0.035	Loglikelihood: -56376.1	(delta): 0.000587173
25 (QN/Block) 	Elapsed: 0.035	Loglikelihood: -56376.1	(delta): 0.000511624
26 (QN/Block) 	Elapsed: 0.032	Loglikelihood: -56376.1	(delta): 0.000389938
27 (QN/Block) 	Elapsed: 0.036	Loglikelihood: -56376.1	(delta): 0.000102696
28 (QN/Block) 	Elapsed: 0.034	Loglikelihood: -56376.1	(delta): 9.52548e-05
29 (QN/Block) 	Elapsed: 0.038	Loglikelihood: -56376.1	(delta): 4.02317e-05
30 (QN/Block) 	Elapsed: 0.032	Loglikelihood: -56376.1	(delta): 2.39186e-05
31 (QN/Block) 	Elapsed: 0.034	Loglikelihood: -56376.1	(delta): 1.42519e-05
32 (QN/Block) 	Elapsed: 0.033	Loglikelihood: -56376.1	(delta): 1.80868e-05
33 (QN/Block) 	Elapsed: 0.038	Loglikelihood: -56376.1	(delta): 5.81874e-06
34 (QN/Block) 	Elapsed: 0.037	Loglikelihood: -56376.1	(delta): 5.22781e-06
35 (QN/Block) 	Elapsed: 0.035	Loglikelihood: -56376.1	(delta): 2.11559e-06
36 (QN/Block) 	Elapsed: 0.037	Loglikelihood: -56376.1	(delta): 1.70196e-06
37 (QN/Block) 	Elapsed: 0.036	Loglikelihood: -56376.1	(delta): 4.73992e-07
38 (QN/Block) 	Elapsed: 0.038	Loglikelihood: -56376.1	(delta): 4.54362e-07
39 (QN/Block) 	Elapsed: 0.036	Loglikelihood: -56376.1	(delta): 2.97172e-07
40 (QN/Block) 	Elapsed: 0.037	Loglikelihood: -56376.1	(delta): 5.78875e-08
41 (QN/Block) 	Elapsed: 0.036	Loglikelihood: -56376.1	(delta): 6.91216e-09
42 (QN/Block) 	Elapsed: 0.039	Loglikelihood: -56376.1	(delta): 7.25413e-09
43 (QN/Block) 	Elapsed: 0.039	Loglikelihood: -56376.1	(delta): 5.25324e-09
44 (QN/Block) 	Elapsed: 0.031	Loglikelihood: -56376.1	(delta): 2.02272e-09
45 (QN/Block) 	Elapsed: 0.034	Loglikelihood: -56376.1	(delta): 2.6921e-10
46 (QN/Block) 	Elapsed: 0.03	Loglikelihood: -56376.1	(delta): 2.18279e-10
47 (QN/Block) 	Elapsed: 0.033	Loglikelihood: -56376.1	(delta): 1.74623e-10
48 (QN/Block) 	Elapsed: 0.038	Loglikelihood: -56376.1	(delta): 1.38243e-10
49 (QN/Block) 	Elapsed: 0.042	Loglikelihood: -56376.1	(delta): 3.63798e-11
50 (QN/Block) 	Elapsed: 0.04	Loglikelihood: -56376.1	(delta): 0
51 (QN/Block) 	Elapsed: 0.038	Loglikelihood: -56376.1	(delta): 7.27596e-12
52 (QN/Block) 	Elapsed: 0.037	Loglikelihood: -56376.1	(delta): 0
53 (QN/Block) 	Elapsed: 0.037	Loglikelihood: -56376.1	(delta): 1.45519e-11
54 (QN/Block) 	Elapsed: 0.036	Loglikelihood: -56376.1	(delta): 0
55 (QN/Block) 	Elapsed: 0.038	Loglikelihood: -56376.1	(delta): 0
56 (QN/Block) 	Elapsed: 0.034	Loglikelihood: -56376.1	(delta): 7.27596e-12
57 (QN/Block) 	Elapsed: 0.037	Loglikelihood: -56376.1	(delta): 7.27596e-12
58 (QN/Block) 	Elapsed: 0.034	Loglikelihood: -56376.1	(delta): -1.45519e-11
59 (QN/Block) 	Elapsed: 0.032	Loglikelihood: -56376.1	(delta): 7.27596e-12
60 (QN/Block) 	Elapsed: 0.038	Loglikelihood: -56376.1	(delta): 0
61 (QN/Block) 	Elapsed: 0.039	Loglikelihood: -56376.1	(delta): 7.27596e-12
62 (QN/Block) 	Elapsed: 0.042	Loglikelihood: -56376.1	(delta): 0
63 (QN/Block) 	Elapsed: 0.041	Loglikelihood: -56376.1	(delta): 0
64 (QN/Block) 	Elapsed: 0.035	Loglikelihood: -56376.1	(delta): 7.27596e-12
65 (QN/Block) 	Elapsed: 0.038	Loglikelihood: -56376.1	(delta): -7.27596e-12
66 (QN/Block) 	Elapsed: 0.036	Loglikelihood: -56376.1	(delta): 0
67 (QN/Block) 	Elapsed: 0.035	Loglikelihood: -56376.1	(delta): 7.27596e-12
68 (QN/Block) 	Elapsed: 0.031	Loglikelihood: -56376.1	(delta): -1.45519e-11
69 (QN/Block) 	Elapsed: 0.034	Loglikelihood: -56376.1	(delta): 7.27596e-12
70 (QN/Block) 	Elapsed: 0.035	Loglikelihood: -56376.1	(delta): 0
71 (QN/Block) 	Elapsed: 0.039	Loglikelihood: -56376.1	(delta): 1.45519e-11
72 (QN/Block) 	Elapsed: 0.033	Loglikelihood: -56376.1	(delta): 0
73 (QN/Block) 	Elapsed: 0.032	Loglikelihood: -56376.1	(delta): 0
74 (QN/Block) 	Elapsed: 0.036	Loglikelihood: -56376.1	(delta): -7.27596e-12
75 (QN/Block) 	Elapsed: 0.043	Loglikelihood: -56376.1	(delta): 0
76 (QN/Block) 	Elapsed: 0.044	Loglikelihood: -56376.1	(delta): 7.27596e-12
77 (QN/Block) 	Elapsed: 0.035	Loglikelihood: -56376.1	(delta): 1.45519e-11
78 (QN/Block) 	Elapsed: 0.034	Loglikelihood: -56376.1	(delta): -7.27596e-12
79 (QN/Block) 	Elapsed: 0.033	Loglikelihood: -56376.1	(delta): 0
80 (QN/Block) 	Elapsed: 0.038	Loglikelihood: -56376.1	(delta): 7.27596e-12
81 (QN/Block) 	Elapsed: 0.044	Loglikelihood: -56376.1	(delta): -7.27596e-12
82 (QN/Block) 	Elapsed: 0.04	Loglikelihood: -56376.1	(delta): 1.45519e-11
83 (QN/Block) 	Elapsed: 0.038	Loglikelihood: -56376.1	(delta): -7.27596e-12
84 (QN/Block) 	Elapsed: 0.037	Loglikelihood: -56376.1	(delta): 7.27596e-12
85 (QN/Block) 	Elapsed: 0.042	Loglikelihood: -56376.1	(delta): -7.27596e-12
86 (QN/Block) 	Elapsed: 0.043	Loglikelihood: -56376.1	(delta): 0
87 (QN/Block) 	Elapsed: 0.042	Loglikelihood: -56376.1	(delta): 0
88 (QN/Block) 	Elapsed: 0.041	Loglikelihood: -56376.1	(delta): 7.27596e-12
89 (QN/Block) 	Elapsed: 0.034	Loglikelihood: -56376.1	(delta): 0
90 (QN/Block) 	Elapsed: 0.031	Loglikelihood: -56376.1	(delta): 0
91 (QN/Block) 	Elapsed: 0.029	Loglikelihood: -56376.1	(delta): 0
92 (QN/Block) 	Elapsed: 0.031	Loglikelihood: -56376.1	(delta): 0
93 (QN/Block) 	Elapsed: 0.031	Loglikelihood: -56376.1	(delta): 0
94 (QN/Block) 	Elapsed: 0.036	Loglikelihood: -56376.1	(delta): 7.27596e-12
95 (QN/Block) 	Elapsed: 0.034	Loglikelihood: -56376.1	(delta): 0
96 (QN/Block) 	Elapsed: 0.043	Loglikelihood: -56376.1	(delta): -1.45519e-11
97 (QN/Block) 	Elapsed: 0.041	Loglikelihood: -56376.1	(delta): 7.27596e-12
98 (QN/Block) 	Elapsed: 0.039	Loglikelihood: -56376.1	(delta): 7.27596e-12
99 (QN/Block) 	Elapsed: 0.038	Loglikelihood: -56376.1	(delta): 0
100 (QN/Block) 	Elapsed: 0.043	Loglikelihood: -56376.1	(delta): 0
Summary: 
Converged in 100 iterations (3.855 sec)
Loglikelihood: -56376.135965
Fst divergences between estimated populations: 
	Pop0	Pop1	Pop2	Pop3	Pop4	Pop5	Pop6	
Pop0	
Pop1	0.469	
Pop2	0.524	0.597	
Pop3	0.464	0.247	0.591	
Pop4	0.506	0.583	0.183	0.575	
Pop5	0.534	0.608	0.195	0.604	0.189	
Pop6	0.436	0.211	0.561	0.223	0.545	0.574	
Pop7	0.236	0.426	0.511	0.417	0.492	0.521	0.392	
CV error (K=8): 0.46950
Writing output files.
