****                   ADMIXTURE Version 1.3.0                  ****
****                    Copyright 2008-2015                     ****
****           David Alexander, Suyash Shringarpure,            ****
****                John  Novembre, Ken Lange                   ****
****                                                            ****
****                 Please cite our paper!                     ****
****   Information at www.genetics.ucla.edu/software/admixture  ****

Parallel execution requested.  Will use 8 threads.
Cross-validation will be performed.  Folds=10.
Random seed: 43
Point estimation method: Block relaxation algorithm
Convergence acceleration algorithm: QuasiNewton, 3 secant conditions
Point estimation will terminate at 100 iterations
Estimation of standard errors disabled; will compute point estimates only.
Size of G: 121x1282
Performing five EM steps to prime main algorithm
1 (EM) 	Elapsed: 0.008	Loglikelihood: -105681	(delta): 121819
2 (EM) 	Elapsed: 0.008	Loglikelihood: -100619	(delta): 5062.74
3 (EM) 	Elapsed: 0.008	Loglikelihood: -98736.9	(delta): 1881.84
4 (EM) 	Elapsed: 0.008	Loglikelihood: -96974	(delta): 1762.87
5 (EM) 	Elapsed: 0.008	Loglikelihood: -94853.4	(delta): 2120.6
Initial loglikelihood: -94853.4
Starting main algorithm
1 (QN/Block) 	Elapsed: 0.019	Loglikelihood: -69701.3	(delta): 25152.1
2 (QN/Block) 	Elapsed: 0.02	Loglikelihood: -64460.6	(delta): 5240.73
3 (QN/Block) 	Elapsed: 0.021	Loglikelihood: -62515.7	(delta): 1944.94
4 (QN/Block) 	Elapsed: 0.019	Loglikelihood: -61429.7	(delta): 1085.98
5 (QN/Block) 	Elapsed: 0.021	Loglikelihood: -60880.9	(delta): 548.757
6 (QN/Block) 	Elapsed: 0.022	Loglikelihood: -60685.3	(delta): 195.644
7 (QN/Block) 	Elapsed: 0.022	Loglikelihood: -60659.1	(delta): 26.192
8 (QN/Block) 	Elapsed: 0.023	Loglikelihood: -60656.3	(delta): 2.76063
9 (QN/Block) 	Elapsed: 0.023	Loglikelihood: -60655.7	(delta): 0.64286
10 (QN/Block) 	Elapsed: 0.022	Loglikelihood: -60655.4	(delta): 0.242818
11 (QN/Block) 	Elapsed: 0.024	Loglikelihood: -60655.4	(delta): 0.0771424
12 (QN/Block) 	Elapsed: 0.025	Loglikelihood: -60655.4	(delta): 0.0165174
13 (QN/Block) 	Elapsed: 0.023	Loglikelihood: -60655.4	(delta): 0.000769666
14 (QN/Block) 	Elapsed: 0.021	Loglikelihood: -60655.4	(delta): 3.35025e-05
15 (QN/Block) 	Elapsed: 0.021	Loglikelihood: -60655.4	(delta): 8.79802e-07
16 (QN/Block) 	Elapsed: 0.022	Loglikelihood: -60655.4	(delta): 1.07837e-07
17 (QN/Block) 	Elapsed: 0.025	Loglikelihood: -60655.4	(delta): 3.25235e-09
18 (QN/Block) 	Elapsed: 0.022	Loglikelihood: -60655.4	(delta): 1.09139e-10
19 (QN/Block) 	Elapsed: 0.024	Loglikelihood: -60655.4	(delta): 1.45519e-11
20 (QN/Block) 	Elapsed: 0.024	Loglikelihood: -60655.4	(delta): 0
21 (QN/Block) 	Elapsed: 0.026	Loglikelihood: -60655.4	(delta): 7.27596e-12
22 (QN/Block) 	Elapsed: 0.024	Loglikelihood: -60655.4	(delta): 0
23 (QN/Block) 	Elapsed: 0.025	Loglikelihood: -60655.4	(delta): -7.27596e-12
24 (QN/Block) 	Elapsed: 0.021	Loglikelihood: -60655.4	(delta): 0
25 (QN/Block) 	Elapsed: 0.022	Loglikelihood: -60655.4	(delta): 0
26 (QN/Block) 	Elapsed: 0.021	Loglikelihood: -60655.4	(delta): 0
27 (QN/Block) 	Elapsed: 0.022	Loglikelihood: -60655.4	(delta): 0
28 (QN/Block) 	Elapsed: 0.022	Loglikelihood: -60655.4	(delta): -7.27596e-12
29 (QN/Block) 	Elapsed: 0.021	Loglikelihood: -60655.4	(delta): 7.27596e-12
30 (QN/Block) 	Elapsed: 0.021	Loglikelihood: -60655.4	(delta): 7.27596e-12
31 (QN/Block) 	Elapsed: 0.022	Loglikelihood: -60655.4	(delta): -7.27596e-12
32 (QN/Block) 	Elapsed: 0.023	Loglikelihood: -60655.4	(delta): 0
33 (QN/Block) 	Elapsed: 0.023	Loglikelihood: -60655.4	(delta): 0
34 (QN/Block) 	Elapsed: 0.024	Loglikelihood: -60655.4	(delta): -1.45519e-11
35 (QN/Block) 	Elapsed: 0.023	Loglikelihood: -60655.4	(delta): 7.27596e-12
36 (QN/Block) 	Elapsed: 0.023	Loglikelihood: -60655.4	(delta): 1.45519e-11
37 (QN/Block) 	Elapsed: 0.02	Loglikelihood: -60655.4	(delta): -7.27596e-12
38 (QN/Block) 	Elapsed: 0.019	Loglikelihood: -60655.4	(delta): -7.27596e-12
39 (QN/Block) 	Elapsed: 0.024	Loglikelihood: -60655.4	(delta): -7.27596e-12
40 (QN/Block) 	Elapsed: 0.023	Loglikelihood: -60655.4	(delta): 1.45519e-11
41 (QN/Block) 	Elapsed: 0.024	Loglikelihood: -60655.4	(delta): 0
42 (QN/Block) 	Elapsed: 0.022	Loglikelihood: -60655.4	(delta): 0
43 (QN/Block) 	Elapsed: 0.022	Loglikelihood: -60655.4	(delta): -7.27596e-12
44 (QN/Block) 	Elapsed: 0.022	Loglikelihood: -60655.4	(delta): 7.27596e-12
45 (QN/Block) 	Elapsed: 0.023	Loglikelihood: -60655.4	(delta): 0
46 (QN/Block) 	Elapsed: 0.021	Loglikelihood: -60655.4	(delta): 7.27596e-12
47 (QN/Block) 	Elapsed: 0.023	Loglikelihood: -60655.4	(delta): -7.27596e-12
48 (QN/Block) 	Elapsed: 0.026	Loglikelihood: -60655.4	(delta): 0
49 (QN/Block) 	Elapsed: 0.024	Loglikelihood: -60655.4	(delta): 7.27596e-12
50 (QN/Block) 	Elapsed: 0.024	Loglikelihood: -60655.4	(delta): -7.27596e-12
51 (QN/Block) 	Elapsed: 0.026	Loglikelihood: -60655.4	(delta): 0
52 (QN/Block) 	Elapsed: 0.023	Loglikelihood: -60655.4	(delta): 0
53 (QN/Block) 	Elapsed: 0.021	Loglikelihood: -60655.4	(delta): 0
54 (QN/Block) 	Elapsed: 0.023	Loglikelihood: -60655.4	(delta): 0
55 (QN/Block) 	Elapsed: 0.023	Loglikelihood: -60655.4	(delta): 7.27596e-12
56 (QN/Block) 	Elapsed: 0.021	Loglikelihood: -60655.4	(delta): -7.27596e-12
57 (QN/Block) 	Elapsed: 0.02	Loglikelihood: -60655.4	(delta): 0
58 (QN/Block) 	Elapsed: 0.02	Loglikelihood: -60655.4	(delta): 0
59 (QN/Block) 	Elapsed: 0.02	Loglikelihood: -60655.4	(delta): 7.27596e-12
60 (QN/Block) 	Elapsed: 0.027	Loglikelihood: -60655.4	(delta): -7.27596e-12
61 (QN/Block) 	Elapsed: 0.025	Loglikelihood: -60655.4	(delta): 7.27596e-12
62 (QN/Block) 	Elapsed: 0.022	Loglikelihood: -60655.4	(delta): -7.27596e-12
63 (QN/Block) 	Elapsed: 0.023	Loglikelihood: -60655.4	(delta): 7.27596e-12
64 (QN/Block) 	Elapsed: 0.022	Loglikelihood: -60655.4	(delta): -7.27596e-12
65 (QN/Block) 	Elapsed: 0.023	Loglikelihood: -60655.4	(delta): 7.27596e-12
66 (QN/Block) 	Elapsed: 0.02	Loglikelihood: -60655.4	(delta): 7.27596e-12
67 (QN/Block) 	Elapsed: 0.025	Loglikelihood: -60655.4	(delta): -7.27596e-12
68 (QN/Block) 	Elapsed: 0.023	Loglikelihood: -60655.4	(delta): 0
69 (QN/Block) 	Elapsed: 0.022	Loglikelihood: -60655.4	(delta): 0
70 (QN/Block) 	Elapsed: 0.023	Loglikelihood: -60655.4	(delta): 0
71 (QN/Block) 	Elapsed: 0.022	Loglikelihood: -60655.4	(delta): -7.27596e-12
72 (QN/Block) 	Elapsed: 0.022	Loglikelihood: -60655.4	(delta): 7.27596e-12
73 (QN/Block) 	Elapsed: 0.023	Loglikelihood: -60655.4	(delta): 0
74 (QN/Block) 	Elapsed: 0.02	Loglikelihood: -60655.4	(delta): 0
75 (QN/Block) 	Elapsed: 0.02	Loglikelihood: -60655.4	(delta): 0
76 (QN/Block) 	Elapsed: 0.019	Loglikelihood: -60655.4	(delta): -7.27596e-12
77 (QN/Block) 	Elapsed: 0.021	Loglikelihood: -60655.4	(delta): 0
78 (QN/Block) 	Elapsed: 0.019	Loglikelihood: -60655.4	(delta): 7.27596e-12
79 (QN/Block) 	Elapsed: 0.021	Loglikelihood: -60655.4	(delta): 7.27596e-12
80 (QN/Block) 	Elapsed: 0.023	Loglikelihood: -60655.4	(delta): -7.27596e-12
81 (QN/Block) 	Elapsed: 0.021	Loglikelihood: -60655.4	(delta): -7.27596e-12
82 (QN/Block) 	Elapsed: 0.022	Loglikelihood: -60655.4	(delta): 7.27596e-12
83 (QN/Block) 	Elapsed: 0.023	Loglikelihood: -60655.4	(delta): 0
84 (QN/Block) 	Elapsed: 0.02	Loglikelihood: -60655.4	(delta): 0
85 (QN/Block) 	Elapsed: 0.022	Loglikelihood: -60655.4	(delta): 7.27596e-12
86 (QN/Block) 	Elapsed: 0.025	Loglikelihood: -60655.4	(delta): -7.27596e-12
87 (QN/Block) 	Elapsed: 0.025	Loglikelihood: -60655.4	(delta): 0
88 (QN/Block) 	Elapsed: 0.022	Loglikelihood: -60655.4	(delta): -7.27596e-12
89 (QN/Block) 	Elapsed: 0.022	Loglikelihood: -60655.4	(delta): 0
90 (QN/Block) 	Elapsed: 0.021	Loglikelihood: -60655.4	(delta): 7.27596e-12
91 (QN/Block) 	Elapsed: 0.024	Loglikelihood: -60655.4	(delta): 0
92 (QN/Block) 	Elapsed: 0.024	Loglikelihood: -60655.4	(delta): -7.27596e-12
93 (QN/Block) 	Elapsed: 0.022	Loglikelihood: -60655.4	(delta): 7.27596e-12
94 (QN/Block) 	Elapsed: 0.017	Loglikelihood: -60655.4	(delta): 0
95 (QN/Block) 	Elapsed: 0.02	Loglikelihood: -60655.4	(delta): -7.27596e-12
96 (QN/Block) 	Elapsed: 0.022	Loglikelihood: -60655.4	(delta): 0
97 (QN/Block) 	Elapsed: 0.022	Loglikelihood: -60655.4	(delta): 7.27596e-12
98 (QN/Block) 	Elapsed: 0.02	Loglikelihood: -60655.4	(delta): 0
99 (QN/Block) 	Elapsed: 0.023	Loglikelihood: -60655.4	(delta): 0
100 (QN/Block) 	Elapsed: 0.02	Loglikelihood: -60655.4	(delta): 0
Summary: 
Converged in 100 iterations (2.384 sec)
Loglikelihood: -60655.351651
Fst divergences between estimated populations: 
	Pop0	Pop1	Pop2	
Pop0	
Pop1	0.389	
Pop2	0.175	0.425	
Pop3	0.528	0.464	0.560	
CV error (K=4): 0.40682
Writing output files.
