****                   ADMIXTURE Version 1.3.0                  ****
****                    Copyright 2008-2015                     ****
****           David Alexander, Suyash Shringarpure,            ****
****                John  Novembre, Ken Lange                   ****
****                                                            ****
****                 Please cite our paper!                     ****
****   Information at www.genetics.ucla.edu/software/admixture  ****

Parallel execution requested.  Will use 8 threads.
Cross-validation will be performed.  Folds=10.
Random seed: 43
Point estimation method: Block relaxation algorithm
Convergence acceleration algorithm: QuasiNewton, 3 secant conditions
Point estimation will terminate at 100 iterations
Estimation of standard errors disabled; will compute point estimates only.
Size of G: 121x1282
Performing five EM steps to prime main algorithm
1 (EM) 	Elapsed: 0.006	Loglikelihood: -105407	(delta): 128201
2 (EM) 	Elapsed: 0.006	Loglikelihood: -101341	(delta): 4066.08
3 (EM) 	Elapsed: 0.006	Loglikelihood: -100160	(delta): 1180.25
4 (EM) 	Elapsed: 0.006	Loglikelihood: -99431.5	(delta): 729.008
5 (EM) 	Elapsed: 0.007	Loglikelihood: -98847.8	(delta): 583.698
Initial loglikelihood: -98847.8
Starting main algorithm
1 (QN/Block) 	Elapsed: 0.018	Loglikelihood: -76423.5	(delta): 22424.2
2 (QN/Block) 	Elapsed: 0.017	Loglikelihood: -70972	(delta): 5451.5
3 (QN/Block) 	Elapsed: 0.018	Loglikelihood: -67113.2	(delta): 3858.88
4 (QN/Block) 	Elapsed: 0.019	Loglikelihood: -64778.1	(delta): 2335.04
5 (QN/Block) 	Elapsed: 0.018	Loglikelihood: -63371.7	(delta): 1406.44
6 (QN/Block) 	Elapsed: 0.018	Loglikelihood: -63095.9	(delta): 275.81
7 (QN/Block) 	Elapsed: 0.017	Loglikelihood: -63009.8	(delta): 86.1102
8 (QN/Block) 	Elapsed: 0.015	Loglikelihood: -62994.8	(delta): 14.9764
9 (QN/Block) 	Elapsed: 0.017	Loglikelihood: -62992.9	(delta): 1.91682
10 (QN/Block) 	Elapsed: 0.018	Loglikelihood: -62992.8	(delta): 0.0355712
11 (QN/Block) 	Elapsed: 0.018	Loglikelihood: -62992.8	(delta): 0.00904952
12 (QN/Block) 	Elapsed: 0.018	Loglikelihood: -62992.8	(delta): 0.00106702
13 (QN/Block) 	Elapsed: 0.02	Loglikelihood: -62992.8	(delta): 6.93515e-06
14 (QN/Block) 	Elapsed: 0.018	Loglikelihood: -62992.8	(delta): 4.64104e-07
15 (QN/Block) 	Elapsed: 0.018	Loglikelihood: -62992.8	(delta): 6.37228e-08
16 (QN/Block) 	Elapsed: 0.019	Loglikelihood: -62992.8	(delta): 1.16415e-10
17 (QN/Block) 	Elapsed: 0.022	Loglikelihood: -62992.8	(delta): 0
18 (QN/Block) 	Elapsed: 0.021	Loglikelihood: -62992.8	(delta): -7.27596e-12
19 (QN/Block) 	Elapsed: 0.02	Loglikelihood: -62992.8	(delta): -7.27596e-12
20 (QN/Block) 	Elapsed: 0.02	Loglikelihood: -62992.8	(delta): 0
21 (QN/Block) 	Elapsed: 0.02	Loglikelihood: -62992.8	(delta): 2.18279e-11
22 (QN/Block) 	Elapsed: 0.019	Loglikelihood: -62992.8	(delta): -1.45519e-11
23 (QN/Block) 	Elapsed: 0.02	Loglikelihood: -62992.8	(delta): 1.45519e-11
24 (QN/Block) 	Elapsed: 0.02	Loglikelihood: -62992.8	(delta): -2.18279e-11
25 (QN/Block) 	Elapsed: 0.019	Loglikelihood: -62992.8	(delta): 7.27596e-12
26 (QN/Block) 	Elapsed: 0.02	Loglikelihood: -62992.8	(delta): 0
27 (QN/Block) 	Elapsed: 0.021	Loglikelihood: -62992.8	(delta): 0
28 (QN/Block) 	Elapsed: 0.019	Loglikelihood: -62992.8	(delta): 0
29 (QN/Block) 	Elapsed: 0.023	Loglikelihood: -62992.8	(delta): 7.27596e-12
30 (QN/Block) 	Elapsed: 0.021	Loglikelihood: -62992.8	(delta): 0
31 (QN/Block) 	Elapsed: 0.02	Loglikelihood: -62992.8	(delta): 0
32 (QN/Block) 	Elapsed: 0.02	Loglikelihood: -62992.8	(delta): -7.27596e-12
33 (QN/Block) 	Elapsed: 0.019	Loglikelihood: -62992.8	(delta): 0
34 (QN/Block) 	Elapsed: 0.017	Loglikelihood: -62992.8	(delta): 0
35 (QN/Block) 	Elapsed: 0.018	Loglikelihood: -62992.8	(delta): 0
36 (QN/Block) 	Elapsed: 0.018	Loglikelihood: -62992.8	(delta): 0
37 (QN/Block) 	Elapsed: 0.02	Loglikelihood: -62992.8	(delta): 0
38 (QN/Block) 	Elapsed: 0.018	Loglikelihood: -62992.8	(delta): 0
39 (QN/Block) 	Elapsed: 0.019	Loglikelihood: -62992.8	(delta): 0
40 (QN/Block) 	Elapsed: 0.023	Loglikelihood: -62992.8	(delta): 0
41 (QN/Block) 	Elapsed: 0.018	Loglikelihood: -62992.8	(delta): 0
42 (QN/Block) 	Elapsed: 0.02	Loglikelihood: -62992.8	(delta): 7.27596e-12
43 (QN/Block) 	Elapsed: 0.022	Loglikelihood: -62992.8	(delta): -7.27596e-12
44 (QN/Block) 	Elapsed: 0.018	Loglikelihood: -62992.8	(delta): 0
45 (QN/Block) 	Elapsed: 0.021	Loglikelihood: -62992.8	(delta): 0
46 (QN/Block) 	Elapsed: 0.02	Loglikelihood: -62992.8	(delta): 7.27596e-12
47 (QN/Block) 	Elapsed: 0.021	Loglikelihood: -62992.8	(delta): -7.27596e-12
48 (QN/Block) 	Elapsed: 0.021	Loglikelihood: -62992.8	(delta): 0
49 (QN/Block) 	Elapsed: 0.021	Loglikelihood: -62992.8	(delta): 0
50 (QN/Block) 	Elapsed: 0.021	Loglikelihood: -62992.8	(delta): 0
51 (QN/Block) 	Elapsed: 0.018	Loglikelihood: -62992.8	(delta): 7.27596e-12
52 (QN/Block) 	Elapsed: 0.02	Loglikelihood: -62992.8	(delta): -1.45519e-11
53 (QN/Block) 	Elapsed: 0.02	Loglikelihood: -62992.8	(delta): 0
54 (QN/Block) 	Elapsed: 0.018	Loglikelihood: -62992.8	(delta): 7.27596e-12
55 (QN/Block) 	Elapsed: 0.019	Loglikelihood: -62992.8	(delta): 0
56 (QN/Block) 	Elapsed: 0.018	Loglikelihood: -62992.8	(delta): 0
57 (QN/Block) 	Elapsed: 0.019	Loglikelihood: -62992.8	(delta): 0
58 (QN/Block) 	Elapsed: 0.017	Loglikelihood: -62992.8	(delta): 0
59 (QN/Block) 	Elapsed: 0.018	Loglikelihood: -62992.8	(delta): 0
60 (QN/Block) 	Elapsed: 0.02	Loglikelihood: -62992.8	(delta): 0
61 (QN/Block) 	Elapsed: 0.018	Loglikelihood: -62992.8	(delta): 0
62 (QN/Block) 	Elapsed: 0.02	Loglikelihood: -62992.8	(delta): 0
63 (QN/Block) 	Elapsed: 0.02	Loglikelihood: -62992.8	(delta): 0
64 (QN/Block) 	Elapsed: 0.021	Loglikelihood: -62992.8	(delta): 0
65 (QN/Block) 	Elapsed: 0.02	Loglikelihood: -62992.8	(delta): 0
66 (QN/Block) 	Elapsed: 0.019	Loglikelihood: -62992.8	(delta): 0
67 (QN/Block) 	Elapsed: 0.022	Loglikelihood: -62992.8	(delta): 0
68 (QN/Block) 	Elapsed: 0.017	Loglikelihood: -62992.8	(delta): 0
69 (QN/Block) 	Elapsed: 0.019	Loglikelihood: -62992.8	(delta): 0
70 (QN/Block) 	Elapsed: 0.022	Loglikelihood: -62992.8	(delta): 0
71 (QN/Block) 	Elapsed: 0.021	Loglikelihood: -62992.8	(delta): 0
72 (QN/Block) 	Elapsed: 0.022	Loglikelihood: -62992.8	(delta): 0
73 (QN/Block) 	Elapsed: 0.022	Loglikelihood: -62992.8	(delta): 7.27596e-12
74 (QN/Block) 	Elapsed: 0.02	Loglikelihood: -62992.8	(delta): -7.27596e-12
75 (QN/Block) 	Elapsed: 0.021	Loglikelihood: -62992.8	(delta): 0
76 (QN/Block) 	Elapsed: 0.022	Loglikelihood: -62992.8	(delta): 0
77 (QN/Block) 	Elapsed: 0.021	Loglikelihood: -62992.8	(delta): 0
78 (QN/Block) 	Elapsed: 0.021	Loglikelihood: -62992.8	(delta): 0
79 (QN/Block) 	Elapsed: 0.021	Loglikelihood: -62992.8	(delta): 0
80 (QN/Block) 	Elapsed: 0.021	Loglikelihood: -62992.8	(delta): 0
81 (QN/Block) 	Elapsed: 0.018	Loglikelihood: -62992.8	(delta): 0
82 (QN/Block) 	Elapsed: 0.019	Loglikelihood: -62992.8	(delta): 0
83 (QN/Block) 	Elapsed: 0.02	Loglikelihood: -62992.8	(delta): 0
84 (QN/Block) 	Elapsed: 0.019	Loglikelihood: -62992.8	(delta): 0
85 (QN/Block) 	Elapsed: 0.02	Loglikelihood: -62992.8	(delta): 0
86 (QN/Block) 	Elapsed: 0.019	Loglikelihood: -62992.8	(delta): 0
87 (QN/Block) 	Elapsed: 0.019	Loglikelihood: -62992.8	(delta): 0
88 (QN/Block) 	Elapsed: 0.021	Loglikelihood: -62992.8	(delta): 7.27596e-12
89 (QN/Block) 	Elapsed: 0.021	Loglikelihood: -62992.8	(delta): -7.27596e-12
90 (QN/Block) 	Elapsed: 0.02	Loglikelihood: -62992.8	(delta): -7.27596e-12
91 (QN/Block) 	Elapsed: 0.018	Loglikelihood: -62992.8	(delta): 1.45519e-11
92 (QN/Block) 	Elapsed: 0.02	Loglikelihood: -62992.8	(delta): 0
93 (QN/Block) 	Elapsed: 0.019	Loglikelihood: -62992.8	(delta): -1.45519e-11
94 (QN/Block) 	Elapsed: 0.018	Loglikelihood: -62992.8	(delta): 7.27596e-12
95 (QN/Block) 	Elapsed: 0.02	Loglikelihood: -62992.8	(delta): -7.27596e-12
96 (QN/Block) 	Elapsed: 0.019	Loglikelihood: -62992.8	(delta): 0
97 (QN/Block) 	Elapsed: 0.016	Loglikelihood: -62992.8	(delta): 7.27596e-12
98 (QN/Block) 	Elapsed: 0.017	Loglikelihood: -62992.8	(delta): 0
99 (QN/Block) 	Elapsed: 0.019	Loglikelihood: -62992.8	(delta): 0
100 (QN/Block) 	Elapsed: 0.021	Loglikelihood: -62992.8	(delta): 0
Summary: 
Converged in 100 iterations (2.09 sec)
Loglikelihood: -62992.830574
Fst divergences between estimated populations: 
	Pop0	Pop1	
Pop0	
Pop1	0.524	
Pop2	0.382	0.462	
CV error (K=3): 0.40912
Writing output files.
