****                   ADMIXTURE Version 1.3.0                  ****
****                    Copyright 2008-2015                     ****
****           David Alexander, Suyash Shringarpure,            ****
****                John  Novembre, Ken Lange                   ****
****                                                            ****
****                 Please cite our paper!                     ****
****   Information at www.genetics.ucla.edu/software/admixture  ****

Parallel execution requested.  Will use 8 threads.
Cross-validation will be performed.  Folds=10.
Random seed: 43
Point estimation method: Block relaxation algorithm
Convergence acceleration algorithm: QuasiNewton, 3 secant conditions
Point estimation will terminate at 100 iterations
Estimation of standard errors disabled; will compute point estimates only.
Size of G: 121x1282
Performing five EM steps to prime main algorithm
1 (EM) 	Elapsed: 0.011	Loglikelihood: -105886	(delta): 115083
2 (EM) 	Elapsed: 0.011	Loglikelihood: -100968	(delta): 4918.59
3 (EM) 	Elapsed: 0.012	Loglikelihood: -99464.2	(delta): 1503.41
4 (EM) 	Elapsed: 0.011	Loglikelihood: -98235.3	(delta): 1228.86
5 (EM) 	Elapsed: 0.011	Loglikelihood: -96951.1	(delta): 1284.17
Initial loglikelihood: -96951.1
Starting main algorithm
1 (QN/Block) 	Elapsed: 0.023	Loglikelihood: -68344.7	(delta): 28606.4
2 (QN/Block) 	Elapsed: 0.018	Loglikelihood: -63404.7	(delta): 4940.02
3 (QN/Block) 	Elapsed: 0.021	Loglikelihood: -61358.3	(delta): 2046.33
4 (QN/Block) 	Elapsed: 0.02	Loglikelihood: -60098	(delta): 1260.37
5 (QN/Block) 	Elapsed: 0.021	Loglikelihood: -59692.1	(delta): 405.843
6 (QN/Block) 	Elapsed: 0.019	Loglikelihood: -59605.9	(delta): 86.262
7 (QN/Block) 	Elapsed: 0.021	Loglikelihood: -59591.3	(delta): 14.5462
8 (QN/Block) 	Elapsed: 0.025	Loglikelihood: -59589.7	(delta): 1.58381
9 (QN/Block) 	Elapsed: 0.029	Loglikelihood: -59588.5	(delta): 1.22677
10 (QN/Block) 	Elapsed: 0.028	Loglikelihood: -59588.4	(delta): 0.101196
11 (QN/Block) 	Elapsed: 0.025	Loglikelihood: -59588.3	(delta): 0.112131
12 (QN/Block) 	Elapsed: 0.027	Loglikelihood: -59588.3	(delta): 0.00692603
13 (QN/Block) 	Elapsed: 0.027	Loglikelihood: -59588.3	(delta): 0.00129552
14 (QN/Block) 	Elapsed: 0.027	Loglikelihood: -59588.3	(delta): 6.94635e-05
15 (QN/Block) 	Elapsed: 0.025	Loglikelihood: -59588.3	(delta): 5.28333e-06
16 (QN/Block) 	Elapsed: 0.026	Loglikelihood: -59588.3	(delta): 2.5842e-07
17 (QN/Block) 	Elapsed: 0.026	Loglikelihood: -59588.3	(delta): 2.36905e-08
18 (QN/Block) 	Elapsed: 0.026	Loglikelihood: -59588.3	(delta): 1.45519e-09
19 (QN/Block) 	Elapsed: 0.026	Loglikelihood: -59588.3	(delta): 8.73115e-11
20 (QN/Block) 	Elapsed: 0.028	Loglikelihood: -59588.3	(delta): 2.18279e-11
21 (QN/Block) 	Elapsed: 0.029	Loglikelihood: -59588.3	(delta): 7.27596e-12
22 (QN/Block) 	Elapsed: 0.024	Loglikelihood: -59588.3	(delta): -7.27596e-12
23 (QN/Block) 	Elapsed: 0.029	Loglikelihood: -59588.3	(delta): -7.27596e-12
24 (QN/Block) 	Elapsed: 0.026	Loglikelihood: -59588.3	(delta): 7.27596e-12
25 (QN/Block) 	Elapsed: 0.027	Loglikelihood: -59588.3	(delta): 0
26 (QN/Block) 	Elapsed: 0.025	Loglikelihood: -59588.3	(delta): 0
27 (QN/Block) 	Elapsed: 0.026	Loglikelihood: -59588.3	(delta): 1.45519e-11
28 (QN/Block) 	Elapsed: 0.023	Loglikelihood: -59588.3	(delta): 0
29 (QN/Block) 	Elapsed: 0.025	Loglikelihood: -59588.3	(delta): 0
30 (QN/Block) 	Elapsed: 0.024	Loglikelihood: -59588.3	(delta): -1.45519e-11
31 (QN/Block) 	Elapsed: 0.026	Loglikelihood: -59588.3	(delta): 7.27596e-12
32 (QN/Block) 	Elapsed: 0.026	Loglikelihood: -59588.3	(delta): 0
33 (QN/Block) 	Elapsed: 0.025	Loglikelihood: -59588.3	(delta): 7.27596e-12
34 (QN/Block) 	Elapsed: 0.024	Loglikelihood: -59588.3	(delta): -7.27596e-12
35 (QN/Block) 	Elapsed: 0.026	Loglikelihood: -59588.3	(delta): -7.27596e-12
36 (QN/Block) 	Elapsed: 0.03	Loglikelihood: -59588.3	(delta): 0
37 (QN/Block) 	Elapsed: 0.029	Loglikelihood: -59588.3	(delta): 7.27596e-12
38 (QN/Block) 	Elapsed: 0.027	Loglikelihood: -59588.3	(delta): 7.27596e-12
39 (QN/Block) 	Elapsed: 0.027	Loglikelihood: -59588.3	(delta): -7.27596e-12
40 (QN/Block) 	Elapsed: 0.03	Loglikelihood: -59588.3	(delta): -7.27596e-12
41 (QN/Block) 	Elapsed: 0.027	Loglikelihood: -59588.3	(delta): 7.27596e-12
42 (QN/Block) 	Elapsed: 0.027	Loglikelihood: -59588.3	(delta): 0
43 (QN/Block) 	Elapsed: 0.025	Loglikelihood: -59588.3	(delta): 0
44 (QN/Block) 	Elapsed: 0.023	Loglikelihood: -59588.3	(delta): 0
45 (QN/Block) 	Elapsed: 0.024	Loglikelihood: -59588.3	(delta): 7.27596e-12
46 (QN/Block) 	Elapsed: 0.022	Loglikelihood: -59588.3	(delta): -7.27596e-12
47 (QN/Block) 	Elapsed: 0.025	Loglikelihood: -59588.3	(delta): 0
48 (QN/Block) 	Elapsed: 0.023	Loglikelihood: -59588.3	(delta): 0
49 (QN/Block) 	Elapsed: 0.028	Loglikelihood: -59588.3	(delta): 0
50 (QN/Block) 	Elapsed: 0.028	Loglikelihood: -59588.3	(delta): 7.27596e-12
51 (QN/Block) 	Elapsed: 0.027	Loglikelihood: -59588.3	(delta): -1.45519e-11
52 (QN/Block) 	Elapsed: 0.028	Loglikelihood: -59588.3	(delta): 7.27596e-12
53 (QN/Block) 	Elapsed: 0.028	Loglikelihood: -59588.3	(delta): 0
54 (QN/Block) 	Elapsed: 0.028	Loglikelihood: -59588.3	(delta): 0
55 (QN/Block) 	Elapsed: 0.028	Loglikelihood: -59588.3	(delta): 0
56 (QN/Block) 	Elapsed: 0.026	Loglikelihood: -59588.3	(delta): 0
57 (QN/Block) 	Elapsed: 0.028	Loglikelihood: -59588.3	(delta): 7.27596e-12
58 (QN/Block) 	Elapsed: 0.026	Loglikelihood: -59588.3	(delta): -7.27596e-12
59 (QN/Block) 	Elapsed: 0.028	Loglikelihood: -59588.3	(delta): 0
60 (QN/Block) 	Elapsed: 0.028	Loglikelihood: -59588.3	(delta): -1.45519e-11
61 (QN/Block) 	Elapsed: 0.028	Loglikelihood: -59588.3	(delta): 7.27596e-12
62 (QN/Block) 	Elapsed: 0.027	Loglikelihood: -59588.3	(delta): 1.45519e-11
63 (QN/Block) 	Elapsed: 0.025	Loglikelihood: -59588.3	(delta): -7.27596e-12
64 (QN/Block) 	Elapsed: 0.024	Loglikelihood: -59588.3	(delta): -7.27596e-12
65 (QN/Block) 	Elapsed: 0.027	Loglikelihood: -59588.3	(delta): 7.27596e-12
66 (QN/Block) 	Elapsed: 0.024	Loglikelihood: -59588.3	(delta): 0
67 (QN/Block) 	Elapsed: 0.028	Loglikelihood: -59588.3	(delta): -7.27596e-12
68 (QN/Block) 	Elapsed: 0.027	Loglikelihood: -59588.3	(delta): 0
69 (QN/Block) 	Elapsed: 0.027	Loglikelihood: -59588.3	(delta): 0
70 (QN/Block) 	Elapsed: 0.028	Loglikelihood: -59588.3	(delta): 0
71 (QN/Block) 	Elapsed: 0.025	Loglikelihood: -59588.3	(delta): 0
72 (QN/Block) 	Elapsed: 0.027	Loglikelihood: -59588.3	(delta): 0
73 (QN/Block) 	Elapsed: 0.026	Loglikelihood: -59588.3	(delta): 7.27596e-12
74 (QN/Block) 	Elapsed: 0.026	Loglikelihood: -59588.3	(delta): 0
75 (QN/Block) 	Elapsed: 0.029	Loglikelihood: -59588.3	(delta): -7.27596e-12
76 (QN/Block) 	Elapsed: 0.027	Loglikelihood: -59588.3	(delta): 7.27596e-12
77 (QN/Block) 	Elapsed: 0.028	Loglikelihood: -59588.3	(delta): -7.27596e-12
78 (QN/Block) 	Elapsed: 0.027	Loglikelihood: -59588.3	(delta): 7.27596e-12
79 (QN/Block) 	Elapsed: 0.025	Loglikelihood: -59588.3	(delta): 0
80 (QN/Block) 	Elapsed: 0.026	Loglikelihood: -59588.3	(delta): -7.27596e-12
81 (QN/Block) 	Elapsed: 0.023	Loglikelihood: -59588.3	(delta): 7.27596e-12
82 (QN/Block) 	Elapsed: 0.027	Loglikelihood: -59588.3	(delta): -7.27596e-12
83 (QN/Block) 	Elapsed: 0.024	Loglikelihood: -59588.3	(delta): 0
84 (QN/Block) 	Elapsed: 0.023	Loglikelihood: -59588.3	(delta): 0
85 (QN/Block) 	Elapsed: 0.022	Loglikelihood: -59588.3	(delta): 0
86 (QN/Block) 	Elapsed: 0.022	Loglikelihood: -59588.3	(delta): 0
87 (QN/Block) 	Elapsed: 0.028	Loglikelihood: -59588.3	(delta): 0
88 (QN/Block) 	Elapsed: 0.027	Loglikelihood: -59588.3	(delta): 0
89 (QN/Block) 	Elapsed: 0.026	Loglikelihood: -59588.3	(delta): 7.27596e-12
90 (QN/Block) 	Elapsed: 0.025	Loglikelihood: -59588.3	(delta): -7.27596e-12
91 (QN/Block) 	Elapsed: 0.028	Loglikelihood: -59588.3	(delta): 7.27596e-12
92 (QN/Block) 	Elapsed: 0.027	Loglikelihood: -59588.3	(delta): 0
93 (QN/Block) 	Elapsed: 0.027	Loglikelihood: -59588.3	(delta): 0
94 (QN/Block) 	Elapsed: 0.027	Loglikelihood: -59588.3	(delta): -7.27596e-12
95 (QN/Block) 	Elapsed: 0.028	Loglikelihood: -59588.3	(delta): -7.27596e-12
96 (QN/Block) 	Elapsed: 0.029	Loglikelihood: -59588.3	(delta): 7.27596e-12
97 (QN/Block) 	Elapsed: 0.026	Loglikelihood: -59588.3	(delta): 0
98 (QN/Block) 	Elapsed: 0.027	Loglikelihood: -59588.3	(delta): 0
99 (QN/Block) 	Elapsed: 0.024	Loglikelihood: -59588.3	(delta): 0
100 (QN/Block) 	Elapsed: 0.024	Loglikelihood: -59588.3	(delta): 0
Summary: 
Converged in 100 iterations (2.77 sec)
Loglikelihood: -59588.292836
Fst divergences between estimated populations: 
	Pop0	Pop1	Pop2	Pop3	
Pop0	
Pop1	0.526	
Pop2	0.562	0.159	
Pop3	0.389	0.463	0.496	
Pop4	0.175	0.561	0.593	0.425	
CV error (K=5): 0.41531
Writing output files.
