****                   ADMIXTURE Version 1.3.0                  ****
****                    Copyright 2008-2015                     ****
****           David Alexander, Suyash Shringarpure,            ****
****                John  Novembre, Ken Lange                   ****
****                                                            ****
****                 Please cite our paper!                     ****
****   Information at www.genetics.ucla.edu/software/admixture  ****

Parallel execution requested.  Will use 8 threads.
Cross-validation will be performed.  Folds=10.
Random seed: 43
Point estimation method: Block relaxation algorithm
Convergence acceleration algorithm: QuasiNewton, 3 secant conditions
Point estimation will terminate at 100 iterations
Estimation of standard errors disabled; will compute point estimates only.
Size of G: 121x1282
Performing five EM steps to prime main algorithm
1 (EM) 	Elapsed: 0.019	Loglikelihood: -105795	(delta): 106716
2 (EM) 	Elapsed: 0.021	Loglikelihood: -100388	(delta): 5406.54
3 (EM) 	Elapsed: 0.021	Loglikelihood: -98737.5	(delta): 1650.47
4 (EM) 	Elapsed: 0.023	Loglikelihood: -97229.9	(delta): 1507.61
5 (EM) 	Elapsed: 0.02	Loglikelihood: -95439.7	(delta): 1790.27
Initial loglikelihood: -95439.7
Starting main algorithm
1 (QN/Block) 	Elapsed: 0.037	Loglikelihood: -65017	(delta): 30422.6
2 (QN/Block) 	Elapsed: 0.036	Loglikelihood: -59732	(delta): 5285.02
3 (QN/Block) 	Elapsed: 0.042	Loglikelihood: -57498.1	(delta): 2233.95
4 (QN/Block) 	Elapsed: 0.033	Loglikelihood: -56102.2	(delta): 1395.85
5 (QN/Block) 	Elapsed: 0.037	Loglikelihood: -55607.5	(delta): 494.727
6 (QN/Block) 	Elapsed: 0.035	Loglikelihood: -55452.5	(delta): 155.004
7 (QN/Block) 	Elapsed: 0.032	Loglikelihood: -55399.4	(delta): 53.1246
8 (QN/Block) 	Elapsed: 0.04	Loglikelihood: -55370	(delta): 29.303
9 (QN/Block) 	Elapsed: 0.043	Loglikelihood: -55350.9	(delta): 19.1694
10 (QN/Block) 	Elapsed: 0.036	Loglikelihood: -55337.8	(delta): 13.1147
11 (QN/Block) 	Elapsed: 0.036	Loglikelihood: -55329.9	(delta): 7.83692
12 (QN/Block) 	Elapsed: 0.041	Loglikelihood: -55314.4	(delta): 15.5598
13 (QN/Block) 	Elapsed: 0.039	Loglikelihood: -55281.8	(delta): 32.5605
14 (QN/Block) 	Elapsed: 0.04	Loglikelihood: -55258.5	(delta): 23.3447
15 (QN/Block) 	Elapsed: 0.04	Loglikelihood: -55240.6	(delta): 17.8868
16 (QN/Block) 	Elapsed: 0.041	Loglikelihood: -55225.4	(delta): 15.2042
17 (QN/Block) 	Elapsed: 0.039	Loglikelihood: -55216.7	(delta): 8.65102
18 (QN/Block) 	Elapsed: 0.038	Loglikelihood: -55211.2	(delta): 5.56061
19 (QN/Block) 	Elapsed: 0.037	Loglikelihood: -55208.3	(delta): 2.85749
20 (QN/Block) 	Elapsed: 0.034	Loglikelihood: -55204.8	(delta): 3.52276
21 (QN/Block) 	Elapsed: 0.045	Loglikelihood: -55204.2	(delta): 0.544854
22 (QN/Block) 	Elapsed: 0.041	Loglikelihood: -55204	(delta): 0.229175
23 (QN/Block) 	Elapsed: 0.039	Loglikelihood: -55203.9	(delta): 0.140203
24 (QN/Block) 	Elapsed: 0.045	Loglikelihood: -55203.6	(delta): 0.26696
25 (QN/Block) 	Elapsed: 0.046	Loglikelihood: -55203.5	(delta): 0.12525
26 (QN/Block) 	Elapsed: 0.045	Loglikelihood: -55203.3	(delta): 0.168316
27 (QN/Block) 	Elapsed: 0.041	Loglikelihood: -55203.2	(delta): 0.106391
28 (QN/Block) 	Elapsed: 0.038	Loglikelihood: -55203	(delta): 0.162942
29 (QN/Block) 	Elapsed: 0.039	Loglikelihood: -55202.7	(delta): 0.324899
30 (QN/Block) 	Elapsed: 0.035	Loglikelihood: -55202.5	(delta): 0.177069
31 (QN/Block) 	Elapsed: 0.039	Loglikelihood: -55202.4	(delta): 0.0999632
32 (QN/Block) 	Elapsed: 0.041	Loglikelihood: -55202.2	(delta): 0.203516
33 (QN/Block) 	Elapsed: 0.038	Loglikelihood: -55201.9	(delta): 0.288945
34 (QN/Block) 	Elapsed: 0.038	Loglikelihood: -55201.7	(delta): 0.277751
35 (QN/Block) 	Elapsed: 0.04	Loglikelihood: -55201.6	(delta): 0.0962779
36 (QN/Block) 	Elapsed: 0.04	Loglikelihood: -55201.5	(delta): 0.115511
37 (QN/Block) 	Elapsed: 0.044	Loglikelihood: -55201.4	(delta): 0.064756
38 (QN/Block) 	Elapsed: 0.044	Loglikelihood: -55201.3	(delta): 0.0918187
39 (QN/Block) 	Elapsed: 0.048	Loglikelihood: -55201.1	(delta): 0.150334
40 (QN/Block) 	Elapsed: 0.041	Loglikelihood: -55200.9	(delta): 0.227889
41 (QN/Block) 	Elapsed: 0.038	Loglikelihood: -55200.7	(delta): 0.20172
42 (QN/Block) 	Elapsed: 0.037	Loglikelihood: -55200.5	(delta): 0.185514
43 (QN/Block) 	Elapsed: 0.041	Loglikelihood: -55200.2	(delta): 0.311914
44 (QN/Block) 	Elapsed: 0.037	Loglikelihood: -55199.8	(delta): 0.405227
45 (QN/Block) 	Elapsed: 0.037	Loglikelihood: -55199.1	(delta): 0.709608
46 (QN/Block) 	Elapsed: 0.038	Loglikelihood: -55198.7	(delta): 0.391821
47 (QN/Block) 	Elapsed: 0.041	Loglikelihood: -55198.6	(delta): 0.0856978
48 (QN/Block) 	Elapsed: 0.045	Loglikelihood: -55198.5	(delta): 0.134103
49 (QN/Block) 	Elapsed: 0.045	Loglikelihood: -55198.4	(delta): 0.0733238
50 (QN/Block) 	Elapsed: 0.04	Loglikelihood: -55198.3	(delta): 0.0969375
51 (QN/Block) 	Elapsed: 0.044	Loglikelihood: -55198.3	(delta): 0.0383805
52 (QN/Block) 	Elapsed: 0.043	Loglikelihood: -55198.2	(delta): 0.0325154
53 (QN/Block) 	Elapsed: 0.038	Loglikelihood: -55198.2	(delta): 0.036494
54 (QN/Block) 	Elapsed: 0.041	Loglikelihood: -55198.2	(delta): 0.0416802
55 (QN/Block) 	Elapsed: 0.04	Loglikelihood: -55198.1	(delta): 0.047337
56 (QN/Block) 	Elapsed: 0.039	Loglikelihood: -55198.1	(delta): 0.0534464
57 (QN/Block) 	Elapsed: 0.04	Loglikelihood: -55198	(delta): 0.0599986
58 (QN/Block) 	Elapsed: 0.037	Loglikelihood: -55197.9	(delta): 0.0670889
59 (QN/Block) 	Elapsed: 0.04	Loglikelihood: -55197.9	(delta): 0.0748355
60 (QN/Block) 	Elapsed: 0.042	Loglikelihood: -55197.8	(delta): 0.0373563
61 (QN/Block) 	Elapsed: 0.034	Loglikelihood: -55197.8	(delta): 0.0260701
62 (QN/Block) 	Elapsed: 0.041	Loglikelihood: -55197.8	(delta): 0.0287141
63 (QN/Block) 	Elapsed: 0.039	Loglikelihood: -55197.7	(delta): 0.126326
64 (QN/Block) 	Elapsed: 0.043	Loglikelihood: -55197.6	(delta): 0.0301815
65 (QN/Block) 	Elapsed: 0.045	Loglikelihood: -55197.6	(delta): 0.00450893
66 (QN/Block) 	Elapsed: 0.039	Loglikelihood: -55197.6	(delta): 0.00590559
67 (QN/Block) 	Elapsed: 0.034	Loglikelihood: -55197.6	(delta): 0.00342319
68 (QN/Block) 	Elapsed: 0.042	Loglikelihood: -55197.6	(delta): 0.00119502
69 (QN/Block) 	Elapsed: 0.044	Loglikelihood: -55197.6	(delta): 0.000517701
70 (QN/Block) 	Elapsed: 0.038	Loglikelihood: -55197.6	(delta): 0.000188226
71 (QN/Block) 	Elapsed: 0.037	Loglikelihood: -55197.6	(delta): 3.04315e-05
72 (QN/Block) 	Elapsed: 0.035	Loglikelihood: -55197.6	(delta): 1.62485e-05
73 (QN/Block) 	Elapsed: 0.041	Loglikelihood: -55197.6	(delta): 4.2594e-06
74 (QN/Block) 	Elapsed: 0.045	Loglikelihood: -55197.6	(delta): 4.66091e-07
75 (QN/Block) 	Elapsed: 0.041	Loglikelihood: -55197.6	(delta): 3.06798e-07
76 (QN/Block) 	Elapsed: 0.038	Loglikelihood: -55197.6	(delta): 1.00772e-08
77 (QN/Block) 	Elapsed: 0.033	Loglikelihood: -55197.6	(delta): 1.52068e-09
78 (QN/Block) 	Elapsed: 0.033	Loglikelihood: -55197.6	(delta): 1.67347e-10
79 (QN/Block) 	Elapsed: 0.033	Loglikelihood: -55197.6	(delta): 1.09139e-10
80 (QN/Block) 	Elapsed: 0.042	Loglikelihood: -55197.6	(delta): 5.82077e-11
81 (QN/Block) 	Elapsed: 0.043	Loglikelihood: -55197.6	(delta): 1.45519e-11
82 (QN/Block) 	Elapsed: 0.048	Loglikelihood: -55197.6	(delta): 0
83 (QN/Block) 	Elapsed: 0.044	Loglikelihood: -55197.6	(delta): 0
84 (QN/Block) 	Elapsed: 0.041	Loglikelihood: -55197.6	(delta): 0
85 (QN/Block) 	Elapsed: 0.037	Loglikelihood: -55197.6	(delta): 1.45519e-11
86 (QN/Block) 	Elapsed: 0.044	Loglikelihood: -55197.6	(delta): 1.45519e-11
87 (QN/Block) 	Elapsed: 0.04	Loglikelihood: -55197.6	(delta): -1.45519e-11
88 (QN/Block) 	Elapsed: 0.042	Loglikelihood: -55197.6	(delta): 1.45519e-11
89 (QN/Block) 	Elapsed: 0.041	Loglikelihood: -55197.6	(delta): 7.27596e-12
90 (QN/Block) 	Elapsed: 0.037	Loglikelihood: -55197.6	(delta): -7.27596e-12
91 (QN/Block) 	Elapsed: 0.047	Loglikelihood: -55197.6	(delta): 7.27596e-12
92 (QN/Block) 	Elapsed: 0.034	Loglikelihood: -55197.6	(delta): 7.27596e-12
93 (QN/Block) 	Elapsed: 0.048	Loglikelihood: -55197.6	(delta): 0
94 (QN/Block) 	Elapsed: 0.035	Loglikelihood: -55197.6	(delta): 0
95 (QN/Block) 	Elapsed: 0.044	Loglikelihood: -55197.6	(delta): 2.18279e-11
96 (QN/Block) 	Elapsed: 0.04	Loglikelihood: -55197.6	(delta): -1.45519e-11
97 (QN/Block) 	Elapsed: 0.034	Loglikelihood: -55197.6	(delta): 1.45519e-11
98 (QN/Block) 	Elapsed: 0.046	Loglikelihood: -55197.6	(delta): 2.18279e-11
99 (QN/Block) 	Elapsed: 0.048	Loglikelihood: -55197.6	(delta): -1.45519e-11
100 (QN/Block) 	Elapsed: 0.051	Loglikelihood: -55197.6	(delta): 0
Summary: 
Converged in 100 iterations (4.257 sec)
Loglikelihood: -55197.604627
Fst divergences between estimated populations: 
	Pop0	Pop1	Pop2	Pop3	Pop4	Pop5	Pop6	Pop7	
Pop0	
Pop1	0.344	
Pop2	0.235	0.312	
Pop3	0.437	0.495	0.457	
Pop4	0.223	0.320	0.220	0.414	
Pop5	0.292	0.367	0.293	0.371	0.278	
Pop6	0.600	0.647	0.618	0.512	0.579	0.560	
Pop7	0.582	0.632	0.604	0.496	0.561	0.545	0.169	
Pop8	0.578	0.629	0.599	0.490	0.557	0.544	0.217	0.191	
CV error (K=9): 0.46815
Writing output files.
