****                   ADMIXTURE Version 1.3.0                  ****
****                    Copyright 2008-2015                     ****
****           David Alexander, Suyash Shringarpure,            ****
****                John  Novembre, Ken Lange                   ****
****                                                            ****
****                 Please cite our paper!                     ****
****   Information at www.genetics.ucla.edu/software/admixture  ****

Parallel execution requested.  Will use 8 threads.
Cross-validation will be performed.  Folds=10.
Random seed: 43
Point estimation method: Block relaxation algorithm
Convergence acceleration algorithm: QuasiNewton, 3 secant conditions
Point estimation will terminate at 100 iterations
Estimation of standard errors disabled; will compute point estimates only.
Size of G: 98x940
Performing five EM steps to prime main algorithm
1 (EM) 	Elapsed: 0.013	Loglikelihood: -46377.6	(delta): 81479.1
2 (EM) 	Elapsed: 0.013	Loglikelihood: -43321.7	(delta): 3055.92
3 (EM) 	Elapsed: 0.014	Loglikelihood: -42704.7	(delta): 616.99
4 (EM) 	Elapsed: 0.014	Loglikelihood: -42326.7	(delta): 378.013
5 (EM) 	Elapsed: 0.013	Loglikelihood: -42025.1	(delta): 301.563
Initial loglikelihood: -42025.1
Starting main algorithm
1 (QN/Block) 	Elapsed: 0.022	Loglikelihood: -37046.2	(delta): 4978.89
2 (QN/Block) 	Elapsed: 0.022	Loglikelihood: -35877.6	(delta): 1168.61
3 (QN/Block) 	Elapsed: 0.023	Loglikelihood: -35366.2	(delta): 511.387
4 (QN/Block) 	Elapsed: 0.026	Loglikelihood: -35020.7	(delta): 345.478
5 (QN/Block) 	Elapsed: 0.024	Loglikelihood: -34844.3	(delta): 176.47
6 (QN/Block) 	Elapsed: 0.023	Loglikelihood: -34742.8	(delta): 101.5
7 (QN/Block) 	Elapsed: 0.023	Loglikelihood: -34697.3	(delta): 45.43
8 (QN/Block) 	Elapsed: 0.024	Loglikelihood: -34673.8	(delta): 23.5624
9 (QN/Block) 	Elapsed: 0.02	Loglikelihood: -34654.8	(delta): 19.0008
10 (QN/Block) 	Elapsed: 0.019	Loglikelihood: -34630.1	(delta): 24.7006
11 (QN/Block) 	Elapsed: 0.02	Loglikelihood: -34591	(delta): 39.0866
12 (QN/Block) 	Elapsed: 0.022	Loglikelihood: -34567.3	(delta): 23.7043
13 (QN/Block) 	Elapsed: 0.025	Loglikelihood: -34553.7	(delta): 13.5758
14 (QN/Block) 	Elapsed: 0.023	Loglikelihood: -34538.7	(delta): 15.0173
15 (QN/Block) 	Elapsed: 0.021	Loglikelihood: -34521	(delta): 17.6589
16 (QN/Block) 	Elapsed: 0.026	Loglikelihood: -34502.2	(delta): 18.7782
17 (QN/Block) 	Elapsed: 0.025	Loglikelihood: -34487.3	(delta): 14.9909
18 (QN/Block) 	Elapsed: 0.024	Loglikelihood: -34470.3	(delta): 16.9307
19 (QN/Block) 	Elapsed: 0.024	Loglikelihood: -34462.8	(delta): 7.4705
20 (QN/Block) 	Elapsed: 0.025	Loglikelihood: -34460.2	(delta): 2.62816
21 (QN/Block) 	Elapsed: 0.026	Loglikelihood: -34457.8	(delta): 2.41474
22 (QN/Block) 	Elapsed: 0.026	Loglikelihood: -34456.1	(delta): 1.75391
23 (QN/Block) 	Elapsed: 0.021	Loglikelihood: -34452.5	(delta): 3.50267
24 (QN/Block) 	Elapsed: 0.023	Loglikelihood: -34451.2	(delta): 1.35854
25 (QN/Block) 	Elapsed: 0.026	Loglikelihood: -34450.5	(delta): 0.69002
26 (QN/Block) 	Elapsed: 0.029	Loglikelihood: -34450.1	(delta): 0.392124
27 (QN/Block) 	Elapsed: 0.027	Loglikelihood: -34448.9	(delta): 1.25552
28 (QN/Block) 	Elapsed: 0.027	Loglikelihood: -34447.5	(delta): 1.39576
29 (QN/Block) 	Elapsed: 0.027	Loglikelihood: -34446	(delta): 1.42146
30 (QN/Block) 	Elapsed: 0.022	Loglikelihood: -34444.9	(delta): 1.1369
31 (QN/Block) 	Elapsed: 0.02	Loglikelihood: -34444.7	(delta): 0.244115
32 (QN/Block) 	Elapsed: 0.019	Loglikelihood: -34444.4	(delta): 0.220165
33 (QN/Block) 	Elapsed: 0.019	Loglikelihood: -34444.2	(delta): 0.204462
34 (QN/Block) 	Elapsed: 0.022	Loglikelihood: -34443.9	(delta): 0.293138
35 (QN/Block) 	Elapsed: 0.027	Loglikelihood: -34443.8	(delta): 0.146428
36 (QN/Block) 	Elapsed: 0.025	Loglikelihood: -34443.7	(delta): 0.128505
37 (QN/Block) 	Elapsed: 0.022	Loglikelihood: -34443.6	(delta): 0.0634076
38 (QN/Block) 	Elapsed: 0.026	Loglikelihood: -34443.6	(delta): 0.0263517
39 (QN/Block) 	Elapsed: 0.026	Loglikelihood: -34443.6	(delta): 0.018684
40 (QN/Block) 	Elapsed: 0.025	Loglikelihood: -34443.5	(delta): 0.0213814
41 (QN/Block) 	Elapsed: 0.026	Loglikelihood: -34443.5	(delta): 0.0169298
42 (QN/Block) 	Elapsed: 0.028	Loglikelihood: -34443.5	(delta): 0.0372294
43 (QN/Block) 	Elapsed: 0.029	Loglikelihood: -34443.4	(delta): 0.116456
44 (QN/Block) 	Elapsed: 0.022	Loglikelihood: -34443.3	(delta): 0.0443849
45 (QN/Block) 	Elapsed: 0.024	Loglikelihood: -34443.2	(delta): 0.129525
46 (QN/Block) 	Elapsed: 0.024	Loglikelihood: -34443	(delta): 0.159998
47 (QN/Block) 	Elapsed: 0.025	Loglikelihood: -34442.9	(delta): 0.155732
48 (QN/Block) 	Elapsed: 0.025	Loglikelihood: -34442.8	(delta): 0.0623952
49 (QN/Block) 	Elapsed: 0.024	Loglikelihood: -34442.8	(delta): 0.0592555
50 (QN/Block) 	Elapsed: 0.024	Loglikelihood: -34442.6	(delta): 0.150552
51 (QN/Block) 	Elapsed: 0.024	Loglikelihood: -34442.5	(delta): 0.101399
52 (QN/Block) 	Elapsed: 0.021	Loglikelihood: -34442.4	(delta): 0.0571064
53 (QN/Block) 	Elapsed: 0.025	Loglikelihood: -34442.4	(delta): 0.055086
54 (QN/Block) 	Elapsed: 0.027	Loglikelihood: -34442.3	(delta): 0.101695
55 (QN/Block) 	Elapsed: 0.027	Loglikelihood: -34441.9	(delta): 0.397426
56 (QN/Block) 	Elapsed: 0.026	Loglikelihood: -34441.6	(delta): 0.330355
57 (QN/Block) 	Elapsed: 0.027	Loglikelihood: -34441.4	(delta): 0.142597
58 (QN/Block) 	Elapsed: 0.025	Loglikelihood: -34441.2	(delta): 0.176249
59 (QN/Block) 	Elapsed: 0.021	Loglikelihood: -34441.2	(delta): 0.0470459
60 (QN/Block) 	Elapsed: 0.019	Loglikelihood: -34441.2	(delta): 0.00331498
61 (QN/Block) 	Elapsed: 0.026	Loglikelihood: -34441.2	(delta): 0.00141869
62 (QN/Block) 	Elapsed: 0.019	Loglikelihood: -34441.2	(delta): 0.000296184
63 (QN/Block) 	Elapsed: 0.026	Loglikelihood: -34441.2	(delta): 8.83514e-06
64 (QN/Block) 	Elapsed: 0.026	Loglikelihood: -34441.2	(delta): 1.18309e-06
65 (QN/Block) 	Elapsed: 0.026	Loglikelihood: -34441.2	(delta): 1.92747e-07
66 (QN/Block) 	Elapsed: 0.022	Loglikelihood: -34441.2	(delta): 4.41942e-08
67 (QN/Block) 	Elapsed: 0.023	Loglikelihood: -34441.2	(delta): 3.44153e-09
68 (QN/Block) 	Elapsed: 0.023	Loglikelihood: -34441.2	(delta): 4.22006e-10
69 (QN/Block) 	Elapsed: 0.024	Loglikelihood: -34441.2	(delta): 4.36557e-11
70 (QN/Block) 	Elapsed: 0.024	Loglikelihood: -34441.2	(delta): 7.27596e-12
71 (QN/Block) 	Elapsed: 0.025	Loglikelihood: -34441.2	(delta): -7.27596e-12
72 (QN/Block) 	Elapsed: 0.025	Loglikelihood: -34441.2	(delta): 7.27596e-12
73 (QN/Block) 	Elapsed: 0.025	Loglikelihood: -34441.2	(delta): -7.27596e-12
74 (QN/Block) 	Elapsed: 0.027	Loglikelihood: -34441.2	(delta): 7.27596e-12
75 (QN/Block) 	Elapsed: 0.027	Loglikelihood: -34441.2	(delta): -7.27596e-12
76 (QN/Block) 	Elapsed: 0.025	Loglikelihood: -34441.2	(delta): -7.27596e-12
77 (QN/Block) 	Elapsed: 0.024	Loglikelihood: -34441.2	(delta): 0
78 (QN/Block) 	Elapsed: 0.025	Loglikelihood: -34441.2	(delta): 7.27596e-12
79 (QN/Block) 	Elapsed: 0.024	Loglikelihood: -34441.2	(delta): 0
80 (QN/Block) 	Elapsed: 0.025	Loglikelihood: -34441.2	(delta): 0
81 (QN/Block) 	Elapsed: 0.025	Loglikelihood: -34441.2	(delta): 0
82 (QN/Block) 	Elapsed: 0.029	Loglikelihood: -34441.2	(delta): 0
83 (QN/Block) 	Elapsed: 0.024	Loglikelihood: -34441.2	(delta): 0
84 (QN/Block) 	Elapsed: 0.025	Loglikelihood: -34441.2	(delta): -7.27596e-12
85 (QN/Block) 	Elapsed: 0.024	Loglikelihood: -34441.2	(delta): 0
86 (QN/Block) 	Elapsed: 0.025	Loglikelihood: -34441.2	(delta): 7.27596e-12
87 (QN/Block) 	Elapsed: 0.024	Loglikelihood: -34441.2	(delta): -7.27596e-12
88 (QN/Block) 	Elapsed: 0.028	Loglikelihood: -34441.2	(delta): 7.27596e-12
89 (QN/Block) 	Elapsed: 0.019	Loglikelihood: -34441.2	(delta): -7.27596e-12
90 (QN/Block) 	Elapsed: 0.029	Loglikelihood: -34441.2	(delta): 7.27596e-12
91 (QN/Block) 	Elapsed: 0.029	Loglikelihood: -34441.2	(delta): 0
92 (QN/Block) 	Elapsed: 0.03	Loglikelihood: -34441.2	(delta): 0
93 (QN/Block) 	Elapsed: 0.03	Loglikelihood: -34441.2	(delta): 0
94 (QN/Block) 	Elapsed: 0.03	Loglikelihood: -34441.2	(delta): -7.27596e-12
95 (QN/Block) 	Elapsed: 0.03	Loglikelihood: -34441.2	(delta): 0
96 (QN/Block) 	Elapsed: 0.02	Loglikelihood: -34441.2	(delta): 7.27596e-12
97 (QN/Block) 	Elapsed: 0.02	Loglikelihood: -34441.2	(delta): 0
98 (QN/Block) 	Elapsed: 0.025	Loglikelihood: -34441.2	(delta): -7.27596e-12
99 (QN/Block) 	Elapsed: 0.025	Loglikelihood: -34441.2	(delta): 7.27596e-12
100 (QN/Block) 	Elapsed: 0.026	Loglikelihood: -34441.2	(delta): -7.27596e-12
Summary: 
Converged in 100 iterations (2.625 sec)
Loglikelihood: -34441.186154
Fst divergences between estimated populations: 
	Pop0	Pop1	Pop2	Pop3	Pop4	Pop5	Pop6	Pop7	
Pop0	
Pop1	0.300	
Pop2	0.232	0.196	
Pop3	0.226	0.206	0.099	
Pop4	0.237	0.190	0.095	0.113	
Pop5	0.069	0.294	0.226	0.227	0.230	
Pop6	0.140	0.329	0.275	0.276	0.282	0.138	
Pop7	0.074	0.303	0.232	0.231	0.239	0.067	0.146	
Pop8	0.073	0.305	0.237	0.235	0.241	0.067	0.148	0.073	
CV error (K=9): 0.42116
Writing output files.
