****                   ADMIXTURE Version 1.3.0                  ****
****                    Copyright 2008-2015                     ****
****           David Alexander, Suyash Shringarpure,            ****
****                John  Novembre, Ken Lange                   ****
****                                                            ****
****                 Please cite our paper!                     ****
****   Information at www.genetics.ucla.edu/software/admixture  ****

Parallel execution requested.  Will use 8 threads.
Cross-validation will be performed.  Folds=10.
Random seed: 43
Point estimation method: Block relaxation algorithm
Convergence acceleration algorithm: QuasiNewton, 3 secant conditions
Point estimation will terminate at 100 iterations
Estimation of standard errors disabled; will compute point estimates only.
Size of G: 98x940
Performing five EM steps to prime main algorithm
1 (EM) 	Elapsed: 0.008	Loglikelihood: -46383	(delta): 84642.4
2 (EM) 	Elapsed: 0.008	Loglikelihood: -43537.7	(delta): 2845.27
3 (EM) 	Elapsed: 0.008	Loglikelihood: -42923.9	(delta): 613.816
4 (EM) 	Elapsed: 0.008	Loglikelihood: -42562.6	(delta): 361.316
5 (EM) 	Elapsed: 0.008	Loglikelihood: -42297	(delta): 265.644
Initial loglikelihood: -42297
Starting main algorithm
1 (QN/Block) 	Elapsed: 0.013	Loglikelihood: -37939	(delta): 4358
2 (QN/Block) 	Elapsed: 0.016	Loglikelihood: -36712.6	(delta): 1226.4
3 (QN/Block) 	Elapsed: 0.02	Loglikelihood: -36224.5	(delta): 488.042
4 (QN/Block) 	Elapsed: 0.02	Loglikelihood: -35940.3	(delta): 284.243
5 (QN/Block) 	Elapsed: 0.022	Loglikelihood: -35836.6	(delta): 103.715
6 (QN/Block) 	Elapsed: 0.019	Loglikelihood: -35790.4	(delta): 46.1957
7 (QN/Block) 	Elapsed: 0.02	Loglikelihood: -35764.6	(delta): 25.7461
8 (QN/Block) 	Elapsed: 0.018	Loglikelihood: -35743.2	(delta): 21.4333
9 (QN/Block) 	Elapsed: 0.018	Loglikelihood: -35727.9	(delta): 15.3158
10 (QN/Block) 	Elapsed: 0.016	Loglikelihood: -35718.3	(delta): 9.52424
11 (QN/Block) 	Elapsed: 0.02	Loglikelihood: -35711.1	(delta): 7.2159
12 (QN/Block) 	Elapsed: 0.018	Loglikelihood: -35706.6	(delta): 4.54836
13 (QN/Block) 	Elapsed: 0.017	Loglikelihood: -35697.6	(delta): 9.0175
14 (QN/Block) 	Elapsed: 0.015	Loglikelihood: -35692.9	(delta): 4.70145
15 (QN/Block) 	Elapsed: 0.02	Loglikelihood: -35691.2	(delta): 1.66505
16 (QN/Block) 	Elapsed: 0.02	Loglikelihood: -35690.7	(delta): 0.478087
17 (QN/Block) 	Elapsed: 0.019	Loglikelihood: -35688	(delta): 2.75635
18 (QN/Block) 	Elapsed: 0.02	Loglikelihood: -35686	(delta): 1.97973
19 (QN/Block) 	Elapsed: 0.019	Loglikelihood: -35683.6	(delta): 2.41629
20 (QN/Block) 	Elapsed: 0.019	Loglikelihood: -35682.2	(delta): 1.34578
21 (QN/Block) 	Elapsed: 0.018	Loglikelihood: -35678.9	(delta): 3.27517
22 (QN/Block) 	Elapsed: 0.014	Loglikelihood: -35676.4	(delta): 2.51485
23 (QN/Block) 	Elapsed: 0.015	Loglikelihood: -35675.6	(delta): 0.799226
24 (QN/Block) 	Elapsed: 0.019	Loglikelihood: -35673.8	(delta): 1.86012
25 (QN/Block) 	Elapsed: 0.018	Loglikelihood: -35670.4	(delta): 3.39247
26 (QN/Block) 	Elapsed: 0.02	Loglikelihood: -35667.4	(delta): 2.95157
27 (QN/Block) 	Elapsed: 0.018	Loglikelihood: -35666.4	(delta): 1.03687
28 (QN/Block) 	Elapsed: 0.019	Loglikelihood: -35665.9	(delta): 0.482331
29 (QN/Block) 	Elapsed: 0.017	Loglikelihood: -35665.5	(delta): 0.382598
30 (QN/Block) 	Elapsed: 0.016	Loglikelihood: -35665.1	(delta): 0.465136
31 (QN/Block) 	Elapsed: 0.019	Loglikelihood: -35664.4	(delta): 0.615593
32 (QN/Block) 	Elapsed: 0.017	Loglikelihood: -35663.4	(delta): 1.00948
33 (QN/Block) 	Elapsed: 0.019	Loglikelihood: -35662	(delta): 1.43452
34 (QN/Block) 	Elapsed: 0.018	Loglikelihood: -35661.3	(delta): 0.717227
35 (QN/Block) 	Elapsed: 0.019	Loglikelihood: -35660.4	(delta): 0.906214
36 (QN/Block) 	Elapsed: 0.019	Loglikelihood: -35659.8	(delta): 0.601552
37 (QN/Block) 	Elapsed: 0.019	Loglikelihood: -35659.1	(delta): 0.627709
38 (QN/Block) 	Elapsed: 0.018	Loglikelihood: -35658.5	(delta): 0.612719
39 (QN/Block) 	Elapsed: 0.015	Loglikelihood: -35658.1	(delta): 0.457333
40 (QN/Block) 	Elapsed: 0.015	Loglikelihood: -35657.5	(delta): 0.547999
41 (QN/Block) 	Elapsed: 0.015	Loglikelihood: -35656.9	(delta): 0.584059
42 (QN/Block) 	Elapsed: 0.014	Loglikelihood: -35656.2	(delta): 0.769114
43 (QN/Block) 	Elapsed: 0.017	Loglikelihood: -35655.1	(delta): 1.08724
44 (QN/Block) 	Elapsed: 0.02	Loglikelihood: -35653.5	(delta): 1.55338
45 (QN/Block) 	Elapsed: 0.017	Loglikelihood: -35652.6	(delta): 0.940178
46 (QN/Block) 	Elapsed: 0.016	Loglikelihood: -35651.9	(delta): 0.711586
47 (QN/Block) 	Elapsed: 0.016	Loglikelihood: -35651.7	(delta): 0.162848
48 (QN/Block) 	Elapsed: 0.016	Loglikelihood: -35651.6	(delta): 0.0824953
49 (QN/Block) 	Elapsed: 0.015	Loglikelihood: -35651.6	(delta): 0.0442612
50 (QN/Block) 	Elapsed: 0.014	Loglikelihood: -35651.5	(delta): 0.0910117
51 (QN/Block) 	Elapsed: 0.016	Loglikelihood: -35651.4	(delta): 0.149474
52 (QN/Block) 	Elapsed: 0.014	Loglikelihood: -35651.2	(delta): 0.101702
53 (QN/Block) 	Elapsed: 0.017	Loglikelihood: -35651.2	(delta): 0.0175984
54 (QN/Block) 	Elapsed: 0.017	Loglikelihood: -35651.2	(delta): 0.00681906
55 (QN/Block) 	Elapsed: 0.014	Loglikelihood: -35651.2	(delta): 0.00379589
56 (QN/Block) 	Elapsed: 0.016	Loglikelihood: -35651.2	(delta): 0.00498934
57 (QN/Block) 	Elapsed: 0.018	Loglikelihood: -35651.2	(delta): 0.00477973
58 (QN/Block) 	Elapsed: 0.018	Loglikelihood: -35651.2	(delta): 0.00508107
59 (QN/Block) 	Elapsed: 0.017	Loglikelihood: -35651.2	(delta): 0.0121044
60 (QN/Block) 	Elapsed: 0.018	Loglikelihood: -35651.2	(delta): 0.0136288
61 (QN/Block) 	Elapsed: 0.018	Loglikelihood: -35651.2	(delta): 0.00970026
62 (QN/Block) 	Elapsed: 0.02	Loglikelihood: -35651.2	(delta): 0.00730512
63 (QN/Block) 	Elapsed: 0.02	Loglikelihood: -35651.2	(delta): 0.00205174
64 (QN/Block) 	Elapsed: 0.018	Loglikelihood: -35651.2	(delta): 0.00205708
65 (QN/Block) 	Elapsed: 0.017	Loglikelihood: -35651.2	(delta): 0.00123533
66 (QN/Block) 	Elapsed: 0.015	Loglikelihood: -35651.2	(delta): 7.71744e-05
67 (QN/Block) 	Elapsed: 0.016	Loglikelihood: -35651.2	(delta): 5.88477e-05
68 (QN/Block) 	Elapsed: 0.017	Loglikelihood: -35651.2	(delta): 2.5309e-06
69 (QN/Block) 	Elapsed: 0.019	Loglikelihood: -35651.2	(delta): 9.74796e-07
70 (QN/Block) 	Elapsed: 0.017	Loglikelihood: -35651.2	(delta): 1.55829e-07
71 (QN/Block) 	Elapsed: 0.018	Loglikelihood: -35651.2	(delta): 2.6921e-09
72 (QN/Block) 	Elapsed: 0.021	Loglikelihood: -35651.2	(delta): 2.47383e-10
73 (QN/Block) 	Elapsed: 0.017	Loglikelihood: -35651.2	(delta): 5.09317e-11
74 (QN/Block) 	Elapsed: 0.019	Loglikelihood: -35651.2	(delta): 0
75 (QN/Block) 	Elapsed: 0.015	Loglikelihood: -35651.2	(delta): 7.27596e-12
76 (QN/Block) 	Elapsed: 0.018	Loglikelihood: -35651.2	(delta): 0
77 (QN/Block) 	Elapsed: 0.016	Loglikelihood: -35651.2	(delta): 0
78 (QN/Block) 	Elapsed: 0.02	Loglikelihood: -35651.2	(delta): -7.27596e-12
79 (QN/Block) 	Elapsed: 0.018	Loglikelihood: -35651.2	(delta): 7.27596e-12
80 (QN/Block) 	Elapsed: 0.018	Loglikelihood: -35651.2	(delta): -7.27596e-12
81 (QN/Block) 	Elapsed: 0.02	Loglikelihood: -35651.2	(delta): 7.27596e-12
82 (QN/Block) 	Elapsed: 0.018	Loglikelihood: -35651.2	(delta): -7.27596e-12
83 (QN/Block) 	Elapsed: 0.019	Loglikelihood: -35651.2	(delta): 0
84 (QN/Block) 	Elapsed: 0.02	Loglikelihood: -35651.2	(delta): 0
85 (QN/Block) 	Elapsed: 0.018	Loglikelihood: -35651.2	(delta): 7.27596e-12
86 (QN/Block) 	Elapsed: 0.02	Loglikelihood: -35651.2	(delta): 0
87 (QN/Block) 	Elapsed: 0.02	Loglikelihood: -35651.2	(delta): 0
88 (QN/Block) 	Elapsed: 0.018	Loglikelihood: -35651.2	(delta): 0
89 (QN/Block) 	Elapsed: 0.02	Loglikelihood: -35651.2	(delta): 0
90 (QN/Block) 	Elapsed: 0.019	Loglikelihood: -35651.2	(delta): 0
91 (QN/Block) 	Elapsed: 0.02	Loglikelihood: -35651.2	(delta): -7.27596e-12
92 (QN/Block) 	Elapsed: 0.019	Loglikelihood: -35651.2	(delta): 0
93 (QN/Block) 	Elapsed: 0.02	Loglikelihood: -35651.2	(delta): 0
94 (QN/Block) 	Elapsed: 0.02	Loglikelihood: -35651.2	(delta): 7.27596e-12
95 (QN/Block) 	Elapsed: 0.018	Loglikelihood: -35651.2	(delta): 0
96 (QN/Block) 	Elapsed: 0.016	Loglikelihood: -35651.2	(delta): -7.27596e-12
97 (QN/Block) 	Elapsed: 0.018	Loglikelihood: -35651.2	(delta): 0
98 (QN/Block) 	Elapsed: 0.018	Loglikelihood: -35651.2	(delta): 7.27596e-12
99 (QN/Block) 	Elapsed: 0.019	Loglikelihood: -35651.2	(delta): 0
100 (QN/Block) 	Elapsed: 0.017	Loglikelihood: -35651.2	(delta): 0
Summary: 
Converged in 100 iterations (1.925 sec)
Loglikelihood: -35651.158587
Fst divergences between estimated populations: 
	Pop0	Pop1	Pop2	Pop3	Pop4	
Pop0	
Pop1	0.234	
Pop2	0.089	0.242	
Pop3	0.068	0.236	0.085	
Pop4	0.211	0.087	0.225	0.217	
Pop5	0.061	0.226	0.089	0.062	0.204	
CV error (K=6): 0.36526
Writing output files.
