****                   ADMIXTURE Version 1.3.0                  ****
****                    Copyright 2008-2015                     ****
****           David Alexander, Suyash Shringarpure,            ****
****                John  Novembre, Ken Lange                   ****
****                                                            ****
****                 Please cite our paper!                     ****
****   Information at www.genetics.ucla.edu/software/admixture  ****

Parallel execution requested.  Will use 8 threads.
Cross-validation will be performed.  Folds=10.
Random seed: 43
Point estimation method: Block relaxation algorithm
Convergence acceleration algorithm: QuasiNewton, 3 secant conditions
Point estimation will terminate at 100 iterations
Estimation of standard errors disabled; will compute point estimates only.
Size of G: 98x940
Performing five EM steps to prime main algorithm
1 (EM) 	Elapsed: 0.006	Loglikelihood: -46412.9	(delta): 87759
2 (EM) 	Elapsed: 0.006	Loglikelihood: -43524.6	(delta): 2888.29
3 (EM) 	Elapsed: 0.006	Loglikelihood: -42925.9	(delta): 598.662
4 (EM) 	Elapsed: 0.006	Loglikelihood: -42584.9	(delta): 341.026
5 (EM) 	Elapsed: 0.006	Loglikelihood: -42337.8	(delta): 247.15
Initial loglikelihood: -42337.8
Starting main algorithm
1 (QN/Block) 	Elapsed: 0.012	Loglikelihood: -38100.8	(delta): 4236.95
2 (QN/Block) 	Elapsed: 0.012	Loglikelihood: -37097.2	(delta): 1003.63
3 (QN/Block) 	Elapsed: 0.016	Loglikelihood: -36624.9	(delta): 472.298
4 (QN/Block) 	Elapsed: 0.017	Loglikelihood: -36378.6	(delta): 246.276
5 (QN/Block) 	Elapsed: 0.013	Loglikelihood: -36267.7	(delta): 110.875
6 (QN/Block) 	Elapsed: 0.016	Loglikelihood: -36231.3	(delta): 36.4792
7 (QN/Block) 	Elapsed: 0.016	Loglikelihood: -36216.6	(delta): 14.6218
8 (QN/Block) 	Elapsed: 0.016	Loglikelihood: -36204.1	(delta): 12.5787
9 (QN/Block) 	Elapsed: 0.015	Loglikelihood: -36199.9	(delta): 4.10349
10 (QN/Block) 	Elapsed: 0.017	Loglikelihood: -36197	(delta): 2.9667
11 (QN/Block) 	Elapsed: 0.016	Loglikelihood: -36194.9	(delta): 2.09803
12 (QN/Block) 	Elapsed: 0.015	Loglikelihood: -36191.3	(delta): 3.58266
13 (QN/Block) 	Elapsed: 0.017	Loglikelihood: -36190.2	(delta): 1.09296
14 (QN/Block) 	Elapsed: 0.015	Loglikelihood: -36189.3	(delta): 0.876779
15 (QN/Block) 	Elapsed: 0.016	Loglikelihood: -36188.2	(delta): 1.13944
16 (QN/Block) 	Elapsed: 0.014	Loglikelihood: -36186.5	(delta): 1.67169
17 (QN/Block) 	Elapsed: 0.015	Loglikelihood: -36185.3	(delta): 1.21258
18 (QN/Block) 	Elapsed: 0.019	Loglikelihood: -36184.6	(delta): 0.740696
19 (QN/Block) 	Elapsed: 0.018	Loglikelihood: -36183.9	(delta): 0.634483
20 (QN/Block) 	Elapsed: 0.017	Loglikelihood: -36183.6	(delta): 0.318114
21 (QN/Block) 	Elapsed: 0.017	Loglikelihood: -36182.9	(delta): 0.664536
22 (QN/Block) 	Elapsed: 0.017	Loglikelihood: -36182.6	(delta): 0.322823
23 (QN/Block) 	Elapsed: 0.015	Loglikelihood: -36182.5	(delta): 0.165127
24 (QN/Block) 	Elapsed: 0.016	Loglikelihood: -36182.3	(delta): 0.171458
25 (QN/Block) 	Elapsed: 0.017	Loglikelihood: -36181.8	(delta): 0.479208
26 (QN/Block) 	Elapsed: 0.018	Loglikelihood: -36181.4	(delta): 0.400772
27 (QN/Block) 	Elapsed: 0.018	Loglikelihood: -36180.7	(delta): 0.661158
28 (QN/Block) 	Elapsed: 0.018	Loglikelihood: -36179.8	(delta): 0.960622
29 (QN/Block) 	Elapsed: 0.017	Loglikelihood: -36178.7	(delta): 1.12654
30 (QN/Block) 	Elapsed: 0.018	Loglikelihood: -36177.9	(delta): 0.742853
31 (QN/Block) 	Elapsed: 0.016	Loglikelihood: -36177.6	(delta): 0.289018
32 (QN/Block) 	Elapsed: 0.017	Loglikelihood: -36177.3	(delta): 0.352225
33 (QN/Block) 	Elapsed: 0.015	Loglikelihood: -36177	(delta): 0.285505
34 (QN/Block) 	Elapsed: 0.014	Loglikelihood: -36176.8	(delta): 0.223479
35 (QN/Block) 	Elapsed: 0.013	Loglikelihood: -36176.8	(delta): 0.00584204
36 (QN/Block) 	Elapsed: 0.012	Loglikelihood: -36176.7	(delta): 0.0515282
37 (QN/Block) 	Elapsed: 0.014	Loglikelihood: -36176.6	(delta): 0.130455
38 (QN/Block) 	Elapsed: 0.013	Loglikelihood: -36176.3	(delta): 0.26459
39 (QN/Block) 	Elapsed: 0.013	Loglikelihood: -36176.3	(delta): 0.0120816
40 (QN/Block) 	Elapsed: 0.018	Loglikelihood: -36176.3	(delta): 0.000350962
41 (QN/Block) 	Elapsed: 0.015	Loglikelihood: -36176.3	(delta): 0.000225181
42 (QN/Block) 	Elapsed: 0.014	Loglikelihood: -36176.3	(delta): 0.000120517
43 (QN/Block) 	Elapsed: 0.017	Loglikelihood: -36176.3	(delta): 5.36011e-05
44 (QN/Block) 	Elapsed: 0.018	Loglikelihood: -36176.3	(delta): 3.86539e-05
45 (QN/Block) 	Elapsed: 0.016	Loglikelihood: -36176.3	(delta): 7.69666e-05
46 (QN/Block) 	Elapsed: 0.016	Loglikelihood: -36176.3	(delta): 2.72111e-05
47 (QN/Block) 	Elapsed: 0.016	Loglikelihood: -36176.3	(delta): 9.08869e-07
48 (QN/Block) 	Elapsed: 0.016	Loglikelihood: -36176.3	(delta): 8.88176e-08
49 (QN/Block) 	Elapsed: 0.016	Loglikelihood: -36176.3	(delta): 1.76587e-08
50 (QN/Block) 	Elapsed: 0.018	Loglikelihood: -36176.3	(delta): 6.59929e-09
51 (QN/Block) 	Elapsed: 0.016	Loglikelihood: -36176.3	(delta): 4.2055e-09
52 (QN/Block) 	Elapsed: 0.016	Loglikelihood: -36176.3	(delta): 1.3315e-09
53 (QN/Block) 	Elapsed: 0.017	Loglikelihood: -36176.3	(delta): 9.74978e-10
54 (QN/Block) 	Elapsed: 0.016	Loglikelihood: -36176.3	(delta): 2.40107e-10
55 (QN/Block) 	Elapsed: 0.017	Loglikelihood: -36176.3	(delta): 8.73115e-11
56 (QN/Block) 	Elapsed: 0.017	Loglikelihood: -36176.3	(delta): 3.63798e-11
57 (QN/Block) 	Elapsed: 0.016	Loglikelihood: -36176.3	(delta): 3.63798e-11
58 (QN/Block) 	Elapsed: 0.016	Loglikelihood: -36176.3	(delta): 7.27596e-12
59 (QN/Block) 	Elapsed: 0.018	Loglikelihood: -36176.3	(delta): 7.27596e-12
60 (QN/Block) 	Elapsed: 0.018	Loglikelihood: -36176.3	(delta): 0
61 (QN/Block) 	Elapsed: 0.019	Loglikelihood: -36176.3	(delta): 0
62 (QN/Block) 	Elapsed: 0.018	Loglikelihood: -36176.3	(delta): 0
63 (QN/Block) 	Elapsed: 0.018	Loglikelihood: -36176.3	(delta): 0
64 (QN/Block) 	Elapsed: 0.018	Loglikelihood: -36176.3	(delta): 7.27596e-12
65 (QN/Block) 	Elapsed: 0.017	Loglikelihood: -36176.3	(delta): -7.27596e-12
66 (QN/Block) 	Elapsed: 0.018	Loglikelihood: -36176.3	(delta): 0
67 (QN/Block) 	Elapsed: 0.017	Loglikelihood: -36176.3	(delta): 7.27596e-12
68 (QN/Block) 	Elapsed: 0.017	Loglikelihood: -36176.3	(delta): -1.45519e-11
69 (QN/Block) 	Elapsed: 0.017	Loglikelihood: -36176.3	(delta): 7.27596e-12
70 (QN/Block) 	Elapsed: 0.018	Loglikelihood: -36176.3	(delta): 0
71 (QN/Block) 	Elapsed: 0.017	Loglikelihood: -36176.3	(delta): 7.27596e-12
72 (QN/Block) 	Elapsed: 0.018	Loglikelihood: -36176.3	(delta): 0
73 (QN/Block) 	Elapsed: 0.018	Loglikelihood: -36176.3	(delta): -7.27596e-12
74 (QN/Block) 	Elapsed: 0.017	Loglikelihood: -36176.3	(delta): 7.27596e-12
75 (QN/Block) 	Elapsed: 0.018	Loglikelihood: -36176.3	(delta): -7.27596e-12
76 (QN/Block) 	Elapsed: 0.017	Loglikelihood: -36176.3	(delta): 0
77 (QN/Block) 	Elapsed: 0.017	Loglikelihood: -36176.3	(delta): 0
78 (QN/Block) 	Elapsed: 0.017	Loglikelihood: -36176.3	(delta): 0
79 (QN/Block) 	Elapsed: 0.017	Loglikelihood: -36176.3	(delta): 0
80 (QN/Block) 	Elapsed: 0.017	Loglikelihood: -36176.3	(delta): 0
81 (QN/Block) 	Elapsed: 0.017	Loglikelihood: -36176.3	(delta): 0
82 (QN/Block) 	Elapsed: 0.021	Loglikelihood: -36176.3	(delta): 0
83 (QN/Block) 	Elapsed: 0.02	Loglikelihood: -36176.3	(delta): 0
84 (QN/Block) 	Elapsed: 0.016	Loglikelihood: -36176.3	(delta): 0
85 (QN/Block) 	Elapsed: 0.018	Loglikelihood: -36176.3	(delta): 0
86 (QN/Block) 	Elapsed: 0.02	Loglikelihood: -36176.3	(delta): 0
87 (QN/Block) 	Elapsed: 0.019	Loglikelihood: -36176.3	(delta): 7.27596e-12
88 (QN/Block) 	Elapsed: 0.019	Loglikelihood: -36176.3	(delta): -7.27596e-12
89 (QN/Block) 	Elapsed: 0.019	Loglikelihood: -36176.3	(delta): 0
90 (QN/Block) 	Elapsed: 0.02	Loglikelihood: -36176.3	(delta): 7.27596e-12
91 (QN/Block) 	Elapsed: 0.019	Loglikelihood: -36176.3	(delta): -7.27596e-12
92 (QN/Block) 	Elapsed: 0.018	Loglikelihood: -36176.3	(delta): 0
93 (QN/Block) 	Elapsed: 0.021	Loglikelihood: -36176.3	(delta): -7.27596e-12
94 (QN/Block) 	Elapsed: 0.019	Loglikelihood: -36176.3	(delta): 7.27596e-12
95 (QN/Block) 	Elapsed: 0.021	Loglikelihood: -36176.3	(delta): 0
96 (QN/Block) 	Elapsed: 0.017	Loglikelihood: -36176.3	(delta): 0
97 (QN/Block) 	Elapsed: 0.019	Loglikelihood: -36176.3	(delta): 0
98 (QN/Block) 	Elapsed: 0.019	Loglikelihood: -36176.3	(delta): 0
99 (QN/Block) 	Elapsed: 0.02	Loglikelihood: -36176.3	(delta): 0
100 (QN/Block) 	Elapsed: 0.018	Loglikelihood: -36176.3	(delta): 0
Summary: 
Converged in 100 iterations (1.815 sec)
Loglikelihood: -36176.301714
Fst divergences between estimated populations: 
	Pop0	Pop1	Pop2	Pop3	
Pop0	
Pop1	0.206	
Pop2	0.048	0.211	
Pop3	0.213	0.078	0.220	
Pop4	0.067	0.214	0.067	0.223	
CV error (K=5): 0.35125
Writing output files.
