****                   ADMIXTURE Version 1.3.0                  ****
****                    Copyright 2008-2015                     ****
****           David Alexander, Suyash Shringarpure,            ****
****                John  Novembre, Ken Lange                   ****
****                                                            ****
****                 Please cite our paper!                     ****
****   Information at www.genetics.ucla.edu/software/admixture  ****

Parallel execution requested.  Will use 8 threads.
Cross-validation will be performed.  Folds=10.
Random seed: 43
Point estimation method: Block relaxation algorithm
Convergence acceleration algorithm: QuasiNewton, 3 secant conditions
Point estimation will terminate at 100 iterations
Estimation of standard errors disabled; will compute point estimates only.
Size of G: 98x940
Performing five EM steps to prime main algorithm
1 (EM) 	Elapsed: 0.005	Loglikelihood: -46318.6	(delta): 87801.8
2 (EM) 	Elapsed: 0.005	Loglikelihood: -43601	(delta): 2717.61
3 (EM) 	Elapsed: 0.005	Loglikelihood: -43026.5	(delta): 574.551
4 (EM) 	Elapsed: 0.005	Loglikelihood: -42706.8	(delta): 319.623
5 (EM) 	Elapsed: 0.005	Loglikelihood: -42490.3	(delta): 216.562
Initial loglikelihood: -42490.3
Starting main algorithm
1 (QN/Block) 	Elapsed: 0.01	Loglikelihood: -38648.8	(delta): 3841.53
2 (QN/Block) 	Elapsed: 0.01	Loglikelihood: -37528.2	(delta): 1120.51
3 (QN/Block) 	Elapsed: 0.014	Loglikelihood: -37064.3	(delta): 463.924
4 (QN/Block) 	Elapsed: 0.015	Loglikelihood: -36822.6	(delta): 241.711
5 (QN/Block) 	Elapsed: 0.014	Loglikelihood: -36738.1	(delta): 84.4936
6 (QN/Block) 	Elapsed: 0.012	Loglikelihood: -36711.5	(delta): 26.5922
7 (QN/Block) 	Elapsed: 0.012	Loglikelihood: -36705.7	(delta): 5.82209
8 (QN/Block) 	Elapsed: 0.014	Loglikelihood: -36698	(delta): 7.73774
9 (QN/Block) 	Elapsed: 0.014	Loglikelihood: -36689.5	(delta): 8.46299
10 (QN/Block) 	Elapsed: 0.015	Loglikelihood: -36687.3	(delta): 2.25038
11 (QN/Block) 	Elapsed: 0.014	Loglikelihood: -36686.4	(delta): 0.853054
12 (QN/Block) 	Elapsed: 0.015	Loglikelihood: -36685.5	(delta): 0.925511
13 (QN/Block) 	Elapsed: 0.015	Loglikelihood: -36683.1	(delta): 2.35391
14 (QN/Block) 	Elapsed: 0.013	Loglikelihood: -36681.3	(delta): 1.85881
15 (QN/Block) 	Elapsed: 0.014	Loglikelihood: -36679.9	(delta): 1.38032
16 (QN/Block) 	Elapsed: 0.012	Loglikelihood: -36678.9	(delta): 0.971036
17 (QN/Block) 	Elapsed: 0.012	Loglikelihood: -36678.5	(delta): 0.382892
18 (QN/Block) 	Elapsed: 0.012	Loglikelihood: -36678.5	(delta): 0.0125218
19 (QN/Block) 	Elapsed: 0.014	Loglikelihood: -36678.5	(delta): 0.0021092
20 (QN/Block) 	Elapsed: 0.014	Loglikelihood: -36678.5	(delta): 0.000772959
21 (QN/Block) 	Elapsed: 0.014	Loglikelihood: -36678.5	(delta): 0.000292107
22 (QN/Block) 	Elapsed: 0.014	Loglikelihood: -36678.5	(delta): 2.29937e-05
23 (QN/Block) 	Elapsed: 0.012	Loglikelihood: -36678.5	(delta): 1.30303e-05
24 (QN/Block) 	Elapsed: 0.013	Loglikelihood: -36678.5	(delta): 4.4117e-07
25 (QN/Block) 	Elapsed: 0.013	Loglikelihood: -36678.5	(delta): 8.36735e-08
26 (QN/Block) 	Elapsed: 0.012	Loglikelihood: -36678.5	(delta): 6.79574e-09
27 (QN/Block) 	Elapsed: 0.012	Loglikelihood: -36678.5	(delta): 1.34605e-09
28 (QN/Block) 	Elapsed: 0.011	Loglikelihood: -36678.5	(delta): 1.30967e-10
29 (QN/Block) 	Elapsed: 0.013	Loglikelihood: -36678.5	(delta): 2.18279e-11
30 (QN/Block) 	Elapsed: 0.013	Loglikelihood: -36678.5	(delta): 7.27596e-12
31 (QN/Block) 	Elapsed: 0.018	Loglikelihood: -36678.5	(delta): 0
32 (QN/Block) 	Elapsed: 0.015	Loglikelihood: -36678.5	(delta): 7.27596e-12
33 (QN/Block) 	Elapsed: 0.014	Loglikelihood: -36678.5	(delta): 0
34 (QN/Block) 	Elapsed: 0.015	Loglikelihood: -36678.5	(delta): -7.27596e-12
35 (QN/Block) 	Elapsed: 0.015	Loglikelihood: -36678.5	(delta): 0
36 (QN/Block) 	Elapsed: 0.014	Loglikelihood: -36678.5	(delta): 0
37 (QN/Block) 	Elapsed: 0.015	Loglikelihood: -36678.5	(delta): -7.27596e-12
38 (QN/Block) 	Elapsed: 0.014	Loglikelihood: -36678.5	(delta): 7.27596e-12
39 (QN/Block) 	Elapsed: 0.011	Loglikelihood: -36678.5	(delta): 0
40 (QN/Block) 	Elapsed: 0.013	Loglikelihood: -36678.5	(delta): -7.27596e-12
41 (QN/Block) 	Elapsed: 0.014	Loglikelihood: -36678.5	(delta): 7.27596e-12
42 (QN/Block) 	Elapsed: 0.015	Loglikelihood: -36678.5	(delta): 0
43 (QN/Block) 	Elapsed: 0.015	Loglikelihood: -36678.5	(delta): 0
44 (QN/Block) 	Elapsed: 0.015	Loglikelihood: -36678.5	(delta): 0
45 (QN/Block) 	Elapsed: 0.015	Loglikelihood: -36678.5	(delta): -7.27596e-12
46 (QN/Block) 	Elapsed: 0.015	Loglikelihood: -36678.5	(delta): 7.27596e-12
47 (QN/Block) 	Elapsed: 0.011	Loglikelihood: -36678.5	(delta): 0
48 (QN/Block) 	Elapsed: 0.011	Loglikelihood: -36678.5	(delta): 0
49 (QN/Block) 	Elapsed: 0.012	Loglikelihood: -36678.5	(delta): 7.27596e-12
50 (QN/Block) 	Elapsed: 0.014	Loglikelihood: -36678.5	(delta): -7.27596e-12
51 (QN/Block) 	Elapsed: 0.011	Loglikelihood: -36678.5	(delta): 0
52 (QN/Block) 	Elapsed: 0.013	Loglikelihood: -36678.5	(delta): 7.27596e-12
53 (QN/Block) 	Elapsed: 0.014	Loglikelihood: -36678.5	(delta): -1.45519e-11
54 (QN/Block) 	Elapsed: 0.014	Loglikelihood: -36678.5	(delta): 7.27596e-12
55 (QN/Block) 	Elapsed: 0.015	Loglikelihood: -36678.5	(delta): 0
56 (QN/Block) 	Elapsed: 0.015	Loglikelihood: -36678.5	(delta): 0
57 (QN/Block) 	Elapsed: 0.015	Loglikelihood: -36678.5	(delta): 0
58 (QN/Block) 	Elapsed: 0.014	Loglikelihood: -36678.5	(delta): 0
59 (QN/Block) 	Elapsed: 0.013	Loglikelihood: -36678.5	(delta): -7.27596e-12
60 (QN/Block) 	Elapsed: 0.013	Loglikelihood: -36678.5	(delta): 7.27596e-12
61 (QN/Block) 	Elapsed: 0.012	Loglikelihood: -36678.5	(delta): 0
62 (QN/Block) 	Elapsed: 0.012	Loglikelihood: -36678.5	(delta): 0
63 (QN/Block) 	Elapsed: 0.015	Loglikelihood: -36678.5	(delta): 0
64 (QN/Block) 	Elapsed: 0.016	Loglikelihood: -36678.5	(delta): -7.27596e-12
65 (QN/Block) 	Elapsed: 0.016	Loglikelihood: -36678.5	(delta): 7.27596e-12
66 (QN/Block) 	Elapsed: 0.015	Loglikelihood: -36678.5	(delta): 0
67 (QN/Block) 	Elapsed: 0.014	Loglikelihood: -36678.5	(delta): 0
68 (QN/Block) 	Elapsed: 0.015	Loglikelihood: -36678.5	(delta): 0
69 (QN/Block) 	Elapsed: 0.015	Loglikelihood: -36678.5	(delta): 0
70 (QN/Block) 	Elapsed: 0.015	Loglikelihood: -36678.5	(delta): 0
71 (QN/Block) 	Elapsed: 0.014	Loglikelihood: -36678.5	(delta): 0
72 (QN/Block) 	Elapsed: 0.015	Loglikelihood: -36678.5	(delta): 0
73 (QN/Block) 	Elapsed: 0.016	Loglikelihood: -36678.5	(delta): 0
74 (QN/Block) 	Elapsed: 0.016	Loglikelihood: -36678.5	(delta): 0
75 (QN/Block) 	Elapsed: 0.017	Loglikelihood: -36678.5	(delta): 0
76 (QN/Block) 	Elapsed: 0.015	Loglikelihood: -36678.5	(delta): 0
77 (QN/Block) 	Elapsed: 0.016	Loglikelihood: -36678.5	(delta): 0
78 (QN/Block) 	Elapsed: 0.014	Loglikelihood: -36678.5	(delta): -7.27596e-12
79 (QN/Block) 	Elapsed: 0.015	Loglikelihood: -36678.5	(delta): 7.27596e-12
80 (QN/Block) 	Elapsed: 0.015	Loglikelihood: -36678.5	(delta): 0
81 (QN/Block) 	Elapsed: 0.016	Loglikelihood: -36678.5	(delta): 0
82 (QN/Block) 	Elapsed: 0.015	Loglikelihood: -36678.5	(delta): 0
83 (QN/Block) 	Elapsed: 0.015	Loglikelihood: -36678.5	(delta): -7.27596e-12
84 (QN/Block) 	Elapsed: 0.015	Loglikelihood: -36678.5	(delta): 0
85 (QN/Block) 	Elapsed: 0.015	Loglikelihood: -36678.5	(delta): 7.27596e-12
86 (QN/Block) 	Elapsed: 0.014	Loglikelihood: -36678.5	(delta): 0
87 (QN/Block) 	Elapsed: 0.016	Loglikelihood: -36678.5	(delta): 0
88 (QN/Block) 	Elapsed: 0.016	Loglikelihood: -36678.5	(delta): 0
89 (QN/Block) 	Elapsed: 0.017	Loglikelihood: -36678.5	(delta): -7.27596e-12
90 (QN/Block) 	Elapsed: 0.016	Loglikelihood: -36678.5	(delta): 7.27596e-12
91 (QN/Block) 	Elapsed: 0.015	Loglikelihood: -36678.5	(delta): 0
92 (QN/Block) 	Elapsed: 0.012	Loglikelihood: -36678.5	(delta): -7.27596e-12
93 (QN/Block) 	Elapsed: 0.014	Loglikelihood: -36678.5	(delta): 0
94 (QN/Block) 	Elapsed: 0.015	Loglikelihood: -36678.5	(delta): 7.27596e-12
95 (QN/Block) 	Elapsed: 0.015	Loglikelihood: -36678.5	(delta): 0
96 (QN/Block) 	Elapsed: 0.015	Loglikelihood: -36678.5	(delta): 0
97 (QN/Block) 	Elapsed: 0.015	Loglikelihood: -36678.5	(delta): 0
98 (QN/Block) 	Elapsed: 0.015	Loglikelihood: -36678.5	(delta): 0
99 (QN/Block) 	Elapsed: 0.014	Loglikelihood: -36678.5	(delta): 0
100 (QN/Block) 	Elapsed: 0.014	Loglikelihood: -36678.5	(delta): 0
Summary: 
Converged in 100 iterations (1.526 sec)
Loglikelihood: -36678.513849
Fst divergences between estimated populations: 
	Pop0	Pop1	Pop2	
Pop0	
Pop1	0.198	
Pop2	0.051	0.199	
Pop3	0.072	0.211	0.070	
CV error (K=4): 0.33387
Writing output files.
