PLINK v1.90b6.21 64-bit (19 Oct 2020)
Options in effect:
  --allow-extra-chr 0
  --const-fid
  --make-bed
  --out 20percent_lm_1diii_nc-wnr_7/lm_2bi_1diii_nc-wnr_20
  --vcf ../../data/lm_1diii_nc-wnr_20_unlinked.vcf

Hostname: kprata.local
Working directory: /Users/kprata/Dropbox/agaricia_project_2019/shalo_ag/gen_project/2 - Population Structure/2b - Admixture
Start time: Mon Jun  6 16:45:45 2022

Random number seed: 1654497945
16384 MB RAM detected; reserving 8192 MB for main workspace.
--vcf: 20percent_lm_1diii_nc-wnr_7/lm_2bi_1diii_nc-wnr_20-temporary.bed +
20percent_lm_1diii_nc-wnr_7/lm_2bi_1diii_nc-wnr_20-temporary.bim +
20percent_lm_1diii_nc-wnr_7/lm_2bi_1diii_nc-wnr_20-temporary.fam written.
940 variants loaded from .bim file.
98 people (0 males, 0 females, 98 ambiguous) loaded from .fam.
Ambiguous sex IDs written to
20percent_lm_1diii_nc-wnr_7/lm_2bi_1diii_nc-wnr_20.nosex .
Using 1 thread (no multithreaded calculations invoked).
Before main variant filters, 98 founders and 0 nonfounders present.
Calculating allele frequencies... done.
Total genotyping rate is 0.948958.
940 variants and 98 people pass filters and QC.
Note: No phenotypes present.
--make-bed to 20percent_lm_1diii_nc-wnr_7/lm_2bi_1diii_nc-wnr_20.bed +
20percent_lm_1diii_nc-wnr_7/lm_2bi_1diii_nc-wnr_20.bim +
20percent_lm_1diii_nc-wnr_7/lm_2bi_1diii_nc-wnr_20.fam ... done.

End time: Mon Jun  6 16:45:45 2022
