****                   ADMIXTURE Version 1.3.0                  ****
****                    Copyright 2008-2015                     ****
****           David Alexander, Suyash Shringarpure,            ****
****                John  Novembre, Ken Lange                   ****
****                                                            ****
****                 Please cite our paper!                     ****
****   Information at www.genetics.ucla.edu/software/admixture  ****

Parallel execution requested.  Will use 8 threads.
Cross-validation will be performed.  Folds=10.
Random seed: 43
Point estimation method: Block relaxation algorithm
Convergence acceleration algorithm: QuasiNewton, 3 secant conditions
Point estimation will terminate at 100 iterations
Estimation of standard errors disabled; will compute point estimates only.
Size of G: 98x940
Performing five EM steps to prime main algorithm
1 (EM) 	Elapsed: 0.013	Loglikelihood: -46833.1	(delta): 81000.7
2 (EM) 	Elapsed: 0.013	Loglikelihood: -43720.4	(delta): 3112.72
3 (EM) 	Elapsed: 0.013	Loglikelihood: -43091.1	(delta): 629.285
4 (EM) 	Elapsed: 0.013	Loglikelihood: -42708.1	(delta): 383.031
5 (EM) 	Elapsed: 0.013	Loglikelihood: -42402.2	(delta): 305.875
Initial loglikelihood: -42402.2
Starting main algorithm
1 (QN/Block) 	Elapsed: 0.022	Loglikelihood: -37495.7	(delta): 4906.5
2 (QN/Block) 	Elapsed: 0.019	Loglikelihood: -36384.4	(delta): 1111.36
3 (QN/Block) 	Elapsed: 0.021	Loglikelihood: -35842.9	(delta): 541.427
4 (QN/Block) 	Elapsed: 0.019	Loglikelihood: -35555	(delta): 287.902
5 (QN/Block) 	Elapsed: 0.02	Loglikelihood: -35387.1	(delta): 167.908
6 (QN/Block) 	Elapsed: 0.019	Loglikelihood: -35322.5	(delta): 64.6695
7 (QN/Block) 	Elapsed: 0.019	Loglikelihood: -35264.5	(delta): 57.9875
8 (QN/Block) 	Elapsed: 0.019	Loglikelihood: -35234.3	(delta): 30.1539
9 (QN/Block) 	Elapsed: 0.024	Loglikelihood: -35213.8	(delta): 20.5378
10 (QN/Block) 	Elapsed: 0.024	Loglikelihood: -35202.7	(delta): 11.0423
11 (QN/Block) 	Elapsed: 0.018	Loglikelihood: -35193.5	(delta): 9.22338
12 (QN/Block) 	Elapsed: 0.021	Loglikelihood: -35189.8	(delta): 3.73441
13 (QN/Block) 	Elapsed: 0.022	Loglikelihood: -35188.2	(delta): 1.60672
14 (QN/Block) 	Elapsed: 0.023	Loglikelihood: -35186.8	(delta): 1.39061
15 (QN/Block) 	Elapsed: 0.023	Loglikelihood: -35185.9	(delta): 0.899791
16 (QN/Block) 	Elapsed: 0.027	Loglikelihood: -35184.8	(delta): 1.07349
17 (QN/Block) 	Elapsed: 0.029	Loglikelihood: -35181.4	(delta): 3.43269
18 (QN/Block) 	Elapsed: 0.03	Loglikelihood: -35178.2	(delta): 3.16448
19 (QN/Block) 	Elapsed: 0.031	Loglikelihood: -35176.4	(delta): 1.75896
20 (QN/Block) 	Elapsed: 0.024	Loglikelihood: -35175.8	(delta): 0.664939
21 (QN/Block) 	Elapsed: 0.029	Loglikelihood: -35174.3	(delta): 1.51438
22 (QN/Block) 	Elapsed: 0.024	Loglikelihood: -35172.7	(delta): 1.53256
23 (QN/Block) 	Elapsed: 0.027	Loglikelihood: -35171.6	(delta): 1.14973
24 (QN/Block) 	Elapsed: 0.022	Loglikelihood: -35169.9	(delta): 1.66532
25 (QN/Block) 	Elapsed: 0.023	Loglikelihood: -35169.4	(delta): 0.540019
26 (QN/Block) 	Elapsed: 0.028	Loglikelihood: -35168.4	(delta): 0.959317
27 (QN/Block) 	Elapsed: 0.028	Loglikelihood: -35167.5	(delta): 0.896012
28 (QN/Block) 	Elapsed: 0.029	Loglikelihood: -35166.8	(delta): 0.720045
29 (QN/Block) 	Elapsed: 0.022	Loglikelihood: -35165.7	(delta): 1.07192
30 (QN/Block) 	Elapsed: 0.022	Loglikelihood: -35164.3	(delta): 1.43793
31 (QN/Block) 	Elapsed: 0.024	Loglikelihood: -35162.5	(delta): 1.81702
32 (QN/Block) 	Elapsed: 0.023	Loglikelihood: -35159.6	(delta): 2.88832
33 (QN/Block) 	Elapsed: 0.028	Loglikelihood: -35157.3	(delta): 2.26185
34 (QN/Block) 	Elapsed: 0.026	Loglikelihood: -35157	(delta): 0.31371
35 (QN/Block) 	Elapsed: 0.025	Loglikelihood: -35156.6	(delta): 0.454454
36 (QN/Block) 	Elapsed: 0.022	Loglikelihood: -35156	(delta): 0.609531
37 (QN/Block) 	Elapsed: 0.022	Loglikelihood: -35155.6	(delta): 0.301135
38 (QN/Block) 	Elapsed: 0.025	Loglikelihood: -35155.3	(delta): 0.362194
39 (QN/Block) 	Elapsed: 0.024	Loglikelihood: -35154.6	(delta): 0.649769
40 (QN/Block) 	Elapsed: 0.026	Loglikelihood: -35153.5	(delta): 1.10224
41 (QN/Block) 	Elapsed: 0.025	Loglikelihood: -35153	(delta): 0.55078
42 (QN/Block) 	Elapsed: 0.025	Loglikelihood: -35152.8	(delta): 0.205724
43 (QN/Block) 	Elapsed: 0.023	Loglikelihood: -35152.5	(delta): 0.258719
44 (QN/Block) 	Elapsed: 0.028	Loglikelihood: -35151.8	(delta): 0.683607
45 (QN/Block) 	Elapsed: 0.026	Loglikelihood: -35151.5	(delta): 0.385551
46 (QN/Block) 	Elapsed: 0.025	Loglikelihood: -35151	(delta): 0.439644
47 (QN/Block) 	Elapsed: 0.025	Loglikelihood: -35150.3	(delta): 0.752251
48 (QN/Block) 	Elapsed: 0.023	Loglikelihood: -35149.9	(delta): 0.402975
49 (QN/Block) 	Elapsed: 0.027	Loglikelihood: -35149.7	(delta): 0.173251
50 (QN/Block) 	Elapsed: 0.026	Loglikelihood: -35149.6	(delta): 0.116447
51 (QN/Block) 	Elapsed: 0.024	Loglikelihood: -35149.5	(delta): 0.0271071
52 (QN/Block) 	Elapsed: 0.024	Loglikelihood: -35149.5	(delta): 0.013127
53 (QN/Block) 	Elapsed: 0.025	Loglikelihood: -35149.5	(delta): 0.00211713
54 (QN/Block) 	Elapsed: 0.025	Loglikelihood: -35149.5	(delta): 0.000110003
55 (QN/Block) 	Elapsed: 0.022	Loglikelihood: -35149.5	(delta): 1.29271e-05
56 (QN/Block) 	Elapsed: 0.026	Loglikelihood: -35149.5	(delta): 4.46111e-07
57 (QN/Block) 	Elapsed: 0.024	Loglikelihood: -35149.5	(delta): 6.86123e-08
58 (QN/Block) 	Elapsed: 0.035	Loglikelihood: -35149.5	(delta): 2.48911e-08
59 (QN/Block) 	Elapsed: 0.029	Loglikelihood: -35149.5	(delta): 1.2471e-08
60 (QN/Block) 	Elapsed: 0.025	Loglikelihood: -35149.5	(delta): 9.8953e-10
61 (QN/Block) 	Elapsed: 0.023	Loglikelihood: -35149.5	(delta): 8.00355e-11
62 (QN/Block) 	Elapsed: 0.027	Loglikelihood: -35149.5	(delta): 7.27596e-12
63 (QN/Block) 	Elapsed: 0.025	Loglikelihood: -35149.5	(delta): 0
64 (QN/Block) 	Elapsed: 0.027	Loglikelihood: -35149.5	(delta): 0
65 (QN/Block) 	Elapsed: 0.028	Loglikelihood: -35149.5	(delta): 0
66 (QN/Block) 	Elapsed: 0.027	Loglikelihood: -35149.5	(delta): 0
67 (QN/Block) 	Elapsed: 0.027	Loglikelihood: -35149.5	(delta): -7.27596e-12
68 (QN/Block) 	Elapsed: 0.028	Loglikelihood: -35149.5	(delta): 7.27596e-12
69 (QN/Block) 	Elapsed: 0.029	Loglikelihood: -35149.5	(delta): 0
70 (QN/Block) 	Elapsed: 0.029	Loglikelihood: -35149.5	(delta): 7.27596e-12
71 (QN/Block) 	Elapsed: 0.027	Loglikelihood: -35149.5	(delta): -7.27596e-12
72 (QN/Block) 	Elapsed: 0.03	Loglikelihood: -35149.5	(delta): 0
73 (QN/Block) 	Elapsed: 0.029	Loglikelihood: -35149.5	(delta): 0
74 (QN/Block) 	Elapsed: 0.029	Loglikelihood: -35149.5	(delta): 0
75 (QN/Block) 	Elapsed: 0.029	Loglikelihood: -35149.5	(delta): 0
76 (QN/Block) 	Elapsed: 0.029	Loglikelihood: -35149.5	(delta): 0
77 (QN/Block) 	Elapsed: 0.029	Loglikelihood: -35149.5	(delta): 0
78 (QN/Block) 	Elapsed: 0.03	Loglikelihood: -35149.5	(delta): 0
79 (QN/Block) 	Elapsed: 0.027	Loglikelihood: -35149.5	(delta): -7.27596e-12
80 (QN/Block) 	Elapsed: 0.026	Loglikelihood: -35149.5	(delta): 7.27596e-12
81 (QN/Block) 	Elapsed: 0.025	Loglikelihood: -35149.5	(delta): 0
82 (QN/Block) 	Elapsed: 0.028	Loglikelihood: -35149.5	(delta): 0
83 (QN/Block) 	Elapsed: 0.024	Loglikelihood: -35149.5	(delta): 0
84 (QN/Block) 	Elapsed: 0.025	Loglikelihood: -35149.5	(delta): -1.45519e-11
85 (QN/Block) 	Elapsed: 0.025	Loglikelihood: -35149.5	(delta): 7.27596e-12
86 (QN/Block) 	Elapsed: 0.027	Loglikelihood: -35149.5	(delta): 7.27596e-12
87 (QN/Block) 	Elapsed: 0.027	Loglikelihood: -35149.5	(delta): 0
88 (QN/Block) 	Elapsed: 0.027	Loglikelihood: -35149.5	(delta): 0
89 (QN/Block) 	Elapsed: 0.022	Loglikelihood: -35149.5	(delta): -7.27596e-12
90 (QN/Block) 	Elapsed: 0.022	Loglikelihood: -35149.5	(delta): 0
91 (QN/Block) 	Elapsed: 0.019	Loglikelihood: -35149.5	(delta): -7.27596e-12
92 (QN/Block) 	Elapsed: 0.023	Loglikelihood: -35149.5	(delta): 7.27596e-12
93 (QN/Block) 	Elapsed: 0.028	Loglikelihood: -35149.5	(delta): 0
94 (QN/Block) 	Elapsed: 0.031	Loglikelihood: -35149.5	(delta): 0
95 (QN/Block) 	Elapsed: 0.029	Loglikelihood: -35149.5	(delta): 7.27596e-12
96 (QN/Block) 	Elapsed: 0.028	Loglikelihood: -35149.5	(delta): -7.27596e-12
97 (QN/Block) 	Elapsed: 0.027	Loglikelihood: -35149.5	(delta): 0
98 (QN/Block) 	Elapsed: 0.027	Loglikelihood: -35149.5	(delta): 0
99 (QN/Block) 	Elapsed: 0.026	Loglikelihood: -35149.5	(delta): -7.27596e-12
100 (QN/Block) 	Elapsed: 0.029	Loglikelihood: -35149.5	(delta): 1.45519e-11
Summary: 
Converged in 100 iterations (2.713 sec)
Loglikelihood: -35149.523364
Fst divergences between estimated populations: 
	Pop0	Pop1	Pop2	Pop3	Pop4	Pop5	Pop6	Pop7	
Pop0	
Pop1	0.243	
Pop2	0.223	0.118	
Pop3	0.089	0.237	0.213	
Pop4	0.230	0.116	0.091	0.219	
Pop5	0.222	0.110	0.088	0.212	0.079	
Pop6	0.127	0.263	0.249	0.133	0.253	0.247	
Pop7	0.090	0.233	0.220	0.093	0.231	0.216	0.128	
Pop8	0.078	0.237	0.220	0.084	0.226	0.218	0.122	0.081	
CV error (K=9): 0.42025
Writing output files.
