****                   ADMIXTURE Version 1.3.0                  ****
****                    Copyright 2008-2015                     ****
****           David Alexander, Suyash Shringarpure,            ****
****                John  Novembre, Ken Lange                   ****
****                                                            ****
****                 Please cite our paper!                     ****
****   Information at www.genetics.ucla.edu/software/admixture  ****

Parallel execution requested.  Will use 8 threads.
Cross-validation will be performed.  Folds=10.
Random seed: 43
Point estimation method: Block relaxation algorithm
Convergence acceleration algorithm: QuasiNewton, 3 secant conditions
Point estimation will terminate at 100 iterations
Estimation of standard errors disabled; will compute point estimates only.
Size of G: 98x940
Performing five EM steps to prime main algorithm
1 (EM) 	Elapsed: 0.008	Loglikelihood: -46834.8	(delta): 84666.6
2 (EM) 	Elapsed: 0.008	Loglikelihood: -43953.2	(delta): 2881.64
3 (EM) 	Elapsed: 0.007	Loglikelihood: -43343.7	(delta): 609.432
4 (EM) 	Elapsed: 0.008	Loglikelihood: -42979.8	(delta): 363.966
5 (EM) 	Elapsed: 0.008	Loglikelihood: -42710.4	(delta): 269.389
Initial loglikelihood: -42710.4
Starting main algorithm
1 (QN/Block) 	Elapsed: 0.012	Loglikelihood: -38664.4	(delta): 4045.96
2 (QN/Block) 	Elapsed: 0.013	Loglikelihood: -37404.2	(delta): 1260.26
3 (QN/Block) 	Elapsed: 0.018	Loglikelihood: -36989.3	(delta): 414.858
4 (QN/Block) 	Elapsed: 0.017	Loglikelihood: -36718.7	(delta): 270.639
5 (QN/Block) 	Elapsed: 0.015	Loglikelihood: -36591	(delta): 127.697
6 (QN/Block) 	Elapsed: 0.014	Loglikelihood: -36522.2	(delta): 68.772
7 (QN/Block) 	Elapsed: 0.015	Loglikelihood: -36496.4	(delta): 25.774
8 (QN/Block) 	Elapsed: 0.013	Loglikelihood: -36479.6	(delta): 16.8618
9 (QN/Block) 	Elapsed: 0.015	Loglikelihood: -36468.2	(delta): 11.3365
10 (QN/Block) 	Elapsed: 0.014	Loglikelihood: -36460.8	(delta): 7.39798
11 (QN/Block) 	Elapsed: 0.013	Loglikelihood: -36457	(delta): 3.81838
12 (QN/Block) 	Elapsed: 0.014	Loglikelihood: -36450.5	(delta): 6.45832
13 (QN/Block) 	Elapsed: 0.015	Loglikelihood: -36447.2	(delta): 3.30155
14 (QN/Block) 	Elapsed: 0.013	Loglikelihood: -36442.7	(delta): 4.55516
15 (QN/Block) 	Elapsed: 0.014	Loglikelihood: -36438.9	(delta): 3.79209
16 (QN/Block) 	Elapsed: 0.015	Loglikelihood: -36437.7	(delta): 1.14869
17 (QN/Block) 	Elapsed: 0.014	Loglikelihood: -36437.3	(delta): 0.410642
18 (QN/Block) 	Elapsed: 0.014	Loglikelihood: -36436.7	(delta): 0.615028
19 (QN/Block) 	Elapsed: 0.016	Loglikelihood: -36436.3	(delta): 0.414895
20 (QN/Block) 	Elapsed: 0.014	Loglikelihood: -36435.3	(delta): 0.98238
21 (QN/Block) 	Elapsed: 0.014	Loglikelihood: -36434.9	(delta): 0.395508
22 (QN/Block) 	Elapsed: 0.018	Loglikelihood: -36434.8	(delta): 0.0841718
23 (QN/Block) 	Elapsed: 0.019	Loglikelihood: -36434.8	(delta): 0.0619729
24 (QN/Block) 	Elapsed: 0.018	Loglikelihood: -36434.7	(delta): 0.0817355
25 (QN/Block) 	Elapsed: 0.018	Loglikelihood: -36434.7	(delta): 0.0273575
26 (QN/Block) 	Elapsed: 0.017	Loglikelihood: -36434.7	(delta): 0.0121154
27 (QN/Block) 	Elapsed: 0.017	Loglikelihood: -36434.7	(delta): 0.00297237
28 (QN/Block) 	Elapsed: 0.014	Loglikelihood: -36434.7	(delta): 0.000687193
29 (QN/Block) 	Elapsed: 0.016	Loglikelihood: -36434.7	(delta): 0.000311734
30 (QN/Block) 	Elapsed: 0.017	Loglikelihood: -36434.7	(delta): 0.000237113
31 (QN/Block) 	Elapsed: 0.02	Loglikelihood: -36434.7	(delta): 4.48874e-05
32 (QN/Block) 	Elapsed: 0.019	Loglikelihood: -36434.7	(delta): 7.04915e-06
33 (QN/Block) 	Elapsed: 0.017	Loglikelihood: -36434.7	(delta): 2.43625e-06
34 (QN/Block) 	Elapsed: 0.018	Loglikelihood: -36434.7	(delta): 5.24757e-07
35 (QN/Block) 	Elapsed: 0.018	Loglikelihood: -36434.7	(delta): 1.55349e-07
36 (QN/Block) 	Elapsed: 0.016	Loglikelihood: -36434.7	(delta): 2.84272e-08
37 (QN/Block) 	Elapsed: 0.017	Loglikelihood: -36434.7	(delta): 1.02882e-08
38 (QN/Block) 	Elapsed: 0.018	Loglikelihood: -36434.7	(delta): 1.61526e-09
39 (QN/Block) 	Elapsed: 0.018	Loglikelihood: -36434.7	(delta): 3.12866e-10
40 (QN/Block) 	Elapsed: 0.017	Loglikelihood: -36434.7	(delta): 1.60071e-10
41 (QN/Block) 	Elapsed: 0.02	Loglikelihood: -36434.7	(delta): 3.63798e-11
42 (QN/Block) 	Elapsed: 0.017	Loglikelihood: -36434.7	(delta): 7.27596e-12
43 (QN/Block) 	Elapsed: 0.021	Loglikelihood: -36434.7	(delta): 7.27596e-12
44 (QN/Block) 	Elapsed: 0.017	Loglikelihood: -36434.7	(delta): -7.27596e-12
45 (QN/Block) 	Elapsed: 0.017	Loglikelihood: -36434.7	(delta): 7.27596e-12
46 (QN/Block) 	Elapsed: 0.017	Loglikelihood: -36434.7	(delta): -7.27596e-12
47 (QN/Block) 	Elapsed: 0.02	Loglikelihood: -36434.7	(delta): 0
48 (QN/Block) 	Elapsed: 0.017	Loglikelihood: -36434.7	(delta): 7.27596e-12
49 (QN/Block) 	Elapsed: 0.019	Loglikelihood: -36434.7	(delta): -7.27596e-12
50 (QN/Block) 	Elapsed: 0.02	Loglikelihood: -36434.7	(delta): 0
51 (QN/Block) 	Elapsed: 0.021	Loglikelihood: -36434.7	(delta): 0
52 (QN/Block) 	Elapsed: 0.018	Loglikelihood: -36434.7	(delta): 0
53 (QN/Block) 	Elapsed: 0.018	Loglikelihood: -36434.7	(delta): 7.27596e-12
54 (QN/Block) 	Elapsed: 0.018	Loglikelihood: -36434.7	(delta): -7.27596e-12
55 (QN/Block) 	Elapsed: 0.017	Loglikelihood: -36434.7	(delta): 7.27596e-12
56 (QN/Block) 	Elapsed: 0.02	Loglikelihood: -36434.7	(delta): -7.27596e-12
57 (QN/Block) 	Elapsed: 0.021	Loglikelihood: -36434.7	(delta): -7.27596e-12
58 (QN/Block) 	Elapsed: 0.021	Loglikelihood: -36434.7	(delta): 1.45519e-11
59 (QN/Block) 	Elapsed: 0.021	Loglikelihood: -36434.7	(delta): -7.27596e-12
60 (QN/Block) 	Elapsed: 0.021	Loglikelihood: -36434.7	(delta): 0
61 (QN/Block) 	Elapsed: 0.02	Loglikelihood: -36434.7	(delta): 0
62 (QN/Block) 	Elapsed: 0.02	Loglikelihood: -36434.7	(delta): 0
63 (QN/Block) 	Elapsed: 0.018	Loglikelihood: -36434.7	(delta): 7.27596e-12
64 (QN/Block) 	Elapsed: 0.018	Loglikelihood: -36434.7	(delta): 0
65 (QN/Block) 	Elapsed: 0.018	Loglikelihood: -36434.7	(delta): -7.27596e-12
66 (QN/Block) 	Elapsed: 0.019	Loglikelihood: -36434.7	(delta): -7.27596e-12
67 (QN/Block) 	Elapsed: 0.02	Loglikelihood: -36434.7	(delta): 7.27596e-12
68 (QN/Block) 	Elapsed: 0.019	Loglikelihood: -36434.7	(delta): -7.27596e-12
69 (QN/Block) 	Elapsed: 0.019	Loglikelihood: -36434.7	(delta): 0
70 (QN/Block) 	Elapsed: 0.018	Loglikelihood: -36434.7	(delta): 7.27596e-12
71 (QN/Block) 	Elapsed: 0.018	Loglikelihood: -36434.7	(delta): -7.27596e-12
72 (QN/Block) 	Elapsed: 0.02	Loglikelihood: -36434.7	(delta): 0
73 (QN/Block) 	Elapsed: 0.019	Loglikelihood: -36434.7	(delta): 0
74 (QN/Block) 	Elapsed: 0.021	Loglikelihood: -36434.7	(delta): 7.27596e-12
75 (QN/Block) 	Elapsed: 0.02	Loglikelihood: -36434.7	(delta): 0
76 (QN/Block) 	Elapsed: 0.021	Loglikelihood: -36434.7	(delta): 0
77 (QN/Block) 	Elapsed: 0.02	Loglikelihood: -36434.7	(delta): -7.27596e-12
78 (QN/Block) 	Elapsed: 0.021	Loglikelihood: -36434.7	(delta): 7.27596e-12
79 (QN/Block) 	Elapsed: 0.025	Loglikelihood: -36434.7	(delta): 0
80 (QN/Block) 	Elapsed: 0.022	Loglikelihood: -36434.7	(delta): 0
81 (QN/Block) 	Elapsed: 0.021	Loglikelihood: -36434.7	(delta): -7.27596e-12
82 (QN/Block) 	Elapsed: 0.02	Loglikelihood: -36434.7	(delta): 7.27596e-12
83 (QN/Block) 	Elapsed: 0.021	Loglikelihood: -36434.7	(delta): 0
84 (QN/Block) 	Elapsed: 0.018	Loglikelihood: -36434.7	(delta): 0
85 (QN/Block) 	Elapsed: 0.019	Loglikelihood: -36434.7	(delta): 0
86 (QN/Block) 	Elapsed: 0.021	Loglikelihood: -36434.7	(delta): 0
87 (QN/Block) 	Elapsed: 0.019	Loglikelihood: -36434.7	(delta): 0
88 (QN/Block) 	Elapsed: 0.02	Loglikelihood: -36434.7	(delta): 0
89 (QN/Block) 	Elapsed: 0.018	Loglikelihood: -36434.7	(delta): 0
90 (QN/Block) 	Elapsed: 0.018	Loglikelihood: -36434.7	(delta): -7.27596e-12
91 (QN/Block) 	Elapsed: 0.024	Loglikelihood: -36434.7	(delta): 7.27596e-12
92 (QN/Block) 	Elapsed: 0.02	Loglikelihood: -36434.7	(delta): 0
93 (QN/Block) 	Elapsed: 0.022	Loglikelihood: -36434.7	(delta): 0
94 (QN/Block) 	Elapsed: 0.019	Loglikelihood: -36434.7	(delta): 0
95 (QN/Block) 	Elapsed: 0.021	Loglikelihood: -36434.7	(delta): -7.27596e-12
96 (QN/Block) 	Elapsed: 0.019	Loglikelihood: -36434.7	(delta): 7.27596e-12
97 (QN/Block) 	Elapsed: 0.021	Loglikelihood: -36434.7	(delta): 0
98 (QN/Block) 	Elapsed: 0.019	Loglikelihood: -36434.7	(delta): 0
99 (QN/Block) 	Elapsed: 0.019	Loglikelihood: -36434.7	(delta): 7.27596e-12
100 (QN/Block) 	Elapsed: 0.017	Loglikelihood: -36434.7	(delta): 0
Summary: 
Converged in 100 iterations (1.941 sec)
Loglikelihood: -36434.656896
Fst divergences between estimated populations: 
	Pop0	Pop1	Pop2	Pop3	Pop4	
Pop0	
Pop1	0.222	
Pop2	0.077	0.198	
Pop3	0.092	0.201	0.087	
Pop4	0.212	0.061	0.195	0.198	
Pop5	0.085	0.214	0.082	0.079	0.208	
CV error (K=6): 0.37367
Writing output files.
