****                   ADMIXTURE Version 1.3.0                  ****
****                    Copyright 2008-2015                     ****
****           David Alexander, Suyash Shringarpure,            ****
****                John  Novembre, Ken Lange                   ****
****                                                            ****
****                 Please cite our paper!                     ****
****   Information at www.genetics.ucla.edu/software/admixture  ****

Parallel execution requested.  Will use 8 threads.
Cross-validation will be performed.  Folds=10.
Random seed: 43
Point estimation method: Block relaxation algorithm
Convergence acceleration algorithm: QuasiNewton, 3 secant conditions
Point estimation will terminate at 100 iterations
Estimation of standard errors disabled; will compute point estimates only.
Size of G: 98x940
Performing five EM steps to prime main algorithm
1 (EM) 	Elapsed: 0.005	Loglikelihood: -46727	(delta): 88169.2
2 (EM) 	Elapsed: 0.006	Loglikelihood: -44061.4	(delta): 2665.6
3 (EM) 	Elapsed: 0.005	Loglikelihood: -43473.4	(delta): 588.005
4 (EM) 	Elapsed: 0.005	Loglikelihood: -43139.4	(delta): 334.044
5 (EM) 	Elapsed: 0.005	Loglikelihood: -42916.5	(delta): 222.909
Initial loglikelihood: -42916.5
Starting main algorithm
1 (QN/Block) 	Elapsed: 0.011	Loglikelihood: -39655.9	(delta): 3260.56
2 (QN/Block) 	Elapsed: 0.011	Loglikelihood: -38503.8	(delta): 1152.13
3 (QN/Block) 	Elapsed: 0.014	Loglikelihood: -37954.3	(delta): 549.509
4 (QN/Block) 	Elapsed: 0.013	Loglikelihood: -37653.5	(delta): 300.797
5 (QN/Block) 	Elapsed: 0.013	Loglikelihood: -37534.1	(delta): 119.362
6 (QN/Block) 	Elapsed: 0.013	Loglikelihood: -37493	(delta): 41.0693
7 (QN/Block) 	Elapsed: 0.013	Loglikelihood: -37470.9	(delta): 22.1111
8 (QN/Block) 	Elapsed: 0.016	Loglikelihood: -37461.6	(delta): 9.29079
9 (QN/Block) 	Elapsed: 0.016	Loglikelihood: -37456.8	(delta): 4.84185
10 (QN/Block) 	Elapsed: 0.014	Loglikelihood: -37452.3	(delta): 4.43929
11 (QN/Block) 	Elapsed: 0.014	Loglikelihood: -37440.3	(delta): 12.0268
12 (QN/Block) 	Elapsed: 0.012	Loglikelihood: -37433.2	(delta): 7.14135
13 (QN/Block) 	Elapsed: 0.012	Loglikelihood: -37429.1	(delta): 4.09844
14 (QN/Block) 	Elapsed: 0.013	Loglikelihood: -37423.3	(delta): 5.74651
15 (QN/Block) 	Elapsed: 0.014	Loglikelihood: -37420.9	(delta): 2.4039
16 (QN/Block) 	Elapsed: 0.014	Loglikelihood: -37418.8	(delta): 2.0859
17 (QN/Block) 	Elapsed: 0.014	Loglikelihood: -37413.9	(delta): 4.97808
18 (QN/Block) 	Elapsed: 0.015	Loglikelihood: -37411.3	(delta): 2.53997
19 (QN/Block) 	Elapsed: 0.014	Loglikelihood: -37408.6	(delta): 2.68543
20 (QN/Block) 	Elapsed: 0.013	Loglikelihood: -37406.3	(delta): 2.34864
21 (QN/Block) 	Elapsed: 0.015	Loglikelihood: -37404.5	(delta): 1.79889
22 (QN/Block) 	Elapsed: 0.015	Loglikelihood: -37403.5	(delta): 0.962045
23 (QN/Block) 	Elapsed: 0.016	Loglikelihood: -37402.7	(delta): 0.793587
24 (QN/Block) 	Elapsed: 0.016	Loglikelihood: -37402.1	(delta): 0.657322
25 (QN/Block) 	Elapsed: 0.016	Loglikelihood: -37401.2	(delta): 0.841871
26 (QN/Block) 	Elapsed: 0.016	Loglikelihood: -37400.1	(delta): 1.14667
27 (QN/Block) 	Elapsed: 0.015	Loglikelihood: -37397.7	(delta): 2.38178
28 (QN/Block) 	Elapsed: 0.017	Loglikelihood: -37394.9	(delta): 2.84968
29 (QN/Block) 	Elapsed: 0.016	Loglikelihood: -37392.7	(delta): 2.19097
30 (QN/Block) 	Elapsed: 0.014	Loglikelihood: -37391.7	(delta): 0.990909
31 (QN/Block) 	Elapsed: 0.015	Loglikelihood: -37390.1	(delta): 1.57712
32 (QN/Block) 	Elapsed: 0.016	Loglikelihood: -37388.5	(delta): 1.60449
33 (QN/Block) 	Elapsed: 0.015	Loglikelihood: -37386.6	(delta): 1.88247
34 (QN/Block) 	Elapsed: 0.014	Loglikelihood: -37384.7	(delta): 1.90223
35 (QN/Block) 	Elapsed: 0.012	Loglikelihood: -37384.1	(delta): 0.588083
36 (QN/Block) 	Elapsed: 0.012	Loglikelihood: -37383.8	(delta): 0.345339
37 (QN/Block) 	Elapsed: 0.012	Loglikelihood: -37383.4	(delta): 0.338601
38 (QN/Block) 	Elapsed: 0.012	Loglikelihood: -37383.1	(delta): 0.324421
39 (QN/Block) 	Elapsed: 0.011	Loglikelihood: -37383	(delta): 0.15623
40 (QN/Block) 	Elapsed: 0.014	Loglikelihood: -37382.9	(delta): 0.0437153
41 (QN/Block) 	Elapsed: 0.014	Loglikelihood: -37382.9	(delta): 0.00579746
42 (QN/Block) 	Elapsed: 0.014	Loglikelihood: -37382.9	(delta): 0.000652204
43 (QN/Block) 	Elapsed: 0.015	Loglikelihood: -37382.9	(delta): 6.9525e-05
44 (QN/Block) 	Elapsed: 0.013	Loglikelihood: -37382.9	(delta): 5.33194e-06
45 (QN/Block) 	Elapsed: 0.016	Loglikelihood: -37382.9	(delta): 3.04215e-07
46 (QN/Block) 	Elapsed: 0.014	Loglikelihood: -37382.9	(delta): 5.48607e-09
47 (QN/Block) 	Elapsed: 0.014	Loglikelihood: -37382.9	(delta): 3.71074e-10
48 (QN/Block) 	Elapsed: 0.014	Loglikelihood: -37382.9	(delta): 1.45519e-11
49 (QN/Block) 	Elapsed: 0.015	Loglikelihood: -37382.9	(delta): 0
50 (QN/Block) 	Elapsed: 0.014	Loglikelihood: -37382.9	(delta): 0
51 (QN/Block) 	Elapsed: 0.016	Loglikelihood: -37382.9	(delta): 0
52 (QN/Block) 	Elapsed: 0.016	Loglikelihood: -37382.9	(delta): 7.27596e-12
53 (QN/Block) 	Elapsed: 0.017	Loglikelihood: -37382.9	(delta): -7.27596e-12
54 (QN/Block) 	Elapsed: 0.015	Loglikelihood: -37382.9	(delta): 7.27596e-12
55 (QN/Block) 	Elapsed: 0.016	Loglikelihood: -37382.9	(delta): 0
56 (QN/Block) 	Elapsed: 0.014	Loglikelihood: -37382.9	(delta): -7.27596e-12
57 (QN/Block) 	Elapsed: 0.013	Loglikelihood: -37382.9	(delta): 7.27596e-12
58 (QN/Block) 	Elapsed: 0.014	Loglikelihood: -37382.9	(delta): -7.27596e-12
59 (QN/Block) 	Elapsed: 0.014	Loglikelihood: -37382.9	(delta): 7.27596e-12
60 (QN/Block) 	Elapsed: 0.013	Loglikelihood: -37382.9	(delta): 0
61 (QN/Block) 	Elapsed: 0.013	Loglikelihood: -37382.9	(delta): -7.27596e-12
62 (QN/Block) 	Elapsed: 0.014	Loglikelihood: -37382.9	(delta): 7.27596e-12
63 (QN/Block) 	Elapsed: 0.016	Loglikelihood: -37382.9	(delta): -7.27596e-12
64 (QN/Block) 	Elapsed: 0.015	Loglikelihood: -37382.9	(delta): 0
65 (QN/Block) 	Elapsed: 0.014	Loglikelihood: -37382.9	(delta): 0
66 (QN/Block) 	Elapsed: 0.015	Loglikelihood: -37382.9	(delta): 0
67 (QN/Block) 	Elapsed: 0.015	Loglikelihood: -37382.9	(delta): 0
68 (QN/Block) 	Elapsed: 0.013	Loglikelihood: -37382.9	(delta): 0
69 (QN/Block) 	Elapsed: 0.015	Loglikelihood: -37382.9	(delta): 0
70 (QN/Block) 	Elapsed: 0.014	Loglikelihood: -37382.9	(delta): 7.27596e-12
71 (QN/Block) 	Elapsed: 0.014	Loglikelihood: -37382.9	(delta): -7.27596e-12
72 (QN/Block) 	Elapsed: 0.014	Loglikelihood: -37382.9	(delta): 0
73 (QN/Block) 	Elapsed: 0.014	Loglikelihood: -37382.9	(delta): 7.27596e-12
74 (QN/Block) 	Elapsed: 0.015	Loglikelihood: -37382.9	(delta): -7.27596e-12
75 (QN/Block) 	Elapsed: 0.015	Loglikelihood: -37382.9	(delta): 0
76 (QN/Block) 	Elapsed: 0.014	Loglikelihood: -37382.9	(delta): 7.27596e-12
77 (QN/Block) 	Elapsed: 0.016	Loglikelihood: -37382.9	(delta): -7.27596e-12
78 (QN/Block) 	Elapsed: 0.015	Loglikelihood: -37382.9	(delta): 0
79 (QN/Block) 	Elapsed: 0.014	Loglikelihood: -37382.9	(delta): 0
80 (QN/Block) 	Elapsed: 0.014	Loglikelihood: -37382.9	(delta): 0
81 (QN/Block) 	Elapsed: 0.017	Loglikelihood: -37382.9	(delta): 7.27596e-12
82 (QN/Block) 	Elapsed: 0.015	Loglikelihood: -37382.9	(delta): -7.27596e-12
83 (QN/Block) 	Elapsed: 0.015	Loglikelihood: -37382.9	(delta): 0
84 (QN/Block) 	Elapsed: 0.015	Loglikelihood: -37382.9	(delta): 0
85 (QN/Block) 	Elapsed: 0.013	Loglikelihood: -37382.9	(delta): 0
86 (QN/Block) 	Elapsed: 0.013	Loglikelihood: -37382.9	(delta): 7.27596e-12
87 (QN/Block) 	Elapsed: 0.014	Loglikelihood: -37382.9	(delta): 0
88 (QN/Block) 	Elapsed: 0.014	Loglikelihood: -37382.9	(delta): -7.27596e-12
89 (QN/Block) 	Elapsed: 0.013	Loglikelihood: -37382.9	(delta): 0
90 (QN/Block) 	Elapsed: 0.014	Loglikelihood: -37382.9	(delta): 0
91 (QN/Block) 	Elapsed: 0.014	Loglikelihood: -37382.9	(delta): 0
92 (QN/Block) 	Elapsed: 0.014	Loglikelihood: -37382.9	(delta): 7.27596e-12
93 (QN/Block) 	Elapsed: 0.013	Loglikelihood: -37382.9	(delta): 0
94 (QN/Block) 	Elapsed: 0.014	Loglikelihood: -37382.9	(delta): 0
95 (QN/Block) 	Elapsed: 0.014	Loglikelihood: -37382.9	(delta): -7.27596e-12
96 (QN/Block) 	Elapsed: 0.014	Loglikelihood: -37382.9	(delta): 0
97 (QN/Block) 	Elapsed: 0.014	Loglikelihood: -37382.9	(delta): 7.27596e-12
98 (QN/Block) 	Elapsed: 0.015	Loglikelihood: -37382.9	(delta): -7.27596e-12
99 (QN/Block) 	Elapsed: 0.014	Loglikelihood: -37382.9	(delta): 0
100 (QN/Block) 	Elapsed: 0.017	Loglikelihood: -37382.9	(delta): 0
Summary: 
Converged in 100 iterations (1.541 sec)
Loglikelihood: -37382.906087
Fst divergences between estimated populations: 
	Pop0	Pop1	Pop2	
Pop0	
Pop1	0.187	
Pop2	0.041	0.183	
Pop3	0.217	0.111	0.214	
CV error (K=4): 0.34738
Writing output files.
