****                   ADMIXTURE Version 1.3.0                  ****
****                    Copyright 2008-2015                     ****
****           David Alexander, Suyash Shringarpure,            ****
****                John  Novembre, Ken Lange                   ****
****                                                            ****
****                 Please cite our paper!                     ****
****   Information at www.genetics.ucla.edu/software/admixture  ****

Parallel execution requested.  Will use 8 threads.
Cross-validation will be performed.  Folds=10.
Random seed: 43
Point estimation method: Block relaxation algorithm
Convergence acceleration algorithm: QuasiNewton, 3 secant conditions
Point estimation will terminate at 100 iterations
Estimation of standard errors disabled; will compute point estimates only.
Size of G: 142x957
Performing five EM steps to prime main algorithm
1 (EM) 	Elapsed: 0.018	Loglikelihood: -92719	(delta): 98967.1
2 (EM) 	Elapsed: 0.018	Loglikelihood: -88245.7	(delta): 4473.29
3 (EM) 	Elapsed: 0.021	Loglikelihood: -87094.7	(delta): 1151
4 (EM) 	Elapsed: 0.02	Loglikelihood: -86209.5	(delta): 885.235
5 (EM) 	Elapsed: 0.018	Loglikelihood: -85276.1	(delta): 933.419
Initial loglikelihood: -85276.1
Starting main algorithm
1 (QN/Block) 	Elapsed: 0.027	Loglikelihood: -56453.7	(delta): 28822.4
2 (QN/Block) 	Elapsed: 0.037	Loglikelihood: -52611.8	(delta): 3841.87
3 (QN/Block) 	Elapsed: 0.03	Loglikelihood: -50791.5	(delta): 1820.31
4 (QN/Block) 	Elapsed: 0.027	Loglikelihood: -49901.5	(delta): 889.963
5 (QN/Block) 	Elapsed: 0.026	Loglikelihood: -49183.3	(delta): 718.269
6 (QN/Block) 	Elapsed: 0.028	Loglikelihood: -48769.5	(delta): 413.774
7 (QN/Block) 	Elapsed: 0.026	Loglikelihood: -48680.4	(delta): 89.0326
8 (QN/Block) 	Elapsed: 0.024	Loglikelihood: -48632.8	(delta): 47.64
9 (QN/Block) 	Elapsed: 0.024	Loglikelihood: -48585	(delta): 47.8168
10 (QN/Block) 	Elapsed: 0.025	Loglikelihood: -48554.8	(delta): 30.1587
11 (QN/Block) 	Elapsed: 0.024	Loglikelihood: -48531.7	(delta): 23.1438
12 (QN/Block) 	Elapsed: 0.026	Loglikelihood: -48518.1	(delta): 13.5685
13 (QN/Block) 	Elapsed: 0.025	Loglikelihood: -48514.2	(delta): 3.957
14 (QN/Block) 	Elapsed: 0.028	Loglikelihood: -48508.2	(delta): 5.9491
15 (QN/Block) 	Elapsed: 0.029	Loglikelihood: -48500.7	(delta): 7.5331
16 (QN/Block) 	Elapsed: 0.028	Loglikelihood: -48495.8	(delta): 4.84478
17 (QN/Block) 	Elapsed: 0.026	Loglikelihood: -48491.4	(delta): 4.42008
18 (QN/Block) 	Elapsed: 0.024	Loglikelihood: -48489.5	(delta): 1.87833
19 (QN/Block) 	Elapsed: 0.024	Loglikelihood: -48483.6	(delta): 5.97441
20 (QN/Block) 	Elapsed: 0.024	Loglikelihood: -48478.8	(delta): 4.80272
21 (QN/Block) 	Elapsed: 0.029	Loglikelihood: -48478.3	(delta): 0.44535
22 (QN/Block) 	Elapsed: 0.031	Loglikelihood: -48478.2	(delta): 0.0827256
23 (QN/Block) 	Elapsed: 0.025	Loglikelihood: -48478.2	(delta): 0.0247005
24 (QN/Block) 	Elapsed: 0.024	Loglikelihood: -48478.2	(delta): 0.0136065
25 (QN/Block) 	Elapsed: 0.025	Loglikelihood: -48478.2	(delta): 0.00697944
26 (QN/Block) 	Elapsed: 0.026	Loglikelihood: -48478.2	(delta): 0.000819506
27 (QN/Block) 	Elapsed: 0.027	Loglikelihood: -48478.2	(delta): 0.000167121
28 (QN/Block) 	Elapsed: 0.032	Loglikelihood: -48478.2	(delta): 4.14229e-05
29 (QN/Block) 	Elapsed: 0.025	Loglikelihood: -48478.2	(delta): 2.1911e-05
30 (QN/Block) 	Elapsed: 0.026	Loglikelihood: -48478.2	(delta): 2.7491e-06
31 (QN/Block) 	Elapsed: 0.023	Loglikelihood: -48478.2	(delta): 1.73713e-07
32 (QN/Block) 	Elapsed: 0.023	Loglikelihood: -48478.2	(delta): 5.93718e-09
33 (QN/Block) 	Elapsed: 0.024	Loglikelihood: -48478.2	(delta): 7.34872e-10
34 (QN/Block) 	Elapsed: 0.024	Loglikelihood: -48478.2	(delta): 5.82077e-11
35 (QN/Block) 	Elapsed: 0.026	Loglikelihood: -48478.2	(delta): 7.27596e-12
36 (QN/Block) 	Elapsed: 0.028	Loglikelihood: -48478.2	(delta): -7.27596e-12
37 (QN/Block) 	Elapsed: 0.025	Loglikelihood: -48478.2	(delta): 7.27596e-12
38 (QN/Block) 	Elapsed: 0.026	Loglikelihood: -48478.2	(delta): 7.27596e-12
39 (QN/Block) 	Elapsed: 0.026	Loglikelihood: -48478.2	(delta): 7.27596e-12
40 (QN/Block) 	Elapsed: 0.026	Loglikelihood: -48478.2	(delta): 7.27596e-12
41 (QN/Block) 	Elapsed: 0.027	Loglikelihood: -48478.2	(delta): -7.27596e-12
42 (QN/Block) 	Elapsed: 0.027	Loglikelihood: -48478.2	(delta): -7.27596e-12
43 (QN/Block) 	Elapsed: 0.027	Loglikelihood: -48478.2	(delta): 7.27596e-12
44 (QN/Block) 	Elapsed: 0.028	Loglikelihood: -48478.2	(delta): 0
45 (QN/Block) 	Elapsed: 0.031	Loglikelihood: -48478.2	(delta): -7.27596e-12
46 (QN/Block) 	Elapsed: 0.033	Loglikelihood: -48478.2	(delta): 1.45519e-11
47 (QN/Block) 	Elapsed: 0.026	Loglikelihood: -48478.2	(delta): -7.27596e-12
48 (QN/Block) 	Elapsed: 0.024	Loglikelihood: -48478.2	(delta): 0
49 (QN/Block) 	Elapsed: 0.024	Loglikelihood: -48478.2	(delta): 0
50 (QN/Block) 	Elapsed: 0.024	Loglikelihood: -48478.2	(delta): 7.27596e-12
51 (QN/Block) 	Elapsed: 0.024	Loglikelihood: -48478.2	(delta): -7.27596e-12
52 (QN/Block) 	Elapsed: 0.026	Loglikelihood: -48478.2	(delta): 0
53 (QN/Block) 	Elapsed: 0.025	Loglikelihood: -48478.2	(delta): 7.27596e-12
54 (QN/Block) 	Elapsed: 0.033	Loglikelihood: -48478.2	(delta): 0
55 (QN/Block) 	Elapsed: 0.035	Loglikelihood: -48478.2	(delta): -7.27596e-12
56 (QN/Block) 	Elapsed: 0.025	Loglikelihood: -48478.2	(delta): 1.45519e-11
57 (QN/Block) 	Elapsed: 0.026	Loglikelihood: -48478.2	(delta): -1.45519e-11
58 (QN/Block) 	Elapsed: 0.026	Loglikelihood: -48478.2	(delta): 1.45519e-11
59 (QN/Block) 	Elapsed: 0.026	Loglikelihood: -48478.2	(delta): -7.27596e-12
60 (QN/Block) 	Elapsed: 0.025	Loglikelihood: -48478.2	(delta): 0
61 (QN/Block) 	Elapsed: 0.024	Loglikelihood: -48478.2	(delta): 0
62 (QN/Block) 	Elapsed: 0.024	Loglikelihood: -48478.2	(delta): 7.27596e-12
63 (QN/Block) 	Elapsed: 0.026	Loglikelihood: -48478.2	(delta): 0
64 (QN/Block) 	Elapsed: 0.032	Loglikelihood: -48478.2	(delta): -7.27596e-12
65 (QN/Block) 	Elapsed: 0.025	Loglikelihood: -48478.2	(delta): -7.27596e-12
66 (QN/Block) 	Elapsed: 0.026	Loglikelihood: -48478.2	(delta): 2.18279e-11
67 (QN/Block) 	Elapsed: 0.031	Loglikelihood: -48478.2	(delta): -2.18279e-11
68 (QN/Block) 	Elapsed: 0.026	Loglikelihood: -48478.2	(delta): 1.45519e-11
69 (QN/Block) 	Elapsed: 0.024	Loglikelihood: -48478.2	(delta): -7.27596e-12
70 (QN/Block) 	Elapsed: 0.024	Loglikelihood: -48478.2	(delta): 0
71 (QN/Block) 	Elapsed: 0.024	Loglikelihood: -48478.2	(delta): 0
72 (QN/Block) 	Elapsed: 0.026	Loglikelihood: -48478.2	(delta): 7.27596e-12
73 (QN/Block) 	Elapsed: 0.027	Loglikelihood: -48478.2	(delta): -7.27596e-12
74 (QN/Block) 	Elapsed: 0.026	Loglikelihood: -48478.2	(delta): 7.27596e-12
75 (QN/Block) 	Elapsed: 0.028	Loglikelihood: -48478.2	(delta): -7.27596e-12
76 (QN/Block) 	Elapsed: 0.027	Loglikelihood: -48478.2	(delta): -1.45519e-11
77 (QN/Block) 	Elapsed: 0.025	Loglikelihood: -48478.2	(delta): 7.27596e-12
78 (QN/Block) 	Elapsed: 0.026	Loglikelihood: -48478.2	(delta): 0
79 (QN/Block) 	Elapsed: 0.026	Loglikelihood: -48478.2	(delta): 0
80 (QN/Block) 	Elapsed: 0.029	Loglikelihood: -48478.2	(delta): 7.27596e-12
81 (QN/Block) 	Elapsed: 0.024	Loglikelihood: -48478.2	(delta): 0
82 (QN/Block) 	Elapsed: 0.026	Loglikelihood: -48478.2	(delta): 0
83 (QN/Block) 	Elapsed: 0.026	Loglikelihood: -48478.2	(delta): 0
84 (QN/Block) 	Elapsed: 0.024	Loglikelihood: -48478.2	(delta): 7.27596e-12
85 (QN/Block) 	Elapsed: 0.026	Loglikelihood: -48478.2	(delta): -7.27596e-12
86 (QN/Block) 	Elapsed: 0.037	Loglikelihood: -48478.2	(delta): 7.27596e-12
87 (QN/Block) 	Elapsed: 0.031	Loglikelihood: -48478.2	(delta): -7.27596e-12
88 (QN/Block) 	Elapsed: 0.029	Loglikelihood: -48478.2	(delta): 7.27596e-12
89 (QN/Block) 	Elapsed: 0.024	Loglikelihood: -48478.2	(delta): -7.27596e-12
90 (QN/Block) 	Elapsed: 0.024	Loglikelihood: -48478.2	(delta): 0
91 (QN/Block) 	Elapsed: 0.025	Loglikelihood: -48478.2	(delta): -7.27596e-12
92 (QN/Block) 	Elapsed: 0.023	Loglikelihood: -48478.2	(delta): 7.27596e-12
93 (QN/Block) 	Elapsed: 0.024	Loglikelihood: -48478.2	(delta): -7.27596e-12
94 (QN/Block) 	Elapsed: 0.025	Loglikelihood: -48478.2	(delta): -7.27596e-12
95 (QN/Block) 	Elapsed: 0.027	Loglikelihood: -48478.2	(delta): 7.27596e-12
96 (QN/Block) 	Elapsed: 0.025	Loglikelihood: -48478.2	(delta): 0
97 (QN/Block) 	Elapsed: 0.026	Loglikelihood: -48478.2	(delta): -7.27596e-12
98 (QN/Block) 	Elapsed: 0.026	Loglikelihood: -48478.2	(delta): 7.27596e-12
99 (QN/Block) 	Elapsed: 0.026	Loglikelihood: -48478.2	(delta): -7.27596e-12
100 (QN/Block) 	Elapsed: 0.023	Loglikelihood: -48478.2	(delta): 7.27596e-12
Summary: 
Converged in 100 iterations (2.851 sec)
Loglikelihood: -48478.181826
Fst divergences between estimated populations: 
	Pop0	Pop1	Pop2	Pop3	Pop4	Pop5	Pop6	
Pop0	
Pop1	0.553	
Pop2	0.506	0.347	
Pop3	0.561	0.345	0.249	
Pop4	0.308	0.524	0.475	0.530	
Pop5	0.732	0.811	0.762	0.817	0.678	
Pop6	0.523	0.608	0.559	0.604	0.475	0.438	
Pop7	0.476	0.302	0.208	0.246	0.436	0.724	0.521	
CV error (K=8): 0.38689
Writing output files.
