****                   ADMIXTURE Version 1.3.0                  ****
****                    Copyright 2008-2015                     ****
****           David Alexander, Suyash Shringarpure,            ****
****                John  Novembre, Ken Lange                   ****
****                                                            ****
****                 Please cite our paper!                     ****
****   Information at www.genetics.ucla.edu/software/admixture  ****

Parallel execution requested.  Will use 8 threads.
Cross-validation will be performed.  Folds=10.
Random seed: 43
Point estimation method: Block relaxation algorithm
Convergence acceleration algorithm: QuasiNewton, 3 secant conditions
Point estimation will terminate at 100 iterations
Estimation of standard errors disabled; will compute point estimates only.
Size of G: 142x957
Performing five EM steps to prime main algorithm
1 (EM) 	Elapsed: 0.011	Loglikelihood: -93051.3	(delta): 103359
2 (EM) 	Elapsed: 0.011	Loglikelihood: -88448.7	(delta): 4602.63
3 (EM) 	Elapsed: 0.011	Loglikelihood: -87066.5	(delta): 1382.2
4 (EM) 	Elapsed: 0.011	Loglikelihood: -85913.8	(delta): 1152.72
5 (EM) 	Elapsed: 0.011	Loglikelihood: -84600.6	(delta): 1313.12
Initial loglikelihood: -84600.6
Starting main algorithm
1 (QN/Block) 	Elapsed: 0.017	Loglikelihood: -58187.1	(delta): 26413.6
2 (QN/Block) 	Elapsed: 0.018	Loglikelihood: -53920.1	(delta): 4266.99
3 (QN/Block) 	Elapsed: 0.02	Loglikelihood: -52277.7	(delta): 1642.35
4 (QN/Block) 	Elapsed: 0.019	Loglikelihood: -51382.6	(delta): 895.17
5 (QN/Block) 	Elapsed: 0.018	Loglikelihood: -51033.5	(delta): 349.105
6 (QN/Block) 	Elapsed: 0.019	Loglikelihood: -50908.7	(delta): 124.746
7 (QN/Block) 	Elapsed: 0.02	Loglikelihood: -50873.8	(delta): 34.9279
8 (QN/Block) 	Elapsed: 0.021	Loglikelihood: -50866.1	(delta): 7.73185
9 (QN/Block) 	Elapsed: 0.02	Loglikelihood: -50858.9	(delta): 7.18899
10 (QN/Block) 	Elapsed: 0.018	Loglikelihood: -50856.8	(delta): 2.04214
11 (QN/Block) 	Elapsed: 0.02	Loglikelihood: -50855.6	(delta): 1.27365
12 (QN/Block) 	Elapsed: 0.023	Loglikelihood: -50853	(delta): 2.5918
13 (QN/Block) 	Elapsed: 0.021	Loglikelihood: -50852.2	(delta): 0.724549
14 (QN/Block) 	Elapsed: 0.023	Loglikelihood: -50852.1	(delta): 0.174314
15 (QN/Block) 	Elapsed: 0.022	Loglikelihood: -50852	(delta): 0.0756868
16 (QN/Block) 	Elapsed: 0.02	Loglikelihood: -50852	(delta): 0.00487775
17 (QN/Block) 	Elapsed: 0.018	Loglikelihood: -50852	(delta): 0.000351886
18 (QN/Block) 	Elapsed: 0.019	Loglikelihood: -50852	(delta): 1.30489e-05
19 (QN/Block) 	Elapsed: 0.022	Loglikelihood: -50852	(delta): 1.13479e-06
20 (QN/Block) 	Elapsed: 0.019	Loglikelihood: -50852	(delta): 2.25918e-08
21 (QN/Block) 	Elapsed: 0.019	Loglikelihood: -50852	(delta): 8.00355e-10
22 (QN/Block) 	Elapsed: 0.019	Loglikelihood: -50852	(delta): 4.36557e-11
23 (QN/Block) 	Elapsed: 0.021	Loglikelihood: -50852	(delta): 0
24 (QN/Block) 	Elapsed: 0.022	Loglikelihood: -50852	(delta): 7.27596e-12
25 (QN/Block) 	Elapsed: 0.02	Loglikelihood: -50852	(delta): 7.27596e-12
26 (QN/Block) 	Elapsed: 0.024	Loglikelihood: -50852	(delta): 7.27596e-12
27 (QN/Block) 	Elapsed: 0.02	Loglikelihood: -50852	(delta): -2.91038e-11
28 (QN/Block) 	Elapsed: 0.021	Loglikelihood: -50852	(delta): 1.45519e-11
29 (QN/Block) 	Elapsed: 0.019	Loglikelihood: -50852	(delta): -7.27596e-12
30 (QN/Block) 	Elapsed: 0.02	Loglikelihood: -50852	(delta): 7.27596e-12
31 (QN/Block) 	Elapsed: 0.02	Loglikelihood: -50852	(delta): -7.27596e-12
32 (QN/Block) 	Elapsed: 0.019	Loglikelihood: -50852	(delta): 0
33 (QN/Block) 	Elapsed: 0.024	Loglikelihood: -50852	(delta): 0
34 (QN/Block) 	Elapsed: 0.024	Loglikelihood: -50852	(delta): 7.27596e-12
35 (QN/Block) 	Elapsed: 0.021	Loglikelihood: -50852	(delta): 7.27596e-12
36 (QN/Block) 	Elapsed: 0.019	Loglikelihood: -50852	(delta): -7.27596e-12
37 (QN/Block) 	Elapsed: 0.021	Loglikelihood: -50852	(delta): 7.27596e-12
38 (QN/Block) 	Elapsed: 0.019	Loglikelihood: -50852	(delta): -7.27596e-12
39 (QN/Block) 	Elapsed: 0.021	Loglikelihood: -50852	(delta): 1.45519e-11
40 (QN/Block) 	Elapsed: 0.021	Loglikelihood: -50852	(delta): -7.27596e-12
41 (QN/Block) 	Elapsed: 0.021	Loglikelihood: -50852	(delta): 0
42 (QN/Block) 	Elapsed: 0.023	Loglikelihood: -50852	(delta): 0
43 (QN/Block) 	Elapsed: 0.021	Loglikelihood: -50852	(delta): 7.27596e-12
44 (QN/Block) 	Elapsed: 0.023	Loglikelihood: -50852	(delta): 0
45 (QN/Block) 	Elapsed: 0.02	Loglikelihood: -50852	(delta): -7.27596e-12
46 (QN/Block) 	Elapsed: 0.02	Loglikelihood: -50852	(delta): 0
47 (QN/Block) 	Elapsed: 0.019	Loglikelihood: -50852	(delta): 0
48 (QN/Block) 	Elapsed: 0.02	Loglikelihood: -50852	(delta): 7.27596e-12
49 (QN/Block) 	Elapsed: 0.018	Loglikelihood: -50852	(delta): 0
50 (QN/Block) 	Elapsed: 0.022	Loglikelihood: -50852	(delta): -7.27596e-12
51 (QN/Block) 	Elapsed: 0.023	Loglikelihood: -50852	(delta): 7.27596e-12
52 (QN/Block) 	Elapsed: 0.023	Loglikelihood: -50852	(delta): 0
53 (QN/Block) 	Elapsed: 0.025	Loglikelihood: -50852	(delta): 0
54 (QN/Block) 	Elapsed: 0.022	Loglikelihood: -50852	(delta): -7.27596e-12
55 (QN/Block) 	Elapsed: 0.02	Loglikelihood: -50852	(delta): 7.27596e-12
56 (QN/Block) 	Elapsed: 0.018	Loglikelihood: -50852	(delta): -7.27596e-12
57 (QN/Block) 	Elapsed: 0.018	Loglikelihood: -50852	(delta): 0
58 (QN/Block) 	Elapsed: 0.02	Loglikelihood: -50852	(delta): 7.27596e-12
59 (QN/Block) 	Elapsed: 0.019	Loglikelihood: -50852	(delta): -7.27596e-12
60 (QN/Block) 	Elapsed: 0.02	Loglikelihood: -50852	(delta): 0
61 (QN/Block) 	Elapsed: 0.021	Loglikelihood: -50852	(delta): 0
62 (QN/Block) 	Elapsed: 0.021	Loglikelihood: -50852	(delta): 0
63 (QN/Block) 	Elapsed: 0.021	Loglikelihood: -50852	(delta): 0
64 (QN/Block) 	Elapsed: 0.022	Loglikelihood: -50852	(delta): 0
65 (QN/Block) 	Elapsed: 0.021	Loglikelihood: -50852	(delta): 7.27596e-12
66 (QN/Block) 	Elapsed: 0.021	Loglikelihood: -50852	(delta): -7.27596e-12
67 (QN/Block) 	Elapsed: 0.02	Loglikelihood: -50852	(delta): 7.27596e-12
68 (QN/Block) 	Elapsed: 0.022	Loglikelihood: -50852	(delta): 0
69 (QN/Block) 	Elapsed: 0.02	Loglikelihood: -50852	(delta): -7.27596e-12
70 (QN/Block) 	Elapsed: 0.023	Loglikelihood: -50852	(delta): 0
71 (QN/Block) 	Elapsed: 0.021	Loglikelihood: -50852	(delta): 0
72 (QN/Block) 	Elapsed: 0.024	Loglikelihood: -50852	(delta): 0
73 (QN/Block) 	Elapsed: 0.024	Loglikelihood: -50852	(delta): 7.27596e-12
74 (QN/Block) 	Elapsed: 0.023	Loglikelihood: -50852	(delta): -7.27596e-12
75 (QN/Block) 	Elapsed: 0.025	Loglikelihood: -50852	(delta): 0
76 (QN/Block) 	Elapsed: 0.02	Loglikelihood: -50852	(delta): 0
77 (QN/Block) 	Elapsed: 0.025	Loglikelihood: -50852	(delta): 7.27596e-12
78 (QN/Block) 	Elapsed: 0.025	Loglikelihood: -50852	(delta): -7.27596e-12
79 (QN/Block) 	Elapsed: 0.025	Loglikelihood: -50852	(delta): 7.27596e-12
80 (QN/Block) 	Elapsed: 0.022	Loglikelihood: -50852	(delta): 0
81 (QN/Block) 	Elapsed: 0.022	Loglikelihood: -50852	(delta): 0
82 (QN/Block) 	Elapsed: 0.021	Loglikelihood: -50852	(delta): 0
83 (QN/Block) 	Elapsed: 0.022	Loglikelihood: -50852	(delta): 0
84 (QN/Block) 	Elapsed: 0.022	Loglikelihood: -50852	(delta): 7.27596e-12
85 (QN/Block) 	Elapsed: 0.022	Loglikelihood: -50852	(delta): -7.27596e-12
86 (QN/Block) 	Elapsed: 0.021	Loglikelihood: -50852	(delta): 0
87 (QN/Block) 	Elapsed: 0.021	Loglikelihood: -50852	(delta): -7.27596e-12
88 (QN/Block) 	Elapsed: 0.021	Loglikelihood: -50852	(delta): 7.27596e-12
89 (QN/Block) 	Elapsed: 0.02	Loglikelihood: -50852	(delta): -7.27596e-12
90 (QN/Block) 	Elapsed: 0.023	Loglikelihood: -50852	(delta): 7.27596e-12
91 (QN/Block) 	Elapsed: 0.021	Loglikelihood: -50852	(delta): 0
92 (QN/Block) 	Elapsed: 0.02	Loglikelihood: -50852	(delta): 0
93 (QN/Block) 	Elapsed: 0.022	Loglikelihood: -50852	(delta): 0
94 (QN/Block) 	Elapsed: 0.022	Loglikelihood: -50852	(delta): 0
95 (QN/Block) 	Elapsed: 0.021	Loglikelihood: -50852	(delta): -7.27596e-12
96 (QN/Block) 	Elapsed: 0.022	Loglikelihood: -50852	(delta): 7.27596e-12
97 (QN/Block) 	Elapsed: 0.02	Loglikelihood: -50852	(delta): 7.27596e-12
98 (QN/Block) 	Elapsed: 0.022	Loglikelihood: -50852	(delta): -7.27596e-12
99 (QN/Block) 	Elapsed: 0.022	Loglikelihood: -50852	(delta): 0
100 (QN/Block) 	Elapsed: 0.025	Loglikelihood: -50852	(delta): 0
Summary: 
Converged in 100 iterations (2.258 sec)
Loglikelihood: -50851.986711
Fst divergences between estimated populations: 
	Pop0	Pop1	Pop2	Pop3	Pop4	
Pop0	
Pop1	0.431	
Pop2	0.754	0.654	
Pop3	0.179	0.411	0.734	
Pop4	0.545	0.450	0.443	0.527	
Pop5	0.294	0.490	0.817	0.282	0.607	
CV error (K=6): 0.38245
Writing output files.
