****                   ADMIXTURE Version 1.3.0                  ****
****                    Copyright 2008-2015                     ****
****           David Alexander, Suyash Shringarpure,            ****
****                John  Novembre, Ken Lange                   ****
****                                                            ****
****                 Please cite our paper!                     ****
****   Information at www.genetics.ucla.edu/software/admixture  ****

Parallel execution requested.  Will use 8 threads.
Cross-validation will be performed.  Folds=10.
Random seed: 43
Point estimation method: Block relaxation algorithm
Convergence acceleration algorithm: QuasiNewton, 3 secant conditions
Point estimation will terminate at 100 iterations
Estimation of standard errors disabled; will compute point estimates only.
Size of G: 142x957
Performing five EM steps to prime main algorithm
1 (EM) 	Elapsed: 0.009	Loglikelihood: -92857.2	(delta): 105356
2 (EM) 	Elapsed: 0.009	Loglikelihood: -88458.8	(delta): 4398.39
3 (EM) 	Elapsed: 0.009	Loglikelihood: -87144.6	(delta): 1314.18
4 (EM) 	Elapsed: 0.009	Loglikelihood: -86019	(delta): 1125.6
5 (EM) 	Elapsed: 0.009	Loglikelihood: -84778.2	(delta): 1240.81
Initial loglikelihood: -84778.2
Starting main algorithm
1 (QN/Block) 	Elapsed: 0.017	Loglikelihood: -58645.6	(delta): 26132.7
2 (QN/Block) 	Elapsed: 0.017	Loglikelihood: -54776.8	(delta): 3868.72
3 (QN/Block) 	Elapsed: 0.018	Loglikelihood: -53282.3	(delta): 1494.51
4 (QN/Block) 	Elapsed: 0.017	Loglikelihood: -52397.2	(delta): 885.172
5 (QN/Block) 	Elapsed: 0.018	Loglikelihood: -52011.8	(delta): 385.31
6 (QN/Block) 	Elapsed: 0.018	Loglikelihood: -51926.1	(delta): 85.7174
7 (QN/Block) 	Elapsed: 0.018	Loglikelihood: -51907.5	(delta): 18.6232
8 (QN/Block) 	Elapsed: 0.017	Loglikelihood: -51903.6	(delta): 3.92152
9 (QN/Block) 	Elapsed: 0.019	Loglikelihood: -51902.3	(delta): 1.3144
10 (QN/Block) 	Elapsed: 0.018	Loglikelihood: -51901.8	(delta): 0.478266
11 (QN/Block) 	Elapsed: 0.018	Loglikelihood: -51901.6	(delta): 0.188191
12 (QN/Block) 	Elapsed: 0.017	Loglikelihood: -51901.4	(delta): 0.19226
13 (QN/Block) 	Elapsed: 0.019	Loglikelihood: -51901.3	(delta): 0.129054
14 (QN/Block) 	Elapsed: 0.019	Loglikelihood: -51901.2	(delta): 0.126699
15 (QN/Block) 	Elapsed: 0.022	Loglikelihood: -51901	(delta): 0.148278
16 (QN/Block) 	Elapsed: 0.021	Loglikelihood: -51900.8	(delta): 0.178309
17 (QN/Block) 	Elapsed: 0.021	Loglikelihood: -51900.6	(delta): 0.212205
18 (QN/Block) 	Elapsed: 0.022	Loglikelihood: -51900.4	(delta): 0.212009
19 (QN/Block) 	Elapsed: 0.022	Loglikelihood: -51900.1	(delta): 0.258664
20 (QN/Block) 	Elapsed: 0.024	Loglikelihood: -51899.8	(delta): 0.363951
21 (QN/Block) 	Elapsed: 0.02	Loglikelihood: -51899.6	(delta): 0.190014
22 (QN/Block) 	Elapsed: 0.019	Loglikelihood: -51899.4	(delta): 0.171762
23 (QN/Block) 	Elapsed: 0.02	Loglikelihood: -51899.2	(delta): 0.206349
24 (QN/Block) 	Elapsed: 0.019	Loglikelihood: -51899.2	(delta): 0.014915
25 (QN/Block) 	Elapsed: 0.019	Loglikelihood: -51899.2	(delta): 0.00153643
26 (QN/Block) 	Elapsed: 0.021	Loglikelihood: -51899.2	(delta): 0.00148222
27 (QN/Block) 	Elapsed: 0.023	Loglikelihood: -51899.2	(delta): 0.00203845
28 (QN/Block) 	Elapsed: 0.02	Loglikelihood: -51899.2	(delta): 0.00316552
29 (QN/Block) 	Elapsed: 0.023	Loglikelihood: -51899.2	(delta): 0.0048994
30 (QN/Block) 	Elapsed: 0.021	Loglikelihood: -51899.2	(delta): 0.00184106
31 (QN/Block) 	Elapsed: 0.022	Loglikelihood: -51899.2	(delta): 7.02744e-05
32 (QN/Block) 	Elapsed: 0.022	Loglikelihood: -51899.2	(delta): 2.14166e-05
33 (QN/Block) 	Elapsed: 0.021	Loglikelihood: -51899.2	(delta): 7.24685e-07
34 (QN/Block) 	Elapsed: 0.021	Loglikelihood: -51899.2	(delta): 4.45434e-08
35 (QN/Block) 	Elapsed: 0.017	Loglikelihood: -51899.2	(delta): 3.88536e-09
36 (QN/Block) 	Elapsed: 0.018	Loglikelihood: -51899.2	(delta): 3.20142e-10
37 (QN/Block) 	Elapsed: 0.018	Loglikelihood: -51899.2	(delta): 7.27596e-12
38 (QN/Block) 	Elapsed: 0.018	Loglikelihood: -51899.2	(delta): 0
39 (QN/Block) 	Elapsed: 0.019	Loglikelihood: -51899.2	(delta): 7.27596e-12
40 (QN/Block) 	Elapsed: 0.021	Loglikelihood: -51899.2	(delta): 7.27596e-12
41 (QN/Block) 	Elapsed: 0.02	Loglikelihood: -51899.2	(delta): -7.27596e-12
42 (QN/Block) 	Elapsed: 0.022	Loglikelihood: -51899.2	(delta): -7.27596e-12
43 (QN/Block) 	Elapsed: 0.02	Loglikelihood: -51899.2	(delta): -7.27596e-12
44 (QN/Block) 	Elapsed: 0.019	Loglikelihood: -51899.2	(delta): 1.45519e-11
45 (QN/Block) 	Elapsed: 0.019	Loglikelihood: -51899.2	(delta): -7.27596e-12
46 (QN/Block) 	Elapsed: 0.02	Loglikelihood: -51899.2	(delta): -7.27596e-12
47 (QN/Block) 	Elapsed: 0.02	Loglikelihood: -51899.2	(delta): 7.27596e-12
48 (QN/Block) 	Elapsed: 0.02	Loglikelihood: -51899.2	(delta): 0
49 (QN/Block) 	Elapsed: 0.019	Loglikelihood: -51899.2	(delta): 0
50 (QN/Block) 	Elapsed: 0.02	Loglikelihood: -51899.2	(delta): -7.27596e-12
51 (QN/Block) 	Elapsed: 0.02	Loglikelihood: -51899.2	(delta): 2.18279e-11
52 (QN/Block) 	Elapsed: 0.02	Loglikelihood: -51899.2	(delta): -7.27596e-12
53 (QN/Block) 	Elapsed: 0.02	Loglikelihood: -51899.2	(delta): -7.27596e-12
54 (QN/Block) 	Elapsed: 0.02	Loglikelihood: -51899.2	(delta): 0
55 (QN/Block) 	Elapsed: 0.019	Loglikelihood: -51899.2	(delta): 0
56 (QN/Block) 	Elapsed: 0.019	Loglikelihood: -51899.2	(delta): 0
57 (QN/Block) 	Elapsed: 0.02	Loglikelihood: -51899.2	(delta): 0
58 (QN/Block) 	Elapsed: 0.022	Loglikelihood: -51899.2	(delta): 0
59 (QN/Block) 	Elapsed: 0.019	Loglikelihood: -51899.2	(delta): 0
60 (QN/Block) 	Elapsed: 0.019	Loglikelihood: -51899.2	(delta): 0
61 (QN/Block) 	Elapsed: 0.019	Loglikelihood: -51899.2	(delta): 7.27596e-12
62 (QN/Block) 	Elapsed: 0.019	Loglikelihood: -51899.2	(delta): -7.27596e-12
63 (QN/Block) 	Elapsed: 0.018	Loglikelihood: -51899.2	(delta): 0
64 (QN/Block) 	Elapsed: 0.019	Loglikelihood: -51899.2	(delta): 0
65 (QN/Block) 	Elapsed: 0.02	Loglikelihood: -51899.2	(delta): 1.45519e-11
66 (QN/Block) 	Elapsed: 0.02	Loglikelihood: -51899.2	(delta): -7.27596e-12
67 (QN/Block) 	Elapsed: 0.02	Loglikelihood: -51899.2	(delta): 0
68 (QN/Block) 	Elapsed: 0.022	Loglikelihood: -51899.2	(delta): 0
69 (QN/Block) 	Elapsed: 0.022	Loglikelihood: -51899.2	(delta): 0
70 (QN/Block) 	Elapsed: 0.019	Loglikelihood: -51899.2	(delta): 0
71 (QN/Block) 	Elapsed: 0.019	Loglikelihood: -51899.2	(delta): 0
72 (QN/Block) 	Elapsed: 0.02	Loglikelihood: -51899.2	(delta): 0
73 (QN/Block) 	Elapsed: 0.021	Loglikelihood: -51899.2	(delta): 0
74 (QN/Block) 	Elapsed: 0.02	Loglikelihood: -51899.2	(delta): 0
75 (QN/Block) 	Elapsed: 0.019	Loglikelihood: -51899.2	(delta): 0
76 (QN/Block) 	Elapsed: 0.019	Loglikelihood: -51899.2	(delta): 0
77 (QN/Block) 	Elapsed: 0.019	Loglikelihood: -51899.2	(delta): 0
78 (QN/Block) 	Elapsed: 0.019	Loglikelihood: -51899.2	(delta): 0
79 (QN/Block) 	Elapsed: 0.019	Loglikelihood: -51899.2	(delta): -7.27596e-12
80 (QN/Block) 	Elapsed: 0.019	Loglikelihood: -51899.2	(delta): 7.27596e-12
81 (QN/Block) 	Elapsed: 0.023	Loglikelihood: -51899.2	(delta): 0
82 (QN/Block) 	Elapsed: 0.018	Loglikelihood: -51899.2	(delta): 0
83 (QN/Block) 	Elapsed: 0.018	Loglikelihood: -51899.2	(delta): 0
84 (QN/Block) 	Elapsed: 0.021	Loglikelihood: -51899.2	(delta): -7.27596e-12
85 (QN/Block) 	Elapsed: 0.022	Loglikelihood: -51899.2	(delta): 7.27596e-12
86 (QN/Block) 	Elapsed: 0.02	Loglikelihood: -51899.2	(delta): -7.27596e-12
87 (QN/Block) 	Elapsed: 0.02	Loglikelihood: -51899.2	(delta): 7.27596e-12
88 (QN/Block) 	Elapsed: 0.021	Loglikelihood: -51899.2	(delta): -7.27596e-12
89 (QN/Block) 	Elapsed: 0.018	Loglikelihood: -51899.2	(delta): 7.27596e-12
90 (QN/Block) 	Elapsed: 0.02	Loglikelihood: -51899.2	(delta): 0
91 (QN/Block) 	Elapsed: 0.019	Loglikelihood: -51899.2	(delta): 0
92 (QN/Block) 	Elapsed: 0.02	Loglikelihood: -51899.2	(delta): 0
93 (QN/Block) 	Elapsed: 0.018	Loglikelihood: -51899.2	(delta): 0
94 (QN/Block) 	Elapsed: 0.017	Loglikelihood: -51899.2	(delta): 0
95 (QN/Block) 	Elapsed: 0.018	Loglikelihood: -51899.2	(delta): 0
96 (QN/Block) 	Elapsed: 0.019	Loglikelihood: -51899.2	(delta): 0
97 (QN/Block) 	Elapsed: 0.019	Loglikelihood: -51899.2	(delta): 0
98 (QN/Block) 	Elapsed: 0.019	Loglikelihood: -51899.2	(delta): 0
99 (QN/Block) 	Elapsed: 0.019	Loglikelihood: -51899.2	(delta): 0
100 (QN/Block) 	Elapsed: 0.019	Loglikelihood: -51899.2	(delta): 0
Summary: 
Converged in 100 iterations (2.107 sec)
Loglikelihood: -51899.182691
Fst divergences between estimated populations: 
	Pop0	Pop1	Pop2	Pop3	
Pop0	
Pop1	0.202	
Pop2	0.265	0.238	
Pop3	0.429	0.418	0.471	
Pop4	0.536	0.534	0.589	0.450	
CV error (K=5): 0.38629
Writing output files.
