****                   ADMIXTURE Version 1.3.0                  ****
****                    Copyright 2008-2015                     ****
****           David Alexander, Suyash Shringarpure,            ****
****                John  Novembre, Ken Lange                   ****
****                                                            ****
****                 Please cite our paper!                     ****
****   Information at www.genetics.ucla.edu/software/admixture  ****

Parallel execution requested.  Will use 8 threads.
Cross-validation will be performed.  Folds=10.
Random seed: 43
Point estimation method: Block relaxation algorithm
Convergence acceleration algorithm: QuasiNewton, 3 secant conditions
Point estimation will terminate at 100 iterations
Estimation of standard errors disabled; will compute point estimates only.
Size of G: 557x751
Performing five EM steps to prime main algorithm
1 (EM) 	Elapsed: 0.062	Loglikelihood: -237291	(delta): 310560
2 (EM) 	Elapsed: 0.07	Loglikelihood: -225655	(delta): 11636.6
3 (EM) 	Elapsed: 0.07	Loglikelihood: -222487	(delta): 3167.62
4 (EM) 	Elapsed: 0.068	Loglikelihood: -218896	(delta): 3590.7
5 (EM) 	Elapsed: 0.066	Loglikelihood: -213225	(delta): 5671.62
Initial loglikelihood: -213225
Starting main algorithm
1 (QN/Block) 	Elapsed: 0.092	Loglikelihood: -55454.3	(delta): 157771
2 (QN/Block) 	Elapsed: 0.08	Loglikelihood: -45040	(delta): 10414.3
3 (QN/Block) 	Elapsed: 0.089	Loglikelihood: -42865.4	(delta): 2174.66
4 (QN/Block) 	Elapsed: 0.081	Loglikelihood: -41132.6	(delta): 1732.75
5 (QN/Block) 	Elapsed: 0.081	Loglikelihood: -40218.4	(delta): 914.261
6 (QN/Block) 	Elapsed: 0.08	Loglikelihood: -39910.5	(delta): 307.882
7 (QN/Block) 	Elapsed: 0.096	Loglikelihood: -39819.8	(delta): 90.6817
8 (QN/Block) 	Elapsed: 0.084	Loglikelihood: -39772.1	(delta): 47.7107
9 (QN/Block) 	Elapsed: 0.085	Loglikelihood: -39746.2	(delta): 25.9255
10 (QN/Block) 	Elapsed: 0.086	Loglikelihood: -39730	(delta): 16.1808
11 (QN/Block) 	Elapsed: 0.082	Loglikelihood: -39723.4	(delta): 6.63604
12 (QN/Block) 	Elapsed: 0.086	Loglikelihood: -39719.7	(delta): 3.64717
13 (QN/Block) 	Elapsed: 0.081	Loglikelihood: -39716.1	(delta): 3.57536
14 (QN/Block) 	Elapsed: 0.082	Loglikelihood: -39715.6	(delta): 0.505291
15 (QN/Block) 	Elapsed: 0.097	Loglikelihood: -39715.2	(delta): 0.384003
16 (QN/Block) 	Elapsed: 0.088	Loglikelihood: -39715.1	(delta): 0.113941
17 (QN/Block) 	Elapsed: 0.09	Loglikelihood: -39715.1	(delta): 0.0321781
18 (QN/Block) 	Elapsed: 0.087	Loglikelihood: -39715.1	(delta): 0.0136282
19 (QN/Block) 	Elapsed: 0.08	Loglikelihood: -39715.1	(delta): 0.00456257
20 (QN/Block) 	Elapsed: 0.08	Loglikelihood: -39715.1	(delta): 0.00107923
21 (QN/Block) 	Elapsed: 0.085	Loglikelihood: -39715.1	(delta): 0.000458349
22 (QN/Block) 	Elapsed: 0.088	Loglikelihood: -39715.1	(delta): 0.000130034
23 (QN/Block) 	Elapsed: 0.082	Loglikelihood: -39715.1	(delta): 6.87614e-06
24 (QN/Block) 	Elapsed: 0.082	Loglikelihood: -39715.1	(delta): 2.07071e-06
25 (QN/Block) 	Elapsed: 0.086	Loglikelihood: -39715.1	(delta): 3.10669e-07
26 (QN/Block) 	Elapsed: 0.081	Loglikelihood: -39715.1	(delta): 8.55653e-08
27 (QN/Block) 	Elapsed: 0.084	Loglikelihood: -39715.1	(delta): 5.65778e-08
28 (QN/Block) 	Elapsed: 0.088	Loglikelihood: -39715.1	(delta): 1.12123e-08
29 (QN/Block) 	Elapsed: 0.098	Loglikelihood: -39715.1	(delta): 1.73895e-09
30 (QN/Block) 	Elapsed: 0.107	Loglikelihood: -39715.1	(delta): 5.31145e-10
31 (QN/Block) 	Elapsed: 0.094	Loglikelihood: -39715.1	(delta): 3.12866e-10
32 (QN/Block) 	Elapsed: 0.096	Loglikelihood: -39715.1	(delta): 2.54659e-10
33 (QN/Block) 	Elapsed: 0.094	Loglikelihood: -39715.1	(delta): 2.40107e-10
34 (QN/Block) 	Elapsed: 0.094	Loglikelihood: -39715.1	(delta): 8.73115e-11
35 (QN/Block) 	Elapsed: 0.094	Loglikelihood: -39715.1	(delta): 2.40107e-10
36 (QN/Block) 	Elapsed: 0.092	Loglikelihood: -39715.1	(delta): 2.61934e-10
37 (QN/Block) 	Elapsed: 0.098	Loglikelihood: -39715.1	(delta): 5.82077e-11
38 (QN/Block) 	Elapsed: 0.095	Loglikelihood: -39715.1	(delta): -5.82077e-11
39 (QN/Block) 	Elapsed: 0.097	Loglikelihood: -39715.1	(delta): 6.54836e-11
40 (QN/Block) 	Elapsed: 0.102	Loglikelihood: -39715.1	(delta): 2.03727e-10
41 (QN/Block) 	Elapsed: 0.118	Loglikelihood: -39715.1	(delta): 4.36557e-11
42 (QN/Block) 	Elapsed: 0.132	Loglikelihood: -39715.1	(delta): 8.00355e-11
43 (QN/Block) 	Elapsed: 0.095	Loglikelihood: -39715.1	(delta): -1.45519e-11
44 (QN/Block) 	Elapsed: 0.103	Loglikelihood: -39715.1	(delta): 1.67347e-10
45 (QN/Block) 	Elapsed: 0.094	Loglikelihood: -39715.1	(delta): 1.01863e-10
46 (QN/Block) 	Elapsed: 0.101	Loglikelihood: -39715.1	(delta): 5.82077e-11
47 (QN/Block) 	Elapsed: 0.092	Loglikelihood: -39715.1	(delta): 1.38243e-10
48 (QN/Block) 	Elapsed: 0.096	Loglikelihood: -39715.1	(delta): 8.73115e-11
49 (QN/Block) 	Elapsed: 0.12	Loglikelihood: -39715.1	(delta): 3.63798e-11
50 (QN/Block) 	Elapsed: 0.099	Loglikelihood: -39715.1	(delta): 1.09139e-10
51 (QN/Block) 	Elapsed: 0.099	Loglikelihood: -39715.1	(delta): 1.67347e-10
52 (QN/Block) 	Elapsed: 0.1	Loglikelihood: -39715.1	(delta): 1.45519e-10
53 (QN/Block) 	Elapsed: 0.105	Loglikelihood: -39715.1	(delta): -1.01863e-10
54 (QN/Block) 	Elapsed: 0.104	Loglikelihood: -39715.1	(delta): -6.54836e-11
55 (QN/Block) 	Elapsed: 0.097	Loglikelihood: -39715.1	(delta): 9.45874e-11
56 (QN/Block) 	Elapsed: 0.093	Loglikelihood: -39715.1	(delta): 1.23691e-10
57 (QN/Block) 	Elapsed: 0.092	Loglikelihood: -39715.1	(delta): 6.54836e-11
58 (QN/Block) 	Elapsed: 0.095	Loglikelihood: -39715.1	(delta): -2.18279e-11
59 (QN/Block) 	Elapsed: 0.102	Loglikelihood: -39715.1	(delta): 7.27596e-11
60 (QN/Block) 	Elapsed: 0.093	Loglikelihood: -39715.1	(delta): 1.16415e-10
61 (QN/Block) 	Elapsed: 0.09	Loglikelihood: -39715.1	(delta): 0
62 (QN/Block) 	Elapsed: 0.096	Loglikelihood: -39715.1	(delta): -1.01863e-10
63 (QN/Block) 	Elapsed: 0.098	Loglikelihood: -39715.1	(delta): 5.82077e-11
64 (QN/Block) 	Elapsed: 0.111	Loglikelihood: -39715.1	(delta): -1.38243e-10
65 (QN/Block) 	Elapsed: 0.102	Loglikelihood: -39715.1	(delta): 4.36557e-11
66 (QN/Block) 	Elapsed: 0.092	Loglikelihood: -39715.1	(delta): 2.91038e-11
67 (QN/Block) 	Elapsed: 0.094	Loglikelihood: -39715.1	(delta): -9.45874e-11
68 (QN/Block) 	Elapsed: 0.089	Loglikelihood: -39715.1	(delta): 1.81899e-10
69 (QN/Block) 	Elapsed: 0.116	Loglikelihood: -39715.1	(delta): 2.18279e-11
70 (QN/Block) 	Elapsed: 0.098	Loglikelihood: -39715.1	(delta): 1.67347e-10
71 (QN/Block) 	Elapsed: 0.096	Loglikelihood: -39715.1	(delta): 3.63798e-11
72 (QN/Block) 	Elapsed: 0.089	Loglikelihood: -39715.1	(delta): -1.45519e-10
73 (QN/Block) 	Elapsed: 0.1	Loglikelihood: -39715.1	(delta): 1.45519e-11
74 (QN/Block) 	Elapsed: 0.09	Loglikelihood: -39715.1	(delta): 2.40107e-10
75 (QN/Block) 	Elapsed: 0.09	Loglikelihood: -39715.1	(delta): 7.27596e-12
76 (QN/Block) 	Elapsed: 0.094	Loglikelihood: -39715.1	(delta): 4.36557e-11
77 (QN/Block) 	Elapsed: 0.099	Loglikelihood: -39715.1	(delta): -1.74623e-10
78 (QN/Block) 	Elapsed: 0.092	Loglikelihood: -39715.1	(delta): 1.30967e-10
79 (QN/Block) 	Elapsed: 0.092	Loglikelihood: -39715.1	(delta): 1.45519e-11
80 (QN/Block) 	Elapsed: 0.092	Loglikelihood: -39715.1	(delta): 3.63798e-11
81 (QN/Block) 	Elapsed: 0.095	Loglikelihood: -39715.1	(delta): -7.27596e-12
82 (QN/Block) 	Elapsed: 0.089	Loglikelihood: -39715.1	(delta): -2.91038e-11
83 (QN/Block) 	Elapsed: 0.093	Loglikelihood: -39715.1	(delta): 1.45519e-10
84 (QN/Block) 	Elapsed: 0.087	Loglikelihood: -39715.1	(delta): -1.01863e-10
85 (QN/Block) 	Elapsed: 0.092	Loglikelihood: -39715.1	(delta): 5.82077e-11
86 (QN/Block) 	Elapsed: 0.089	Loglikelihood: -39715.1	(delta): -4.36557e-11
87 (QN/Block) 	Elapsed: 0.09	Loglikelihood: -39715.1	(delta): 3.63798e-11
88 (QN/Block) 	Elapsed: 0.089	Loglikelihood: -39715.1	(delta): 4.36557e-11
89 (QN/Block) 	Elapsed: 0.091	Loglikelihood: -39715.1	(delta): 1.74623e-10
90 (QN/Block) 	Elapsed: 0.097	Loglikelihood: -39715.1	(delta): -2.83762e-10
91 (QN/Block) 	Elapsed: 0.09	Loglikelihood: -39715.1	(delta): 2.91038e-11
92 (QN/Block) 	Elapsed: 0.085	Loglikelihood: -39715.1	(delta): -8.00355e-11
93 (QN/Block) 	Elapsed: 0.092	Loglikelihood: -39715.1	(delta): -2.18279e-11
94 (QN/Block) 	Elapsed: 0.089	Loglikelihood: -39715.1	(delta): -2.91038e-11
95 (QN/Block) 	Elapsed: 0.093	Loglikelihood: -39715.1	(delta): 8.73115e-11
96 (QN/Block) 	Elapsed: 0.089	Loglikelihood: -39715.1	(delta): 2.03727e-10
97 (QN/Block) 	Elapsed: 0.093	Loglikelihood: -39715.1	(delta): 2.18279e-10
98 (QN/Block) 	Elapsed: 0.088	Loglikelihood: -39715.1	(delta): -2.11003e-10
99 (QN/Block) 	Elapsed: 0.089	Loglikelihood: -39715.1	(delta): 4.36557e-11
100 (QN/Block) 	Elapsed: 0.086	Loglikelihood: -39715.1	(delta): 1.23691e-10
Summary: 
Converged in 100 iterations (9.862 sec)
Loglikelihood: -39715.072529
Fst divergences between estimated populations: 
	Pop0	Pop1	Pop2	Pop3	Pop4	Pop5	Pop6	Pop7	Pop8	
Pop0	
Pop1	0.852	
Pop2	0.278	0.841	
Pop3	0.870	0.885	0.858	
Pop4	0.404	0.835	0.311	0.850	
Pop5	0.262	0.835	0.109	0.849	0.313	
Pop6	0.852	0.326	0.843	0.874	0.837	0.838	
Pop7	0.866	0.882	0.854	0.456	0.846	0.845	0.871	
Pop8	0.467	0.854	0.386	0.880	0.461	0.372	0.856	0.875	
Pop9	0.855	0.459	0.846	0.880	0.841	0.839	0.426	0.879	0.861	
CV error (K=10): 0.07680
Writing output files.
