****                   ADMIXTURE Version 1.3.0                  ****
****                    Copyright 2008-2015                     ****
****           David Alexander, Suyash Shringarpure,            ****
****                John  Novembre, Ken Lange                   ****
****                                                            ****
****                 Please cite our paper!                     ****
****   Information at www.genetics.ucla.edu/software/admixture  ****

Parallel execution requested.  Will use 8 threads.
Cross-validation will be performed.  Folds=10.
Random seed: 43
Point estimation method: Block relaxation algorithm
Convergence acceleration algorithm: QuasiNewton, 3 secant conditions
Point estimation will terminate at 100 iterations
Estimation of standard errors disabled; will compute point estimates only.
Size of G: 557x751
Performing five EM steps to prime main algorithm
1 (EM) 	Elapsed: 0.032	Loglikelihood: -237061	(delta): 338783
2 (EM) 	Elapsed: 0.032	Loglikelihood: -226891	(delta): 10170.8
3 (EM) 	Elapsed: 0.038	Loglikelihood: -223606	(delta): 3284.75
4 (EM) 	Elapsed: 0.035	Loglikelihood: -219523	(delta): 4082.31
5 (EM) 	Elapsed: 0.033	Loglikelihood: -212072	(delta): 7451.77
Initial loglikelihood: -212072
Starting main algorithm
1 (QN/Block) 	Elapsed: 0.048	Loglikelihood: -58388.4	(delta): 153683
2 (QN/Block) 	Elapsed: 0.049	Loglikelihood: -47706.9	(delta): 10681.4
3 (QN/Block) 	Elapsed: 0.054	Loglikelihood: -46179.2	(delta): 1527.76
4 (QN/Block) 	Elapsed: 0.053	Loglikelihood: -45124.7	(delta): 1054.45
5 (QN/Block) 	Elapsed: 0.05	Loglikelihood: -44519.3	(delta): 605.448
6 (QN/Block) 	Elapsed: 0.053	Loglikelihood: -43965.8	(delta): 553.517
7 (QN/Block) 	Elapsed: 0.064	Loglikelihood: -43612.6	(delta): 353.182
8 (QN/Block) 	Elapsed: 0.068	Loglikelihood: -43424.5	(delta): 188.077
9 (QN/Block) 	Elapsed: 0.062	Loglikelihood: -43287	(delta): 137.494
10 (QN/Block) 	Elapsed: 0.05	Loglikelihood: -43265.5	(delta): 21.4984
11 (QN/Block) 	Elapsed: 0.05	Loglikelihood: -43261.6	(delta): 3.87715
12 (QN/Block) 	Elapsed: 0.049	Loglikelihood: -43261	(delta): 0.649185
13 (QN/Block) 	Elapsed: 0.052	Loglikelihood: -43260.9	(delta): 0.119012
14 (QN/Block) 	Elapsed: 0.05	Loglikelihood: -43260.8	(delta): 0.0133915
15 (QN/Block) 	Elapsed: 0.053	Loglikelihood: -43260.8	(delta): 0.0129852
16 (QN/Block) 	Elapsed: 0.05	Loglikelihood: -43260.8	(delta): 0.00821169
17 (QN/Block) 	Elapsed: 0.056	Loglikelihood: -43260.8	(delta): 0.00253805
18 (QN/Block) 	Elapsed: 0.055	Loglikelihood: -43260.8	(delta): 2.71313e-05
19 (QN/Block) 	Elapsed: 0.056	Loglikelihood: -43260.8	(delta): 2.27548e-05
20 (QN/Block) 	Elapsed: 0.053	Loglikelihood: -43260.8	(delta): 1.29058e-05
21 (QN/Block) 	Elapsed: 0.052	Loglikelihood: -43260.8	(delta): 1.33768e-07
22 (QN/Block) 	Elapsed: 0.05	Loglikelihood: -43260.8	(delta): 1.89102e-08
23 (QN/Block) 	Elapsed: 0.052	Loglikelihood: -43260.8	(delta): 1.76078e-08
24 (QN/Block) 	Elapsed: 0.052	Loglikelihood: -43260.8	(delta): 9.08767e-09
25 (QN/Block) 	Elapsed: 0.051	Loglikelihood: -43260.8	(delta): 1.82627e-09
26 (QN/Block) 	Elapsed: 0.058	Loglikelihood: -43260.8	(delta): 2.11003e-10
27 (QN/Block) 	Elapsed: 0.057	Loglikelihood: -43260.8	(delta): 2.18279e-11
28 (QN/Block) 	Elapsed: 0.069	Loglikelihood: -43260.8	(delta): 1.45519e-11
29 (QN/Block) 	Elapsed: 0.06	Loglikelihood: -43260.8	(delta): 3.63798e-11
30 (QN/Block) 	Elapsed: 0.056	Loglikelihood: -43260.8	(delta): 2.18279e-11
31 (QN/Block) 	Elapsed: 0.054	Loglikelihood: -43260.8	(delta): 3.63798e-11
32 (QN/Block) 	Elapsed: 0.06	Loglikelihood: -43260.8	(delta): -2.18279e-11
33 (QN/Block) 	Elapsed: 0.063	Loglikelihood: -43260.8	(delta): 5.09317e-11
34 (QN/Block) 	Elapsed: 0.054	Loglikelihood: -43260.8	(delta): 7.27596e-12
35 (QN/Block) 	Elapsed: 0.052	Loglikelihood: -43260.8	(delta): 1.45519e-11
36 (QN/Block) 	Elapsed: 0.052	Loglikelihood: -43260.8	(delta): 2.18279e-11
37 (QN/Block) 	Elapsed: 0.051	Loglikelihood: -43260.8	(delta): 2.18279e-11
38 (QN/Block) 	Elapsed: 0.054	Loglikelihood: -43260.8	(delta): 7.27596e-12
39 (QN/Block) 	Elapsed: 0.067	Loglikelihood: -43260.8	(delta): 1.45519e-11
40 (QN/Block) 	Elapsed: 0.075	Loglikelihood: -43260.8	(delta): 3.63798e-11
41 (QN/Block) 	Elapsed: 0.064	Loglikelihood: -43260.8	(delta): 0
42 (QN/Block) 	Elapsed: 0.062	Loglikelihood: -43260.8	(delta): 3.63798e-11
43 (QN/Block) 	Elapsed: 0.07	Loglikelihood: -43260.8	(delta): 7.27596e-12
44 (QN/Block) 	Elapsed: 0.057	Loglikelihood: -43260.8	(delta): 7.27596e-12
45 (QN/Block) 	Elapsed: 0.059	Loglikelihood: -43260.8	(delta): 0
46 (QN/Block) 	Elapsed: 0.06	Loglikelihood: -43260.8	(delta): -1.45519e-11
47 (QN/Block) 	Elapsed: 0.054	Loglikelihood: -43260.8	(delta): 2.18279e-11
48 (QN/Block) 	Elapsed: 0.052	Loglikelihood: -43260.8	(delta): -7.27596e-12
49 (QN/Block) 	Elapsed: 0.062	Loglikelihood: -43260.8	(delta): 7.27596e-12
50 (QN/Block) 	Elapsed: 0.062	Loglikelihood: -43260.8	(delta): 7.27596e-12
51 (QN/Block) 	Elapsed: 0.055	Loglikelihood: -43260.8	(delta): 0
52 (QN/Block) 	Elapsed: 0.053	Loglikelihood: -43260.8	(delta): 2.18279e-11
53 (QN/Block) 	Elapsed: 0.053	Loglikelihood: -43260.8	(delta): -7.27596e-12
54 (QN/Block) 	Elapsed: 0.058	Loglikelihood: -43260.8	(delta): 2.18279e-11
55 (QN/Block) 	Elapsed: 0.061	Loglikelihood: -43260.8	(delta): -7.27596e-12
56 (QN/Block) 	Elapsed: 0.06	Loglikelihood: -43260.8	(delta): 7.27596e-12
57 (QN/Block) 	Elapsed: 0.057	Loglikelihood: -43260.8	(delta): 2.18279e-11
58 (QN/Block) 	Elapsed: 0.054	Loglikelihood: -43260.8	(delta): 7.27596e-12
59 (QN/Block) 	Elapsed: 0.052	Loglikelihood: -43260.8	(delta): 1.45519e-11
60 (QN/Block) 	Elapsed: 0.054	Loglikelihood: -43260.8	(delta): -1.45519e-11
61 (QN/Block) 	Elapsed: 0.065	Loglikelihood: -43260.8	(delta): 1.45519e-11
62 (QN/Block) 	Elapsed: 0.061	Loglikelihood: -43260.8	(delta): 1.45519e-11
63 (QN/Block) 	Elapsed: 0.065	Loglikelihood: -43260.8	(delta): 1.45519e-11
64 (QN/Block) 	Elapsed: 0.068	Loglikelihood: -43260.8	(delta): 0
65 (QN/Block) 	Elapsed: 0.064	Loglikelihood: -43260.8	(delta): -1.45519e-11
66 (QN/Block) 	Elapsed: 0.068	Loglikelihood: -43260.8	(delta): 7.27596e-12
67 (QN/Block) 	Elapsed: 0.062	Loglikelihood: -43260.8	(delta): 7.27596e-12
68 (QN/Block) 	Elapsed: 0.119	Loglikelihood: -43260.8	(delta): -7.27596e-12
69 (QN/Block) 	Elapsed: 0.14	Loglikelihood: -43260.8	(delta): 1.45519e-11
70 (QN/Block) 	Elapsed: 0.065	Loglikelihood: -43260.8	(delta): 1.45519e-11
71 (QN/Block) 	Elapsed: 0.064	Loglikelihood: -43260.8	(delta): -7.27596e-12
72 (QN/Block) 	Elapsed: 0.072	Loglikelihood: -43260.8	(delta): 0
73 (QN/Block) 	Elapsed: 0.069	Loglikelihood: -43260.8	(delta): 7.27596e-12
74 (QN/Block) 	Elapsed: 0.062	Loglikelihood: -43260.8	(delta): 3.63798e-11
75 (QN/Block) 	Elapsed: 0.056	Loglikelihood: -43260.8	(delta): -1.45519e-11
76 (QN/Block) 	Elapsed: 0.054	Loglikelihood: -43260.8	(delta): -1.45519e-11
77 (QN/Block) 	Elapsed: 0.057	Loglikelihood: -43260.8	(delta): 2.91038e-11
78 (QN/Block) 	Elapsed: 0.058	Loglikelihood: -43260.8	(delta): -0.00315533
79 (QN/Block) 	Elapsed: 0.068	Loglikelihood: -43260.8	(delta): 0.00322435
80 (QN/Block) 	Elapsed: 0.057	Loglikelihood: -43260.8	(delta): 5.04224e-09
81 (QN/Block) 	Elapsed: 0.056	Loglikelihood: -43260.8	(delta): 2.11003e-10
82 (QN/Block) 	Elapsed: 0.061	Loglikelihood: -43260.8	(delta): 5.09317e-11
83 (QN/Block) 	Elapsed: 0.068	Loglikelihood: -43260.8	(delta): 5.82077e-11
84 (QN/Block) 	Elapsed: 0.068	Loglikelihood: -43260.8	(delta): 3.63798e-11
85 (QN/Block) 	Elapsed: 0.069	Loglikelihood: -43260.8	(delta): 4.36557e-11
86 (QN/Block) 	Elapsed: 0.067	Loglikelihood: -43260.8	(delta): 2.91038e-11
87 (QN/Block) 	Elapsed: 0.067	Loglikelihood: -43260.8	(delta): 4.36557e-11
88 (QN/Block) 	Elapsed: 0.069	Loglikelihood: -43260.8	(delta): 1.45519e-11
89 (QN/Block) 	Elapsed: 0.065	Loglikelihood: -43260.8	(delta): 5.82077e-11
90 (QN/Block) 	Elapsed: 0.065	Loglikelihood: -43260.8	(delta): 5.82077e-11
91 (QN/Block) 	Elapsed: 0.069	Loglikelihood: -43260.8	(delta): 4.36557e-11
92 (QN/Block) 	Elapsed: 0.065	Loglikelihood: -43260.8	(delta): 4.36557e-11
93 (QN/Block) 	Elapsed: 0.068	Loglikelihood: -43260.8	(delta): 3.63798e-11
94 (QN/Block) 	Elapsed: 0.069	Loglikelihood: -43260.8	(delta): 2.91038e-11
95 (QN/Block) 	Elapsed: 0.065	Loglikelihood: -43260.8	(delta): 5.82077e-11
96 (QN/Block) 	Elapsed: 0.064	Loglikelihood: -43260.8	(delta): 2.91038e-11
97 (QN/Block) 	Elapsed: 0.06	Loglikelihood: -43260.8	(delta): 5.09317e-11
98 (QN/Block) 	Elapsed: 0.064	Loglikelihood: -43260.8	(delta): 3.63798e-11
99 (QN/Block) 	Elapsed: 0.06	Loglikelihood: -43260.8	(delta): 2.91038e-11
100 (QN/Block) 	Elapsed: 0.063	Loglikelihood: -43260.8	(delta): 6.54836e-11
Summary: 
Converged in 100 iterations (6.439 sec)
Loglikelihood: -43260.816200
Fst divergences between estimated populations: 
	Pop0	Pop1	Pop2	Pop3	
Pop0	
Pop1	0.847	
Pop2	0.833	0.814	
Pop3	0.852	0.847	0.351	
Pop4	0.341	0.856	0.819	0.840	
CV error (K=5): 0.08008
Writing output files.
