****                   ADMIXTURE Version 1.3.0                  ****
****                    Copyright 2008-2015                     ****
****           David Alexander, Suyash Shringarpure,            ****
****                John  Novembre, Ken Lange                   ****
****                                                            ****
****                 Please cite our paper!                     ****
****   Information at www.genetics.ucla.edu/software/admixture  ****

Parallel execution requested.  Will use 8 threads.
Cross-validation will be performed.  Folds=10.
Random seed: 43
Point estimation method: Block relaxation algorithm
Convergence acceleration algorithm: QuasiNewton, 3 secant conditions
Point estimation will terminate at 100 iterations
Estimation of standard errors disabled; will compute point estimates only.
Size of G: 557x751
Performing five EM steps to prime main algorithm
1 (EM) 	Elapsed: 0.023	Loglikelihood: -239053	(delta): 337047
2 (EM) 	Elapsed: 0.025	Loglikelihood: -228171	(delta): 10881.6
3 (EM) 	Elapsed: 0.024	Loglikelihood: -225185	(delta): 2985.9
4 (EM) 	Elapsed: 0.026	Loglikelihood: -222632	(delta): 2553.36
5 (EM) 	Elapsed: 0.024	Loglikelihood: -219167	(delta): 3464.77
Initial loglikelihood: -219167
Starting main algorithm
1 (QN/Block) 	Elapsed: 0.04	Loglikelihood: -65880.1	(delta): 153287
2 (QN/Block) 	Elapsed: 0.042	Loglikelihood: -50579.4	(delta): 15300.7
3 (QN/Block) 	Elapsed: 0.049	Loglikelihood: -48656.3	(delta): 1923.06
4 (QN/Block) 	Elapsed: 0.043	Loglikelihood: -47003.5	(delta): 1652.84
5 (QN/Block) 	Elapsed: 0.05	Loglikelihood: -45321.4	(delta): 1682.09
6 (QN/Block) 	Elapsed: 0.05	Loglikelihood: -44748.4	(delta): 573.036
7 (QN/Block) 	Elapsed: 0.061	Loglikelihood: -44655.8	(delta): 92.5722
8 (QN/Block) 	Elapsed: 0.045	Loglikelihood: -44643.1	(delta): 12.678
9 (QN/Block) 	Elapsed: 0.047	Loglikelihood: -44642.6	(delta): 0.503124
10 (QN/Block) 	Elapsed: 0.041	Loglikelihood: -44642.6	(delta): 0.00419707
11 (QN/Block) 	Elapsed: 0.046	Loglikelihood: -44642.6	(delta): 0.0025373
12 (QN/Block) 	Elapsed: 0.048	Loglikelihood: -44642.6	(delta): 0.00246911
13 (QN/Block) 	Elapsed: 0.05	Loglikelihood: -44642.6	(delta): 0.00240245
14 (QN/Block) 	Elapsed: 0.054	Loglikelihood: -44642.6	(delta): 0.00233706
15 (QN/Block) 	Elapsed: 0.052	Loglikelihood: -44642.6	(delta): 0.00227294
16 (QN/Block) 	Elapsed: 0.049	Loglikelihood: -44642.6	(delta): 0.00221009
17 (QN/Block) 	Elapsed: 0.052	Loglikelihood: -44642.6	(delta): 0.00214849
18 (QN/Block) 	Elapsed: 0.052	Loglikelihood: -44642.6	(delta): 0.00208814
19 (QN/Block) 	Elapsed: 0.05	Loglikelihood: -44642.6	(delta): 0.00202903
20 (QN/Block) 	Elapsed: 0.052	Loglikelihood: -44642.6	(delta): 0.00197116
21 (QN/Block) 	Elapsed: 0.047	Loglikelihood: -44642.6	(delta): 0.00191451
22 (QN/Block) 	Elapsed: 0.045	Loglikelihood: -44642.6	(delta): 0.00185908
23 (QN/Block) 	Elapsed: 0.046	Loglikelihood: -44642.6	(delta): 0.00180485
24 (QN/Block) 	Elapsed: 0.115	Loglikelihood: -44642.6	(delta): 0.000840597
25 (QN/Block) 	Elapsed: 0.054	Loglikelihood: -44642.6	(delta): 2.75966e-05
26 (QN/Block) 	Elapsed: 0.05	Loglikelihood: -44642.6	(delta): 7.63532e-07
27 (QN/Block) 	Elapsed: 0.05	Loglikelihood: -44642.6	(delta): 9.45874e-11
28 (QN/Block) 	Elapsed: 0.052	Loglikelihood: -44642.6	(delta): 0
29 (QN/Block) 	Elapsed: 0.053	Loglikelihood: -44642.6	(delta): -1.45519e-11
30 (QN/Block) 	Elapsed: 0.058	Loglikelihood: -44642.6	(delta): 1.45519e-11
31 (QN/Block) 	Elapsed: 0.062	Loglikelihood: -44642.6	(delta): 0
32 (QN/Block) 	Elapsed: 0.066	Loglikelihood: -44642.6	(delta): 7.27596e-12
33 (QN/Block) 	Elapsed: 0.063	Loglikelihood: -44642.6	(delta): -7.27596e-12
34 (QN/Block) 	Elapsed: 0.06	Loglikelihood: -44642.6	(delta): -1.45519e-11
35 (QN/Block) 	Elapsed: 0.063	Loglikelihood: -44642.6	(delta): 2.91038e-11
36 (QN/Block) 	Elapsed: 0.063	Loglikelihood: -44642.6	(delta): -7.27596e-12
37 (QN/Block) 	Elapsed: 0.061	Loglikelihood: -44642.6	(delta): -1.45519e-11
38 (QN/Block) 	Elapsed: 0.056	Loglikelihood: -44642.6	(delta): 7.27596e-12
39 (QN/Block) 	Elapsed: 0.049	Loglikelihood: -44642.6	(delta): 0
40 (QN/Block) 	Elapsed: 0.052	Loglikelihood: -44642.6	(delta): 0
41 (QN/Block) 	Elapsed: 0.067	Loglikelihood: -44642.6	(delta): -7.27596e-12
42 (QN/Block) 	Elapsed: 0.053	Loglikelihood: -44642.6	(delta): -7.27596e-12
43 (QN/Block) 	Elapsed: 0.048	Loglikelihood: -44642.6	(delta): 7.27596e-12
44 (QN/Block) 	Elapsed: 0.05	Loglikelihood: -44642.6	(delta): 0
45 (QN/Block) 	Elapsed: 0.05	Loglikelihood: -44642.6	(delta): -7.27596e-12
46 (QN/Block) 	Elapsed: 0.046	Loglikelihood: -44642.6	(delta): 7.27596e-12
47 (QN/Block) 	Elapsed: 0.046	Loglikelihood: -44642.6	(delta): 0
48 (QN/Block) 	Elapsed: 0.052	Loglikelihood: -44642.6	(delta): 1.45519e-11
49 (QN/Block) 	Elapsed: 0.047	Loglikelihood: -44642.6	(delta): -7.27596e-12
50 (QN/Block) 	Elapsed: 0.049	Loglikelihood: -44642.6	(delta): -1.45519e-11
51 (QN/Block) 	Elapsed: 0.046	Loglikelihood: -44642.6	(delta): -7.27596e-12
52 (QN/Block) 	Elapsed: 0.05	Loglikelihood: -44642.6	(delta): 2.91038e-11
53 (QN/Block) 	Elapsed: 0.049	Loglikelihood: -44642.6	(delta): -1.45519e-11
54 (QN/Block) 	Elapsed: 0.054	Loglikelihood: -44642.6	(delta): 7.27596e-12
55 (QN/Block) 	Elapsed: 0.05	Loglikelihood: -44642.6	(delta): 0
56 (QN/Block) 	Elapsed: 0.049	Loglikelihood: -44642.6	(delta): -1.45519e-11
57 (QN/Block) 	Elapsed: 0.048	Loglikelihood: -44642.6	(delta): 1.45519e-11
58 (QN/Block) 	Elapsed: 0.047	Loglikelihood: -44642.6	(delta): 0
59 (QN/Block) 	Elapsed: 0.052	Loglikelihood: -44642.6	(delta): -1.45519e-11
60 (QN/Block) 	Elapsed: 0.05	Loglikelihood: -44642.6	(delta): 0
61 (QN/Block) 	Elapsed: 0.057	Loglikelihood: -44642.6	(delta): 0
62 (QN/Block) 	Elapsed: 0.049	Loglikelihood: -44642.6	(delta): 0
63 (QN/Block) 	Elapsed: 0.047	Loglikelihood: -44642.6	(delta): 1.45519e-11
64 (QN/Block) 	Elapsed: 0.043	Loglikelihood: -44642.6	(delta): -2.18279e-11
65 (QN/Block) 	Elapsed: 0.047	Loglikelihood: -44642.6	(delta): 1.45519e-11
66 (QN/Block) 	Elapsed: 0.051	Loglikelihood: -44642.6	(delta): -7.27596e-12
67 (QN/Block) 	Elapsed: 0.054	Loglikelihood: -44642.6	(delta): 1.45519e-11
68 (QN/Block) 	Elapsed: 0.054	Loglikelihood: -44642.6	(delta): 1.45519e-11
69 (QN/Block) 	Elapsed: 0.053	Loglikelihood: -44642.6	(delta): -2.91038e-11
70 (QN/Block) 	Elapsed: 0.05	Loglikelihood: -44642.6	(delta): 0
71 (QN/Block) 	Elapsed: 0.054	Loglikelihood: -44642.6	(delta): 1.45519e-11
72 (QN/Block) 	Elapsed: 0.049	Loglikelihood: -44642.6	(delta): 0
73 (QN/Block) 	Elapsed: 0.051	Loglikelihood: -44642.6	(delta): 7.27596e-12
74 (QN/Block) 	Elapsed: 0.053	Loglikelihood: -44642.6	(delta): -1.45519e-11
75 (QN/Block) 	Elapsed: 0.054	Loglikelihood: -44642.6	(delta): 2.18279e-11
76 (QN/Block) 	Elapsed: 0.054	Loglikelihood: -44642.6	(delta): -1.45519e-11
77 (QN/Block) 	Elapsed: 0.048	Loglikelihood: -44642.6	(delta): -1.45519e-11
78 (QN/Block) 	Elapsed: 0.044	Loglikelihood: -44642.6	(delta): 0
79 (QN/Block) 	Elapsed: 0.048	Loglikelihood: -44642.6	(delta): 0
80 (QN/Block) 	Elapsed: 0.051	Loglikelihood: -44642.6	(delta): 2.91038e-11
81 (QN/Block) 	Elapsed: 0.052	Loglikelihood: -44642.6	(delta): -2.18279e-11
82 (QN/Block) 	Elapsed: 0.05	Loglikelihood: -44642.6	(delta): 0
83 (QN/Block) 	Elapsed: 0.048	Loglikelihood: -44642.6	(delta): -7.27596e-12
84 (QN/Block) 	Elapsed: 0.051	Loglikelihood: -44642.6	(delta): 2.91038e-11
85 (QN/Block) 	Elapsed: 0.06	Loglikelihood: -44642.6	(delta): -7.27596e-12
86 (QN/Block) 	Elapsed: 0.052	Loglikelihood: -44642.6	(delta): -2.18279e-11
87 (QN/Block) 	Elapsed: 0.054	Loglikelihood: -44642.6	(delta): 1.45519e-11
88 (QN/Block) 	Elapsed: 0.053	Loglikelihood: -44642.6	(delta): 0
89 (QN/Block) 	Elapsed: 0.05	Loglikelihood: -44642.6	(delta): 1.45519e-11
90 (QN/Block) 	Elapsed: 0.054	Loglikelihood: -44642.6	(delta): -1.45519e-11
91 (QN/Block) 	Elapsed: 0.071	Loglikelihood: -44642.6	(delta): 1.45519e-11
92 (QN/Block) 	Elapsed: 0.061	Loglikelihood: -44642.6	(delta): 2.18279e-11
93 (QN/Block) 	Elapsed: 0.053	Loglikelihood: -44642.6	(delta): -1.45519e-11
94 (QN/Block) 	Elapsed: 0.076	Loglikelihood: -44642.6	(delta): -1.45519e-11
95 (QN/Block) 	Elapsed: 0.082	Loglikelihood: -44642.6	(delta): 1.45519e-11
96 (QN/Block) 	Elapsed: 0.077	Loglikelihood: -44642.6	(delta): -2.18279e-11
97 (QN/Block) 	Elapsed: 0.101	Loglikelihood: -44642.6	(delta): 0
98 (QN/Block) 	Elapsed: 0.073	Loglikelihood: -44642.6	(delta): 2.91038e-11
99 (QN/Block) 	Elapsed: 0.099	Loglikelihood: -44642.6	(delta): -2.18279e-11
100 (QN/Block) 	Elapsed: 0.067	Loglikelihood: -44642.6	(delta): 7.27596e-12
Summary: 
Converged in 100 iterations (5.741 sec)
Loglikelihood: -44642.589846
Fst divergences between estimated populations: 
	Pop0	Pop1	Pop2	
Pop0	
Pop1	0.814	
Pop2	0.831	0.800	
Pop3	0.848	0.352	0.822	
CV error (K=4): 0.08203
Writing output files.
