****                   ADMIXTURE Version 1.3.0                  ****
****                    Copyright 2008-2015                     ****
****           David Alexander, Suyash Shringarpure,            ****
****                John  Novembre, Ken Lange                   ****
****                                                            ****
****                 Please cite our paper!                     ****
****   Information at www.genetics.ucla.edu/software/admixture  ****

Parallel execution requested.  Will use 8 threads.
Cross-validation will be performed.  Folds=10.
Random seed: 43
Point estimation method: Block relaxation algorithm
Convergence acceleration algorithm: QuasiNewton, 3 secant conditions
Point estimation will terminate at 100 iterations
Estimation of standard errors disabled; will compute point estimates only.
Size of G: 557x751
Performing five EM steps to prime main algorithm
1 (EM) 	Elapsed: 0.06	Loglikelihood: -236294	(delta): 312608
2 (EM) 	Elapsed: 0.052	Loglikelihood: -224975	(delta): 11319.2
3 (EM) 	Elapsed: 0.052	Loglikelihood: -220688	(delta): 4286.91
4 (EM) 	Elapsed: 0.053	Loglikelihood: -213633	(delta): 7054.5
5 (EM) 	Elapsed: 0.053	Loglikelihood: -199694	(delta): 13939.3
Initial loglikelihood: -199694
Starting main algorithm
1 (QN/Block) 	Elapsed: 0.072	Loglikelihood: -55250.3	(delta): 144444
2 (QN/Block) 	Elapsed: 0.07	Loglikelihood: -46612	(delta): 8638.31
3 (QN/Block) 	Elapsed: 0.076	Loglikelihood: -43248	(delta): 3363.99
4 (QN/Block) 	Elapsed: 0.074	Loglikelihood: -40435.3	(delta): 2812.76
5 (QN/Block) 	Elapsed: 0.074	Loglikelihood: -39453.1	(delta): 982.188
6 (QN/Block) 	Elapsed: 0.078	Loglikelihood: -39226.4	(delta): 226.648
7 (QN/Block) 	Elapsed: 0.08	Loglikelihood: -39156.9	(delta): 69.5214
8 (QN/Block) 	Elapsed: 0.074	Loglikelihood: -39127.7	(delta): 29.1954
9 (QN/Block) 	Elapsed: 0.076	Loglikelihood: -39112.4	(delta): 15.2913
10 (QN/Block) 	Elapsed: 0.075	Loglikelihood: -39100.7	(delta): 11.7371
11 (QN/Block) 	Elapsed: 0.076	Loglikelihood: -39094.2	(delta): 6.49164
12 (QN/Block) 	Elapsed: 0.077	Loglikelihood: -39088.1	(delta): 6.06503
13 (QN/Block) 	Elapsed: 0.076	Loglikelihood: -39081.7	(delta): 6.38596
14 (QN/Block) 	Elapsed: 0.077	Loglikelihood: -39077.1	(delta): 4.62574
15 (QN/Block) 	Elapsed: 0.084	Loglikelihood: -39072.7	(delta): 4.40719
16 (QN/Block) 	Elapsed: 0.079	Loglikelihood: -39068.8	(delta): 3.91993
17 (QN/Block) 	Elapsed: 0.087	Loglikelihood: -39065.6	(delta): 3.18624
18 (QN/Block) 	Elapsed: 0.078	Loglikelihood: -39063.2	(delta): 2.43344
19 (QN/Block) 	Elapsed: 0.083	Loglikelihood: -39060.9	(delta): 2.25262
20 (QN/Block) 	Elapsed: 0.084	Loglikelihood: -39060.4	(delta): 0.508545
21 (QN/Block) 	Elapsed: 0.078	Loglikelihood: -39060.1	(delta): 0.31305
22 (QN/Block) 	Elapsed: 0.084	Loglikelihood: -39060.1	(delta): 0.0460541
23 (QN/Block) 	Elapsed: 0.078	Loglikelihood: -39060	(delta): 0.0556327
24 (QN/Block) 	Elapsed: 0.081	Loglikelihood: -39060	(delta): 0.0331706
25 (QN/Block) 	Elapsed: 0.083	Loglikelihood: -39059.9	(delta): 0.0346182
26 (QN/Block) 	Elapsed: 0.08	Loglikelihood: -39059.9	(delta): 0.0174206
27 (QN/Block) 	Elapsed: 0.079	Loglikelihood: -39059.9	(delta): 0.00406211
28 (QN/Block) 	Elapsed: 0.079	Loglikelihood: -39059.9	(delta): 0.00383869
29 (QN/Block) 	Elapsed: 0.074	Loglikelihood: -39059.9	(delta): 0.00619458
30 (QN/Block) 	Elapsed: 0.078	Loglikelihood: -39059.9	(delta): 0.00162366
31 (QN/Block) 	Elapsed: 0.081	Loglikelihood: -39059.9	(delta): 0.000755581
32 (QN/Block) 	Elapsed: 0.081	Loglikelihood: -39059.9	(delta): 0.000327642
33 (QN/Block) 	Elapsed: 0.077	Loglikelihood: -39059.9	(delta): 2.48699e-05
34 (QN/Block) 	Elapsed: 0.076	Loglikelihood: -39059.9	(delta): 3.40588e-06
35 (QN/Block) 	Elapsed: 0.077	Loglikelihood: -39059.9	(delta): 1.30718e-06
36 (QN/Block) 	Elapsed: 0.08	Loglikelihood: -39059.9	(delta): 8.80245e-08
37 (QN/Block) 	Elapsed: 0.079	Loglikelihood: -39059.9	(delta): 4.66389e-09
38 (QN/Block) 	Elapsed: 0.082	Loglikelihood: -39059.9	(delta): 9.38599e-10
39 (QN/Block) 	Elapsed: 0.086	Loglikelihood: -39059.9	(delta): 5.67525e-10
40 (QN/Block) 	Elapsed: 0.082	Loglikelihood: -39059.9	(delta): 2.91038e-10
41 (QN/Block) 	Elapsed: 0.084	Loglikelihood: -39059.9	(delta): 8.00355e-11
42 (QN/Block) 	Elapsed: 0.088	Loglikelihood: -39059.9	(delta): 1.96451e-10
43 (QN/Block) 	Elapsed: 0.082	Loglikelihood: -39059.9	(delta): 1.74623e-10
44 (QN/Block) 	Elapsed: 0.099	Loglikelihood: -39059.9	(delta): 1.74623e-10
45 (QN/Block) 	Elapsed: 0.084	Loglikelihood: -39059.9	(delta): -1.16415e-10
46 (QN/Block) 	Elapsed: 0.092	Loglikelihood: -39059.9	(delta): 2.32831e-10
47 (QN/Block) 	Elapsed: 0.085	Loglikelihood: -39059.9	(delta): -1.45519e-11
48 (QN/Block) 	Elapsed: 0.086	Loglikelihood: -39059.9	(delta): 6.54836e-11
49 (QN/Block) 	Elapsed: 0.087	Loglikelihood: -39059.9	(delta): -1.45519e-11
50 (QN/Block) 	Elapsed: 0.085	Loglikelihood: -39059.9	(delta): -7.27596e-11
51 (QN/Block) 	Elapsed: 0.086	Loglikelihood: -39059.9	(delta): 2.32831e-10
52 (QN/Block) 	Elapsed: 0.085	Loglikelihood: -39059.9	(delta): 3.63798e-11
53 (QN/Block) 	Elapsed: 0.085	Loglikelihood: -39059.9	(delta): 1.74623e-10
54 (QN/Block) 	Elapsed: 0.09	Loglikelihood: -39059.9	(delta): 1.01863e-10
55 (QN/Block) 	Elapsed: 0.089	Loglikelihood: -39059.9	(delta): -1.01863e-10
56 (QN/Block) 	Elapsed: 0.087	Loglikelihood: -39059.9	(delta): 1.52795e-10
57 (QN/Block) 	Elapsed: 0.088	Loglikelihood: -39059.9	(delta): 5.82077e-11
58 (QN/Block) 	Elapsed: 0.083	Loglikelihood: -39059.9	(delta): 2.83762e-10
59 (QN/Block) 	Elapsed: 0.083	Loglikelihood: -39059.9	(delta): 8.00355e-11
60 (QN/Block) 	Elapsed: 0.083	Loglikelihood: -39059.9	(delta): 8.73115e-11
61 (QN/Block) 	Elapsed: 0.083	Loglikelihood: -39059.9	(delta): 2.18279e-11
62 (QN/Block) 	Elapsed: 0.08	Loglikelihood: -39059.9	(delta): -1.45519e-11
63 (QN/Block) 	Elapsed: 0.083	Loglikelihood: -39059.9	(delta): 9.45874e-11
64 (QN/Block) 	Elapsed: 0.085	Loglikelihood: -39059.9	(delta): 9.45874e-11
65 (QN/Block) 	Elapsed: 0.078	Loglikelihood: -39059.9	(delta): -1.45519e-11
66 (QN/Block) 	Elapsed: 0.08	Loglikelihood: -39059.9	(delta): 1.16415e-10
67 (QN/Block) 	Elapsed: 0.089	Loglikelihood: -39059.9	(delta): -7.27596e-12
68 (QN/Block) 	Elapsed: 0.081	Loglikelihood: -39059.9	(delta): 1.30967e-10
69 (QN/Block) 	Elapsed: 0.083	Loglikelihood: -39059.9	(delta): -2.18279e-11
70 (QN/Block) 	Elapsed: 0.081	Loglikelihood: -39059.9	(delta): 5.09317e-11
71 (QN/Block) 	Elapsed: 0.079	Loglikelihood: -39059.9	(delta): 1.52795e-10
72 (QN/Block) 	Elapsed: 0.083	Loglikelihood: -39059.9	(delta): 1.67347e-10
73 (QN/Block) 	Elapsed: 0.08	Loglikelihood: -39059.9	(delta): -1.38243e-10
74 (QN/Block) 	Elapsed: 0.08	Loglikelihood: -39059.9	(delta): 1.67347e-10
75 (QN/Block) 	Elapsed: 0.082	Loglikelihood: -39059.9	(delta): 7.27596e-11
76 (QN/Block) 	Elapsed: 0.079	Loglikelihood: -39059.9	(delta): -7.27596e-11
77 (QN/Block) 	Elapsed: 0.081	Loglikelihood: -39059.9	(delta): 1.52795e-10
78 (QN/Block) 	Elapsed: 0.079	Loglikelihood: -39059.9	(delta): 5.82077e-11
79 (QN/Block) 	Elapsed: 0.08	Loglikelihood: -39059.9	(delta): 2.18279e-11
80 (QN/Block) 	Elapsed: 0.09	Loglikelihood: -39059.9	(delta): 4.36557e-11
81 (QN/Block) 	Elapsed: 0.083	Loglikelihood: -39059.9	(delta): 2.91038e-11
82 (QN/Block) 	Elapsed: 0.079	Loglikelihood: -39059.9	(delta): -1.16415e-10
83 (QN/Block) 	Elapsed: 0.083	Loglikelihood: -39059.9	(delta): -4.36557e-11
84 (QN/Block) 	Elapsed: 0.079	Loglikelihood: -39059.9	(delta): 2.03727e-10
85 (QN/Block) 	Elapsed: 0.08	Loglikelihood: -39059.9	(delta): -8.00355e-11
86 (QN/Block) 	Elapsed: 0.081	Loglikelihood: -39059.9	(delta): 6.54836e-11
87 (QN/Block) 	Elapsed: 0.079	Loglikelihood: -39059.9	(delta): 7.27596e-11
88 (QN/Block) 	Elapsed: 0.082	Loglikelihood: -39059.9	(delta): -1.52795e-10
89 (QN/Block) 	Elapsed: 0.082	Loglikelihood: -39059.9	(delta): 1.89175e-10
90 (QN/Block) 	Elapsed: 0.081	Loglikelihood: -39059.9	(delta): -1.96451e-10
91 (QN/Block) 	Elapsed: 0.091	Loglikelihood: -39059.9	(delta): -7.27596e-12
92 (QN/Block) 	Elapsed: 0.089	Loglikelihood: -39059.9	(delta): 7.27596e-11
93 (QN/Block) 	Elapsed: 0.082	Loglikelihood: -39059.9	(delta): 2.18279e-11
94 (QN/Block) 	Elapsed: 0.081	Loglikelihood: -39059.9	(delta): 9.45874e-11
95 (QN/Block) 	Elapsed: 0.081	Loglikelihood: -39059.9	(delta): -8.00355e-11
96 (QN/Block) 	Elapsed: 0.084	Loglikelihood: -39059.9	(delta): 2.18279e-11
97 (QN/Block) 	Elapsed: 0.081	Loglikelihood: -39059.9	(delta): -1.23691e-10
98 (QN/Block) 	Elapsed: 0.079	Loglikelihood: -39059.9	(delta): 2.25555e-10
99 (QN/Block) 	Elapsed: 0.088	Loglikelihood: -39059.9	(delta): 5.09317e-11
100 (QN/Block) 	Elapsed: 0.117	Loglikelihood: -39059.9	(delta): 5.82077e-11
Summary: 
Converged in 100 iterations (8.671 sec)
Loglikelihood: -39059.897858
Fst divergences between estimated populations: 
	Pop0	Pop1	Pop2	Pop3	Pop4	Pop5	Pop6	Pop7	
Pop0	
Pop1	0.868	
Pop2	0.527	0.871	
Pop3	0.861	0.189	0.864	
Pop4	0.888	0.393	0.892	0.405	
Pop5	0.874	0.828	0.876	0.824	0.840	
Pop6	0.540	0.874	0.573	0.867	0.894	0.879	
Pop7	0.862	0.129	0.865	0.175	0.380	0.824	0.867	
Pop8	0.878	0.841	0.880	0.835	0.851	0.323	0.882	0.835	
CV error (K=9): 0.07460
Writing output files.
