****                   ADMIXTURE Version 1.3.0                  ****
****                    Copyright 2008-2015                     ****
****           David Alexander, Suyash Shringarpure,            ****
****                John  Novembre, Ken Lange                   ****
****                                                            ****
****                 Please cite our paper!                     ****
****   Information at www.genetics.ucla.edu/software/admixture  ****

Parallel execution requested.  Will use 8 threads.
Cross-validation will be performed.  Folds=10.
Random seed: 43
Point estimation method: Block relaxation algorithm
Convergence acceleration algorithm: QuasiNewton, 3 secant conditions
Point estimation will terminate at 100 iterations
Estimation of standard errors disabled; will compute point estimates only.
Size of G: 557x751
Performing five EM steps to prime main algorithm
1 (EM) 	Elapsed: 0.043	Loglikelihood: -237225	(delta): 327001
2 (EM) 	Elapsed: 0.046	Loglikelihood: -225205	(delta): 12020.3
3 (EM) 	Elapsed: 0.045	Loglikelihood: -220214	(delta): 4990.44
4 (EM) 	Elapsed: 0.047	Loglikelihood: -212573	(delta): 7641.14
5 (EM) 	Elapsed: 0.046	Loglikelihood: -199579	(delta): 12993.9
Initial loglikelihood: -199579
Starting main algorithm
1 (QN/Block) 	Elapsed: 0.066	Loglikelihood: -54862.3	(delta): 144717
2 (QN/Block) 	Elapsed: 0.069	Loglikelihood: -47228	(delta): 7634.23
3 (QN/Block) 	Elapsed: 0.071	Loglikelihood: -44859.3	(delta): 2368.77
4 (QN/Block) 	Elapsed: 0.068	Loglikelihood: -42440.7	(delta): 2418.57
5 (QN/Block) 	Elapsed: 0.068	Loglikelihood: -41343	(delta): 1097.72
6 (QN/Block) 	Elapsed: 0.069	Loglikelihood: -40799.4	(delta): 543.53
7 (QN/Block) 	Elapsed: 0.066	Loglikelihood: -40577.1	(delta): 222.322
8 (QN/Block) 	Elapsed: 0.073	Loglikelihood: -40471.4	(delta): 105.721
9 (QN/Block) 	Elapsed: 0.072	Loglikelihood: -40424.7	(delta): 46.7333
10 (QN/Block) 	Elapsed: 0.069	Loglikelihood: -40410.8	(delta): 13.8389
11 (QN/Block) 	Elapsed: 0.063	Loglikelihood: -40408	(delta): 2.86786
12 (QN/Block) 	Elapsed: 0.062	Loglikelihood: -40407.5	(delta): 0.43065
13 (QN/Block) 	Elapsed: 0.07	Loglikelihood: -40407.3	(delta): 0.220509
14 (QN/Block) 	Elapsed: 0.07	Loglikelihood: -40407.2	(delta): 0.0819162
15 (QN/Block) 	Elapsed: 0.061	Loglikelihood: -40407.2	(delta): 0.0460633
16 (QN/Block) 	Elapsed: 0.064	Loglikelihood: -40407.2	(delta): 0.0179877
17 (QN/Block) 	Elapsed: 0.065	Loglikelihood: -40407.2	(delta): 0.00193509
18 (QN/Block) 	Elapsed: 0.065	Loglikelihood: -40407.2	(delta): 5.55275e-05
19 (QN/Block) 	Elapsed: 0.063	Loglikelihood: -40407.2	(delta): 6.72878e-06
20 (QN/Block) 	Elapsed: 0.062	Loglikelihood: -40407.2	(delta): 5.5111e-07
21 (QN/Block) 	Elapsed: 0.062	Loglikelihood: -40407.2	(delta): 2.57278e-08
22 (QN/Block) 	Elapsed: 0.067	Loglikelihood: -40407.2	(delta): 1.7244e-09
23 (QN/Block) 	Elapsed: 0.066	Loglikelihood: -40407.2	(delta): 4.36557e-10
24 (QN/Block) 	Elapsed: 0.064	Loglikelihood: -40407.2	(delta): 1.74623e-10
25 (QN/Block) 	Elapsed: 0.067	Loglikelihood: -40407.2	(delta): -1.23691e-10
26 (QN/Block) 	Elapsed: 0.063	Loglikelihood: -40407.2	(delta): -2.91038e-11
27 (QN/Block) 	Elapsed: 0.066	Loglikelihood: -40407.2	(delta): 2.54659e-10
28 (QN/Block) 	Elapsed: 0.067	Loglikelihood: -40407.2	(delta): 3.63798e-11
29 (QN/Block) 	Elapsed: 0.072	Loglikelihood: -40407.2	(delta): -3.63798e-11
30 (QN/Block) 	Elapsed: 0.067	Loglikelihood: -40407.2	(delta): 3.63798e-11
31 (QN/Block) 	Elapsed: 0.07	Loglikelihood: -40407.2	(delta): -6.54836e-11
32 (QN/Block) 	Elapsed: 0.069	Loglikelihood: -40407.2	(delta): -5.82077e-11
33 (QN/Block) 	Elapsed: 0.064	Loglikelihood: -40407.2	(delta): 3.63798e-11
34 (QN/Block) 	Elapsed: 0.073	Loglikelihood: -40407.2	(delta): 5.09317e-11
35 (QN/Block) 	Elapsed: 0.073	Loglikelihood: -40407.2	(delta): 1.16415e-10
36 (QN/Block) 	Elapsed: 0.066	Loglikelihood: -40407.2	(delta): 0
37 (QN/Block) 	Elapsed: 0.063	Loglikelihood: -40407.2	(delta): -1.45519e-11
38 (QN/Block) 	Elapsed: 0.062	Loglikelihood: -40407.2	(delta): 0
39 (QN/Block) 	Elapsed: 0.069	Loglikelihood: -40407.2	(delta): -1.45519e-11
40 (QN/Block) 	Elapsed: 0.064	Loglikelihood: -40407.2	(delta): -8.73115e-11
41 (QN/Block) 	Elapsed: 0.063	Loglikelihood: -40407.2	(delta): -7.27596e-11
42 (QN/Block) 	Elapsed: 0.065	Loglikelihood: -40407.2	(delta): 1.30967e-10
43 (QN/Block) 	Elapsed: 0.064	Loglikelihood: -40407.2	(delta): -2.76486e-10
44 (QN/Block) 	Elapsed: 0.065	Loglikelihood: -40407.2	(delta): 1.60071e-10
45 (QN/Block) 	Elapsed: 0.069	Loglikelihood: -40407.2	(delta): -1.60071e-10
46 (QN/Block) 	Elapsed: 0.075	Loglikelihood: -40407.2	(delta): -1.45519e-11
47 (QN/Block) 	Elapsed: 0.069	Loglikelihood: -40407.2	(delta): 6.54836e-11
48 (QN/Block) 	Elapsed: 0.077	Loglikelihood: -40407.2	(delta): 8.00355e-11
49 (QN/Block) 	Elapsed: 0.068	Loglikelihood: -40407.2	(delta): 2.03727e-10
50 (QN/Block) 	Elapsed: 0.066	Loglikelihood: -40407.2	(delta): -1.45519e-11
51 (QN/Block) 	Elapsed: 0.07	Loglikelihood: -40407.2	(delta): -2.91038e-11
52 (QN/Block) 	Elapsed: 0.07	Loglikelihood: -40407.2	(delta): 2.91038e-11
53 (QN/Block) 	Elapsed: 0.066	Loglikelihood: -40407.2	(delta): 5.82077e-11
54 (QN/Block) 	Elapsed: 0.068	Loglikelihood: -40407.2	(delta): 5.09317e-11
55 (QN/Block) 	Elapsed: 0.066	Loglikelihood: -40407.2	(delta): 1.45519e-11
56 (QN/Block) 	Elapsed: 0.071	Loglikelihood: -40407.2	(delta): 1.30967e-10
57 (QN/Block) 	Elapsed: 0.07	Loglikelihood: -40407.2	(delta): -1.01863e-10
58 (QN/Block) 	Elapsed: 0.067	Loglikelihood: -40407.2	(delta): 2.32831e-10
59 (QN/Block) 	Elapsed: 0.069	Loglikelihood: -40407.2	(delta): -2.61934e-10
60 (QN/Block) 	Elapsed: 0.076	Loglikelihood: -40407.2	(delta): 6.54836e-11
61 (QN/Block) 	Elapsed: 0.068	Loglikelihood: -40407.2	(delta): 1.16415e-10
62 (QN/Block) 	Elapsed: 0.066	Loglikelihood: -40407.2	(delta): -1.45519e-11
63 (QN/Block) 	Elapsed: 0.067	Loglikelihood: -40407.2	(delta): -5.82077e-11
64 (QN/Block) 	Elapsed: 0.065	Loglikelihood: -40407.2	(delta): 2.91038e-11
65 (QN/Block) 	Elapsed: 0.068	Loglikelihood: -40407.2	(delta): 1.16415e-10
66 (QN/Block) 	Elapsed: 0.069	Loglikelihood: -40407.2	(delta): 4.36557e-11
67 (QN/Block) 	Elapsed: 0.066	Loglikelihood: -40407.2	(delta): 7.27596e-11
68 (QN/Block) 	Elapsed: 0.066	Loglikelihood: -40407.2	(delta): 5.09317e-11
69 (QN/Block) 	Elapsed: 0.067	Loglikelihood: -40407.2	(delta): -1.16415e-10
70 (QN/Block) 	Elapsed: 0.069	Loglikelihood: -40407.2	(delta): 1.45519e-11
71 (QN/Block) 	Elapsed: 0.067	Loglikelihood: -40407.2	(delta): -2.32831e-10
72 (QN/Block) 	Elapsed: 0.067	Loglikelihood: -40407.2	(delta): -1.30967e-10
73 (QN/Block) 	Elapsed: 0.067	Loglikelihood: -40407.2	(delta): 6.54836e-11
74 (QN/Block) 	Elapsed: 0.065	Loglikelihood: -40407.2	(delta): -1.23691e-10
75 (QN/Block) 	Elapsed: 0.07	Loglikelihood: -40407.2	(delta): 1.45519e-11
76 (QN/Block) 	Elapsed: 0.069	Loglikelihood: -40407.2	(delta): 1.16415e-10
77 (QN/Block) 	Elapsed: 0.07	Loglikelihood: -40407.2	(delta): -1.30967e-10
78 (QN/Block) 	Elapsed: 0.066	Loglikelihood: -40407.2	(delta): 0
79 (QN/Block) 	Elapsed: 0.07	Loglikelihood: -40407.2	(delta): 1.23691e-10
80 (QN/Block) 	Elapsed: 0.065	Loglikelihood: -40407.2	(delta): -1.09139e-10
81 (QN/Block) 	Elapsed: 0.064	Loglikelihood: -40407.2	(delta): 8.73115e-11
82 (QN/Block) 	Elapsed: 0.068	Loglikelihood: -40407.2	(delta): -7.27596e-11
83 (QN/Block) 	Elapsed: 0.07	Loglikelihood: -40407.2	(delta): 1.74623e-10
84 (QN/Block) 	Elapsed: 0.068	Loglikelihood: -40407.2	(delta): -2.91038e-11
85 (QN/Block) 	Elapsed: 0.068	Loglikelihood: -40407.2	(delta): 0
86 (QN/Block) 	Elapsed: 0.065	Loglikelihood: -40407.2	(delta): -1.09139e-10
87 (QN/Block) 	Elapsed: 0.067	Loglikelihood: -40407.2	(delta): 7.27596e-11
88 (QN/Block) 	Elapsed: 0.068	Loglikelihood: -40407.2	(delta): 1.45519e-11
89 (QN/Block) 	Elapsed: 0.08	Loglikelihood: -40407.2	(delta): 1.52795e-10
90 (QN/Block) 	Elapsed: 0.077	Loglikelihood: -40407.2	(delta): 3.63798e-11
91 (QN/Block) 	Elapsed: 0.081	Loglikelihood: -40407.2	(delta): -6.54836e-11
92 (QN/Block) 	Elapsed: 0.079	Loglikelihood: -40407.2	(delta): 1.16415e-10
93 (QN/Block) 	Elapsed: 0.073	Loglikelihood: -40407.2	(delta): -2.91038e-11
94 (QN/Block) 	Elapsed: 0.074	Loglikelihood: -40407.2	(delta): -5.82077e-11
95 (QN/Block) 	Elapsed: 0.081	Loglikelihood: -40407.2	(delta): -6.54836e-11
96 (QN/Block) 	Elapsed: 0.078	Loglikelihood: -40407.2	(delta): 5.09317e-11
97 (QN/Block) 	Elapsed: 0.079	Loglikelihood: -40407.2	(delta): 6.54836e-11
98 (QN/Block) 	Elapsed: 0.075	Loglikelihood: -40407.2	(delta): 9.45874e-11
99 (QN/Block) 	Elapsed: 0.071	Loglikelihood: -40407.2	(delta): -2.11003e-10
100 (QN/Block) 	Elapsed: 0.073	Loglikelihood: -40407.2	(delta): 7.27596e-11
Summary: 
Converged in 100 iterations (7.271 sec)
Loglikelihood: -40407.157711
Fst divergences between estimated populations: 
	Pop0	Pop1	Pop2	Pop3	Pop4	Pop5	
Pop0	
Pop1	0.095	
Pop2	0.355	0.379	
Pop3	0.829	0.837	0.851	
Pop4	0.816	0.824	0.840	0.323	
Pop5	0.856	0.868	0.894	0.882	0.879	
Pop6	0.831	0.842	0.867	0.866	0.862	0.468	
CV error (K=7): 0.07494
Writing output files.
