****                   ADMIXTURE Version 1.3.0                  ****
****                    Copyright 2008-2015                     ****
****           David Alexander, Suyash Shringarpure,            ****
****                John  Novembre, Ken Lange                   ****
****                                                            ****
****                 Please cite our paper!                     ****
****   Information at www.genetics.ucla.edu/software/admixture  ****

Parallel execution requested.  Will use 8 threads.
Cross-validation will be performed.  Folds=10.
Random seed: 43
Point estimation method: Block relaxation algorithm
Convergence acceleration algorithm: QuasiNewton, 3 secant conditions
Point estimation will terminate at 100 iterations
Estimation of standard errors disabled; will compute point estimates only.
Size of G: 557x751
Performing five EM steps to prime main algorithm
1 (EM) 	Elapsed: 0.051	Loglikelihood: -237363	(delta): 317304
2 (EM) 	Elapsed: 0.052	Loglikelihood: -226304	(delta): 11059
3 (EM) 	Elapsed: 0.054	Loglikelihood: -223307	(delta): 2996.37
4 (EM) 	Elapsed: 0.053	Loglikelihood: -219695	(delta): 3612.64
5 (EM) 	Elapsed: 0.054	Loglikelihood: -213417	(delta): 6277.44
Initial loglikelihood: -213417
Starting main algorithm
1 (QN/Block) 	Elapsed: 0.077	Loglikelihood: -53315.8	(delta): 160101
2 (QN/Block) 	Elapsed: 0.074	Loglikelihood: -45793.8	(delta): 7522.07
3 (QN/Block) 	Elapsed: 0.094	Loglikelihood: -43409.7	(delta): 2384.11
4 (QN/Block) 	Elapsed: 0.105	Loglikelihood: -41841.5	(delta): 1568.22
5 (QN/Block) 	Elapsed: 0.079	Loglikelihood: -41012	(delta): 829.49
6 (QN/Block) 	Elapsed: 0.08	Loglikelihood: -40597	(delta): 415.003
7 (QN/Block) 	Elapsed: 0.072	Loglikelihood: -40294.4	(delta): 302.511
8 (QN/Block) 	Elapsed: 0.072	Loglikelihood: -40217.2	(delta): 77.2858
9 (QN/Block) 	Elapsed: 0.078	Loglikelihood: -40202.6	(delta): 14.5663
10 (QN/Block) 	Elapsed: 0.101	Loglikelihood: -40189.7	(delta): 12.8689
11 (QN/Block) 	Elapsed: 0.091	Loglikelihood: -40185.8	(delta): 3.9054
12 (QN/Block) 	Elapsed: 0.077	Loglikelihood: -40185.5	(delta): 0.327915
13 (QN/Block) 	Elapsed: 0.075	Loglikelihood: -40184.9	(delta): 0.57011
14 (QN/Block) 	Elapsed: 0.075	Loglikelihood: -40184.8	(delta): 0.148428
15 (QN/Block) 	Elapsed: 0.079	Loglikelihood: -40184.7	(delta): 0.0998211
16 (QN/Block) 	Elapsed: 0.08	Loglikelihood: -40184.6	(delta): 0.0927115
17 (QN/Block) 	Elapsed: 0.084	Loglikelihood: -40184.4	(delta): 0.133365
18 (QN/Block) 	Elapsed: 0.08	Loglikelihood: -40184.4	(delta): 0.0151171
19 (QN/Block) 	Elapsed: 0.077	Loglikelihood: -40184.4	(delta): 0.016861
20 (QN/Block) 	Elapsed: 0.089	Loglikelihood: -40184.4	(delta): 0.00397322
21 (QN/Block) 	Elapsed: 0.082	Loglikelihood: -40184.4	(delta): 0.000214983
22 (QN/Block) 	Elapsed: 0.087	Loglikelihood: -40184.4	(delta): 6.27028e-06
23 (QN/Block) 	Elapsed: 0.078	Loglikelihood: -40184.4	(delta): 4.85255e-07
24 (QN/Block) 	Elapsed: 0.071	Loglikelihood: -40184.4	(delta): 2.27592e-08
25 (QN/Block) 	Elapsed: 0.073	Loglikelihood: -40184.4	(delta): 1.68075e-09
26 (QN/Block) 	Elapsed: 0.076	Loglikelihood: -40184.4	(delta): 5.38421e-10
27 (QN/Block) 	Elapsed: 0.076	Loglikelihood: -40184.4	(delta): 1.30967e-10
28 (QN/Block) 	Elapsed: 0.073	Loglikelihood: -40184.4	(delta): 7.27596e-12
29 (QN/Block) 	Elapsed: 0.073	Loglikelihood: -40184.4	(delta): 1.38243e-10
30 (QN/Block) 	Elapsed: 0.074	Loglikelihood: -40184.4	(delta): 9.45874e-11
31 (QN/Block) 	Elapsed: 0.075	Loglikelihood: -40184.4	(delta): -1.16415e-10
32 (QN/Block) 	Elapsed: 0.075	Loglikelihood: -40184.4	(delta): 1.23691e-10
33 (QN/Block) 	Elapsed: 0.073	Loglikelihood: -40184.4	(delta): -8.73115e-11
34 (QN/Block) 	Elapsed: 0.093	Loglikelihood: -40184.4	(delta): 6.54836e-11
35 (QN/Block) 	Elapsed: 0.09	Loglikelihood: -40184.4	(delta): 9.45874e-11
36 (QN/Block) 	Elapsed: 0.078	Loglikelihood: -40184.4	(delta): 9.45874e-11
37 (QN/Block) 	Elapsed: 0.077	Loglikelihood: -40184.4	(delta): -3.63798e-11
38 (QN/Block) 	Elapsed: 0.077	Loglikelihood: -40184.4	(delta): 1.67347e-10
39 (QN/Block) 	Elapsed: 0.075	Loglikelihood: -40184.4	(delta): -7.27596e-12
40 (QN/Block) 	Elapsed: 0.077	Loglikelihood: -40184.4	(delta): -5.09317e-11
41 (QN/Block) 	Elapsed: 0.079	Loglikelihood: -40184.4	(delta): -2.18279e-11
42 (QN/Block) 	Elapsed: 0.074	Loglikelihood: -40184.4	(delta): 6.54836e-11
43 (QN/Block) 	Elapsed: 0.076	Loglikelihood: -40184.4	(delta): -1.38243e-10
44 (QN/Block) 	Elapsed: 0.078	Loglikelihood: -40184.4	(delta): 5.82077e-11
45 (QN/Block) 	Elapsed: 0.08	Loglikelihood: -40184.4	(delta): -8.73115e-11
46 (QN/Block) 	Elapsed: 0.081	Loglikelihood: -40184.4	(delta): 4.36557e-11
47 (QN/Block) 	Elapsed: 0.133	Loglikelihood: -40184.4	(delta): 1.16415e-10
48 (QN/Block) 	Elapsed: 0.078	Loglikelihood: -40184.4	(delta): 5.82077e-11
49 (QN/Block) 	Elapsed: 0.075	Loglikelihood: -40184.4	(delta): 5.09317e-11
50 (QN/Block) 	Elapsed: 0.075	Loglikelihood: -40184.4	(delta): -7.27596e-11
51 (QN/Block) 	Elapsed: 0.078	Loglikelihood: -40184.4	(delta): 5.09317e-11
52 (QN/Block) 	Elapsed: 0.071	Loglikelihood: -40184.4	(delta): -7.27596e-12
53 (QN/Block) 	Elapsed: 0.074	Loglikelihood: -40184.4	(delta): 0
54 (QN/Block) 	Elapsed: 0.075	Loglikelihood: -40184.4	(delta): 1.16415e-10
55 (QN/Block) 	Elapsed: 0.073	Loglikelihood: -40184.4	(delta): -2.18279e-11
56 (QN/Block) 	Elapsed: 0.072	Loglikelihood: -40184.4	(delta): -5.82077e-11
57 (QN/Block) 	Elapsed: 0.076	Loglikelihood: -40184.4	(delta): 5.82077e-11
58 (QN/Block) 	Elapsed: 0.078	Loglikelihood: -40184.4	(delta): -2.18279e-11
59 (QN/Block) 	Elapsed: 0.078	Loglikelihood: -40184.4	(delta): -7.27596e-12
60 (QN/Block) 	Elapsed: 0.089	Loglikelihood: -40184.4	(delta): 9.45874e-11
61 (QN/Block) 	Elapsed: 0.078	Loglikelihood: -40184.4	(delta): -1.38243e-10
62 (QN/Block) 	Elapsed: 0.081	Loglikelihood: -40184.4	(delta): 1.38243e-10
63 (QN/Block) 	Elapsed: 0.078	Loglikelihood: -40184.4	(delta): -7.27596e-12
64 (QN/Block) 	Elapsed: 0.081	Loglikelihood: -40184.4	(delta): -1.45519e-11
65 (QN/Block) 	Elapsed: 0.078	Loglikelihood: -40184.4	(delta): -1.45519e-11
66 (QN/Block) 	Elapsed: 0.078	Loglikelihood: -40184.4	(delta): -1.45519e-11
67 (QN/Block) 	Elapsed: 0.078	Loglikelihood: -40184.4	(delta): 1.23691e-10
68 (QN/Block) 	Elapsed: 0.077	Loglikelihood: -40184.4	(delta): -1.60071e-10
69 (QN/Block) 	Elapsed: 0.076	Loglikelihood: -40184.4	(delta): 1.16415e-10
70 (QN/Block) 	Elapsed: 0.08	Loglikelihood: -40184.4	(delta): -6.54836e-11
71 (QN/Block) 	Elapsed: 0.082	Loglikelihood: -40184.4	(delta): 8.73115e-11
72 (QN/Block) 	Elapsed: 0.085	Loglikelihood: -40184.4	(delta): 7.27596e-12
73 (QN/Block) 	Elapsed: 0.081	Loglikelihood: -40184.4	(delta): -1.30967e-10
74 (QN/Block) 	Elapsed: 0.077	Loglikelihood: -40184.4	(delta): 1.45519e-10
75 (QN/Block) 	Elapsed: 0.076	Loglikelihood: -40184.4	(delta): -1.09139e-10
76 (QN/Block) 	Elapsed: 0.078	Loglikelihood: -40184.4	(delta): 7.27596e-12
77 (QN/Block) 	Elapsed: 0.078	Loglikelihood: -40184.4	(delta): -5.09317e-11
78 (QN/Block) 	Elapsed: 0.077	Loglikelihood: -40184.4	(delta): -3.63798e-11
79 (QN/Block) 	Elapsed: 0.078	Loglikelihood: -40184.4	(delta): 1.45519e-10
80 (QN/Block) 	Elapsed: 0.075	Loglikelihood: -40184.4	(delta): -2.91038e-11
81 (QN/Block) 	Elapsed: 0.076	Loglikelihood: -40184.4	(delta): 4.36557e-11
82 (QN/Block) 	Elapsed: 0.077	Loglikelihood: -40184.4	(delta): -7.27596e-11
83 (QN/Block) 	Elapsed: 0.075	Loglikelihood: -40184.4	(delta): 1.60071e-10
84 (QN/Block) 	Elapsed: 0.075	Loglikelihood: -40184.4	(delta): -2.18279e-11
85 (QN/Block) 	Elapsed: 0.085	Loglikelihood: -40184.4	(delta): 0
86 (QN/Block) 	Elapsed: 0.074	Loglikelihood: -40184.4	(delta): -3.63798e-11
87 (QN/Block) 	Elapsed: 0.076	Loglikelihood: -40184.4	(delta): 8.00355e-11
88 (QN/Block) 	Elapsed: 0.076	Loglikelihood: -40184.4	(delta): -2.91038e-11
89 (QN/Block) 	Elapsed: 0.073	Loglikelihood: -40184.4	(delta): -5.09317e-11
90 (QN/Block) 	Elapsed: 0.074	Loglikelihood: -40184.4	(delta): 2.91038e-11
91 (QN/Block) 	Elapsed: 0.078	Loglikelihood: -40184.4	(delta): 1.01863e-10
92 (QN/Block) 	Elapsed: 0.076	Loglikelihood: -40184.4	(delta): 0
93 (QN/Block) 	Elapsed: 0.075	Loglikelihood: -40184.4	(delta): -1.09139e-10
94 (QN/Block) 	Elapsed: 0.076	Loglikelihood: -40184.4	(delta): -5.82077e-11
95 (QN/Block) 	Elapsed: 0.074	Loglikelihood: -40184.4	(delta): 1.23691e-10
96 (QN/Block) 	Elapsed: 0.073	Loglikelihood: -40184.4	(delta): -1.09139e-10
97 (QN/Block) 	Elapsed: 0.078	Loglikelihood: -40184.4	(delta): 2.91038e-11
98 (QN/Block) 	Elapsed: 0.081	Loglikelihood: -40184.4	(delta): 2.91038e-11
99 (QN/Block) 	Elapsed: 0.074	Loglikelihood: -40184.4	(delta): 1.45519e-11
100 (QN/Block) 	Elapsed: 0.075	Loglikelihood: -40184.4	(delta): -4.36557e-11
Summary: 
Converged in 100 iterations (8.347 sec)
Loglikelihood: -40184.412689
Fst divergences between estimated populations: 
	Pop0	Pop1	Pop2	Pop3	Pop4	Pop5	Pop6	
Pop0	
Pop1	0.844	
Pop2	0.836	0.101	
Pop3	0.250	0.835	0.827	
Pop4	0.890	0.867	0.855	0.890	
Pop5	0.875	0.844	0.833	0.878	0.475	
Pop6	0.319	0.840	0.833	0.374	0.876	0.862	
Pop7	0.861	0.380	0.357	0.851	0.893	0.869	0.854	
CV error (K=8): 0.07535
Writing output files.
