****                   ADMIXTURE Version 1.3.0                  ****
****                    Copyright 2008-2015                     ****
****           David Alexander, Suyash Shringarpure,            ****
****                John  Novembre, Ken Lange                   ****
****                                                            ****
****                 Please cite our paper!                     ****
****   Information at www.genetics.ucla.edu/software/admixture  ****

Parallel execution requested.  Will use 8 threads.
Cross-validation will be performed.  Folds=10.
Random seed: 43
Point estimation method: Block relaxation algorithm
Convergence acceleration algorithm: QuasiNewton, 3 secant conditions
Point estimation will terminate at 100 iterations
Estimation of standard errors disabled; will compute point estimates only.
Size of G: 557x751
Performing five EM steps to prime main algorithm
1 (EM) 	Elapsed: 0.04	Loglikelihood: -236492	(delta): 333543
2 (EM) 	Elapsed: 0.04	Loglikelihood: -225657	(delta): 10834.4
3 (EM) 	Elapsed: 0.045	Loglikelihood: -221667	(delta): 3990.21
4 (EM) 	Elapsed: 0.037	Loglikelihood: -215808	(delta): 5859.45
5 (EM) 	Elapsed: 0.038	Loglikelihood: -205118	(delta): 10689.6
Initial loglikelihood: -205118
Starting main algorithm
1 (QN/Block) 	Elapsed: 0.062	Loglikelihood: -66078.8	(delta): 139039
2 (QN/Block) 	Elapsed: 0.057	Loglikelihood: -47864.4	(delta): 18214.4
3 (QN/Block) 	Elapsed: 0.062	Loglikelihood: -45157.6	(delta): 2706.8
4 (QN/Block) 	Elapsed: 0.058	Loglikelihood: -43617.7	(delta): 1539.89
5 (QN/Block) 	Elapsed: 0.058	Loglikelihood: -42786.1	(delta): 831.583
6 (QN/Block) 	Elapsed: 0.059	Loglikelihood: -42537.4	(delta): 248.708
7 (QN/Block) 	Elapsed: 0.057	Loglikelihood: -42414.7	(delta): 122.66
8 (QN/Block) 	Elapsed: 0.056	Loglikelihood: -42360.7	(delta): 53.9874
9 (QN/Block) 	Elapsed: 0.059	Loglikelihood: -42354.3	(delta): 6.3946
10 (QN/Block) 	Elapsed: 0.069	Loglikelihood: -42353.6	(delta): 0.706977
11 (QN/Block) 	Elapsed: 0.073	Loglikelihood: -42353.3	(delta): 0.301306
12 (QN/Block) 	Elapsed: 0.076	Loglikelihood: -42353.1	(delta): 0.242811
13 (QN/Block) 	Elapsed: 0.059	Loglikelihood: -42352.9	(delta): 0.160736
14 (QN/Block) 	Elapsed: 0.052	Loglikelihood: -42352.9	(delta): 0.0299283
15 (QN/Block) 	Elapsed: 0.071	Loglikelihood: -42352.9	(delta): 0.0102129
16 (QN/Block) 	Elapsed: 0.065	Loglikelihood: -42352.9	(delta): 0.000627855
17 (QN/Block) 	Elapsed: 0.059	Loglikelihood: -42352.9	(delta): 0.000165666
18 (QN/Block) 	Elapsed: 0.052	Loglikelihood: -42352.9	(delta): 0.000126677
19 (QN/Block) 	Elapsed: 0.056	Loglikelihood: -42352.9	(delta): 3.26599e-05
20 (QN/Block) 	Elapsed: 0.054	Loglikelihood: -42352.9	(delta): 3.7958e-05
21 (QN/Block) 	Elapsed: 0.056	Loglikelihood: -42352.9	(delta): 1.16587e-05
22 (QN/Block) 	Elapsed: 0.057	Loglikelihood: -42352.9	(delta): 1.48633e-07
23 (QN/Block) 	Elapsed: 0.058	Loglikelihood: -42352.9	(delta): 4.4718e-08
24 (QN/Block) 	Elapsed: 0.057	Loglikelihood: -42352.9	(delta): 4.10437e-08
25 (QN/Block) 	Elapsed: 0.055	Loglikelihood: -42352.9	(delta): 2.65863e-08
26 (QN/Block) 	Elapsed: 0.059	Loglikelihood: -42352.9	(delta): 3.40515e-09
27 (QN/Block) 	Elapsed: 0.068	Loglikelihood: -42352.9	(delta): 8.00355e-10
28 (QN/Block) 	Elapsed: 0.068	Loglikelihood: -42352.9	(delta): -5.82077e-11
29 (QN/Block) 	Elapsed: 0.066	Loglikelihood: -42352.9	(delta): 8.00355e-11
30 (QN/Block) 	Elapsed: 0.06	Loglikelihood: -42352.9	(delta): 1.52795e-10
31 (QN/Block) 	Elapsed: 0.091	Loglikelihood: -42352.9	(delta): -1.09139e-10
32 (QN/Block) 	Elapsed: 0.091	Loglikelihood: -42352.9	(delta): 8.73115e-11
33 (QN/Block) 	Elapsed: 0.097	Loglikelihood: -42352.9	(delta): 1.45519e-11
34 (QN/Block) 	Elapsed: 0.068	Loglikelihood: -42352.9	(delta): 7.27596e-11
35 (QN/Block) 	Elapsed: 0.067	Loglikelihood: -42352.9	(delta): 5.09317e-11
36 (QN/Block) 	Elapsed: 0.063	Loglikelihood: -42352.9	(delta): -7.27596e-12
37 (QN/Block) 	Elapsed: 0.065	Loglikelihood: -42352.9	(delta): 1.23691e-10
38 (QN/Block) 	Elapsed: 0.064	Loglikelihood: -42352.9	(delta): 2.91038e-11
39 (QN/Block) 	Elapsed: 0.062	Loglikelihood: -42352.9	(delta): 1.16415e-10
40 (QN/Block) 	Elapsed: 0.11	Loglikelihood: -42352.9	(delta): 1.45519e-11
41 (QN/Block) 	Elapsed: 0.084	Loglikelihood: -42352.9	(delta): -4.36557e-11
42 (QN/Block) 	Elapsed: 0.085	Loglikelihood: -42352.9	(delta): -7.27596e-12
43 (QN/Block) 	Elapsed: 0.073	Loglikelihood: -42352.9	(delta): 1.60071e-10
44 (QN/Block) 	Elapsed: 0.067	Loglikelihood: -42352.9	(delta): -1.45519e-11
45 (QN/Block) 	Elapsed: 0.073	Loglikelihood: -42352.9	(delta): 5.82077e-11
46 (QN/Block) 	Elapsed: 0.066	Loglikelihood: -42352.9	(delta): -8.73115e-11
47 (QN/Block) 	Elapsed: 0.065	Loglikelihood: -42352.9	(delta): 9.45874e-11
48 (QN/Block) 	Elapsed: 0.064	Loglikelihood: -42352.9	(delta): -9.45874e-11
49 (QN/Block) 	Elapsed: 0.067	Loglikelihood: -42352.9	(delta): -1.30967e-10
50 (QN/Block) 	Elapsed: 0.066	Loglikelihood: -42352.9	(delta): -5.09317e-11
51 (QN/Block) 	Elapsed: 0.065	Loglikelihood: -42352.9	(delta): 3.63798e-11
52 (QN/Block) 	Elapsed: 0.065	Loglikelihood: -42352.9	(delta): 1.45519e-11
53 (QN/Block) 	Elapsed: 0.066	Loglikelihood: -42352.9	(delta): 1.23691e-10
54 (QN/Block) 	Elapsed: 0.07	Loglikelihood: -42352.9	(delta): 7.27596e-11
55 (QN/Block) 	Elapsed: 0.068	Loglikelihood: -42352.9	(delta): -2.18279e-11
56 (QN/Block) 	Elapsed: 0.069	Loglikelihood: -42352.9	(delta): -8.73115e-11
57 (QN/Block) 	Elapsed: 0.07	Loglikelihood: -42352.9	(delta): 1.52795e-10
58 (QN/Block) 	Elapsed: 0.066	Loglikelihood: -42352.9	(delta): -1.01863e-10
59 (QN/Block) 	Elapsed: 0.07	Loglikelihood: -42352.9	(delta): -5.09317e-11
60 (QN/Block) 	Elapsed: 0.109	Loglikelihood: -42352.9	(delta): 1.30967e-10
61 (QN/Block) 	Elapsed: 0.069	Loglikelihood: -42352.9	(delta): -1.45519e-11
62 (QN/Block) 	Elapsed: 0.068	Loglikelihood: -42352.9	(delta): -2.91038e-11
63 (QN/Block) 	Elapsed: 0.063	Loglikelihood: -42352.9	(delta): -7.27596e-11
64 (QN/Block) 	Elapsed: 0.062	Loglikelihood: -42352.9	(delta): 1.09139e-10
65 (QN/Block) 	Elapsed: 0.063	Loglikelihood: -42352.9	(delta): 7.27596e-11
66 (QN/Block) 	Elapsed: 0.06	Loglikelihood: -42352.9	(delta): 4.36557e-11
67 (QN/Block) 	Elapsed: 0.066	Loglikelihood: -42352.9	(delta): 4.36557e-11
68 (QN/Block) 	Elapsed: 0.072	Loglikelihood: -42352.9	(delta): 3.63798e-11
69 (QN/Block) 	Elapsed: 0.063	Loglikelihood: -42352.9	(delta): 5.82077e-11
70 (QN/Block) 	Elapsed: 0.061	Loglikelihood: -42352.9	(delta): 1.38243e-10
71 (QN/Block) 	Elapsed: 0.058	Loglikelihood: -42352.9	(delta): 7.27596e-12
72 (QN/Block) 	Elapsed: 0.06	Loglikelihood: -42352.9	(delta): -1.16415e-10
73 (QN/Block) 	Elapsed: 0.063	Loglikelihood: -42352.9	(delta): 5.09317e-11
74 (QN/Block) 	Elapsed: 0.058	Loglikelihood: -42352.9	(delta): -1.81899e-10
75 (QN/Block) 	Elapsed: 0.06	Loglikelihood: -42352.9	(delta): 2.18279e-11
76 (QN/Block) 	Elapsed: 0.062	Loglikelihood: -42352.9	(delta): 2.18279e-11
77 (QN/Block) 	Elapsed: 0.063	Loglikelihood: -42352.9	(delta): -7.27596e-11
78 (QN/Block) 	Elapsed: 0.059	Loglikelihood: -42352.9	(delta): 0
79 (QN/Block) 	Elapsed: 0.059	Loglikelihood: -42352.9	(delta): 1.01863e-10
80 (QN/Block) 	Elapsed: 0.057	Loglikelihood: -42352.9	(delta): 0
81 (QN/Block) 	Elapsed: 0.061	Loglikelihood: -42352.9	(delta): -1.45519e-11
82 (QN/Block) 	Elapsed: 0.058	Loglikelihood: -42352.9	(delta): -7.27596e-12
83 (QN/Block) 	Elapsed: 0.06	Loglikelihood: -42352.9	(delta): -5.09317e-11
84 (QN/Block) 	Elapsed: 0.064	Loglikelihood: -42352.9	(delta): 5.82077e-11
85 (QN/Block) 	Elapsed: 0.057	Loglikelihood: -42352.9	(delta): 2.91038e-11
86 (QN/Block) 	Elapsed: 0.061	Loglikelihood: -42352.9	(delta): 8.73115e-11
87 (QN/Block) 	Elapsed: 0.056	Loglikelihood: -42352.9	(delta): 7.27596e-11
88 (QN/Block) 	Elapsed: 0.061	Loglikelihood: -42352.9	(delta): -3.63798e-11
89 (QN/Block) 	Elapsed: 0.058	Loglikelihood: -42352.9	(delta): 7.27596e-12
90 (QN/Block) 	Elapsed: 0.057	Loglikelihood: -42352.9	(delta): 3.63798e-11
91 (QN/Block) 	Elapsed: 0.059	Loglikelihood: -42352.9	(delta): 2.91038e-11
92 (QN/Block) 	Elapsed: 0.058	Loglikelihood: -42352.9	(delta): 7.27596e-12
93 (QN/Block) 	Elapsed: 0.057	Loglikelihood: -42352.9	(delta): 1.30967e-10
94 (QN/Block) 	Elapsed: 0.057	Loglikelihood: -42352.9	(delta): -8.00355e-11
95 (QN/Block) 	Elapsed: 0.056	Loglikelihood: -42352.9	(delta): -7.27596e-12
96 (QN/Block) 	Elapsed: 0.057	Loglikelihood: -42352.9	(delta): 1.45519e-10
97 (QN/Block) 	Elapsed: 0.057	Loglikelihood: -42352.9	(delta): 0
98 (QN/Block) 	Elapsed: 0.056	Loglikelihood: -42352.9	(delta): -5.82077e-11
99 (QN/Block) 	Elapsed: 0.056	Loglikelihood: -42352.9	(delta): 3.63798e-11
100 (QN/Block) 	Elapsed: 0.059	Loglikelihood: -42352.9	(delta): 1.09139e-10
Summary: 
Converged in 100 iterations (6.818 sec)
Loglikelihood: -42352.878952
Fst divergences between estimated populations: 
	Pop0	Pop1	Pop2	Pop3	Pop4	
Pop0	
Pop1	0.832	
Pop2	0.818	0.335	
Pop3	0.094	0.839	0.826	
Pop4	0.355	0.853	0.841	0.379	
Pop5	0.814	0.848	0.856	0.825	0.849	
CV error (K=6): 0.07959
Writing output files.
