****                   ADMIXTURE Version 1.3.0                  ****
****                    Copyright 2008-2015                     ****
****           David Alexander, Suyash Shringarpure,            ****
****                John  Novembre, Ken Lange                   ****
****                                                            ****
****                 Please cite our paper!                     ****
****   Information at www.genetics.ucla.edu/software/admixture  ****

Parallel execution requested.  Will use 8 threads.
Cross-validation will be performed.  Folds=10.
Random seed: 43
Point estimation method: Block relaxation algorithm
Convergence acceleration algorithm: QuasiNewton, 3 secant conditions
Point estimation will terminate at 100 iterations
Estimation of standard errors disabled; will compute point estimates only.
Size of G: 92x945
Performing five EM steps to prime main algorithm
1 (EM) 	Elapsed: 0.012	Loglikelihood: -43761.7	(delta): 77455.4
2 (EM) 	Elapsed: 0.012	Loglikelihood: -40880.5	(delta): 2881.2
3 (EM) 	Elapsed: 0.012	Loglikelihood: -40321.4	(delta): 559.088
4 (EM) 	Elapsed: 0.012	Loglikelihood: -39976	(delta): 345.383
5 (EM) 	Elapsed: 0.012	Loglikelihood: -39700.1	(delta): 275.931
Initial loglikelihood: -39700.1
Starting main algorithm
1 (QN/Block) 	Elapsed: 0.02	Loglikelihood: -35083.6	(delta): 4616.47
2 (QN/Block) 	Elapsed: 0.017	Loglikelihood: -33932	(delta): 1151.68
3 (QN/Block) 	Elapsed: 0.018	Loglikelihood: -33488	(delta): 443.938
4 (QN/Block) 	Elapsed: 0.017	Loglikelihood: -33221.2	(delta): 266.858
5 (QN/Block) 	Elapsed: 0.027	Loglikelihood: -33094.3	(delta): 126.885
6 (QN/Block) 	Elapsed: 0.028	Loglikelihood: -32997.7	(delta): 96.5735
7 (QN/Block) 	Elapsed: 0.028	Loglikelihood: -32946.3	(delta): 51.3881
8 (QN/Block) 	Elapsed: 0.021	Loglikelihood: -32915.2	(delta): 31.1533
9 (QN/Block) 	Elapsed: 0.027	Loglikelihood: -32893.6	(delta): 21.5484
10 (QN/Block) 	Elapsed: 0.029	Loglikelihood: -32874.8	(delta): 18.8105
11 (QN/Block) 	Elapsed: 0.029	Loglikelihood: -32854.9	(delta): 19.8575
12 (QN/Block) 	Elapsed: 0.023	Loglikelihood: -32829.7	(delta): 25.2117
13 (QN/Block) 	Elapsed: 0.029	Loglikelihood: -32803.6	(delta): 26.1341
14 (QN/Block) 	Elapsed: 0.026	Loglikelihood: -32787.4	(delta): 16.2414
15 (QN/Block) 	Elapsed: 0.022	Loglikelihood: -32781.5	(delta): 5.81919
16 (QN/Block) 	Elapsed: 0.025	Loglikelihood: -32779	(delta): 2.57748
17 (QN/Block) 	Elapsed: 0.023	Loglikelihood: -32776.1	(delta): 2.81085
18 (QN/Block) 	Elapsed: 0.022	Loglikelihood: -32774.4	(delta): 1.7388
19 (QN/Block) 	Elapsed: 0.026	Loglikelihood: -32771.1	(delta): 3.30987
20 (QN/Block) 	Elapsed: 0.027	Loglikelihood: -32770.6	(delta): 0.487224
21 (QN/Block) 	Elapsed: 0.022	Loglikelihood: -32770.6	(delta): 0.0257142
22 (QN/Block) 	Elapsed: 0.024	Loglikelihood: -32770.5	(delta): 0.0342084
23 (QN/Block) 	Elapsed: 0.022	Loglikelihood: -32770.5	(delta): 0.0550154
24 (QN/Block) 	Elapsed: 0.026	Loglikelihood: -32770.4	(delta): 0.0834094
25 (QN/Block) 	Elapsed: 0.029	Loglikelihood: -32770.4	(delta): 0.048278
26 (QN/Block) 	Elapsed: 0.028	Loglikelihood: -32770.3	(delta): 0.08354
27 (QN/Block) 	Elapsed: 0.031	Loglikelihood: -32770	(delta): 0.297978
28 (QN/Block) 	Elapsed: 0.029	Loglikelihood: -32769.6	(delta): 0.380897
29 (QN/Block) 	Elapsed: 0.024	Loglikelihood: -32769.2	(delta): 0.406068
30 (QN/Block) 	Elapsed: 0.024	Loglikelihood: -32769	(delta): 0.1544
31 (QN/Block) 	Elapsed: 0.022	Loglikelihood: -32768.8	(delta): 0.266545
32 (QN/Block) 	Elapsed: 0.024	Loglikelihood: -32768.6	(delta): 0.12449
33 (QN/Block) 	Elapsed: 0.024	Loglikelihood: -32768.6	(delta): 0.0394894
34 (QN/Block) 	Elapsed: 0.028	Loglikelihood: -32768.6	(delta): 0.0329817
35 (QN/Block) 	Elapsed: 0.023	Loglikelihood: -32768.5	(delta): 0.0537295
36 (QN/Block) 	Elapsed: 0.026	Loglikelihood: -32768.4	(delta): 0.0815479
37 (QN/Block) 	Elapsed: 0.028	Loglikelihood: -32768.3	(delta): 0.15753
38 (QN/Block) 	Elapsed: 0.023	Loglikelihood: -32768.2	(delta): 0.0937958
39 (QN/Block) 	Elapsed: 0.024	Loglikelihood: -32768.2	(delta): 0.00694974
40 (QN/Block) 	Elapsed: 0.027	Loglikelihood: -32768.2	(delta): 0.00293238
41 (QN/Block) 	Elapsed: 0.024	Loglikelihood: -32768.2	(delta): 0.0157525
42 (QN/Block) 	Elapsed: 0.025	Loglikelihood: -32768.1	(delta): 0.0154522
43 (QN/Block) 	Elapsed: 0.02	Loglikelihood: -32768.1	(delta): 0.0386004
44 (QN/Block) 	Elapsed: 0.024	Loglikelihood: -32768.1	(delta): 0.0113756
45 (QN/Block) 	Elapsed: 0.022	Loglikelihood: -32768.1	(delta): 0.00156332
46 (QN/Block) 	Elapsed: 0.02	Loglikelihood: -32768.1	(delta): 0.00537172
47 (QN/Block) 	Elapsed: 0.023	Loglikelihood: -32768	(delta): 0.063632
48 (QN/Block) 	Elapsed: 0.031	Loglikelihood: -32767.9	(delta): 0.141055
49 (QN/Block) 	Elapsed: 0.03	Loglikelihood: -32767.6	(delta): 0.306571
50 (QN/Block) 	Elapsed: 0.03	Loglikelihood: -32767.5	(delta): 0.0886914
51 (QN/Block) 	Elapsed: 0.027	Loglikelihood: -32767.3	(delta): 0.157148
52 (QN/Block) 	Elapsed: 0.033	Loglikelihood: -32766.8	(delta): 0.513733
53 (QN/Block) 	Elapsed: 0.03	Loglikelihood: -32765.8	(delta): 1.04917
54 (QN/Block) 	Elapsed: 0.029	Loglikelihood: -32765.1	(delta): 0.719355
55 (QN/Block) 	Elapsed: 0.029	Loglikelihood: -32764.8	(delta): 0.222907
56 (QN/Block) 	Elapsed: 0.03	Loglikelihood: -32764.8	(delta): 0.0461733
57 (QN/Block) 	Elapsed: 0.03	Loglikelihood: -32764.8	(delta): 0.0159459
58 (QN/Block) 	Elapsed: 0.032	Loglikelihood: -32764.7	(delta): 0.0153458
59 (QN/Block) 	Elapsed: 0.031	Loglikelihood: -32764.7	(delta): 0.0469795
60 (QN/Block) 	Elapsed: 0.029	Loglikelihood: -32764.6	(delta): 0.139859
61 (QN/Block) 	Elapsed: 0.024	Loglikelihood: -32764.2	(delta): 0.391759
62 (QN/Block) 	Elapsed: 0.023	Loglikelihood: -32763.6	(delta): 0.528474
63 (QN/Block) 	Elapsed: 0.024	Loglikelihood: -32763.5	(delta): 0.0971862
64 (QN/Block) 	Elapsed: 0.024	Loglikelihood: -32763.2	(delta): 0.337842
65 (QN/Block) 	Elapsed: 0.022	Loglikelihood: -32762.8	(delta): 0.431654
66 (QN/Block) 	Elapsed: 0.02	Loglikelihood: -32762.6	(delta): 0.149556
67 (QN/Block) 	Elapsed: 0.023	Loglikelihood: -32762.6	(delta): 0.0441983
68 (QN/Block) 	Elapsed: 0.021	Loglikelihood: -32762.5	(delta): 0.115429
69 (QN/Block) 	Elapsed: 0.022	Loglikelihood: -32762.2	(delta): 0.29952
70 (QN/Block) 	Elapsed: 0.024	Loglikelihood: -32761.5	(delta): 0.639587
71 (QN/Block) 	Elapsed: 0.021	Loglikelihood: -32761.2	(delta): 0.315104
72 (QN/Block) 	Elapsed: 0.024	Loglikelihood: -32761	(delta): 0.178682
73 (QN/Block) 	Elapsed: 0.022	Loglikelihood: -32761	(delta): 0.0629345
74 (QN/Block) 	Elapsed: 0.024	Loglikelihood: -32760.7	(delta): 0.27919
75 (QN/Block) 	Elapsed: 0.023	Loglikelihood: -32760.6	(delta): 0.111348
76 (QN/Block) 	Elapsed: 0.023	Loglikelihood: -32760.6	(delta): 0.0268352
77 (QN/Block) 	Elapsed: 0.023	Loglikelihood: -32760.5	(delta): 0.00584265
78 (QN/Block) 	Elapsed: 0.023	Loglikelihood: -32760.5	(delta): 0.00980677
79 (QN/Block) 	Elapsed: 0.023	Loglikelihood: -32760.5	(delta): 0.00979473
80 (QN/Block) 	Elapsed: 0.023	Loglikelihood: -32760.5	(delta): 0.00202129
81 (QN/Block) 	Elapsed: 0.021	Loglikelihood: -32760.5	(delta): 0.00675012
82 (QN/Block) 	Elapsed: 0.023	Loglikelihood: -32760.5	(delta): 0.0128104
83 (QN/Block) 	Elapsed: 0.023	Loglikelihood: -32760.5	(delta): 0.0479684
84 (QN/Block) 	Elapsed: 0.024	Loglikelihood: -32760.4	(delta): 0.0181206
85 (QN/Block) 	Elapsed: 0.02	Loglikelihood: -32760.4	(delta): 0.0224044
86 (QN/Block) 	Elapsed: 0.024	Loglikelihood: -32760.4	(delta): 0.0226662
87 (QN/Block) 	Elapsed: 0.027	Loglikelihood: -32760.4	(delta): 0.00805031
88 (QN/Block) 	Elapsed: 0.02	Loglikelihood: -32760.4	(delta): 0.0102414
89 (QN/Block) 	Elapsed: 0.019	Loglikelihood: -32760.4	(delta): 0.0095058
90 (QN/Block) 	Elapsed: 0.023	Loglikelihood: -32760.4	(delta): 0.00096956
91 (QN/Block) 	Elapsed: 0.024	Loglikelihood: -32760.4	(delta): 1.34909e-05
92 (QN/Block) 	Elapsed: 0.032	Loglikelihood: -32760.4	(delta): 1.01514e-07
93 (QN/Block) 	Elapsed: 0.029	Loglikelihood: -32760.4	(delta): 3.22943e-08
94 (QN/Block) 	Elapsed: 0.029	Loglikelihood: -32760.4	(delta): 4.43106e-09
95 (QN/Block) 	Elapsed: 0.028	Loglikelihood: -32760.4	(delta): 3.4197e-10
96 (QN/Block) 	Elapsed: 0.03	Loglikelihood: -32760.4	(delta): 6.18456e-11
97 (QN/Block) 	Elapsed: 0.021	Loglikelihood: -32760.4	(delta): 3.63798e-12
98 (QN/Block) 	Elapsed: 0.024	Loglikelihood: -32760.4	(delta): 0
99 (QN/Block) 	Elapsed: 0.023	Loglikelihood: -32760.4	(delta): 7.27596e-12
100 (QN/Block) 	Elapsed: 0.024	Loglikelihood: -32760.4	(delta): 0
Summary: 
Converged in 100 iterations (2.656 sec)
Loglikelihood: -32760.366738
Fst divergences between estimated populations: 
	Pop0	Pop1	Pop2	Pop3	Pop4	Pop5	Pop6	Pop7	
Pop0	
Pop1	0.086	
Pop2	0.205	0.210	
Pop3	0.084	0.091	0.223	
Pop4	0.219	0.222	0.081	0.236	
Pop5	0.214	0.221	0.086	0.226	0.096	
Pop6	0.125	0.145	0.254	0.144	0.264	0.258	
Pop7	0.086	0.108	0.222	0.101	0.237	0.232	0.139	
Pop8	0.081	0.089	0.230	0.093	0.246	0.237	0.143	0.107	
CV error (K=9): 0.42868
Writing output files.
