****                   ADMIXTURE Version 1.3.0                  ****
****                    Copyright 2008-2015                     ****
****           David Alexander, Suyash Shringarpure,            ****
****                John  Novembre, Ken Lange                   ****
****                                                            ****
****                 Please cite our paper!                     ****
****   Information at www.genetics.ucla.edu/software/admixture  ****

Parallel execution requested.  Will use 8 threads.
Cross-validation will be performed.  Folds=10.
Random seed: 43
Point estimation method: Block relaxation algorithm
Convergence acceleration algorithm: QuasiNewton, 3 secant conditions
Point estimation will terminate at 100 iterations
Estimation of standard errors disabled; will compute point estimates only.
Size of G: 92x945
Performing five EM steps to prime main algorithm
1 (EM) 	Elapsed: 0.01	Loglikelihood: -43820.2	(delta): 77640.4
2 (EM) 	Elapsed: 0.01	Loglikelihood: -40922.3	(delta): 2897.84
3 (EM) 	Elapsed: 0.01	Loglikelihood: -40341.1	(delta): 581.223
4 (EM) 	Elapsed: 0.01	Loglikelihood: -39980.8	(delta): 360.287
5 (EM) 	Elapsed: 0.01	Loglikelihood: -39695.4	(delta): 285.383
Initial loglikelihood: -39695.4
Starting main algorithm
1 (QN/Block) 	Elapsed: 0.017	Loglikelihood: -35418.5	(delta): 4276.98
2 (QN/Block) 	Elapsed: 0.02	Loglikelihood: -34379.4	(delta): 1039.07
3 (QN/Block) 	Elapsed: 0.02	Loglikelihood: -33838.4	(delta): 541.033
4 (QN/Block) 	Elapsed: 0.019	Loglikelihood: -33507.3	(delta): 331.023
5 (QN/Block) 	Elapsed: 0.018	Loglikelihood: -33363.2	(delta): 144.159
6 (QN/Block) 	Elapsed: 0.019	Loglikelihood: -33283.8	(delta): 79.4035
7 (QN/Block) 	Elapsed: 0.024	Loglikelihood: -33237.1	(delta): 46.689
8 (QN/Block) 	Elapsed: 0.023	Loglikelihood: -33204.4	(delta): 32.7086
9 (QN/Block) 	Elapsed: 0.023	Loglikelihood: -33183.7	(delta): 20.6628
10 (QN/Block) 	Elapsed: 0.024	Loglikelihood: -33175	(delta): 8.69987
11 (QN/Block) 	Elapsed: 0.021	Loglikelihood: -33164.2	(delta): 10.8195
12 (QN/Block) 	Elapsed: 0.023	Loglikelihood: -33156.5	(delta): 7.65486
13 (QN/Block) 	Elapsed: 0.02	Loglikelihood: -33152.4	(delta): 4.13535
14 (QN/Block) 	Elapsed: 0.023	Loglikelihood: -33148.2	(delta): 4.18349
15 (QN/Block) 	Elapsed: 0.02	Loglikelihood: -33145.8	(delta): 2.45244
16 (QN/Block) 	Elapsed: 0.022	Loglikelihood: -33144.9	(delta): 0.864102
17 (QN/Block) 	Elapsed: 0.022	Loglikelihood: -33144.5	(delta): 0.385148
18 (QN/Block) 	Elapsed: 0.022	Loglikelihood: -33144.2	(delta): 0.329279
19 (QN/Block) 	Elapsed: 0.02	Loglikelihood: -33143.9	(delta): 0.240622
20 (QN/Block) 	Elapsed: 0.023	Loglikelihood: -33143.7	(delta): 0.211179
21 (QN/Block) 	Elapsed: 0.025	Loglikelihood: -33143.3	(delta): 0.416061
22 (QN/Block) 	Elapsed: 0.021	Loglikelihood: -33142.9	(delta): 0.448485
23 (QN/Block) 	Elapsed: 0.022	Loglikelihood: -33142.2	(delta): 0.692157
24 (QN/Block) 	Elapsed: 0.025	Loglikelihood: -33141.9	(delta): 0.316738
25 (QN/Block) 	Elapsed: 0.02	Loglikelihood: -33141.5	(delta): 0.408322
26 (QN/Block) 	Elapsed: 0.022	Loglikelihood: -33141.2	(delta): 0.233819
27 (QN/Block) 	Elapsed: 0.021	Loglikelihood: -33140.9	(delta): 0.297261
28 (QN/Block) 	Elapsed: 0.02	Loglikelihood: -33140.8	(delta): 0.111478
29 (QN/Block) 	Elapsed: 0.019	Loglikelihood: -33140.6	(delta): 0.227427
30 (QN/Block) 	Elapsed: 0.025	Loglikelihood: -33140.2	(delta): 0.362293
31 (QN/Block) 	Elapsed: 0.024	Loglikelihood: -33139.7	(delta): 0.524534
32 (QN/Block) 	Elapsed: 0.018	Loglikelihood: -33139.5	(delta): 0.219467
33 (QN/Block) 	Elapsed: 0.022	Loglikelihood: -33139.2	(delta): 0.29397
34 (QN/Block) 	Elapsed: 0.019	Loglikelihood: -33138.7	(delta): 0.518464
35 (QN/Block) 	Elapsed: 0.022	Loglikelihood: -33138	(delta): 0.623092
36 (QN/Block) 	Elapsed: 0.02	Loglikelihood: -33136.8	(delta): 1.26807
37 (QN/Block) 	Elapsed: 0.021	Loglikelihood: -33135	(delta): 1.73832
38 (QN/Block) 	Elapsed: 0.021	Loglikelihood: -33133.3	(delta): 1.72518
39 (QN/Block) 	Elapsed: 0.022	Loglikelihood: -33131.1	(delta): 2.2347
40 (QN/Block) 	Elapsed: 0.019	Loglikelihood: -33128.4	(delta): 2.68653
41 (QN/Block) 	Elapsed: 0.024	Loglikelihood: -33127.4	(delta): 1.0343
42 (QN/Block) 	Elapsed: 0.027	Loglikelihood: -33127.2	(delta): 0.157084
43 (QN/Block) 	Elapsed: 0.027	Loglikelihood: -33127.1	(delta): 0.0585962
44 (QN/Block) 	Elapsed: 0.027	Loglikelihood: -33127.1	(delta): 0.0430027
45 (QN/Block) 	Elapsed: 0.027	Loglikelihood: -33127.1	(delta): 0.00503587
46 (QN/Block) 	Elapsed: 0.027	Loglikelihood: -33127.1	(delta): 0.00200884
47 (QN/Block) 	Elapsed: 0.027	Loglikelihood: -33127.1	(delta): 0.00207934
48 (QN/Block) 	Elapsed: 0.028	Loglikelihood: -33127.1	(delta): 0.00237217
49 (QN/Block) 	Elapsed: 0.027	Loglikelihood: -33127.1	(delta): 0.00268222
50 (QN/Block) 	Elapsed: 0.026	Loglikelihood: -33127.1	(delta): 0.00297696
51 (QN/Block) 	Elapsed: 0.027	Loglikelihood: -33127.1	(delta): 0.0129256
52 (QN/Block) 	Elapsed: 0.026	Loglikelihood: -33127.1	(delta): 0.000908931
53 (QN/Block) 	Elapsed: 0.025	Loglikelihood: -33127.1	(delta): 0.000218011
54 (QN/Block) 	Elapsed: 0.026	Loglikelihood: -33127.1	(delta): 5.79926e-05
55 (QN/Block) 	Elapsed: 0.025	Loglikelihood: -33127.1	(delta): 3.45237e-05
56 (QN/Block) 	Elapsed: 0.025	Loglikelihood: -33127.1	(delta): 3.47974e-06
57 (QN/Block) 	Elapsed: 0.026	Loglikelihood: -33127.1	(delta): 3.03873e-07
58 (QN/Block) 	Elapsed: 0.025	Loglikelihood: -33127.1	(delta): 1.68016e-07
59 (QN/Block) 	Elapsed: 0.026	Loglikelihood: -33127.1	(delta): 4.23752e-08
60 (QN/Block) 	Elapsed: 0.024	Loglikelihood: -33127.1	(delta): 5.26052e-09
61 (QN/Block) 	Elapsed: 0.021	Loglikelihood: -33127.1	(delta): 2.54659e-10
62 (QN/Block) 	Elapsed: 0.024	Loglikelihood: -33127.1	(delta): 1.45519e-10
63 (QN/Block) 	Elapsed: 0.021	Loglikelihood: -33127.1	(delta): 3.63798e-11
64 (QN/Block) 	Elapsed: 0.021	Loglikelihood: -33127.1	(delta): 0
65 (QN/Block) 	Elapsed: 0.031	Loglikelihood: -33127.1	(delta): 7.27596e-12
66 (QN/Block) 	Elapsed: 0.026	Loglikelihood: -33127.1	(delta): 0
67 (QN/Block) 	Elapsed: 0.03	Loglikelihood: -33127.1	(delta): 0
68 (QN/Block) 	Elapsed: 0.029	Loglikelihood: -33127.1	(delta): 0
69 (QN/Block) 	Elapsed: 0.024	Loglikelihood: -33127.1	(delta): 0
70 (QN/Block) 	Elapsed: 0.022	Loglikelihood: -33127.1	(delta): 0
71 (QN/Block) 	Elapsed: 0.02	Loglikelihood: -33127.1	(delta): 0
72 (QN/Block) 	Elapsed: 0.021	Loglikelihood: -33127.1	(delta): 0
73 (QN/Block) 	Elapsed: 0.022	Loglikelihood: -33127.1	(delta): 0
74 (QN/Block) 	Elapsed: 0.024	Loglikelihood: -33127.1	(delta): -7.27596e-12
75 (QN/Block) 	Elapsed: 0.025	Loglikelihood: -33127.1	(delta): 7.27596e-12
76 (QN/Block) 	Elapsed: 0.021	Loglikelihood: -33127.1	(delta): -7.27596e-12
77 (QN/Block) 	Elapsed: 0.023	Loglikelihood: -33127.1	(delta): 7.27596e-12
78 (QN/Block) 	Elapsed: 0.026	Loglikelihood: -33127.1	(delta): 0
79 (QN/Block) 	Elapsed: 0.024	Loglikelihood: -33127.1	(delta): 0
80 (QN/Block) 	Elapsed: 0.021	Loglikelihood: -33127.1	(delta): -7.27596e-12
81 (QN/Block) 	Elapsed: 0.021	Loglikelihood: -33127.1	(delta): 7.27596e-12
82 (QN/Block) 	Elapsed: 0.02	Loglikelihood: -33127.1	(delta): 0
83 (QN/Block) 	Elapsed: 0.024	Loglikelihood: -33127.1	(delta): 0
84 (QN/Block) 	Elapsed: 0.022	Loglikelihood: -33127.1	(delta): 0
85 (QN/Block) 	Elapsed: 0.024	Loglikelihood: -33127.1	(delta): 0
86 (QN/Block) 	Elapsed: 0.026	Loglikelihood: -33127.1	(delta): 0
87 (QN/Block) 	Elapsed: 0.023	Loglikelihood: -33127.1	(delta): 7.27596e-12
88 (QN/Block) 	Elapsed: 0.023	Loglikelihood: -33127.1	(delta): -7.27596e-12
89 (QN/Block) 	Elapsed: 0.024	Loglikelihood: -33127.1	(delta): 0
90 (QN/Block) 	Elapsed: 0.024	Loglikelihood: -33127.1	(delta): 0
91 (QN/Block) 	Elapsed: 0.026	Loglikelihood: -33127.1	(delta): 7.27596e-12
92 (QN/Block) 	Elapsed: 0.023	Loglikelihood: -33127.1	(delta): 0
93 (QN/Block) 	Elapsed: 0.025	Loglikelihood: -33127.1	(delta): -7.27596e-12
94 (QN/Block) 	Elapsed: 0.024	Loglikelihood: -33127.1	(delta): 0
95 (QN/Block) 	Elapsed: 0.025	Loglikelihood: -33127.1	(delta): 0
96 (QN/Block) 	Elapsed: 0.021	Loglikelihood: -33127.1	(delta): 7.27596e-12
97 (QN/Block) 	Elapsed: 0.025	Loglikelihood: -33127.1	(delta): -7.27596e-12
98 (QN/Block) 	Elapsed: 0.024	Loglikelihood: -33127.1	(delta): 0
99 (QN/Block) 	Elapsed: 0.025	Loglikelihood: -33127.1	(delta): 0
100 (QN/Block) 	Elapsed: 0.027	Loglikelihood: -33127.1	(delta): -7.27596e-12
Summary: 
Converged in 100 iterations (2.485 sec)
Loglikelihood: -33127.061289
Fst divergences between estimated populations: 
	Pop0	Pop1	Pop2	Pop3	Pop4	Pop5	Pop6	
Pop0	
Pop1	0.106	
Pop2	0.085	0.121	
Pop3	0.073	0.103	0.067	
Pop4	0.222	0.233	0.212	0.214	
Pop5	0.075	0.104	0.074	0.064	0.213	
Pop6	0.229	0.237	0.219	0.219	0.080	0.218	
Pop7	0.230	0.241	0.226	0.228	0.100	0.223	0.103	
CV error (K=8): 0.41175
Writing output files.
