****                   ADMIXTURE Version 1.3.0                  ****
****                    Copyright 2008-2015                     ****
****           David Alexander, Suyash Shringarpure,            ****
****                John  Novembre, Ken Lange                   ****
****                                                            ****
****                 Please cite our paper!                     ****
****   Information at www.genetics.ucla.edu/software/admixture  ****

Parallel execution requested.  Will use 8 threads.
Cross-validation will be performed.  Folds=10.
Random seed: 43
Point estimation method: Block relaxation algorithm
Convergence acceleration algorithm: QuasiNewton, 3 secant conditions
Point estimation will terminate at 100 iterations
Estimation of standard errors disabled; will compute point estimates only.
Size of G: 92x945
Performing five EM steps to prime main algorithm
1 (EM) 	Elapsed: 0.005	Loglikelihood: -43842.5	(delta): 82187.1
2 (EM) 	Elapsed: 0.005	Loglikelihood: -41075.6	(delta): 2766.88
3 (EM) 	Elapsed: 0.005	Loglikelihood: -40487.8	(delta): 587.755
4 (EM) 	Elapsed: 0.005	Loglikelihood: -40147.8	(delta): 340.014
5 (EM) 	Elapsed: 0.005	Loglikelihood: -39898.3	(delta): 249.467
Initial loglikelihood: -39898.3
Starting main algorithm
1 (QN/Block) 	Elapsed: 0.01	Loglikelihood: -36226.7	(delta): 3671.61
2 (QN/Block) 	Elapsed: 0.009	Loglikelihood: -35267.6	(delta): 959.124
3 (QN/Block) 	Elapsed: 0.01	Loglikelihood: -34863.1	(delta): 404.499
4 (QN/Block) 	Elapsed: 0.01	Loglikelihood: -34674.6	(delta): 188.554
5 (QN/Block) 	Elapsed: 0.011	Loglikelihood: -34579.4	(delta): 95.1039
6 (QN/Block) 	Elapsed: 0.01	Loglikelihood: -34543.9	(delta): 35.5062
7 (QN/Block) 	Elapsed: 0.01	Loglikelihood: -34527.9	(delta): 16.0842
8 (QN/Block) 	Elapsed: 0.01	Loglikelihood: -34514.3	(delta): 13.5206
9 (QN/Block) 	Elapsed: 0.01	Loglikelihood: -34508.8	(delta): 5.52846
10 (QN/Block) 	Elapsed: 0.009	Loglikelihood: -34505.8	(delta): 2.99547
11 (QN/Block) 	Elapsed: 0.011	Loglikelihood: -34503.7	(delta): 2.07645
12 (QN/Block) 	Elapsed: 0.01	Loglikelihood: -34501.3	(delta): 2.41475
13 (QN/Block) 	Elapsed: 0.009	Loglikelihood: -34499.2	(delta): 2.13776
14 (QN/Block) 	Elapsed: 0.01	Loglikelihood: -34496.3	(delta): 2.87501
15 (QN/Block) 	Elapsed: 0.011	Loglikelihood: -34495.3	(delta): 0.971637
16 (QN/Block) 	Elapsed: 0.011	Loglikelihood: -34494.4	(delta): 0.922895
17 (QN/Block) 	Elapsed: 0.011	Loglikelihood: -34493.8	(delta): 0.570576
18 (QN/Block) 	Elapsed: 0.011	Loglikelihood: -34492.8	(delta): 1.08477
19 (QN/Block) 	Elapsed: 0.011	Loglikelihood: -34492.4	(delta): 0.401369
20 (QN/Block) 	Elapsed: 0.01	Loglikelihood: -34492.2	(delta): 0.201971
21 (QN/Block) 	Elapsed: 0.013	Loglikelihood: -34492	(delta): 0.179894
22 (QN/Block) 	Elapsed: 0.014	Loglikelihood: -34491	(delta): 0.988808
23 (QN/Block) 	Elapsed: 0.014	Loglikelihood: -34489.8	(delta): 1.20137
24 (QN/Block) 	Elapsed: 0.014	Loglikelihood: -34488.7	(delta): 1.09867
25 (QN/Block) 	Elapsed: 0.014	Loglikelihood: -34487.2	(delta): 1.48478
26 (QN/Block) 	Elapsed: 0.013	Loglikelihood: -34485.9	(delta): 1.34074
27 (QN/Block) 	Elapsed: 0.014	Loglikelihood: -34484.9	(delta): 0.912211
28 (QN/Block) 	Elapsed: 0.013	Loglikelihood: -34483.6	(delta): 1.36496
29 (QN/Block) 	Elapsed: 0.013	Loglikelihood: -34482.6	(delta): 0.941075
30 (QN/Block) 	Elapsed: 0.014	Loglikelihood: -34482	(delta): 0.648194
31 (QN/Block) 	Elapsed: 0.014	Loglikelihood: -34480.9	(delta): 1.09908
32 (QN/Block) 	Elapsed: 0.014	Loglikelihood: -34478.5	(delta): 2.39406
33 (QN/Block) 	Elapsed: 0.012	Loglikelihood: -34477.3	(delta): 1.19809
34 (QN/Block) 	Elapsed: 0.013	Loglikelihood: -34476.1	(delta): 1.1669
35 (QN/Block) 	Elapsed: 0.014	Loglikelihood: -34475	(delta): 1.17541
36 (QN/Block) 	Elapsed: 0.014	Loglikelihood: -34474.2	(delta): 0.806132
37 (QN/Block) 	Elapsed: 0.014	Loglikelihood: -34474	(delta): 0.127098
38 (QN/Block) 	Elapsed: 0.014	Loglikelihood: -34474	(delta): 0.035387
39 (QN/Block) 	Elapsed: 0.013	Loglikelihood: -34473.9	(delta): 0.0506317
40 (QN/Block) 	Elapsed: 0.013	Loglikelihood: -34473.9	(delta): 0.0368028
41 (QN/Block) 	Elapsed: 0.013	Loglikelihood: -34473.9	(delta): 0.00986616
42 (QN/Block) 	Elapsed: 0.013	Loglikelihood: -34473.9	(delta): 0.000673039
43 (QN/Block) 	Elapsed: 0.012	Loglikelihood: -34473.9	(delta): 0.000119567
44 (QN/Block) 	Elapsed: 0.013	Loglikelihood: -34473.9	(delta): 0.000200284
45 (QN/Block) 	Elapsed: 0.013	Loglikelihood: -34473.9	(delta): 0.000108716
46 (QN/Block) 	Elapsed: 0.013	Loglikelihood: -34473.9	(delta): 5.51602e-06
47 (QN/Block) 	Elapsed: 0.013	Loglikelihood: -34473.9	(delta): 4.55395e-07
48 (QN/Block) 	Elapsed: 0.012	Loglikelihood: -34473.9	(delta): 1.23022e-07
49 (QN/Block) 	Elapsed: 0.013	Loglikelihood: -34473.9	(delta): 2.02999e-07
50 (QN/Block) 	Elapsed: 0.013	Loglikelihood: -34473.9	(delta): 7.72125e-08
51 (QN/Block) 	Elapsed: 0.014	Loglikelihood: -34473.9	(delta): 1.71713e-09
52 (QN/Block) 	Elapsed: 0.012	Loglikelihood: -34473.9	(delta): 5.16593e-10
53 (QN/Block) 	Elapsed: 0.013	Loglikelihood: -34473.9	(delta): 4.87489e-10
54 (QN/Block) 	Elapsed: 0.012	Loglikelihood: -34473.9	(delta): 3.12866e-10
55 (QN/Block) 	Elapsed: 0.012	Loglikelihood: -34473.9	(delta): 6.54836e-11
56 (QN/Block) 	Elapsed: 0.012	Loglikelihood: -34473.9	(delta): 1.45519e-11
57 (QN/Block) 	Elapsed: 0.014	Loglikelihood: -34473.9	(delta): 7.27596e-12
58 (QN/Block) 	Elapsed: 0.014	Loglikelihood: -34473.9	(delta): 7.27596e-12
59 (QN/Block) 	Elapsed: 0.014	Loglikelihood: -34473.9	(delta): 0
60 (QN/Block) 	Elapsed: 0.014	Loglikelihood: -34473.9	(delta): 0
61 (QN/Block) 	Elapsed: 0.014	Loglikelihood: -34473.9	(delta): 0
62 (QN/Block) 	Elapsed: 0.014	Loglikelihood: -34473.9	(delta): 0
63 (QN/Block) 	Elapsed: 0.015	Loglikelihood: -34473.9	(delta): 7.27596e-12
64 (QN/Block) 	Elapsed: 0.014	Loglikelihood: -34473.9	(delta): -7.27596e-12
65 (QN/Block) 	Elapsed: 0.015	Loglikelihood: -34473.9	(delta): 0
66 (QN/Block) 	Elapsed: 0.014	Loglikelihood: -34473.9	(delta): 0
67 (QN/Block) 	Elapsed: 0.014	Loglikelihood: -34473.9	(delta): 7.27596e-12
68 (QN/Block) 	Elapsed: 0.014	Loglikelihood: -34473.9	(delta): -7.27596e-12
69 (QN/Block) 	Elapsed: 0.014	Loglikelihood: -34473.9	(delta): -7.27596e-12
70 (QN/Block) 	Elapsed: 0.014	Loglikelihood: -34473.9	(delta): 1.45519e-11
71 (QN/Block) 	Elapsed: 0.014	Loglikelihood: -34473.9	(delta): -7.27596e-12
72 (QN/Block) 	Elapsed: 0.014	Loglikelihood: -34473.9	(delta): 0
73 (QN/Block) 	Elapsed: 0.014	Loglikelihood: -34473.9	(delta): 0
74 (QN/Block) 	Elapsed: 0.014	Loglikelihood: -34473.9	(delta): 0
75 (QN/Block) 	Elapsed: 0.014	Loglikelihood: -34473.9	(delta): 0
76 (QN/Block) 	Elapsed: 0.014	Loglikelihood: -34473.9	(delta): 7.27596e-12
77 (QN/Block) 	Elapsed: 0.014	Loglikelihood: -34473.9	(delta): -7.27596e-12
78 (QN/Block) 	Elapsed: 0.014	Loglikelihood: -34473.9	(delta): 7.27596e-12
79 (QN/Block) 	Elapsed: 0.014	Loglikelihood: -34473.9	(delta): -7.27596e-12
80 (QN/Block) 	Elapsed: 0.013	Loglikelihood: -34473.9	(delta): -7.27596e-12
81 (QN/Block) 	Elapsed: 0.014	Loglikelihood: -34473.9	(delta): 7.27596e-12
82 (QN/Block) 	Elapsed: 0.014	Loglikelihood: -34473.9	(delta): 7.27596e-12
83 (QN/Block) 	Elapsed: 0.014	Loglikelihood: -34473.9	(delta): -7.27596e-12
84 (QN/Block) 	Elapsed: 0.014	Loglikelihood: -34473.9	(delta): 0
85 (QN/Block) 	Elapsed: 0.015	Loglikelihood: -34473.9	(delta): 0
86 (QN/Block) 	Elapsed: 0.014	Loglikelihood: -34473.9	(delta): -7.27596e-12
87 (QN/Block) 	Elapsed: 0.015	Loglikelihood: -34473.9	(delta): 1.45519e-11
88 (QN/Block) 	Elapsed: 0.014	Loglikelihood: -34473.9	(delta): -7.27596e-12
89 (QN/Block) 	Elapsed: 0.017	Loglikelihood: -34473.9	(delta): 0
90 (QN/Block) 	Elapsed: 0.014	Loglikelihood: -34473.9	(delta): 0
91 (QN/Block) 	Elapsed: 0.013	Loglikelihood: -34473.9	(delta): 0
92 (QN/Block) 	Elapsed: 0.014	Loglikelihood: -34473.9	(delta): 0
93 (QN/Block) 	Elapsed: 0.015	Loglikelihood: -34473.9	(delta): 0
94 (QN/Block) 	Elapsed: 0.014	Loglikelihood: -34473.9	(delta): 0
95 (QN/Block) 	Elapsed: 0.015	Loglikelihood: -34473.9	(delta): 0
96 (QN/Block) 	Elapsed: 0.013	Loglikelihood: -34473.9	(delta): 0
97 (QN/Block) 	Elapsed: 0.014	Loglikelihood: -34473.9	(delta): 7.27596e-12
98 (QN/Block) 	Elapsed: 0.014	Loglikelihood: -34473.9	(delta): 0
99 (QN/Block) 	Elapsed: 0.016	Loglikelihood: -34473.9	(delta): -7.27596e-12
100 (QN/Block) 	Elapsed: 0.015	Loglikelihood: -34473.9	(delta): 7.27596e-12
Summary: 
Converged in 100 iterations (1.411 sec)
Loglikelihood: -34473.894831
Fst divergences between estimated populations: 
	Pop0	Pop1	Pop2	Pop3	
Pop0	
Pop1	0.195	
Pop2	0.050	0.198	
Pop3	0.207	0.083	0.211	
Pop4	0.066	0.207	0.066	0.215	
CV error (K=5): 0.36255
Writing output files.
