****                   ADMIXTURE Version 1.3.0                  ****
****                    Copyright 2008-2015                     ****
****           David Alexander, Suyash Shringarpure,            ****
****                John  Novembre, Ken Lange                   ****
****                                                            ****
****                 Please cite our paper!                     ****
****   Information at www.genetics.ucla.edu/software/admixture  ****

Parallel execution requested.  Will use 8 threads.
Cross-validation will be performed.  Folds=10.
Random seed: 43
Point estimation method: Block relaxation algorithm
Convergence acceleration algorithm: QuasiNewton, 3 secant conditions
Point estimation will terminate at 100 iterations
Estimation of standard errors disabled; will compute point estimates only.
Size of G: 98x940
Performing five EM steps to prime main algorithm
1 (EM) 	Elapsed: 0.003	Loglikelihood: -48193.9	(delta): 94065
2 (EM) 	Elapsed: 0.003	Loglikelihood: -45915.4	(delta): 2278.51
3 (EM) 	Elapsed: 0.003	Loglikelihood: -45368.5	(delta): 546.848
4 (EM) 	Elapsed: 0.003	Loglikelihood: -45065.7	(delta): 302.816
5 (EM) 	Elapsed: 0.003	Loglikelihood: -44861.3	(delta): 204.362
Initial loglikelihood: -44861.3
Starting main algorithm
1 (QN/Block) 	Elapsed: 0.008	Loglikelihood: -41592.8	(delta): 3268.58
2 (QN/Block) 	Elapsed: 0.009	Loglikelihood: -40727.4	(delta): 865.397
3 (QN/Block) 	Elapsed: 0.01	Loglikelihood: -40231.1	(delta): 496.218
4 (QN/Block) 	Elapsed: 0.008	Loglikelihood: -40006.9	(delta): 224.245
5 (QN/Block) 	Elapsed: 0.01	Loglikelihood: -39917.2	(delta): 89.6589
6 (QN/Block) 	Elapsed: 0.01	Loglikelihood: -39893.9	(delta): 23.3688
7 (QN/Block) 	Elapsed: 0.011	Loglikelihood: -39885.9	(delta): 7.95715
8 (QN/Block) 	Elapsed: 0.012	Loglikelihood: -39880.5	(delta): 5.42526
9 (QN/Block) 	Elapsed: 0.013	Loglikelihood: -39876.9	(delta): 3.5579
10 (QN/Block) 	Elapsed: 0.013	Loglikelihood: -39872.3	(delta): 4.57643
11 (QN/Block) 	Elapsed: 0.01	Loglikelihood: -39869.3	(delta): 3.01187
12 (QN/Block) 	Elapsed: 0.012	Loglikelihood: -39865.8	(delta): 3.53566
13 (QN/Block) 	Elapsed: 0.01	Loglikelihood: -39861.9	(delta): 3.88589
14 (QN/Block) 	Elapsed: 0.011	Loglikelihood: -39858.1	(delta): 3.84152
15 (QN/Block) 	Elapsed: 0.01	Loglikelihood: -39853.1	(delta): 4.99224
16 (QN/Block) 	Elapsed: 0.01	Loglikelihood: -39845.9	(delta): 7.22179
17 (QN/Block) 	Elapsed: 0.011	Loglikelihood: -39837.7	(delta): 8.1135
18 (QN/Block) 	Elapsed: 0.01	Loglikelihood: -39833.8	(delta): 3.90641
19 (QN/Block) 	Elapsed: 0.01	Loglikelihood: -39832.8	(delta): 1.01771
20 (QN/Block) 	Elapsed: 0.01	Loglikelihood: -39832.5	(delta): 0.328331
21 (QN/Block) 	Elapsed: 0.009	Loglikelihood: -39832.4	(delta): 0.110171
22 (QN/Block) 	Elapsed: 0.011	Loglikelihood: -39832.3	(delta): 0.122713
23 (QN/Block) 	Elapsed: 0.01	Loglikelihood: -39831.9	(delta): 0.371921
24 (QN/Block) 	Elapsed: 0.01	Loglikelihood: -39831.4	(delta): 0.458062
25 (QN/Block) 	Elapsed: 0.01	Loglikelihood: -39830.7	(delta): 0.697835
26 (QN/Block) 	Elapsed: 0.009	Loglikelihood: -39830	(delta): 0.74549
27 (QN/Block) 	Elapsed: 0.009	Loglikelihood: -39829.8	(delta): 0.162988
28 (QN/Block) 	Elapsed: 0.01	Loglikelihood: -39829.5	(delta): 0.368053
29 (QN/Block) 	Elapsed: 0.009	Loglikelihood: -39828.5	(delta): 0.96394
30 (QN/Block) 	Elapsed: 0.01	Loglikelihood: -39828	(delta): 0.453423
31 (QN/Block) 	Elapsed: 0.01	Loglikelihood: -39827.7	(delta): 0.296712
32 (QN/Block) 	Elapsed: 0.011	Loglikelihood: -39827.4	(delta): 0.375468
33 (QN/Block) 	Elapsed: 0.011	Loglikelihood: -39827	(delta): 0.326088
34 (QN/Block) 	Elapsed: 0.01	Loglikelihood: -39826.9	(delta): 0.180459
35 (QN/Block) 	Elapsed: 0.01	Loglikelihood: -39826.7	(delta): 0.150826
36 (QN/Block) 	Elapsed: 0.009	Loglikelihood: -39826.5	(delta): 0.22238
37 (QN/Block) 	Elapsed: 0.01	Loglikelihood: -39826.2	(delta): 0.287316
38 (QN/Block) 	Elapsed: 0.01	Loglikelihood: -39825.6	(delta): 0.615291
39 (QN/Block) 	Elapsed: 0.009	Loglikelihood: -39825.4	(delta): 0.216641
40 (QN/Block) 	Elapsed: 0.009	Loglikelihood: -39825.2	(delta): 0.183373
41 (QN/Block) 	Elapsed: 0.012	Loglikelihood: -39825.2	(delta): 0.0290872
42 (QN/Block) 	Elapsed: 0.012	Loglikelihood: -39825.1	(delta): 0.0456809
43 (QN/Block) 	Elapsed: 0.011	Loglikelihood: -39825	(delta): 0.0988044
44 (QN/Block) 	Elapsed: 0.01	Loglikelihood: -39824.9	(delta): 0.149251
45 (QN/Block) 	Elapsed: 0.01	Loglikelihood: -39824.9	(delta): 0.00451975
46 (QN/Block) 	Elapsed: 0.008	Loglikelihood: -39824.9	(delta): 0.000818242
47 (QN/Block) 	Elapsed: 0.009	Loglikelihood: -39824.9	(delta): 3.06076e-05
48 (QN/Block) 	Elapsed: 0.009	Loglikelihood: -39824.9	(delta): 8.4028e-05
49 (QN/Block) 	Elapsed: 0.009	Loglikelihood: -39824.9	(delta): 7.35949e-06
50 (QN/Block) 	Elapsed: 0.009	Loglikelihood: -39824.9	(delta): 1.26265e-06
51 (QN/Block) 	Elapsed: 0.009	Loglikelihood: -39824.9	(delta): 1.75853e-07
52 (QN/Block) 	Elapsed: 0.008	Loglikelihood: -39824.9	(delta): 4.70754e-09
53 (QN/Block) 	Elapsed: 0.009	Loglikelihood: -39824.9	(delta): 5.74801e-10
54 (QN/Block) 	Elapsed: 0.009	Loglikelihood: -39824.9	(delta): 3.12866e-10
55 (QN/Block) 	Elapsed: 0.01	Loglikelihood: -39824.9	(delta): 0
56 (QN/Block) 	Elapsed: 0.009	Loglikelihood: -39824.9	(delta): 7.27596e-12
57 (QN/Block) 	Elapsed: 0.011	Loglikelihood: -39824.9	(delta): 0
58 (QN/Block) 	Elapsed: 0.01	Loglikelihood: -39824.9	(delta): 0
59 (QN/Block) 	Elapsed: 0.009	Loglikelihood: -39824.9	(delta): 0
60 (QN/Block) 	Elapsed: 0.01	Loglikelihood: -39824.9	(delta): 0
61 (QN/Block) 	Elapsed: 0.01	Loglikelihood: -39824.9	(delta): 0
62 (QN/Block) 	Elapsed: 0.009	Loglikelihood: -39824.9	(delta): -7.27596e-12
63 (QN/Block) 	Elapsed: 0.009	Loglikelihood: -39824.9	(delta): 7.27596e-12
64 (QN/Block) 	Elapsed: 0.009	Loglikelihood: -39824.9	(delta): 7.27596e-12
65 (QN/Block) 	Elapsed: 0.01	Loglikelihood: -39824.9	(delta): -7.27596e-12
66 (QN/Block) 	Elapsed: 0.009	Loglikelihood: -39824.9	(delta): 0
67 (QN/Block) 	Elapsed: 0.009	Loglikelihood: -39824.9	(delta): 0
68 (QN/Block) 	Elapsed: 0.01	Loglikelihood: -39824.9	(delta): 0
69 (QN/Block) 	Elapsed: 0.012	Loglikelihood: -39824.9	(delta): 0
70 (QN/Block) 	Elapsed: 0.009	Loglikelihood: -39824.9	(delta): 7.27596e-12
71 (QN/Block) 	Elapsed: 0.009	Loglikelihood: -39824.9	(delta): -7.27596e-12
72 (QN/Block) 	Elapsed: 0.009	Loglikelihood: -39824.9	(delta): 0
73 (QN/Block) 	Elapsed: 0.012	Loglikelihood: -39824.9	(delta): 0
74 (QN/Block) 	Elapsed: 0.01	Loglikelihood: -39824.9	(delta): 7.27596e-12
75 (QN/Block) 	Elapsed: 0.009	Loglikelihood: -39824.9	(delta): -7.27596e-12
76 (QN/Block) 	Elapsed: 0.01	Loglikelihood: -39824.9	(delta): 0
77 (QN/Block) 	Elapsed: 0.01	Loglikelihood: -39824.9	(delta): 0
78 (QN/Block) 	Elapsed: 0.011	Loglikelihood: -39824.9	(delta): 0
79 (QN/Block) 	Elapsed: 0.01	Loglikelihood: -39824.9	(delta): 0
80 (QN/Block) 	Elapsed: 0.01	Loglikelihood: -39824.9	(delta): 0
81 (QN/Block) 	Elapsed: 0.009	Loglikelihood: -39824.9	(delta): 7.27596e-12
82 (QN/Block) 	Elapsed: 0.01	Loglikelihood: -39824.9	(delta): -7.27596e-12
83 (QN/Block) 	Elapsed: 0.01	Loglikelihood: -39824.9	(delta): -7.27596e-12
84 (QN/Block) 	Elapsed: 0.01	Loglikelihood: -39824.9	(delta): 1.45519e-11
85 (QN/Block) 	Elapsed: 0.01	Loglikelihood: -39824.9	(delta): -7.27596e-12
86 (QN/Block) 	Elapsed: 0.009	Loglikelihood: -39824.9	(delta): 7.27596e-12
87 (QN/Block) 	Elapsed: 0.01	Loglikelihood: -39824.9	(delta): -7.27596e-12
88 (QN/Block) 	Elapsed: 0.01	Loglikelihood: -39824.9	(delta): 0
89 (QN/Block) 	Elapsed: 0.009	Loglikelihood: -39824.9	(delta): 0
90 (QN/Block) 	Elapsed: 0.009	Loglikelihood: -39824.9	(delta): 0
91 (QN/Block) 	Elapsed: 0.009	Loglikelihood: -39824.9	(delta): 0
92 (QN/Block) 	Elapsed: 0.01	Loglikelihood: -39824.9	(delta): 0
93 (QN/Block) 	Elapsed: 0.01	Loglikelihood: -39824.9	(delta): -7.27596e-12
94 (QN/Block) 	Elapsed: 0.009	Loglikelihood: -39824.9	(delta): 7.27596e-12
95 (QN/Block) 	Elapsed: 0.009	Loglikelihood: -39824.9	(delta): 0
96 (QN/Block) 	Elapsed: 0.01	Loglikelihood: -39824.9	(delta): 0
97 (QN/Block) 	Elapsed: 0.009	Loglikelihood: -39824.9	(delta): 0
98 (QN/Block) 	Elapsed: 0.01	Loglikelihood: -39824.9	(delta): 0
99 (QN/Block) 	Elapsed: 0.009	Loglikelihood: -39824.9	(delta): 0
100 (QN/Block) 	Elapsed: 0.01	Loglikelihood: -39824.9	(delta): 0
Summary: 
Converged in 100 iterations (1.085 sec)
Loglikelihood: -39824.857331
Fst divergences between estimated populations: 
	Pop0	Pop1	
Pop0	
Pop1	0.176	
Pop2	0.171	0.041	
CV error (K=3): 0.33421
Writing output files.
