****                   ADMIXTURE Version 1.3.0                  ****
****                    Copyright 2008-2015                     ****
****           David Alexander, Suyash Shringarpure,            ****
****                John  Novembre, Ken Lange                   ****
****                                                            ****
****                 Please cite our paper!                     ****
****   Information at www.genetics.ucla.edu/software/admixture  ****

Parallel execution requested.  Will use 8 threads.
Cross-validation will be performed.  Folds=10.
Random seed: 43
Point estimation method: Block relaxation algorithm
Convergence acceleration algorithm: QuasiNewton, 3 secant conditions
Point estimation will terminate at 100 iterations
Estimation of standard errors disabled; will compute point estimates only.
Size of G: 98x940
Performing five EM steps to prime main algorithm
1 (EM) 	Elapsed: 0.012	Loglikelihood: -48725.2	(delta): 80858.2
2 (EM) 	Elapsed: 0.012	Loglikelihood: -45632.7	(delta): 3092.58
3 (EM) 	Elapsed: 0.013	Loglikelihood: -44996.1	(delta): 636.609
4 (EM) 	Elapsed: 0.012	Loglikelihood: -44591.9	(delta): 404.119
5 (EM) 	Elapsed: 0.012	Loglikelihood: -44264.5	(delta): 327.419
Initial loglikelihood: -44264.5
Starting main algorithm
1 (QN/Block) 	Elapsed: 0.025	Loglikelihood: -39389.2	(delta): 4875.29
2 (QN/Block) 	Elapsed: 0.021	Loglikelihood: -38403.4	(delta): 985.78
3 (QN/Block) 	Elapsed: 0.022	Loglikelihood: -37969.7	(delta): 433.719
4 (QN/Block) 	Elapsed: 0.02	Loglikelihood: -37751.4	(delta): 218.33
5 (QN/Block) 	Elapsed: 0.02	Loglikelihood: -37650	(delta): 101.344
6 (QN/Block) 	Elapsed: 0.019	Loglikelihood: -37571.1	(delta): 78.9465
7 (QN/Block) 	Elapsed: 0.02	Loglikelihood: -37533.6	(delta): 37.4585
8 (QN/Block) 	Elapsed: 0.021	Loglikelihood: -37506.1	(delta): 27.5063
9 (QN/Block) 	Elapsed: 0.023	Loglikelihood: -37485.1	(delta): 20.9898
10 (QN/Block) 	Elapsed: 0.025	Loglikelihood: -37474.8	(delta): 10.308
11 (QN/Block) 	Elapsed: 0.025	Loglikelihood: -37466.7	(delta): 8.13718
12 (QN/Block) 	Elapsed: 0.024	Loglikelihood: -37457.3	(delta): 9.42131
13 (QN/Block) 	Elapsed: 0.024	Loglikelihood: -37452.6	(delta): 4.66397
14 (QN/Block) 	Elapsed: 0.026	Loglikelihood: -37447.2	(delta): 5.37784
15 (QN/Block) 	Elapsed: 0.025	Loglikelihood: -37441.7	(delta): 5.56354
16 (QN/Block) 	Elapsed: 0.029	Loglikelihood: -37434.4	(delta): 7.26395
17 (QN/Block) 	Elapsed: 0.027	Loglikelihood: -37429.8	(delta): 4.61011
18 (QN/Block) 	Elapsed: 0.028	Loglikelihood: -37424.2	(delta): 5.56993
19 (QN/Block) 	Elapsed: 0.026	Loglikelihood: -37420.2	(delta): 4.04205
20 (QN/Block) 	Elapsed: 0.026	Loglikelihood: -37418.4	(delta): 1.80529
21 (QN/Block) 	Elapsed: 0.026	Loglikelihood: -37417.9	(delta): 0.526137
22 (QN/Block) 	Elapsed: 0.023	Loglikelihood: -37417.7	(delta): 0.202631
23 (QN/Block) 	Elapsed: 0.025	Loglikelihood: -37417.3	(delta): 0.319185
24 (QN/Block) 	Elapsed: 0.028	Loglikelihood: -37416.8	(delta): 0.579974
25 (QN/Block) 	Elapsed: 0.034	Loglikelihood: -37415.7	(delta): 1.10285
26 (QN/Block) 	Elapsed: 0.028	Loglikelihood: -37415.1	(delta): 0.558912
27 (QN/Block) 	Elapsed: 0.028	Loglikelihood: -37414.9	(delta): 0.183825
28 (QN/Block) 	Elapsed: 0.026	Loglikelihood: -37414.9	(delta): 0.0552893
29 (QN/Block) 	Elapsed: 0.027	Loglikelihood: -37414.8	(delta): 0.0310815
30 (QN/Block) 	Elapsed: 0.024	Loglikelihood: -37414.1	(delta): 0.679718
31 (QN/Block) 	Elapsed: 0.022	Loglikelihood: -37414.1	(delta): 0.0731087
32 (QN/Block) 	Elapsed: 0.025	Loglikelihood: -37414.1	(delta): 0.0106968
33 (QN/Block) 	Elapsed: 0.027	Loglikelihood: -37414.1	(delta): 0.00126115
34 (QN/Block) 	Elapsed: 0.023	Loglikelihood: -37414.1	(delta): 0.000121964
35 (QN/Block) 	Elapsed: 0.028	Loglikelihood: -37414.1	(delta): 5.05997e-05
36 (QN/Block) 	Elapsed: 0.023	Loglikelihood: -37414.1	(delta): 7.65864e-06
37 (QN/Block) 	Elapsed: 0.025	Loglikelihood: -37414.1	(delta): 4.02128e-07
38 (QN/Block) 	Elapsed: 0.025	Loglikelihood: -37414.1	(delta): 8.39136e-08
39 (QN/Block) 	Elapsed: 0.026	Loglikelihood: -37414.1	(delta): 1.56288e-08
40 (QN/Block) 	Elapsed: 0.023	Loglikelihood: -37414.1	(delta): 5.89353e-10
41 (QN/Block) 	Elapsed: 0.023	Loglikelihood: -37414.1	(delta): 1.45519e-11
42 (QN/Block) 	Elapsed: 0.025	Loglikelihood: -37414.1	(delta): 0
43 (QN/Block) 	Elapsed: 0.025	Loglikelihood: -37414.1	(delta): 0
44 (QN/Block) 	Elapsed: 0.025	Loglikelihood: -37414.1	(delta): 0
45 (QN/Block) 	Elapsed: 0.025	Loglikelihood: -37414.1	(delta): 0
46 (QN/Block) 	Elapsed: 0.027	Loglikelihood: -37414.1	(delta): 0
47 (QN/Block) 	Elapsed: 0.028	Loglikelihood: -37414.1	(delta): 7.27596e-12
48 (QN/Block) 	Elapsed: 0.028	Loglikelihood: -37414.1	(delta): 0
49 (QN/Block) 	Elapsed: 0.029	Loglikelihood: -37414.1	(delta): -7.27596e-12
50 (QN/Block) 	Elapsed: 0.029	Loglikelihood: -37414.1	(delta): -7.27596e-12
51 (QN/Block) 	Elapsed: 0.029	Loglikelihood: -37414.1	(delta): 7.27596e-12
52 (QN/Block) 	Elapsed: 0.028	Loglikelihood: -37414.1	(delta): 0
53 (QN/Block) 	Elapsed: 0.038	Loglikelihood: -37414.1	(delta): 0
54 (QN/Block) 	Elapsed: 0.033	Loglikelihood: -37414.1	(delta): 0
55 (QN/Block) 	Elapsed: 0.038	Loglikelihood: -37414.1	(delta): 0
56 (QN/Block) 	Elapsed: 0.032	Loglikelihood: -37414.1	(delta): 7.27596e-12
57 (QN/Block) 	Elapsed: 0.03	Loglikelihood: -37414.1	(delta): 0
58 (QN/Block) 	Elapsed: 0.03	Loglikelihood: -37414.1	(delta): 0
59 (QN/Block) 	Elapsed: 0.028	Loglikelihood: -37414.1	(delta): -7.27596e-12
60 (QN/Block) 	Elapsed: 0.029	Loglikelihood: -37414.1	(delta): -7.27596e-12
61 (QN/Block) 	Elapsed: 0.027	Loglikelihood: -37414.1	(delta): 7.27596e-12
62 (QN/Block) 	Elapsed: 0.027	Loglikelihood: -37414.1	(delta): 0
63 (QN/Block) 	Elapsed: 0.032	Loglikelihood: -37414.1	(delta): 0
64 (QN/Block) 	Elapsed: 0.029	Loglikelihood: -37414.1	(delta): -7.27596e-12
65 (QN/Block) 	Elapsed: 0.028	Loglikelihood: -37414.1	(delta): 7.27596e-12
66 (QN/Block) 	Elapsed: 0.028	Loglikelihood: -37414.1	(delta): 0
67 (QN/Block) 	Elapsed: 0.028	Loglikelihood: -37414.1	(delta): 0
68 (QN/Block) 	Elapsed: 0.029	Loglikelihood: -37414.1	(delta): 0
69 (QN/Block) 	Elapsed: 0.027	Loglikelihood: -37414.1	(delta): 0
70 (QN/Block) 	Elapsed: 0.03	Loglikelihood: -37414.1	(delta): -7.27596e-12
71 (QN/Block) 	Elapsed: 0.028	Loglikelihood: -37414.1	(delta): 1.45519e-11
72 (QN/Block) 	Elapsed: 0.03	Loglikelihood: -37414.1	(delta): 0
73 (QN/Block) 	Elapsed: 0.026	Loglikelihood: -37414.1	(delta): -7.27596e-12
74 (QN/Block) 	Elapsed: 0.027	Loglikelihood: -37414.1	(delta): -7.27596e-12
75 (QN/Block) 	Elapsed: 0.029	Loglikelihood: -37414.1	(delta): 7.27596e-12
76 (QN/Block) 	Elapsed: 0.029	Loglikelihood: -37414.1	(delta): 0
77 (QN/Block) 	Elapsed: 0.027	Loglikelihood: -37414.1	(delta): 0
78 (QN/Block) 	Elapsed: 0.025	Loglikelihood: -37414.1	(delta): 0
79 (QN/Block) 	Elapsed: 0.027	Loglikelihood: -37414.1	(delta): -7.27596e-12
80 (QN/Block) 	Elapsed: 0.028	Loglikelihood: -37414.1	(delta): 7.27596e-12
81 (QN/Block) 	Elapsed: 0.025	Loglikelihood: -37414.1	(delta): 0
82 (QN/Block) 	Elapsed: 0.027	Loglikelihood: -37414.1	(delta): 0
83 (QN/Block) 	Elapsed: 0.026	Loglikelihood: -37414.1	(delta): 0
84 (QN/Block) 	Elapsed: 0.028	Loglikelihood: -37414.1	(delta): 0
85 (QN/Block) 	Elapsed: 0.028	Loglikelihood: -37414.1	(delta): 7.27596e-12
86 (QN/Block) 	Elapsed: 0.029	Loglikelihood: -37414.1	(delta): -7.27596e-12
87 (QN/Block) 	Elapsed: 0.025	Loglikelihood: -37414.1	(delta): 7.27596e-12
88 (QN/Block) 	Elapsed: 0.027	Loglikelihood: -37414.1	(delta): -7.27596e-12
89 (QN/Block) 	Elapsed: 0.026	Loglikelihood: -37414.1	(delta): 0
90 (QN/Block) 	Elapsed: 0.028	Loglikelihood: -37414.1	(delta): 0
91 (QN/Block) 	Elapsed: 0.026	Loglikelihood: -37414.1	(delta): -7.27596e-12
92 (QN/Block) 	Elapsed: 0.028	Loglikelihood: -37414.1	(delta): 7.27596e-12
93 (QN/Block) 	Elapsed: 0.024	Loglikelihood: -37414.1	(delta): 0
94 (QN/Block) 	Elapsed: 0.028	Loglikelihood: -37414.1	(delta): 0
95 (QN/Block) 	Elapsed: 0.027	Loglikelihood: -37414.1	(delta): 0
96 (QN/Block) 	Elapsed: 0.036	Loglikelihood: -37414.1	(delta): 0
97 (QN/Block) 	Elapsed: 0.029	Loglikelihood: -37414.1	(delta): 0
98 (QN/Block) 	Elapsed: 0.029	Loglikelihood: -37414.1	(delta): 0
99 (QN/Block) 	Elapsed: 0.026	Loglikelihood: -37414.1	(delta): 0
100 (QN/Block) 	Elapsed: 0.029	Loglikelihood: -37414.1	(delta): 0
Summary: 
Converged in 100 iterations (2.855 sec)
Loglikelihood: -37414.057339
Fst divergences between estimated populations: 
	Pop0	Pop1	Pop2	Pop3	Pop4	Pop5	Pop6	
Pop0	
Pop1	0.088	
Pop2	0.089	0.101	
Pop3	0.083	0.090	0.101	
Pop4	0.204	0.210	0.210	0.210	
Pop5	0.079	0.096	0.091	0.092	0.213	
Pop6	0.218	0.226	0.227	0.218	0.099	0.231	
Pop7	0.216	0.225	0.230	0.227	0.096	0.228	0.111	
CV error (K=8): 0.41644
Writing output files.
