****                   ADMIXTURE Version 1.3.0                  ****
****                    Copyright 2008-2015                     ****
****           David Alexander, Suyash Shringarpure,            ****
****                John  Novembre, Ken Lange                   ****
****                                                            ****
****                 Please cite our paper!                     ****
****   Information at www.genetics.ucla.edu/software/admixture  ****

Parallel execution requested.  Will use 8 threads.
Cross-validation will be performed.  Folds=10.
Random seed: 43
Point estimation method: Block relaxation algorithm
Convergence acceleration algorithm: QuasiNewton, 3 secant conditions
Point estimation will terminate at 100 iterations
Estimation of standard errors disabled; will compute point estimates only.
Size of G: 98x954
Performing five EM steps to prime main algorithm
1 (EM) 	Elapsed: 0.01	Loglikelihood: -20494.4	(delta): 112535
2 (EM) 	Elapsed: 0.009	Loglikelihood: -19195.5	(delta): 1298.95
3 (EM) 	Elapsed: 0.009	Loglikelihood: -18925.9	(delta): 269.628
4 (EM) 	Elapsed: 0.01	Loglikelihood: -18764	(delta): 161.883
5 (EM) 	Elapsed: 0.01	Loglikelihood: -18641.1	(delta): 122.863
Initial loglikelihood: -18641.1
Starting main algorithm
1 (QN/Block) 	Elapsed: 0.023	Loglikelihood: -16543.5	(delta): 2097.6
2 (QN/Block) 	Elapsed: 0.017	Loglikelihood: -16059.3	(delta): 484.232
3 (QN/Block) 	Elapsed: 0.018	Loglikelihood: -15885.5	(delta): 173.777
4 (QN/Block) 	Elapsed: 0.018	Loglikelihood: -15776.6	(delta): 108.865
5 (QN/Block) 	Elapsed: 0.016	Loglikelihood: -15712.4	(delta): 64.2536
6 (QN/Block) 	Elapsed: 0.019	Loglikelihood: -15689.6	(delta): 22.7873
7 (QN/Block) 	Elapsed: 0.017	Loglikelihood: -15679.6	(delta): 10.0238
8 (QN/Block) 	Elapsed: 0.016	Loglikelihood: -15670.6	(delta): 9.01337
9 (QN/Block) 	Elapsed: 0.018	Loglikelihood: -15663.6	(delta): 6.97432
10 (QN/Block) 	Elapsed: 0.016	Loglikelihood: -15656.9	(delta): 6.71226
11 (QN/Block) 	Elapsed: 0.018	Loglikelihood: -15650.2	(delta): 6.69673
12 (QN/Block) 	Elapsed: 0.02	Loglikelihood: -15641.9	(delta): 8.27251
13 (QN/Block) 	Elapsed: 0.022	Loglikelihood: -15635.3	(delta): 6.6229
14 (QN/Block) 	Elapsed: 0.021	Loglikelihood: -15631.8	(delta): 3.48861
15 (QN/Block) 	Elapsed: 0.022	Loglikelihood: -15628	(delta): 3.80144
16 (QN/Block) 	Elapsed: 0.018	Loglikelihood: -15624.4	(delta): 3.57275
17 (QN/Block) 	Elapsed: 0.02	Loglikelihood: -15622.3	(delta): 2.08271
18 (QN/Block) 	Elapsed: 0.019	Loglikelihood: -15621.7	(delta): 0.667957
19 (QN/Block) 	Elapsed: 0.022	Loglikelihood: -15621.2	(delta): 0.480024
20 (QN/Block) 	Elapsed: 0.022	Loglikelihood: -15620.7	(delta): 0.440711
21 (QN/Block) 	Elapsed: 0.02	Loglikelihood: -15620.4	(delta): 0.352045
22 (QN/Block) 	Elapsed: 0.021	Loglikelihood: -15619	(delta): 1.40868
23 (QN/Block) 	Elapsed: 0.023	Loglikelihood: -15614.2	(delta): 4.83275
24 (QN/Block) 	Elapsed: 0.025	Loglikelihood: -15612.3	(delta): 1.85927
25 (QN/Block) 	Elapsed: 0.022	Loglikelihood: -15611.5	(delta): 0.810623
26 (QN/Block) 	Elapsed: 0.02	Loglikelihood: -15610.9	(delta): 0.536961
27 (QN/Block) 	Elapsed: 0.019	Loglikelihood: -15610.4	(delta): 0.555495
28 (QN/Block) 	Elapsed: 0.02	Loglikelihood: -15610.2	(delta): 0.164433
29 (QN/Block) 	Elapsed: 0.023	Loglikelihood: -15610.1	(delta): 0.0918756
30 (QN/Block) 	Elapsed: 0.022	Loglikelihood: -15609.9	(delta): 0.209817
31 (QN/Block) 	Elapsed: 0.02	Loglikelihood: -15609	(delta): 0.936824
32 (QN/Block) 	Elapsed: 0.019	Loglikelihood: -15608.2	(delta): 0.756993
33 (QN/Block) 	Elapsed: 0.021	Loglikelihood: -15607.9	(delta): 0.286373
34 (QN/Block) 	Elapsed: 0.02	Loglikelihood: -15607.9	(delta): 0.0107401
35 (QN/Block) 	Elapsed: 0.021	Loglikelihood: -15607.9	(delta): 0.00802733
36 (QN/Block) 	Elapsed: 0.02	Loglikelihood: -15607.9	(delta): 0.00386173
37 (QN/Block) 	Elapsed: 0.019	Loglikelihood: -15607.9	(delta): 0.00358463
38 (QN/Block) 	Elapsed: 0.021	Loglikelihood: -15607.9	(delta): 0.00122576
39 (QN/Block) 	Elapsed: 0.02	Loglikelihood: -15607.9	(delta): 0.000318305
40 (QN/Block) 	Elapsed: 0.018	Loglikelihood: -15607.9	(delta): 0.000177002
41 (QN/Block) 	Elapsed: 0.02	Loglikelihood: -15607.9	(delta): 0.000126422
42 (QN/Block) 	Elapsed: 0.021	Loglikelihood: -15607.9	(delta): 4.09357e-05
43 (QN/Block) 	Elapsed: 0.021	Loglikelihood: -15607.9	(delta): 5.95165e-05
44 (QN/Block) 	Elapsed: 0.021	Loglikelihood: -15607.9	(delta): 0.000390218
45 (QN/Block) 	Elapsed: 0.022	Loglikelihood: -15607.9	(delta): 8.40501e-05
46 (QN/Block) 	Elapsed: 0.02	Loglikelihood: -15607.9	(delta): 0.000220149
47 (QN/Block) 	Elapsed: 0.025	Loglikelihood: -15607.9	(delta): 8.09821e-05
48 (QN/Block) 	Elapsed: 0.022	Loglikelihood: -15607.9	(delta): 6.30315e-05
49 (QN/Block) 	Elapsed: 0.021	Loglikelihood: -15607.9	(delta): 3.30157e-05
50 (QN/Block) 	Elapsed: 0.02	Loglikelihood: -15607.9	(delta): 1.91974e-05
51 (QN/Block) 	Elapsed: 0.018	Loglikelihood: -15607.9	(delta): 4.54034e-06
52 (QN/Block) 	Elapsed: 0.021	Loglikelihood: -15607.9	(delta): 2.17155e-07
53 (QN/Block) 	Elapsed: 0.02	Loglikelihood: -15607.9	(delta): 1.83772e-08
54 (QN/Block) 	Elapsed: 0.019	Loglikelihood: -15607.9	(delta): 3.20415e-08
55 (QN/Block) 	Elapsed: 0.02	Loglikelihood: -15607.9	(delta): 5.63341e-09
56 (QN/Block) 	Elapsed: 0.02	Loglikelihood: -15607.9	(delta): 2.03727e-10
57 (QN/Block) 	Elapsed: 0.021	Loglikelihood: -15607.9	(delta): 7.63976e-11
58 (QN/Block) 	Elapsed: 0.022	Loglikelihood: -15607.9	(delta): 1.27329e-11
59 (QN/Block) 	Elapsed: 0.022	Loglikelihood: -15607.9	(delta): 3.63798e-12
60 (QN/Block) 	Elapsed: 0.024	Loglikelihood: -15607.9	(delta): 1.81899e-12
61 (QN/Block) 	Elapsed: 0.022	Loglikelihood: -15607.9	(delta): -3.63798e-12
62 (QN/Block) 	Elapsed: 0.023	Loglikelihood: -15607.9	(delta): 7.27596e-12
63 (QN/Block) 	Elapsed: 0.022	Loglikelihood: -15607.9	(delta): -1.81899e-12
64 (QN/Block) 	Elapsed: 0.021	Loglikelihood: -15607.9	(delta): -1.81899e-12
65 (QN/Block) 	Elapsed: 0.02	Loglikelihood: -15607.9	(delta): 1.81899e-12
66 (QN/Block) 	Elapsed: 0.022	Loglikelihood: -15607.9	(delta): 1.81899e-12
67 (QN/Block) 	Elapsed: 0.023	Loglikelihood: -15607.9	(delta): 1.81899e-12
68 (QN/Block) 	Elapsed: 0.021	Loglikelihood: -15607.9	(delta): 0
69 (QN/Block) 	Elapsed: 0.021	Loglikelihood: -15607.9	(delta): 0
70 (QN/Block) 	Elapsed: 0.021	Loglikelihood: -15607.9	(delta): -1.81899e-12
71 (QN/Block) 	Elapsed: 0.021	Loglikelihood: -15607.9	(delta): 1.81899e-12
72 (QN/Block) 	Elapsed: 0.022	Loglikelihood: -15607.9	(delta): 1.81899e-12
73 (QN/Block) 	Elapsed: 0.019	Loglikelihood: -15607.9	(delta): -1.81899e-12
74 (QN/Block) 	Elapsed: 0.02	Loglikelihood: -15607.9	(delta): -1.81899e-12
75 (QN/Block) 	Elapsed: 0.023	Loglikelihood: -15607.9	(delta): 5.45697e-12
76 (QN/Block) 	Elapsed: 0.024	Loglikelihood: -15607.9	(delta): -7.27596e-12
77 (QN/Block) 	Elapsed: 0.02	Loglikelihood: -15607.9	(delta): 5.45697e-12
78 (QN/Block) 	Elapsed: 0.022	Loglikelihood: -15607.9	(delta): -3.63798e-12
79 (QN/Block) 	Elapsed: 0.02	Loglikelihood: -15607.9	(delta): 1.81899e-12
80 (QN/Block) 	Elapsed: 0.021	Loglikelihood: -15607.9	(delta): 3.63798e-12
81 (QN/Block) 	Elapsed: 0.02	Loglikelihood: -15607.9	(delta): -1.81899e-12
82 (QN/Block) 	Elapsed: 0.021	Loglikelihood: -15607.9	(delta): 0
83 (QN/Block) 	Elapsed: 0.022	Loglikelihood: -15607.9	(delta): 1.81899e-12
84 (QN/Block) 	Elapsed: 0.023	Loglikelihood: -15607.9	(delta): -5.45697e-12
85 (QN/Block) 	Elapsed: 0.023	Loglikelihood: -15607.9	(delta): 7.27596e-12
86 (QN/Block) 	Elapsed: 0.022	Loglikelihood: -15607.9	(delta): -5.45697e-12
87 (QN/Block) 	Elapsed: 0.02	Loglikelihood: -15607.9	(delta): 5.45697e-12
88 (QN/Block) 	Elapsed: 0.021	Loglikelihood: -15607.9	(delta): -1.81899e-12
89 (QN/Block) 	Elapsed: 0.019	Loglikelihood: -15607.9	(delta): -1.81899e-12
90 (QN/Block) 	Elapsed: 0.021	Loglikelihood: -15607.9	(delta): 0
91 (QN/Block) 	Elapsed: 0.021	Loglikelihood: -15607.9	(delta): 1.81899e-12
92 (QN/Block) 	Elapsed: 0.023	Loglikelihood: -15607.9	(delta): 0
93 (QN/Block) 	Elapsed: 0.025	Loglikelihood: -15607.9	(delta): -1.81899e-12
94 (QN/Block) 	Elapsed: 0.025	Loglikelihood: -15607.9	(delta): 0
95 (QN/Block) 	Elapsed: 0.023	Loglikelihood: -15607.9	(delta): -1.81899e-12
96 (QN/Block) 	Elapsed: 0.022	Loglikelihood: -15607.9	(delta): 1.81899e-12
97 (QN/Block) 	Elapsed: 0.022	Loglikelihood: -15607.9	(delta): 0
98 (QN/Block) 	Elapsed: 0.021	Loglikelihood: -15607.9	(delta): 0
99 (QN/Block) 	Elapsed: 0.02	Loglikelihood: -15607.9	(delta): 0
100 (QN/Block) 	Elapsed: 0.021	Loglikelihood: -15607.9	(delta): 3.63798e-12
Summary: 
Converged in 100 iterations (2.23 sec)
Loglikelihood: -15607.913108
Fst divergences between estimated populations: 
	Pop0	Pop1	Pop2	Pop3	Pop4	Pop5	
Pop0	
Pop1	0.143	
Pop2	0.250	0.244	
Pop3	0.291	0.287	0.183	
Pop4	0.108	0.143	0.229	0.270	
Pop5	0.247	0.242	0.121	0.170	0.235	
Pop6	0.129	0.143	0.237	0.274	0.131	0.235	
CV error (K=7): 0.16333
Writing output files.
