****                   ADMIXTURE Version 1.3.0                  ****
****                    Copyright 2008-2015                     ****
****           David Alexander, Suyash Shringarpure,            ****
****                John  Novembre, Ken Lange                   ****
****                                                            ****
****                 Please cite our paper!                     ****
****   Information at www.genetics.ucla.edu/software/admixture  ****

Parallel execution requested.  Will use 8 threads.
Cross-validation will be performed.  Folds=10.
Random seed: 43
Point estimation method: Block relaxation algorithm
Convergence acceleration algorithm: QuasiNewton, 3 secant conditions
Point estimation will terminate at 100 iterations
Estimation of standard errors disabled; will compute point estimates only.
Size of G: 98x954
Performing five EM steps to prime main algorithm
1 (EM) 	Elapsed: 0.006	Loglikelihood: -20587.8	(delta): 115276
2 (EM) 	Elapsed: 0.007	Loglikelihood: -19233.8	(delta): 1354.07
3 (EM) 	Elapsed: 0.007	Loglikelihood: -18962.1	(delta): 271.633
4 (EM) 	Elapsed: 0.007	Loglikelihood: -18818.8	(delta): 143.356
5 (EM) 	Elapsed: 0.007	Loglikelihood: -18719.6	(delta): 99.1417
Initial loglikelihood: -18719.6
Starting main algorithm
1 (QN/Block) 	Elapsed: 0.015	Loglikelihood: -16905.4	(delta): 1814.19
2 (QN/Block) 	Elapsed: 0.015	Loglikelihood: -16438.4	(delta): 466.995
3 (QN/Block) 	Elapsed: 0.017	Loglikelihood: -16275.2	(delta): 163.295
4 (QN/Block) 	Elapsed: 0.015	Loglikelihood: -16189	(delta): 86.1762
5 (QN/Block) 	Elapsed: 0.014	Loglikelihood: -16147.5	(delta): 41.4727
6 (QN/Block) 	Elapsed: 0.013	Loglikelihood: -16123.7	(delta): 23.808
7 (QN/Block) 	Elapsed: 0.015	Loglikelihood: -16106.1	(delta): 17.5929
8 (QN/Block) 	Elapsed: 0.013	Loglikelihood: -16100.7	(delta): 5.40738
9 (QN/Block) 	Elapsed: 0.014	Loglikelihood: -16096.3	(delta): 4.39998
10 (QN/Block) 	Elapsed: 0.014	Loglikelihood: -16092.9	(delta): 3.43339
11 (QN/Block) 	Elapsed: 0.014	Loglikelihood: -16090.3	(delta): 2.6101
12 (QN/Block) 	Elapsed: 0.015	Loglikelihood: -16086.6	(delta): 3.64867
13 (QN/Block) 	Elapsed: 0.016	Loglikelihood: -16083.5	(delta): 3.07812
14 (QN/Block) 	Elapsed: 0.017	Loglikelihood: -16082.8	(delta): 0.686843
15 (QN/Block) 	Elapsed: 0.018	Loglikelihood: -16082.4	(delta): 0.405209
16 (QN/Block) 	Elapsed: 0.018	Loglikelihood: -16082.1	(delta): 0.370464
17 (QN/Block) 	Elapsed: 0.016	Loglikelihood: -16081.9	(delta): 0.16977
18 (QN/Block) 	Elapsed: 0.021	Loglikelihood: -16081.9	(delta): 0.0389663
19 (QN/Block) 	Elapsed: 0.018	Loglikelihood: -16081.8	(delta): 0.027531
20 (QN/Block) 	Elapsed: 0.018	Loglikelihood: -16081.8	(delta): 0.0446695
21 (QN/Block) 	Elapsed: 0.018	Loglikelihood: -16081.7	(delta): 0.0607546
22 (QN/Block) 	Elapsed: 0.015	Loglikelihood: -16081.7	(delta): 0.0143596
23 (QN/Block) 	Elapsed: 0.018	Loglikelihood: -16081.7	(delta): 0.0326539
24 (QN/Block) 	Elapsed: 0.016	Loglikelihood: -16081.6	(delta): 0.0429519
25 (QN/Block) 	Elapsed: 0.018	Loglikelihood: -16081.6	(delta): 0.0390341
26 (QN/Block) 	Elapsed: 0.018	Loglikelihood: -16081.5	(delta): 0.0447743
27 (QN/Block) 	Elapsed: 0.016	Loglikelihood: -16081	(delta): 0.582588
28 (QN/Block) 	Elapsed: 0.017	Loglikelihood: -16080.8	(delta): 0.208241
29 (QN/Block) 	Elapsed: 0.017	Loglikelihood: -16080.4	(delta): 0.330277
30 (QN/Block) 	Elapsed: 0.016	Loglikelihood: -16080	(delta): 0.39205
31 (QN/Block) 	Elapsed: 0.019	Loglikelihood: -16079.3	(delta): 0.776431
32 (QN/Block) 	Elapsed: 0.017	Loglikelihood: -16078.4	(delta): 0.882545
33 (QN/Block) 	Elapsed: 0.017	Loglikelihood: -16077.6	(delta): 0.772199
34 (QN/Block) 	Elapsed: 0.016	Loglikelihood: -16076.9	(delta): 0.683411
35 (QN/Block) 	Elapsed: 0.017	Loglikelihood: -16076.5	(delta): 0.378421
36 (QN/Block) 	Elapsed: 0.018	Loglikelihood: -16076	(delta): 0.559596
37 (QN/Block) 	Elapsed: 0.019	Loglikelihood: -16075.4	(delta): 0.627491
38 (QN/Block) 	Elapsed: 0.017	Loglikelihood: -16074.8	(delta): 0.567819
39 (QN/Block) 	Elapsed: 0.015	Loglikelihood: -16074.6	(delta): 0.212033
40 (QN/Block) 	Elapsed: 0.016	Loglikelihood: -16074.2	(delta): 0.379664
41 (QN/Block) 	Elapsed: 0.016	Loglikelihood: -16074	(delta): 0.160307
42 (QN/Block) 	Elapsed: 0.016	Loglikelihood: -16073.9	(delta): 0.134312
43 (QN/Block) 	Elapsed: 0.017	Loglikelihood: -16073.7	(delta): 0.154763
44 (QN/Block) 	Elapsed: 0.017	Loglikelihood: -16073.6	(delta): 0.192269
45 (QN/Block) 	Elapsed: 0.016	Loglikelihood: -16073.4	(delta): 0.19235
46 (QN/Block) 	Elapsed: 0.017	Loglikelihood: -16073.3	(delta): 0.0927503
47 (QN/Block) 	Elapsed: 0.015	Loglikelihood: -16073.2	(delta): 0.0764488
48 (QN/Block) 	Elapsed: 0.014	Loglikelihood: -16073.2	(delta): 0.020893
49 (QN/Block) 	Elapsed: 0.016	Loglikelihood: -16073.1	(delta): 0.0704621
50 (QN/Block) 	Elapsed: 0.017	Loglikelihood: -16072.5	(delta): 0.6436
51 (QN/Block) 	Elapsed: 0.018	Loglikelihood: -16072.3	(delta): 0.145635
52 (QN/Block) 	Elapsed: 0.017	Loglikelihood: -16072	(delta): 0.270188
53 (QN/Block) 	Elapsed: 0.015	Loglikelihood: -16071.8	(delta): 0.201207
54 (QN/Block) 	Elapsed: 0.017	Loglikelihood: -16071.8	(delta): 0.0548167
55 (QN/Block) 	Elapsed: 0.016	Loglikelihood: -16071.7	(delta): 0.0497464
56 (QN/Block) 	Elapsed: 0.017	Loglikelihood: -16071.7	(delta): 0.0363497
57 (QN/Block) 	Elapsed: 0.017	Loglikelihood: -16071.7	(delta): 0.00473833
58 (QN/Block) 	Elapsed: 0.017	Loglikelihood: -16071.7	(delta): 0.00550694
59 (QN/Block) 	Elapsed: 0.015	Loglikelihood: -16071.7	(delta): 0.00118618
60 (QN/Block) 	Elapsed: 0.017	Loglikelihood: -16071.7	(delta): 0.000351688
61 (QN/Block) 	Elapsed: 0.015	Loglikelihood: -16071.7	(delta): 0.000148903
62 (QN/Block) 	Elapsed: 0.015	Loglikelihood: -16071.7	(delta): 8.15261e-06
63 (QN/Block) 	Elapsed: 0.015	Loglikelihood: -16071.7	(delta): 3.34507e-07
64 (QN/Block) 	Elapsed: 0.015	Loglikelihood: -16071.7	(delta): 3.03444e-08
65 (QN/Block) 	Elapsed: 0.015	Loglikelihood: -16071.7	(delta): 7.57791e-09
66 (QN/Block) 	Elapsed: 0.017	Loglikelihood: -16071.7	(delta): 3.6016e-09
67 (QN/Block) 	Elapsed: 0.017	Loglikelihood: -16071.7	(delta): 4.00178e-11
68 (QN/Block) 	Elapsed: 0.016	Loglikelihood: -16071.7	(delta): 5.45697e-12
69 (QN/Block) 	Elapsed: 0.02	Loglikelihood: -16071.7	(delta): 0
70 (QN/Block) 	Elapsed: 0.017	Loglikelihood: -16071.7	(delta): 3.63798e-12
71 (QN/Block) 	Elapsed: 0.017	Loglikelihood: -16071.7	(delta): 0
72 (QN/Block) 	Elapsed: 0.018	Loglikelihood: -16071.7	(delta): -1.81899e-12
73 (QN/Block) 	Elapsed: 0.017	Loglikelihood: -16071.7	(delta): 0
74 (QN/Block) 	Elapsed: 0.016	Loglikelihood: -16071.7	(delta): 1.81899e-12
75 (QN/Block) 	Elapsed: 0.017	Loglikelihood: -16071.7	(delta): -3.63798e-12
76 (QN/Block) 	Elapsed: 0.017	Loglikelihood: -16071.7	(delta): 3.63798e-12
77 (QN/Block) 	Elapsed: 0.017	Loglikelihood: -16071.7	(delta): 1.81899e-12
78 (QN/Block) 	Elapsed: 0.019	Loglikelihood: -16071.7	(delta): 0
79 (QN/Block) 	Elapsed: 0.016	Loglikelihood: -16071.7	(delta): -1.81899e-12
80 (QN/Block) 	Elapsed: 0.016	Loglikelihood: -16071.7	(delta): -1.81899e-12
81 (QN/Block) 	Elapsed: 0.017	Loglikelihood: -16071.7	(delta): 1.81899e-12
82 (QN/Block) 	Elapsed: 0.016	Loglikelihood: -16071.7	(delta): 0
83 (QN/Block) 	Elapsed: 0.017	Loglikelihood: -16071.7	(delta): -1.81899e-12
84 (QN/Block) 	Elapsed: 0.015	Loglikelihood: -16071.7	(delta): 0
85 (QN/Block) 	Elapsed: 0.018	Loglikelihood: -16071.7	(delta): 3.63798e-12
86 (QN/Block) 	Elapsed: 0.016	Loglikelihood: -16071.7	(delta): -1.81899e-12
87 (QN/Block) 	Elapsed: 0.018	Loglikelihood: -16071.7	(delta): -1.81899e-12
88 (QN/Block) 	Elapsed: 0.017	Loglikelihood: -16071.7	(delta): -1.81899e-12
89 (QN/Block) 	Elapsed: 0.016	Loglikelihood: -16071.7	(delta): 1.81899e-12
90 (QN/Block) 	Elapsed: 0.017	Loglikelihood: -16071.7	(delta): 1.81899e-12
91 (QN/Block) 	Elapsed: 0.017	Loglikelihood: -16071.7	(delta): 0
92 (QN/Block) 	Elapsed: 0.017	Loglikelihood: -16071.7	(delta): 0
93 (QN/Block) 	Elapsed: 0.017	Loglikelihood: -16071.7	(delta): -1.81899e-12
94 (QN/Block) 	Elapsed: 0.016	Loglikelihood: -16071.7	(delta): 0
95 (QN/Block) 	Elapsed: 0.018	Loglikelihood: -16071.7	(delta): 0
96 (QN/Block) 	Elapsed: 0.017	Loglikelihood: -16071.7	(delta): 0
97 (QN/Block) 	Elapsed: 0.017	Loglikelihood: -16071.7	(delta): -1.81899e-12
98 (QN/Block) 	Elapsed: 0.018	Loglikelihood: -16071.7	(delta): 1.81899e-12
99 (QN/Block) 	Elapsed: 0.016	Loglikelihood: -16071.7	(delta): 3.63798e-12
100 (QN/Block) 	Elapsed: 0.018	Loglikelihood: -16071.7	(delta): -5.45697e-12
Summary: 
Converged in 100 iterations (1.788 sec)
Loglikelihood: -16071.688698
Fst divergences between estimated populations: 
	Pop0	Pop1	Pop2	Pop3	
Pop0	
Pop1	0.223	
Pop2	0.120	0.215	
Pop3	0.214	0.075	0.215	
Pop4	0.115	0.227	0.101	0.222	
CV error (K=5): 0.14974
Writing output files.
