****                   ADMIXTURE Version 1.3.0                  ****
****                    Copyright 2008-2015                     ****
****           David Alexander, Suyash Shringarpure,            ****
****                John  Novembre, Ken Lange                   ****
****                                                            ****
****                 Please cite our paper!                     ****
****   Information at www.genetics.ucla.edu/software/admixture  ****

Parallel execution requested.  Will use 8 threads.
Cross-validation will be performed.  Folds=10.
Random seed: 43
Point estimation method: Block relaxation algorithm
Convergence acceleration algorithm: QuasiNewton, 3 secant conditions
Point estimation will terminate at 100 iterations
Estimation of standard errors disabled; will compute point estimates only.
Size of G: 121x1282
Performing five EM steps to prime main algorithm
1 (EM) 	Elapsed: 0.021	Loglikelihood: -107394	(delta): 104212
2 (EM) 	Elapsed: 0.021	Loglikelihood: -101995	(delta): 5398.31
3 (EM) 	Elapsed: 0.022	Loglikelihood: -100339	(delta): 1656.05
4 (EM) 	Elapsed: 0.022	Loglikelihood: -98780.3	(delta): 1558.89
5 (EM) 	Elapsed: 0.02	Loglikelihood: -96911.4	(delta): 1868.92
Initial loglikelihood: -96911.4
Starting main algorithm
1 (QN/Block) 	Elapsed: 0.041	Loglikelihood: -66235.9	(delta): 30675.5
2 (QN/Block) 	Elapsed: 0.041	Loglikelihood: -60620.3	(delta): 5615.57
3 (QN/Block) 	Elapsed: 0.041	Loglikelihood: -58174.3	(delta): 2446.04
4 (QN/Block) 	Elapsed: 0.04	Loglikelihood: -56674.7	(delta): 1499.52
5 (QN/Block) 	Elapsed: 0.038	Loglikelihood: -55963.1	(delta): 711.622
6 (QN/Block) 	Elapsed: 0.041	Loglikelihood: -55659.9	(delta): 303.216
7 (QN/Block) 	Elapsed: 0.04	Loglikelihood: -55536.8	(delta): 123.112
8 (QN/Block) 	Elapsed: 0.037	Loglikelihood: -55429.7	(delta): 107.13
9 (QN/Block) 	Elapsed: 0.04	Loglikelihood: -55358.3	(delta): 71.3543
10 (QN/Block) 	Elapsed: 0.038	Loglikelihood: -55317.2	(delta): 41.1294
11 (QN/Block) 	Elapsed: 0.033	Loglikelihood: -55294.8	(delta): 22.3717
12 (QN/Block) 	Elapsed: 0.032	Loglikelihood: -55277.1	(delta): 17.7244
13 (QN/Block) 	Elapsed: 0.043	Loglikelihood: -55266.6	(delta): 10.4356
14 (QN/Block) 	Elapsed: 0.043	Loglikelihood: -55260.3	(delta): 6.35706
15 (QN/Block) 	Elapsed: 0.042	Loglikelihood: -55259.2	(delta): 1.10848
16 (QN/Block) 	Elapsed: 0.043	Loglikelihood: -55258.2	(delta): 0.976159
17 (QN/Block) 	Elapsed: 0.042	Loglikelihood: -55258	(delta): 0.247507
18 (QN/Block) 	Elapsed: 0.041	Loglikelihood: -55257.9	(delta): 0.0658911
19 (QN/Block) 	Elapsed: 0.038	Loglikelihood: -55257.8	(delta): 0.10539
20 (QN/Block) 	Elapsed: 0.036	Loglikelihood: -55257.8	(delta): 0.0160618
21 (QN/Block) 	Elapsed: 0.036	Loglikelihood: -55257.8	(delta): 0.00244084
22 (QN/Block) 	Elapsed: 0.045	Loglikelihood: -55257.8	(delta): 0.000179298
23 (QN/Block) 	Elapsed: 0.04	Loglikelihood: -55257.8	(delta): 1.62991e-05
24 (QN/Block) 	Elapsed: 0.04	Loglikelihood: -55257.8	(delta): 3.30634e-07
25 (QN/Block) 	Elapsed: 0.042	Loglikelihood: -55257.8	(delta): 5.36966e-09
26 (QN/Block) 	Elapsed: 0.043	Loglikelihood: -55257.8	(delta): 1.01863e-10
27 (QN/Block) 	Elapsed: 0.039	Loglikelihood: -55257.8	(delta): 1.45519e-11
28 (QN/Block) 	Elapsed: 0.039	Loglikelihood: -55257.8	(delta): 7.27596e-12
29 (QN/Block) 	Elapsed: 0.041	Loglikelihood: -55257.8	(delta): 0
30 (QN/Block) 	Elapsed: 0.038	Loglikelihood: -55257.8	(delta): -2.18279e-11
31 (QN/Block) 	Elapsed: 0.042	Loglikelihood: -55257.8	(delta): 1.45519e-11
32 (QN/Block) 	Elapsed: 0.037	Loglikelihood: -55257.8	(delta): -7.27596e-12
33 (QN/Block) 	Elapsed: 0.039	Loglikelihood: -55257.8	(delta): 0
34 (QN/Block) 	Elapsed: 0.042	Loglikelihood: -55257.8	(delta): -7.27596e-12
35 (QN/Block) 	Elapsed: 0.04	Loglikelihood: -55257.8	(delta): 0
36 (QN/Block) 	Elapsed: 0.041	Loglikelihood: -55257.8	(delta): 0
37 (QN/Block) 	Elapsed: 0.037	Loglikelihood: -55257.8	(delta): 1.45519e-11
38 (QN/Block) 	Elapsed: 0.037	Loglikelihood: -55257.8	(delta): -2.18279e-11
39 (QN/Block) 	Elapsed: 0.046	Loglikelihood: -55257.8	(delta): 1.45519e-11
40 (QN/Block) 	Elapsed: 0.045	Loglikelihood: -55257.8	(delta): 7.27596e-12
41 (QN/Block) 	Elapsed: 0.045	Loglikelihood: -55257.8	(delta): -7.27596e-12
42 (QN/Block) 	Elapsed: 0.04	Loglikelihood: -55257.8	(delta): 7.27596e-12
43 (QN/Block) 	Elapsed: 0.038	Loglikelihood: -55257.8	(delta): 0
44 (QN/Block) 	Elapsed: 0.037	Loglikelihood: -55257.8	(delta): -7.27596e-12
45 (QN/Block) 	Elapsed: 0.043	Loglikelihood: -55257.8	(delta): 7.27596e-12
46 (QN/Block) 	Elapsed: 0.047	Loglikelihood: -55257.8	(delta): -1.45519e-11
47 (QN/Block) 	Elapsed: 0.046	Loglikelihood: -55257.8	(delta): 7.27596e-12
48 (QN/Block) 	Elapsed: 0.046	Loglikelihood: -55257.8	(delta): 1.45519e-11
49 (QN/Block) 	Elapsed: 0.045	Loglikelihood: -55257.8	(delta): 0
50 (QN/Block) 	Elapsed: 0.046	Loglikelihood: -55257.8	(delta): -7.27596e-12
51 (QN/Block) 	Elapsed: 0.043	Loglikelihood: -55257.8	(delta): 0
52 (QN/Block) 	Elapsed: 0.037	Loglikelihood: -55257.8	(delta): -7.27596e-12
53 (QN/Block) 	Elapsed: 0.037	Loglikelihood: -55257.8	(delta): 0
54 (QN/Block) 	Elapsed: 0.04	Loglikelihood: -55257.8	(delta): -7.27596e-12
55 (QN/Block) 	Elapsed: 0.037	Loglikelihood: -55257.8	(delta): -7.27596e-12
56 (QN/Block) 	Elapsed: 0.033	Loglikelihood: -55257.8	(delta): 1.45519e-11
57 (QN/Block) 	Elapsed: 0.031	Loglikelihood: -55257.8	(delta): 0
58 (QN/Block) 	Elapsed: 0.038	Loglikelihood: -55257.8	(delta): -7.27596e-12
59 (QN/Block) 	Elapsed: 0.041	Loglikelihood: -55257.8	(delta): -7.27596e-12
60 (QN/Block) 	Elapsed: 0.043	Loglikelihood: -55257.8	(delta): 1.45519e-11
61 (QN/Block) 	Elapsed: 0.042	Loglikelihood: -55257.8	(delta): -7.27596e-12
62 (QN/Block) 	Elapsed: 0.04	Loglikelihood: -55257.8	(delta): 1.45519e-11
63 (QN/Block) 	Elapsed: 0.044	Loglikelihood: -55257.8	(delta): 0
64 (QN/Block) 	Elapsed: 0.041	Loglikelihood: -55257.8	(delta): 0
65 (QN/Block) 	Elapsed: 0.036	Loglikelihood: -55257.8	(delta): 0
66 (QN/Block) 	Elapsed: 0.038	Loglikelihood: -55257.8	(delta): -7.27596e-12
67 (QN/Block) 	Elapsed: 0.038	Loglikelihood: -55257.8	(delta): 0
68 (QN/Block) 	Elapsed: 0.039	Loglikelihood: -55257.8	(delta): 7.27596e-12
69 (QN/Block) 	Elapsed: 0.043	Loglikelihood: -55257.8	(delta): 0
70 (QN/Block) 	Elapsed: 0.048	Loglikelihood: -55257.8	(delta): 0
71 (QN/Block) 	Elapsed: 0.045	Loglikelihood: -55257.8	(delta): 7.27596e-12
72 (QN/Block) 	Elapsed: 0.041	Loglikelihood: -55257.8	(delta): 0
73 (QN/Block) 	Elapsed: 0.039	Loglikelihood: -55257.8	(delta): -1.45519e-11
74 (QN/Block) 	Elapsed: 0.041	Loglikelihood: -55257.8	(delta): 7.27596e-12
75 (QN/Block) 	Elapsed: 0.041	Loglikelihood: -55257.8	(delta): -1.45519e-11
76 (QN/Block) 	Elapsed: 0.04	Loglikelihood: -55257.8	(delta): -7.27596e-12
77 (QN/Block) 	Elapsed: 0.041	Loglikelihood: -55257.8	(delta): 7.27596e-12
78 (QN/Block) 	Elapsed: 0.038	Loglikelihood: -55257.8	(delta): 7.27596e-12
79 (QN/Block) 	Elapsed: 0.041	Loglikelihood: -55257.8	(delta): 0
80 (QN/Block) 	Elapsed: 0.038	Loglikelihood: -55257.8	(delta): -7.27596e-12
81 (QN/Block) 	Elapsed: 0.037	Loglikelihood: -55257.8	(delta): 0
82 (QN/Block) 	Elapsed: 0.038	Loglikelihood: -55257.8	(delta): 0
83 (QN/Block) 	Elapsed: 0.045	Loglikelihood: -55257.8	(delta): 0
84 (QN/Block) 	Elapsed: 0.043	Loglikelihood: -55257.8	(delta): 0
85 (QN/Block) 	Elapsed: 0.044	Loglikelihood: -55257.8	(delta): 0
86 (QN/Block) 	Elapsed: 0.043	Loglikelihood: -55257.8	(delta): 0
87 (QN/Block) 	Elapsed: 0.043	Loglikelihood: -55257.8	(delta): 0
88 (QN/Block) 	Elapsed: 0.042	Loglikelihood: -55257.8	(delta): 0
89 (QN/Block) 	Elapsed: 0.042	Loglikelihood: -55257.8	(delta): 0
90 (QN/Block) 	Elapsed: 0.039	Loglikelihood: -55257.8	(delta): 0
91 (QN/Block) 	Elapsed: 0.035	Loglikelihood: -55257.8	(delta): 7.27596e-12
92 (QN/Block) 	Elapsed: 0.033	Loglikelihood: -55257.8	(delta): 0
93 (QN/Block) 	Elapsed: 0.041	Loglikelihood: -55257.8	(delta): 7.27596e-12
94 (QN/Block) 	Elapsed: 0.041	Loglikelihood: -55257.8	(delta): 0
95 (QN/Block) 	Elapsed: 0.047	Loglikelihood: -55257.8	(delta): -7.27596e-12
96 (QN/Block) 	Elapsed: 0.041	Loglikelihood: -55257.8	(delta): 1.45519e-11
97 (QN/Block) 	Elapsed: 0.04	Loglikelihood: -55257.8	(delta): 0
98 (QN/Block) 	Elapsed: 0.043	Loglikelihood: -55257.8	(delta): -1.45519e-11
99 (QN/Block) 	Elapsed: 0.044	Loglikelihood: -55257.8	(delta): 0
100 (QN/Block) 	Elapsed: 0.042	Loglikelihood: -55257.8	(delta): 0
Summary: 
Converged in 100 iterations (4.297 sec)
Loglikelihood: -55257.762533
Fst divergences between estimated populations: 
	Pop0	Pop1	Pop2	Pop3	Pop4	Pop5	Pop6	Pop7	
Pop0	
Pop1	0.634	
Pop2	0.609	0.326	
Pop3	0.519	0.458	0.422	
Pop4	0.627	0.306	0.222	0.445	
Pop5	0.594	0.307	0.231	0.407	0.212	
Pop6	0.189	0.621	0.600	0.507	0.617	0.585	
Pop7	0.218	0.609	0.584	0.492	0.602	0.570	0.170	
Pop8	0.545	0.502	0.473	0.240	0.494	0.458	0.528	0.517	
CV error (K=9): 0.47845
Writing output files.
