****                   ADMIXTURE Version 1.3.0                  ****
****                    Copyright 2008-2015                     ****
****           David Alexander, Suyash Shringarpure,            ****
****                John  Novembre, Ken Lange                   ****
****                                                            ****
****                 Please cite our paper!                     ****
****   Information at www.genetics.ucla.edu/software/admixture  ****

Parallel execution requested.  Will use 8 threads.
Cross-validation will be performed.  Folds=10.
Random seed: 43
Point estimation method: Block relaxation algorithm
Convergence acceleration algorithm: QuasiNewton, 3 secant conditions
Point estimation will terminate at 100 iterations
Estimation of standard errors disabled; will compute point estimates only.
Size of G: 121x1282
Performing five EM steps to prime main algorithm
1 (EM) 	Elapsed: 0.009	Loglikelihood: -107436	(delta): 120282
2 (EM) 	Elapsed: 0.008	Loglikelihood: -102351	(delta): 5084.99
3 (EM) 	Elapsed: 0.008	Loglikelihood: -100467	(delta): 1883.78
4 (EM) 	Elapsed: 0.009	Loglikelihood: -98737	(delta): 1730.27
5 (EM) 	Elapsed: 0.008	Loglikelihood: -96672	(delta): 2064.91
Initial loglikelihood: -96672
Starting main algorithm
1 (QN/Block) 	Elapsed: 0.017	Loglikelihood: -71016.2	(delta): 25655.8
2 (QN/Block) 	Elapsed: 0.018	Loglikelihood: -65280.9	(delta): 5735.3
3 (QN/Block) 	Elapsed: 0.018	Loglikelihood: -63182.8	(delta): 2098.11
4 (QN/Block) 	Elapsed: 0.018	Loglikelihood: -61939.8	(delta): 1242.99
5 (QN/Block) 	Elapsed: 0.018	Loglikelihood: -61432.8	(delta): 507.06
6 (QN/Block) 	Elapsed: 0.017	Loglikelihood: -61206.9	(delta): 225.834
7 (QN/Block) 	Elapsed: 0.019	Loglikelihood: -61160.6	(delta): 46.3647
8 (QN/Block) 	Elapsed: 0.019	Loglikelihood: -61157.9	(delta): 2.65317
9 (QN/Block) 	Elapsed: 0.022	Loglikelihood: -61157.4	(delta): 0.490519
10 (QN/Block) 	Elapsed: 0.024	Loglikelihood: -61157.1	(delta): 0.325066
11 (QN/Block) 	Elapsed: 0.021	Loglikelihood: -61156.5	(delta): 0.545338
12 (QN/Block) 	Elapsed: 0.022	Loglikelihood: -61156.1	(delta): 0.471042
13 (QN/Block) 	Elapsed: 0.02	Loglikelihood: -61155.9	(delta): 0.206587
14 (QN/Block) 	Elapsed: 0.022	Loglikelihood: -61155.8	(delta): 0.0585453
15 (QN/Block) 	Elapsed: 0.025	Loglikelihood: -61155.8	(delta): 0.00948662
16 (QN/Block) 	Elapsed: 0.028	Loglikelihood: -61155.8	(delta): 0.0106535
17 (QN/Block) 	Elapsed: 0.023	Loglikelihood: -61155.8	(delta): 0.00249776
18 (QN/Block) 	Elapsed: 0.024	Loglikelihood: -61155.8	(delta): 0.00121782
19 (QN/Block) 	Elapsed: 0.022	Loglikelihood: -61155.8	(delta): 0.00155957
20 (QN/Block) 	Elapsed: 0.021	Loglikelihood: -61155.8	(delta): 1.23214e-05
21 (QN/Block) 	Elapsed: 0.018	Loglikelihood: -61155.8	(delta): 1.74205e-06
22 (QN/Block) 	Elapsed: 0.02	Loglikelihood: -61155.8	(delta): 3.61324e-08
23 (QN/Block) 	Elapsed: 0.023	Loglikelihood: -61155.8	(delta): 2.54659e-09
24 (QN/Block) 	Elapsed: 0.023	Loglikelihood: -61155.8	(delta): 2.32831e-10
25 (QN/Block) 	Elapsed: 0.025	Loglikelihood: -61155.8	(delta): 2.91038e-11
26 (QN/Block) 	Elapsed: 0.023	Loglikelihood: -61155.8	(delta): -7.27596e-12
27 (QN/Block) 	Elapsed: 0.024	Loglikelihood: -61155.8	(delta): 0
28 (QN/Block) 	Elapsed: 0.026	Loglikelihood: -61155.8	(delta): -7.27596e-12
29 (QN/Block) 	Elapsed: 0.023	Loglikelihood: -61155.8	(delta): 7.27596e-12
30 (QN/Block) 	Elapsed: 0.026	Loglikelihood: -61155.8	(delta): 7.27596e-12
31 (QN/Block) 	Elapsed: 0.025	Loglikelihood: -61155.8	(delta): -7.27596e-12
32 (QN/Block) 	Elapsed: 0.023	Loglikelihood: -61155.8	(delta): 0
33 (QN/Block) 	Elapsed: 0.024	Loglikelihood: -61155.8	(delta): 0
34 (QN/Block) 	Elapsed: 0.022	Loglikelihood: -61155.8	(delta): 0
35 (QN/Block) 	Elapsed: 0.024	Loglikelihood: -61155.8	(delta): 7.27596e-12
36 (QN/Block) 	Elapsed: 0.023	Loglikelihood: -61155.8	(delta): -1.45519e-11
37 (QN/Block) 	Elapsed: 0.021	Loglikelihood: -61155.8	(delta): 1.45519e-11
38 (QN/Block) 	Elapsed: 0.02	Loglikelihood: -61155.8	(delta): -1.45519e-11
39 (QN/Block) 	Elapsed: 0.02	Loglikelihood: -61155.8	(delta): 7.27596e-12
40 (QN/Block) 	Elapsed: 0.021	Loglikelihood: -61155.8	(delta): -7.27596e-12
41 (QN/Block) 	Elapsed: 0.023	Loglikelihood: -61155.8	(delta): 7.27596e-12
42 (QN/Block) 	Elapsed: 0.025	Loglikelihood: -61155.8	(delta): 0
43 (QN/Block) 	Elapsed: 0.024	Loglikelihood: -61155.8	(delta): 7.27596e-12
44 (QN/Block) 	Elapsed: 0.024	Loglikelihood: -61155.8	(delta): 0
45 (QN/Block) 	Elapsed: 0.022	Loglikelihood: -61155.8	(delta): 7.27596e-12
46 (QN/Block) 	Elapsed: 0.024	Loglikelihood: -61155.8	(delta): -1.45519e-11
47 (QN/Block) 	Elapsed: 0.021	Loglikelihood: -61155.8	(delta): 1.45519e-11
48 (QN/Block) 	Elapsed: 0.021	Loglikelihood: -61155.8	(delta): -7.27596e-12
49 (QN/Block) 	Elapsed: 0.023	Loglikelihood: -61155.8	(delta): 0
50 (QN/Block) 	Elapsed: 0.024	Loglikelihood: -61155.8	(delta): 0
51 (QN/Block) 	Elapsed: 0.023	Loglikelihood: -61155.8	(delta): 0
52 (QN/Block) 	Elapsed: 0.024	Loglikelihood: -61155.8	(delta): 0
53 (QN/Block) 	Elapsed: 0.027	Loglikelihood: -61155.8	(delta): 1.45519e-11
54 (QN/Block) 	Elapsed: 0.026	Loglikelihood: -61155.8	(delta): -1.45519e-11
55 (QN/Block) 	Elapsed: 0.023	Loglikelihood: -61155.8	(delta): 0
56 (QN/Block) 	Elapsed: 0.023	Loglikelihood: -61155.8	(delta): 1.45519e-11
57 (QN/Block) 	Elapsed: 0.021	Loglikelihood: -61155.8	(delta): -7.27596e-12
58 (QN/Block) 	Elapsed: 0.025	Loglikelihood: -61155.8	(delta): -7.27596e-12
59 (QN/Block) 	Elapsed: 0.024	Loglikelihood: -61155.8	(delta): 7.27596e-12
60 (QN/Block) 	Elapsed: 0.022	Loglikelihood: -61155.8	(delta): 0
61 (QN/Block) 	Elapsed: 0.023	Loglikelihood: -61155.8	(delta): 0
62 (QN/Block) 	Elapsed: 0.022	Loglikelihood: -61155.8	(delta): -7.27596e-12
63 (QN/Block) 	Elapsed: 0.02	Loglikelihood: -61155.8	(delta): 0
64 (QN/Block) 	Elapsed: 0.024	Loglikelihood: -61155.8	(delta): 0
65 (QN/Block) 	Elapsed: 0.024	Loglikelihood: -61155.8	(delta): 1.45519e-11
66 (QN/Block) 	Elapsed: 0.023	Loglikelihood: -61155.8	(delta): -1.45519e-11
67 (QN/Block) 	Elapsed: 0.022	Loglikelihood: -61155.8	(delta): 0
68 (QN/Block) 	Elapsed: 0.023	Loglikelihood: -61155.8	(delta): 0
69 (QN/Block) 	Elapsed: 0.021	Loglikelihood: -61155.8	(delta): 0
70 (QN/Block) 	Elapsed: 0.022	Loglikelihood: -61155.8	(delta): 0
71 (QN/Block) 	Elapsed: 0.02	Loglikelihood: -61155.8	(delta): 0
72 (QN/Block) 	Elapsed: 0.023	Loglikelihood: -61155.8	(delta): 0
73 (QN/Block) 	Elapsed: 0.023	Loglikelihood: -61155.8	(delta): 0
74 (QN/Block) 	Elapsed: 0.019	Loglikelihood: -61155.8	(delta): 1.45519e-11
75 (QN/Block) 	Elapsed: 0.021	Loglikelihood: -61155.8	(delta): -1.45519e-11
76 (QN/Block) 	Elapsed: 0.022	Loglikelihood: -61155.8	(delta): 0
77 (QN/Block) 	Elapsed: 0.022	Loglikelihood: -61155.8	(delta): 0
78 (QN/Block) 	Elapsed: 0.025	Loglikelihood: -61155.8	(delta): 1.45519e-11
79 (QN/Block) 	Elapsed: 0.023	Loglikelihood: -61155.8	(delta): -1.45519e-11
80 (QN/Block) 	Elapsed: 0.026	Loglikelihood: -61155.8	(delta): 7.27596e-12
81 (QN/Block) 	Elapsed: 0.024	Loglikelihood: -61155.8	(delta): -7.27596e-12
82 (QN/Block) 	Elapsed: 0.023	Loglikelihood: -61155.8	(delta): 0
83 (QN/Block) 	Elapsed: 0.025	Loglikelihood: -61155.8	(delta): 0
84 (QN/Block) 	Elapsed: 0.026	Loglikelihood: -61155.8	(delta): 1.45519e-11
85 (QN/Block) 	Elapsed: 0.025	Loglikelihood: -61155.8	(delta): -1.45519e-11
86 (QN/Block) 	Elapsed: 0.025	Loglikelihood: -61155.8	(delta): 0
87 (QN/Block) 	Elapsed: 0.025	Loglikelihood: -61155.8	(delta): 1.45519e-11
88 (QN/Block) 	Elapsed: 0.027	Loglikelihood: -61155.8	(delta): -1.45519e-11
89 (QN/Block) 	Elapsed: 0.023	Loglikelihood: -61155.8	(delta): 0
90 (QN/Block) 	Elapsed: 0.023	Loglikelihood: -61155.8	(delta): 0
91 (QN/Block) 	Elapsed: 0.02	Loglikelihood: -61155.8	(delta): 0
92 (QN/Block) 	Elapsed: 0.022	Loglikelihood: -61155.8	(delta): 0
93 (QN/Block) 	Elapsed: 0.019	Loglikelihood: -61155.8	(delta): 7.27596e-12
94 (QN/Block) 	Elapsed: 0.021	Loglikelihood: -61155.8	(delta): 0
95 (QN/Block) 	Elapsed: 0.024	Loglikelihood: -61155.8	(delta): -7.27596e-12
96 (QN/Block) 	Elapsed: 0.024	Loglikelihood: -61155.8	(delta): 0
97 (QN/Block) 	Elapsed: 0.026	Loglikelihood: -61155.8	(delta): 0
98 (QN/Block) 	Elapsed: 0.024	Loglikelihood: -61155.8	(delta): 0
99 (QN/Block) 	Elapsed: 0.021	Loglikelihood: -61155.8	(delta): 0
100 (QN/Block) 	Elapsed: 0.025	Loglikelihood: -61155.8	(delta): 0
Summary: 
Converged in 100 iterations (2.417 sec)
Loglikelihood: -61155.788004
Fst divergences between estimated populations: 
	Pop0	Pop1	Pop2	
Pop0	
Pop1	0.404	
Pop2	0.162	0.425	
Pop3	0.538	0.468	0.555	
CV error (K=4): 0.40922
Writing output files.
