****                   ADMIXTURE Version 1.3.0                  ****
****                    Copyright 2008-2015                     ****
****           David Alexander, Suyash Shringarpure,            ****
****                John  Novembre, Ken Lange                   ****
****                                                            ****
****                 Please cite our paper!                     ****
****   Information at www.genetics.ucla.edu/software/admixture  ****

Parallel execution requested.  Will use 8 threads.
Cross-validation will be performed.  Folds=10.
Random seed: 43
Point estimation method: Block relaxation algorithm
Convergence acceleration algorithm: QuasiNewton, 3 secant conditions
Point estimation will terminate at 100 iterations
Estimation of standard errors disabled; will compute point estimates only.
Size of G: 121x1282
Performing five EM steps to prime main algorithm
1 (EM) 	Elapsed: 0.006	Loglikelihood: -107034	(delta): 125888
2 (EM) 	Elapsed: 0.005	Loglikelihood: -102944	(delta): 4090.09
3 (EM) 	Elapsed: 0.006	Loglikelihood: -101747	(delta): 1197.11
4 (EM) 	Elapsed: 0.006	Loglikelihood: -100987	(delta): 759.476
5 (EM) 	Elapsed: 0.006	Loglikelihood: -100393	(delta): 594.633
Initial loglikelihood: -100393
Starting main algorithm
1 (QN/Block) 	Elapsed: 0.015	Loglikelihood: -77074.8	(delta): 23317.8
2 (QN/Block) 	Elapsed: 0.013	Loglikelihood: -71293	(delta): 5781.82
3 (QN/Block) 	Elapsed: 0.016	Loglikelihood: -67542.1	(delta): 3750.85
4 (QN/Block) 	Elapsed: 0.014	Loglikelihood: -65102.9	(delta): 2439.28
5 (QN/Block) 	Elapsed: 0.015	Loglikelihood: -63893.4	(delta): 1209.42
6 (QN/Block) 	Elapsed: 0.015	Loglikelihood: -63539.5	(delta): 353.986
7 (QN/Block) 	Elapsed: 0.016	Loglikelihood: -63450.5	(delta): 89.0088
8 (QN/Block) 	Elapsed: 0.016	Loglikelihood: -63439.1	(delta): 11.3466
9 (QN/Block) 	Elapsed: 0.017	Loglikelihood: -63438.6	(delta): 0.457201
10 (QN/Block) 	Elapsed: 0.016	Loglikelihood: -63438.6	(delta): 0.00716894
11 (QN/Block) 	Elapsed: 0.017	Loglikelihood: -63438.6	(delta): 0.00145686
12 (QN/Block) 	Elapsed: 0.019	Loglikelihood: -63438.6	(delta): 0.000228577
13 (QN/Block) 	Elapsed: 0.018	Loglikelihood: -63438.6	(delta): 0.000101417
14 (QN/Block) 	Elapsed: 0.018	Loglikelihood: -63438.6	(delta): 7.39466e-06
15 (QN/Block) 	Elapsed: 0.019	Loglikelihood: -63438.6	(delta): 1.34725e-06
16 (QN/Block) 	Elapsed: 0.018	Loglikelihood: -63438.6	(delta): 1.56826e-07
17 (QN/Block) 	Elapsed: 0.018	Loglikelihood: -63438.6	(delta): 1.97542e-08
18 (QN/Block) 	Elapsed: 0.019	Loglikelihood: -63438.6	(delta): 1.60071e-10
19 (QN/Block) 	Elapsed: 0.018	Loglikelihood: -63438.6	(delta): 2.18279e-11
20 (QN/Block) 	Elapsed: 0.022	Loglikelihood: -63438.6	(delta): 7.27596e-12
21 (QN/Block) 	Elapsed: 0.02	Loglikelihood: -63438.6	(delta): 0
22 (QN/Block) 	Elapsed: 0.023	Loglikelihood: -63438.6	(delta): 0
23 (QN/Block) 	Elapsed: 0.02	Loglikelihood: -63438.6	(delta): -7.27596e-12
24 (QN/Block) 	Elapsed: 0.02	Loglikelihood: -63438.6	(delta): 0
25 (QN/Block) 	Elapsed: 0.02	Loglikelihood: -63438.6	(delta): 7.27596e-12
26 (QN/Block) 	Elapsed: 0.023	Loglikelihood: -63438.6	(delta): -7.27596e-12
27 (QN/Block) 	Elapsed: 0.02	Loglikelihood: -63438.6	(delta): 0
28 (QN/Block) 	Elapsed: 0.02	Loglikelihood: -63438.6	(delta): 0
29 (QN/Block) 	Elapsed: 0.021	Loglikelihood: -63438.6	(delta): 0
30 (QN/Block) 	Elapsed: 0.019	Loglikelihood: -63438.6	(delta): 7.27596e-12
31 (QN/Block) 	Elapsed: 0.019	Loglikelihood: -63438.6	(delta): 0
32 (QN/Block) 	Elapsed: 0.02	Loglikelihood: -63438.6	(delta): -1.45519e-11
33 (QN/Block) 	Elapsed: 0.019	Loglikelihood: -63438.6	(delta): 2.18279e-11
34 (QN/Block) 	Elapsed: 0.02	Loglikelihood: -63438.6	(delta): -7.27596e-12
35 (QN/Block) 	Elapsed: 0.018	Loglikelihood: -63438.6	(delta): -7.27596e-12
36 (QN/Block) 	Elapsed: 0.02	Loglikelihood: -63438.6	(delta): 7.27596e-12
37 (QN/Block) 	Elapsed: 0.019	Loglikelihood: -63438.6	(delta): 0
38 (QN/Block) 	Elapsed: 0.019	Loglikelihood: -63438.6	(delta): -7.27596e-12
39 (QN/Block) 	Elapsed: 0.021	Loglikelihood: -63438.6	(delta): 7.27596e-12
40 (QN/Block) 	Elapsed: 0.02	Loglikelihood: -63438.6	(delta): -7.27596e-12
41 (QN/Block) 	Elapsed: 0.02	Loglikelihood: -63438.6	(delta): 0
42 (QN/Block) 	Elapsed: 0.021	Loglikelihood: -63438.6	(delta): 1.45519e-11
43 (QN/Block) 	Elapsed: 0.017	Loglikelihood: -63438.6	(delta): -1.45519e-11
44 (QN/Block) 	Elapsed: 0.017	Loglikelihood: -63438.6	(delta): 7.27596e-12
45 (QN/Block) 	Elapsed: 0.02	Loglikelihood: -63438.6	(delta): 0
46 (QN/Block) 	Elapsed: 0.018	Loglikelihood: -63438.6	(delta): 0
47 (QN/Block) 	Elapsed: 0.02	Loglikelihood: -63438.6	(delta): 0
48 (QN/Block) 	Elapsed: 0.019	Loglikelihood: -63438.6	(delta): 0
49 (QN/Block) 	Elapsed: 0.02	Loglikelihood: -63438.6	(delta): 0
50 (QN/Block) 	Elapsed: 0.017	Loglikelihood: -63438.6	(delta): 0
51 (QN/Block) 	Elapsed: 0.017	Loglikelihood: -63438.6	(delta): -7.27596e-12
52 (QN/Block) 	Elapsed: 0.016	Loglikelihood: -63438.6	(delta): 0
53 (QN/Block) 	Elapsed: 0.017	Loglikelihood: -63438.6	(delta): 0
54 (QN/Block) 	Elapsed: 0.021	Loglikelihood: -63438.6	(delta): 0
55 (QN/Block) 	Elapsed: 0.016	Loglikelihood: -63438.6	(delta): 7.27596e-12
56 (QN/Block) 	Elapsed: 0.02	Loglikelihood: -63438.6	(delta): -7.27596e-12
57 (QN/Block) 	Elapsed: 0.02	Loglikelihood: -63438.6	(delta): 0
58 (QN/Block) 	Elapsed: 0.02	Loglikelihood: -63438.6	(delta): -7.27596e-12
59 (QN/Block) 	Elapsed: 0.019	Loglikelihood: -63438.6	(delta): 1.45519e-11
60 (QN/Block) 	Elapsed: 0.022	Loglikelihood: -63438.6	(delta): -7.27596e-12
61 (QN/Block) 	Elapsed: 0.021	Loglikelihood: -63438.6	(delta): 7.27596e-12
62 (QN/Block) 	Elapsed: 0.019	Loglikelihood: -63438.6	(delta): 0
63 (QN/Block) 	Elapsed: 0.02	Loglikelihood: -63438.6	(delta): 0
64 (QN/Block) 	Elapsed: 0.021	Loglikelihood: -63438.6	(delta): -7.27596e-12
65 (QN/Block) 	Elapsed: 0.02	Loglikelihood: -63438.6	(delta): 7.27596e-12
66 (QN/Block) 	Elapsed: 0.02	Loglikelihood: -63438.6	(delta): 0
67 (QN/Block) 	Elapsed: 0.021	Loglikelihood: -63438.6	(delta): -7.27596e-12
68 (QN/Block) 	Elapsed: 0.02	Loglikelihood: -63438.6	(delta): 7.27596e-12
69 (QN/Block) 	Elapsed: 0.021	Loglikelihood: -63438.6	(delta): 0
70 (QN/Block) 	Elapsed: 0.015	Loglikelihood: -63438.6	(delta): -1.45519e-11
71 (QN/Block) 	Elapsed: 0.017	Loglikelihood: -63438.6	(delta): 1.45519e-11
72 (QN/Block) 	Elapsed: 0.021	Loglikelihood: -63438.6	(delta): -1.45519e-11
73 (QN/Block) 	Elapsed: 0.019	Loglikelihood: -63438.6	(delta): 0
74 (QN/Block) 	Elapsed: 0.02	Loglikelihood: -63438.6	(delta): 7.27596e-12
75 (QN/Block) 	Elapsed: 0.02	Loglikelihood: -63438.6	(delta): -7.27596e-12
76 (QN/Block) 	Elapsed: 0.02	Loglikelihood: -63438.6	(delta): 0
77 (QN/Block) 	Elapsed: 0.019	Loglikelihood: -63438.6	(delta): 0
78 (QN/Block) 	Elapsed: 0.018	Loglikelihood: -63438.6	(delta): 7.27596e-12
79 (QN/Block) 	Elapsed: 0.017	Loglikelihood: -63438.6	(delta): -7.27596e-12
80 (QN/Block) 	Elapsed: 0.019	Loglikelihood: -63438.6	(delta): 7.27596e-12
81 (QN/Block) 	Elapsed: 0.018	Loglikelihood: -63438.6	(delta): -7.27596e-12
82 (QN/Block) 	Elapsed: 0.017	Loglikelihood: -63438.6	(delta): 0
83 (QN/Block) 	Elapsed: 0.019	Loglikelihood: -63438.6	(delta): 0
84 (QN/Block) 	Elapsed: 0.019	Loglikelihood: -63438.6	(delta): 7.27596e-12
85 (QN/Block) 	Elapsed: 0.02	Loglikelihood: -63438.6	(delta): -7.27596e-12
86 (QN/Block) 	Elapsed: 0.018	Loglikelihood: -63438.6	(delta): 7.27596e-12
87 (QN/Block) 	Elapsed: 0.02	Loglikelihood: -63438.6	(delta): -7.27596e-12
88 (QN/Block) 	Elapsed: 0.018	Loglikelihood: -63438.6	(delta): 0
89 (QN/Block) 	Elapsed: 0.017	Loglikelihood: -63438.6	(delta): -7.27596e-12
90 (QN/Block) 	Elapsed: 0.017	Loglikelihood: -63438.6	(delta): 1.45519e-11
91 (QN/Block) 	Elapsed: 0.017	Loglikelihood: -63438.6	(delta): 0
92 (QN/Block) 	Elapsed: 0.017	Loglikelihood: -63438.6	(delta): 0
93 (QN/Block) 	Elapsed: 0.017	Loglikelihood: -63438.6	(delta): 0
94 (QN/Block) 	Elapsed: 0.02	Loglikelihood: -63438.6	(delta): 0
95 (QN/Block) 	Elapsed: 0.02	Loglikelihood: -63438.6	(delta): 0
96 (QN/Block) 	Elapsed: 0.016	Loglikelihood: -63438.6	(delta): -7.27596e-12
97 (QN/Block) 	Elapsed: 0.021	Loglikelihood: -63438.6	(delta): 0
98 (QN/Block) 	Elapsed: 0.02	Loglikelihood: -63438.6	(delta): 0
99 (QN/Block) 	Elapsed: 0.022	Loglikelihood: -63438.6	(delta): 7.27596e-12
100 (QN/Block) 	Elapsed: 0.02	Loglikelihood: -63438.6	(delta): 0
Summary: 
Converged in 100 iterations (2.019 sec)
Loglikelihood: -63438.638738
Fst divergences between estimated populations: 
	Pop0	Pop1	
Pop0	
Pop1	0.529	
Pop2	0.394	0.467	
CV error (K=3): 0.40933
Writing output files.
