****                   ADMIXTURE Version 1.3.0                  ****
****                    Copyright 2008-2015                     ****
****           David Alexander, Suyash Shringarpure,            ****
****                John  Novembre, Ken Lange                   ****
****                                                            ****
****                 Please cite our paper!                     ****
****   Information at www.genetics.ucla.edu/software/admixture  ****

Parallel execution requested.  Will use 8 threads.
Cross-validation will be performed.  Folds=10.
Random seed: 43
Point estimation method: Block relaxation algorithm
Convergence acceleration algorithm: QuasiNewton, 3 secant conditions
Point estimation will terminate at 100 iterations
Estimation of standard errors disabled; will compute point estimates only.
Size of G: 121x1282
Performing five EM steps to prime main algorithm
1 (EM) 	Elapsed: 0.024	Loglikelihood: -107096	(delta): 104830
2 (EM) 	Elapsed: 0.025	Loglikelihood: -101726	(delta): 5370.13
3 (EM) 	Elapsed: 0.026	Loglikelihood: -99980.7	(delta): 1745.57
4 (EM) 	Elapsed: 0.028	Loglikelihood: -98276.1	(delta): 1704.6
5 (EM) 	Elapsed: 0.027	Loglikelihood: -96204.7	(delta): 2071.34
Initial loglikelihood: -96204.7
Starting main algorithm
1 (QN/Block) 	Elapsed: 0.042	Loglikelihood: -65548.5	(delta): 30656.3
2 (QN/Block) 	Elapsed: 0.034	Loglikelihood: -59881.8	(delta): 5666.7
3 (QN/Block) 	Elapsed: 0.046	Loglikelihood: -57410.6	(delta): 2471.13
4 (QN/Block) 	Elapsed: 0.044	Loglikelihood: -56002.1	(delta): 1408.56
5 (QN/Block) 	Elapsed: 0.047	Loglikelihood: -55343.1	(delta): 658.938
6 (QN/Block) 	Elapsed: 0.044	Loglikelihood: -55046.5	(delta): 296.652
7 (QN/Block) 	Elapsed: 0.039	Loglikelihood: -54909.2	(delta): 137.336
8 (QN/Block) 	Elapsed: 0.042	Loglikelihood: -54835.6	(delta): 73.5761
9 (QN/Block) 	Elapsed: 0.04	Loglikelihood: -54759.9	(delta): 75.7128
10 (QN/Block) 	Elapsed: 0.041	Loglikelihood: -54684.9	(delta): 75.0023
11 (QN/Block) 	Elapsed: 0.046	Loglikelihood: -54619.4	(delta): 65.5106
12 (QN/Block) 	Elapsed: 0.046	Loglikelihood: -54526.8	(delta): 92.5489
13 (QN/Block) 	Elapsed: 0.049	Loglikelihood: -54461.7	(delta): 65.092
14 (QN/Block) 	Elapsed: 0.047	Loglikelihood: -54433.8	(delta): 27.9397
15 (QN/Block) 	Elapsed: 0.047	Loglikelihood: -54412	(delta): 21.8177
16 (QN/Block) 	Elapsed: 0.037	Loglikelihood: -54398.8	(delta): 13.1141
17 (QN/Block) 	Elapsed: 0.046	Loglikelihood: -54389.8	(delta): 9.0001
18 (QN/Block) 	Elapsed: 0.044	Loglikelihood: -54383.9	(delta): 5.968
19 (QN/Block) 	Elapsed: 0.043	Loglikelihood: -54380.4	(delta): 3.44818
20 (QN/Block) 	Elapsed: 0.043	Loglikelihood: -54379.6	(delta): 0.836459
21 (QN/Block) 	Elapsed: 0.038	Loglikelihood: -54379.3	(delta): 0.293876
22 (QN/Block) 	Elapsed: 0.041	Loglikelihood: -54379.2	(delta): 0.122425
23 (QN/Block) 	Elapsed: 0.05	Loglikelihood: -54379.1	(delta): 0.088807
24 (QN/Block) 	Elapsed: 0.052	Loglikelihood: -54379	(delta): 0.118477
25 (QN/Block) 	Elapsed: 0.048	Loglikelihood: -54378.8	(delta): 0.169363
26 (QN/Block) 	Elapsed: 0.039	Loglikelihood: -54378.7	(delta): 0.140508
27 (QN/Block) 	Elapsed: 0.041	Loglikelihood: -54378.5	(delta): 0.106641
28 (QN/Block) 	Elapsed: 0.044	Loglikelihood: -54378.5	(delta): 0.0874877
29 (QN/Block) 	Elapsed: 0.05	Loglikelihood: -54378.4	(delta): 0.077664
30 (QN/Block) 	Elapsed: 0.054	Loglikelihood: -54378.3	(delta): 0.0725623
31 (QN/Block) 	Elapsed: 0.048	Loglikelihood: -54378.2	(delta): 0.0652989
32 (QN/Block) 	Elapsed: 0.055	Loglikelihood: -54378.2	(delta): 0.0577913
33 (QN/Block) 	Elapsed: 0.047	Loglikelihood: -54378.1	(delta): 0.054079
34 (QN/Block) 	Elapsed: 0.037	Loglikelihood: -54378.1	(delta): 0.0500472
35 (QN/Block) 	Elapsed: 0.042	Loglikelihood: -54378	(delta): 0.0722859
36 (QN/Block) 	Elapsed: 0.038	Loglikelihood: -54377.9	(delta): 0.0721087
37 (QN/Block) 	Elapsed: 0.054	Loglikelihood: -54377.9	(delta): 0.00762868
38 (QN/Block) 	Elapsed: 0.036	Loglikelihood: -54377.9	(delta): 0.00108752
39 (QN/Block) 	Elapsed: 0.049	Loglikelihood: -54377.9	(delta): 0.000116565
40 (QN/Block) 	Elapsed: 0.042	Loglikelihood: -54377.9	(delta): 1.65038e-05
41 (QN/Block) 	Elapsed: 0.044	Loglikelihood: -54377.9	(delta): 9.06264e-07
42 (QN/Block) 	Elapsed: 0.042	Loglikelihood: -54377.9	(delta): 1.96844e-07
43 (QN/Block) 	Elapsed: 0.043	Loglikelihood: -54377.9	(delta): 9.37143e-09
44 (QN/Block) 	Elapsed: 0.044	Loglikelihood: -54377.9	(delta): 8.07631e-10
45 (QN/Block) 	Elapsed: 0.05	Loglikelihood: -54377.9	(delta): 3.63798e-11
46 (QN/Block) 	Elapsed: 0.048	Loglikelihood: -54377.9	(delta): 7.27596e-12
47 (QN/Block) 	Elapsed: 0.043	Loglikelihood: -54377.9	(delta): 7.27596e-12
48 (QN/Block) 	Elapsed: 0.047	Loglikelihood: -54377.9	(delta): 0
49 (QN/Block) 	Elapsed: 0.052	Loglikelihood: -54377.9	(delta): 7.27596e-12
50 (QN/Block) 	Elapsed: 0.054	Loglikelihood: -54377.9	(delta): 7.27596e-12
51 (QN/Block) 	Elapsed: 0.051	Loglikelihood: -54377.9	(delta): -1.45519e-11
52 (QN/Block) 	Elapsed: 0.052	Loglikelihood: -54377.9	(delta): -7.27596e-12
53 (QN/Block) 	Elapsed: 0.058	Loglikelihood: -54377.9	(delta): 7.27596e-12
54 (QN/Block) 	Elapsed: 0.049	Loglikelihood: -54377.9	(delta): 1.45519e-11
55 (QN/Block) 	Elapsed: 0.048	Loglikelihood: -54377.9	(delta): 0
56 (QN/Block) 	Elapsed: 0.056	Loglikelihood: -54377.9	(delta): 1.45519e-11
57 (QN/Block) 	Elapsed: 0.05	Loglikelihood: -54377.9	(delta): -2.18279e-11
58 (QN/Block) 	Elapsed: 0.052	Loglikelihood: -54377.9	(delta): 7.27596e-12
59 (QN/Block) 	Elapsed: 0.053	Loglikelihood: -54377.9	(delta): 0
60 (QN/Block) 	Elapsed: 0.057	Loglikelihood: -54377.9	(delta): -1.45519e-11
61 (QN/Block) 	Elapsed: 0.054	Loglikelihood: -54377.9	(delta): 2.18279e-11
62 (QN/Block) 	Elapsed: 0.046	Loglikelihood: -54377.9	(delta): 7.27596e-12
63 (QN/Block) 	Elapsed: 0.042	Loglikelihood: -54377.9	(delta): -7.27596e-12
64 (QN/Block) 	Elapsed: 0.048	Loglikelihood: -54377.9	(delta): 7.27596e-12
65 (QN/Block) 	Elapsed: 0.047	Loglikelihood: -54377.9	(delta): 7.27596e-12
66 (QN/Block) 	Elapsed: 0.053	Loglikelihood: -54377.9	(delta): 0
67 (QN/Block) 	Elapsed: 0.058	Loglikelihood: -54377.9	(delta): -1.45519e-11
68 (QN/Block) 	Elapsed: 0.059	Loglikelihood: -54377.9	(delta): 7.27596e-12
69 (QN/Block) 	Elapsed: 0.045	Loglikelihood: -54377.9	(delta): 0
70 (QN/Block) 	Elapsed: 0.045	Loglikelihood: -54377.9	(delta): 1.45519e-11
71 (QN/Block) 	Elapsed: 0.044	Loglikelihood: -54377.9	(delta): -1.45519e-11
72 (QN/Block) 	Elapsed: 0.045	Loglikelihood: -54377.9	(delta): 0
73 (QN/Block) 	Elapsed: 0.044	Loglikelihood: -54377.9	(delta): 1.45519e-11
74 (QN/Block) 	Elapsed: 0.042	Loglikelihood: -54377.9	(delta): 0
75 (QN/Block) 	Elapsed: 0.046	Loglikelihood: -54377.9	(delta): 1.45519e-11
76 (QN/Block) 	Elapsed: 0.052	Loglikelihood: -54377.9	(delta): 7.27596e-12
77 (QN/Block) 	Elapsed: 0.044	Loglikelihood: -54377.9	(delta): -1.45519e-11
78 (QN/Block) 	Elapsed: 0.044	Loglikelihood: -54377.9	(delta): -7.27596e-12
79 (QN/Block) 	Elapsed: 0.037	Loglikelihood: -54377.9	(delta): 7.27596e-12
80 (QN/Block) 	Elapsed: 0.042	Loglikelihood: -54377.9	(delta): 0
81 (QN/Block) 	Elapsed: 0.042	Loglikelihood: -54377.9	(delta): 7.27596e-12
82 (QN/Block) 	Elapsed: 0.043	Loglikelihood: -54377.9	(delta): 0
83 (QN/Block) 	Elapsed: 0.048	Loglikelihood: -54377.9	(delta): 7.27596e-12
84 (QN/Block) 	Elapsed: 0.045	Loglikelihood: -54377.9	(delta): -7.27596e-12
85 (QN/Block) 	Elapsed: 0.043	Loglikelihood: -54377.9	(delta): -7.27596e-12
86 (QN/Block) 	Elapsed: 0.046	Loglikelihood: -54377.9	(delta): 7.27596e-12
87 (QN/Block) 	Elapsed: 0.052	Loglikelihood: -54377.9	(delta): -1.45519e-11
88 (QN/Block) 	Elapsed: 0.049	Loglikelihood: -54377.9	(delta): 1.45519e-11
89 (QN/Block) 	Elapsed: 0.046	Loglikelihood: -54377.9	(delta): -7.27596e-12
90 (QN/Block) 	Elapsed: 0.043	Loglikelihood: -54377.9	(delta): 0
91 (QN/Block) 	Elapsed: 0.037	Loglikelihood: -54377.9	(delta): 7.27596e-12
92 (QN/Block) 	Elapsed: 0.039	Loglikelihood: -54377.9	(delta): -7.27596e-12
93 (QN/Block) 	Elapsed: 0.039	Loglikelihood: -54377.9	(delta): 1.45519e-11
94 (QN/Block) 	Elapsed: 0.047	Loglikelihood: -54377.9	(delta): 0
95 (QN/Block) 	Elapsed: 0.052	Loglikelihood: -54377.9	(delta): -1.45519e-11
96 (QN/Block) 	Elapsed: 0.047	Loglikelihood: -54377.9	(delta): 1.45519e-11
97 (QN/Block) 	Elapsed: 0.056	Loglikelihood: -54377.9	(delta): 0
98 (QN/Block) 	Elapsed: 0.05	Loglikelihood: -54377.9	(delta): 0
99 (QN/Block) 	Elapsed: 0.042	Loglikelihood: -54377.9	(delta): 7.27596e-12
100 (QN/Block) 	Elapsed: 0.041	Loglikelihood: -54377.9	(delta): -7.27596e-12
Summary: 
Converged in 100 iterations (4.887 sec)
Loglikelihood: -54377.927956
Fst divergences between estimated populations: 
	Pop0	Pop1	Pop2	Pop3	Pop4	Pop5	Pop6	Pop7	Pop8	
Pop0	
Pop1	0.193	
Pop2	0.496	0.514	
Pop3	0.554	0.575	0.302	
Pop4	0.161	0.193	0.512	0.567	
Pop5	0.585	0.605	0.430	0.516	0.603	
Pop6	0.567	0.588	0.414	0.500	0.586	0.232	
Pop7	0.541	0.562	0.284	0.240	0.552	0.499	0.479	
Pop8	0.613	0.630	0.470	0.551	0.627	0.333	0.312	0.531	
Pop9	0.601	0.620	0.451	0.534	0.618	0.223	0.209	0.518	0.308	
CV error (K=10): 0.50503
Writing output files.
