****                   ADMIXTURE Version 1.3.0                  ****
****                    Copyright 2008-2015                     ****
****           David Alexander, Suyash Shringarpure,            ****
****                John  Novembre, Ken Lange                   ****
****                                                            ****
****                 Please cite our paper!                     ****
****   Information at www.genetics.ucla.edu/software/admixture  ****

Parallel execution requested.  Will use 8 threads.
Cross-validation will be performed.  Folds=10.
Random seed: 43
Point estimation method: Block relaxation algorithm
Convergence acceleration algorithm: QuasiNewton, 3 secant conditions
Point estimation will terminate at 100 iterations
Estimation of standard errors disabled; will compute point estimates only.
Size of G: 121x1282
Performing five EM steps to prime main algorithm
1 (EM) 	Elapsed: 0.016	Loglikelihood: -107413	(delta): 106487
2 (EM) 	Elapsed: 0.016	Loglikelihood: -101999	(delta): 5414.03
3 (EM) 	Elapsed: 0.015	Loglikelihood: -100117	(delta): 1881.97
4 (EM) 	Elapsed: 0.016	Loglikelihood: -98434	(delta): 1682.72
5 (EM) 	Elapsed: 0.016	Loglikelihood: -96607.9	(delta): 1826.08
Initial loglikelihood: -96607.9
Starting main algorithm
1 (QN/Block) 	Elapsed: 0.023	Loglikelihood: -66588.6	(delta): 30019.3
2 (QN/Block) 	Elapsed: 0.025	Loglikelihood: -61727.6	(delta): 4861.01
3 (QN/Block) 	Elapsed: 0.027	Loglikelihood: -59278.1	(delta): 2449.47
4 (QN/Block) 	Elapsed: 0.025	Loglikelihood: -57944.2	(delta): 1333.85
5 (QN/Block) 	Elapsed: 0.024	Loglikelihood: -57476.4	(delta): 467.808
6 (QN/Block) 	Elapsed: 0.029	Loglikelihood: -57309.5	(delta): 166.917
7 (QN/Block) 	Elapsed: 0.026	Loglikelihood: -57259.3	(delta): 50.2201
8 (QN/Block) 	Elapsed: 0.03	Loglikelihood: -57250	(delta): 9.28841
9 (QN/Block) 	Elapsed: 0.027	Loglikelihood: -57246	(delta): 3.97225
10 (QN/Block) 	Elapsed: 0.029	Loglikelihood: -57245.1	(delta): 0.968143
11 (QN/Block) 	Elapsed: 0.031	Loglikelihood: -57244.5	(delta): 0.543238
12 (QN/Block) 	Elapsed: 0.032	Loglikelihood: -57244.3	(delta): 0.235101
13 (QN/Block) 	Elapsed: 0.031	Loglikelihood: -57244.1	(delta): 0.223852
14 (QN/Block) 	Elapsed: 0.034	Loglikelihood: -57243.8	(delta): 0.234744
15 (QN/Block) 	Elapsed: 0.026	Loglikelihood: -57243.7	(delta): 0.115162
16 (QN/Block) 	Elapsed: 0.027	Loglikelihood: -57243.6	(delta): 0.137127
17 (QN/Block) 	Elapsed: 0.031	Loglikelihood: -57243.5	(delta): 0.0526785
18 (QN/Block) 	Elapsed: 0.031	Loglikelihood: -57243.4	(delta): 0.121096
19 (QN/Block) 	Elapsed: 0.027	Loglikelihood: -57243	(delta): 0.45939
20 (QN/Block) 	Elapsed: 0.027	Loglikelihood: -57241.9	(delta): 1.07403
21 (QN/Block) 	Elapsed: 0.033	Loglikelihood: -57241.6	(delta): 0.296456
22 (QN/Block) 	Elapsed: 0.033	Loglikelihood: -57241.5	(delta): 0.114654
23 (QN/Block) 	Elapsed: 0.032	Loglikelihood: -57241.4	(delta): 0.0847241
24 (QN/Block) 	Elapsed: 0.031	Loglikelihood: -57241.4	(delta): 0.0198763
25 (QN/Block) 	Elapsed: 0.033	Loglikelihood: -57241.3	(delta): 0.0206487
26 (QN/Block) 	Elapsed: 0.032	Loglikelihood: -57241.3	(delta): 0.0128257
27 (QN/Block) 	Elapsed: 0.032	Loglikelihood: -57241.3	(delta): 0.0163366
28 (QN/Block) 	Elapsed: 0.028	Loglikelihood: -57241.3	(delta): 0.00381806
29 (QN/Block) 	Elapsed: 0.027	Loglikelihood: -57241.3	(delta): 0.0212671
30 (QN/Block) 	Elapsed: 0.026	Loglikelihood: -57241.2	(delta): 0.0856624
31 (QN/Block) 	Elapsed: 0.03	Loglikelihood: -57241.2	(delta): 0.0120128
32 (QN/Block) 	Elapsed: 0.027	Loglikelihood: -57241.2	(delta): 0.0146993
33 (QN/Block) 	Elapsed: 0.031	Loglikelihood: -57241.2	(delta): 0.00184422
34 (QN/Block) 	Elapsed: 0.024	Loglikelihood: -57241.2	(delta): 0.000735279
35 (QN/Block) 	Elapsed: 0.025	Loglikelihood: -57241.2	(delta): 0.000669863
36 (QN/Block) 	Elapsed: 0.024	Loglikelihood: -57241.2	(delta): 0.000132821
37 (QN/Block) 	Elapsed: 0.027	Loglikelihood: -57241.2	(delta): 1.02655e-05
38 (QN/Block) 	Elapsed: 0.023	Loglikelihood: -57241.2	(delta): 2.52884e-06
39 (QN/Block) 	Elapsed: 0.026	Loglikelihood: -57241.2	(delta): 2.70629e-07
40 (QN/Block) 	Elapsed: 0.025	Loglikelihood: -57241.2	(delta): 7.20029e-08
41 (QN/Block) 	Elapsed: 0.027	Loglikelihood: -57241.2	(delta): 1.47556e-08
42 (QN/Block) 	Elapsed: 0.028	Loglikelihood: -57241.2	(delta): 2.4811e-09
43 (QN/Block) 	Elapsed: 0.03	Loglikelihood: -57241.2	(delta): 2.6921e-10
44 (QN/Block) 	Elapsed: 0.035	Loglikelihood: -57241.2	(delta): 4.36557e-11
45 (QN/Block) 	Elapsed: 0.036	Loglikelihood: -57241.2	(delta): 2.18279e-11
46 (QN/Block) 	Elapsed: 0.032	Loglikelihood: -57241.2	(delta): -7.27596e-12
47 (QN/Block) 	Elapsed: 0.027	Loglikelihood: -57241.2	(delta): 1.45519e-11
48 (QN/Block) 	Elapsed: 0.036	Loglikelihood: -57241.2	(delta): 0
49 (QN/Block) 	Elapsed: 0.034	Loglikelihood: -57241.2	(delta): -7.27596e-12
50 (QN/Block) 	Elapsed: 0.034	Loglikelihood: -57241.2	(delta): 0
51 (QN/Block) 	Elapsed: 0.03	Loglikelihood: -57241.2	(delta): 7.27596e-12
52 (QN/Block) 	Elapsed: 0.03	Loglikelihood: -57241.2	(delta): 0
53 (QN/Block) 	Elapsed: 0.031	Loglikelihood: -57241.2	(delta): 1.45519e-11
54 (QN/Block) 	Elapsed: 0.031	Loglikelihood: -57241.2	(delta): -1.45519e-11
55 (QN/Block) 	Elapsed: 0.036	Loglikelihood: -57241.2	(delta): 0
56 (QN/Block) 	Elapsed: 0.038	Loglikelihood: -57241.2	(delta): 7.27596e-12
57 (QN/Block) 	Elapsed: 0.03	Loglikelihood: -57241.2	(delta): 7.27596e-12
58 (QN/Block) 	Elapsed: 0.033	Loglikelihood: -57241.2	(delta): 0
59 (QN/Block) 	Elapsed: 0.034	Loglikelihood: -57241.2	(delta): 0
60 (QN/Block) 	Elapsed: 0.034	Loglikelihood: -57241.2	(delta): 7.27596e-12
61 (QN/Block) 	Elapsed: 0.033	Loglikelihood: -57241.2	(delta): -7.27596e-12
62 (QN/Block) 	Elapsed: 0.036	Loglikelihood: -57241.2	(delta): 7.27596e-12
63 (QN/Block) 	Elapsed: 0.027	Loglikelihood: -57241.2	(delta): -7.27596e-12
64 (QN/Block) 	Elapsed: 0.031	Loglikelihood: -57241.2	(delta): 1.45519e-11
65 (QN/Block) 	Elapsed: 0.033	Loglikelihood: -57241.2	(delta): 0
66 (QN/Block) 	Elapsed: 0.037	Loglikelihood: -57241.2	(delta): 0
67 (QN/Block) 	Elapsed: 0.034	Loglikelihood: -57241.2	(delta): -1.45519e-11
68 (QN/Block) 	Elapsed: 0.034	Loglikelihood: -57241.2	(delta): 0
69 (QN/Block) 	Elapsed: 0.035	Loglikelihood: -57241.2	(delta): 7.27596e-12
70 (QN/Block) 	Elapsed: 0.035	Loglikelihood: -57241.2	(delta): 7.27596e-12
71 (QN/Block) 	Elapsed: 0.034	Loglikelihood: -57241.2	(delta): 0
72 (QN/Block) 	Elapsed: 0.033	Loglikelihood: -57241.2	(delta): -1.45519e-11
73 (QN/Block) 	Elapsed: 0.03	Loglikelihood: -57241.2	(delta): 1.45519e-11
74 (QN/Block) 	Elapsed: 0.028	Loglikelihood: -57241.2	(delta): -7.27596e-12
75 (QN/Block) 	Elapsed: 0.031	Loglikelihood: -57241.2	(delta): 0
76 (QN/Block) 	Elapsed: 0.03	Loglikelihood: -57241.2	(delta): -1.45519e-11
77 (QN/Block) 	Elapsed: 0.03	Loglikelihood: -57241.2	(delta): 7.27596e-12
78 (QN/Block) 	Elapsed: 0.035	Loglikelihood: -57241.2	(delta): 0
79 (QN/Block) 	Elapsed: 0.034	Loglikelihood: -57241.2	(delta): -7.27596e-12
80 (QN/Block) 	Elapsed: 0.036	Loglikelihood: -57241.2	(delta): 7.27596e-12
81 (QN/Block) 	Elapsed: 0.036	Loglikelihood: -57241.2	(delta): 0
82 (QN/Block) 	Elapsed: 0.034	Loglikelihood: -57241.2	(delta): 7.27596e-12
83 (QN/Block) 	Elapsed: 0.035	Loglikelihood: -57241.2	(delta): -7.27596e-12
84 (QN/Block) 	Elapsed: 0.035	Loglikelihood: -57241.2	(delta): -7.27596e-12
85 (QN/Block) 	Elapsed: 0.033	Loglikelihood: -57241.2	(delta): 2.18279e-11
86 (QN/Block) 	Elapsed: 0.03	Loglikelihood: -57241.2	(delta): -1.45519e-11
87 (QN/Block) 	Elapsed: 0.029	Loglikelihood: -57241.2	(delta): 0
88 (QN/Block) 	Elapsed: 0.03	Loglikelihood: -57241.2	(delta): 1.45519e-11
89 (QN/Block) 	Elapsed: 0.027	Loglikelihood: -57241.2	(delta): -7.27596e-12
90 (QN/Block) 	Elapsed: 0.031	Loglikelihood: -57241.2	(delta): 7.27596e-12
91 (QN/Block) 	Elapsed: 0.036	Loglikelihood: -57241.2	(delta): 7.27596e-12
92 (QN/Block) 	Elapsed: 0.037	Loglikelihood: -57241.2	(delta): -7.27596e-12
93 (QN/Block) 	Elapsed: 0.035	Loglikelihood: -57241.2	(delta): 0
94 (QN/Block) 	Elapsed: 0.034	Loglikelihood: -57241.2	(delta): 0
95 (QN/Block) 	Elapsed: 0.037	Loglikelihood: -57241.2	(delta): 7.27596e-12
96 (QN/Block) 	Elapsed: 0.036	Loglikelihood: -57241.2	(delta): 7.27596e-12
97 (QN/Block) 	Elapsed: 0.035	Loglikelihood: -57241.2	(delta): -7.27596e-12
98 (QN/Block) 	Elapsed: 0.033	Loglikelihood: -57241.2	(delta): 0
99 (QN/Block) 	Elapsed: 0.033	Loglikelihood: -57241.2	(delta): -7.27596e-12
100 (QN/Block) 	Elapsed: 0.029	Loglikelihood: -57241.2	(delta): 7.27596e-12
Summary: 
Converged in 100 iterations (3.31 sec)
Loglikelihood: -57241.171368
Fst divergences between estimated populations: 
	Pop0	Pop1	Pop2	Pop3	Pop4	Pop5	
Pop0	
Pop1	0.394	
Pop2	0.449	0.239	
Pop3	0.551	0.478	0.507	
Pop4	0.576	0.502	0.524	0.146	
Pop5	0.179	0.429	0.482	0.577	0.602	
Pop6	0.282	0.450	0.496	0.591	0.612	0.287	
CV error (K=7): 0.44629
Writing output files.
