****                   ADMIXTURE Version 1.3.0                  ****
****                    Copyright 2008-2015                     ****
****           David Alexander, Suyash Shringarpure,            ****
****                John  Novembre, Ken Lange                   ****
****                                                            ****
****                 Please cite our paper!                     ****
****   Information at www.genetics.ucla.edu/software/admixture  ****

Parallel execution requested.  Will use 8 threads.
Cross-validation will be performed.  Folds=10.
Random seed: 43
Point estimation method: Block relaxation algorithm
Convergence acceleration algorithm: QuasiNewton, 3 secant conditions
Point estimation will terminate at 100 iterations
Estimation of standard errors disabled; will compute point estimates only.
Size of G: 121x1282
Performing five EM steps to prime main algorithm
1 (EM) 	Elapsed: 0.012	Loglikelihood: -107472	(delta): 111156
2 (EM) 	Elapsed: 0.013	Loglikelihood: -102175	(delta): 5297.86
3 (EM) 	Elapsed: 0.013	Loglikelihood: -100384	(delta): 1790.53
4 (EM) 	Elapsed: 0.013	Loglikelihood: -98679.3	(delta): 1704.77
5 (EM) 	Elapsed: 0.014	Loglikelihood: -96628.5	(delta): 2050.85
Initial loglikelihood: -96628.5
Starting main algorithm
1 (QN/Block) 	Elapsed: 0.02	Loglikelihood: -68489.6	(delta): 28138.8
2 (QN/Block) 	Elapsed: 0.021	Loglikelihood: -64404.7	(delta): 4084.93
3 (QN/Block) 	Elapsed: 0.022	Loglikelihood: -61810.8	(delta): 2593.89
4 (QN/Block) 	Elapsed: 0.023	Loglikelihood: -59888.3	(delta): 1922.51
5 (QN/Block) 	Elapsed: 0.021	Loglikelihood: -59234.5	(delta): 653.845
6 (QN/Block) 	Elapsed: 0.022	Loglikelihood: -58992.1	(delta): 242.399
7 (QN/Block) 	Elapsed: 0.021	Loglikelihood: -58937	(delta): 55.0869
8 (QN/Block) 	Elapsed: 0.027	Loglikelihood: -58922.2	(delta): 14.8202
9 (QN/Block) 	Elapsed: 0.022	Loglikelihood: -58917.6	(delta): 4.53309
10 (QN/Block) 	Elapsed: 0.026	Loglikelihood: -58912.5	(delta): 5.12401
11 (QN/Block) 	Elapsed: 0.022	Loglikelihood: -58910.3	(delta): 2.24479
12 (QN/Block) 	Elapsed: 0.028	Loglikelihood: -58907.2	(delta): 3.09326
13 (QN/Block) 	Elapsed: 0.027	Loglikelihood: -58900.8	(delta): 6.34118
14 (QN/Block) 	Elapsed: 0.03	Loglikelihood: -58895.6	(delta): 5.18381
15 (QN/Block) 	Elapsed: 0.028	Loglikelihood: -58893.1	(delta): 2.58366
16 (QN/Block) 	Elapsed: 0.028	Loglikelihood: -58890.6	(delta): 2.49708
17 (QN/Block) 	Elapsed: 0.028	Loglikelihood: -58889.2	(delta): 1.38671
18 (QN/Block) 	Elapsed: 0.028	Loglikelihood: -58887.3	(delta): 1.90213
19 (QN/Block) 	Elapsed: 0.028	Loglikelihood: -58885.6	(delta): 1.71782
20 (QN/Block) 	Elapsed: 0.027	Loglikelihood: -58884.3	(delta): 1.21557
21 (QN/Block) 	Elapsed: 0.027	Loglikelihood: -58883.6	(delta): 0.692039
22 (QN/Block) 	Elapsed: 0.026	Loglikelihood: -58882.8	(delta): 0.855172
23 (QN/Block) 	Elapsed: 0.026	Loglikelihood: -58882	(delta): 0.78686
24 (QN/Block) 	Elapsed: 0.022	Loglikelihood: -58881.3	(delta): 0.667816
25 (QN/Block) 	Elapsed: 0.028	Loglikelihood: -58880.8	(delta): 0.547313
26 (QN/Block) 	Elapsed: 0.029	Loglikelihood: -58880.5	(delta): 0.280691
27 (QN/Block) 	Elapsed: 0.027	Loglikelihood: -58880.5	(delta): 0.0179692
28 (QN/Block) 	Elapsed: 0.031	Loglikelihood: -58880.5	(delta): 0.0261941
29 (QN/Block) 	Elapsed: 0.027	Loglikelihood: -58880.2	(delta): 0.222468
30 (QN/Block) 	Elapsed: 0.028	Loglikelihood: -58879.7	(delta): 0.504382
31 (QN/Block) 	Elapsed: 0.025	Loglikelihood: -58879.7	(delta): 0.0726774
32 (QN/Block) 	Elapsed: 0.027	Loglikelihood: -58879.5	(delta): 0.195977
33 (QN/Block) 	Elapsed: 0.028	Loglikelihood: -58879.3	(delta): 0.139206
34 (QN/Block) 	Elapsed: 0.03	Loglikelihood: -58879.3	(delta): 0.0209495
35 (QN/Block) 	Elapsed: 0.03	Loglikelihood: -58879.3	(delta): 0.0148024
36 (QN/Block) 	Elapsed: 0.032	Loglikelihood: -58879.3	(delta): 0.000936779
37 (QN/Block) 	Elapsed: 0.028	Loglikelihood: -58879.3	(delta): 4.2226e-05
38 (QN/Block) 	Elapsed: 0.026	Loglikelihood: -58879.3	(delta): 2.44379e-06
39 (QN/Block) 	Elapsed: 0.024	Loglikelihood: -58879.3	(delta): 1.40222e-07
40 (QN/Block) 	Elapsed: 0.025	Loglikelihood: -58879.3	(delta): 1.00044e-08
41 (QN/Block) 	Elapsed: 0.026	Loglikelihood: -58879.3	(delta): 6.40284e-10
42 (QN/Block) 	Elapsed: 0.026	Loglikelihood: -58879.3	(delta): 1.45519e-11
43 (QN/Block) 	Elapsed: 0.03	Loglikelihood: -58879.3	(delta): 7.27596e-12
44 (QN/Block) 	Elapsed: 0.03	Loglikelihood: -58879.3	(delta): 0
45 (QN/Block) 	Elapsed: 0.028	Loglikelihood: -58879.3	(delta): 2.18279e-11
46 (QN/Block) 	Elapsed: 0.026	Loglikelihood: -58879.3	(delta): -7.27596e-12
47 (QN/Block) 	Elapsed: 0.031	Loglikelihood: -58879.3	(delta): -1.45519e-11
48 (QN/Block) 	Elapsed: 0.033	Loglikelihood: -58879.3	(delta): 2.18279e-11
49 (QN/Block) 	Elapsed: 0.025	Loglikelihood: -58879.3	(delta): 0
50 (QN/Block) 	Elapsed: 0.029	Loglikelihood: -58879.3	(delta): -1.45519e-11
51 (QN/Block) 	Elapsed: 0.032	Loglikelihood: -58879.3	(delta): 0
52 (QN/Block) 	Elapsed: 0.034	Loglikelihood: -58879.3	(delta): 7.27596e-12
53 (QN/Block) 	Elapsed: 0.031	Loglikelihood: -58879.3	(delta): 1.45519e-11
54 (QN/Block) 	Elapsed: 0.031	Loglikelihood: -58879.3	(delta): -1.45519e-11
55 (QN/Block) 	Elapsed: 0.031	Loglikelihood: -58879.3	(delta): 7.27596e-12
56 (QN/Block) 	Elapsed: 0.031	Loglikelihood: -58879.3	(delta): -7.27596e-12
57 (QN/Block) 	Elapsed: 0.03	Loglikelihood: -58879.3	(delta): 0
58 (QN/Block) 	Elapsed: 0.032	Loglikelihood: -58879.3	(delta): 7.27596e-12
59 (QN/Block) 	Elapsed: 0.028	Loglikelihood: -58879.3	(delta): -7.27596e-12
60 (QN/Block) 	Elapsed: 0.031	Loglikelihood: -58879.3	(delta): 7.27596e-12
61 (QN/Block) 	Elapsed: 0.029	Loglikelihood: -58879.3	(delta): 0
62 (QN/Block) 	Elapsed: 0.031	Loglikelihood: -58879.3	(delta): 1.45519e-11
63 (QN/Block) 	Elapsed: 0.027	Loglikelihood: -58879.3	(delta): -7.27596e-12
64 (QN/Block) 	Elapsed: 0.029	Loglikelihood: -58879.3	(delta): 0
65 (QN/Block) 	Elapsed: 0.028	Loglikelihood: -58879.3	(delta): 0
66 (QN/Block) 	Elapsed: 0.03	Loglikelihood: -58879.3	(delta): 7.27596e-12
67 (QN/Block) 	Elapsed: 0.03	Loglikelihood: -58879.3	(delta): 0
68 (QN/Block) 	Elapsed: 0.034	Loglikelihood: -58879.3	(delta): 0
69 (QN/Block) 	Elapsed: 0.032	Loglikelihood: -58879.3	(delta): -7.27596e-12
70 (QN/Block) 	Elapsed: 0.034	Loglikelihood: -58879.3	(delta): 7.27596e-12
71 (QN/Block) 	Elapsed: 0.03	Loglikelihood: -58879.3	(delta): 0
72 (QN/Block) 	Elapsed: 0.03	Loglikelihood: -58879.3	(delta): 1.45519e-11
73 (QN/Block) 	Elapsed: 0.03	Loglikelihood: -58879.3	(delta): 0
74 (QN/Block) 	Elapsed: 0.03	Loglikelihood: -58879.3	(delta): -7.27596e-12
75 (QN/Block) 	Elapsed: 0.027	Loglikelihood: -58879.3	(delta): 7.27596e-12
76 (QN/Block) 	Elapsed: 0.026	Loglikelihood: -58879.3	(delta): -7.27596e-12
77 (QN/Block) 	Elapsed: 0.029	Loglikelihood: -58879.3	(delta): 7.27596e-12
78 (QN/Block) 	Elapsed: 0.029	Loglikelihood: -58879.3	(delta): 0
79 (QN/Block) 	Elapsed: 0.029	Loglikelihood: -58879.3	(delta): 2.18279e-11
80 (QN/Block) 	Elapsed: 0.031	Loglikelihood: -58879.3	(delta): 0
81 (QN/Block) 	Elapsed: 0.032	Loglikelihood: -58879.3	(delta): 0
82 (QN/Block) 	Elapsed: 0.031	Loglikelihood: -58879.3	(delta): 7.27596e-12
83 (QN/Block) 	Elapsed: 0.027	Loglikelihood: -58879.3	(delta): -7.27596e-12
84 (QN/Block) 	Elapsed: 0.024	Loglikelihood: -58879.3	(delta): 7.27596e-12
85 (QN/Block) 	Elapsed: 0.024	Loglikelihood: -58879.3	(delta): -1.45519e-11
86 (QN/Block) 	Elapsed: 0.026	Loglikelihood: -58879.3	(delta): 7.27596e-12
87 (QN/Block) 	Elapsed: 0.026	Loglikelihood: -58879.3	(delta): 7.27596e-12
88 (QN/Block) 	Elapsed: 0.028	Loglikelihood: -58879.3	(delta): 0
89 (QN/Block) 	Elapsed: 0.031	Loglikelihood: -58879.3	(delta): 0
90 (QN/Block) 	Elapsed: 0.031	Loglikelihood: -58879.3	(delta): 0
91 (QN/Block) 	Elapsed: 0.027	Loglikelihood: -58879.3	(delta): 0
92 (QN/Block) 	Elapsed: 0.026	Loglikelihood: -58879.3	(delta): 0
93 (QN/Block) 	Elapsed: 0.029	Loglikelihood: -58879.3	(delta): -7.27596e-12
94 (QN/Block) 	Elapsed: 0.026	Loglikelihood: -58879.3	(delta): 7.27596e-12
95 (QN/Block) 	Elapsed: 0.032	Loglikelihood: -58879.3	(delta): 0
96 (QN/Block) 	Elapsed: 0.035	Loglikelihood: -58879.3	(delta): 0
97 (QN/Block) 	Elapsed: 0.032	Loglikelihood: -58879.3	(delta): 0
98 (QN/Block) 	Elapsed: 0.034	Loglikelihood: -58879.3	(delta): 0
99 (QN/Block) 	Elapsed: 0.034	Loglikelihood: -58879.3	(delta): 0
100 (QN/Block) 	Elapsed: 0.033	Loglikelihood: -58879.3	(delta): 0
Summary: 
Converged in 100 iterations (3.014 sec)
Loglikelihood: -58879.291747
Fst divergences between estimated populations: 
	Pop0	Pop1	Pop2	Pop3	Pop4	
Pop0	
Pop1	0.502	
Pop2	0.147	0.477	
Pop3	0.525	0.237	0.505	
Pop4	0.586	0.409	0.562	0.464	
Pop5	0.572	0.384	0.544	0.444	0.165	
CV error (K=6): 0.44114
Writing output files.
