****                   ADMIXTURE Version 1.3.0                  ****
****                    Copyright 2008-2015                     ****
****           David Alexander, Suyash Shringarpure,            ****
****                John  Novembre, Ken Lange                   ****
****                                                            ****
****                 Please cite our paper!                     ****
****   Information at www.genetics.ucla.edu/software/admixture  ****

Parallel execution requested.  Will use 8 threads.
Cross-validation will be performed.  Folds=10.
Random seed: 43
Point estimation method: Block relaxation algorithm
Convergence acceleration algorithm: QuasiNewton, 3 secant conditions
Point estimation will terminate at 100 iterations
Estimation of standard errors disabled; will compute point estimates only.
Size of G: 121x1282
Performing five EM steps to prime main algorithm
1 (EM) 	Elapsed: 0.011	Loglikelihood: -107329	(delta): 114518
2 (EM) 	Elapsed: 0.01	Loglikelihood: -102383	(delta): 4945.96
3 (EM) 	Elapsed: 0.011	Loglikelihood: -100761	(delta): 1622.57
4 (EM) 	Elapsed: 0.01	Loglikelihood: -99296.9	(delta): 1463.64
5 (EM) 	Elapsed: 0.011	Loglikelihood: -97612.7	(delta): 1684.24
Initial loglikelihood: -97612.7
Starting main algorithm
1 (QN/Block) 	Elapsed: 0.021	Loglikelihood: -69368.5	(delta): 28244.2
2 (QN/Block) 	Elapsed: 0.022	Loglikelihood: -64039.5	(delta): 5328.98
3 (QN/Block) 	Elapsed: 0.022	Loglikelihood: -62008.3	(delta): 2031.21
4 (QN/Block) 	Elapsed: 0.021	Loglikelihood: -60685.5	(delta): 1322.8
5 (QN/Block) 	Elapsed: 0.021	Loglikelihood: -60223.7	(delta): 461.725
6 (QN/Block) 	Elapsed: 0.02	Loglikelihood: -60133.3	(delta): 90.4282
7 (QN/Block) 	Elapsed: 0.022	Loglikelihood: -60118.4	(delta): 14.8897
8 (QN/Block) 	Elapsed: 0.024	Loglikelihood: -60115	(delta): 3.44272
9 (QN/Block) 	Elapsed: 0.025	Loglikelihood: -60113.9	(delta): 1.07495
10 (QN/Block) 	Elapsed: 0.025	Loglikelihood: -60113.7	(delta): 0.2451
11 (QN/Block) 	Elapsed: 0.03	Loglikelihood: -60113.7	(delta): 0.000322439
12 (QN/Block) 	Elapsed: 0.026	Loglikelihood: -60113.7	(delta): 4.33783e-05
13 (QN/Block) 	Elapsed: 0.026	Loglikelihood: -60113.7	(delta): 7.6811e-06
14 (QN/Block) 	Elapsed: 0.026	Loglikelihood: -60113.7	(delta): 5.09805e-07
15 (QN/Block) 	Elapsed: 0.028	Loglikelihood: -60113.7	(delta): 3.39205e-08
16 (QN/Block) 	Elapsed: 0.023	Loglikelihood: -60113.7	(delta): 3.90719e-09
17 (QN/Block) 	Elapsed: 0.024	Loglikelihood: -60113.7	(delta): 2.32831e-10
18 (QN/Block) 	Elapsed: 0.022	Loglikelihood: -60113.7	(delta): 2.18279e-11
19 (QN/Block) 	Elapsed: 0.022	Loglikelihood: -60113.7	(delta): -7.27596e-12
20 (QN/Block) 	Elapsed: 0.022	Loglikelihood: -60113.7	(delta): 0
21 (QN/Block) 	Elapsed: 0.028	Loglikelihood: -60113.7	(delta): 0
22 (QN/Block) 	Elapsed: 0.03	Loglikelihood: -60113.7	(delta): -7.27596e-12
23 (QN/Block) 	Elapsed: 0.028	Loglikelihood: -60113.7	(delta): 7.27596e-12
24 (QN/Block) 	Elapsed: 0.027	Loglikelihood: -60113.7	(delta): 0
25 (QN/Block) 	Elapsed: 0.027	Loglikelihood: -60113.7	(delta): 7.27596e-12
26 (QN/Block) 	Elapsed: 0.027	Loglikelihood: -60113.7	(delta): 0
27 (QN/Block) 	Elapsed: 0.03	Loglikelihood: -60113.7	(delta): 0
28 (QN/Block) 	Elapsed: 0.029	Loglikelihood: -60113.7	(delta): 0
29 (QN/Block) 	Elapsed: 0.031	Loglikelihood: -60113.7	(delta): 0
30 (QN/Block) 	Elapsed: 0.029	Loglikelihood: -60113.7	(delta): 0
31 (QN/Block) 	Elapsed: 0.026	Loglikelihood: -60113.7	(delta): 0
32 (QN/Block) 	Elapsed: 0.027	Loglikelihood: -60113.7	(delta): 0
33 (QN/Block) 	Elapsed: 0.027	Loglikelihood: -60113.7	(delta): 0
34 (QN/Block) 	Elapsed: 0.027	Loglikelihood: -60113.7	(delta): 0
35 (QN/Block) 	Elapsed: 0.024	Loglikelihood: -60113.7	(delta): 7.27596e-12
36 (QN/Block) 	Elapsed: 0.026	Loglikelihood: -60113.7	(delta): 0
37 (QN/Block) 	Elapsed: 0.025	Loglikelihood: -60113.7	(delta): -7.27596e-12
38 (QN/Block) 	Elapsed: 0.023	Loglikelihood: -60113.7	(delta): -7.27596e-12
39 (QN/Block) 	Elapsed: 0.026	Loglikelihood: -60113.7	(delta): 7.27596e-12
40 (QN/Block) 	Elapsed: 0.025	Loglikelihood: -60113.7	(delta): 7.27596e-12
41 (QN/Block) 	Elapsed: 0.027	Loglikelihood: -60113.7	(delta): 0
42 (QN/Block) 	Elapsed: 0.026	Loglikelihood: -60113.7	(delta): -7.27596e-12
43 (QN/Block) 	Elapsed: 0.024	Loglikelihood: -60113.7	(delta): 0
44 (QN/Block) 	Elapsed: 0.025	Loglikelihood: -60113.7	(delta): 0
45 (QN/Block) 	Elapsed: 0.03	Loglikelihood: -60113.7	(delta): 7.27596e-12
46 (QN/Block) 	Elapsed: 0.028	Loglikelihood: -60113.7	(delta): 0
47 (QN/Block) 	Elapsed: 0.03	Loglikelihood: -60113.7	(delta): 0
48 (QN/Block) 	Elapsed: 0.026	Loglikelihood: -60113.7	(delta): -7.27596e-12
49 (QN/Block) 	Elapsed: 0.029	Loglikelihood: -60113.7	(delta): 0
50 (QN/Block) 	Elapsed: 0.029	Loglikelihood: -60113.7	(delta): 1.45519e-11
51 (QN/Block) 	Elapsed: 0.028	Loglikelihood: -60113.7	(delta): 0
52 (QN/Block) 	Elapsed: 0.026	Loglikelihood: -60113.7	(delta): -7.27596e-12
53 (QN/Block) 	Elapsed: 0.028	Loglikelihood: -60113.7	(delta): -7.27596e-12
54 (QN/Block) 	Elapsed: 0.026	Loglikelihood: -60113.7	(delta): 7.27596e-12
55 (QN/Block) 	Elapsed: 0.027	Loglikelihood: -60113.7	(delta): 0
56 (QN/Block) 	Elapsed: 0.029	Loglikelihood: -60113.7	(delta): 7.27596e-12
57 (QN/Block) 	Elapsed: 0.029	Loglikelihood: -60113.7	(delta): 0
58 (QN/Block) 	Elapsed: 0.026	Loglikelihood: -60113.7	(delta): -1.45519e-11
59 (QN/Block) 	Elapsed: 0.024	Loglikelihood: -60113.7	(delta): 1.45519e-11
60 (QN/Block) 	Elapsed: 0.024	Loglikelihood: -60113.7	(delta): -1.45519e-11
61 (QN/Block) 	Elapsed: 0.026	Loglikelihood: -60113.7	(delta): 7.27596e-12
62 (QN/Block) 	Elapsed: 0.025	Loglikelihood: -60113.7	(delta): 7.27596e-12
63 (QN/Block) 	Elapsed: 0.025	Loglikelihood: -60113.7	(delta): 0
64 (QN/Block) 	Elapsed: 0.022	Loglikelihood: -60113.7	(delta): 0
65 (QN/Block) 	Elapsed: 0.027	Loglikelihood: -60113.7	(delta): 0
66 (QN/Block) 	Elapsed: 0.026	Loglikelihood: -60113.7	(delta): 7.27596e-12
67 (QN/Block) 	Elapsed: 0.026	Loglikelihood: -60113.7	(delta): 0
68 (QN/Block) 	Elapsed: 0.024	Loglikelihood: -60113.7	(delta): -7.27596e-12
69 (QN/Block) 	Elapsed: 0.029	Loglikelihood: -60113.7	(delta): 0
70 (QN/Block) 	Elapsed: 0.027	Loglikelihood: -60113.7	(delta): 0
71 (QN/Block) 	Elapsed: 0.026	Loglikelihood: -60113.7	(delta): 0
72 (QN/Block) 	Elapsed: 0.026	Loglikelihood: -60113.7	(delta): 7.27596e-12
73 (QN/Block) 	Elapsed: 0.028	Loglikelihood: -60113.7	(delta): 0
74 (QN/Block) 	Elapsed: 0.028	Loglikelihood: -60113.7	(delta): -7.27596e-12
75 (QN/Block) 	Elapsed: 0.029	Loglikelihood: -60113.7	(delta): 0
76 (QN/Block) 	Elapsed: 0.024	Loglikelihood: -60113.7	(delta): 7.27596e-12
77 (QN/Block) 	Elapsed: 0.025	Loglikelihood: -60113.7	(delta): -7.27596e-12
78 (QN/Block) 	Elapsed: 0.025	Loglikelihood: -60113.7	(delta): 0
79 (QN/Block) 	Elapsed: 0.025	Loglikelihood: -60113.7	(delta): 7.27596e-12
80 (QN/Block) 	Elapsed: 0.025	Loglikelihood: -60113.7	(delta): -7.27596e-12
81 (QN/Block) 	Elapsed: 0.027	Loglikelihood: -60113.7	(delta): 0
82 (QN/Block) 	Elapsed: 0.028	Loglikelihood: -60113.7	(delta): 7.27596e-12
83 (QN/Block) 	Elapsed: 0.027	Loglikelihood: -60113.7	(delta): 0
84 (QN/Block) 	Elapsed: 0.024	Loglikelihood: -60113.7	(delta): 0
85 (QN/Block) 	Elapsed: 0.028	Loglikelihood: -60113.7	(delta): 0
86 (QN/Block) 	Elapsed: 0.026	Loglikelihood: -60113.7	(delta): 7.27596e-12
87 (QN/Block) 	Elapsed: 0.024	Loglikelihood: -60113.7	(delta): -7.27596e-12
88 (QN/Block) 	Elapsed: 0.026	Loglikelihood: -60113.7	(delta): 0
89 (QN/Block) 	Elapsed: 0.028	Loglikelihood: -60113.7	(delta): -7.27596e-12
90 (QN/Block) 	Elapsed: 0.025	Loglikelihood: -60113.7	(delta): 7.27596e-12
91 (QN/Block) 	Elapsed: 0.026	Loglikelihood: -60113.7	(delta): 0
92 (QN/Block) 	Elapsed: 0.023	Loglikelihood: -60113.7	(delta): 0
93 (QN/Block) 	Elapsed: 0.025	Loglikelihood: -60113.7	(delta): -7.27596e-12
94 (QN/Block) 	Elapsed: 0.021	Loglikelihood: -60113.7	(delta): 1.45519e-11
95 (QN/Block) 	Elapsed: 0.024	Loglikelihood: -60113.7	(delta): 0
96 (QN/Block) 	Elapsed: 0.021	Loglikelihood: -60113.7	(delta): 0
97 (QN/Block) 	Elapsed: 0.025	Loglikelihood: -60113.7	(delta): -7.27596e-12
98 (QN/Block) 	Elapsed: 0.022	Loglikelihood: -60113.7	(delta): -7.27596e-12
99 (QN/Block) 	Elapsed: 0.024	Loglikelihood: -60113.7	(delta): 7.27596e-12
100 (QN/Block) 	Elapsed: 0.026	Loglikelihood: -60113.7	(delta): 7.27596e-12
Summary: 
Converged in 100 iterations (2.745 sec)
Loglikelihood: -60113.651719
Fst divergences between estimated populations: 
	Pop0	Pop1	Pop2	Pop3	
Pop0	
Pop1	0.541	
Pop2	0.567	0.146	
Pop3	0.404	0.474	0.494	
Pop4	0.163	0.561	0.583	0.426	
CV error (K=5): 0.41789
Writing output files.
