****                   ADMIXTURE Version 1.3.0                  ****
****                    Copyright 2008-2015                     ****
****           David Alexander, Suyash Shringarpure,            ****
****                John  Novembre, Ken Lange                   ****
****                                                            ****
****                 Please cite our paper!                     ****
****   Information at www.genetics.ucla.edu/software/admixture  ****

Parallel execution requested.  Will use 8 threads.
Cross-validation will be performed.  Folds=10.
Random seed: 43
Point estimation method: Block relaxation algorithm
Convergence acceleration algorithm: QuasiNewton, 3 secant conditions
Point estimation will terminate at 100 iterations
Estimation of standard errors disabled; will compute point estimates only.
Size of G: 121x1282
Performing five EM steps to prime main algorithm
1 (EM) 	Elapsed: 0.003	Loglikelihood: -105510	(delta): 148876
2 (EM) 	Elapsed: 0.003	Loglikelihood: -100887	(delta): 4623.24
3 (EM) 	Elapsed: 0.004	Loglikelihood: -98919.8	(delta): 1966.97
4 (EM) 	Elapsed: 0.004	Loglikelihood: -97175.6	(delta): 1744.22
5 (EM) 	Elapsed: 0.004	Loglikelihood: -95325.4	(delta): 1850.2
Initial loglikelihood: -95325.4
Starting main algorithm
1 (QN/Block) 	Elapsed: 0.012	Loglikelihood: -76304.5	(delta): 19020.9
2 (QN/Block) 	Elapsed: 0.011	Loglikelihood: -74702.1	(delta): 1602.33
3 (QN/Block) 	Elapsed: 0.014	Loglikelihood: -74076.5	(delta): 625.621
4 (QN/Block) 	Elapsed: 0.012	Loglikelihood: -73642.1	(delta): 434.45
5 (QN/Block) 	Elapsed: 0.013	Loglikelihood: -73540.1	(delta): 101.957
6 (QN/Block) 	Elapsed: 0.013	Loglikelihood: -73533.2	(delta): 6.90734
7 (QN/Block) 	Elapsed: 0.013	Loglikelihood: -73533	(delta): 0.239704
8 (QN/Block) 	Elapsed: 0.019	Loglikelihood: -73533	(delta): 0.0170756
9 (QN/Block) 	Elapsed: 0.014	Loglikelihood: -73533	(delta): 7.19524e-05
10 (QN/Block) 	Elapsed: 0.013	Loglikelihood: -73533	(delta): 1.88316e-07
11 (QN/Block) 	Elapsed: 0.013	Loglikelihood: -73533	(delta): 6.98492e-10
12 (QN/Block) 	Elapsed: 0.016	Loglikelihood: -73533	(delta): 0
13 (QN/Block) 	Elapsed: 0.026	Loglikelihood: -73533	(delta): 0
14 (QN/Block) 	Elapsed: 0.019	Loglikelihood: -73533	(delta): 0
15 (QN/Block) 	Elapsed: 0.014	Loglikelihood: -73533	(delta): 1.45519e-11
16 (QN/Block) 	Elapsed: 0.019	Loglikelihood: -73533	(delta): 0
17 (QN/Block) 	Elapsed: 0.017	Loglikelihood: -73533	(delta): 0
18 (QN/Block) 	Elapsed: 0.015	Loglikelihood: -73533	(delta): -1.45519e-11
19 (QN/Block) 	Elapsed: 0.016	Loglikelihood: -73533	(delta): 1.45519e-11
20 (QN/Block) 	Elapsed: 0.016	Loglikelihood: -73533	(delta): 0
21 (QN/Block) 	Elapsed: 0.015	Loglikelihood: -73533	(delta): 0
22 (QN/Block) 	Elapsed: 0.017	Loglikelihood: -73533	(delta): -1.45519e-11
23 (QN/Block) 	Elapsed: 0.017	Loglikelihood: -73533	(delta): 0
24 (QN/Block) 	Elapsed: 0.014	Loglikelihood: -73533	(delta): 0
25 (QN/Block) 	Elapsed: 0.017	Loglikelihood: -73533	(delta): -1.45519e-11
26 (QN/Block) 	Elapsed: 0.018	Loglikelihood: -73533	(delta): 0
27 (QN/Block) 	Elapsed: 0.018	Loglikelihood: -73533	(delta): 1.45519e-11
28 (QN/Block) 	Elapsed: 0.018	Loglikelihood: -73533	(delta): -1.45519e-11
29 (QN/Block) 	Elapsed: 0.015	Loglikelihood: -73533	(delta): 1.45519e-11
30 (QN/Block) 	Elapsed: 0.02	Loglikelihood: -73533	(delta): -1.45519e-11
31 (QN/Block) 	Elapsed: 0.016	Loglikelihood: -73533	(delta): 1.45519e-11
32 (QN/Block) 	Elapsed: 0.018	Loglikelihood: -73533	(delta): 0
33 (QN/Block) 	Elapsed: 0.016	Loglikelihood: -73533	(delta): 0
34 (QN/Block) 	Elapsed: 0.018	Loglikelihood: -73533	(delta): 0
35 (QN/Block) 	Elapsed: 0.017	Loglikelihood: -73533	(delta): 0
36 (QN/Block) 	Elapsed: 0.021	Loglikelihood: -73533	(delta): -1.45519e-11
37 (QN/Block) 	Elapsed: 0.017	Loglikelihood: -73533	(delta): 1.45519e-11
38 (QN/Block) 	Elapsed: 0.016	Loglikelihood: -73533	(delta): 0
39 (QN/Block) 	Elapsed: 0.017	Loglikelihood: -73533	(delta): 0
40 (QN/Block) 	Elapsed: 0.015	Loglikelihood: -73533	(delta): 0
41 (QN/Block) 	Elapsed: 0.014	Loglikelihood: -73533	(delta): 0
42 (QN/Block) 	Elapsed: 0.016	Loglikelihood: -73533	(delta): 0
43 (QN/Block) 	Elapsed: 0.014	Loglikelihood: -73533	(delta): 0
44 (QN/Block) 	Elapsed: 0.016	Loglikelihood: -73533	(delta): 0
45 (QN/Block) 	Elapsed: 0.017	Loglikelihood: -73533	(delta): 0
46 (QN/Block) 	Elapsed: 0.014	Loglikelihood: -73533	(delta): 0
47 (QN/Block) 	Elapsed: 0.013	Loglikelihood: -73533	(delta): -1.45519e-11
48 (QN/Block) 	Elapsed: 0.016	Loglikelihood: -73533	(delta): 1.45519e-11
49 (QN/Block) 	Elapsed: 0.015	Loglikelihood: -73533	(delta): 0
50 (QN/Block) 	Elapsed: 0.015	Loglikelihood: -73533	(delta): 0
51 (QN/Block) 	Elapsed: 0.015	Loglikelihood: -73533	(delta): 0
52 (QN/Block) 	Elapsed: 0.015	Loglikelihood: -73533	(delta): 0
53 (QN/Block) 	Elapsed: 0.015	Loglikelihood: -73533	(delta): 0
54 (QN/Block) 	Elapsed: 0.016	Loglikelihood: -73533	(delta): 0
55 (QN/Block) 	Elapsed: 0.017	Loglikelihood: -73533	(delta): 0
56 (QN/Block) 	Elapsed: 0.015	Loglikelihood: -73533	(delta): 0
57 (QN/Block) 	Elapsed: 0.016	Loglikelihood: -73533	(delta): 0
58 (QN/Block) 	Elapsed: 0.015	Loglikelihood: -73533	(delta): -1.45519e-11
59 (QN/Block) 	Elapsed: 0.017	Loglikelihood: -73533	(delta): 1.45519e-11
60 (QN/Block) 	Elapsed: 0.016	Loglikelihood: -73533	(delta): -1.45519e-11
61 (QN/Block) 	Elapsed: 0.015	Loglikelihood: -73533	(delta): 1.45519e-11
62 (QN/Block) 	Elapsed: 0.017	Loglikelihood: -73533	(delta): 0
63 (QN/Block) 	Elapsed: 0.016	Loglikelihood: -73533	(delta): 0
64 (QN/Block) 	Elapsed: 0.015	Loglikelihood: -73533	(delta): 0
65 (QN/Block) 	Elapsed: 0.016	Loglikelihood: -73533	(delta): 0
66 (QN/Block) 	Elapsed: 0.016	Loglikelihood: -73533	(delta): 0
67 (QN/Block) 	Elapsed: 0.014	Loglikelihood: -73533	(delta): 0
68 (QN/Block) 	Elapsed: 0.018	Loglikelihood: -73533	(delta): 0
69 (QN/Block) 	Elapsed: 0.015	Loglikelihood: -73533	(delta): 0
70 (QN/Block) 	Elapsed: 0.015	Loglikelihood: -73533	(delta): 0
71 (QN/Block) 	Elapsed: 0.016	Loglikelihood: -73533	(delta): 0
72 (QN/Block) 	Elapsed: 0.017	Loglikelihood: -73533	(delta): 0
73 (QN/Block) 	Elapsed: 0.017	Loglikelihood: -73533	(delta): 1.45519e-11
74 (QN/Block) 	Elapsed: 0.015	Loglikelihood: -73533	(delta): -1.45519e-11
75 (QN/Block) 	Elapsed: 0.013	Loglikelihood: -73533	(delta): 0
76 (QN/Block) 	Elapsed: 0.017	Loglikelihood: -73533	(delta): 0
77 (QN/Block) 	Elapsed: 0.017	Loglikelihood: -73533	(delta): 0
78 (QN/Block) 	Elapsed: 0.018	Loglikelihood: -73533	(delta): 0
79 (QN/Block) 	Elapsed: 0.017	Loglikelihood: -73533	(delta): 0
80 (QN/Block) 	Elapsed: 0.017	Loglikelihood: -73533	(delta): 0
81 (QN/Block) 	Elapsed: 0.017	Loglikelihood: -73533	(delta): 0
82 (QN/Block) 	Elapsed: 0.016	Loglikelihood: -73533	(delta): 0
83 (QN/Block) 	Elapsed: 0.017	Loglikelihood: -73533	(delta): 0
84 (QN/Block) 	Elapsed: 0.017	Loglikelihood: -73533	(delta): 0
85 (QN/Block) 	Elapsed: 0.018	Loglikelihood: -73533	(delta): 0
86 (QN/Block) 	Elapsed: 0.016	Loglikelihood: -73533	(delta): 0
87 (QN/Block) 	Elapsed: 0.015	Loglikelihood: -73533	(delta): 0
88 (QN/Block) 	Elapsed: 0.017	Loglikelihood: -73533	(delta): 0
89 (QN/Block) 	Elapsed: 0.018	Loglikelihood: -73533	(delta): 0
90 (QN/Block) 	Elapsed: 0.019	Loglikelihood: -73533	(delta): 1.45519e-11
91 (QN/Block) 	Elapsed: 0.016	Loglikelihood: -73533	(delta): -1.45519e-11
92 (QN/Block) 	Elapsed: 0.017	Loglikelihood: -73533	(delta): 0
93 (QN/Block) 	Elapsed: 0.017	Loglikelihood: -73533	(delta): 0
94 (QN/Block) 	Elapsed: 0.017	Loglikelihood: -73533	(delta): 0
95 (QN/Block) 	Elapsed: 0.017	Loglikelihood: -73533	(delta): 1.45519e-11
96 (QN/Block) 	Elapsed: 0.016	Loglikelihood: -73533	(delta): -2.91038e-11
97 (QN/Block) 	Elapsed: 0.013	Loglikelihood: -73533	(delta): 1.45519e-11
98 (QN/Block) 	Elapsed: 0.016	Loglikelihood: -73533	(delta): 0
99 (QN/Block) 	Elapsed: 0.017	Loglikelihood: -73533	(delta): 0
100 (QN/Block) 	Elapsed: 0.018	Loglikelihood: -73533	(delta): 0
Summary: 
Converged in 100 iterations (1.733 sec)
Loglikelihood: -73532.951074
Fst divergences between estimated populations: 
	Pop0	
Pop0	
Pop1	0.469	
CV error (K=2): 0.45800
Writing output files.
