****                   ADMIXTURE Version 1.3.0                  ****
****                    Copyright 2008-2015                     ****
****           David Alexander, Suyash Shringarpure,            ****
****                John  Novembre, Ken Lange                   ****
****                                                            ****
****                 Please cite our paper!                     ****
****   Information at www.genetics.ucla.edu/software/admixture  ****

Parallel execution requested.  Will use 8 threads.
Cross-validation will be performed.  Folds=10.
Random seed: 43
Point estimation method: Block relaxation algorithm
Convergence acceleration algorithm: QuasiNewton, 3 secant conditions
Point estimation will terminate at 100 iterations
Estimation of standard errors disabled; will compute point estimates only.
Size of G: 92x945
Performing five EM steps to prime main algorithm
1 (EM) 	Elapsed: 0.003	Loglikelihood: -42980.8	(delta): 90651.3
2 (EM) 	Elapsed: 0.003	Loglikelihood: -40724.9	(delta): 2255.81
3 (EM) 	Elapsed: 0.003	Loglikelihood: -40233.7	(delta): 491.283
4 (EM) 	Elapsed: 0.003	Loglikelihood: -39970.8	(delta): 262.854
5 (EM) 	Elapsed: 0.004	Loglikelihood: -39806	(delta): 164.803
Initial loglikelihood: -39806
Starting main algorithm
1 (QN/Block) 	Elapsed: 0.009	Loglikelihood: -36855.4	(delta): 2950.65
2 (QN/Block) 	Elapsed: 0.009	Loglikelihood: -35852	(delta): 1003.34
3 (QN/Block) 	Elapsed: 0.01	Loglikelihood: -35459.1	(delta): 392.94
4 (QN/Block) 	Elapsed: 0.01	Loglikelihood: -35186.8	(delta): 272.25
5 (QN/Block) 	Elapsed: 0.012	Loglikelihood: -35046.3	(delta): 140.565
6 (QN/Block) 	Elapsed: 0.013	Loglikelihood: -35014.4	(delta): 31.8469
7 (QN/Block) 	Elapsed: 0.013	Loglikelihood: -35003.3	(delta): 11.1154
8 (QN/Block) 	Elapsed: 0.012	Loglikelihood: -35001.7	(delta): 1.62041
9 (QN/Block) 	Elapsed: 0.013	Loglikelihood: -35000.9	(delta): 0.798296
10 (QN/Block) 	Elapsed: 0.011	Loglikelihood: -35000.4	(delta): 0.433771
11 (QN/Block) 	Elapsed: 0.012	Loglikelihood: -35000.3	(delta): 0.101503
12 (QN/Block) 	Elapsed: 0.012	Loglikelihood: -35000.3	(delta): 0.0497556
13 (QN/Block) 	Elapsed: 0.011	Loglikelihood: -35000.2	(delta): 0.0528177
14 (QN/Block) 	Elapsed: 0.012	Loglikelihood: -35000.2	(delta): 0.0672952
15 (QN/Block) 	Elapsed: 0.011	Loglikelihood: -35000.1	(delta): 0.082158
16 (QN/Block) 	Elapsed: 0.012	Loglikelihood: -35000	(delta): 0.117162
17 (QN/Block) 	Elapsed: 0.011	Loglikelihood: -34999.8	(delta): 0.178543
18 (QN/Block) 	Elapsed: 0.012	Loglikelihood: -34999.6	(delta): 0.219757
19 (QN/Block) 	Elapsed: 0.014	Loglikelihood: -34999.3	(delta): 0.320859
20 (QN/Block) 	Elapsed: 0.014	Loglikelihood: -34999	(delta): 0.265033
21 (QN/Block) 	Elapsed: 0.013	Loglikelihood: -34998.7	(delta): 0.279377
22 (QN/Block) 	Elapsed: 0.013	Loglikelihood: -34998.2	(delta): 0.554172
23 (QN/Block) 	Elapsed: 0.015	Loglikelihood: -34997.2	(delta): 0.990861
24 (QN/Block) 	Elapsed: 0.013	Loglikelihood: -34996.5	(delta): 0.660721
25 (QN/Block) 	Elapsed: 0.01	Loglikelihood: -34996.1	(delta): 0.377299
26 (QN/Block) 	Elapsed: 0.013	Loglikelihood: -34996	(delta): 0.172193
27 (QN/Block) 	Elapsed: 0.012	Loglikelihood: -34995.9	(delta): 0.0451481
28 (QN/Block) 	Elapsed: 0.013	Loglikelihood: -34995.9	(delta): 0.0230892
29 (QN/Block) 	Elapsed: 0.013	Loglikelihood: -34995.9	(delta): 0.0140742
30 (QN/Block) 	Elapsed: 0.013	Loglikelihood: -34995.8	(delta): 0.0289628
31 (QN/Block) 	Elapsed: 0.012	Loglikelihood: -34995.8	(delta): 0.0661086
32 (QN/Block) 	Elapsed: 0.012	Loglikelihood: -34995.6	(delta): 0.152861
33 (QN/Block) 	Elapsed: 0.012	Loglikelihood: -34995.5	(delta): 0.164394
34 (QN/Block) 	Elapsed: 0.013	Loglikelihood: -34995.5	(delta): 0.0145212
35 (QN/Block) 	Elapsed: 0.014	Loglikelihood: -34995.4	(delta): 0.0158814
36 (QN/Block) 	Elapsed: 0.013	Loglikelihood: -34995.4	(delta): 0.0193713
37 (QN/Block) 	Elapsed: 0.014	Loglikelihood: -34995.4	(delta): 0.00116166
38 (QN/Block) 	Elapsed: 0.015	Loglikelihood: -34995.4	(delta): 0.000962167
39 (QN/Block) 	Elapsed: 0.013	Loglikelihood: -34995.4	(delta): 0.0013277
40 (QN/Block) 	Elapsed: 0.013	Loglikelihood: -34995.4	(delta): 0.000570015
41 (QN/Block) 	Elapsed: 0.013	Loglikelihood: -34995.4	(delta): 0.00012011
42 (QN/Block) 	Elapsed: 0.013	Loglikelihood: -34995.4	(delta): 4.0319e-05
43 (QN/Block) 	Elapsed: 0.013	Loglikelihood: -34995.4	(delta): 1.8357e-06
44 (QN/Block) 	Elapsed: 0.013	Loglikelihood: -34995.4	(delta): 1.02453e-07
45 (QN/Block) 	Elapsed: 0.011	Loglikelihood: -34995.4	(delta): 1.94486e-08
46 (QN/Block) 	Elapsed: 0.013	Loglikelihood: -34995.4	(delta): 2.11003e-10
47 (QN/Block) 	Elapsed: 0.013	Loglikelihood: -34995.4	(delta): 2.18279e-11
48 (QN/Block) 	Elapsed: 0.013	Loglikelihood: -34995.4	(delta): -7.27596e-12
49 (QN/Block) 	Elapsed: 0.013	Loglikelihood: -34995.4	(delta): 0
50 (QN/Block) 	Elapsed: 0.014	Loglikelihood: -34995.4	(delta): 0
51 (QN/Block) 	Elapsed: 0.013	Loglikelihood: -34995.4	(delta): 0
52 (QN/Block) 	Elapsed: 0.013	Loglikelihood: -34995.4	(delta): -7.27596e-12
53 (QN/Block) 	Elapsed: 0.013	Loglikelihood: -34995.4	(delta): 0
54 (QN/Block) 	Elapsed: 0.013	Loglikelihood: -34995.4	(delta): 7.27596e-12
55 (QN/Block) 	Elapsed: 0.013	Loglikelihood: -34995.4	(delta): -7.27596e-12
56 (QN/Block) 	Elapsed: 0.013	Loglikelihood: -34995.4	(delta): 7.27596e-12
57 (QN/Block) 	Elapsed: 0.013	Loglikelihood: -34995.4	(delta): -7.27596e-12
58 (QN/Block) 	Elapsed: 0.013	Loglikelihood: -34995.4	(delta): 0
59 (QN/Block) 	Elapsed: 0.013	Loglikelihood: -34995.4	(delta): 0
60 (QN/Block) 	Elapsed: 0.012	Loglikelihood: -34995.4	(delta): 7.27596e-12
61 (QN/Block) 	Elapsed: 0.012	Loglikelihood: -34995.4	(delta): 0
62 (QN/Block) 	Elapsed: 0.011	Loglikelihood: -34995.4	(delta): 0
63 (QN/Block) 	Elapsed: 0.012	Loglikelihood: -34995.4	(delta): 0
64 (QN/Block) 	Elapsed: 0.013	Loglikelihood: -34995.4	(delta): 0
65 (QN/Block) 	Elapsed: 0.012	Loglikelihood: -34995.4	(delta): 0
66 (QN/Block) 	Elapsed: 0.012	Loglikelihood: -34995.4	(delta): -7.27596e-12
67 (QN/Block) 	Elapsed: 0.012	Loglikelihood: -34995.4	(delta): 7.27596e-12
68 (QN/Block) 	Elapsed: 0.01	Loglikelihood: -34995.4	(delta): 0
69 (QN/Block) 	Elapsed: 0.011	Loglikelihood: -34995.4	(delta): 0
70 (QN/Block) 	Elapsed: 0.011	Loglikelihood: -34995.4	(delta): -7.27596e-12
71 (QN/Block) 	Elapsed: 0.013	Loglikelihood: -34995.4	(delta): 0
72 (QN/Block) 	Elapsed: 0.013	Loglikelihood: -34995.4	(delta): 7.27596e-12
73 (QN/Block) 	Elapsed: 0.012	Loglikelihood: -34995.4	(delta): 0
74 (QN/Block) 	Elapsed: 0.016	Loglikelihood: -34995.4	(delta): -7.27596e-12
75 (QN/Block) 	Elapsed: 0.013	Loglikelihood: -34995.4	(delta): 0
76 (QN/Block) 	Elapsed: 0.013	Loglikelihood: -34995.4	(delta): 7.27596e-12
77 (QN/Block) 	Elapsed: 0.016	Loglikelihood: -34995.4	(delta): -7.27596e-12
78 (QN/Block) 	Elapsed: 0.014	Loglikelihood: -34995.4	(delta): 0
79 (QN/Block) 	Elapsed: 0.014	Loglikelihood: -34995.4	(delta): 7.27596e-12
80 (QN/Block) 	Elapsed: 0.013	Loglikelihood: -34995.4	(delta): 0
81 (QN/Block) 	Elapsed: 0.016	Loglikelihood: -34995.4	(delta): -7.27596e-12
82 (QN/Block) 	Elapsed: 0.015	Loglikelihood: -34995.4	(delta): 7.27596e-12
83 (QN/Block) 	Elapsed: 0.017	Loglikelihood: -34995.4	(delta): -7.27596e-12
84 (QN/Block) 	Elapsed: 0.014	Loglikelihood: -34995.4	(delta): 0
85 (QN/Block) 	Elapsed: 0.014	Loglikelihood: -34995.4	(delta): 0
86 (QN/Block) 	Elapsed: 0.014	Loglikelihood: -34995.4	(delta): 7.27596e-12
87 (QN/Block) 	Elapsed: 0.016	Loglikelihood: -34995.4	(delta): 0
88 (QN/Block) 	Elapsed: 0.014	Loglikelihood: -34995.4	(delta): 0
89 (QN/Block) 	Elapsed: 0.011	Loglikelihood: -34995.4	(delta): -7.27596e-12
90 (QN/Block) 	Elapsed: 0.01	Loglikelihood: -34995.4	(delta): 0
91 (QN/Block) 	Elapsed: 0.012	Loglikelihood: -34995.4	(delta): 0
92 (QN/Block) 	Elapsed: 0.011	Loglikelihood: -34995.4	(delta): 0
93 (QN/Block) 	Elapsed: 0.013	Loglikelihood: -34995.4	(delta): 7.27596e-12
94 (QN/Block) 	Elapsed: 0.014	Loglikelihood: -34995.4	(delta): 0
95 (QN/Block) 	Elapsed: 0.014	Loglikelihood: -34995.4	(delta): -7.27596e-12
96 (QN/Block) 	Elapsed: 0.014	Loglikelihood: -34995.4	(delta): 0
97 (QN/Block) 	Elapsed: 0.013	Loglikelihood: -34995.4	(delta): 0
98 (QN/Block) 	Elapsed: 0.013	Loglikelihood: -34995.4	(delta): 0
99 (QN/Block) 	Elapsed: 0.013	Loglikelihood: -34995.4	(delta): 0
100 (QN/Block) 	Elapsed: 0.014	Loglikelihood: -34995.4	(delta): 0
Summary: 
Converged in 100 iterations (1.383 sec)
Loglikelihood: -34995.411706
Fst divergences between estimated populations: 
	Pop0	Pop1	
Pop0	
Pop1	0.191	
Pop2	0.181	0.045	
CV error (K=3): 0.32207
Writing output files.
