****                   ADMIXTURE Version 1.3.0                  ****
****                    Copyright 2008-2015                     ****
****           David Alexander, Suyash Shringarpure,            ****
****                John  Novembre, Ken Lange                   ****
****                                                            ****
****                 Please cite our paper!                     ****
****   Information at www.genetics.ucla.edu/software/admixture  ****

Parallel execution requested.  Will use 8 threads.
Cross-validation will be performed.  Folds=10.
Random seed: 43
Point estimation method: Block relaxation algorithm
Convergence acceleration algorithm: QuasiNewton, 3 secant conditions
Point estimation will terminate at 100 iterations
Estimation of standard errors disabled; will compute point estimates only.
Size of G: 92x945
Performing five EM steps to prime main algorithm
1 (EM) 	Elapsed: 0.012	Loglikelihood: -43456.3	(delta): 77448.9
2 (EM) 	Elapsed: 0.012	Loglikelihood: -40550.8	(delta): 2905.56
3 (EM) 	Elapsed: 0.012	Loglikelihood: -39969	(delta): 581.725
4 (EM) 	Elapsed: 0.012	Loglikelihood: -39605.4	(delta): 363.653
5 (EM) 	Elapsed: 0.012	Loglikelihood: -39317.4	(delta): 287.99
Initial loglikelihood: -39317.4
Starting main algorithm
1 (QN/Block) 	Elapsed: 0.019	Loglikelihood: -34683	(delta): 4634.39
2 (QN/Block) 	Elapsed: 0.019	Loglikelihood: -33478.7	(delta): 1204.32
3 (QN/Block) 	Elapsed: 0.02	Loglikelihood: -32969.9	(delta): 508.776
4 (QN/Block) 	Elapsed: 0.018	Loglikelihood: -32637.9	(delta): 331.995
5 (QN/Block) 	Elapsed: 0.017	Loglikelihood: -32494.6	(delta): 143.315
6 (QN/Block) 	Elapsed: 0.018	Loglikelihood: -32416.7	(delta): 77.9272
7 (QN/Block) 	Elapsed: 0.017	Loglikelihood: -32375.6	(delta): 41.1024
8 (QN/Block) 	Elapsed: 0.021	Loglikelihood: -32351.1	(delta): 24.5119
9 (QN/Block) 	Elapsed: 0.027	Loglikelihood: -32325.8	(delta): 25.2913
10 (QN/Block) 	Elapsed: 0.023	Loglikelihood: -32311.4	(delta): 14.4135
11 (QN/Block) 	Elapsed: 0.022	Loglikelihood: -32302.7	(delta): 8.66785
12 (QN/Block) 	Elapsed: 0.022	Loglikelihood: -32297.7	(delta): 5.01033
13 (QN/Block) 	Elapsed: 0.023	Loglikelihood: -32292.3	(delta): 5.40503
14 (QN/Block) 	Elapsed: 0.025	Loglikelihood: -32291	(delta): 1.24818
15 (QN/Block) 	Elapsed: 0.023	Loglikelihood: -32289.9	(delta): 1.08095
16 (QN/Block) 	Elapsed: 0.021	Loglikelihood: -32288.2	(delta): 1.76408
17 (QN/Block) 	Elapsed: 0.023	Loglikelihood: -32285.6	(delta): 2.53216
18 (QN/Block) 	Elapsed: 0.024	Loglikelihood: -32284.2	(delta): 1.46562
19 (QN/Block) 	Elapsed: 0.02	Loglikelihood: -32281.4	(delta): 2.7302
20 (QN/Block) 	Elapsed: 0.025	Loglikelihood: -32280	(delta): 1.46445
21 (QN/Block) 	Elapsed: 0.028	Loglikelihood: -32279.1	(delta): 0.870718
22 (QN/Block) 	Elapsed: 0.028	Loglikelihood: -32276.2	(delta): 2.8648
23 (QN/Block) 	Elapsed: 0.026	Loglikelihood: -32273.2	(delta): 3.00107
24 (QN/Block) 	Elapsed: 0.026	Loglikelihood: -32270.2	(delta): 3.05735
25 (QN/Block) 	Elapsed: 0.022	Loglikelihood: -32268.3	(delta): 1.8976
26 (QN/Block) 	Elapsed: 0.023	Loglikelihood: -32266.1	(delta): 2.23625
27 (QN/Block) 	Elapsed: 0.018	Loglikelihood: -32264.3	(delta): 1.77268
28 (QN/Block) 	Elapsed: 0.018	Loglikelihood: -32262.3	(delta): 1.99784
29 (QN/Block) 	Elapsed: 0.022	Loglikelihood: -32257.7	(delta): 4.61054
30 (QN/Block) 	Elapsed: 0.028	Loglikelihood: -32256.4	(delta): 1.26952
31 (QN/Block) 	Elapsed: 0.025	Loglikelihood: -32255.6	(delta): 0.757369
32 (QN/Block) 	Elapsed: 0.027	Loglikelihood: -32254.3	(delta): 1.39268
33 (QN/Block) 	Elapsed: 0.028	Loglikelihood: -32252.2	(delta): 2.03944
34 (QN/Block) 	Elapsed: 0.026	Loglikelihood: -32251.4	(delta): 0.836822
35 (QN/Block) 	Elapsed: 0.025	Loglikelihood: -32251.1	(delta): 0.298152
36 (QN/Block) 	Elapsed: 0.028	Loglikelihood: -32250.5	(delta): 0.590518
37 (QN/Block) 	Elapsed: 0.029	Loglikelihood: -32250.3	(delta): 0.169803
38 (QN/Block) 	Elapsed: 0.025	Loglikelihood: -32250	(delta): 0.330183
39 (QN/Block) 	Elapsed: 0.023	Loglikelihood: -32249.4	(delta): 0.578528
40 (QN/Block) 	Elapsed: 0.025	Loglikelihood: -32248.6	(delta): 0.771671
41 (QN/Block) 	Elapsed: 0.024	Loglikelihood: -32247.8	(delta): 0.853967
42 (QN/Block) 	Elapsed: 0.025	Loglikelihood: -32247.4	(delta): 0.389269
43 (QN/Block) 	Elapsed: 0.027	Loglikelihood: -32246.6	(delta): 0.780223
44 (QN/Block) 	Elapsed: 0.026	Loglikelihood: -32246.1	(delta): 0.518915
45 (QN/Block) 	Elapsed: 0.025	Loglikelihood: -32246	(delta): 0.142661
46 (QN/Block) 	Elapsed: 0.023	Loglikelihood: -32245.7	(delta): 0.22386
47 (QN/Block) 	Elapsed: 0.019	Loglikelihood: -32245.5	(delta): 0.218144
48 (QN/Block) 	Elapsed: 0.025	Loglikelihood: -32245.4	(delta): 0.119971
49 (QN/Block) 	Elapsed: 0.019	Loglikelihood: -32245.3	(delta): 0.10459
50 (QN/Block) 	Elapsed: 0.026	Loglikelihood: -32245.3	(delta): 0.00827942
51 (QN/Block) 	Elapsed: 0.03	Loglikelihood: -32245.3	(delta): 0.00277007
52 (QN/Block) 	Elapsed: 0.029	Loglikelihood: -32245.3	(delta): 0.000726599
53 (QN/Block) 	Elapsed: 0.029	Loglikelihood: -32245.3	(delta): 3.32169e-05
54 (QN/Block) 	Elapsed: 0.026	Loglikelihood: -32245.3	(delta): 1.79255e-06
55 (QN/Block) 	Elapsed: 0.027	Loglikelihood: -32245.3	(delta): 7.95044e-08
56 (QN/Block) 	Elapsed: 0.025	Loglikelihood: -32245.3	(delta): 1.22745e-08
57 (QN/Block) 	Elapsed: 0.021	Loglikelihood: -32245.3	(delta): 1.21872e-09
58 (QN/Block) 	Elapsed: 0.024	Loglikelihood: -32245.3	(delta): 2.18279e-11
59 (QN/Block) 	Elapsed: 0.028	Loglikelihood: -32245.3	(delta): -7.27596e-12
60 (QN/Block) 	Elapsed: 0.028	Loglikelihood: -32245.3	(delta): 3.63798e-12
61 (QN/Block) 	Elapsed: 0.027	Loglikelihood: -32245.3	(delta): 7.27596e-12
62 (QN/Block) 	Elapsed: 0.023	Loglikelihood: -32245.3	(delta): -3.63798e-12
63 (QN/Block) 	Elapsed: 0.022	Loglikelihood: -32245.3	(delta): -3.63798e-12
64 (QN/Block) 	Elapsed: 0.025	Loglikelihood: -32245.3	(delta): -3.63798e-12
65 (QN/Block) 	Elapsed: 0.023	Loglikelihood: -32245.3	(delta): 3.63798e-12
66 (QN/Block) 	Elapsed: 0.021	Loglikelihood: -32245.3	(delta): 3.63798e-12
67 (QN/Block) 	Elapsed: 0.027	Loglikelihood: -32245.3	(delta): 0
68 (QN/Block) 	Elapsed: 0.027	Loglikelihood: -32245.3	(delta): 0
69 (QN/Block) 	Elapsed: 0.028	Loglikelihood: -32245.3	(delta): 0
70 (QN/Block) 	Elapsed: 0.027	Loglikelihood: -32245.3	(delta): 3.63798e-12
71 (QN/Block) 	Elapsed: 0.024	Loglikelihood: -32245.3	(delta): -1.09139e-11
72 (QN/Block) 	Elapsed: 0.026	Loglikelihood: -32245.3	(delta): 0
73 (QN/Block) 	Elapsed: 0.025	Loglikelihood: -32245.3	(delta): 3.63798e-12
74 (QN/Block) 	Elapsed: 0.028	Loglikelihood: -32245.3	(delta): 0
75 (QN/Block) 	Elapsed: 0.026	Loglikelihood: -32245.3	(delta): 7.27596e-12
76 (QN/Block) 	Elapsed: 0.021	Loglikelihood: -32245.3	(delta): 0
77 (QN/Block) 	Elapsed: 0.02	Loglikelihood: -32245.3	(delta): 0
78 (QN/Block) 	Elapsed: 0.023	Loglikelihood: -32245.3	(delta): 0
79 (QN/Block) 	Elapsed: 0.021	Loglikelihood: -32245.3	(delta): 0
80 (QN/Block) 	Elapsed: 0.025	Loglikelihood: -32245.3	(delta): 0
81 (QN/Block) 	Elapsed: 0.022	Loglikelihood: -32245.3	(delta): -7.27596e-12
82 (QN/Block) 	Elapsed: 0.023	Loglikelihood: -32245.3	(delta): 7.27596e-12
83 (QN/Block) 	Elapsed: 0.025	Loglikelihood: -32245.3	(delta): 0
84 (QN/Block) 	Elapsed: 0.023	Loglikelihood: -32245.3	(delta): -3.63798e-12
85 (QN/Block) 	Elapsed: 0.024	Loglikelihood: -32245.3	(delta): 0
86 (QN/Block) 	Elapsed: 0.024	Loglikelihood: -32245.3	(delta): 0
87 (QN/Block) 	Elapsed: 0.024	Loglikelihood: -32245.3	(delta): 3.63798e-12
88 (QN/Block) 	Elapsed: 0.023	Loglikelihood: -32245.3	(delta): -3.63798e-12
89 (QN/Block) 	Elapsed: 0.023	Loglikelihood: -32245.3	(delta): 0
90 (QN/Block) 	Elapsed: 0.024	Loglikelihood: -32245.3	(delta): 3.63798e-12
91 (QN/Block) 	Elapsed: 0.024	Loglikelihood: -32245.3	(delta): 0
92 (QN/Block) 	Elapsed: 0.028	Loglikelihood: -32245.3	(delta): -3.63798e-12
93 (QN/Block) 	Elapsed: 0.027	Loglikelihood: -32245.3	(delta): 0
94 (QN/Block) 	Elapsed: 0.027	Loglikelihood: -32245.3	(delta): 3.63798e-12
95 (QN/Block) 	Elapsed: 0.027	Loglikelihood: -32245.3	(delta): 0
96 (QN/Block) 	Elapsed: 0.026	Loglikelihood: -32245.3	(delta): -3.63798e-12
97 (QN/Block) 	Elapsed: 0.027	Loglikelihood: -32245.3	(delta): 3.63798e-12
98 (QN/Block) 	Elapsed: 0.028	Loglikelihood: -32245.3	(delta): -3.63798e-12
99 (QN/Block) 	Elapsed: 0.027	Loglikelihood: -32245.3	(delta): 3.63798e-12
100 (QN/Block) 	Elapsed: 0.026	Loglikelihood: -32245.3	(delta): -3.63798e-12
Summary: 
Converged in 100 iterations (2.594 sec)
Loglikelihood: -32245.278451
Fst divergences between estimated populations: 
	Pop0	Pop1	Pop2	Pop3	Pop4	Pop5	Pop6	Pop7	
Pop0	
Pop1	0.244	
Pop2	0.217	0.127	
Pop3	0.082	0.242	0.218	
Pop4	0.220	0.118	0.066	0.216	
Pop5	0.075	0.254	0.227	0.089	0.224	
Pop6	0.149	0.293	0.272	0.163	0.268	0.154	
Pop7	0.089	0.249	0.225	0.089	0.222	0.086	0.159	
Pop8	0.096	0.250	0.227	0.099	0.225	0.098	0.166	0.095	
CV error (K=9): 0.43057
Writing output files.
