****                   ADMIXTURE Version 1.3.0                  ****
****                    Copyright 2008-2015                     ****
****           David Alexander, Suyash Shringarpure,            ****
****                John  Novembre, Ken Lange                   ****
****                                                            ****
****                 Please cite our paper!                     ****
****   Information at www.genetics.ucla.edu/software/admixture  ****

Parallel execution requested.  Will use 8 threads.
Cross-validation will be performed.  Folds=10.
Random seed: 43
Point estimation method: Block relaxation algorithm
Convergence acceleration algorithm: QuasiNewton, 3 secant conditions
Point estimation will terminate at 100 iterations
Estimation of standard errors disabled; will compute point estimates only.
Size of G: 92x945
Performing five EM steps to prime main algorithm
1 (EM) 	Elapsed: 0.007	Loglikelihood: -43512.4	(delta): 80562.2
2 (EM) 	Elapsed: 0.007	Loglikelihood: -40815.2	(delta): 2697.27
3 (EM) 	Elapsed: 0.007	Loglikelihood: -40234.6	(delta): 580.552
4 (EM) 	Elapsed: 0.008	Loglikelihood: -39883.5	(delta): 351.138
5 (EM) 	Elapsed: 0.008	Loglikelihood: -39635.6	(delta): 247.872
Initial loglikelihood: -39635.6
Starting main algorithm
1 (QN/Block) 	Elapsed: 0.014	Loglikelihood: -35881	(delta): 3754.65
2 (QN/Block) 	Elapsed: 0.012	Loglikelihood: -34568.6	(delta): 1312.37
3 (QN/Block) 	Elapsed: 0.016	Loglikelihood: -34145.8	(delta): 422.811
4 (QN/Block) 	Elapsed: 0.017	Loglikelihood: -33925.1	(delta): 220.663
5 (QN/Block) 	Elapsed: 0.017	Loglikelihood: -33837.6	(delta): 87.5603
6 (QN/Block) 	Elapsed: 0.016	Loglikelihood: -33805.3	(delta): 32.2974
7 (QN/Block) 	Elapsed: 0.018	Loglikelihood: -33775.6	(delta): 29.6916
8 (QN/Block) 	Elapsed: 0.018	Loglikelihood: -33757.6	(delta): 17.948
9 (QN/Block) 	Elapsed: 0.017	Loglikelihood: -33743	(delta): 14.5951
10 (QN/Block) 	Elapsed: 0.017	Loglikelihood: -33737.3	(delta): 5.69194
11 (QN/Block) 	Elapsed: 0.017	Loglikelihood: -33734.1	(delta): 3.20321
12 (QN/Block) 	Elapsed: 0.019	Loglikelihood: -33732.6	(delta): 1.5506
13 (QN/Block) 	Elapsed: 0.018	Loglikelihood: -33728.6	(delta): 3.95261
14 (QN/Block) 	Elapsed: 0.018	Loglikelihood: -33722	(delta): 6.6135
15 (QN/Block) 	Elapsed: 0.019	Loglikelihood: -33717.1	(delta): 4.90683
16 (QN/Block) 	Elapsed: 0.019	Loglikelihood: -33712.9	(delta): 4.19688
17 (QN/Block) 	Elapsed: 0.02	Loglikelihood: -33709.7	(delta): 3.2546
18 (QN/Block) 	Elapsed: 0.017	Loglikelihood: -33707.7	(delta): 1.96781
19 (QN/Block) 	Elapsed: 0.017	Loglikelihood: -33703.6	(delta): 4.08373
20 (QN/Block) 	Elapsed: 0.019	Loglikelihood: -33699.6	(delta): 4.03802
21 (QN/Block) 	Elapsed: 0.018	Loglikelihood: -33695.5	(delta): 4.11293
22 (QN/Block) 	Elapsed: 0.017	Loglikelihood: -33691.4	(delta): 4.09449
23 (QN/Block) 	Elapsed: 0.019	Loglikelihood: -33686.1	(delta): 5.22548
24 (QN/Block) 	Elapsed: 0.017	Loglikelihood: -33680.1	(delta): 6.02563
25 (QN/Block) 	Elapsed: 0.017	Loglikelihood: -33676	(delta): 4.1588
26 (QN/Block) 	Elapsed: 0.016	Loglikelihood: -33669.7	(delta): 6.21929
27 (QN/Block) 	Elapsed: 0.017	Loglikelihood: -33667.5	(delta): 2.21171
28 (QN/Block) 	Elapsed: 0.017	Loglikelihood: -33666.8	(delta): 0.682411
29 (QN/Block) 	Elapsed: 0.019	Loglikelihood: -33666.5	(delta): 0.300378
30 (QN/Block) 	Elapsed: 0.015	Loglikelihood: -33666.5	(delta): 0.0688483
31 (QN/Block) 	Elapsed: 0.016	Loglikelihood: -33666.4	(delta): 0.0533343
32 (QN/Block) 	Elapsed: 0.018	Loglikelihood: -33666.4	(delta): 0.0660197
33 (QN/Block) 	Elapsed: 0.016	Loglikelihood: -33666.3	(delta): 0.0876934
34 (QN/Block) 	Elapsed: 0.016	Loglikelihood: -33666.2	(delta): 0.112564
35 (QN/Block) 	Elapsed: 0.016	Loglikelihood: -33666.1	(delta): 0.0832175
36 (QN/Block) 	Elapsed: 0.018	Loglikelihood: -33666	(delta): 0.0614303
37 (QN/Block) 	Elapsed: 0.02	Loglikelihood: -33665.9	(delta): 0.120707
38 (QN/Block) 	Elapsed: 0.015	Loglikelihood: -33665.6	(delta): 0.321712
39 (QN/Block) 	Elapsed: 0.017	Loglikelihood: -33665.5	(delta): 0.112051
40 (QN/Block) 	Elapsed: 0.017	Loglikelihood: -33665.4	(delta): 0.0583643
41 (QN/Block) 	Elapsed: 0.016	Loglikelihood: -33665.3	(delta): 0.0671567
42 (QN/Block) 	Elapsed: 0.016	Loglikelihood: -33665.3	(delta): 0.0290566
43 (QN/Block) 	Elapsed: 0.016	Loglikelihood: -33665.3	(delta): 0.00180981
44 (QN/Block) 	Elapsed: 0.017	Loglikelihood: -33665.3	(delta): 0.00080789
45 (QN/Block) 	Elapsed: 0.017	Loglikelihood: -33665.3	(delta): 0.000879759
46 (QN/Block) 	Elapsed: 0.017	Loglikelihood: -33665.3	(delta): 0.000123591
47 (QN/Block) 	Elapsed: 0.017	Loglikelihood: -33665.3	(delta): 0.000121137
48 (QN/Block) 	Elapsed: 0.018	Loglikelihood: -33665.3	(delta): 0.000127554
49 (QN/Block) 	Elapsed: 0.018	Loglikelihood: -33665.3	(delta): 0.000140868
50 (QN/Block) 	Elapsed: 0.02	Loglikelihood: -33665.3	(delta): 0.000161609
51 (QN/Block) 	Elapsed: 0.019	Loglikelihood: -33665.3	(delta): 0.000192136
52 (QN/Block) 	Elapsed: 0.018	Loglikelihood: -33665.3	(delta): 0.000236901
53 (QN/Block) 	Elapsed: 0.021	Loglikelihood: -33665.3	(delta): 0.000303767
54 (QN/Block) 	Elapsed: 0.019	Loglikelihood: -33665.3	(delta): 0.000406889
55 (QN/Block) 	Elapsed: 0.019	Loglikelihood: -33665.3	(delta): 0.000572963
56 (QN/Block) 	Elapsed: 0.017	Loglikelihood: -33665.3	(delta): 0.000855654
57 (QN/Block) 	Elapsed: 0.016	Loglikelihood: -33665.3	(delta): 0.00137182
58 (QN/Block) 	Elapsed: 0.017	Loglikelihood: -33665.3	(delta): 0.00240281
59 (QN/Block) 	Elapsed: 0.017	Loglikelihood: -33665.3	(delta): 0.00282111
60 (QN/Block) 	Elapsed: 0.013	Loglikelihood: -33665.3	(delta): 0.00265867
61 (QN/Block) 	Elapsed: 0.016	Loglikelihood: -33665.3	(delta): 0.00274186
62 (QN/Block) 	Elapsed: 0.017	Loglikelihood: -33665.3	(delta): 0.00317727
63 (QN/Block) 	Elapsed: 0.018	Loglikelihood: -33665.3	(delta): 0.00448572
64 (QN/Block) 	Elapsed: 0.018	Loglikelihood: -33665.3	(delta): 0.00927883
65 (QN/Block) 	Elapsed: 0.021	Loglikelihood: -33665.3	(delta): 0.00781482
66 (QN/Block) 	Elapsed: 0.021	Loglikelihood: -33665.2	(delta): 0.0112897
67 (QN/Block) 	Elapsed: 0.02	Loglikelihood: -33665.2	(delta): 0.00560011
68 (QN/Block) 	Elapsed: 0.019	Loglikelihood: -33665.2	(delta): 0.00146386
69 (QN/Block) 	Elapsed: 0.018	Loglikelihood: -33665.2	(delta): 1.97363e-05
70 (QN/Block) 	Elapsed: 0.018	Loglikelihood: -33665.2	(delta): 4.27026e-07
71 (QN/Block) 	Elapsed: 0.018	Loglikelihood: -33665.2	(delta): 5.04806e-08
72 (QN/Block) 	Elapsed: 0.02	Loglikelihood: -33665.2	(delta): 8.73115e-10
73 (QN/Block) 	Elapsed: 0.017	Loglikelihood: -33665.2	(delta): 1.45519e-11
74 (QN/Block) 	Elapsed: 0.019	Loglikelihood: -33665.2	(delta): 0
75 (QN/Block) 	Elapsed: 0.018	Loglikelihood: -33665.2	(delta): 7.27596e-12
76 (QN/Block) 	Elapsed: 0.018	Loglikelihood: -33665.2	(delta): -7.27596e-12
77 (QN/Block) 	Elapsed: 0.016	Loglikelihood: -33665.2	(delta): 0
78 (QN/Block) 	Elapsed: 0.018	Loglikelihood: -33665.2	(delta): 0
79 (QN/Block) 	Elapsed: 0.019	Loglikelihood: -33665.2	(delta): 0
80 (QN/Block) 	Elapsed: 0.021	Loglikelihood: -33665.2	(delta): 0
81 (QN/Block) 	Elapsed: 0.018	Loglikelihood: -33665.2	(delta): -7.27596e-12
82 (QN/Block) 	Elapsed: 0.019	Loglikelihood: -33665.2	(delta): 1.45519e-11
83 (QN/Block) 	Elapsed: 0.019	Loglikelihood: -33665.2	(delta): 0
84 (QN/Block) 	Elapsed: 0.02	Loglikelihood: -33665.2	(delta): 0
85 (QN/Block) 	Elapsed: 0.019	Loglikelihood: -33665.2	(delta): -7.27596e-12
86 (QN/Block) 	Elapsed: 0.018	Loglikelihood: -33665.2	(delta): 0
87 (QN/Block) 	Elapsed: 0.017	Loglikelihood: -33665.2	(delta): 0
88 (QN/Block) 	Elapsed: 0.019	Loglikelihood: -33665.2	(delta): 0
89 (QN/Block) 	Elapsed: 0.014	Loglikelihood: -33665.2	(delta): 0
90 (QN/Block) 	Elapsed: 0.017	Loglikelihood: -33665.2	(delta): 0
91 (QN/Block) 	Elapsed: 0.016	Loglikelihood: -33665.2	(delta): 0
92 (QN/Block) 	Elapsed: 0.018	Loglikelihood: -33665.2	(delta): 7.27596e-12
93 (QN/Block) 	Elapsed: 0.019	Loglikelihood: -33665.2	(delta): -7.27596e-12
94 (QN/Block) 	Elapsed: 0.018	Loglikelihood: -33665.2	(delta): 0
95 (QN/Block) 	Elapsed: 0.02	Loglikelihood: -33665.2	(delta): 7.27596e-12
96 (QN/Block) 	Elapsed: 0.019	Loglikelihood: -33665.2	(delta): 0
97 (QN/Block) 	Elapsed: 0.02	Loglikelihood: -33665.2	(delta): 0
98 (QN/Block) 	Elapsed: 0.018	Loglikelihood: -33665.2	(delta): 0
99 (QN/Block) 	Elapsed: 0.02	Loglikelihood: -33665.2	(delta): -7.27596e-12
100 (QN/Block) 	Elapsed: 0.019	Loglikelihood: -33665.2	(delta): 7.27596e-12
Summary: 
Converged in 100 iterations (1.912 sec)
Loglikelihood: -33665.236719
Fst divergences between estimated populations: 
	Pop0	Pop1	Pop2	Pop3	Pop4	
Pop0	
Pop1	0.260	
Pop2	0.233	0.156	
Pop3	0.059	0.253	0.229	
Pop4	0.211	0.147	0.112	0.207	
Pop5	0.061	0.251	0.224	0.053	0.203	
CV error (K=6): 0.37654
Writing output files.
