****                   ADMIXTURE Version 1.3.0                  ****
****                    Copyright 2008-2015                     ****
****           David Alexander, Suyash Shringarpure,            ****
****                John  Novembre, Ken Lange                   ****
****                                                            ****
****                 Please cite our paper!                     ****
****   Information at www.genetics.ucla.edu/software/admixture  ****

Parallel execution requested.  Will use 8 threads.
Cross-validation will be performed.  Folds=10.
Random seed: 43
Point estimation method: Block relaxation algorithm
Convergence acceleration algorithm: QuasiNewton, 3 secant conditions
Point estimation will terminate at 100 iterations
Estimation of standard errors disabled; will compute point estimates only.
Size of G: 92x945
Performing five EM steps to prime main algorithm
1 (EM) 	Elapsed: 0.016	Loglikelihood: -43446.7	(delta): 76225.2
2 (EM) 	Elapsed: 0.015	Loglikelihood: -40515.8	(delta): 2930.88
3 (EM) 	Elapsed: 0.015	Loglikelihood: -39926.4	(delta): 589.373
4 (EM) 	Elapsed: 0.016	Loglikelihood: -39552.1	(delta): 374.33
5 (EM) 	Elapsed: 0.017	Loglikelihood: -39247	(delta): 305.109
Initial loglikelihood: -39247
Starting main algorithm
1 (QN/Block) 	Elapsed: 0.022	Loglikelihood: -34335.7	(delta): 4911.26
2 (QN/Block) 	Elapsed: 0.021	Loglikelihood: -33190.5	(delta): 1145.21
3 (QN/Block) 	Elapsed: 0.026	Loglikelihood: -32661	(delta): 529.52
4 (QN/Block) 	Elapsed: 0.032	Loglikelihood: -32362	(delta): 299.029
5 (QN/Block) 	Elapsed: 0.029	Loglikelihood: -32213.7	(delta): 148.232
6 (QN/Block) 	Elapsed: 0.029	Loglikelihood: -32153.2	(delta): 60.4918
7 (QN/Block) 	Elapsed: 0.025	Loglikelihood: -32112.6	(delta): 40.6659
8 (QN/Block) 	Elapsed: 0.027	Loglikelihood: -32080.1	(delta): 32.4935
9 (QN/Block) 	Elapsed: 0.025	Loglikelihood: -32061.2	(delta): 18.9153
10 (QN/Block) 	Elapsed: 0.023	Loglikelihood: -32047	(delta): 14.2032
11 (QN/Block) 	Elapsed: 0.025	Loglikelihood: -32037.5	(delta): 9.48705
12 (QN/Block) 	Elapsed: 0.024	Loglikelihood: -32025.9	(delta): 11.5737
13 (QN/Block) 	Elapsed: 0.025	Loglikelihood: -32018.8	(delta): 7.13935
14 (QN/Block) 	Elapsed: 0.022	Loglikelihood: -32012.6	(delta): 6.10783
15 (QN/Block) 	Elapsed: 0.022	Loglikelihood: -32007.6	(delta): 5.05008
16 (QN/Block) 	Elapsed: 0.03	Loglikelihood: -31999.7	(delta): 7.84425
17 (QN/Block) 	Elapsed: 0.032	Loglikelihood: -31997.8	(delta): 1.94392
18 (QN/Block) 	Elapsed: 0.031	Loglikelihood: -31996.3	(delta): 1.51407
19 (QN/Block) 	Elapsed: 0.029	Loglikelihood: -31995.5	(delta): 0.78862
20 (QN/Block) 	Elapsed: 0.03	Loglikelihood: -31995.3	(delta): 0.176654
21 (QN/Block) 	Elapsed: 0.031	Loglikelihood: -31995.1	(delta): 0.184092
22 (QN/Block) 	Elapsed: 0.031	Loglikelihood: -31995	(delta): 0.171997
23 (QN/Block) 	Elapsed: 0.025	Loglikelihood: -31994.7	(delta): 0.224327
24 (QN/Block) 	Elapsed: 0.027	Loglikelihood: -31994.4	(delta): 0.363169
25 (QN/Block) 	Elapsed: 0.021	Loglikelihood: -31994.2	(delta): 0.190759
26 (QN/Block) 	Elapsed: 0.032	Loglikelihood: -31993.9	(delta): 0.252124
27 (QN/Block) 	Elapsed: 0.031	Loglikelihood: -31993.8	(delta): 0.155152
28 (QN/Block) 	Elapsed: 0.03	Loglikelihood: -31993.7	(delta): 0.116756
29 (QN/Block) 	Elapsed: 0.033	Loglikelihood: -31993.6	(delta): 0.0238669
30 (QN/Block) 	Elapsed: 0.029	Loglikelihood: -31993.6	(delta): 0.00224961
31 (QN/Block) 	Elapsed: 0.029	Loglikelihood: -31993.6	(delta): 0.000828963
32 (QN/Block) 	Elapsed: 0.024	Loglikelihood: -31993.6	(delta): 0.00119776
33 (QN/Block) 	Elapsed: 0.024	Loglikelihood: -31993.6	(delta): 0.0019201
34 (QN/Block) 	Elapsed: 0.021	Loglikelihood: -31993.6	(delta): 0.00331644
35 (QN/Block) 	Elapsed: 0.021	Loglikelihood: -31993.6	(delta): 0.00632424
36 (QN/Block) 	Elapsed: 0.03	Loglikelihood: -31993.6	(delta): 0.0139578
37 (QN/Block) 	Elapsed: 0.032	Loglikelihood: -31993.6	(delta): 0.0401557
38 (QN/Block) 	Elapsed: 0.03	Loglikelihood: -31993.5	(delta): 0.0441113
39 (QN/Block) 	Elapsed: 0.033	Loglikelihood: -31993.5	(delta): 0.020485
40 (QN/Block) 	Elapsed: 0.028	Loglikelihood: -31993.5	(delta): 0.0387429
41 (QN/Block) 	Elapsed: 0.029	Loglikelihood: -31993.5	(delta): 0.00822412
42 (QN/Block) 	Elapsed: 0.026	Loglikelihood: -31993.5	(delta): 0.00550098
43 (QN/Block) 	Elapsed: 0.024	Loglikelihood: -31993.4	(delta): 0.0638401
44 (QN/Block) 	Elapsed: 0.025	Loglikelihood: -31993.3	(delta): 0.114353
45 (QN/Block) 	Elapsed: 0.027	Loglikelihood: -31993	(delta): 0.29512
46 (QN/Block) 	Elapsed: 0.031	Loglikelihood: -31992.9	(delta): 0.0887743
47 (QN/Block) 	Elapsed: 0.032	Loglikelihood: -31992.9	(delta): 0.00240662
48 (QN/Block) 	Elapsed: 0.036	Loglikelihood: -31992.9	(delta): 0.0338995
49 (QN/Block) 	Elapsed: 0.034	Loglikelihood: -31991.3	(delta): 1.60345
50 (QN/Block) 	Elapsed: 0.031	Loglikelihood: -31989.8	(delta): 1.41185
51 (QN/Block) 	Elapsed: 0.024	Loglikelihood: -31987.6	(delta): 2.27868
52 (QN/Block) 	Elapsed: 0.025	Loglikelihood: -31986.6	(delta): 0.922342
53 (QN/Block) 	Elapsed: 0.032	Loglikelihood: -31986.6	(delta): 0.0250227
54 (QN/Block) 	Elapsed: 0.027	Loglikelihood: -31986.6	(delta): 0.0142891
55 (QN/Block) 	Elapsed: 0.027	Loglikelihood: -31986.6	(delta): 0.0170829
56 (QN/Block) 	Elapsed: 0.032	Loglikelihood: -31986.6	(delta): 0.00971348
57 (QN/Block) 	Elapsed: 0.032	Loglikelihood: -31986.6	(delta): 0.0177082
58 (QN/Block) 	Elapsed: 0.032	Loglikelihood: -31986.5	(delta): 0.0369163
59 (QN/Block) 	Elapsed: 0.031	Loglikelihood: -31986.5	(delta): 0.0709227
60 (QN/Block) 	Elapsed: 0.027	Loglikelihood: -31986.3	(delta): 0.108589
61 (QN/Block) 	Elapsed: 0.022	Loglikelihood: -31986.3	(delta): 0.0492149
62 (QN/Block) 	Elapsed: 0.028	Loglikelihood: -31986.3	(delta): 0.00509194
63 (QN/Block) 	Elapsed: 0.03	Loglikelihood: -31986.3	(delta): 0.00260007
64 (QN/Block) 	Elapsed: 0.029	Loglikelihood: -31986.3	(delta): 0.00176453
65 (QN/Block) 	Elapsed: 0.028	Loglikelihood: -31986.3	(delta): 0.00994236
66 (QN/Block) 	Elapsed: 0.027	Loglikelihood: -31986.3	(delta): 0.000373436
67 (QN/Block) 	Elapsed: 0.029	Loglikelihood: -31986.3	(delta): 1.75042e-05
68 (QN/Block) 	Elapsed: 0.023	Loglikelihood: -31986.3	(delta): 1.08829e-06
69 (QN/Block) 	Elapsed: 0.023	Loglikelihood: -31986.3	(delta): 7.71797e-08
70 (QN/Block) 	Elapsed: 0.023	Loglikelihood: -31986.3	(delta): 1.60653e-08
71 (QN/Block) 	Elapsed: 0.025	Loglikelihood: -31986.3	(delta): 5.38421e-10
72 (QN/Block) 	Elapsed: 0.023	Loglikelihood: -31986.3	(delta): 3.63798e-11
73 (QN/Block) 	Elapsed: 0.028	Loglikelihood: -31986.3	(delta): 7.27596e-12
74 (QN/Block) 	Elapsed: 0.027	Loglikelihood: -31986.3	(delta): -3.63798e-12
75 (QN/Block) 	Elapsed: 0.027	Loglikelihood: -31986.3	(delta): 3.63798e-12
76 (QN/Block) 	Elapsed: 0.029	Loglikelihood: -31986.3	(delta): 0
77 (QN/Block) 	Elapsed: 0.028	Loglikelihood: -31986.3	(delta): 3.63798e-12
78 (QN/Block) 	Elapsed: 0.026	Loglikelihood: -31986.3	(delta): 0
79 (QN/Block) 	Elapsed: 0.029	Loglikelihood: -31986.3	(delta): 0
80 (QN/Block) 	Elapsed: 0.025	Loglikelihood: -31986.3	(delta): 3.63798e-12
81 (QN/Block) 	Elapsed: 0.021	Loglikelihood: -31986.3	(delta): -7.27596e-12
82 (QN/Block) 	Elapsed: 0.021	Loglikelihood: -31986.3	(delta): 7.27596e-12
83 (QN/Block) 	Elapsed: 0.024	Loglikelihood: -31986.3	(delta): -3.63798e-12
84 (QN/Block) 	Elapsed: 0.027	Loglikelihood: -31986.3	(delta): 3.63798e-12
85 (QN/Block) 	Elapsed: 0.029	Loglikelihood: -31986.3	(delta): 0
86 (QN/Block) 	Elapsed: 0.027	Loglikelihood: -31986.3	(delta): -1.09139e-11
87 (QN/Block) 	Elapsed: 0.027	Loglikelihood: -31986.3	(delta): 1.09139e-11
88 (QN/Block) 	Elapsed: 0.029	Loglikelihood: -31986.3	(delta): -1.09139e-11
89 (QN/Block) 	Elapsed: 0.035	Loglikelihood: -31986.3	(delta): 7.27596e-12
90 (QN/Block) 	Elapsed: 0.028	Loglikelihood: -31986.3	(delta): -3.63798e-12
91 (QN/Block) 	Elapsed: 0.029	Loglikelihood: -31986.3	(delta): 3.63798e-12
92 (QN/Block) 	Elapsed: 0.026	Loglikelihood: -31986.3	(delta): -7.27596e-12
93 (QN/Block) 	Elapsed: 0.03	Loglikelihood: -31986.3	(delta): 7.27596e-12
94 (QN/Block) 	Elapsed: 0.028	Loglikelihood: -31986.3	(delta): -3.63798e-12
95 (QN/Block) 	Elapsed: 0.023	Loglikelihood: -31986.3	(delta): 3.63798e-12
96 (QN/Block) 	Elapsed: 0.025	Loglikelihood: -31986.3	(delta): -3.63798e-12
97 (QN/Block) 	Elapsed: 0.027	Loglikelihood: -31986.3	(delta): 3.63798e-12
98 (QN/Block) 	Elapsed: 0.025	Loglikelihood: -31986.3	(delta): 0
99 (QN/Block) 	Elapsed: 0.026	Loglikelihood: -31986.3	(delta): 3.63798e-12
100 (QN/Block) 	Elapsed: 0.025	Loglikelihood: -31986.3	(delta): -7.27596e-12
Summary: 
Converged in 100 iterations (2.934 sec)
Loglikelihood: -31986.272665
Fst divergences between estimated populations: 
	Pop0	Pop1	Pop2	Pop3	Pop4	Pop5	Pop6	Pop7	Pop8	
Pop0	
Pop1	0.110	
Pop2	0.085	0.107	
Pop3	0.233	0.253	0.242	
Pop4	0.082	0.125	0.091	0.237	
Pop5	0.074	0.112	0.075	0.238	0.088	
Pop6	0.099	0.129	0.120	0.249	0.108	0.097	
Pop7	0.220	0.238	0.230	0.101	0.224	0.224	0.234	
Pop8	0.224	0.243	0.235	0.091	0.227	0.225	0.236	0.090	
Pop9	0.283	0.285	0.295	0.185	0.276	0.291	0.296	0.177	0.179	
CV error (K=10): 0.45642
Writing output files.
