****                   ADMIXTURE Version 1.3.0                  ****
****                    Copyright 2008-2015                     ****
****           David Alexander, Suyash Shringarpure,            ****
****                John  Novembre, Ken Lange                   ****
****                                                            ****
****                 Please cite our paper!                     ****
****   Information at www.genetics.ucla.edu/software/admixture  ****

Parallel execution requested.  Will use 8 threads.
Cross-validation will be performed.  Folds=10.
Random seed: 43
Point estimation method: Block relaxation algorithm
Convergence acceleration algorithm: QuasiNewton, 3 secant conditions
Point estimation will terminate at 100 iterations
Estimation of standard errors disabled; will compute point estimates only.
Size of G: 92x945
Performing five EM steps to prime main algorithm
1 (EM) 	Elapsed: 0.01	Loglikelihood: -43436.8	(delta): 78114
2 (EM) 	Elapsed: 0.01	Loglikelihood: -40535.7	(delta): 2901.12
3 (EM) 	Elapsed: 0.011	Loglikelihood: -39976.6	(delta): 559.171
4 (EM) 	Elapsed: 0.011	Loglikelihood: -39620.8	(delta): 355.781
5 (EM) 	Elapsed: 0.011	Loglikelihood: -39336.6	(delta): 284.176
Initial loglikelihood: -39336.6
Starting main algorithm
1 (QN/Block) 	Elapsed: 0.015	Loglikelihood: -34875.8	(delta): 4460.83
2 (QN/Block) 	Elapsed: 0.018	Loglikelihood: -33799.7	(delta): 1076.09
3 (QN/Block) 	Elapsed: 0.017	Loglikelihood: -33376.3	(delta): 423.365
4 (QN/Block) 	Elapsed: 0.017	Loglikelihood: -33070.3	(delta): 305.97
5 (QN/Block) 	Elapsed: 0.015	Loglikelihood: -32894	(delta): 176.385
6 (QN/Block) 	Elapsed: 0.016	Loglikelihood: -32824.9	(delta): 69.086
7 (QN/Block) 	Elapsed: 0.016	Loglikelihood: -32795.8	(delta): 29.0497
8 (QN/Block) 	Elapsed: 0.015	Loglikelihood: -32780.5	(delta): 15.2792
9 (QN/Block) 	Elapsed: 0.017	Loglikelihood: -32776.5	(delta): 4.08708
10 (QN/Block) 	Elapsed: 0.016	Loglikelihood: -32772.4	(delta): 4.02026
11 (QN/Block) 	Elapsed: 0.021	Loglikelihood: -32768	(delta): 4.40658
12 (QN/Block) 	Elapsed: 0.023	Loglikelihood: -32764.1	(delta): 3.98243
13 (QN/Block) 	Elapsed: 0.027	Loglikelihood: -32759.3	(delta): 4.7958
14 (QN/Block) 	Elapsed: 0.022	Loglikelihood: -32757.6	(delta): 1.60673
15 (QN/Block) 	Elapsed: 0.017	Loglikelihood: -32755.6	(delta): 2.08416
16 (QN/Block) 	Elapsed: 0.019	Loglikelihood: -32754.4	(delta): 1.21096
17 (QN/Block) 	Elapsed: 0.022	Loglikelihood: -32753.9	(delta): 0.461229
18 (QN/Block) 	Elapsed: 0.019	Loglikelihood: -32753.7	(delta): 0.14162
19 (QN/Block) 	Elapsed: 0.018	Loglikelihood: -32753.2	(delta): 0.595442
20 (QN/Block) 	Elapsed: 0.021	Loglikelihood: -32752.7	(delta): 0.411401
21 (QN/Block) 	Elapsed: 0.02	Loglikelihood: -32752.5	(delta): 0.250486
22 (QN/Block) 	Elapsed: 0.019	Loglikelihood: -32752.2	(delta): 0.298687
23 (QN/Block) 	Elapsed: 0.021	Loglikelihood: -32751.9	(delta): 0.300053
24 (QN/Block) 	Elapsed: 0.022	Loglikelihood: -32751.8	(delta): 0.092876
25 (QN/Block) 	Elapsed: 0.021	Loglikelihood: -32751.5	(delta): 0.267537
26 (QN/Block) 	Elapsed: 0.024	Loglikelihood: -32751	(delta): 0.572355
27 (QN/Block) 	Elapsed: 0.023	Loglikelihood: -32750.9	(delta): 0.0214695
28 (QN/Block) 	Elapsed: 0.02	Loglikelihood: -32750.9	(delta): 0.02321
29 (QN/Block) 	Elapsed: 0.021	Loglikelihood: -32750.9	(delta): 0.00662485
30 (QN/Block) 	Elapsed: 0.019	Loglikelihood: -32750.9	(delta): 0.00263475
31 (QN/Block) 	Elapsed: 0.019	Loglikelihood: -32750.9	(delta): 0.00160309
32 (QN/Block) 	Elapsed: 0.023	Loglikelihood: -32750.9	(delta): 0.0167516
33 (QN/Block) 	Elapsed: 0.024	Loglikelihood: -32750.9	(delta): 0.0220896
34 (QN/Block) 	Elapsed: 0.02	Loglikelihood: -32750.9	(delta): 0.00264469
35 (QN/Block) 	Elapsed: 0.02	Loglikelihood: -32750.9	(delta): 0.00380332
36 (QN/Block) 	Elapsed: 0.02	Loglikelihood: -32750.9	(delta): 0.00195274
37 (QN/Block) 	Elapsed: 0.02	Loglikelihood: -32750.9	(delta): 0.000636136
38 (QN/Block) 	Elapsed: 0.02	Loglikelihood: -32750.9	(delta): 0.000484862
39 (QN/Block) 	Elapsed: 0.02	Loglikelihood: -32750.9	(delta): 0.000183227
40 (QN/Block) 	Elapsed: 0.019	Loglikelihood: -32750.9	(delta): 6.98142e-05
41 (QN/Block) 	Elapsed: 0.018	Loglikelihood: -32750.9	(delta): 1.76465e-05
42 (QN/Block) 	Elapsed: 0.019	Loglikelihood: -32750.9	(delta): 7.71356e-06
43 (QN/Block) 	Elapsed: 0.019	Loglikelihood: -32750.9	(delta): 3.45388e-06
44 (QN/Block) 	Elapsed: 0.018	Loglikelihood: -32750.9	(delta): 9.22326e-07
45 (QN/Block) 	Elapsed: 0.019	Loglikelihood: -32750.9	(delta): 2.53534e-07
46 (QN/Block) 	Elapsed: 0.017	Loglikelihood: -32750.9	(delta): 1.21578e-07
47 (QN/Block) 	Elapsed: 0.02	Loglikelihood: -32750.9	(delta): 4.70936e-08
48 (QN/Block) 	Elapsed: 0.019	Loglikelihood: -32750.9	(delta): 2.84526e-08
49 (QN/Block) 	Elapsed: 0.016	Loglikelihood: -32750.9	(delta): 7.56336e-09
50 (QN/Block) 	Elapsed: 0.016	Loglikelihood: -32750.9	(delta): 2.99042e-09
51 (QN/Block) 	Elapsed: 0.016	Loglikelihood: -32750.9	(delta): 1.20417e-09
52 (QN/Block) 	Elapsed: 0.02	Loglikelihood: -32750.9	(delta): 7.63976e-10
53 (QN/Block) 	Elapsed: 0.021	Loglikelihood: -32750.9	(delta): 2.36469e-10
54 (QN/Block) 	Elapsed: 0.021	Loglikelihood: -32750.9	(delta): 9.45874e-11
55 (QN/Block) 	Elapsed: 0.021	Loglikelihood: -32750.9	(delta): 4.36557e-11
56 (QN/Block) 	Elapsed: 0.023	Loglikelihood: -32750.9	(delta): 2.18279e-11
57 (QN/Block) 	Elapsed: 0.023	Loglikelihood: -32750.9	(delta): 1.09139e-11
58 (QN/Block) 	Elapsed: 0.024	Loglikelihood: -32750.9	(delta): -3.63798e-12
59 (QN/Block) 	Elapsed: 0.023	Loglikelihood: -32750.9	(delta): 3.63798e-12
60 (QN/Block) 	Elapsed: 0.025	Loglikelihood: -32750.9	(delta): 3.63798e-12
61 (QN/Block) 	Elapsed: 0.032	Loglikelihood: -32750.9	(delta): 0
62 (QN/Block) 	Elapsed: 0.023	Loglikelihood: -32750.9	(delta): 0
63 (QN/Block) 	Elapsed: 0.026	Loglikelihood: -32750.9	(delta): 0
64 (QN/Block) 	Elapsed: 0.022	Loglikelihood: -32750.9	(delta): -3.63798e-12
65 (QN/Block) 	Elapsed: 0.023	Loglikelihood: -32750.9	(delta): 0
66 (QN/Block) 	Elapsed: 0.023	Loglikelihood: -32750.9	(delta): 3.63798e-12
67 (QN/Block) 	Elapsed: 0.027	Loglikelihood: -32750.9	(delta): 0
68 (QN/Block) 	Elapsed: 0.025	Loglikelihood: -32750.9	(delta): 3.63798e-12
69 (QN/Block) 	Elapsed: 0.024	Loglikelihood: -32750.9	(delta): 0
70 (QN/Block) 	Elapsed: 0.023	Loglikelihood: -32750.9	(delta): -3.63798e-12
71 (QN/Block) 	Elapsed: 0.025	Loglikelihood: -32750.9	(delta): 0
72 (QN/Block) 	Elapsed: 0.024	Loglikelihood: -32750.9	(delta): 0
73 (QN/Block) 	Elapsed: 0.022	Loglikelihood: -32750.9	(delta): 0
74 (QN/Block) 	Elapsed: 0.022	Loglikelihood: -32750.9	(delta): 3.63798e-12
75 (QN/Block) 	Elapsed: 0.023	Loglikelihood: -32750.9	(delta): 0
76 (QN/Block) 	Elapsed: 0.018	Loglikelihood: -32750.9	(delta): 0
77 (QN/Block) 	Elapsed: 0.018	Loglikelihood: -32750.9	(delta): 3.63798e-12
78 (QN/Block) 	Elapsed: 0.017	Loglikelihood: -32750.9	(delta): -3.63798e-12
79 (QN/Block) 	Elapsed: 0.018	Loglikelihood: -32750.9	(delta): 3.63798e-12
80 (QN/Block) 	Elapsed: 0.019	Loglikelihood: -32750.9	(delta): -3.63798e-12
81 (QN/Block) 	Elapsed: 0.019	Loglikelihood: -32750.9	(delta): 0
82 (QN/Block) 	Elapsed: 0.024	Loglikelihood: -32750.9	(delta): 3.63798e-12
83 (QN/Block) 	Elapsed: 0.027	Loglikelihood: -32750.9	(delta): 0
84 (QN/Block) 	Elapsed: 0.025	Loglikelihood: -32750.9	(delta): -3.63798e-12
85 (QN/Block) 	Elapsed: 0.024	Loglikelihood: -32750.9	(delta): 3.63798e-12
86 (QN/Block) 	Elapsed: 0.021	Loglikelihood: -32750.9	(delta): -3.63798e-12
87 (QN/Block) 	Elapsed: 0.023	Loglikelihood: -32750.9	(delta): 0
88 (QN/Block) 	Elapsed: 0.021	Loglikelihood: -32750.9	(delta): 0
89 (QN/Block) 	Elapsed: 0.023	Loglikelihood: -32750.9	(delta): 3.63798e-12
90 (QN/Block) 	Elapsed: 0.021	Loglikelihood: -32750.9	(delta): -3.63798e-12
91 (QN/Block) 	Elapsed: 0.023	Loglikelihood: -32750.9	(delta): 0
92 (QN/Block) 	Elapsed: 0.022	Loglikelihood: -32750.9	(delta): -3.63798e-12
93 (QN/Block) 	Elapsed: 0.022	Loglikelihood: -32750.9	(delta): -3.63798e-12
94 (QN/Block) 	Elapsed: 0.023	Loglikelihood: -32750.9	(delta): 7.27596e-12
95 (QN/Block) 	Elapsed: 0.022	Loglikelihood: -32750.9	(delta): 0
96 (QN/Block) 	Elapsed: 0.025	Loglikelihood: -32750.9	(delta): 3.63798e-12
97 (QN/Block) 	Elapsed: 0.026	Loglikelihood: -32750.9	(delta): -3.63798e-12
98 (QN/Block) 	Elapsed: 0.025	Loglikelihood: -32750.9	(delta): -3.63798e-12
99 (QN/Block) 	Elapsed: 0.025	Loglikelihood: -32750.9	(delta): 0
100 (QN/Block) 	Elapsed: 0.025	Loglikelihood: -32750.9	(delta): 7.27596e-12
Summary: 
Converged in 100 iterations (2.26 sec)
Loglikelihood: -32750.856935
Fst divergences between estimated populations: 
	Pop0	Pop1	Pop2	Pop3	Pop4	Pop5	Pop6	
Pop0	
Pop1	0.109	
Pop2	0.101	0.090	
Pop3	0.097	0.086	0.074	
Pop4	0.215	0.216	0.226	0.218	
Pop5	0.099	0.099	0.086	0.072	0.215	
Pop6	0.235	0.229	0.237	0.230	0.083	0.227	
Pop7	0.236	0.235	0.241	0.229	0.088	0.225	0.104	
CV error (K=8): 0.40940
Writing output files.
