****                   ADMIXTURE Version 1.3.0                  ****
****                    Copyright 2008-2015                     ****
****           David Alexander, Suyash Shringarpure,            ****
****                John  Novembre, Ken Lange                   ****
****                                                            ****
****                 Please cite our paper!                     ****
****   Information at www.genetics.ucla.edu/software/admixture  ****

Parallel execution requested.  Will use 8 threads.
Cross-validation will be performed.  Folds=10.
Random seed: 43
Point estimation method: Block relaxation algorithm
Convergence acceleration algorithm: QuasiNewton, 3 secant conditions
Point estimation will terminate at 100 iterations
Estimation of standard errors disabled; will compute point estimates only.
Size of G: 92x945
Performing five EM steps to prime main algorithm
1 (EM) 	Elapsed: 0.006	Loglikelihood: -43540	(delta): 82745.8
2 (EM) 	Elapsed: 0.006	Loglikelihood: -40816.1	(delta): 2723.82
3 (EM) 	Elapsed: 0.006	Loglikelihood: -40218.4	(delta): 597.787
4 (EM) 	Elapsed: 0.006	Loglikelihood: -39862.6	(delta): 355.779
5 (EM) 	Elapsed: 0.006	Loglikelihood: -39595.5	(delta): 267.065
Initial loglikelihood: -39595.5
Starting main algorithm
1 (QN/Block) 	Elapsed: 0.012	Loglikelihood: -35723.1	(delta): 3872.42
2 (QN/Block) 	Elapsed: 0.012	Loglikelihood: -34797	(delta): 926.098
3 (QN/Block) 	Elapsed: 0.015	Loglikelihood: -34401.1	(delta): 395.945
4 (QN/Block) 	Elapsed: 0.015	Loglikelihood: -34189.6	(delta): 211.496
5 (QN/Block) 	Elapsed: 0.015	Loglikelihood: -34114.4	(delta): 75.1468
6 (QN/Block) 	Elapsed: 0.012	Loglikelihood: -34082.4	(delta): 32.0292
7 (QN/Block) 	Elapsed: 0.013	Loglikelihood: -34066.8	(delta): 15.6274
8 (QN/Block) 	Elapsed: 0.013	Loglikelihood: -34054.1	(delta): 12.6136
9 (QN/Block) 	Elapsed: 0.013	Loglikelihood: -34049	(delta): 5.10427
10 (QN/Block) 	Elapsed: 0.013	Loglikelihood: -34047.8	(delta): 1.23904
11 (QN/Block) 	Elapsed: 0.014	Loglikelihood: -34046.2	(delta): 1.56241
12 (QN/Block) 	Elapsed: 0.013	Loglikelihood: -34045	(delta): 1.24899
13 (QN/Block) 	Elapsed: 0.014	Loglikelihood: -34043.4	(delta): 1.5419
14 (QN/Block) 	Elapsed: 0.015	Loglikelihood: -34042.8	(delta): 0.596114
15 (QN/Block) 	Elapsed: 0.017	Loglikelihood: -34041.8	(delta): 1.01151
16 (QN/Block) 	Elapsed: 0.017	Loglikelihood: -34040.7	(delta): 1.1306
17 (QN/Block) 	Elapsed: 0.017	Loglikelihood: -34039	(delta): 1.72058
18 (QN/Block) 	Elapsed: 0.016	Loglikelihood: -34037.4	(delta): 1.58808
19 (QN/Block) 	Elapsed: 0.014	Loglikelihood: -34036.5	(delta): 0.870332
20 (QN/Block) 	Elapsed: 0.015	Loglikelihood: -34035.1	(delta): 1.39826
21 (QN/Block) 	Elapsed: 0.017	Loglikelihood: -34033.2	(delta): 1.94982
22 (QN/Block) 	Elapsed: 0.016	Loglikelihood: -34030.8	(delta): 2.34518
23 (QN/Block) 	Elapsed: 0.016	Loglikelihood: -34029.7	(delta): 1.08903
24 (QN/Block) 	Elapsed: 0.018	Loglikelihood: -34029.4	(delta): 0.316626
25 (QN/Block) 	Elapsed: 0.019	Loglikelihood: -34028.7	(delta): 0.674912
26 (QN/Block) 	Elapsed: 0.02	Loglikelihood: -34027.5	(delta): 1.29602
27 (QN/Block) 	Elapsed: 0.018	Loglikelihood: -34025.7	(delta): 1.71987
28 (QN/Block) 	Elapsed: 0.015	Loglikelihood: -34024.9	(delta): 0.85351
29 (QN/Block) 	Elapsed: 0.016	Loglikelihood: -34024.5	(delta): 0.337832
30 (QN/Block) 	Elapsed: 0.015	Loglikelihood: -34023.6	(delta): 0.959552
31 (QN/Block) 	Elapsed: 0.015	Loglikelihood: -34021.9	(delta): 1.66553
32 (QN/Block) 	Elapsed: 0.014	Loglikelihood: -34019.1	(delta): 2.80434
33 (QN/Block) 	Elapsed: 0.014	Loglikelihood: -34016.6	(delta): 2.48262
34 (QN/Block) 	Elapsed: 0.013	Loglikelihood: -34015.3	(delta): 1.34285
35 (QN/Block) 	Elapsed: 0.012	Loglikelihood: -34014.6	(delta): 0.668915
36 (QN/Block) 	Elapsed: 0.012	Loglikelihood: -34014.3	(delta): 0.35196
37 (QN/Block) 	Elapsed: 0.014	Loglikelihood: -34013.9	(delta): 0.361004
38 (QN/Block) 	Elapsed: 0.013	Loglikelihood: -34013.5	(delta): 0.358565
39 (QN/Block) 	Elapsed: 0.013	Loglikelihood: -34013.4	(delta): 0.151049
40 (QN/Block) 	Elapsed: 0.013	Loglikelihood: -34013.3	(delta): 0.129653
41 (QN/Block) 	Elapsed: 0.014	Loglikelihood: -34013.1	(delta): 0.116924
42 (QN/Block) 	Elapsed: 0.014	Loglikelihood: -34012.9	(delta): 0.219249
43 (QN/Block) 	Elapsed: 0.013	Loglikelihood: -34012.7	(delta): 0.265169
44 (QN/Block) 	Elapsed: 0.012	Loglikelihood: -34012.7	(delta): 0.00377874
45 (QN/Block) 	Elapsed: 0.013	Loglikelihood: -34012.7	(delta): 0.00262967
46 (QN/Block) 	Elapsed: 0.017	Loglikelihood: -34012.7	(delta): 0.00443387
47 (QN/Block) 	Elapsed: 0.018	Loglikelihood: -34012.6	(delta): 0.00862144
48 (QN/Block) 	Elapsed: 0.021	Loglikelihood: -34012.6	(delta): 0.0238364
49 (QN/Block) 	Elapsed: 0.019	Loglikelihood: -34012.5	(delta): 0.140314
50 (QN/Block) 	Elapsed: 0.019	Loglikelihood: -34011.7	(delta): 0.758486
51 (QN/Block) 	Elapsed: 0.018	Loglikelihood: -34011.5	(delta): 0.19256
52 (QN/Block) 	Elapsed: 0.017	Loglikelihood: -34011.5	(delta): 0.00494499
53 (QN/Block) 	Elapsed: 0.017	Loglikelihood: -34011.5	(delta): 0.0371805
54 (QN/Block) 	Elapsed: 0.016	Loglikelihood: -34011.5	(delta): 0.00575603
55 (QN/Block) 	Elapsed: 0.014	Loglikelihood: -34011.5	(delta): 0.000142429
56 (QN/Block) 	Elapsed: 0.012	Loglikelihood: -34011.5	(delta): 1.29915e-05
57 (QN/Block) 	Elapsed: 0.016	Loglikelihood: -34011.5	(delta): 1.24346e-08
58 (QN/Block) 	Elapsed: 0.015	Loglikelihood: -34011.5	(delta): 4.80213e-10
59 (QN/Block) 	Elapsed: 0.015	Loglikelihood: -34011.5	(delta): 5.09317e-11
60 (QN/Block) 	Elapsed: 0.016	Loglikelihood: -34011.5	(delta): 1.45519e-11
61 (QN/Block) 	Elapsed: 0.016	Loglikelihood: -34011.5	(delta): -7.27596e-12
62 (QN/Block) 	Elapsed: 0.015	Loglikelihood: -34011.5	(delta): 7.27596e-12
63 (QN/Block) 	Elapsed: 0.017	Loglikelihood: -34011.5	(delta): -7.27596e-12
64 (QN/Block) 	Elapsed: 0.015	Loglikelihood: -34011.5	(delta): 7.27596e-12
65 (QN/Block) 	Elapsed: 0.015	Loglikelihood: -34011.5	(delta): 0
66 (QN/Block) 	Elapsed: 0.015	Loglikelihood: -34011.5	(delta): 0
67 (QN/Block) 	Elapsed: 0.016	Loglikelihood: -34011.5	(delta): -7.27596e-12
68 (QN/Block) 	Elapsed: 0.014	Loglikelihood: -34011.5	(delta): 7.27596e-12
69 (QN/Block) 	Elapsed: 0.015	Loglikelihood: -34011.5	(delta): -7.27596e-12
70 (QN/Block) 	Elapsed: 0.015	Loglikelihood: -34011.5	(delta): 7.27596e-12
71 (QN/Block) 	Elapsed: 0.015	Loglikelihood: -34011.5	(delta): 0
72 (QN/Block) 	Elapsed: 0.018	Loglikelihood: -34011.5	(delta): 0
73 (QN/Block) 	Elapsed: 0.015	Loglikelihood: -34011.5	(delta): 0
74 (QN/Block) 	Elapsed: 0.012	Loglikelihood: -34011.5	(delta): 0
75 (QN/Block) 	Elapsed: 0.017	Loglikelihood: -34011.5	(delta): -7.27596e-12
76 (QN/Block) 	Elapsed: 0.016	Loglikelihood: -34011.5	(delta): 7.27596e-12
77 (QN/Block) 	Elapsed: 0.018	Loglikelihood: -34011.5	(delta): -7.27596e-12
78 (QN/Block) 	Elapsed: 0.018	Loglikelihood: -34011.5	(delta): 0
79 (QN/Block) 	Elapsed: 0.018	Loglikelihood: -34011.5	(delta): 7.27596e-12
80 (QN/Block) 	Elapsed: 0.017	Loglikelihood: -34011.5	(delta): 0
81 (QN/Block) 	Elapsed: 0.018	Loglikelihood: -34011.5	(delta): -7.27596e-12
82 (QN/Block) 	Elapsed: 0.015	Loglikelihood: -34011.5	(delta): 0
83 (QN/Block) 	Elapsed: 0.016	Loglikelihood: -34011.5	(delta): 7.27596e-12
84 (QN/Block) 	Elapsed: 0.015	Loglikelihood: -34011.5	(delta): -7.27596e-12
85 (QN/Block) 	Elapsed: 0.014	Loglikelihood: -34011.5	(delta): 7.27596e-12
86 (QN/Block) 	Elapsed: 0.015	Loglikelihood: -34011.5	(delta): 0
87 (QN/Block) 	Elapsed: 0.017	Loglikelihood: -34011.5	(delta): 0
88 (QN/Block) 	Elapsed: 0.016	Loglikelihood: -34011.5	(delta): -7.27596e-12
89 (QN/Block) 	Elapsed: 0.013	Loglikelihood: -34011.5	(delta): 0
90 (QN/Block) 	Elapsed: 0.012	Loglikelihood: -34011.5	(delta): 0
91 (QN/Block) 	Elapsed: 0.013	Loglikelihood: -34011.5	(delta): 0
92 (QN/Block) 	Elapsed: 0.017	Loglikelihood: -34011.5	(delta): 0
93 (QN/Block) 	Elapsed: 0.021	Loglikelihood: -34011.5	(delta): 7.27596e-12
94 (QN/Block) 	Elapsed: 0.017	Loglikelihood: -34011.5	(delta): -7.27596e-12
95 (QN/Block) 	Elapsed: 0.018	Loglikelihood: -34011.5	(delta): 0
96 (QN/Block) 	Elapsed: 0.019	Loglikelihood: -34011.5	(delta): 0
97 (QN/Block) 	Elapsed: 0.016	Loglikelihood: -34011.5	(delta): 0
98 (QN/Block) 	Elapsed: 0.018	Loglikelihood: -34011.5	(delta): 7.27596e-12
99 (QN/Block) 	Elapsed: 0.018	Loglikelihood: -34011.5	(delta): -7.27596e-12
100 (QN/Block) 	Elapsed: 0.016	Loglikelihood: -34011.5	(delta): 7.27596e-12
Summary: 
Converged in 100 iterations (1.669 sec)
Loglikelihood: -34011.481899
Fst divergences between estimated populations: 
	Pop0	Pop1	Pop2	Pop3	
Pop0	
Pop1	0.203	
Pop2	0.049	0.209	
Pop3	0.190	0.063	0.200	
Pop4	0.066	0.220	0.061	0.205	
CV error (K=5): 0.35889
Writing output files.
