****                   ADMIXTURE Version 1.3.0                  ****
****                    Copyright 2008-2015                     ****
****           David Alexander, Suyash Shringarpure,            ****
****                John  Novembre, Ken Lange                   ****
****                                                            ****
****                 Please cite our paper!                     ****
****   Information at www.genetics.ucla.edu/software/admixture  ****

Parallel execution requested.  Will use 8 threads.
Cross-validation will be performed.  Folds=10.
Random seed: 43
Point estimation method: Block relaxation algorithm
Convergence acceleration algorithm: QuasiNewton, 3 secant conditions
Point estimation will terminate at 100 iterations
Estimation of standard errors disabled; will compute point estimates only.
Size of G: 98x940
Performing five EM steps to prime main algorithm
1 (EM) 	Elapsed: 0.004	Loglikelihood: -46921	(delta): 88154.6
2 (EM) 	Elapsed: 0.004	Loglikelihood: -44288.9	(delta): 2632.05
3 (EM) 	Elapsed: 0.004	Loglikelihood: -43722.5	(delta): 566.4
4 (EM) 	Elapsed: 0.005	Loglikelihood: -43415.6	(delta): 306.889
5 (EM) 	Elapsed: 0.005	Loglikelihood: -43209.6	(delta): 206.064
Initial loglikelihood: -43209.6
Starting main algorithm
1 (QN/Block) 	Elapsed: 0.009	Loglikelihood: -40006.9	(delta): 3202.69
2 (QN/Block) 	Elapsed: 0.009	Loglikelihood: -38876.6	(delta): 1130.26
3 (QN/Block) 	Elapsed: 0.01	Loglikelihood: -38461.6	(delta): 415.051
4 (QN/Block) 	Elapsed: 0.01	Loglikelihood: -38227.1	(delta): 234.456
5 (QN/Block) 	Elapsed: 0.01	Loglikelihood: -38133.2	(delta): 93.9252
6 (QN/Block) 	Elapsed: 0.01	Loglikelihood: -38097.4	(delta): 35.7728
7 (QN/Block) 	Elapsed: 0.01	Loglikelihood: -38078.3	(delta): 19.117
8 (QN/Block) 	Elapsed: 0.011	Loglikelihood: -38073.9	(delta): 4.4401
9 (QN/Block) 	Elapsed: 0.011	Loglikelihood: -38069.7	(delta): 4.11843
10 (QN/Block) 	Elapsed: 0.01	Loglikelihood: -38065.3	(delta): 4.47747
11 (QN/Block) 	Elapsed: 0.012	Loglikelihood: -38063.1	(delta): 2.13175
12 (QN/Block) 	Elapsed: 0.012	Loglikelihood: -38060.4	(delta): 2.69043
13 (QN/Block) 	Elapsed: 0.01	Loglikelihood: -38058.1	(delta): 2.35731
14 (QN/Block) 	Elapsed: 0.011	Loglikelihood: -38055.9	(delta): 2.17159
15 (QN/Block) 	Elapsed: 0.011	Loglikelihood: -38054.6	(delta): 1.28241
16 (QN/Block) 	Elapsed: 0.011	Loglikelihood: -38052.8	(delta): 1.79407
17 (QN/Block) 	Elapsed: 0.009	Loglikelihood: -38052.1	(delta): 0.793396
18 (QN/Block) 	Elapsed: 0.009	Loglikelihood: -38051.3	(delta): 0.766892
19 (QN/Block) 	Elapsed: 0.01	Loglikelihood: -38050.7	(delta): 0.607675
20 (QN/Block) 	Elapsed: 0.012	Loglikelihood: -38050.3	(delta): 0.342701
21 (QN/Block) 	Elapsed: 0.011	Loglikelihood: -38050.1	(delta): 0.204817
22 (QN/Block) 	Elapsed: 0.012	Loglikelihood: -38049.9	(delta): 0.24921
23 (QN/Block) 	Elapsed: 0.011	Loglikelihood: -38049.5	(delta): 0.403449
24 (QN/Block) 	Elapsed: 0.012	Loglikelihood: -38048.8	(delta): 0.628007
25 (QN/Block) 	Elapsed: 0.012	Loglikelihood: -38048.3	(delta): 0.527119
26 (QN/Block) 	Elapsed: 0.011	Loglikelihood: -38048	(delta): 0.300197
27 (QN/Block) 	Elapsed: 0.013	Loglikelihood: -38047.7	(delta): 0.278876
28 (QN/Block) 	Elapsed: 0.012	Loglikelihood: -38047	(delta): 0.75131
29 (QN/Block) 	Elapsed: 0.012	Loglikelihood: -38045.9	(delta): 1.06244
30 (QN/Block) 	Elapsed: 0.011	Loglikelihood: -38045.6	(delta): 0.355357
31 (QN/Block) 	Elapsed: 0.012	Loglikelihood: -38045.5	(delta): 0.115672
32 (QN/Block) 	Elapsed: 0.013	Loglikelihood: -38045.4	(delta): 0.0274892
33 (QN/Block) 	Elapsed: 0.012	Loglikelihood: -38045.4	(delta): 0.00140726
34 (QN/Block) 	Elapsed: 0.011	Loglikelihood: -38045.4	(delta): 0.000261448
35 (QN/Block) 	Elapsed: 0.011	Loglikelihood: -38045.4	(delta): 7.29688e-06
36 (QN/Block) 	Elapsed: 0.011	Loglikelihood: -38045.4	(delta): 4.38916e-06
37 (QN/Block) 	Elapsed: 0.011	Loglikelihood: -38045.4	(delta): 3.32686e-07
38 (QN/Block) 	Elapsed: 0.011	Loglikelihood: -38045.4	(delta): 1.9907e-08
39 (QN/Block) 	Elapsed: 0.012	Loglikelihood: -38045.4	(delta): 1.60799e-09
40 (QN/Block) 	Elapsed: 0.011	Loglikelihood: -38045.4	(delta): 1.01863e-10
41 (QN/Block) 	Elapsed: 0.011	Loglikelihood: -38045.4	(delta): 1.45519e-11
42 (QN/Block) 	Elapsed: 0.011	Loglikelihood: -38045.4	(delta): 7.27596e-12
43 (QN/Block) 	Elapsed: 0.012	Loglikelihood: -38045.4	(delta): 7.27596e-12
44 (QN/Block) 	Elapsed: 0.012	Loglikelihood: -38045.4	(delta): -7.27596e-12
45 (QN/Block) 	Elapsed: 0.011	Loglikelihood: -38045.4	(delta): 7.27596e-12
46 (QN/Block) 	Elapsed: 0.012	Loglikelihood: -38045.4	(delta): 0
47 (QN/Block) 	Elapsed: 0.012	Loglikelihood: -38045.4	(delta): 0
48 (QN/Block) 	Elapsed: 0.011	Loglikelihood: -38045.4	(delta): -7.27596e-12
49 (QN/Block) 	Elapsed: 0.012	Loglikelihood: -38045.4	(delta): 1.45519e-11
50 (QN/Block) 	Elapsed: 0.012	Loglikelihood: -38045.4	(delta): 0
51 (QN/Block) 	Elapsed: 0.011	Loglikelihood: -38045.4	(delta): -7.27596e-12
52 (QN/Block) 	Elapsed: 0.012	Loglikelihood: -38045.4	(delta): -7.27596e-12
53 (QN/Block) 	Elapsed: 0.012	Loglikelihood: -38045.4	(delta): 1.45519e-11
54 (QN/Block) 	Elapsed: 0.012	Loglikelihood: -38045.4	(delta): -7.27596e-12
55 (QN/Block) 	Elapsed: 0.012	Loglikelihood: -38045.4	(delta): -7.27596e-12
56 (QN/Block) 	Elapsed: 0.012	Loglikelihood: -38045.4	(delta): 7.27596e-12
57 (QN/Block) 	Elapsed: 0.011	Loglikelihood: -38045.4	(delta): -7.27596e-12
58 (QN/Block) 	Elapsed: 0.011	Loglikelihood: -38045.4	(delta): 7.27596e-12
59 (QN/Block) 	Elapsed: 0.012	Loglikelihood: -38045.4	(delta): 7.27596e-12
60 (QN/Block) 	Elapsed: 0.011	Loglikelihood: -38045.4	(delta): -7.27596e-12
61 (QN/Block) 	Elapsed: 0.012	Loglikelihood: -38045.4	(delta): -7.27596e-12
62 (QN/Block) 	Elapsed: 0.012	Loglikelihood: -38045.4	(delta): 7.27596e-12
63 (QN/Block) 	Elapsed: 0.012	Loglikelihood: -38045.4	(delta): 0
64 (QN/Block) 	Elapsed: 0.011	Loglikelihood: -38045.4	(delta): 0
65 (QN/Block) 	Elapsed: 0.011	Loglikelihood: -38045.4	(delta): -7.27596e-12
66 (QN/Block) 	Elapsed: 0.012	Loglikelihood: -38045.4	(delta): 0
67 (QN/Block) 	Elapsed: 0.012	Loglikelihood: -38045.4	(delta): 0
68 (QN/Block) 	Elapsed: 0.011	Loglikelihood: -38045.4	(delta): 0
69 (QN/Block) 	Elapsed: 0.012	Loglikelihood: -38045.4	(delta): 1.45519e-11
70 (QN/Block) 	Elapsed: 0.012	Loglikelihood: -38045.4	(delta): -1.45519e-11
71 (QN/Block) 	Elapsed: 0.012	Loglikelihood: -38045.4	(delta): 0
72 (QN/Block) 	Elapsed: 0.011	Loglikelihood: -38045.4	(delta): 1.45519e-11
73 (QN/Block) 	Elapsed: 0.01	Loglikelihood: -38045.4	(delta): -1.45519e-11
74 (QN/Block) 	Elapsed: 0.011	Loglikelihood: -38045.4	(delta): 7.27596e-12
75 (QN/Block) 	Elapsed: 0.011	Loglikelihood: -38045.4	(delta): 0
76 (QN/Block) 	Elapsed: 0.012	Loglikelihood: -38045.4	(delta): -7.27596e-12
77 (QN/Block) 	Elapsed: 0.011	Loglikelihood: -38045.4	(delta): 0
78 (QN/Block) 	Elapsed: 0.011	Loglikelihood: -38045.4	(delta): 7.27596e-12
79 (QN/Block) 	Elapsed: 0.01	Loglikelihood: -38045.4	(delta): 0
80 (QN/Block) 	Elapsed: 0.011	Loglikelihood: -38045.4	(delta): 7.27596e-12
81 (QN/Block) 	Elapsed: 0.011	Loglikelihood: -38045.4	(delta): -1.45519e-11
82 (QN/Block) 	Elapsed: 0.011	Loglikelihood: -38045.4	(delta): 7.27596e-12
83 (QN/Block) 	Elapsed: 0.012	Loglikelihood: -38045.4	(delta): -7.27596e-12
84 (QN/Block) 	Elapsed: 0.012	Loglikelihood: -38045.4	(delta): 0
85 (QN/Block) 	Elapsed: 0.011	Loglikelihood: -38045.4	(delta): 7.27596e-12
86 (QN/Block) 	Elapsed: 0.013	Loglikelihood: -38045.4	(delta): 0
87 (QN/Block) 	Elapsed: 0.013	Loglikelihood: -38045.4	(delta): 0
88 (QN/Block) 	Elapsed: 0.015	Loglikelihood: -38045.4	(delta): 7.27596e-12
89 (QN/Block) 	Elapsed: 0.014	Loglikelihood: -38045.4	(delta): 0
90 (QN/Block) 	Elapsed: 0.013	Loglikelihood: -38045.4	(delta): -1.45519e-11
91 (QN/Block) 	Elapsed: 0.013	Loglikelihood: -38045.4	(delta): 0
92 (QN/Block) 	Elapsed: 0.013	Loglikelihood: -38045.4	(delta): 0
93 (QN/Block) 	Elapsed: 0.013	Loglikelihood: -38045.4	(delta): 0
94 (QN/Block) 	Elapsed: 0.013	Loglikelihood: -38045.4	(delta): 0
95 (QN/Block) 	Elapsed: 0.013	Loglikelihood: -38045.4	(delta): 7.27596e-12
96 (QN/Block) 	Elapsed: 0.012	Loglikelihood: -38045.4	(delta): 0
97 (QN/Block) 	Elapsed: 0.015	Loglikelihood: -38045.4	(delta): -7.27596e-12
98 (QN/Block) 	Elapsed: 0.014	Loglikelihood: -38045.4	(delta): 0
99 (QN/Block) 	Elapsed: 0.013	Loglikelihood: -38045.4	(delta): 0
100 (QN/Block) 	Elapsed: 0.012	Loglikelihood: -38045.4	(delta): 0
Summary: 
Converged in 100 iterations (1.262 sec)
Loglikelihood: -38045.428114
Fst divergences between estimated populations: 
	Pop0	Pop1	Pop2	
Pop0	
Pop1	0.173	
Pop2	0.044	0.163	
Pop3	0.210	0.120	0.205	
CV error (K=4): 0.34687
Writing output files.
