****                   ADMIXTURE Version 1.3.0                  ****
****                    Copyright 2008-2015                     ****
****           David Alexander, Suyash Shringarpure,            ****
****                John  Novembre, Ken Lange                   ****
****                                                            ****
****                 Please cite our paper!                     ****
****   Information at www.genetics.ucla.edu/software/admixture  ****

Parallel execution requested.  Will use 8 threads.
Cross-validation will be performed.  Folds=10.
Random seed: 43
Point estimation method: Block relaxation algorithm
Convergence acceleration algorithm: QuasiNewton, 3 secant conditions
Point estimation will terminate at 100 iterations
Estimation of standard errors disabled; will compute point estimates only.
Size of G: 98x940
Performing five EM steps to prime main algorithm
1 (EM) 	Elapsed: 0.01	Loglikelihood: -46961.2	(delta): 84273.2
2 (EM) 	Elapsed: 0.01	Loglikelihood: -44052.1	(delta): 2909.08
3 (EM) 	Elapsed: 0.01	Loglikelihood: -43439.1	(delta): 613.059
4 (EM) 	Elapsed: 0.01	Loglikelihood: -43056.1	(delta): 382.947
5 (EM) 	Elapsed: 0.01	Loglikelihood: -42760.5	(delta): 295.628
Initial loglikelihood: -42760.5
Starting main algorithm
1 (QN/Block) 	Elapsed: 0.017	Loglikelihood: -38519.6	(delta): 4240.84
2 (QN/Block) 	Elapsed: 0.016	Loglikelihood: -37588.9	(delta): 930.69
3 (QN/Block) 	Elapsed: 0.017	Loglikelihood: -37264.9	(delta): 324.029
4 (QN/Block) 	Elapsed: 0.019	Loglikelihood: -37008.1	(delta): 256.785
5 (QN/Block) 	Elapsed: 0.017	Loglikelihood: -36887	(delta): 121.178
6 (QN/Block) 	Elapsed: 0.018	Loglikelihood: -36835.5	(delta): 51.4484
7 (QN/Block) 	Elapsed: 0.017	Loglikelihood: -36798	(delta): 37.5486
8 (QN/Block) 	Elapsed: 0.017	Loglikelihood: -36759.9	(delta): 38.0674
9 (QN/Block) 	Elapsed: 0.024	Loglikelihood: -36721.6	(delta): 38.2546
10 (QN/Block) 	Elapsed: 0.021	Loglikelihood: -36691.6	(delta): 30.0706
11 (QN/Block) 	Elapsed: 0.024	Loglikelihood: -36660.7	(delta): 30.8273
12 (QN/Block) 	Elapsed: 0.023	Loglikelihood: -36645.1	(delta): 15.6116
13 (QN/Block) 	Elapsed: 0.023	Loglikelihood: -36635.5	(delta): 9.66316
14 (QN/Block) 	Elapsed: 0.032	Loglikelihood: -36628.1	(delta): 7.32386
15 (QN/Block) 	Elapsed: 0.027	Loglikelihood: -36623.8	(delta): 4.3198
16 (QN/Block) 	Elapsed: 0.027	Loglikelihood: -36617.8	(delta): 6.06598
17 (QN/Block) 	Elapsed: 0.028	Loglikelihood: -36616.8	(delta): 0.994876
18 (QN/Block) 	Elapsed: 0.026	Loglikelihood: -36616.4	(delta): 0.337171
19 (QN/Block) 	Elapsed: 0.026	Loglikelihood: -36616.3	(delta): 0.169745
20 (QN/Block) 	Elapsed: 0.023	Loglikelihood: -36616.2	(delta): 0.00542875
21 (QN/Block) 	Elapsed: 0.039	Loglikelihood: -36616.2	(delta): 0.00590583
22 (QN/Block) 	Elapsed: 0.034	Loglikelihood: -36615.8	(delta): 0.473146
23 (QN/Block) 	Elapsed: 0.025	Loglikelihood: -36614.9	(delta): 0.908417
24 (QN/Block) 	Elapsed: 0.022	Loglikelihood: -36614.2	(delta): 0.679087
25 (QN/Block) 	Elapsed: 0.026	Loglikelihood: -36612.7	(delta): 1.4625
26 (QN/Block) 	Elapsed: 0.025	Loglikelihood: -36612.2	(delta): 0.514066
27 (QN/Block) 	Elapsed: 0.029	Loglikelihood: -36611.8	(delta): 0.357
28 (QN/Block) 	Elapsed: 0.036	Loglikelihood: -36611.1	(delta): 0.743903
29 (QN/Block) 	Elapsed: 0.037	Loglikelihood: -36610.8	(delta): 0.28486
30 (QN/Block) 	Elapsed: 0.036	Loglikelihood: -36610.7	(delta): 0.0838711
31 (QN/Block) 	Elapsed: 0.031	Loglikelihood: -36610.6	(delta): 0.147882
32 (QN/Block) 	Elapsed: 0.029	Loglikelihood: -36610.4	(delta): 0.158288
33 (QN/Block) 	Elapsed: 0.031	Loglikelihood: -36610.2	(delta): 0.181333
34 (QN/Block) 	Elapsed: 0.026	Loglikelihood: -36610.1	(delta): 0.114021
35 (QN/Block) 	Elapsed: 0.026	Loglikelihood: -36609.8	(delta): 0.296796
36 (QN/Block) 	Elapsed: 0.028	Loglikelihood: -36609.6	(delta): 0.269749
37 (QN/Block) 	Elapsed: 0.028	Loglikelihood: -36609.3	(delta): 0.21807
38 (QN/Block) 	Elapsed: 0.024	Loglikelihood: -36609	(delta): 0.317501
39 (QN/Block) 	Elapsed: 0.026	Loglikelihood: -36608.5	(delta): 0.500655
40 (QN/Block) 	Elapsed: 0.033	Loglikelihood: -36608	(delta): 0.509284
41 (QN/Block) 	Elapsed: 0.037	Loglikelihood: -36608	(delta): 0.0269833
42 (QN/Block) 	Elapsed: 0.045	Loglikelihood: -36608	(delta): 0.0401123
43 (QN/Block) 	Elapsed: 0.039	Loglikelihood: -36607.7	(delta): 0.228918
44 (QN/Block) 	Elapsed: 0.025	Loglikelihood: -36607.6	(delta): 0.11952
45 (QN/Block) 	Elapsed: 0.026	Loglikelihood: -36607.5	(delta): 0.104291
46 (QN/Block) 	Elapsed: 0.024	Loglikelihood: -36607.3	(delta): 0.162362
47 (QN/Block) 	Elapsed: 0.026	Loglikelihood: -36607.3	(delta): 0.0269273
48 (QN/Block) 	Elapsed: 0.02	Loglikelihood: -36607.2	(delta): 0.101794
49 (QN/Block) 	Elapsed: 0.023	Loglikelihood: -36607.1	(delta): 0.0700878
50 (QN/Block) 	Elapsed: 0.021	Loglikelihood: -36607.1	(delta): 0.0305796
51 (QN/Block) 	Elapsed: 0.026	Loglikelihood: -36607	(delta): 0.107603
52 (QN/Block) 	Elapsed: 0.029	Loglikelihood: -36606.9	(delta): 0.0511819
53 (QN/Block) 	Elapsed: 0.023	Loglikelihood: -36606.9	(delta): 0.0141716
54 (QN/Block) 	Elapsed: 0.025	Loglikelihood: -36606.9	(delta): 0.00863743
55 (QN/Block) 	Elapsed: 0.025	Loglikelihood: -36606.9	(delta): 0.00787786
56 (QN/Block) 	Elapsed: 0.024	Loglikelihood: -36606.9	(delta): 0.0101449
57 (QN/Block) 	Elapsed: 0.025	Loglikelihood: -36606.9	(delta): 0.0143456
58 (QN/Block) 	Elapsed: 0.025	Loglikelihood: -36606.9	(delta): 0.00450017
59 (QN/Block) 	Elapsed: 0.022	Loglikelihood: -36606.9	(delta): 0.00845318
60 (QN/Block) 	Elapsed: 0.021	Loglikelihood: -36606.9	(delta): 0.0291291
61 (QN/Block) 	Elapsed: 0.022	Loglikelihood: -36606.7	(delta): 0.105849
62 (QN/Block) 	Elapsed: 0.021	Loglikelihood: -36606.6	(delta): 0.148087
63 (QN/Block) 	Elapsed: 0.024	Loglikelihood: -36606.6	(delta): 0.0402342
64 (QN/Block) 	Elapsed: 0.023	Loglikelihood: -36606.5	(delta): 0.0188852
65 (QN/Block) 	Elapsed: 0.022	Loglikelihood: -36605.3	(delta): 1.26694
66 (QN/Block) 	Elapsed: 0.026	Loglikelihood: -36605.2	(delta): 0.0951343
67 (QN/Block) 	Elapsed: 0.025	Loglikelihood: -36605.2	(delta): 0.00478331
68 (QN/Block) 	Elapsed: 0.03	Loglikelihood: -36605.2	(delta): 0.000593318
69 (QN/Block) 	Elapsed: 0.024	Loglikelihood: -36605.2	(delta): 0.000186826
70 (QN/Block) 	Elapsed: 0.023	Loglikelihood: -36605.2	(delta): 1.6947e-05
71 (QN/Block) 	Elapsed: 0.024	Loglikelihood: -36605.2	(delta): 1.21434e-06
72 (QN/Block) 	Elapsed: 0.024	Loglikelihood: -36605.2	(delta): 1.61177e-07
73 (QN/Block) 	Elapsed: 0.026	Loglikelihood: -36605.2	(delta): 2.86454e-08
74 (QN/Block) 	Elapsed: 0.023	Loglikelihood: -36605.2	(delta): 1.81171e-09
75 (QN/Block) 	Elapsed: 0.03	Loglikelihood: -36605.2	(delta): 1.01863e-10
76 (QN/Block) 	Elapsed: 0.03	Loglikelihood: -36605.2	(delta): 1.45519e-11
77 (QN/Block) 	Elapsed: 0.028	Loglikelihood: -36605.2	(delta): 0
78 (QN/Block) 	Elapsed: 0.026	Loglikelihood: -36605.2	(delta): 7.27596e-12
79 (QN/Block) 	Elapsed: 0.026	Loglikelihood: -36605.2	(delta): -7.27596e-12
80 (QN/Block) 	Elapsed: 0.027	Loglikelihood: -36605.2	(delta): 0
81 (QN/Block) 	Elapsed: 0.032	Loglikelihood: -36605.2	(delta): 7.27596e-12
82 (QN/Block) 	Elapsed: 0.027	Loglikelihood: -36605.2	(delta): -7.27596e-12
83 (QN/Block) 	Elapsed: 0.024	Loglikelihood: -36605.2	(delta): -7.27596e-12
84 (QN/Block) 	Elapsed: 0.024	Loglikelihood: -36605.2	(delta): 1.45519e-11
85 (QN/Block) 	Elapsed: 0.034	Loglikelihood: -36605.2	(delta): 0
86 (QN/Block) 	Elapsed: 0.029	Loglikelihood: -36605.2	(delta): 0
87 (QN/Block) 	Elapsed: 0.029	Loglikelihood: -36605.2	(delta): -7.27596e-12
88 (QN/Block) 	Elapsed: 0.026	Loglikelihood: -36605.2	(delta): 0
89 (QN/Block) 	Elapsed: 0.028	Loglikelihood: -36605.2	(delta): 7.27596e-12
90 (QN/Block) 	Elapsed: 0.022	Loglikelihood: -36605.2	(delta): 0
91 (QN/Block) 	Elapsed: 0.02	Loglikelihood: -36605.2	(delta): -1.45519e-11
92 (QN/Block) 	Elapsed: 0.021	Loglikelihood: -36605.2	(delta): 7.27596e-12
93 (QN/Block) 	Elapsed: 0.026	Loglikelihood: -36605.2	(delta): 7.27596e-12
94 (QN/Block) 	Elapsed: 0.026	Loglikelihood: -36605.2	(delta): -7.27596e-12
95 (QN/Block) 	Elapsed: 0.024	Loglikelihood: -36605.2	(delta): 7.27596e-12
96 (QN/Block) 	Elapsed: 0.022	Loglikelihood: -36605.2	(delta): -7.27596e-12
97 (QN/Block) 	Elapsed: 0.025	Loglikelihood: -36605.2	(delta): 7.27596e-12
98 (QN/Block) 	Elapsed: 0.025	Loglikelihood: -36605.2	(delta): -7.27596e-12
99 (QN/Block) 	Elapsed: 0.03	Loglikelihood: -36605.2	(delta): 0
100 (QN/Block) 	Elapsed: 0.032	Loglikelihood: -36605.2	(delta): 0
Summary: 
Converged in 100 iterations (2.78 sec)
Loglikelihood: -36605.170836
Fst divergences between estimated populations: 
	Pop0	Pop1	Pop2	Pop3	Pop4	Pop5	
Pop0	
Pop1	0.083	
Pop2	0.190	0.194	
Pop3	0.233	0.241	0.133	
Pop4	0.068	0.070	0.188	0.233	
Pop5	0.192	0.204	0.078	0.132	0.188	
Pop6	0.063	0.075	0.188	0.230	0.060	0.186	
CV error (K=7): 0.38879
Writing output files.
