****                   ADMIXTURE Version 1.3.0                  ****
****                    Copyright 2008-2015                     ****
****           David Alexander, Suyash Shringarpure,            ****
****                John  Novembre, Ken Lange                   ****
****                                                            ****
****                 Please cite our paper!                     ****
****   Information at www.genetics.ucla.edu/software/admixture  ****

Parallel execution requested.  Will use 8 threads.
Cross-validation will be performed.  Folds=10.
Random seed: 43
Point estimation method: Block relaxation algorithm
Convergence acceleration algorithm: QuasiNewton, 3 secant conditions
Point estimation will terminate at 100 iterations
Estimation of standard errors disabled; will compute point estimates only.
Size of G: 98x940
Performing five EM steps to prime main algorithm
1 (EM) 	Elapsed: 0.015	Loglikelihood: -47149.4	(delta): 79727.6
2 (EM) 	Elapsed: 0.016	Loglikelihood: -44078.8	(delta): 3070.59
3 (EM) 	Elapsed: 0.014	Loglikelihood: -43432.8	(delta): 646.039
4 (EM) 	Elapsed: 0.015	Loglikelihood: -43028.1	(delta): 404.7
5 (EM) 	Elapsed: 0.018	Loglikelihood: -42712.2	(delta): 315.827
Initial loglikelihood: -42712.2
Starting main algorithm
1 (QN/Block) 	Elapsed: 0.03	Loglikelihood: -37981.5	(delta): 4730.71
2 (QN/Block) 	Elapsed: 0.024	Loglikelihood: -36821.4	(delta): 1160.14
3 (QN/Block) 	Elapsed: 0.032	Loglikelihood: -36372.2	(delta): 449.2
4 (QN/Block) 	Elapsed: 0.026	Loglikelihood: -36091.2	(delta): 281.001
5 (QN/Block) 	Elapsed: 0.021	Loglikelihood: -35902.6	(delta): 188.616
6 (QN/Block) 	Elapsed: 0.035	Loglikelihood: -35790.8	(delta): 111.747
7 (QN/Block) 	Elapsed: 0.039	Loglikelihood: -35732.5	(delta): 58.3221
8 (QN/Block) 	Elapsed: 0.04	Loglikelihood: -35698.9	(delta): 33.5766
9 (QN/Block) 	Elapsed: 0.051	Loglikelihood: -35674.3	(delta): 24.6357
10 (QN/Block) 	Elapsed: 0.036	Loglikelihood: -35642.6	(delta): 31.7087
11 (QN/Block) 	Elapsed: 0.032	Loglikelihood: -35593.1	(delta): 49.4518
12 (QN/Block) 	Elapsed: 0.033	Loglikelihood: -35555.1	(delta): 37.9869
13 (QN/Block) 	Elapsed: 0.032	Loglikelihood: -35544.4	(delta): 10.774
14 (QN/Block) 	Elapsed: 0.034	Loglikelihood: -35540.2	(delta): 4.18341
15 (QN/Block) 	Elapsed: 0.043	Loglikelihood: -35536.4	(delta): 3.81187
16 (QN/Block) 	Elapsed: 0.037	Loglikelihood: -35533.7	(delta): 2.7016
17 (QN/Block) 	Elapsed: 0.034	Loglikelihood: -35531.5	(delta): 2.18236
18 (QN/Block) 	Elapsed: 0.03	Loglikelihood: -35530.4	(delta): 1.04833
19 (QN/Block) 	Elapsed: 0.031	Loglikelihood: -35529.8	(delta): 0.683036
20 (QN/Block) 	Elapsed: 0.028	Loglikelihood: -35529.2	(delta): 0.539434
21 (QN/Block) 	Elapsed: 0.033	Loglikelihood: -35528.8	(delta): 0.452334
22 (QN/Block) 	Elapsed: 0.034	Loglikelihood: -35528.3	(delta): 0.428005
23 (QN/Block) 	Elapsed: 0.037	Loglikelihood: -35527.3	(delta): 1.02541
24 (QN/Block) 	Elapsed: 0.035	Loglikelihood: -35527	(delta): 0.320859
25 (QN/Block) 	Elapsed: 0.036	Loglikelihood: -35526.8	(delta): 0.239122
26 (QN/Block) 	Elapsed: 0.065	Loglikelihood: -35526.6	(delta): 0.159404
27 (QN/Block) 	Elapsed: 0.047	Loglikelihood: -35526.5	(delta): 0.0932949
28 (QN/Block) 	Elapsed: 0.039	Loglikelihood: -35526.4	(delta): 0.144549
29 (QN/Block) 	Elapsed: 0.049	Loglikelihood: -35526.1	(delta): 0.292462
30 (QN/Block) 	Elapsed: 0.049	Loglikelihood: -35525.7	(delta): 0.360252
31 (QN/Block) 	Elapsed: 0.041	Loglikelihood: -35525.5	(delta): 0.188138
32 (QN/Block) 	Elapsed: 0.03	Loglikelihood: -35525.1	(delta): 0.379839
33 (QN/Block) 	Elapsed: 0.03	Loglikelihood: -35524.7	(delta): 0.419234
34 (QN/Block) 	Elapsed: 0.031	Loglikelihood: -35524.7	(delta): 0.0542077
35 (QN/Block) 	Elapsed: 0.04	Loglikelihood: -35524.6	(delta): 0.0570255
36 (QN/Block) 	Elapsed: 0.037	Loglikelihood: -35524.6	(delta): 0.037952
37 (QN/Block) 	Elapsed: 0.034	Loglikelihood: -35524.5	(delta): 0.0657627
38 (QN/Block) 	Elapsed: 0.035	Loglikelihood: -35524.5	(delta): 0.0372439
39 (QN/Block) 	Elapsed: 0.033	Loglikelihood: -35524.4	(delta): 0.116315
40 (QN/Block) 	Elapsed: 0.04	Loglikelihood: -35524.3	(delta): 0.102955
41 (QN/Block) 	Elapsed: 0.032	Loglikelihood: -35524.1	(delta): 0.136399
42 (QN/Block) 	Elapsed: 0.034	Loglikelihood: -35523.9	(delta): 0.209531
43 (QN/Block) 	Elapsed: 0.032	Loglikelihood: -35523.4	(delta): 0.526335
44 (QN/Block) 	Elapsed: 0.032	Loglikelihood: -35521.1	(delta): 2.316
45 (QN/Block) 	Elapsed: 0.038	Loglikelihood: -35517.3	(delta): 3.77514
46 (QN/Block) 	Elapsed: 0.041	Loglikelihood: -35513.3	(delta): 4.03157
47 (QN/Block) 	Elapsed: 0.036	Loglikelihood: -35512.4	(delta): 0.862957
48 (QN/Block) 	Elapsed: 0.029	Loglikelihood: -35511.2	(delta): 1.16197
49 (QN/Block) 	Elapsed: 0.041	Loglikelihood: -35508.5	(delta): 2.72746
50 (QN/Block) 	Elapsed: 0.04	Loglikelihood: -35506.3	(delta): 2.17839
51 (QN/Block) 	Elapsed: 0.035	Loglikelihood: -35505.4	(delta): 0.914688
52 (QN/Block) 	Elapsed: 0.052	Loglikelihood: -35504.1	(delta): 1.34525
53 (QN/Block) 	Elapsed: 0.044	Loglikelihood: -35501.7	(delta): 2.40721
54 (QN/Block) 	Elapsed: 0.039	Loglikelihood: -35499.9	(delta): 1.74067
55 (QN/Block) 	Elapsed: 0.028	Loglikelihood: -35498.2	(delta): 1.74943
56 (QN/Block) 	Elapsed: 0.03	Loglikelihood: -35497.4	(delta): 0.763253
57 (QN/Block) 	Elapsed: 0.029	Loglikelihood: -35496.4	(delta): 0.981168
58 (QN/Block) 	Elapsed: 0.028	Loglikelihood: -35494.1	(delta): 2.28401
59 (QN/Block) 	Elapsed: 0.035	Loglikelihood: -35492.4	(delta): 1.71077
60 (QN/Block) 	Elapsed: 0.038	Loglikelihood: -35490.4	(delta): 1.99414
61 (QN/Block) 	Elapsed: 0.033	Loglikelihood: -35489	(delta): 1.38586
62 (QN/Block) 	Elapsed: 0.032	Loglikelihood: -35488	(delta): 1.08122
63 (QN/Block) 	Elapsed: 0.032	Loglikelihood: -35487.2	(delta): 0.74725
64 (QN/Block) 	Elapsed: 0.036	Loglikelihood: -35486.8	(delta): 0.445377
65 (QN/Block) 	Elapsed: 0.035	Loglikelihood: -35486.4	(delta): 0.409504
66 (QN/Block) 	Elapsed: 0.029	Loglikelihood: -35486.1	(delta): 0.304832
67 (QN/Block) 	Elapsed: 0.025	Loglikelihood: -35485.5	(delta): 0.583926
68 (QN/Block) 	Elapsed: 0.024	Loglikelihood: -35484.8	(delta): 0.712757
69 (QN/Block) 	Elapsed: 0.024	Loglikelihood: -35484.2	(delta): 0.600759
70 (QN/Block) 	Elapsed: 0.031	Loglikelihood: -35484	(delta): 0.189045
71 (QN/Block) 	Elapsed: 0.033	Loglikelihood: -35483.9	(delta): 0.0569699
72 (QN/Block) 	Elapsed: 0.031	Loglikelihood: -35483.9	(delta): 0.0100025
73 (QN/Block) 	Elapsed: 0.03	Loglikelihood: -35483.9	(delta): 0.0184862
74 (QN/Block) 	Elapsed: 0.032	Loglikelihood: -35483.9	(delta): 0.00928522
75 (QN/Block) 	Elapsed: 0.036	Loglikelihood: -35483.9	(delta): 0.00287566
76 (QN/Block) 	Elapsed: 0.034	Loglikelihood: -35483.9	(delta): 0.003629
77 (QN/Block) 	Elapsed: 0.029	Loglikelihood: -35483.9	(delta): 0.00337957
78 (QN/Block) 	Elapsed: 0.036	Loglikelihood: -35483.9	(delta): 0.00848632
79 (QN/Block) 	Elapsed: 0.033	Loglikelihood: -35483.8	(delta): 0.0269335
80 (QN/Block) 	Elapsed: 0.039	Loglikelihood: -35483.8	(delta): 0.0351314
81 (QN/Block) 	Elapsed: 0.049	Loglikelihood: -35483.7	(delta): 0.0784122
82 (QN/Block) 	Elapsed: 0.034	Loglikelihood: -35483.5	(delta): 0.181305
83 (QN/Block) 	Elapsed: 0.032	Loglikelihood: -35483.2	(delta): 0.293233
84 (QN/Block) 	Elapsed: 0.041	Loglikelihood: -35483.2	(delta): 0.0169085
85 (QN/Block) 	Elapsed: 0.05	Loglikelihood: -35483.2	(delta): 0.012021
86 (QN/Block) 	Elapsed: 0.037	Loglikelihood: -35483.2	(delta): 0.00296704
87 (QN/Block) 	Elapsed: 0.036	Loglikelihood: -35483.2	(delta): 0.000825991
88 (QN/Block) 	Elapsed: 0.03	Loglikelihood: -35483.2	(delta): 0.00034949
89 (QN/Block) 	Elapsed: 0.033	Loglikelihood: -35483.2	(delta): 0.000737393
90 (QN/Block) 	Elapsed: 0.038	Loglikelihood: -35483.2	(delta): 0.0200538
91 (QN/Block) 	Elapsed: 0.039	Loglikelihood: -35483.1	(delta): 0.0510749
92 (QN/Block) 	Elapsed: 0.034	Loglikelihood: -35483.1	(delta): 0.0060591
93 (QN/Block) 	Elapsed: 0.034	Loglikelihood: -35483.1	(delta): 0.000403347
94 (QN/Block) 	Elapsed: 0.039	Loglikelihood: -35483.1	(delta): 8.84138e-05
95 (QN/Block) 	Elapsed: 0.035	Loglikelihood: -35483.1	(delta): 1.25299e-05
96 (QN/Block) 	Elapsed: 0.03	Loglikelihood: -35483.1	(delta): 6.56692e-07
97 (QN/Block) 	Elapsed: 0.036	Loglikelihood: -35483.1	(delta): 4.01487e-08
98 (QN/Block) 	Elapsed: 0.036	Loglikelihood: -35483.1	(delta): 2.53203e-09
99 (QN/Block) 	Elapsed: 0.041	Loglikelihood: -35483.1	(delta): 2.25555e-10
100 (QN/Block) 	Elapsed: 0.043	Loglikelihood: -35483.1	(delta): 1.45519e-11
Summary: 
Converged in 100 iterations (3.748 sec)
Loglikelihood: -35483.134725
Fst divergences between estimated populations: 
	Pop0	Pop1	Pop2	Pop3	Pop4	Pop5	Pop6	Pop7	Pop8	
Pop0	
Pop1	0.086	
Pop2	0.094	0.102	
Pop3	0.086	0.096	0.101	
Pop4	0.086	0.092	0.095	0.087	
Pop5	0.213	0.224	0.227	0.226	0.208	
Pop6	0.081	0.082	0.092	0.090	0.092	0.216	
Pop7	0.206	0.213	0.218	0.207	0.201	0.095	0.202	
Pop8	0.201	0.215	0.215	0.215	0.202	0.104	0.206	0.106	
Pop9	0.221	0.227	0.234	0.229	0.226	0.132	0.221	0.107	0.119	
CV error (K=10): 0.43638
Writing output files.
