****                   ADMIXTURE Version 1.3.0                  ****
****                    Copyright 2008-2015                     ****
****           David Alexander, Suyash Shringarpure,            ****
****                John  Novembre, Ken Lange                   ****
****                                                            ****
****                 Please cite our paper!                     ****
****   Information at www.genetics.ucla.edu/software/admixture  ****

Parallel execution requested.  Will use 8 threads.
Cross-validation will be performed.  Folds=10.
Random seed: 43
Point estimation method: Block relaxation algorithm
Convergence acceleration algorithm: QuasiNewton, 3 secant conditions
Point estimation will terminate at 100 iterations
Estimation of standard errors disabled; will compute point estimates only.
Size of G: 98x940
Performing five EM steps to prime main algorithm
1 (EM) 	Elapsed: 0.015	Loglikelihood: -47124.8	(delta): 80954.2
2 (EM) 	Elapsed: 0.017	Loglikelihood: -44048.8	(delta): 3076
3 (EM) 	Elapsed: 0.015	Loglikelihood: -43431.6	(delta): 617.192
4 (EM) 	Elapsed: 0.013	Loglikelihood: -43053.2	(delta): 378.481
5 (EM) 	Elapsed: 0.013	Loglikelihood: -42757.8	(delta): 295.353
Initial loglikelihood: -42757.8
Starting main algorithm
1 (QN/Block) 	Elapsed: 0.021	Loglikelihood: -38090.5	(delta): 4667.3
2 (QN/Block) 	Elapsed: 0.026	Loglikelihood: -37000	(delta): 1090.46
3 (QN/Block) 	Elapsed: 0.025	Loglikelihood: -36490.9	(delta): 509.094
4 (QN/Block) 	Elapsed: 0.027	Loglikelihood: -36213	(delta): 277.989
5 (QN/Block) 	Elapsed: 0.02	Loglikelihood: -36085	(delta): 128.002
6 (QN/Block) 	Elapsed: 0.023	Loglikelihood: -36010.7	(delta): 74.2781
7 (QN/Block) 	Elapsed: 0.023	Loglikelihood: -35963.5	(delta): 47.1408
8 (QN/Block) 	Elapsed: 0.032	Loglikelihood: -35944.5	(delta): 19.0044
9 (QN/Block) 	Elapsed: 0.023	Loglikelihood: -35930.8	(delta): 13.7185
10 (QN/Block) 	Elapsed: 0.025	Loglikelihood: -35913.9	(delta): 16.9507
11 (QN/Block) 	Elapsed: 0.023	Loglikelihood: -35900.9	(delta): 12.9957
12 (QN/Block) 	Elapsed: 0.033	Loglikelihood: -35891.8	(delta): 9.04465
13 (QN/Block) 	Elapsed: 0.031	Loglikelihood: -35885.2	(delta): 6.65224
14 (QN/Block) 	Elapsed: 0.027	Loglikelihood: -35866.8	(delta): 18.4076
15 (QN/Block) 	Elapsed: 0.026	Loglikelihood: -35858	(delta): 8.73724
16 (QN/Block) 	Elapsed: 0.031	Loglikelihood: -35853.4	(delta): 4.65792
17 (QN/Block) 	Elapsed: 0.024	Loglikelihood: -35847.6	(delta): 5.78429
18 (QN/Block) 	Elapsed: 0.027	Loglikelihood: -35845.1	(delta): 2.51701
19 (QN/Block) 	Elapsed: 0.025	Loglikelihood: -35843.7	(delta): 1.36564
20 (QN/Block) 	Elapsed: 0.025	Loglikelihood: -35843	(delta): 0.737834
21 (QN/Block) 	Elapsed: 0.041	Loglikelihood: -35841.8	(delta): 1.13602
22 (QN/Block) 	Elapsed: 0.037	Loglikelihood: -35841.6	(delta): 0.206266
23 (QN/Block) 	Elapsed: 0.033	Loglikelihood: -35841.5	(delta): 0.136014
24 (QN/Block) 	Elapsed: 0.034	Loglikelihood: -35841.4	(delta): 0.0614845
25 (QN/Block) 	Elapsed: 0.026	Loglikelihood: -35841.4	(delta): 0.0450872
26 (QN/Block) 	Elapsed: 0.027	Loglikelihood: -35841.3	(delta): 0.0861518
27 (QN/Block) 	Elapsed: 0.025	Loglikelihood: -35841.1	(delta): 0.143924
28 (QN/Block) 	Elapsed: 0.028	Loglikelihood: -35841.1	(delta): 0.0549648
29 (QN/Block) 	Elapsed: 0.028	Loglikelihood: -35841	(delta): 0.106666
30 (QN/Block) 	Elapsed: 0.026	Loglikelihood: -35840.8	(delta): 0.219263
31 (QN/Block) 	Elapsed: 0.026	Loglikelihood: -35840.7	(delta): 0.0442819
32 (QN/Block) 	Elapsed: 0.026	Loglikelihood: -35840.7	(delta): 0.00438271
33 (QN/Block) 	Elapsed: 0.035	Loglikelihood: -35840.7	(delta): 0.000220806
34 (QN/Block) 	Elapsed: 0.026	Loglikelihood: -35840.7	(delta): 3.11002e-05
35 (QN/Block) 	Elapsed: 0.027	Loglikelihood: -35840.7	(delta): 6.51694e-06
36 (QN/Block) 	Elapsed: 0.025	Loglikelihood: -35840.7	(delta): 9.27277e-07
37 (QN/Block) 	Elapsed: 0.029	Loglikelihood: -35840.7	(delta): 2.4098e-08
38 (QN/Block) 	Elapsed: 0.037	Loglikelihood: -35840.7	(delta): 1.99361e-09
39 (QN/Block) 	Elapsed: 0.034	Loglikelihood: -35840.7	(delta): 8.00355e-11
40 (QN/Block) 	Elapsed: 0.042	Loglikelihood: -35840.7	(delta): 7.27596e-12
41 (QN/Block) 	Elapsed: 0.037	Loglikelihood: -35840.7	(delta): 7.27596e-12
42 (QN/Block) 	Elapsed: 0.037	Loglikelihood: -35840.7	(delta): -7.27596e-12
43 (QN/Block) 	Elapsed: 0.038	Loglikelihood: -35840.7	(delta): 7.27596e-12
44 (QN/Block) 	Elapsed: 0.033	Loglikelihood: -35840.7	(delta): -7.27596e-12
45 (QN/Block) 	Elapsed: 0.033	Loglikelihood: -35840.7	(delta): 0
46 (QN/Block) 	Elapsed: 0.035	Loglikelihood: -35840.7	(delta): 0
47 (QN/Block) 	Elapsed: 0.038	Loglikelihood: -35840.7	(delta): 0
48 (QN/Block) 	Elapsed: 0.036	Loglikelihood: -35840.7	(delta): 7.27596e-12
49 (QN/Block) 	Elapsed: 0.025	Loglikelihood: -35840.7	(delta): -7.27596e-12
50 (QN/Block) 	Elapsed: 0.026	Loglikelihood: -35840.7	(delta): 0
51 (QN/Block) 	Elapsed: 0.032	Loglikelihood: -35840.7	(delta): -7.27596e-12
52 (QN/Block) 	Elapsed: 0.028	Loglikelihood: -35840.7	(delta): 7.27596e-12
53 (QN/Block) 	Elapsed: 0.029	Loglikelihood: -35840.7	(delta): 0
54 (QN/Block) 	Elapsed: 0.027	Loglikelihood: -35840.7	(delta): 0
55 (QN/Block) 	Elapsed: 0.031	Loglikelihood: -35840.7	(delta): 0
56 (QN/Block) 	Elapsed: 0.029	Loglikelihood: -35840.7	(delta): 0
57 (QN/Block) 	Elapsed: 0.025	Loglikelihood: -35840.7	(delta): 0
58 (QN/Block) 	Elapsed: 0.028	Loglikelihood: -35840.7	(delta): 0
59 (QN/Block) 	Elapsed: 0.026	Loglikelihood: -35840.7	(delta): 0
60 (QN/Block) 	Elapsed: 0.032	Loglikelihood: -35840.7	(delta): 0
61 (QN/Block) 	Elapsed: 0.028	Loglikelihood: -35840.7	(delta): 0
62 (QN/Block) 	Elapsed: 0.027	Loglikelihood: -35840.7	(delta): 0
63 (QN/Block) 	Elapsed: 0.029	Loglikelihood: -35840.7	(delta): -7.27596e-12
64 (QN/Block) 	Elapsed: 0.033	Loglikelihood: -35840.7	(delta): 7.27596e-12
65 (QN/Block) 	Elapsed: 0.033	Loglikelihood: -35840.7	(delta): 0
66 (QN/Block) 	Elapsed: 0.033	Loglikelihood: -35840.7	(delta): 0
67 (QN/Block) 	Elapsed: 0.036	Loglikelihood: -35840.7	(delta): 0
68 (QN/Block) 	Elapsed: 0.034	Loglikelihood: -35840.7	(delta): -7.27596e-12
69 (QN/Block) 	Elapsed: 0.026	Loglikelihood: -35840.7	(delta): 0
70 (QN/Block) 	Elapsed: 0.026	Loglikelihood: -35840.7	(delta): 7.27596e-12
71 (QN/Block) 	Elapsed: 0.025	Loglikelihood: -35840.7	(delta): 0
72 (QN/Block) 	Elapsed: 0.03	Loglikelihood: -35840.7	(delta): 0
73 (QN/Block) 	Elapsed: 0.025	Loglikelihood: -35840.7	(delta): -7.27596e-12
74 (QN/Block) 	Elapsed: 0.027	Loglikelihood: -35840.7	(delta): 0
75 (QN/Block) 	Elapsed: 0.026	Loglikelihood: -35840.7	(delta): 0
76 (QN/Block) 	Elapsed: 0.029	Loglikelihood: -35840.7	(delta): 0
77 (QN/Block) 	Elapsed: 0.033	Loglikelihood: -35840.7	(delta): 7.27596e-12
78 (QN/Block) 	Elapsed: 0.034	Loglikelihood: -35840.7	(delta): -7.27596e-12
79 (QN/Block) 	Elapsed: 0.033	Loglikelihood: -35840.7	(delta): 7.27596e-12
80 (QN/Block) 	Elapsed: 0.034	Loglikelihood: -35840.7	(delta): -7.27596e-12
81 (QN/Block) 	Elapsed: 0.03	Loglikelihood: -35840.7	(delta): 7.27596e-12
82 (QN/Block) 	Elapsed: 0.031	Loglikelihood: -35840.7	(delta): 0
83 (QN/Block) 	Elapsed: 0.034	Loglikelihood: -35840.7	(delta): 0
84 (QN/Block) 	Elapsed: 0.032	Loglikelihood: -35840.7	(delta): -7.27596e-12
85 (QN/Block) 	Elapsed: 0.036	Loglikelihood: -35840.7	(delta): 0
86 (QN/Block) 	Elapsed: 0.032	Loglikelihood: -35840.7	(delta): 7.27596e-12
87 (QN/Block) 	Elapsed: 0.026	Loglikelihood: -35840.7	(delta): 0
88 (QN/Block) 	Elapsed: 0.027	Loglikelihood: -35840.7	(delta): 0
89 (QN/Block) 	Elapsed: 0.026	Loglikelihood: -35840.7	(delta): -7.27596e-12
90 (QN/Block) 	Elapsed: 0.026	Loglikelihood: -35840.7	(delta): 7.27596e-12
91 (QN/Block) 	Elapsed: 0.028	Loglikelihood: -35840.7	(delta): -7.27596e-12
92 (QN/Block) 	Elapsed: 0.037	Loglikelihood: -35840.7	(delta): 0
93 (QN/Block) 	Elapsed: 0.028	Loglikelihood: -35840.7	(delta): 7.27596e-12
94 (QN/Block) 	Elapsed: 0.031	Loglikelihood: -35840.7	(delta): -7.27596e-12
95 (QN/Block) 	Elapsed: 0.037	Loglikelihood: -35840.7	(delta): 0
96 (QN/Block) 	Elapsed: 0.034	Loglikelihood: -35840.7	(delta): 7.27596e-12
97 (QN/Block) 	Elapsed: 0.033	Loglikelihood: -35840.7	(delta): -7.27596e-12
98 (QN/Block) 	Elapsed: 0.035	Loglikelihood: -35840.7	(delta): 0
99 (QN/Block) 	Elapsed: 0.032	Loglikelihood: -35840.7	(delta): 0
100 (QN/Block) 	Elapsed: 0.032	Loglikelihood: -35840.7	(delta): 0
Summary: 
Converged in 100 iterations (3.187 sec)
Loglikelihood: -35840.713736
Fst divergences between estimated populations: 
	Pop0	Pop1	Pop2	Pop3	Pop4	Pop5	Pop6	Pop7	
Pop0	
Pop1	0.083	
Pop2	0.220	0.218	
Pop3	0.207	0.214	0.143	
Pop4	0.192	0.201	0.132	0.103	
Pop5	0.199	0.215	0.157	0.103	0.103	
Pop6	0.076	0.076	0.218	0.207	0.196	0.210	
Pop7	0.083	0.085	0.231	0.216	0.209	0.223	0.068	
Pop8	0.087	0.089	0.240	0.225	0.209	0.227	0.081	0.092	
CV error (K=9): 0.42037
Writing output files.
