****                   ADMIXTURE Version 1.3.0                  ****
****                    Copyright 2008-2015                     ****
****           David Alexander, Suyash Shringarpure,            ****
****                John  Novembre, Ken Lange                   ****
****                                                            ****
****                 Please cite our paper!                     ****
****   Information at www.genetics.ucla.edu/software/admixture  ****

Parallel execution requested.  Will use 8 threads.
Cross-validation will be performed.  Folds=10.
Random seed: 43
Point estimation method: Block relaxation algorithm
Convergence acceleration algorithm: QuasiNewton, 3 secant conditions
Point estimation will terminate at 100 iterations
Estimation of standard errors disabled; will compute point estimates only.
Size of G: 92x945
Performing five EM steps to prime main algorithm
1 (EM) 	Elapsed: 0.008	Loglikelihood: -44261.4	(delta): 78629.1
2 (EM) 	Elapsed: 0.008	Loglikelihood: -41423.8	(delta): 2837.58
3 (EM) 	Elapsed: 0.008	Loglikelihood: -40781.8	(delta): 642.046
4 (EM) 	Elapsed: 0.009	Loglikelihood: -40393	(delta): 388.783
5 (EM) 	Elapsed: 0.008	Loglikelihood: -40091.8	(delta): 301.178
Initial loglikelihood: -40091.8
Starting main algorithm
1 (QN/Block) 	Elapsed: 0.016	Loglikelihood: -35925	(delta): 4166.86
2 (QN/Block) 	Elapsed: 0.016	Loglikelihood: -35088.1	(delta): 836.9
3 (QN/Block) 	Elapsed: 0.017	Loglikelihood: -34696.5	(delta): 391.542
4 (QN/Block) 	Elapsed: 0.014	Loglikelihood: -34483.8	(delta): 212.731
5 (QN/Block) 	Elapsed: 0.014	Loglikelihood: -34367.1	(delta): 116.714
6 (QN/Block) 	Elapsed: 0.015	Loglikelihood: -34286.7	(delta): 80.3779
7 (QN/Block) 	Elapsed: 0.019	Loglikelihood: -34248.6	(delta): 38.079
8 (QN/Block) 	Elapsed: 0.022	Loglikelihood: -34222	(delta): 26.6251
9 (QN/Block) 	Elapsed: 0.021	Loglikelihood: -34208.7	(delta): 13.2699
10 (QN/Block) 	Elapsed: 0.021	Loglikelihood: -34193.6	(delta): 15.1675
11 (QN/Block) 	Elapsed: 0.02	Loglikelihood: -34181.9	(delta): 11.7112
12 (QN/Block) 	Elapsed: 0.019	Loglikelihood: -34173.5	(delta): 8.40009
13 (QN/Block) 	Elapsed: 0.024	Loglikelihood: -34169.4	(delta): 4.06571
14 (QN/Block) 	Elapsed: 0.022	Loglikelihood: -34167.4	(delta): 1.96294
15 (QN/Block) 	Elapsed: 0.024	Loglikelihood: -34163.2	(delta): 4.21082
16 (QN/Block) 	Elapsed: 0.023	Loglikelihood: -34160.1	(delta): 3.16473
17 (QN/Block) 	Elapsed: 0.023	Loglikelihood: -34155.9	(delta): 4.13862
18 (QN/Block) 	Elapsed: 0.022	Loglikelihood: -34152.3	(delta): 3.65924
19 (QN/Block) 	Elapsed: 0.015	Loglikelihood: -34150.9	(delta): 1.3387
20 (QN/Block) 	Elapsed: 0.015	Loglikelihood: -34149.6	(delta): 1.29144
21 (QN/Block) 	Elapsed: 0.018	Loglikelihood: -34147.2	(delta): 2.39142
22 (QN/Block) 	Elapsed: 0.015	Loglikelihood: -34143.2	(delta): 4.02557
23 (QN/Block) 	Elapsed: 0.016	Loglikelihood: -34139.4	(delta): 3.85635
24 (QN/Block) 	Elapsed: 0.016	Loglikelihood: -34138.8	(delta): 0.51958
25 (QN/Block) 	Elapsed: 0.017	Loglikelihood: -34138.7	(delta): 0.160198
26 (QN/Block) 	Elapsed: 0.019	Loglikelihood: -34138.5	(delta): 0.199131
27 (QN/Block) 	Elapsed: 0.019	Loglikelihood: -34138	(delta): 0.480456
28 (QN/Block) 	Elapsed: 0.019	Loglikelihood: -34137.5	(delta): 0.49598
29 (QN/Block) 	Elapsed: 0.02	Loglikelihood: -34137.4	(delta): 0.0691117
30 (QN/Block) 	Elapsed: 0.02	Loglikelihood: -34137.3	(delta): 0.104595
31 (QN/Block) 	Elapsed: 0.021	Loglikelihood: -34137.1	(delta): 0.247056
32 (QN/Block) 	Elapsed: 0.023	Loglikelihood: -34136.3	(delta): 0.82122
33 (QN/Block) 	Elapsed: 0.02	Loglikelihood: -34134.8	(delta): 1.51001
34 (QN/Block) 	Elapsed: 0.018	Loglikelihood: -34134.6	(delta): 0.162653
35 (QN/Block) 	Elapsed: 0.016	Loglikelihood: -34134.4	(delta): 0.199581
36 (QN/Block) 	Elapsed: 0.02	Loglikelihood: -34134	(delta): 0.42799
37 (QN/Block) 	Elapsed: 0.02	Loglikelihood: -34133.7	(delta): 0.283753
38 (QN/Block) 	Elapsed: 0.02	Loglikelihood: -34133.3	(delta): 0.401267
39 (QN/Block) 	Elapsed: 0.02	Loglikelihood: -34132.3	(delta): 0.938214
40 (QN/Block) 	Elapsed: 0.019	Loglikelihood: -34132.1	(delta): 0.233316
41 (QN/Block) 	Elapsed: 0.02	Loglikelihood: -34130.8	(delta): 1.34666
42 (QN/Block) 	Elapsed: 0.019	Loglikelihood: -34129.6	(delta): 1.14767
43 (QN/Block) 	Elapsed: 0.019	Loglikelihood: -34129.2	(delta): 0.462032
44 (QN/Block) 	Elapsed: 0.02	Loglikelihood: -34128.8	(delta): 0.347482
45 (QN/Block) 	Elapsed: 0.02	Loglikelihood: -34128.6	(delta): 0.20655
46 (QN/Block) 	Elapsed: 0.02	Loglikelihood: -34128.3	(delta): 0.261267
47 (QN/Block) 	Elapsed: 0.021	Loglikelihood: -34128.2	(delta): 0.0924291
48 (QN/Block) 	Elapsed: 0.019	Loglikelihood: -34128.2	(delta): 0.031115
49 (QN/Block) 	Elapsed: 0.019	Loglikelihood: -34128.2	(delta): 0.0237537
50 (QN/Block) 	Elapsed: 0.018	Loglikelihood: -34128.2	(delta): 0.0294904
51 (QN/Block) 	Elapsed: 0.017	Loglikelihood: -34128.1	(delta): 0.0625491
52 (QN/Block) 	Elapsed: 0.018	Loglikelihood: -34128	(delta): 0.103295
53 (QN/Block) 	Elapsed: 0.019	Loglikelihood: -34127.9	(delta): 0.0510161
54 (QN/Block) 	Elapsed: 0.018	Loglikelihood: -34127.9	(delta): 0.0305817
55 (QN/Block) 	Elapsed: 0.019	Loglikelihood: -34127.9	(delta): 0.0212513
56 (QN/Block) 	Elapsed: 0.018	Loglikelihood: -34127.9	(delta): 0.0103188
57 (QN/Block) 	Elapsed: 0.017	Loglikelihood: -34127.9	(delta): 0.00189162
58 (QN/Block) 	Elapsed: 0.018	Loglikelihood: -34127.9	(delta): 0.000533032
59 (QN/Block) 	Elapsed: 0.018	Loglikelihood: -34127.9	(delta): 0.000223127
60 (QN/Block) 	Elapsed: 0.017	Loglikelihood: -34127.9	(delta): 1.61293e-05
61 (QN/Block) 	Elapsed: 0.017	Loglikelihood: -34127.9	(delta): 2.78256e-06
62 (QN/Block) 	Elapsed: 0.019	Loglikelihood: -34127.9	(delta): 1.15603e-06
63 (QN/Block) 	Elapsed: 0.017	Loglikelihood: -34127.9	(delta): 2.67872e-07
64 (QN/Block) 	Elapsed: 0.017	Loglikelihood: -34127.9	(delta): 5.93645e-08
65 (QN/Block) 	Elapsed: 0.017	Loglikelihood: -34127.9	(delta): 6.46105e-09
66 (QN/Block) 	Elapsed: 0.017	Loglikelihood: -34127.9	(delta): 4.22006e-10
67 (QN/Block) 	Elapsed: 0.017	Loglikelihood: -34127.9	(delta): 5.82077e-11
68 (QN/Block) 	Elapsed: 0.018	Loglikelihood: -34127.9	(delta): 0
69 (QN/Block) 	Elapsed: 0.018	Loglikelihood: -34127.9	(delta): 7.27596e-12
70 (QN/Block) 	Elapsed: 0.019	Loglikelihood: -34127.9	(delta): 0
71 (QN/Block) 	Elapsed: 0.018	Loglikelihood: -34127.9	(delta): 0
72 (QN/Block) 	Elapsed: 0.018	Loglikelihood: -34127.9	(delta): 0
73 (QN/Block) 	Elapsed: 0.018	Loglikelihood: -34127.9	(delta): 0
74 (QN/Block) 	Elapsed: 0.019	Loglikelihood: -34127.9	(delta): 0
75 (QN/Block) 	Elapsed: 0.018	Loglikelihood: -34127.9	(delta): 7.27596e-12
76 (QN/Block) 	Elapsed: 0.019	Loglikelihood: -34127.9	(delta): -7.27596e-12
77 (QN/Block) 	Elapsed: 0.019	Loglikelihood: -34127.9	(delta): 7.27596e-12
78 (QN/Block) 	Elapsed: 0.018	Loglikelihood: -34127.9	(delta): -7.27596e-12
79 (QN/Block) 	Elapsed: 0.019	Loglikelihood: -34127.9	(delta): 0
80 (QN/Block) 	Elapsed: 0.018	Loglikelihood: -34127.9	(delta): 0
81 (QN/Block) 	Elapsed: 0.018	Loglikelihood: -34127.9	(delta): 0
82 (QN/Block) 	Elapsed: 0.017	Loglikelihood: -34127.9	(delta): 7.27596e-12
83 (QN/Block) 	Elapsed: 0.022	Loglikelihood: -34127.9	(delta): -7.27596e-12
84 (QN/Block) 	Elapsed: 0.022	Loglikelihood: -34127.9	(delta): 0
85 (QN/Block) 	Elapsed: 0.023	Loglikelihood: -34127.9	(delta): 0
86 (QN/Block) 	Elapsed: 0.018	Loglikelihood: -34127.9	(delta): 0
87 (QN/Block) 	Elapsed: 0.018	Loglikelihood: -34127.9	(delta): 0
88 (QN/Block) 	Elapsed: 0.019	Loglikelihood: -34127.9	(delta): 0
89 (QN/Block) 	Elapsed: 0.018	Loglikelihood: -34127.9	(delta): 0
90 (QN/Block) 	Elapsed: 0.018	Loglikelihood: -34127.9	(delta): 0
91 (QN/Block) 	Elapsed: 0.019	Loglikelihood: -34127.9	(delta): 0
92 (QN/Block) 	Elapsed: 0.018	Loglikelihood: -34127.9	(delta): 0
93 (QN/Block) 	Elapsed: 0.019	Loglikelihood: -34127.9	(delta): 7.27596e-12
94 (QN/Block) 	Elapsed: 0.016	Loglikelihood: -34127.9	(delta): -7.27596e-12
95 (QN/Block) 	Elapsed: 0.019	Loglikelihood: -34127.9	(delta): 0
96 (QN/Block) 	Elapsed: 0.018	Loglikelihood: -34127.9	(delta): 7.27596e-12
97 (QN/Block) 	Elapsed: 0.019	Loglikelihood: -34127.9	(delta): 0
98 (QN/Block) 	Elapsed: 0.018	Loglikelihood: -34127.9	(delta): 0
99 (QN/Block) 	Elapsed: 0.017	Loglikelihood: -34127.9	(delta): -7.27596e-12
100 (QN/Block) 	Elapsed: 0.017	Loglikelihood: -34127.9	(delta): 7.27596e-12
Summary: 
Converged in 100 iterations (2.013 sec)
Loglikelihood: -34127.876476
Fst divergences between estimated populations: 
	Pop0	Pop1	Pop2	Pop3	Pop4	Pop5	
Pop0	
Pop1	0.071	
Pop2	0.214	0.219	
Pop3	0.060	0.077	0.214	
Pop4	0.198	0.198	0.072	0.195	
Pop5	0.213	0.212	0.086	0.214	0.079	
Pop6	0.067	0.070	0.221	0.074	0.204	0.222	
CV error (K=7): 0.39733
Writing output files.
