****                   ADMIXTURE Version 1.3.0                  ****
****                    Copyright 2008-2015                     ****
****           David Alexander, Suyash Shringarpure,            ****
****                John  Novembre, Ken Lange                   ****
****                                                            ****
****                 Please cite our paper!                     ****
****   Information at www.genetics.ucla.edu/software/admixture  ****

Parallel execution requested.  Will use 8 threads.
Cross-validation will be performed.  Folds=10.
Random seed: 43
Point estimation method: Block relaxation algorithm
Convergence acceleration algorithm: QuasiNewton, 3 secant conditions
Point estimation will terminate at 100 iterations
Estimation of standard errors disabled; will compute point estimates only.
Size of G: 92x945
Performing five EM steps to prime main algorithm
1 (EM) 	Elapsed: 0.012	Loglikelihood: -44246.2	(delta): 76553.1
2 (EM) 	Elapsed: 0.012	Loglikelihood: -41409.8	(delta): 2836.43
3 (EM) 	Elapsed: 0.012	Loglikelihood: -40804.1	(delta): 605.706
4 (EM) 	Elapsed: 0.012	Loglikelihood: -40429.9	(delta): 374.213
5 (EM) 	Elapsed: 0.012	Loglikelihood: -40140.4	(delta): 289.452
Initial loglikelihood: -40140.4
Starting main algorithm
1 (QN/Block) 	Elapsed: 0.022	Loglikelihood: -35598.5	(delta): 4541.86
2 (QN/Block) 	Elapsed: 0.021	Loglikelihood: -34403.3	(delta): 1195.21
3 (QN/Block) 	Elapsed: 0.018	Loglikelihood: -33940.3	(delta): 463.035
4 (QN/Block) 	Elapsed: 0.019	Loglikelihood: -33678.5	(delta): 261.754
5 (QN/Block) 	Elapsed: 0.018	Loglikelihood: -33554.4	(delta): 124.123
6 (QN/Block) 	Elapsed: 0.02	Loglikelihood: -33502.7	(delta): 51.6849
7 (QN/Block) 	Elapsed: 0.018	Loglikelihood: -33465.9	(delta): 36.7963
8 (QN/Block) 	Elapsed: 0.017	Loglikelihood: -33429.4	(delta): 36.5016
9 (QN/Block) 	Elapsed: 0.022	Loglikelihood: -33385.8	(delta): 43.6241
10 (QN/Block) 	Elapsed: 0.026	Loglikelihood: -33354.2	(delta): 31.5776
11 (QN/Block) 	Elapsed: 0.02	Loglikelihood: -33344.6	(delta): 9.62205
12 (QN/Block) 	Elapsed: 0.025	Loglikelihood: -33342.2	(delta): 2.43583
13 (QN/Block) 	Elapsed: 0.021	Loglikelihood: -33339.5	(delta): 2.622
14 (QN/Block) 	Elapsed: 0.024	Loglikelihood: -33336.1	(delta): 3.39893
15 (QN/Block) 	Elapsed: 0.02	Loglikelihood: -33332.2	(delta): 3.91839
16 (QN/Block) 	Elapsed: 0.022	Loglikelihood: -33329.3	(delta): 2.88885
17 (QN/Block) 	Elapsed: 0.023	Loglikelihood: -33325.6	(delta): 3.76343
18 (QN/Block) 	Elapsed: 0.021	Loglikelihood: -33327.1	(delta): -1.49628
19 (QN/Block) 	Elapsed: 0.021	Loglikelihood: -33322.4	(delta): 4.63496
20 (QN/Block) 	Elapsed: 0.019	Loglikelihood: -33321.8	(delta): 0.641959
21 (QN/Block) 	Elapsed: 0.027	Loglikelihood: -33321.7	(delta): 0.121561
22 (QN/Block) 	Elapsed: 0.019	Loglikelihood: -33321.6	(delta): 0.033195
23 (QN/Block) 	Elapsed: 0.027	Loglikelihood: -33321.6	(delta): 0.0392279
24 (QN/Block) 	Elapsed: 0.025	Loglikelihood: -33321.5	(delta): 0.0686235
25 (QN/Block) 	Elapsed: 0.019	Loglikelihood: -33321.5	(delta): 0.0487436
26 (QN/Block) 	Elapsed: 0.028	Loglikelihood: -33321.5	(delta): 0.0109352
27 (QN/Block) 	Elapsed: 0.025	Loglikelihood: -33321.3	(delta): 0.12298
28 (QN/Block) 	Elapsed: 0.02	Loglikelihood: -33321.2	(delta): 0.171385
29 (QN/Block) 	Elapsed: 0.026	Loglikelihood: -33321.1	(delta): 0.0598217
30 (QN/Block) 	Elapsed: 0.022	Loglikelihood: -33321.1	(delta): 0.0164687
31 (QN/Block) 	Elapsed: 0.023	Loglikelihood: -33321.1	(delta): 0.00283323
32 (QN/Block) 	Elapsed: 0.022	Loglikelihood: -33321.1	(delta): 0.00644638
33 (QN/Block) 	Elapsed: 0.024	Loglikelihood: -33321.1	(delta): 0.00602848
34 (QN/Block) 	Elapsed: 0.028	Loglikelihood: -33321.1	(delta): 0.028774
35 (QN/Block) 	Elapsed: 0.024	Loglikelihood: -33321	(delta): 0.0220471
36 (QN/Block) 	Elapsed: 0.024	Loglikelihood: -33321	(delta): 0.025637
37 (QN/Block) 	Elapsed: 0.024	Loglikelihood: -33321	(delta): 0.00329951
38 (QN/Block) 	Elapsed: 0.028	Loglikelihood: -33321	(delta): 0.000995619
39 (QN/Block) 	Elapsed: 0.025	Loglikelihood: -33321	(delta): 0.000463227
40 (QN/Block) 	Elapsed: 0.025	Loglikelihood: -33321	(delta): 0.00061059
41 (QN/Block) 	Elapsed: 0.024	Loglikelihood: -33321	(delta): 0.00283042
42 (QN/Block) 	Elapsed: 0.024	Loglikelihood: -33320.8	(delta): 0.155696
43 (QN/Block) 	Elapsed: 0.026	Loglikelihood: -33318.5	(delta): 2.31937
44 (QN/Block) 	Elapsed: 0.027	Loglikelihood: -33316.1	(delta): 2.41101
45 (QN/Block) 	Elapsed: 0.027	Loglikelihood: -33314	(delta): 2.11501
46 (QN/Block) 	Elapsed: 0.029	Loglikelihood: -33313.3	(delta): 0.696072
47 (QN/Block) 	Elapsed: 0.026	Loglikelihood: -33312.5	(delta): 0.798122
48 (QN/Block) 	Elapsed: 0.027	Loglikelihood: -33312.1	(delta): 0.366268
49 (QN/Block) 	Elapsed: 0.026	Loglikelihood: -33312.1	(delta): 0.0687651
50 (QN/Block) 	Elapsed: 0.029	Loglikelihood: -33312	(delta): 0.103282
51 (QN/Block) 	Elapsed: 0.027	Loglikelihood: -33311.9	(delta): 0.0556524
52 (QN/Block) 	Elapsed: 0.027	Loglikelihood: -33311.8	(delta): 0.159719
53 (QN/Block) 	Elapsed: 0.023	Loglikelihood: -33311.5	(delta): 0.236328
54 (QN/Block) 	Elapsed: 0.019	Loglikelihood: -33311.2	(delta): 0.288016
55 (QN/Block) 	Elapsed: 0.022	Loglikelihood: -33310.8	(delta): 0.431774
56 (QN/Block) 	Elapsed: 0.028	Loglikelihood: -33310.1	(delta): 0.7142
57 (QN/Block) 	Elapsed: 0.028	Loglikelihood: -33309.7	(delta): 0.40831
58 (QN/Block) 	Elapsed: 0.024	Loglikelihood: -33309.4	(delta): 0.302864
59 (QN/Block) 	Elapsed: 0.024	Loglikelihood: -33309.3	(delta): 0.104291
60 (QN/Block) 	Elapsed: 0.025	Loglikelihood: -33309	(delta): 0.291739
61 (QN/Block) 	Elapsed: 0.024	Loglikelihood: -33308.5	(delta): 0.436443
62 (QN/Block) 	Elapsed: 0.025	Loglikelihood: -33308.1	(delta): 0.437925
63 (QN/Block) 	Elapsed: 0.024	Loglikelihood: -33307.8	(delta): 0.282659
64 (QN/Block) 	Elapsed: 0.02	Loglikelihood: -33307.6	(delta): 0.209832
65 (QN/Block) 	Elapsed: 0.024	Loglikelihood: -33307.3	(delta): 0.274751
66 (QN/Block) 	Elapsed: 0.028	Loglikelihood: -33307	(delta): 0.323681
67 (QN/Block) 	Elapsed: 0.025	Loglikelihood: -33306.9	(delta): 0.107277
68 (QN/Block) 	Elapsed: 0.024	Loglikelihood: -33306.9	(delta): 0.0514071
69 (QN/Block) 	Elapsed: 0.024	Loglikelihood: -33306.8	(delta): 0.0858815
70 (QN/Block) 	Elapsed: 0.023	Loglikelihood: -33306.7	(delta): 0.0769394
71 (QN/Block) 	Elapsed: 0.025	Loglikelihood: -33306.5	(delta): 0.145781
72 (QN/Block) 	Elapsed: 0.024	Loglikelihood: -33306.4	(delta): 0.162836
73 (QN/Block) 	Elapsed: 0.025	Loglikelihood: -33306.2	(delta): 0.148277
74 (QN/Block) 	Elapsed: 0.024	Loglikelihood: -33305.8	(delta): 0.451711
75 (QN/Block) 	Elapsed: 0.026	Loglikelihood: -33304.7	(delta): 1.03545
76 (QN/Block) 	Elapsed: 0.025	Loglikelihood: -33304.2	(delta): 0.562257
77 (QN/Block) 	Elapsed: 0.025	Loglikelihood: -33304.2	(delta): 0.0173252
78 (QN/Block) 	Elapsed: 0.018	Loglikelihood: -33304.2	(delta): 0.00155782
79 (QN/Block) 	Elapsed: 0.024	Loglikelihood: -33304.2	(delta): 0.000995043
80 (QN/Block) 	Elapsed: 0.022	Loglikelihood: -33304.2	(delta): 0.000440551
81 (QN/Block) 	Elapsed: 0.024	Loglikelihood: -33304.2	(delta): 0.000274381
82 (QN/Block) 	Elapsed: 0.024	Loglikelihood: -33304.2	(delta): 6.13604e-05
83 (QN/Block) 	Elapsed: 0.023	Loglikelihood: -33304.2	(delta): 0.000452593
84 (QN/Block) 	Elapsed: 0.022	Loglikelihood: -33304.2	(delta): 0.000259878
85 (QN/Block) 	Elapsed: 0.022	Loglikelihood: -33304.2	(delta): 0.00014232
86 (QN/Block) 	Elapsed: 0.022	Loglikelihood: -33304.2	(delta): 1.69674e-05
87 (QN/Block) 	Elapsed: 0.023	Loglikelihood: -33304.2	(delta): 5.76481e-07
88 (QN/Block) 	Elapsed: 0.023	Loglikelihood: -33304.2	(delta): 2.17988e-08
89 (QN/Block) 	Elapsed: 0.025	Loglikelihood: -33304.2	(delta): 2.24099e-09
90 (QN/Block) 	Elapsed: 0.024	Loglikelihood: -33304.2	(delta): 1.52795e-09
91 (QN/Block) 	Elapsed: 0.024	Loglikelihood: -33304.2	(delta): 3.63798e-11
92 (QN/Block) 	Elapsed: 0.023	Loglikelihood: -33304.2	(delta): 7.27596e-12
93 (QN/Block) 	Elapsed: 0.023	Loglikelihood: -33304.2	(delta): 0
94 (QN/Block) 	Elapsed: 0.024	Loglikelihood: -33304.2	(delta): 0
95 (QN/Block) 	Elapsed: 0.024	Loglikelihood: -33304.2	(delta): -7.27596e-12
96 (QN/Block) 	Elapsed: 0.024	Loglikelihood: -33304.2	(delta): 0
97 (QN/Block) 	Elapsed: 0.023	Loglikelihood: -33304.2	(delta): 7.27596e-12
98 (QN/Block) 	Elapsed: 0.024	Loglikelihood: -33304.2	(delta): -7.27596e-12
99 (QN/Block) 	Elapsed: 0.023	Loglikelihood: -33304.2	(delta): 7.27596e-12
100 (QN/Block) 	Elapsed: 0.023	Loglikelihood: -33304.2	(delta): 0
Summary: 
Converged in 100 iterations (2.53 sec)
Loglikelihood: -33304.160651
Fst divergences between estimated populations: 
	Pop0	Pop1	Pop2	Pop3	Pop4	Pop5	Pop6	Pop7	
Pop0	
Pop1	0.222	
Pop2	0.207	0.101	
Pop3	0.075	0.222	0.210	
Pop4	0.219	0.106	0.084	0.220	
Pop5	0.245	0.143	0.119	0.239	0.119	
Pop6	0.131	0.249	0.240	0.129	0.248	0.268	
Pop7	0.078	0.229	0.211	0.070	0.228	0.246	0.122	
Pop8	0.077	0.225	0.208	0.066	0.224	0.242	0.133	0.064	
CV error (K=9): 0.43385
Writing output files.
