****                   ADMIXTURE Version 1.3.0                  ****
****                    Copyright 2008-2015                     ****
****           David Alexander, Suyash Shringarpure,            ****
****                John  Novembre, Ken Lange                   ****
****                                                            ****
****                 Please cite our paper!                     ****
****   Information at www.genetics.ucla.edu/software/admixture  ****

Parallel execution requested.  Will use 8 threads.
Cross-validation will be performed.  Folds=10.
Random seed: 43
Point estimation method: Block relaxation algorithm
Convergence acceleration algorithm: QuasiNewton, 3 secant conditions
Point estimation will terminate at 100 iterations
Estimation of standard errors disabled; will compute point estimates only.
Size of G: 92x945
Performing five EM steps to prime main algorithm
1 (EM) 	Elapsed: 0.004	Loglikelihood: -44152.9	(delta): 83259.5
2 (EM) 	Elapsed: 0.004	Loglikelihood: -41641.6	(delta): 2511.26
3 (EM) 	Elapsed: 0.004	Loglikelihood: -41128.9	(delta): 512.706
4 (EM) 	Elapsed: 0.004	Loglikelihood: -40825.3	(delta): 303.607
5 (EM) 	Elapsed: 0.004	Loglikelihood: -40620.2	(delta): 205.082
Initial loglikelihood: -40620.2
Starting main algorithm
1 (QN/Block) 	Elapsed: 0.01	Loglikelihood: -37146.4	(delta): 3473.77
2 (QN/Block) 	Elapsed: 0.009	Loglikelihood: -36180.9	(delta): 965.486
3 (QN/Block) 	Elapsed: 0.011	Loglikelihood: -35832.5	(delta): 348.407
4 (QN/Block) 	Elapsed: 0.012	Loglikelihood: -35659.3	(delta): 173.219
5 (QN/Block) 	Elapsed: 0.012	Loglikelihood: -35557.7	(delta): 101.614
6 (QN/Block) 	Elapsed: 0.012	Loglikelihood: -35516.6	(delta): 41.1258
7 (QN/Block) 	Elapsed: 0.011	Loglikelihood: -35487.8	(delta): 28.7376
8 (QN/Block) 	Elapsed: 0.011	Loglikelihood: -35466.7	(delta): 21.144
9 (QN/Block) 	Elapsed: 0.012	Loglikelihood: -35446.2	(delta): 20.4789
10 (QN/Block) 	Elapsed: 0.011	Loglikelihood: -35435.6	(delta): 10.6577
11 (QN/Block) 	Elapsed: 0.011	Loglikelihood: -35429.8	(delta): 5.70847
12 (QN/Block) 	Elapsed: 0.011	Loglikelihood: -35426.1	(delta): 3.72071
13 (QN/Block) 	Elapsed: 0.01	Loglikelihood: -35423.4	(delta): 2.7299
14 (QN/Block) 	Elapsed: 0.011	Loglikelihood: -35420.2	(delta): 3.20032
15 (QN/Block) 	Elapsed: 0.014	Loglikelihood: -35418.7	(delta): 1.49153
16 (QN/Block) 	Elapsed: 0.017	Loglikelihood: -35418.1	(delta): 0.594905
17 (QN/Block) 	Elapsed: 0.015	Loglikelihood: -35417.8	(delta): 0.281617
18 (QN/Block) 	Elapsed: 0.017	Loglikelihood: -35417.8	(delta): 0.0162264
19 (QN/Block) 	Elapsed: 0.014	Loglikelihood: -35417.7	(delta): 0.109775
20 (QN/Block) 	Elapsed: 0.012	Loglikelihood: -35417.5	(delta): 0.16727
21 (QN/Block) 	Elapsed: 0.015	Loglikelihood: -35417.2	(delta): 0.378525
22 (QN/Block) 	Elapsed: 0.013	Loglikelihood: -35417.1	(delta): 0.101448
23 (QN/Block) 	Elapsed: 0.014	Loglikelihood: -35416.9	(delta): 0.10935
24 (QN/Block) 	Elapsed: 0.014	Loglikelihood: -35416.8	(delta): 0.0952572
25 (QN/Block) 	Elapsed: 0.015	Loglikelihood: -35416.8	(delta): 0.0619133
26 (QN/Block) 	Elapsed: 0.012	Loglikelihood: -35416.8	(delta): 0.0142967
27 (QN/Block) 	Elapsed: 0.011	Loglikelihood: -35416.8	(delta): 0.00276113
28 (QN/Block) 	Elapsed: 0.013	Loglikelihood: -35416.8	(delta): 0.000356477
29 (QN/Block) 	Elapsed: 0.012	Loglikelihood: -35416.8	(delta): 2.73709e-05
30 (QN/Block) 	Elapsed: 0.012	Loglikelihood: -35416.8	(delta): 3.34405e-06
31 (QN/Block) 	Elapsed: 0.013	Loglikelihood: -35416.8	(delta): 3.881e-08
32 (QN/Block) 	Elapsed: 0.017	Loglikelihood: -35416.8	(delta): 1.08412e-09
33 (QN/Block) 	Elapsed: 0.014	Loglikelihood: -35416.8	(delta): 4.36557e-11
34 (QN/Block) 	Elapsed: 0.013	Loglikelihood: -35416.8	(delta): 0
35 (QN/Block) 	Elapsed: 0.013	Loglikelihood: -35416.8	(delta): 7.27596e-12
36 (QN/Block) 	Elapsed: 0.014	Loglikelihood: -35416.8	(delta): 0
37 (QN/Block) 	Elapsed: 0.014	Loglikelihood: -35416.8	(delta): 0
38 (QN/Block) 	Elapsed: 0.014	Loglikelihood: -35416.8	(delta): 0
39 (QN/Block) 	Elapsed: 0.015	Loglikelihood: -35416.8	(delta): -7.27596e-12
40 (QN/Block) 	Elapsed: 0.014	Loglikelihood: -35416.8	(delta): 7.27596e-12
41 (QN/Block) 	Elapsed: 0.016	Loglikelihood: -35416.8	(delta): -7.27596e-12
42 (QN/Block) 	Elapsed: 0.016	Loglikelihood: -35416.8	(delta): 7.27596e-12
43 (QN/Block) 	Elapsed: 0.015	Loglikelihood: -35416.8	(delta): -7.27596e-12
44 (QN/Block) 	Elapsed: 0.014	Loglikelihood: -35416.8	(delta): 7.27596e-12
45 (QN/Block) 	Elapsed: 0.015	Loglikelihood: -35416.8	(delta): -7.27596e-12
46 (QN/Block) 	Elapsed: 0.015	Loglikelihood: -35416.8	(delta): 0
47 (QN/Block) 	Elapsed: 0.016	Loglikelihood: -35416.8	(delta): 7.27596e-12
48 (QN/Block) 	Elapsed: 0.015	Loglikelihood: -35416.8	(delta): 0
49 (QN/Block) 	Elapsed: 0.014	Loglikelihood: -35416.8	(delta): 0
50 (QN/Block) 	Elapsed: 0.016	Loglikelihood: -35416.8	(delta): -7.27596e-12
51 (QN/Block) 	Elapsed: 0.012	Loglikelihood: -35416.8	(delta): 7.27596e-12
52 (QN/Block) 	Elapsed: 0.013	Loglikelihood: -35416.8	(delta): 0
53 (QN/Block) 	Elapsed: 0.013	Loglikelihood: -35416.8	(delta): 0
54 (QN/Block) 	Elapsed: 0.014	Loglikelihood: -35416.8	(delta): 0
55 (QN/Block) 	Elapsed: 0.014	Loglikelihood: -35416.8	(delta): -7.27596e-12
56 (QN/Block) 	Elapsed: 0.012	Loglikelihood: -35416.8	(delta): 7.27596e-12
57 (QN/Block) 	Elapsed: 0.015	Loglikelihood: -35416.8	(delta): -7.27596e-12
58 (QN/Block) 	Elapsed: 0.013	Loglikelihood: -35416.8	(delta): 0
59 (QN/Block) 	Elapsed: 0.014	Loglikelihood: -35416.8	(delta): 7.27596e-12
60 (QN/Block) 	Elapsed: 0.015	Loglikelihood: -35416.8	(delta): 0
61 (QN/Block) 	Elapsed: 0.015	Loglikelihood: -35416.8	(delta): -7.27596e-12
62 (QN/Block) 	Elapsed: 0.015	Loglikelihood: -35416.8	(delta): 7.27596e-12
63 (QN/Block) 	Elapsed: 0.013	Loglikelihood: -35416.8	(delta): -7.27596e-12
64 (QN/Block) 	Elapsed: 0.014	Loglikelihood: -35416.8	(delta): 7.27596e-12
65 (QN/Block) 	Elapsed: 0.015	Loglikelihood: -35416.8	(delta): -7.27596e-12
66 (QN/Block) 	Elapsed: 0.013	Loglikelihood: -35416.8	(delta): 0
67 (QN/Block) 	Elapsed: 0.013	Loglikelihood: -35416.8	(delta): 0
68 (QN/Block) 	Elapsed: 0.014	Loglikelihood: -35416.8	(delta): 7.27596e-12
69 (QN/Block) 	Elapsed: 0.013	Loglikelihood: -35416.8	(delta): -7.27596e-12
70 (QN/Block) 	Elapsed: 0.012	Loglikelihood: -35416.8	(delta): 7.27596e-12
71 (QN/Block) 	Elapsed: 0.015	Loglikelihood: -35416.8	(delta): -7.27596e-12
72 (QN/Block) 	Elapsed: 0.014	Loglikelihood: -35416.8	(delta): 0
73 (QN/Block) 	Elapsed: 0.013	Loglikelihood: -35416.8	(delta): 7.27596e-12
74 (QN/Block) 	Elapsed: 0.014	Loglikelihood: -35416.8	(delta): 0
75 (QN/Block) 	Elapsed: 0.014	Loglikelihood: -35416.8	(delta): -7.27596e-12
76 (QN/Block) 	Elapsed: 0.016	Loglikelihood: -35416.8	(delta): 0
77 (QN/Block) 	Elapsed: 0.016	Loglikelihood: -35416.8	(delta): 0
78 (QN/Block) 	Elapsed: 0.016	Loglikelihood: -35416.8	(delta): 0
79 (QN/Block) 	Elapsed: 0.016	Loglikelihood: -35416.8	(delta): 0
80 (QN/Block) 	Elapsed: 0.018	Loglikelihood: -35416.8	(delta): 0
81 (QN/Block) 	Elapsed: 0.015	Loglikelihood: -35416.8	(delta): 0
82 (QN/Block) 	Elapsed: 0.016	Loglikelihood: -35416.8	(delta): 7.27596e-12
83 (QN/Block) 	Elapsed: 0.016	Loglikelihood: -35416.8	(delta): -7.27596e-12
84 (QN/Block) 	Elapsed: 0.018	Loglikelihood: -35416.8	(delta): 0
85 (QN/Block) 	Elapsed: 0.016	Loglikelihood: -35416.8	(delta): 0
86 (QN/Block) 	Elapsed: 0.013	Loglikelihood: -35416.8	(delta): 0
87 (QN/Block) 	Elapsed: 0.016	Loglikelihood: -35416.8	(delta): 7.27596e-12
88 (QN/Block) 	Elapsed: 0.016	Loglikelihood: -35416.8	(delta): -7.27596e-12
89 (QN/Block) 	Elapsed: 0.015	Loglikelihood: -35416.8	(delta): 7.27596e-12
90 (QN/Block) 	Elapsed: 0.013	Loglikelihood: -35416.8	(delta): -7.27596e-12
91 (QN/Block) 	Elapsed: 0.014	Loglikelihood: -35416.8	(delta): 7.27596e-12
92 (QN/Block) 	Elapsed: 0.016	Loglikelihood: -35416.8	(delta): -7.27596e-12
93 (QN/Block) 	Elapsed: 0.014	Loglikelihood: -35416.8	(delta): 7.27596e-12
94 (QN/Block) 	Elapsed: 0.013	Loglikelihood: -35416.8	(delta): 0
95 (QN/Block) 	Elapsed: 0.016	Loglikelihood: -35416.8	(delta): -1.45519e-11
96 (QN/Block) 	Elapsed: 0.017	Loglikelihood: -35416.8	(delta): 7.27596e-12
97 (QN/Block) 	Elapsed: 0.017	Loglikelihood: -35416.8	(delta): 0
98 (QN/Block) 	Elapsed: 0.017	Loglikelihood: -35416.8	(delta): 7.27596e-12
99 (QN/Block) 	Elapsed: 0.015	Loglikelihood: -35416.8	(delta): 0
100 (QN/Block) 	Elapsed: 0.018	Loglikelihood: -35416.8	(delta): -7.27596e-12
Summary: 
Converged in 100 iterations (1.523 sec)
Loglikelihood: -35416.767682
Fst divergences between estimated populations: 
	Pop0	Pop1	Pop2	
Pop0	
Pop1	0.181	
Pop2	0.051	0.190	
Pop3	0.059	0.182	0.063	
CV error (K=4): 0.34076
Writing output files.
