****                   ADMIXTURE Version 1.3.0                  ****
****                    Copyright 2008-2015                     ****
****           David Alexander, Suyash Shringarpure,            ****
****                John  Novembre, Ken Lange                   ****
****                                                            ****
****                 Please cite our paper!                     ****
****   Information at www.genetics.ucla.edu/software/admixture  ****

Parallel execution requested.  Will use 8 threads.
Cross-validation will be performed.  Folds=10.
Random seed: 43
Point estimation method: Block relaxation algorithm
Convergence acceleration algorithm: QuasiNewton, 3 secant conditions
Point estimation will terminate at 100 iterations
Estimation of standard errors disabled; will compute point estimates only.
Size of G: 92x945
Performing five EM steps to prime main algorithm
1 (EM) 	Elapsed: 0.01	Loglikelihood: -44226.1	(delta): 78318.5
2 (EM) 	Elapsed: 0.011	Loglikelihood: -41388.6	(delta): 2837.5
3 (EM) 	Elapsed: 0.011	Loglikelihood: -40810.1	(delta): 578.563
4 (EM) 	Elapsed: 0.01	Loglikelihood: -40435.5	(delta): 374.593
5 (EM) 	Elapsed: 0.01	Loglikelihood: -40138.3	(delta): 297.174
Initial loglikelihood: -40138.3
Starting main algorithm
1 (QN/Block) 	Elapsed: 0.017	Loglikelihood: -35800	(delta): 4338.25
2 (QN/Block) 	Elapsed: 0.015	Loglikelihood: -34824.6	(delta): 975.419
3 (QN/Block) 	Elapsed: 0.022	Loglikelihood: -34428.5	(delta): 396.133
4 (QN/Block) 	Elapsed: 0.016	Loglikelihood: -34177.2	(delta): 251.285
5 (QN/Block) 	Elapsed: 0.015	Loglikelihood: -34052	(delta): 125.23
6 (QN/Block) 	Elapsed: 0.015	Loglikelihood: -33987.2	(delta): 64.7813
7 (QN/Block) 	Elapsed: 0.015	Loglikelihood: -33939.5	(delta): 47.6792
8 (QN/Block) 	Elapsed: 0.015	Loglikelihood: -33902.4	(delta): 37.0697
9 (QN/Block) 	Elapsed: 0.016	Loglikelihood: -33872	(delta): 30.4881
10 (QN/Block) 	Elapsed: 0.015	Loglikelihood: -33827.2	(delta): 44.7389
11 (QN/Block) 	Elapsed: 0.015	Loglikelihood: -33777.8	(delta): 49.4161
12 (QN/Block) 	Elapsed: 0.016	Loglikelihood: -33749	(delta): 28.8244
13 (QN/Block) 	Elapsed: 0.016	Loglikelihood: -33733.9	(delta): 15.0825
14 (QN/Block) 	Elapsed: 0.017	Loglikelihood: -33726.9	(delta): 6.95821
15 (QN/Block) 	Elapsed: 0.018	Loglikelihood: -33718.5	(delta): 8.39653
16 (QN/Block) 	Elapsed: 0.017	Loglikelihood: -33709.4	(delta): 9.15596
17 (QN/Block) 	Elapsed: 0.021	Loglikelihood: -33705.9	(delta): 3.44459
18 (QN/Block) 	Elapsed: 0.016	Loglikelihood: -33699.4	(delta): 6.56153
19 (QN/Block) 	Elapsed: 0.019	Loglikelihood: -33693.3	(delta): 6.0256
20 (QN/Block) 	Elapsed: 0.018	Loglikelihood: -33686	(delta): 7.39081
21 (QN/Block) 	Elapsed: 0.018	Loglikelihood: -33681.4	(delta): 4.51495
22 (QN/Block) 	Elapsed: 0.022	Loglikelihood: -33680	(delta): 1.43066
23 (QN/Block) 	Elapsed: 0.023	Loglikelihood: -33678.8	(delta): 1.20694
24 (QN/Block) 	Elapsed: 0.023	Loglikelihood: -33678.7	(delta): 0.0795719
25 (QN/Block) 	Elapsed: 0.022	Loglikelihood: -33678.7	(delta): 0.0112366
26 (QN/Block) 	Elapsed: 0.022	Loglikelihood: -33678.7	(delta): 0.00651468
27 (QN/Block) 	Elapsed: 0.021	Loglikelihood: -33678.7	(delta): 0.00109277
28 (QN/Block) 	Elapsed: 0.021	Loglikelihood: -33678.7	(delta): 0.000231882
29 (QN/Block) 	Elapsed: 0.022	Loglikelihood: -33678.7	(delta): 7.45462e-06
30 (QN/Block) 	Elapsed: 0.021	Loglikelihood: -33678.7	(delta): 1.51946e-06
31 (QN/Block) 	Elapsed: 0.015	Loglikelihood: -33678.7	(delta): 6.65612e-07
32 (QN/Block) 	Elapsed: 0.02	Loglikelihood: -33678.7	(delta): 1.60449e-07
33 (QN/Block) 	Elapsed: 0.021	Loglikelihood: -33678.7	(delta): 1.68679e-07
34 (QN/Block) 	Elapsed: 0.02	Loglikelihood: -33678.7	(delta): 3.75148e-08
35 (QN/Block) 	Elapsed: 0.016	Loglikelihood: -33678.7	(delta): 2.663e-09
36 (QN/Block) 	Elapsed: 0.018	Loglikelihood: -33678.7	(delta): 9.45874e-11
37 (QN/Block) 	Elapsed: 0.021	Loglikelihood: -33678.7	(delta): 2.18279e-11
38 (QN/Block) 	Elapsed: 0.021	Loglikelihood: -33678.7	(delta): 7.27596e-12
39 (QN/Block) 	Elapsed: 0.016	Loglikelihood: -33678.7	(delta): -7.27596e-12
40 (QN/Block) 	Elapsed: 0.022	Loglikelihood: -33678.7	(delta): 7.27596e-12
41 (QN/Block) 	Elapsed: 0.022	Loglikelihood: -33678.7	(delta): 0
42 (QN/Block) 	Elapsed: 0.024	Loglikelihood: -33678.7	(delta): 0
43 (QN/Block) 	Elapsed: 0.023	Loglikelihood: -33678.7	(delta): 0
44 (QN/Block) 	Elapsed: 0.023	Loglikelihood: -33678.7	(delta): 7.27596e-12
45 (QN/Block) 	Elapsed: 0.022	Loglikelihood: -33678.7	(delta): -7.27596e-12
46 (QN/Block) 	Elapsed: 0.021	Loglikelihood: -33678.7	(delta): 0
47 (QN/Block) 	Elapsed: 0.022	Loglikelihood: -33678.7	(delta): 0
48 (QN/Block) 	Elapsed: 0.022	Loglikelihood: -33678.7	(delta): 0
49 (QN/Block) 	Elapsed: 0.022	Loglikelihood: -33678.7	(delta): 0
50 (QN/Block) 	Elapsed: 0.022	Loglikelihood: -33678.7	(delta): 0
51 (QN/Block) 	Elapsed: 0.025	Loglikelihood: -33678.7	(delta): 0
52 (QN/Block) 	Elapsed: 0.023	Loglikelihood: -33678.7	(delta): 0
53 (QN/Block) 	Elapsed: 0.024	Loglikelihood: -33678.7	(delta): 0
54 (QN/Block) 	Elapsed: 0.022	Loglikelihood: -33678.7	(delta): 7.27596e-12
55 (QN/Block) 	Elapsed: 0.021	Loglikelihood: -33678.7	(delta): -7.27596e-12
56 (QN/Block) 	Elapsed: 0.021	Loglikelihood: -33678.7	(delta): 0
57 (QN/Block) 	Elapsed: 0.023	Loglikelihood: -33678.7	(delta): 7.27596e-12
58 (QN/Block) 	Elapsed: 0.021	Loglikelihood: -33678.7	(delta): -7.27596e-12
59 (QN/Block) 	Elapsed: 0.021	Loglikelihood: -33678.7	(delta): 0
60 (QN/Block) 	Elapsed: 0.021	Loglikelihood: -33678.7	(delta): 7.27596e-12
61 (QN/Block) 	Elapsed: 0.022	Loglikelihood: -33678.7	(delta): -7.27596e-12
62 (QN/Block) 	Elapsed: 0.021	Loglikelihood: -33678.7	(delta): 0
63 (QN/Block) 	Elapsed: 0.021	Loglikelihood: -33678.7	(delta): -7.27596e-12
64 (QN/Block) 	Elapsed: 0.021	Loglikelihood: -33678.7	(delta): 7.27596e-12
65 (QN/Block) 	Elapsed: 0.021	Loglikelihood: -33678.7	(delta): 0
66 (QN/Block) 	Elapsed: 0.02	Loglikelihood: -33678.7	(delta): 7.27596e-12
67 (QN/Block) 	Elapsed: 0.02	Loglikelihood: -33678.7	(delta): -7.27596e-12
68 (QN/Block) 	Elapsed: 0.02	Loglikelihood: -33678.7	(delta): 7.27596e-12
69 (QN/Block) 	Elapsed: 0.02	Loglikelihood: -33678.7	(delta): -7.27596e-12
70 (QN/Block) 	Elapsed: 0.02	Loglikelihood: -33678.7	(delta): 7.27596e-12
71 (QN/Block) 	Elapsed: 0.022	Loglikelihood: -33678.7	(delta): -1.45519e-11
72 (QN/Block) 	Elapsed: 0.021	Loglikelihood: -33678.7	(delta): 7.27596e-12
73 (QN/Block) 	Elapsed: 0.022	Loglikelihood: -33678.7	(delta): 0
74 (QN/Block) 	Elapsed: 0.023	Loglikelihood: -33678.7	(delta): 0
75 (QN/Block) 	Elapsed: 0.017	Loglikelihood: -33678.7	(delta): 0
76 (QN/Block) 	Elapsed: 0.016	Loglikelihood: -33678.7	(delta): 0
77 (QN/Block) 	Elapsed: 0.018	Loglikelihood: -33678.7	(delta): 0
78 (QN/Block) 	Elapsed: 0.023	Loglikelihood: -33678.7	(delta): 0
79 (QN/Block) 	Elapsed: 0.019	Loglikelihood: -33678.7	(delta): 0
80 (QN/Block) 	Elapsed: 0.019	Loglikelihood: -33678.7	(delta): -7.27596e-12
81 (QN/Block) 	Elapsed: 0.025	Loglikelihood: -33678.7	(delta): 7.27596e-12
82 (QN/Block) 	Elapsed: 0.024	Loglikelihood: -33678.7	(delta): 0
83 (QN/Block) 	Elapsed: 0.023	Loglikelihood: -33678.7	(delta): 0
84 (QN/Block) 	Elapsed: 0.025	Loglikelihood: -33678.7	(delta): 0
85 (QN/Block) 	Elapsed: 0.022	Loglikelihood: -33678.7	(delta): -7.27596e-12
86 (QN/Block) 	Elapsed: 0.024	Loglikelihood: -33678.7	(delta): 0
87 (QN/Block) 	Elapsed: 0.023	Loglikelihood: -33678.7	(delta): 7.27596e-12
88 (QN/Block) 	Elapsed: 0.023	Loglikelihood: -33678.7	(delta): 0
89 (QN/Block) 	Elapsed: 0.02	Loglikelihood: -33678.7	(delta): 0
90 (QN/Block) 	Elapsed: 0.018	Loglikelihood: -33678.7	(delta): 0
91 (QN/Block) 	Elapsed: 0.023	Loglikelihood: -33678.7	(delta): 0
92 (QN/Block) 	Elapsed: 0.022	Loglikelihood: -33678.7	(delta): 0
93 (QN/Block) 	Elapsed: 0.024	Loglikelihood: -33678.7	(delta): 0
94 (QN/Block) 	Elapsed: 0.022	Loglikelihood: -33678.7	(delta): 0
95 (QN/Block) 	Elapsed: 0.023	Loglikelihood: -33678.7	(delta): -7.27596e-12
96 (QN/Block) 	Elapsed: 0.024	Loglikelihood: -33678.7	(delta): 7.27596e-12
97 (QN/Block) 	Elapsed: 0.024	Loglikelihood: -33678.7	(delta): 0
98 (QN/Block) 	Elapsed: 0.017	Loglikelihood: -33678.7	(delta): 0
99 (QN/Block) 	Elapsed: 0.016	Loglikelihood: -33678.7	(delta): 0
100 (QN/Block) 	Elapsed: 0.018	Loglikelihood: -33678.7	(delta): 0
Summary: 
Converged in 100 iterations (2.186 sec)
Loglikelihood: -33678.705028
Fst divergences between estimated populations: 
	Pop0	Pop1	Pop2	Pop3	Pop4	Pop5	Pop6	
Pop0	
Pop1	0.117	
Pop2	0.080	0.110	
Pop3	0.078	0.101	0.063	
Pop4	0.204	0.227	0.206	0.204	
Pop5	0.095	0.112	0.084	0.086	0.224	
Pop6	0.213	0.236	0.213	0.214	0.093	0.224	
Pop7	0.217	0.235	0.216	0.217	0.085	0.230	0.069	
CV error (K=8): 0.41382
Writing output files.
