****                   ADMIXTURE Version 1.3.0                  ****
****                    Copyright 2008-2015                     ****
****           David Alexander, Suyash Shringarpure,            ****
****                John  Novembre, Ken Lange                   ****
****                                                            ****
****                 Please cite our paper!                     ****
****   Information at www.genetics.ucla.edu/software/admixture  ****

Parallel execution requested.  Will use 8 threads.
Cross-validation will be performed.  Folds=10.
Random seed: 43
Point estimation method: Block relaxation algorithm
Convergence acceleration algorithm: QuasiNewton, 3 secant conditions
Point estimation will terminate at 100 iterations
Estimation of standard errors disabled; will compute point estimates only.
Size of G: 92x945
Performing five EM steps to prime main algorithm
1 (EM) 	Elapsed: 0.006	Loglikelihood: -44254.3	(delta): 82256
2 (EM) 	Elapsed: 0.006	Loglikelihood: -41600.8	(delta): 2653.51
3 (EM) 	Elapsed: 0.006	Loglikelihood: -41016.2	(delta): 584.521
4 (EM) 	Elapsed: 0.006	Loglikelihood: -40671.8	(delta): 344.47
5 (EM) 	Elapsed: 0.006	Loglikelihood: -40419.7	(delta): 252.043
Initial loglikelihood: -40419.7
Starting main algorithm
1 (QN/Block) 	Elapsed: 0.011	Loglikelihood: -36693	(delta): 3726.68
2 (QN/Block) 	Elapsed: 0.011	Loglikelihood: -35680.1	(delta): 1012.93
3 (QN/Block) 	Elapsed: 0.014	Loglikelihood: -35334.6	(delta): 345.546
4 (QN/Block) 	Elapsed: 0.013	Loglikelihood: -35151	(delta): 183.558
5 (QN/Block) 	Elapsed: 0.017	Loglikelihood: -35061.7	(delta): 89.2604
6 (QN/Block) 	Elapsed: 0.016	Loglikelihood: -35018.5	(delta): 43.2498
7 (QN/Block) 	Elapsed: 0.016	Loglikelihood: -34990.8	(delta): 27.6703
8 (QN/Block) 	Elapsed: 0.017	Loglikelihood: -34981.1	(delta): 9.69726
9 (QN/Block) 	Elapsed: 0.017	Loglikelihood: -34975	(delta): 6.08329
10 (QN/Block) 	Elapsed: 0.017	Loglikelihood: -34969.4	(delta): 5.61275
11 (QN/Block) 	Elapsed: 0.017	Loglikelihood: -34968	(delta): 1.4102
12 (QN/Block) 	Elapsed: 0.015	Loglikelihood: -34967.2	(delta): 0.819302
13 (QN/Block) 	Elapsed: 0.016	Loglikelihood: -34966.5	(delta): 0.676356
14 (QN/Block) 	Elapsed: 0.017	Loglikelihood: -34965.6	(delta): 0.933553
15 (QN/Block) 	Elapsed: 0.015	Loglikelihood: -34964.5	(delta): 1.12071
16 (QN/Block) 	Elapsed: 0.015	Loglikelihood: -34963	(delta): 1.48892
17 (QN/Block) 	Elapsed: 0.017	Loglikelihood: -34962.7	(delta): 0.279512
18 (QN/Block) 	Elapsed: 0.014	Loglikelihood: -34962.7	(delta): 0.036655
19 (QN/Block) 	Elapsed: 0.015	Loglikelihood: -34962.7	(delta): 0.00397552
20 (QN/Block) 	Elapsed: 0.014	Loglikelihood: -34962.7	(delta): 0.00160649
21 (QN/Block) 	Elapsed: 0.014	Loglikelihood: -34962.7	(delta): 4.75404e-05
22 (QN/Block) 	Elapsed: 0.014	Loglikelihood: -34962.7	(delta): 9.54857e-06
23 (QN/Block) 	Elapsed: 0.014	Loglikelihood: -34962.7	(delta): 4.78169e-07
24 (QN/Block) 	Elapsed: 0.015	Loglikelihood: -34962.7	(delta): 3.24071e-08
25 (QN/Block) 	Elapsed: 0.014	Loglikelihood: -34962.7	(delta): 1.3024e-09
26 (QN/Block) 	Elapsed: 0.014	Loglikelihood: -34962.7	(delta): 2.40107e-10
27 (QN/Block) 	Elapsed: 0.014	Loglikelihood: -34962.7	(delta): 1.45519e-11
28 (QN/Block) 	Elapsed: 0.017	Loglikelihood: -34962.7	(delta): 0
29 (QN/Block) 	Elapsed: 0.021	Loglikelihood: -34962.7	(delta): 0
30 (QN/Block) 	Elapsed: 0.017	Loglikelihood: -34962.7	(delta): 0
31 (QN/Block) 	Elapsed: 0.016	Loglikelihood: -34962.7	(delta): 0
32 (QN/Block) 	Elapsed: 0.015	Loglikelihood: -34962.7	(delta): 0
33 (QN/Block) 	Elapsed: 0.015	Loglikelihood: -34962.7	(delta): 0
34 (QN/Block) 	Elapsed: 0.015	Loglikelihood: -34962.7	(delta): 0
35 (QN/Block) 	Elapsed: 0.014	Loglikelihood: -34962.7	(delta): 0
36 (QN/Block) 	Elapsed: 0.013	Loglikelihood: -34962.7	(delta): 0
37 (QN/Block) 	Elapsed: 0.013	Loglikelihood: -34962.7	(delta): 0
38 (QN/Block) 	Elapsed: 0.015	Loglikelihood: -34962.7	(delta): 0
39 (QN/Block) 	Elapsed: 0.014	Loglikelihood: -34962.7	(delta): 7.27596e-12
40 (QN/Block) 	Elapsed: 0.014	Loglikelihood: -34962.7	(delta): -1.45519e-11
41 (QN/Block) 	Elapsed: 0.016	Loglikelihood: -34962.7	(delta): 7.27596e-12
42 (QN/Block) 	Elapsed: 0.015	Loglikelihood: -34962.7	(delta): 0
43 (QN/Block) 	Elapsed: 0.016	Loglikelihood: -34962.7	(delta): 0
44 (QN/Block) 	Elapsed: 0.015	Loglikelihood: -34962.7	(delta): 0
45 (QN/Block) 	Elapsed: 0.014	Loglikelihood: -34962.7	(delta): 0
46 (QN/Block) 	Elapsed: 0.016	Loglikelihood: -34962.7	(delta): -7.27596e-12
47 (QN/Block) 	Elapsed: 0.015	Loglikelihood: -34962.7	(delta): 7.27596e-12
48 (QN/Block) 	Elapsed: 0.015	Loglikelihood: -34962.7	(delta): 0
49 (QN/Block) 	Elapsed: 0.016	Loglikelihood: -34962.7	(delta): 0
50 (QN/Block) 	Elapsed: 0.015	Loglikelihood: -34962.7	(delta): 0
51 (QN/Block) 	Elapsed: 0.015	Loglikelihood: -34962.7	(delta): 0
52 (QN/Block) 	Elapsed: 0.013	Loglikelihood: -34962.7	(delta): 0
53 (QN/Block) 	Elapsed: 0.014	Loglikelihood: -34962.7	(delta): 0
54 (QN/Block) 	Elapsed: 0.015	Loglikelihood: -34962.7	(delta): 0
55 (QN/Block) 	Elapsed: 0.017	Loglikelihood: -34962.7	(delta): 0
56 (QN/Block) 	Elapsed: 0.015	Loglikelihood: -34962.7	(delta): 7.27596e-12
57 (QN/Block) 	Elapsed: 0.014	Loglikelihood: -34962.7	(delta): -1.45519e-11
58 (QN/Block) 	Elapsed: 0.015	Loglikelihood: -34962.7	(delta): 7.27596e-12
59 (QN/Block) 	Elapsed: 0.013	Loglikelihood: -34962.7	(delta): 0
60 (QN/Block) 	Elapsed: 0.013	Loglikelihood: -34962.7	(delta): 0
61 (QN/Block) 	Elapsed: 0.015	Loglikelihood: -34962.7	(delta): 0
62 (QN/Block) 	Elapsed: 0.016	Loglikelihood: -34962.7	(delta): 0
63 (QN/Block) 	Elapsed: 0.015	Loglikelihood: -34962.7	(delta): 0
64 (QN/Block) 	Elapsed: 0.014	Loglikelihood: -34962.7	(delta): 0
65 (QN/Block) 	Elapsed: 0.014	Loglikelihood: -34962.7	(delta): 0
66 (QN/Block) 	Elapsed: 0.014	Loglikelihood: -34962.7	(delta): 0
67 (QN/Block) 	Elapsed: 0.015	Loglikelihood: -34962.7	(delta): 0
68 (QN/Block) 	Elapsed: 0.015	Loglikelihood: -34962.7	(delta): 0
69 (QN/Block) 	Elapsed: 0.017	Loglikelihood: -34962.7	(delta): 0
70 (QN/Block) 	Elapsed: 0.014	Loglikelihood: -34962.7	(delta): 0
71 (QN/Block) 	Elapsed: 0.015	Loglikelihood: -34962.7	(delta): 0
72 (QN/Block) 	Elapsed: 0.015	Loglikelihood: -34962.7	(delta): 0
73 (QN/Block) 	Elapsed: 0.014	Loglikelihood: -34962.7	(delta): 0
74 (QN/Block) 	Elapsed: 0.016	Loglikelihood: -34962.7	(delta): 0
75 (QN/Block) 	Elapsed: 0.013	Loglikelihood: -34962.7	(delta): 0
76 (QN/Block) 	Elapsed: 0.014	Loglikelihood: -34962.7	(delta): 0
77 (QN/Block) 	Elapsed: 0.013	Loglikelihood: -34962.7	(delta): 0
78 (QN/Block) 	Elapsed: 0.013	Loglikelihood: -34962.7	(delta): 0
79 (QN/Block) 	Elapsed: 0.015	Loglikelihood: -34962.7	(delta): 0
80 (QN/Block) 	Elapsed: 0.013	Loglikelihood: -34962.7	(delta): -7.27596e-12
81 (QN/Block) 	Elapsed: 0.014	Loglikelihood: -34962.7	(delta): 7.27596e-12
82 (QN/Block) 	Elapsed: 0.014	Loglikelihood: -34962.7	(delta): 0
83 (QN/Block) 	Elapsed: 0.015	Loglikelihood: -34962.7	(delta): -7.27596e-12
84 (QN/Block) 	Elapsed: 0.018	Loglikelihood: -34962.7	(delta): 7.27596e-12
85 (QN/Block) 	Elapsed: 0.016	Loglikelihood: -34962.7	(delta): 0
86 (QN/Block) 	Elapsed: 0.015	Loglikelihood: -34962.7	(delta): 0
87 (QN/Block) 	Elapsed: 0.018	Loglikelihood: -34962.7	(delta): -7.27596e-12
88 (QN/Block) 	Elapsed: 0.02	Loglikelihood: -34962.7	(delta): 7.27596e-12
89 (QN/Block) 	Elapsed: 0.016	Loglikelihood: -34962.7	(delta): 0
90 (QN/Block) 	Elapsed: 0.015	Loglikelihood: -34962.7	(delta): -7.27596e-12
91 (QN/Block) 	Elapsed: 0.017	Loglikelihood: -34962.7	(delta): 7.27596e-12
92 (QN/Block) 	Elapsed: 0.018	Loglikelihood: -34962.7	(delta): 0
93 (QN/Block) 	Elapsed: 0.017	Loglikelihood: -34962.7	(delta): 0
94 (QN/Block) 	Elapsed: 0.016	Loglikelihood: -34962.7	(delta): -7.27596e-12
95 (QN/Block) 	Elapsed: 0.017	Loglikelihood: -34962.7	(delta): 7.27596e-12
96 (QN/Block) 	Elapsed: 0.016	Loglikelihood: -34962.7	(delta): 0
97 (QN/Block) 	Elapsed: 0.014	Loglikelihood: -34962.7	(delta): 0
98 (QN/Block) 	Elapsed: 0.017	Loglikelihood: -34962.7	(delta): 0
99 (QN/Block) 	Elapsed: 0.018	Loglikelihood: -34962.7	(delta): 0
100 (QN/Block) 	Elapsed: 0.017	Loglikelihood: -34962.7	(delta): 0
Summary: 
Converged in 100 iterations (1.636 sec)
Loglikelihood: -34962.660964
Fst divergences between estimated populations: 
	Pop0	Pop1	Pop2	Pop3	
Pop0	
Pop1	0.196	
Pop2	0.059	0.201	
Pop3	0.195	0.073	0.194	
Pop4	0.064	0.208	0.061	0.204	
CV error (K=5): 0.36435
Writing output files.
