****                   ADMIXTURE Version 1.3.0                  ****
****                    Copyright 2008-2015                     ****
****           David Alexander, Suyash Shringarpure,            ****
****                John  Novembre, Ken Lange                   ****
****                                                            ****
****                 Please cite our paper!                     ****
****   Information at www.genetics.ucla.edu/software/admixture  ****

Parallel execution requested.  Will use 8 threads.
Cross-validation will be performed.  Folds=10.
Random seed: 43
Point estimation method: Block relaxation algorithm
Convergence acceleration algorithm: QuasiNewton, 3 secant conditions
Point estimation will terminate at 100 iterations
Estimation of standard errors disabled; will compute point estimates only.
Size of G: 557x751
Performing five EM steps to prime main algorithm
1 (EM) 	Elapsed: 0.049	Loglikelihood: -242313	(delta): 313102
2 (EM) 	Elapsed: 0.05	Loglikelihood: -230795	(delta): 11518
3 (EM) 	Elapsed: 0.05	Loglikelihood: -227476	(delta): 3319.05
4 (EM) 	Elapsed: 0.05	Loglikelihood: -223157	(delta): 4319.09
5 (EM) 	Elapsed: 0.049	Loglikelihood: -215451	(delta): 7706.07
Initial loglikelihood: -215451
Starting main algorithm
1 (QN/Block) 	Elapsed: 0.068	Loglikelihood: -58277.1	(delta): 157174
2 (QN/Block) 	Elapsed: 0.067	Loglikelihood: -51605.5	(delta): 6671.66
3 (QN/Block) 	Elapsed: 0.073	Loglikelihood: -48858.4	(delta): 2747.03
4 (QN/Block) 	Elapsed: 0.07	Loglikelihood: -45596.1	(delta): 3262.31
5 (QN/Block) 	Elapsed: 0.069	Loglikelihood: -43835.2	(delta): 1760.92
6 (QN/Block) 	Elapsed: 0.071	Loglikelihood: -43218.3	(delta): 616.93
7 (QN/Block) 	Elapsed: 0.071	Loglikelihood: -43009.4	(delta): 208.843
8 (QN/Block) 	Elapsed: 0.069	Loglikelihood: -42924.6	(delta): 84.8612
9 (QN/Block) 	Elapsed: 0.077	Loglikelihood: -42888.4	(delta): 36.2068
10 (QN/Block) 	Elapsed: 0.07	Loglikelihood: -42852.3	(delta): 36.052
11 (QN/Block) 	Elapsed: 0.076	Loglikelihood: -42822.9	(delta): 29.4134
12 (QN/Block) 	Elapsed: 0.072	Loglikelihood: -42814.7	(delta): 8.20041
13 (QN/Block) 	Elapsed: 0.071	Loglikelihood: -42809.5	(delta): 5.17239
14 (QN/Block) 	Elapsed: 0.07	Loglikelihood: -42807.4	(delta): 2.08535
15 (QN/Block) 	Elapsed: 0.07	Loglikelihood: -42806.3	(delta): 1.15911
16 (QN/Block) 	Elapsed: 0.074	Loglikelihood: -42806.1	(delta): 0.148223
17 (QN/Block) 	Elapsed: 0.077	Loglikelihood: -42806.1	(delta): 0.0601208
18 (QN/Block) 	Elapsed: 0.078	Loglikelihood: -42806	(delta): 0.0622873
19 (QN/Block) 	Elapsed: 0.077	Loglikelihood: -42806	(delta): 0.0128951
20 (QN/Block) 	Elapsed: 0.08	Loglikelihood: -42806	(delta): 0.00455241
21 (QN/Block) 	Elapsed: 0.084	Loglikelihood: -42806	(delta): 0.00580429
22 (QN/Block) 	Elapsed: 0.088	Loglikelihood: -42806	(delta): 0.00939715
23 (QN/Block) 	Elapsed: 0.08	Loglikelihood: -42806	(delta): 0.00215651
24 (QN/Block) 	Elapsed: 0.08	Loglikelihood: -42806	(delta): 2.93245e-05
25 (QN/Block) 	Elapsed: 0.077	Loglikelihood: -42806	(delta): 2.40465e-05
26 (QN/Block) 	Elapsed: 0.074	Loglikelihood: -42806	(delta): 3.16398e-06
27 (QN/Block) 	Elapsed: 0.074	Loglikelihood: -42806	(delta): 3.19276e-07
28 (QN/Block) 	Elapsed: 0.075	Loglikelihood: -42806	(delta): 3.45535e-08
29 (QN/Block) 	Elapsed: 0.076	Loglikelihood: -42806	(delta): 1.06229e-09
30 (QN/Block) 	Elapsed: 0.079	Loglikelihood: -42806	(delta): 8.73115e-11
31 (QN/Block) 	Elapsed: 0.08	Loglikelihood: -42806	(delta): -1.45519e-11
32 (QN/Block) 	Elapsed: 0.083	Loglikelihood: -42806	(delta): -5.82077e-11
33 (QN/Block) 	Elapsed: 0.082	Loglikelihood: -42806	(delta): 7.27596e-12
34 (QN/Block) 	Elapsed: 0.091	Loglikelihood: -42806	(delta): -2.91038e-11
35 (QN/Block) 	Elapsed: 0.079	Loglikelihood: -42806	(delta): -6.54836e-11
36 (QN/Block) 	Elapsed: 0.081	Loglikelihood: -42806	(delta): 2.18279e-11
37 (QN/Block) 	Elapsed: 0.078	Loglikelihood: -42806	(delta): -4.36557e-11
38 (QN/Block) 	Elapsed: 0.081	Loglikelihood: -42806	(delta): -1.45519e-10
39 (QN/Block) 	Elapsed: 0.081	Loglikelihood: -42806	(delta): 0
40 (QN/Block) 	Elapsed: 0.078	Loglikelihood: -42806	(delta): 3.63798e-11
41 (QN/Block) 	Elapsed: 0.079	Loglikelihood: -42806	(delta): -2.91038e-11
42 (QN/Block) 	Elapsed: 0.08	Loglikelihood: -42806	(delta): 1.45519e-11
43 (QN/Block) 	Elapsed: 0.082	Loglikelihood: -42806	(delta): -5.82077e-11
44 (QN/Block) 	Elapsed: 0.081	Loglikelihood: -42806	(delta): -2.18279e-11
45 (QN/Block) 	Elapsed: 0.08	Loglikelihood: -42806	(delta): -6.54836e-11
46 (QN/Block) 	Elapsed: 0.086	Loglikelihood: -42806	(delta): -1.45519e-11
47 (QN/Block) 	Elapsed: 0.083	Loglikelihood: -42806	(delta): 1.01863e-10
48 (QN/Block) 	Elapsed: 0.079	Loglikelihood: -42806	(delta): 6.54836e-11
49 (QN/Block) 	Elapsed: 0.077	Loglikelihood: -42806	(delta): -1.23691e-10
50 (QN/Block) 	Elapsed: 0.078	Loglikelihood: -42806	(delta): 1.16415e-10
51 (QN/Block) 	Elapsed: 0.077	Loglikelihood: -42806	(delta): 8.73115e-11
52 (QN/Block) 	Elapsed: 0.079	Loglikelihood: -42806	(delta): -1.01863e-10
53 (QN/Block) 	Elapsed: 0.077	Loglikelihood: -42806	(delta): 0
54 (QN/Block) 	Elapsed: 0.079	Loglikelihood: -42806	(delta): 5.82077e-11
55 (QN/Block) 	Elapsed: 0.081	Loglikelihood: -42806	(delta): -7.27596e-11
56 (QN/Block) 	Elapsed: 0.08	Loglikelihood: -42806	(delta): 5.09317e-11
57 (QN/Block) 	Elapsed: 0.076	Loglikelihood: -42806	(delta): -5.82077e-11
58 (QN/Block) 	Elapsed: 0.081	Loglikelihood: -42806	(delta): -1.60071e-10
59 (QN/Block) 	Elapsed: 0.09	Loglikelihood: -42806	(delta): 1.52795e-10
60 (QN/Block) 	Elapsed: 0.079	Loglikelihood: -42806	(delta): -1.81899e-10
61 (QN/Block) 	Elapsed: 0.087	Loglikelihood: -42806	(delta): 9.45874e-11
62 (QN/Block) 	Elapsed: 0.083	Loglikelihood: -42806	(delta): -1.30967e-10
63 (QN/Block) 	Elapsed: 0.082	Loglikelihood: -42806	(delta): -1.09139e-10
64 (QN/Block) 	Elapsed: 0.085	Loglikelihood: -42806	(delta): 7.27596e-11
65 (QN/Block) 	Elapsed: 0.085	Loglikelihood: -42806	(delta): -1.09139e-10
66 (QN/Block) 	Elapsed: 0.084	Loglikelihood: -42806	(delta): 5.09317e-11
67 (QN/Block) 	Elapsed: 0.082	Loglikelihood: -42806	(delta): 0
68 (QN/Block) 	Elapsed: 0.084	Loglikelihood: -42806	(delta): -1.45519e-10
69 (QN/Block) 	Elapsed: 0.091	Loglikelihood: -42806	(delta): -2.91038e-11
70 (QN/Block) 	Elapsed: 0.102	Loglikelihood: -42806	(delta): -1.38243e-10
71 (QN/Block) 	Elapsed: 0.089	Loglikelihood: -42806	(delta): 4.36557e-11
72 (QN/Block) 	Elapsed: 0.084	Loglikelihood: -42806	(delta): -6.54836e-11
73 (QN/Block) 	Elapsed: 0.08	Loglikelihood: -42806	(delta): 2.91038e-11
74 (QN/Block) 	Elapsed: 0.082	Loglikelihood: -42806	(delta): -8.00355e-11
75 (QN/Block) 	Elapsed: 0.081	Loglikelihood: -42806	(delta): -9.45874e-11
76 (QN/Block) 	Elapsed: 0.08	Loglikelihood: -42806	(delta): 1.45519e-11
77 (QN/Block) 	Elapsed: 0.081	Loglikelihood: -42806	(delta): -1.74623e-10
78 (QN/Block) 	Elapsed: 0.082	Loglikelihood: -42806	(delta): -3.63798e-11
79 (QN/Block) 	Elapsed: 0.082	Loglikelihood: -42806	(delta): -7.27596e-11
80 (QN/Block) 	Elapsed: 0.081	Loglikelihood: -42806	(delta): 4.36557e-11
81 (QN/Block) 	Elapsed: 0.082	Loglikelihood: -42806	(delta): -2.18279e-11
82 (QN/Block) 	Elapsed: 0.085	Loglikelihood: -42806	(delta): -1.89175e-10
83 (QN/Block) 	Elapsed: 0.083	Loglikelihood: -42806	(delta): -1.45519e-11
84 (QN/Block) 	Elapsed: 0.081	Loglikelihood: -42806	(delta): 2.18279e-11
85 (QN/Block) 	Elapsed: 0.082	Loglikelihood: -42806	(delta): 2.91038e-11
86 (QN/Block) 	Elapsed: 0.083	Loglikelihood: -42806	(delta): -2.18279e-11
87 (QN/Block) 	Elapsed: 0.079	Loglikelihood: -42806	(delta): 3.63798e-11
88 (QN/Block) 	Elapsed: 0.08	Loglikelihood: -42806	(delta): -1.09139e-10
89 (QN/Block) 	Elapsed: 0.082	Loglikelihood: -42806	(delta): 0
90 (QN/Block) 	Elapsed: 0.083	Loglikelihood: -42806	(delta): 2.18279e-11
91 (QN/Block) 	Elapsed: 0.082	Loglikelihood: -42806	(delta): 0
92 (QN/Block) 	Elapsed: 0.08	Loglikelihood: -42806	(delta): -2.18279e-11
93 (QN/Block) 	Elapsed: 0.078	Loglikelihood: -42806	(delta): 2.91038e-11
94 (QN/Block) 	Elapsed: 0.084	Loglikelihood: -42806	(delta): -1.38243e-10
95 (QN/Block) 	Elapsed: 0.079	Loglikelihood: -42806	(delta): -5.82077e-11
96 (QN/Block) 	Elapsed: 0.08	Loglikelihood: -42806	(delta): -6.54836e-11
97 (QN/Block) 	Elapsed: 0.081	Loglikelihood: -42806	(delta): -7.27596e-11
98 (QN/Block) 	Elapsed: 0.078	Loglikelihood: -42806	(delta): 2.18279e-11
99 (QN/Block) 	Elapsed: 0.076	Loglikelihood: -42806	(delta): -1.45519e-11
100 (QN/Block) 	Elapsed: 0.074	Loglikelihood: -42806	(delta): -7.27596e-11
Summary: 
Converged in 100 iterations (8.407 sec)
Loglikelihood: -42805.977426
Fst divergences between estimated populations: 
	Pop0	Pop1	Pop2	Pop3	Pop4	Pop5	Pop6	
Pop0	
Pop1	0.875	
Pop2	0.897	0.385	
Pop3	0.550	0.843	0.865	
Pop4	0.914	0.809	0.844	0.879	
Pop5	0.924	0.828	0.863	0.889	0.495	
Pop6	0.559	0.847	0.869	0.330	0.882	0.892	
Pop7	0.868	0.097	0.379	0.837	0.800	0.819	0.843	
CV error (K=8): 0.07959
Writing output files.
