****                   ADMIXTURE Version 1.3.0                  ****
****                    Copyright 2008-2015                     ****
****           David Alexander, Suyash Shringarpure,            ****
****                John  Novembre, Ken Lange                   ****
****                                                            ****
****                 Please cite our paper!                     ****
****   Information at www.genetics.ucla.edu/software/admixture  ****

Parallel execution requested.  Will use 8 threads.
Cross-validation will be performed.  Folds=10.
Random seed: 43
Point estimation method: Block relaxation algorithm
Convergence acceleration algorithm: QuasiNewton, 3 secant conditions
Point estimation will terminate at 100 iterations
Estimation of standard errors disabled; will compute point estimates only.
Size of G: 557x751
Performing five EM steps to prime main algorithm
1 (EM) 	Elapsed: 0.034	Loglikelihood: -241294	(delta): 328679
2 (EM) 	Elapsed: 0.035	Loglikelihood: -230677	(delta): 10616.3
3 (EM) 	Elapsed: 0.04	Loglikelihood: -227633	(delta): 3044.84
4 (EM) 	Elapsed: 0.037	Loglikelihood: -223831	(delta): 3801.71
5 (EM) 	Elapsed: 0.037	Loglikelihood: -217327	(delta): 6503.81
Initial loglikelihood: -217327
Starting main algorithm
1 (QN/Block) 	Elapsed: 0.057	Loglikelihood: -64795.1	(delta): 152532
2 (QN/Block) 	Elapsed: 0.054	Loglikelihood: -51275.1	(delta): 13520
3 (QN/Block) 	Elapsed: 0.062	Loglikelihood: -48958.4	(delta): 2316.7
4 (QN/Block) 	Elapsed: 0.061	Loglikelihood: -47030.6	(delta): 1927.73
5 (QN/Block) 	Elapsed: 0.059	Loglikelihood: -46131.2	(delta): 899.434
6 (QN/Block) 	Elapsed: 0.055	Loglikelihood: -45603.9	(delta): 527.287
7 (QN/Block) 	Elapsed: 0.057	Loglikelihood: -45363.6	(delta): 240.313
8 (QN/Block) 	Elapsed: 0.057	Loglikelihood: -45304.5	(delta): 59.1259
9 (QN/Block) 	Elapsed: 0.058	Loglikelihood: -45267.6	(delta): 36.9019
10 (QN/Block) 	Elapsed: 0.058	Loglikelihood: -45257.2	(delta): 10.3922
11 (QN/Block) 	Elapsed: 0.058	Loglikelihood: -45252.8	(delta): 4.37082
12 (QN/Block) 	Elapsed: 0.059	Loglikelihood: -45250.8	(delta): 2.00956
13 (QN/Block) 	Elapsed: 0.057	Loglikelihood: -45249.8	(delta): 1.02119
14 (QN/Block) 	Elapsed: 0.057	Loglikelihood: -45249.7	(delta): 0.0901825
15 (QN/Block) 	Elapsed: 0.056	Loglikelihood: -45249.7	(delta): 0.0322434
16 (QN/Block) 	Elapsed: 0.058	Loglikelihood: -45249.6	(delta): 0.00842719
17 (QN/Block) 	Elapsed: 0.064	Loglikelihood: -45249.6	(delta): 0.00292199
18 (QN/Block) 	Elapsed: 0.06	Loglikelihood: -45249.6	(delta): 0.00307222
19 (QN/Block) 	Elapsed: 0.064	Loglikelihood: -45249.6	(delta): 0.00429779
20 (QN/Block) 	Elapsed: 0.064	Loglikelihood: -45249.6	(delta): 0.00669337
21 (QN/Block) 	Elapsed: 0.066	Loglikelihood: -45249.6	(delta): 0.00750555
22 (QN/Block) 	Elapsed: 0.061	Loglikelihood: -45249.6	(delta): 9.31618e-05
23 (QN/Block) 	Elapsed: 0.056	Loglikelihood: -45249.6	(delta): 2.79187e-05
24 (QN/Block) 	Elapsed: 0.057	Loglikelihood: -45249.6	(delta): 4.36822e-06
25 (QN/Block) 	Elapsed: 0.057	Loglikelihood: -45249.6	(delta): 1.92224e-06
26 (QN/Block) 	Elapsed: 0.058	Loglikelihood: -45249.6	(delta): 7.08751e-08
27 (QN/Block) 	Elapsed: 0.056	Loglikelihood: -45249.6	(delta): 1.31549e-08
28 (QN/Block) 	Elapsed: 0.06	Loglikelihood: -45249.6	(delta): 8.73115e-10
29 (QN/Block) 	Elapsed: 0.062	Loglikelihood: -45249.6	(delta): 3.63798e-11
30 (QN/Block) 	Elapsed: 0.06	Loglikelihood: -45249.6	(delta): 7.27596e-12
31 (QN/Block) 	Elapsed: 0.059	Loglikelihood: -45249.6	(delta): -4.36557e-11
32 (QN/Block) 	Elapsed: 0.062	Loglikelihood: -45249.6	(delta): 1.45519e-11
33 (QN/Block) 	Elapsed: 0.063	Loglikelihood: -45249.6	(delta): 1.45519e-11
34 (QN/Block) 	Elapsed: 0.061	Loglikelihood: -45249.6	(delta): 7.27596e-11
35 (QN/Block) 	Elapsed: 0.062	Loglikelihood: -45249.6	(delta): -7.27596e-11
36 (QN/Block) 	Elapsed: 0.062	Loglikelihood: -45249.6	(delta): -9.45874e-11
37 (QN/Block) 	Elapsed: 0.07	Loglikelihood: -45249.6	(delta): 7.27596e-12
38 (QN/Block) 	Elapsed: 0.061	Loglikelihood: -45249.6	(delta): 1.67347e-10
39 (QN/Block) 	Elapsed: 0.063	Loglikelihood: -45249.6	(delta): -5.82077e-11
40 (QN/Block) 	Elapsed: 0.063	Loglikelihood: -45249.6	(delta): 5.82077e-11
41 (QN/Block) 	Elapsed: 0.068	Loglikelihood: -45249.6	(delta): -6.54836e-11
42 (QN/Block) 	Elapsed: 0.061	Loglikelihood: -45249.6	(delta): 2.18279e-11
43 (QN/Block) 	Elapsed: 0.062	Loglikelihood: -45249.6	(delta): -1.45519e-11
44 (QN/Block) 	Elapsed: 0.063	Loglikelihood: -45249.6	(delta): 2.18279e-11
45 (QN/Block) 	Elapsed: 0.062	Loglikelihood: -45249.6	(delta): -3.63798e-11
46 (QN/Block) 	Elapsed: 0.065	Loglikelihood: -45249.6	(delta): 4.36557e-11
47 (QN/Block) 	Elapsed: 0.066	Loglikelihood: -45249.6	(delta): 8.73115e-11
48 (QN/Block) 	Elapsed: 0.066	Loglikelihood: -45249.6	(delta): -1.23691e-10
49 (QN/Block) 	Elapsed: 0.065	Loglikelihood: -45249.6	(delta): 7.27596e-11
50 (QN/Block) 	Elapsed: 0.064	Loglikelihood: -45249.6	(delta): -5.09317e-11
51 (QN/Block) 	Elapsed: 0.064	Loglikelihood: -45249.6	(delta): 1.01863e-10
52 (QN/Block) 	Elapsed: 0.07	Loglikelihood: -45249.6	(delta): 7.27596e-11
53 (QN/Block) 	Elapsed: 0.064	Loglikelihood: -45249.6	(delta): 7.27596e-12
54 (QN/Block) 	Elapsed: 0.064	Loglikelihood: -45249.6	(delta): 1.30967e-10
55 (QN/Block) 	Elapsed: 0.064	Loglikelihood: -45249.6	(delta): -1.81899e-10
56 (QN/Block) 	Elapsed: 0.066	Loglikelihood: -45249.6	(delta): -1.45519e-11
57 (QN/Block) 	Elapsed: 0.063	Loglikelihood: -45249.6	(delta): -9.45874e-11
58 (QN/Block) 	Elapsed: 0.066	Loglikelihood: -45249.6	(delta): -1.45519e-11
59 (QN/Block) 	Elapsed: 0.064	Loglikelihood: -45249.6	(delta): -1.45519e-11
60 (QN/Block) 	Elapsed: 0.063	Loglikelihood: -45249.6	(delta): -2.91038e-11
61 (QN/Block) 	Elapsed: 0.062	Loglikelihood: -45249.6	(delta): 8.00355e-11
62 (QN/Block) 	Elapsed: 0.063	Loglikelihood: -45249.6	(delta): -1.16415e-10
63 (QN/Block) 	Elapsed: 0.065	Loglikelihood: -45249.6	(delta): 9.45874e-11
64 (QN/Block) 	Elapsed: 0.065	Loglikelihood: -45249.6	(delta): 1.01863e-10
65 (QN/Block) 	Elapsed: 0.064	Loglikelihood: -45249.6	(delta): -9.45874e-11
66 (QN/Block) 	Elapsed: 0.065	Loglikelihood: -45249.6	(delta): 5.09317e-11
67 (QN/Block) 	Elapsed: 0.073	Loglikelihood: -45249.6	(delta): -1.09139e-10
68 (QN/Block) 	Elapsed: 0.066	Loglikelihood: -45249.6	(delta): 2.32831e-10
69 (QN/Block) 	Elapsed: 0.065	Loglikelihood: -45249.6	(delta): 1.45519e-11
70 (QN/Block) 	Elapsed: 0.064	Loglikelihood: -45249.6	(delta): 0
71 (QN/Block) 	Elapsed: 0.067	Loglikelihood: -45249.6	(delta): -1.01863e-10
72 (QN/Block) 	Elapsed: 0.066	Loglikelihood: -45249.6	(delta): 7.27596e-11
73 (QN/Block) 	Elapsed: 0.065	Loglikelihood: -45249.6	(delta): -5.09317e-11
74 (QN/Block) 	Elapsed: 0.065	Loglikelihood: -45249.6	(delta): -2.18279e-11
75 (QN/Block) 	Elapsed: 0.064	Loglikelihood: -45249.6	(delta): -2.91038e-11
76 (QN/Block) 	Elapsed: 0.066	Loglikelihood: -45249.6	(delta): 3.63798e-11
77 (QN/Block) 	Elapsed: 0.065	Loglikelihood: -45249.6	(delta): -7.27596e-12
78 (QN/Block) 	Elapsed: 0.067	Loglikelihood: -45249.6	(delta): -2.18279e-11
79 (QN/Block) 	Elapsed: 0.065	Loglikelihood: -45249.6	(delta): 4.36557e-11
80 (QN/Block) 	Elapsed: 0.065	Loglikelihood: -45249.6	(delta): -1.30967e-10
81 (QN/Block) 	Elapsed: 0.064	Loglikelihood: -45249.6	(delta): 6.54836e-11
82 (QN/Block) 	Elapsed: 0.069	Loglikelihood: -45249.6	(delta): 0
83 (QN/Block) 	Elapsed: 0.067	Loglikelihood: -45249.6	(delta): 3.63798e-11
84 (QN/Block) 	Elapsed: 0.062	Loglikelihood: -45249.6	(delta): -1.45519e-11
85 (QN/Block) 	Elapsed: 0.065	Loglikelihood: -45249.6	(delta): -8.00355e-11
86 (QN/Block) 	Elapsed: 0.063	Loglikelihood: -45249.6	(delta): 5.82077e-11
87 (QN/Block) 	Elapsed: 0.064	Loglikelihood: -45249.6	(delta): 2.91038e-11
88 (QN/Block) 	Elapsed: 0.066	Loglikelihood: -45249.6	(delta): 6.54836e-11
89 (QN/Block) 	Elapsed: 0.066	Loglikelihood: -45249.6	(delta): 7.27596e-12
90 (QN/Block) 	Elapsed: 0.064	Loglikelihood: -45249.6	(delta): -7.27596e-12
91 (QN/Block) 	Elapsed: 0.063	Loglikelihood: -45249.6	(delta): 2.91038e-11
92 (QN/Block) 	Elapsed: 0.062	Loglikelihood: -45249.6	(delta): -4.36557e-11
93 (QN/Block) 	Elapsed: 0.064	Loglikelihood: -45249.6	(delta): 1.74623e-10
94 (QN/Block) 	Elapsed: 0.063	Loglikelihood: -45249.6	(delta): 3.63798e-11
95 (QN/Block) 	Elapsed: 0.064	Loglikelihood: -45249.6	(delta): 1.16415e-10
96 (QN/Block) 	Elapsed: 0.064	Loglikelihood: -45249.6	(delta): -2.91038e-11
97 (QN/Block) 	Elapsed: 0.068	Loglikelihood: -45249.6	(delta): -1.45519e-11
98 (QN/Block) 	Elapsed: 0.061	Loglikelihood: -45249.6	(delta): -3.63798e-11
99 (QN/Block) 	Elapsed: 0.061	Loglikelihood: -45249.6	(delta): -2.91038e-11
100 (QN/Block) 	Elapsed: 0.064	Loglikelihood: -45249.6	(delta): 1.45519e-11
Summary: 
Converged in 100 iterations (6.634 sec)
Loglikelihood: -45249.621976
Fst divergences between estimated populations: 
	Pop0	Pop1	Pop2	Pop3	Pop4	
Pop0	
Pop1	0.840	
Pop2	0.829	0.334	
Pop3	0.097	0.844	0.835	
Pop4	0.782	0.870	0.862	0.790	
Pop5	0.379	0.867	0.857	0.385	0.824	
CV error (K=6): 0.08334
Writing output files.
