****                   ADMIXTURE Version 1.3.0                  ****
****                    Copyright 2008-2015                     ****
****           David Alexander, Suyash Shringarpure,            ****
****                John  Novembre, Ken Lange                   ****
****                                                            ****
****                 Please cite our paper!                     ****
****   Information at www.genetics.ucla.edu/software/admixture  ****

Parallel execution requested.  Will use 8 threads.
Cross-validation will be performed.  Folds=10.
Random seed: 43
Point estimation method: Block relaxation algorithm
Convergence acceleration algorithm: QuasiNewton, 3 secant conditions
Point estimation will terminate at 100 iterations
Estimation of standard errors disabled; will compute point estimates only.
Size of G: 557x751
Performing five EM steps to prime main algorithm
1 (EM) 	Elapsed: 0.069	Loglikelihood: -242062	(delta): 305637
2 (EM) 	Elapsed: 0.07	Loglikelihood: -229602	(delta): 12459.3
3 (EM) 	Elapsed: 0.073	Loglikelihood: -225919	(delta): 3683.35
4 (EM) 	Elapsed: 0.073	Loglikelihood: -221234	(delta): 4685.12
5 (EM) 	Elapsed: 0.069	Loglikelihood: -213592	(delta): 7641.61
Initial loglikelihood: -213592
Starting main algorithm
1 (QN/Block) 	Elapsed: 0.089	Loglikelihood: -57816.7	(delta): 155775
2 (QN/Block) 	Elapsed: 0.082	Loglikelihood: -47705.4	(delta): 10111.4
3 (QN/Block) 	Elapsed: 0.092	Loglikelihood: -44684.6	(delta): 3020.84
4 (QN/Block) 	Elapsed: 0.088	Loglikelihood: -43040.5	(delta): 1644.01
5 (QN/Block) 	Elapsed: 0.086	Loglikelihood: -42298.1	(delta): 742.414
6 (QN/Block) 	Elapsed: 0.092	Loglikelihood: -42024.3	(delta): 273.859
7 (QN/Block) 	Elapsed: 0.086	Loglikelihood: -41896.4	(delta): 127.863
8 (QN/Block) 	Elapsed: 0.088	Loglikelihood: -41815	(delta): 81.4186
9 (QN/Block) 	Elapsed: 0.088	Loglikelihood: -41788.7	(delta): 26.3043
10 (QN/Block) 	Elapsed: 0.098	Loglikelihood: -41775.2	(delta): 13.4921
11 (QN/Block) 	Elapsed: 0.088	Loglikelihood: -41763.1	(delta): 12.0924
12 (QN/Block) 	Elapsed: 0.087	Loglikelihood: -41756.1	(delta): 7.02256
13 (QN/Block) 	Elapsed: 0.089	Loglikelihood: -41753.1	(delta): 2.95524
14 (QN/Block) 	Elapsed: 0.095	Loglikelihood: -41750.7	(delta): 2.40301
15 (QN/Block) 	Elapsed: 0.097	Loglikelihood: -41746.3	(delta): 4.42421
16 (QN/Block) 	Elapsed: 0.097	Loglikelihood: -41743.7	(delta): 2.59421
17 (QN/Block) 	Elapsed: 0.093	Loglikelihood: -41740.2	(delta): 3.52263
18 (QN/Block) 	Elapsed: 0.095	Loglikelihood: -41738.2	(delta): 1.97148
19 (QN/Block) 	Elapsed: 0.096	Loglikelihood: -41735.9	(delta): 2.31552
20 (QN/Block) 	Elapsed: 0.107	Loglikelihood: -41732	(delta): 3.89428
21 (QN/Block) 	Elapsed: 0.097	Loglikelihood: -41729.4	(delta): 2.6035
22 (QN/Block) 	Elapsed: 0.097	Loglikelihood: -41727.6	(delta): 1.76166
23 (QN/Block) 	Elapsed: 0.095	Loglikelihood: -41726.2	(delta): 1.47553
24 (QN/Block) 	Elapsed: 0.093	Loglikelihood: -41725.2	(delta): 0.909446
25 (QN/Block) 	Elapsed: 0.096	Loglikelihood: -41724.4	(delta): 0.882602
26 (QN/Block) 	Elapsed: 0.103	Loglikelihood: -41723.1	(delta): 1.25739
27 (QN/Block) 	Elapsed: 0.093	Loglikelihood: -41722.8	(delta): 0.26782
28 (QN/Block) 	Elapsed: 0.096	Loglikelihood: -41722.7	(delta): 0.143644
29 (QN/Block) 	Elapsed: 0.099	Loglikelihood: -41722.6	(delta): 0.0921206
30 (QN/Block) 	Elapsed: 0.107	Loglikelihood: -41722.6	(delta): 0.0250301
31 (QN/Block) 	Elapsed: 0.094	Loglikelihood: -41722.6	(delta): 0.0136218
32 (QN/Block) 	Elapsed: 0.091	Loglikelihood: -41722.5	(delta): 0.0116913
33 (QN/Block) 	Elapsed: 0.093	Loglikelihood: -41722.5	(delta): 0.0038589
34 (QN/Block) 	Elapsed: 0.095	Loglikelihood: -41722.5	(delta): 0.00183981
35 (QN/Block) 	Elapsed: 0.094	Loglikelihood: -41722.5	(delta): 0.00160171
36 (QN/Block) 	Elapsed: 0.1	Loglikelihood: -41722.5	(delta): 0.000616743
37 (QN/Block) 	Elapsed: 0.106	Loglikelihood: -41722.5	(delta): 0.000295215
38 (QN/Block) 	Elapsed: 0.099	Loglikelihood: -41722.5	(delta): 0.0023826
39 (QN/Block) 	Elapsed: 0.097	Loglikelihood: -41722.5	(delta): 0.000438913
40 (QN/Block) 	Elapsed: 0.116	Loglikelihood: -41722.5	(delta): 0.000340922
41 (QN/Block) 	Elapsed: 0.105	Loglikelihood: -41722.5	(delta): 0.000101837
42 (QN/Block) 	Elapsed: 0.096	Loglikelihood: -41722.5	(delta): 3.85141e-05
43 (QN/Block) 	Elapsed: 0.094	Loglikelihood: -41722.5	(delta): 1.17541e-05
44 (QN/Block) 	Elapsed: 0.095	Loglikelihood: -41722.5	(delta): 4.78866e-06
45 (QN/Block) 	Elapsed: 0.094	Loglikelihood: -41722.5	(delta): 1.53548e-06
46 (QN/Block) 	Elapsed: 0.094	Loglikelihood: -41722.5	(delta): 3.06827e-07
47 (QN/Block) 	Elapsed: 0.092	Loglikelihood: -41722.5	(delta): 2.75686e-08
48 (QN/Block) 	Elapsed: 0.09	Loglikelihood: -41722.5	(delta): 2.99042e-09
49 (QN/Block) 	Elapsed: 0.098	Loglikelihood: -41722.5	(delta): 1.30967e-09
50 (QN/Block) 	Elapsed: 0.099	Loglikelihood: -41722.5	(delta): 4.72937e-10
51 (QN/Block) 	Elapsed: 0.1	Loglikelihood: -41722.5	(delta): 5.67525e-10
52 (QN/Block) 	Elapsed: 0.097	Loglikelihood: -41722.5	(delta): 7.27596e-11
53 (QN/Block) 	Elapsed: 0.093	Loglikelihood: -41722.5	(delta): 5.52973e-10
54 (QN/Block) 	Elapsed: 0.097	Loglikelihood: -41722.5	(delta): 1.52795e-10
55 (QN/Block) 	Elapsed: 0.098	Loglikelihood: -41722.5	(delta): 2.6921e-10
56 (QN/Block) 	Elapsed: 0.094	Loglikelihood: -41722.5	(delta): 1.16415e-10
57 (QN/Block) 	Elapsed: 0.101	Loglikelihood: -41722.5	(delta): 3.12866e-10
58 (QN/Block) 	Elapsed: 0.095	Loglikelihood: -41722.5	(delta): 2.11003e-10
59 (QN/Block) 	Elapsed: 0.095	Loglikelihood: -41722.5	(delta): 2.47383e-10
60 (QN/Block) 	Elapsed: 0.104	Loglikelihood: -41722.5	(delta): 2.11003e-10
61 (QN/Block) 	Elapsed: 0.096	Loglikelihood: -41722.5	(delta): 2.11003e-10
62 (QN/Block) 	Elapsed: 0.098	Loglikelihood: -41722.5	(delta): 1.60071e-10
63 (QN/Block) 	Elapsed: 0.096	Loglikelihood: -41722.5	(delta): 3.0559e-10
64 (QN/Block) 	Elapsed: 0.093	Loglikelihood: -41722.5	(delta): 3.63798e-11
65 (QN/Block) 	Elapsed: 0.111	Loglikelihood: -41722.5	(delta): 7.27596e-12
66 (QN/Block) 	Elapsed: 0.097	Loglikelihood: -41722.5	(delta): 3.71074e-10
67 (QN/Block) 	Elapsed: 0.098	Loglikelihood: -41722.5	(delta): 1.52795e-10
68 (QN/Block) 	Elapsed: 0.096	Loglikelihood: -41722.5	(delta): 3.34694e-10
69 (QN/Block) 	Elapsed: 0.095	Loglikelihood: -41722.5	(delta): -1.09139e-10
70 (QN/Block) 	Elapsed: 0.103	Loglikelihood: -41722.5	(delta): 6.4756e-10
71 (QN/Block) 	Elapsed: 0.098	Loglikelihood: -41722.5	(delta): 2.47383e-10
72 (QN/Block) 	Elapsed: 0.097	Loglikelihood: -41722.5	(delta): 5.82077e-11
73 (QN/Block) 	Elapsed: 0.093	Loglikelihood: -41722.5	(delta): 3.0559e-10
74 (QN/Block) 	Elapsed: 0.096	Loglikelihood: -41722.5	(delta): -2.18279e-11
75 (QN/Block) 	Elapsed: 0.096	Loglikelihood: -41722.5	(delta): 5.82077e-11
76 (QN/Block) 	Elapsed: 0.095	Loglikelihood: -41722.5	(delta): 2.61934e-10
77 (QN/Block) 	Elapsed: 0.098	Loglikelihood: -41722.5	(delta): -1.09649e-08
78 (QN/Block) 	Elapsed: 0.095	Loglikelihood: -41722.5	(delta): 2.25555e-10
79 (QN/Block) 	Elapsed: 0.095	Loglikelihood: -41722.5	(delta): -2.6921e-10
80 (QN/Block) 	Elapsed: 0.1	Loglikelihood: -41722.5	(delta): 2.54659e-10
81 (QN/Block) 	Elapsed: 0.096	Loglikelihood: -41722.5	(delta): 1.74623e-10
82 (QN/Block) 	Elapsed: 0.095	Loglikelihood: -41722.5	(delta): -2.47383e-10
83 (QN/Block) 	Elapsed: 0.094	Loglikelihood: -41722.5	(delta): 2.11003e-10
84 (QN/Block) 	Elapsed: 0.094	Loglikelihood: -41722.5	(delta): 1.13141e-08
85 (QN/Block) 	Elapsed: 0.099	Loglikelihood: -41722.5	(delta): -1.15688e-09
86 (QN/Block) 	Elapsed: 0.095	Loglikelihood: -41722.5	(delta): -1.60508e-08
87 (QN/Block) 	Elapsed: 0.089	Loglikelihood: -41722.5	(delta): 9.1386e-09
88 (QN/Block) 	Elapsed: 0.095	Loglikelihood: -41722.5	(delta): 8.11269e-09
89 (QN/Block) 	Elapsed: 0.094	Loglikelihood: -41722.5	(delta): 5.82077e-11
90 (QN/Block) 	Elapsed: 0.099	Loglikelihood: -41722.5	(delta): 3.63798e-10
91 (QN/Block) 	Elapsed: 0.099	Loglikelihood: -41722.5	(delta): -1.24419e-09
92 (QN/Block) 	Elapsed: 0.091	Loglikelihood: -41722.5	(delta): 9.82254e-10
93 (QN/Block) 	Elapsed: 0.094	Loglikelihood: -41722.5	(delta): 9.16771e-10
94 (QN/Block) 	Elapsed: 0.099	Loglikelihood: -41722.5	(delta): 2.11003e-10
95 (QN/Block) 	Elapsed: 0.094	Loglikelihood: -41722.5	(delta): 1.30967e-10
96 (QN/Block) 	Elapsed: 0.089	Loglikelihood: -41722.5	(delta): -5.17321e-09
97 (QN/Block) 	Elapsed: 0.092	Loglikelihood: -41722.5	(delta): 1.9063e-09
98 (QN/Block) 	Elapsed: 0.096	Loglikelihood: -41722.5	(delta): 2.54659e-10
99 (QN/Block) 	Elapsed: 0.093	Loglikelihood: -41722.5	(delta): 5.82077e-11
100 (QN/Block) 	Elapsed: 0.095	Loglikelihood: -41722.5	(delta): -9.12405e-09
Summary: 
Converged in 100 iterations (10.152 sec)
Loglikelihood: -41722.537057
Fst divergences between estimated populations: 
	Pop0	Pop1	Pop2	Pop3	Pop4	Pop5	Pop6	Pop7	Pop8	
Pop0	
Pop1	0.888	
Pop2	0.453	0.897	
Pop3	0.822	0.840	0.839	
Pop4	0.854	0.862	0.871	0.391	
Pop5	0.814	0.835	0.831	0.133	0.393	
Pop6	0.890	0.308	0.898	0.851	0.872	0.847	
Pop7	0.851	0.422	0.860	0.819	0.838	0.816	0.424	
Pop8	0.818	0.836	0.834	0.111	0.395	0.102	0.849	0.816	
Pop9	0.438	0.887	0.558	0.822	0.854	0.815	0.890	0.851	0.818	
CV error (K=10): 0.07981
Writing output files.
