****                   ADMIXTURE Version 1.3.0                  ****
****                    Copyright 2008-2015                     ****
****           David Alexander, Suyash Shringarpure,            ****
****                John  Novembre, Ken Lange                   ****
****                                                            ****
****                 Please cite our paper!                     ****
****   Information at www.genetics.ucla.edu/software/admixture  ****

Parallel execution requested.  Will use 8 threads.
Cross-validation will be performed.  Folds=10.
Random seed: 43
Point estimation method: Block relaxation algorithm
Convergence acceleration algorithm: QuasiNewton, 3 secant conditions
Point estimation will terminate at 100 iterations
Estimation of standard errors disabled; will compute point estimates only.
Size of G: 557x751
Performing five EM steps to prime main algorithm
1 (EM) 	Elapsed: 0.004	Loglikelihood: -226961	(delta): 505203
2 (EM) 	Elapsed: 0.004	Loglikelihood: -226961	(delta): -2.91038e-11
3 (EM) 	Elapsed: 0.004	Loglikelihood: -226961	(delta): 2.91038e-11
4 (EM) 	Elapsed: 0.005	Loglikelihood: -226961	(delta): 0
5 (EM) 	Elapsed: 0.005	Loglikelihood: -226961	(delta): 0
Initial loglikelihood: -226961
Starting main algorithm
1 (QN/Block) 	Elapsed: 0.02	Loglikelihood: -226961	(delta): -5.82077e-11
2 (QN/Block) 	Elapsed: 0.019	Loglikelihood: -226961	(delta): 5.82077e-11
3 (QN/Block) 	Elapsed: 0.024	Loglikelihood: -226961	(delta): 0
4 (QN/Block) 	Elapsed: 0.019	Loglikelihood: -226961	(delta): -2.91038e-11
5 (QN/Block) 	Elapsed: 0.024	Loglikelihood: -226961	(delta): 0
6 (QN/Block) 	Elapsed: 0.022	Loglikelihood: -226961	(delta): 2.91038e-11
7 (QN/Block) 	Elapsed: 0.021	Loglikelihood: -226961	(delta): 0
8 (QN/Block) 	Elapsed: 0.024	Loglikelihood: -226961	(delta): 0
9 (QN/Block) 	Elapsed: 0.028	Loglikelihood: -226961	(delta): -2.91038e-11
10 (QN/Block) 	Elapsed: 0.027	Loglikelihood: -226961	(delta): 0
11 (QN/Block) 	Elapsed: 0.021	Loglikelihood: -226961	(delta): 2.91038e-11
12 (QN/Block) 	Elapsed: 0.02	Loglikelihood: -226961	(delta): 0
13 (QN/Block) 	Elapsed: 0.023	Loglikelihood: -226961	(delta): 0
14 (QN/Block) 	Elapsed: 0.025	Loglikelihood: -226961	(delta): 0
15 (QN/Block) 	Elapsed: 0.023	Loglikelihood: -226961	(delta): -2.91038e-11
16 (QN/Block) 	Elapsed: 0.023	Loglikelihood: -226961	(delta): 2.91038e-11
17 (QN/Block) 	Elapsed: 0.023	Loglikelihood: -226961	(delta): 0
18 (QN/Block) 	Elapsed: 0.024	Loglikelihood: -226961	(delta): 0
19 (QN/Block) 	Elapsed: 0.02	Loglikelihood: -226961	(delta): -2.91038e-11
20 (QN/Block) 	Elapsed: 0.02	Loglikelihood: -226961	(delta): 2.91038e-11
21 (QN/Block) 	Elapsed: 0.02	Loglikelihood: -226961	(delta): 0
22 (QN/Block) 	Elapsed: 0.021	Loglikelihood: -226961	(delta): -2.91038e-11
23 (QN/Block) 	Elapsed: 0.022	Loglikelihood: -226961	(delta): 2.91038e-11
24 (QN/Block) 	Elapsed: 0.024	Loglikelihood: -226961	(delta): 0
25 (QN/Block) 	Elapsed: 0.021	Loglikelihood: -226961	(delta): 0
26 (QN/Block) 	Elapsed: 0.022	Loglikelihood: -226961	(delta): -2.91038e-11
27 (QN/Block) 	Elapsed: 0.022	Loglikelihood: -226961	(delta): 0
28 (QN/Block) 	Elapsed: 0.023	Loglikelihood: -226961	(delta): 2.91038e-11
29 (QN/Block) 	Elapsed: 0.023	Loglikelihood: -226961	(delta): 0
30 (QN/Block) 	Elapsed: 0.021	Loglikelihood: -226961	(delta): 0
31 (QN/Block) 	Elapsed: 0.025	Loglikelihood: -226961	(delta): 0
32 (QN/Block) 	Elapsed: 0.024	Loglikelihood: -226961	(delta): -2.91038e-11
33 (QN/Block) 	Elapsed: 0.021	Loglikelihood: -226961	(delta): 2.91038e-11
34 (QN/Block) 	Elapsed: 0.019	Loglikelihood: -226961	(delta): -2.91038e-11
35 (QN/Block) 	Elapsed: 0.021	Loglikelihood: -226961	(delta): 2.91038e-11
36 (QN/Block) 	Elapsed: 0.021	Loglikelihood: -226961	(delta): 0
37 (QN/Block) 	Elapsed: 0.023	Loglikelihood: -226961	(delta): 0
38 (QN/Block) 	Elapsed: 0.024	Loglikelihood: -226961	(delta): -2.91038e-11
39 (QN/Block) 	Elapsed: 0.024	Loglikelihood: -226961	(delta): 2.91038e-11
40 (QN/Block) 	Elapsed: 0.02	Loglikelihood: -226961	(delta): -2.91038e-11
41 (QN/Block) 	Elapsed: 0.02	Loglikelihood: -226961	(delta): 2.91038e-11
42 (QN/Block) 	Elapsed: 0.022	Loglikelihood: -226961	(delta): 0
43 (QN/Block) 	Elapsed: 0.025	Loglikelihood: -226961	(delta): -2.91038e-11
44 (QN/Block) 	Elapsed: 0.026	Loglikelihood: -226961	(delta): 2.91038e-11
45 (QN/Block) 	Elapsed: 0.021	Loglikelihood: -226961	(delta): -2.91038e-11
46 (QN/Block) 	Elapsed: 0.021	Loglikelihood: -226961	(delta): 2.91038e-11
47 (QN/Block) 	Elapsed: 0.023	Loglikelihood: -226961	(delta): -2.91038e-11
48 (QN/Block) 	Elapsed: 0.022	Loglikelihood: -226961	(delta): 0
49 (QN/Block) 	Elapsed: 0.022	Loglikelihood: -226961	(delta): 2.91038e-11
50 (QN/Block) 	Elapsed: 0.021	Loglikelihood: -226961	(delta): 0
51 (QN/Block) 	Elapsed: 0.024	Loglikelihood: -226961	(delta): 0
52 (QN/Block) 	Elapsed: 0.022	Loglikelihood: -226961	(delta): -2.91038e-11
53 (QN/Block) 	Elapsed: 0.023	Loglikelihood: -226961	(delta): 0
54 (QN/Block) 	Elapsed: 0.023	Loglikelihood: -226961	(delta): 2.91038e-11
55 (QN/Block) 	Elapsed: 0.02	Loglikelihood: -226961	(delta): 0
56 (QN/Block) 	Elapsed: 0.021	Loglikelihood: -226961	(delta): 0
57 (QN/Block) 	Elapsed: 0.025	Loglikelihood: -226961	(delta): -2.91038e-11
58 (QN/Block) 	Elapsed: 0.021	Loglikelihood: -226961	(delta): 2.91038e-11
59 (QN/Block) 	Elapsed: 0.022	Loglikelihood: -226961	(delta): -2.91038e-11
60 (QN/Block) 	Elapsed: 0.019	Loglikelihood: -226961	(delta): 0
61 (QN/Block) 	Elapsed: 0.024	Loglikelihood: -226961	(delta): 0
62 (QN/Block) 	Elapsed: 0.022	Loglikelihood: -226961	(delta): 2.91038e-11
63 (QN/Block) 	Elapsed: 0.02	Loglikelihood: -226961	(delta): 0
64 (QN/Block) 	Elapsed: 0.02	Loglikelihood: -226961	(delta): -2.91038e-11
65 (QN/Block) 	Elapsed: 0.022	Loglikelihood: -226961	(delta): 2.91038e-11
66 (QN/Block) 	Elapsed: 0.022	Loglikelihood: -226961	(delta): 0
67 (QN/Block) 	Elapsed: 0.022	Loglikelihood: -226961	(delta): -2.91038e-11
68 (QN/Block) 	Elapsed: 0.02	Loglikelihood: -226961	(delta): 2.91038e-11
69 (QN/Block) 	Elapsed: 0.021	Loglikelihood: -226961	(delta): 0
70 (QN/Block) 	Elapsed: 0.023	Loglikelihood: -226961	(delta): 0
71 (QN/Block) 	Elapsed: 0.03	Loglikelihood: -226961	(delta): 0
72 (QN/Block) 	Elapsed: 0.031	Loglikelihood: -226961	(delta): 0
73 (QN/Block) 	Elapsed: 0.027	Loglikelihood: -226961	(delta): 0
74 (QN/Block) 	Elapsed: 0.024	Loglikelihood: -226961	(delta): 0
75 (QN/Block) 	Elapsed: 0.024	Loglikelihood: -226961	(delta): -5.82077e-11
76 (QN/Block) 	Elapsed: 0.021	Loglikelihood: -226961	(delta): 5.82077e-11
77 (QN/Block) 	Elapsed: 0.019	Loglikelihood: -226961	(delta): 0
78 (QN/Block) 	Elapsed: 0.019	Loglikelihood: -226961	(delta): -2.91038e-11
79 (QN/Block) 	Elapsed: 0.021	Loglikelihood: -226961	(delta): 0
80 (QN/Block) 	Elapsed: 0.022	Loglikelihood: -226961	(delta): 2.91038e-11
81 (QN/Block) 	Elapsed: 0.019	Loglikelihood: -226961	(delta): 0
82 (QN/Block) 	Elapsed: 0.024	Loglikelihood: -226961	(delta): 0
83 (QN/Block) 	Elapsed: 0.022	Loglikelihood: -226961	(delta): -2.91038e-11
84 (QN/Block) 	Elapsed: 0.023	Loglikelihood: -226961	(delta): 2.91038e-11
85 (QN/Block) 	Elapsed: 0.025	Loglikelihood: -226961	(delta): 0
86 (QN/Block) 	Elapsed: 0.019	Loglikelihood: -226961	(delta): -2.91038e-11
87 (QN/Block) 	Elapsed: 0.026	Loglikelihood: -226961	(delta): 2.91038e-11
88 (QN/Block) 	Elapsed: 0.023	Loglikelihood: -226961	(delta): 0
89 (QN/Block) 	Elapsed: 0.022	Loglikelihood: -226961	(delta): 0
90 (QN/Block) 	Elapsed: 0.024	Loglikelihood: -226961	(delta): 0
91 (QN/Block) 	Elapsed: 0.024	Loglikelihood: -226961	(delta): 0
92 (QN/Block) 	Elapsed: 0.023	Loglikelihood: -226961	(delta): 0
93 (QN/Block) 	Elapsed: 0.023	Loglikelihood: -226961	(delta): 0
94 (QN/Block) 	Elapsed: 0.02	Loglikelihood: -226961	(delta): -2.91038e-11
95 (QN/Block) 	Elapsed: 0.02	Loglikelihood: -226961	(delta): 2.91038e-11
96 (QN/Block) 	Elapsed: 0.02	Loglikelihood: -226961	(delta): 0
97 (QN/Block) 	Elapsed: 0.022	Loglikelihood: -226961	(delta): 0
98 (QN/Block) 	Elapsed: 0.021	Loglikelihood: -226961	(delta): -2.91038e-11
99 (QN/Block) 	Elapsed: 0.018	Loglikelihood: -226961	(delta): -2.91038e-11
100 (QN/Block) 	Elapsed: 0.023	Loglikelihood: -226961	(delta): 2.91038e-11
Summary: 
Converged in 100 iterations (2.378 sec)
Loglikelihood: -226960.869696
CV error (K=1): 0.56102
Writing output files.
