****                   ADMIXTURE Version 1.3.0                  ****
****                    Copyright 2008-2015                     ****
****           David Alexander, Suyash Shringarpure,            ****
****                John  Novembre, Ken Lange                   ****
****                                                            ****
****                 Please cite our paper!                     ****
****   Information at www.genetics.ucla.edu/software/admixture  ****

Parallel execution requested.  Will use 8 threads.
Cross-validation will be performed.  Folds=10.
Random seed: 43
Point estimation method: Block relaxation algorithm
Convergence acceleration algorithm: QuasiNewton, 3 secant conditions
Point estimation will terminate at 100 iterations
Estimation of standard errors disabled; will compute point estimates only.
Size of G: 121x1282
Performing five EM steps to prime main algorithm
1 (EM) 	Elapsed: 0.018	Loglikelihood: -107519	(delta): 105671
2 (EM) 	Elapsed: 0.019	Loglikelihood: -102441	(delta): 5078.05
3 (EM) 	Elapsed: 0.019	Loglikelihood: -100985	(delta): 1455.53
4 (EM) 	Elapsed: 0.017	Loglikelihood: -99828.2	(delta): 1157.11
5 (EM) 	Elapsed: 0.017	Loglikelihood: -98637	(delta): 1191.14
Initial loglikelihood: -98637
Starting main algorithm
1 (QN/Block) 	Elapsed: 0.026	Loglikelihood: -66545.8	(delta): 32091.2
2 (QN/Block) 	Elapsed: 0.026	Loglikelihood: -61856	(delta): 4689.82
3 (QN/Block) 	Elapsed: 0.03	Loglikelihood: -59630	(delta): 2225.99
4 (QN/Block) 	Elapsed: 0.028	Loglikelihood: -58035.8	(delta): 1594.23
5 (QN/Block) 	Elapsed: 0.03	Loglikelihood: -57317.6	(delta): 718.212
6 (QN/Block) 	Elapsed: 0.029	Loglikelihood: -57042.9	(delta): 274.738
7 (QN/Block) 	Elapsed: 0.033	Loglikelihood: -56934	(delta): 108.891
8 (QN/Block) 	Elapsed: 0.032	Loglikelihood: -56848.3	(delta): 85.6734
9 (QN/Block) 	Elapsed: 0.031	Loglikelihood: -56739.6	(delta): 108.669
10 (QN/Block) 	Elapsed: 0.031	Loglikelihood: -56560.2	(delta): 179.414
11 (QN/Block) 	Elapsed: 0.03	Loglikelihood: -56412.8	(delta): 147.393
12 (QN/Block) 	Elapsed: 0.031	Loglikelihood: -56362.2	(delta): 50.5799
13 (QN/Block) 	Elapsed: 0.031	Loglikelihood: -56335.7	(delta): 26.5327
14 (QN/Block) 	Elapsed: 0.032	Loglikelihood: -56321	(delta): 14.7299
15 (QN/Block) 	Elapsed: 0.033	Loglikelihood: -56315.9	(delta): 5.09703
16 (QN/Block) 	Elapsed: 0.036	Loglikelihood: -56314.8	(delta): 1.05778
17 (QN/Block) 	Elapsed: 0.032	Loglikelihood: -56314.6	(delta): 0.253869
18 (QN/Block) 	Elapsed: 0.032	Loglikelihood: -56314.5	(delta): 0.0501713
19 (QN/Block) 	Elapsed: 0.029	Loglikelihood: -56314.5	(delta): 0.0467941
20 (QN/Block) 	Elapsed: 0.03	Loglikelihood: -56314.4	(delta): 0.0551339
21 (QN/Block) 	Elapsed: 0.029	Loglikelihood: -56314.2	(delta): 0.17306
22 (QN/Block) 	Elapsed: 0.034	Loglikelihood: -56314.1	(delta): 0.135124
23 (QN/Block) 	Elapsed: 0.032	Loglikelihood: -56314	(delta): 0.118921
24 (QN/Block) 	Elapsed: 0.032	Loglikelihood: -56313.9	(delta): 0.0310168
25 (QN/Block) 	Elapsed: 0.033	Loglikelihood: -56313.9	(delta): 0.0156289
26 (QN/Block) 	Elapsed: 0.031	Loglikelihood: -56313.9	(delta): 0.0108435
27 (QN/Block) 	Elapsed: 0.03	Loglikelihood: -56313.9	(delta): 0.00220963
28 (QN/Block) 	Elapsed: 0.027	Loglikelihood: -56313.9	(delta): 0.00163838
29 (QN/Block) 	Elapsed: 0.028	Loglikelihood: -56313.9	(delta): 0.000732787
30 (QN/Block) 	Elapsed: 0.032	Loglikelihood: -56313.9	(delta): 9.5848e-05
31 (QN/Block) 	Elapsed: 0.035	Loglikelihood: -56313.9	(delta): 3.91859e-05
32 (QN/Block) 	Elapsed: 0.032	Loglikelihood: -56313.9	(delta): 1.65237e-05
33 (QN/Block) 	Elapsed: 0.032	Loglikelihood: -56313.9	(delta): 3.23248e-06
34 (QN/Block) 	Elapsed: 0.029	Loglikelihood: -56313.9	(delta): 7.68705e-08
35 (QN/Block) 	Elapsed: 0.032	Loglikelihood: -56313.9	(delta): 6.2937e-09
36 (QN/Block) 	Elapsed: 0.031	Loglikelihood: -56313.9	(delta): 3.85626e-10
37 (QN/Block) 	Elapsed: 0.033	Loglikelihood: -56313.9	(delta): 5.82077e-11
38 (QN/Block) 	Elapsed: 0.034	Loglikelihood: -56313.9	(delta): 2.18279e-11
39 (QN/Block) 	Elapsed: 0.038	Loglikelihood: -56313.9	(delta): 0
40 (QN/Block) 	Elapsed: 0.035	Loglikelihood: -56313.9	(delta): 1.45519e-11
41 (QN/Block) 	Elapsed: 0.035	Loglikelihood: -56313.9	(delta): 7.27596e-12
42 (QN/Block) 	Elapsed: 0.031	Loglikelihood: -56313.9	(delta): -7.27596e-12
43 (QN/Block) 	Elapsed: 0.034	Loglikelihood: -56313.9	(delta): 0
44 (QN/Block) 	Elapsed: 0.031	Loglikelihood: -56313.9	(delta): 0
45 (QN/Block) 	Elapsed: 0.035	Loglikelihood: -56313.9	(delta): 7.27596e-12
46 (QN/Block) 	Elapsed: 0.029	Loglikelihood: -56313.9	(delta): -7.27596e-12
47 (QN/Block) 	Elapsed: 0.034	Loglikelihood: -56313.9	(delta): 7.27596e-12
48 (QN/Block) 	Elapsed: 0.031	Loglikelihood: -56313.9	(delta): -7.27596e-12
49 (QN/Block) 	Elapsed: 0.032	Loglikelihood: -56313.9	(delta): 7.27596e-12
50 (QN/Block) 	Elapsed: 0.033	Loglikelihood: -56313.9	(delta): 0
51 (QN/Block) 	Elapsed: 0.031	Loglikelihood: -56313.9	(delta): 7.27596e-12
52 (QN/Block) 	Elapsed: 0.033	Loglikelihood: -56313.9	(delta): 7.27596e-12
53 (QN/Block) 	Elapsed: 0.035	Loglikelihood: -56313.9	(delta): -7.27596e-12
54 (QN/Block) 	Elapsed: 0.036	Loglikelihood: -56313.9	(delta): 0
55 (QN/Block) 	Elapsed: 0.035	Loglikelihood: -56313.9	(delta): 1.45519e-11
56 (QN/Block) 	Elapsed: 0.034	Loglikelihood: -56313.9	(delta): -7.27596e-12
57 (QN/Block) 	Elapsed: 0.035	Loglikelihood: -56313.9	(delta): 7.27596e-12
58 (QN/Block) 	Elapsed: 0.035	Loglikelihood: -56313.9	(delta): -7.27596e-12
59 (QN/Block) 	Elapsed: 0.034	Loglikelihood: -56313.9	(delta): 7.27596e-12
60 (QN/Block) 	Elapsed: 0.035	Loglikelihood: -56313.9	(delta): -1.45519e-11
61 (QN/Block) 	Elapsed: 0.034	Loglikelihood: -56313.9	(delta): 1.45519e-11
62 (QN/Block) 	Elapsed: 0.033	Loglikelihood: -56313.9	(delta): 0
63 (QN/Block) 	Elapsed: 0.034	Loglikelihood: -56313.9	(delta): 7.27596e-12
64 (QN/Block) 	Elapsed: 0.033	Loglikelihood: -56313.9	(delta): 0
65 (QN/Block) 	Elapsed: 0.029	Loglikelihood: -56313.9	(delta): -7.27596e-12
66 (QN/Block) 	Elapsed: 0.032	Loglikelihood: -56313.9	(delta): 0
67 (QN/Block) 	Elapsed: 0.033	Loglikelihood: -56313.9	(delta): 0
68 (QN/Block) 	Elapsed: 0.032	Loglikelihood: -56313.9	(delta): 0
69 (QN/Block) 	Elapsed: 0.032	Loglikelihood: -56313.9	(delta): 0
70 (QN/Block) 	Elapsed: 0.032	Loglikelihood: -56313.9	(delta): 0
71 (QN/Block) 	Elapsed: 0.03	Loglikelihood: -56313.9	(delta): 0
72 (QN/Block) 	Elapsed: 0.032	Loglikelihood: -56313.9	(delta): 7.27596e-12
73 (QN/Block) 	Elapsed: 0.03	Loglikelihood: -56313.9	(delta): 7.27596e-12
74 (QN/Block) 	Elapsed: 0.033	Loglikelihood: -56313.9	(delta): 0
75 (QN/Block) 	Elapsed: 0.032	Loglikelihood: -56313.9	(delta): -2.18279e-11
76 (QN/Block) 	Elapsed: 0.032	Loglikelihood: -56313.9	(delta): 1.45519e-11
77 (QN/Block) 	Elapsed: 0.031	Loglikelihood: -56313.9	(delta): 0
78 (QN/Block) 	Elapsed: 0.034	Loglikelihood: -56313.9	(delta): 0
79 (QN/Block) 	Elapsed: 0.032	Loglikelihood: -56313.9	(delta): 7.27596e-12
80 (QN/Block) 	Elapsed: 0.031	Loglikelihood: -56313.9	(delta): 0
81 (QN/Block) 	Elapsed: 0.031	Loglikelihood: -56313.9	(delta): -7.27596e-12
82 (QN/Block) 	Elapsed: 0.032	Loglikelihood: -56313.9	(delta): 0
83 (QN/Block) 	Elapsed: 0.03	Loglikelihood: -56313.9	(delta): 7.27596e-12
84 (QN/Block) 	Elapsed: 0.032	Loglikelihood: -56313.9	(delta): 0
85 (QN/Block) 	Elapsed: 0.032	Loglikelihood: -56313.9	(delta): -7.27596e-12
86 (QN/Block) 	Elapsed: 0.032	Loglikelihood: -56313.9	(delta): -7.27596e-12
87 (QN/Block) 	Elapsed: 0.031	Loglikelihood: -56313.9	(delta): 7.27596e-12
88 (QN/Block) 	Elapsed: 0.033	Loglikelihood: -56313.9	(delta): 7.27596e-12
89 (QN/Block) 	Elapsed: 0.033	Loglikelihood: -56313.9	(delta): 0
90 (QN/Block) 	Elapsed: 0.034	Loglikelihood: -56313.9	(delta): -7.27596e-12
91 (QN/Block) 	Elapsed: 0.033	Loglikelihood: -56313.9	(delta): 7.27596e-12
92 (QN/Block) 	Elapsed: 0.033	Loglikelihood: -56313.9	(delta): -7.27596e-12
93 (QN/Block) 	Elapsed: 0.033	Loglikelihood: -56313.9	(delta): 7.27596e-12
94 (QN/Block) 	Elapsed: 0.033	Loglikelihood: -56313.9	(delta): -7.27596e-12
95 (QN/Block) 	Elapsed: 0.032	Loglikelihood: -56313.9	(delta): 1.45519e-11
96 (QN/Block) 	Elapsed: 0.032	Loglikelihood: -56313.9	(delta): 7.27596e-12
97 (QN/Block) 	Elapsed: 0.031	Loglikelihood: -56313.9	(delta): -2.18279e-11
98 (QN/Block) 	Elapsed: 0.03	Loglikelihood: -56313.9	(delta): 0
99 (QN/Block) 	Elapsed: 0.032	Loglikelihood: -56313.9	(delta): -7.27596e-12
100 (QN/Block) 	Elapsed: 0.032	Loglikelihood: -56313.9	(delta): 1.45519e-11
Summary: 
Converged in 100 iterations (3.421 sec)
Loglikelihood: -56313.917972
Fst divergences between estimated populations: 
	Pop0	Pop1	Pop2	Pop3	Pop4	Pop5	Pop6	
Pop0	
Pop1	0.498	
Pop2	0.492	0.586	
Pop3	0.509	0.303	0.588	
Pop4	0.478	0.217	0.567	0.318	
Pop5	0.523	0.620	0.138	0.619	0.603	
Pop6	0.461	0.224	0.547	0.301	0.223	0.581	
Pop7	0.236	0.431	0.451	0.447	0.409	0.486	0.397	
CV error (K=8): 0.45844
Writing output files.
