****                   ADMIXTURE Version 1.3.0                  ****
****                    Copyright 2008-2015                     ****
****           David Alexander, Suyash Shringarpure,            ****
****                John  Novembre, Ken Lange                   ****
****                                                            ****
****                 Please cite our paper!                     ****
****   Information at www.genetics.ucla.edu/software/admixture  ****

Parallel execution requested.  Will use 8 threads.
Cross-validation will be performed.  Folds=10.
Random seed: 43
Point estimation method: Block relaxation algorithm
Convergence acceleration algorithm: QuasiNewton, 3 secant conditions
Point estimation will terminate at 100 iterations
Estimation of standard errors disabled; will compute point estimates only.
Size of G: 121x1282
Performing five EM steps to prime main algorithm
1 (EM) 	Elapsed: 0.004	Loglikelihood: -105346	(delta): 149142
2 (EM) 	Elapsed: 0.003	Loglikelihood: -100890	(delta): 4455.25
3 (EM) 	Elapsed: 0.004	Loglikelihood: -98945	(delta): 1945.44
4 (EM) 	Elapsed: 0.004	Loglikelihood: -97223.3	(delta): 1721.76
5 (EM) 	Elapsed: 0.004	Loglikelihood: -95391.3	(delta): 1831.94
Initial loglikelihood: -95391.3
Starting main algorithm
1 (QN/Block) 	Elapsed: 0.014	Loglikelihood: -76833.2	(delta): 18558.1
2 (QN/Block) 	Elapsed: 0.013	Loglikelihood: -75269.7	(delta): 1563.55
3 (QN/Block) 	Elapsed: 0.015	Loglikelihood: -74518.2	(delta): 751.465
4 (QN/Block) 	Elapsed: 0.012	Loglikelihood: -74117.9	(delta): 400.356
5 (QN/Block) 	Elapsed: 0.013	Loglikelihood: -73940	(delta): 177.825
6 (QN/Block) 	Elapsed: 0.015	Loglikelihood: -73922.7	(delta): 17.3093
7 (QN/Block) 	Elapsed: 0.016	Loglikelihood: -73922.4	(delta): 0.377419
8 (QN/Block) 	Elapsed: 0.015	Loglikelihood: -73922.4	(delta): 0.00762589
9 (QN/Block) 	Elapsed: 0.016	Loglikelihood: -73922.4	(delta): 1.76369e-06
10 (QN/Block) 	Elapsed: 0.015	Loglikelihood: -73922.4	(delta): 7.42439e-08
11 (QN/Block) 	Elapsed: 0.017	Loglikelihood: -73922.4	(delta): 1.45519e-11
12 (QN/Block) 	Elapsed: 0.018	Loglikelihood: -73922.4	(delta): -1.45519e-11
13 (QN/Block) 	Elapsed: 0.015	Loglikelihood: -73922.4	(delta): 1.45519e-11
14 (QN/Block) 	Elapsed: 0.017	Loglikelihood: -73922.4	(delta): 0
15 (QN/Block) 	Elapsed: 0.016	Loglikelihood: -73922.4	(delta): 0
16 (QN/Block) 	Elapsed: 0.017	Loglikelihood: -73922.4	(delta): 0
17 (QN/Block) 	Elapsed: 0.017	Loglikelihood: -73922.4	(delta): 0
18 (QN/Block) 	Elapsed: 0.017	Loglikelihood: -73922.4	(delta): 0
19 (QN/Block) 	Elapsed: 0.016	Loglikelihood: -73922.4	(delta): 0
20 (QN/Block) 	Elapsed: 0.015	Loglikelihood: -73922.4	(delta): 0
21 (QN/Block) 	Elapsed: 0.017	Loglikelihood: -73922.4	(delta): 0
22 (QN/Block) 	Elapsed: 0.017	Loglikelihood: -73922.4	(delta): 0
23 (QN/Block) 	Elapsed: 0.016	Loglikelihood: -73922.4	(delta): 0
24 (QN/Block) 	Elapsed: 0.013	Loglikelihood: -73922.4	(delta): 0
25 (QN/Block) 	Elapsed: 0.014	Loglikelihood: -73922.4	(delta): 0
26 (QN/Block) 	Elapsed: 0.016	Loglikelihood: -73922.4	(delta): 0
27 (QN/Block) 	Elapsed: 0.015	Loglikelihood: -73922.4	(delta): 0
28 (QN/Block) 	Elapsed: 0.013	Loglikelihood: -73922.4	(delta): 0
29 (QN/Block) 	Elapsed: 0.016	Loglikelihood: -73922.4	(delta): -1.45519e-11
30 (QN/Block) 	Elapsed: 0.018	Loglikelihood: -73922.4	(delta): 2.91038e-11
31 (QN/Block) 	Elapsed: 0.019	Loglikelihood: -73922.4	(delta): -1.45519e-11
32 (QN/Block) 	Elapsed: 0.014	Loglikelihood: -73922.4	(delta): 0
33 (QN/Block) 	Elapsed: 0.017	Loglikelihood: -73922.4	(delta): 1.45519e-11
34 (QN/Block) 	Elapsed: 0.014	Loglikelihood: -73922.4	(delta): -1.45519e-11
35 (QN/Block) 	Elapsed: 0.017	Loglikelihood: -73922.4	(delta): 0
36 (QN/Block) 	Elapsed: 0.015	Loglikelihood: -73922.4	(delta): 0
37 (QN/Block) 	Elapsed: 0.016	Loglikelihood: -73922.4	(delta): 0
38 (QN/Block) 	Elapsed: 0.018	Loglikelihood: -73922.4	(delta): -1.45519e-11
39 (QN/Block) 	Elapsed: 0.016	Loglikelihood: -73922.4	(delta): 1.45519e-11
40 (QN/Block) 	Elapsed: 0.014	Loglikelihood: -73922.4	(delta): -1.45519e-11
41 (QN/Block) 	Elapsed: 0.014	Loglikelihood: -73922.4	(delta): 2.91038e-11
42 (QN/Block) 	Elapsed: 0.014	Loglikelihood: -73922.4	(delta): -2.91038e-11
43 (QN/Block) 	Elapsed: 0.015	Loglikelihood: -73922.4	(delta): 1.45519e-11
44 (QN/Block) 	Elapsed: 0.014	Loglikelihood: -73922.4	(delta): 0
45 (QN/Block) 	Elapsed: 0.012	Loglikelihood: -73922.4	(delta): -1.45519e-11
46 (QN/Block) 	Elapsed: 0.015	Loglikelihood: -73922.4	(delta): 1.45519e-11
47 (QN/Block) 	Elapsed: 0.015	Loglikelihood: -73922.4	(delta): 0
48 (QN/Block) 	Elapsed: 0.014	Loglikelihood: -73922.4	(delta): 0
49 (QN/Block) 	Elapsed: 0.016	Loglikelihood: -73922.4	(delta): 0
50 (QN/Block) 	Elapsed: 0.015	Loglikelihood: -73922.4	(delta): 0
51 (QN/Block) 	Elapsed: 0.018	Loglikelihood: -73922.4	(delta): -1.45519e-11
52 (QN/Block) 	Elapsed: 0.019	Loglikelihood: -73922.4	(delta): 1.45519e-11
53 (QN/Block) 	Elapsed: 0.016	Loglikelihood: -73922.4	(delta): 0
54 (QN/Block) 	Elapsed: 0.017	Loglikelihood: -73922.4	(delta): 0
55 (QN/Block) 	Elapsed: 0.014	Loglikelihood: -73922.4	(delta): 0
56 (QN/Block) 	Elapsed: 0.014	Loglikelihood: -73922.4	(delta): -1.45519e-11
57 (QN/Block) 	Elapsed: 0.016	Loglikelihood: -73922.4	(delta): 1.45519e-11
58 (QN/Block) 	Elapsed: 0.017	Loglikelihood: -73922.4	(delta): 0
59 (QN/Block) 	Elapsed: 0.016	Loglikelihood: -73922.4	(delta): 0
60 (QN/Block) 	Elapsed: 0.014	Loglikelihood: -73922.4	(delta): 0
61 (QN/Block) 	Elapsed: 0.016	Loglikelihood: -73922.4	(delta): 0
62 (QN/Block) 	Elapsed: 0.016	Loglikelihood: -73922.4	(delta): 0
63 (QN/Block) 	Elapsed: 0.016	Loglikelihood: -73922.4	(delta): -1.45519e-11
64 (QN/Block) 	Elapsed: 0.014	Loglikelihood: -73922.4	(delta): 1.45519e-11
65 (QN/Block) 	Elapsed: 0.016	Loglikelihood: -73922.4	(delta): 0
66 (QN/Block) 	Elapsed: 0.017	Loglikelihood: -73922.4	(delta): 0
67 (QN/Block) 	Elapsed: 0.016	Loglikelihood: -73922.4	(delta): 0
68 (QN/Block) 	Elapsed: 0.017	Loglikelihood: -73922.4	(delta): -1.45519e-11
69 (QN/Block) 	Elapsed: 0.016	Loglikelihood: -73922.4	(delta): 1.45519e-11
70 (QN/Block) 	Elapsed: 0.016	Loglikelihood: -73922.4	(delta): 0
71 (QN/Block) 	Elapsed: 0.016	Loglikelihood: -73922.4	(delta): 0
72 (QN/Block) 	Elapsed: 0.016	Loglikelihood: -73922.4	(delta): 0
73 (QN/Block) 	Elapsed: 0.018	Loglikelihood: -73922.4	(delta): -1.45519e-11
74 (QN/Block) 	Elapsed: 0.014	Loglikelihood: -73922.4	(delta): 1.45519e-11
75 (QN/Block) 	Elapsed: 0.014	Loglikelihood: -73922.4	(delta): 0
76 (QN/Block) 	Elapsed: 0.014	Loglikelihood: -73922.4	(delta): 1.45519e-11
77 (QN/Block) 	Elapsed: 0.017	Loglikelihood: -73922.4	(delta): -1.45519e-11
78 (QN/Block) 	Elapsed: 0.016	Loglikelihood: -73922.4	(delta): 0
79 (QN/Block) 	Elapsed: 0.016	Loglikelihood: -73922.4	(delta): 0
80 (QN/Block) 	Elapsed: 0.016	Loglikelihood: -73922.4	(delta): 0
81 (QN/Block) 	Elapsed: 0.017	Loglikelihood: -73922.4	(delta): 0
82 (QN/Block) 	Elapsed: 0.015	Loglikelihood: -73922.4	(delta): 0
83 (QN/Block) 	Elapsed: 0.015	Loglikelihood: -73922.4	(delta): 1.45519e-11
84 (QN/Block) 	Elapsed: 0.015	Loglikelihood: -73922.4	(delta): -1.45519e-11
85 (QN/Block) 	Elapsed: 0.016	Loglikelihood: -73922.4	(delta): 0
86 (QN/Block) 	Elapsed: 0.015	Loglikelihood: -73922.4	(delta): 0
87 (QN/Block) 	Elapsed: 0.015	Loglikelihood: -73922.4	(delta): 1.45519e-11
88 (QN/Block) 	Elapsed: 0.014	Loglikelihood: -73922.4	(delta): -1.45519e-11
89 (QN/Block) 	Elapsed: 0.015	Loglikelihood: -73922.4	(delta): 0
90 (QN/Block) 	Elapsed: 0.015	Loglikelihood: -73922.4	(delta): 0
91 (QN/Block) 	Elapsed: 0.017	Loglikelihood: -73922.4	(delta): 0
92 (QN/Block) 	Elapsed: 0.016	Loglikelihood: -73922.4	(delta): 0
93 (QN/Block) 	Elapsed: 0.015	Loglikelihood: -73922.4	(delta): 0
94 (QN/Block) 	Elapsed: 0.016	Loglikelihood: -73922.4	(delta): 0
95 (QN/Block) 	Elapsed: 0.015	Loglikelihood: -73922.4	(delta): 0
96 (QN/Block) 	Elapsed: 0.016	Loglikelihood: -73922.4	(delta): -1.45519e-11
97 (QN/Block) 	Elapsed: 0.016	Loglikelihood: -73922.4	(delta): 1.45519e-11
98 (QN/Block) 	Elapsed: 0.014	Loglikelihood: -73922.4	(delta): -1.45519e-11
99 (QN/Block) 	Elapsed: 0.017	Loglikelihood: -73922.4	(delta): 1.45519e-11
100 (QN/Block) 	Elapsed: 0.018	Loglikelihood: -73922.4	(delta): 1.45519e-11
Summary: 
Converged in 100 iterations (1.688 sec)
Loglikelihood: -73922.352468
Fst divergences between estimated populations: 
	Pop0	
Pop0	
Pop1	0.472	
CV error (K=2): 0.46014
Writing output files.
