****                   ADMIXTURE Version 1.3.0                  ****
****                    Copyright 2008-2015                     ****
****           David Alexander, Suyash Shringarpure,            ****
****                John  Novembre, Ken Lange                   ****
****                                                            ****
****                 Please cite our paper!                     ****
****   Information at www.genetics.ucla.edu/software/admixture  ****

Parallel execution requested.  Will use 8 threads.
Cross-validation will be performed.  Folds=10.
Random seed: 43
Point estimation method: Block relaxation algorithm
Convergence acceleration algorithm: QuasiNewton, 3 secant conditions
Point estimation will terminate at 100 iterations
Estimation of standard errors disabled; will compute point estimates only.
Size of G: 335x1606
Performing five EM steps to prime main algorithm
1 (EM) 	Elapsed: 0.062	Loglikelihood: -224426	(delta): 518983
2 (EM) 	Elapsed: 0.066	Loglikelihood: -211634	(delta): 12792.3
3 (EM) 	Elapsed: 0.068	Loglikelihood: -209662	(delta): 1971.04
4 (EM) 	Elapsed: 0.067	Loglikelihood: -208469	(delta): 1194
5 (EM) 	Elapsed: 0.065	Loglikelihood: -207549	(delta): 919.594
Initial loglikelihood: -207549
Starting main algorithm
1 (QN/Block) 	Elapsed: 0.085	Loglikelihood: -183983	(delta): 23566
2 (QN/Block) 	Elapsed: 0.084	Loglikelihood: -178898	(delta): 5084.94
3 (QN/Block) 	Elapsed: 0.089	Loglikelihood: -177583	(delta): 1315.38
4 (QN/Block) 	Elapsed: 0.099	Loglikelihood: -176767	(delta): 815.241
5 (QN/Block) 	Elapsed: 0.097	Loglikelihood: -176237	(delta): 530.378
6 (QN/Block) 	Elapsed: 0.093	Loglikelihood: -175878	(delta): 358.573
7 (QN/Block) 	Elapsed: 0.096	Loglikelihood: -175688	(delta): 190.506
8 (QN/Block) 	Elapsed: 0.097	Loglikelihood: -175557	(delta): 130.86
9 (QN/Block) 	Elapsed: 0.093	Loglikelihood: -175487	(delta): 70.184
10 (QN/Block) 	Elapsed: 0.095	Loglikelihood: -175411	(delta): 75.6704
11 (QN/Block) 	Elapsed: 0.094	Loglikelihood: -175376	(delta): 34.7316
12 (QN/Block) 	Elapsed: 0.093	Loglikelihood: -175349	(delta): 27.9363
13 (QN/Block) 	Elapsed: 0.094	Loglikelihood: -175330	(delta): 18.985
14 (QN/Block) 	Elapsed: 0.117	Loglikelihood: -175309	(delta): 20.1824
15 (QN/Block) 	Elapsed: 0.111	Loglikelihood: -175288	(delta): 21.4287
16 (QN/Block) 	Elapsed: 0.093	Loglikelihood: -175270	(delta): 17.768
17 (QN/Block) 	Elapsed: 0.093	Loglikelihood: -175240	(delta): 30.4526
18 (QN/Block) 	Elapsed: 0.094	Loglikelihood: -175204	(delta): 35.5109
19 (QN/Block) 	Elapsed: 0.095	Loglikelihood: -175171	(delta): 33.1401
20 (QN/Block) 	Elapsed: 0.099	Loglikelihood: -175128	(delta): 42.9116
21 (QN/Block) 	Elapsed: 0.109	Loglikelihood: -175081	(delta): 47.3652
22 (QN/Block) 	Elapsed: 0.105	Loglikelihood: -175021	(delta): 59.9602
23 (QN/Block) 	Elapsed: 0.107	Loglikelihood: -174935	(delta): 85.7388
24 (QN/Block) 	Elapsed: 0.115	Loglikelihood: -174876	(delta): 59.0241
25 (QN/Block) 	Elapsed: 0.104	Loglikelihood: -174844	(delta): 32.4212
26 (QN/Block) 	Elapsed: 0.112	Loglikelihood: -174820	(delta): 23.4912
27 (QN/Block) 	Elapsed: 0.11	Loglikelihood: -174806	(delta): 13.8194
28 (QN/Block) 	Elapsed: 0.129	Loglikelihood: -174801	(delta): 5.25992
29 (QN/Block) 	Elapsed: 0.116	Loglikelihood: -174797	(delta): 4.08514
30 (QN/Block) 	Elapsed: 0.108	Loglikelihood: -174792	(delta): 4.79747
31 (QN/Block) 	Elapsed: 0.114	Loglikelihood: -174787	(delta): 5.48513
32 (QN/Block) 	Elapsed: 0.099	Loglikelihood: -174783	(delta): 4.05618
33 (QN/Block) 	Elapsed: 0.103	Loglikelihood: -174781	(delta): 2.06678
34 (QN/Block) 	Elapsed: 0.104	Loglikelihood: -174780	(delta): 0.844359
35 (QN/Block) 	Elapsed: 0.117	Loglikelihood: -174779	(delta): 0.668196
36 (QN/Block) 	Elapsed: 0.119	Loglikelihood: -174779	(delta): 0.505275
37 (QN/Block) 	Elapsed: 0.103	Loglikelihood: -174778	(delta): 0.205651
38 (QN/Block) 	Elapsed: 0.119	Loglikelihood: -174778	(delta): 0.199143
39 (QN/Block) 	Elapsed: 0.116	Loglikelihood: -174778	(delta): 0.245393
40 (QN/Block) 	Elapsed: 0.112	Loglikelihood: -174778	(delta): 0.101933
41 (QN/Block) 	Elapsed: 0.111	Loglikelihood: -174778	(delta): 0.0717179
42 (QN/Block) 	Elapsed: 0.107	Loglikelihood: -174777	(delta): 0.319144
43 (QN/Block) 	Elapsed: 0.099	Loglikelihood: -174777	(delta): 0.2634
44 (QN/Block) 	Elapsed: 0.091	Loglikelihood: -174777	(delta): 0.0839768
45 (QN/Block) 	Elapsed: 0.092	Loglikelihood: -174777	(delta): 0.0558298
46 (QN/Block) 	Elapsed: 0.094	Loglikelihood: -174777	(delta): 0.0476319
47 (QN/Block) 	Elapsed: 0.1	Loglikelihood: -174777	(delta): 0.10185
48 (QN/Block) 	Elapsed: 0.098	Loglikelihood: -174777	(delta): 0.201362
49 (QN/Block) 	Elapsed: 0.099	Loglikelihood: -174776	(delta): 0.330849
50 (QN/Block) 	Elapsed: 0.097	Loglikelihood: -174776	(delta): 0.449934
51 (QN/Block) 	Elapsed: 0.099	Loglikelihood: -174776	(delta): 0.347426
52 (QN/Block) 	Elapsed: 0.115	Loglikelihood: -174775	(delta): 0.205659
53 (QN/Block) 	Elapsed: 0.098	Loglikelihood: -174775	(delta): 0.0449955
54 (QN/Block) 	Elapsed: 0.095	Loglikelihood: -174775	(delta): 0.0734028
55 (QN/Block) 	Elapsed: 0.095	Loglikelihood: -174775	(delta): 0.0355016
56 (QN/Block) 	Elapsed: 0.094	Loglikelihood: -174775	(delta): 0.0197627
57 (QN/Block) 	Elapsed: 0.093	Loglikelihood: -174775	(delta): 0.00986541
58 (QN/Block) 	Elapsed: 0.098	Loglikelihood: -174775	(delta): 0.00745049
59 (QN/Block) 	Elapsed: 0.098	Loglikelihood: -174775	(delta): 0.00694646
60 (QN/Block) 	Elapsed: 0.098	Loglikelihood: -174775	(delta): 0.010156
61 (QN/Block) 	Elapsed: 0.108	Loglikelihood: -174775	(delta): 0.0170896
62 (QN/Block) 	Elapsed: 0.101	Loglikelihood: -174775	(delta): 0.0253068
63 (QN/Block) 	Elapsed: 0.098	Loglikelihood: -174775	(delta): 0.0237253
64 (QN/Block) 	Elapsed: 0.094	Loglikelihood: -174775	(delta): 0.00420088
65 (QN/Block) 	Elapsed: 0.093	Loglikelihood: -174775	(delta): 0.000928069
66 (QN/Block) 	Elapsed: 0.094	Loglikelihood: -174775	(delta): 0.000332329
67 (QN/Block) 	Elapsed: 0.097	Loglikelihood: -174775	(delta): 0.000207615
68 (QN/Block) 	Elapsed: 0.095	Loglikelihood: -174775	(delta): 9.15391e-05
69 (QN/Block) 	Elapsed: 0.094	Loglikelihood: -174775	(delta): 8.02914e-05
70 (QN/Block) 	Elapsed: 0.094	Loglikelihood: -174775	(delta): 3.61952e-05
71 (QN/Block) 	Elapsed: 0.096	Loglikelihood: -174775	(delta): 6.49378e-05
72 (QN/Block) 	Elapsed: 0.101	Loglikelihood: -174775	(delta): 2.10991e-05
73 (QN/Block) 	Elapsed: 0.098	Loglikelihood: -174775	(delta): 1.71712e-05
74 (QN/Block) 	Elapsed: 0.096	Loglikelihood: -174775	(delta): 2.22999e-06
75 (QN/Block) 	Elapsed: 0.103	Loglikelihood: -174775	(delta): 2.87953e-07
76 (QN/Block) 	Elapsed: 0.096	Loglikelihood: -174775	(delta): 2.31666e-07
77 (QN/Block) 	Elapsed: 0.095	Loglikelihood: -174775	(delta): 1.32626e-07
78 (QN/Block) 	Elapsed: 0.093	Loglikelihood: -174775	(delta): 8.20146e-08
79 (QN/Block) 	Elapsed: 0.091	Loglikelihood: -174775	(delta): 1.26893e-08
80 (QN/Block) 	Elapsed: 0.092	Loglikelihood: -174775	(delta): 6.54836e-09
81 (QN/Block) 	Elapsed: 0.095	Loglikelihood: -174775	(delta): 4.77303e-09
82 (QN/Block) 	Elapsed: 0.095	Loglikelihood: -174775	(delta): 2.96859e-09
83 (QN/Block) 	Elapsed: 0.09	Loglikelihood: -174775	(delta): 9.8953e-10
84 (QN/Block) 	Elapsed: 0.088	Loglikelihood: -174775	(delta): 3.7835e-10
85 (QN/Block) 	Elapsed: 0.09	Loglikelihood: -174775	(delta): 2.61934e-10
86 (QN/Block) 	Elapsed: 0.09	Loglikelihood: -174775	(delta): 1.45519e-10
87 (QN/Block) 	Elapsed: 0.091	Loglikelihood: -174775	(delta): 1.16415e-10
88 (QN/Block) 	Elapsed: 0.093	Loglikelihood: -174775	(delta): 2.91038e-11
89 (QN/Block) 	Elapsed: 0.093	Loglikelihood: -174775	(delta): 0
90 (QN/Block) 	Elapsed: 0.092	Loglikelihood: -174775	(delta): 0
91 (QN/Block) 	Elapsed: 0.093	Loglikelihood: -174775	(delta): 2.91038e-11
92 (QN/Block) 	Elapsed: 0.094	Loglikelihood: -174775	(delta): 0
93 (QN/Block) 	Elapsed: 0.096	Loglikelihood: -174775	(delta): 0
94 (QN/Block) 	Elapsed: 0.093	Loglikelihood: -174775	(delta): 0
95 (QN/Block) 	Elapsed: 0.099	Loglikelihood: -174775	(delta): 2.91038e-11
96 (QN/Block) 	Elapsed: 0.094	Loglikelihood: -174775	(delta): 0
97 (QN/Block) 	Elapsed: 0.097	Loglikelihood: -174775	(delta): 0
98 (QN/Block) 	Elapsed: 0.092	Loglikelihood: -174775	(delta): 0
99 (QN/Block) 	Elapsed: 0.093	Loglikelihood: -174775	(delta): 5.82077e-11
100 (QN/Block) 	Elapsed: 0.091	Loglikelihood: -174775	(delta): -5.82077e-11
Summary: 
Converged in 100 iterations (10.464 sec)
Loglikelihood: -174775.035785
Fst divergences between estimated populations: 
	Pop0	Pop1	Pop2	Pop3	Pop4	Pop5	Pop6	
Pop0	
Pop1	0.070	
Pop2	0.059	0.069	
Pop3	0.061	0.076	0.071	
Pop4	0.095	0.070	0.094	0.096	
Pop5	0.109	0.133	0.120	0.105	0.152	
Pop6	0.357	0.367	0.371	0.356	0.386	0.367	
Pop7	0.187	0.201	0.192	0.195	0.210	0.215	0.454	
CV error (K=8): 0.23135
Writing output files.
