****                   ADMIXTURE Version 1.3.0                  ****
****                    Copyright 2008-2015                     ****
****           David Alexander, Suyash Shringarpure,            ****
****                John  Novembre, Ken Lange                   ****
****                                                            ****
****                 Please cite our paper!                     ****
****   Information at www.genetics.ucla.edu/software/admixture  ****

Parallel execution requested.  Will use 8 threads.
Cross-validation will be performed.  Folds=10.
Random seed: 43
Point estimation method: Block relaxation algorithm
Convergence acceleration algorithm: QuasiNewton, 3 secant conditions
Point estimation will terminate at 100 iterations
Estimation of standard errors disabled; will compute point estimates only.
Size of G: 335x1606
Performing five EM steps to prime main algorithm
1 (EM) 	Elapsed: 0.007	Loglikelihood: -208172	(delta): 788334
2 (EM) 	Elapsed: 0.006	Loglikelihood: -208172	(delta): -2.91038e-11
3 (EM) 	Elapsed: 0.007	Loglikelihood: -208172	(delta): 2.91038e-11
4 (EM) 	Elapsed: 0.007	Loglikelihood: -208172	(delta): -2.91038e-11
5 (EM) 	Elapsed: 0.007	Loglikelihood: -208172	(delta): 0
Initial loglikelihood: -208172
Starting main algorithm
1 (QN/Block) 	Elapsed: 0.031	Loglikelihood: -208172	(delta): 0
2 (QN/Block) 	Elapsed: 0.032	Loglikelihood: -208172	(delta): 0
3 (QN/Block) 	Elapsed: 0.035	Loglikelihood: -208172	(delta): 0
4 (QN/Block) 	Elapsed: 0.035	Loglikelihood: -208172	(delta): 0
5 (QN/Block) 	Elapsed: 0.038	Loglikelihood: -208172	(delta): 0
6 (QN/Block) 	Elapsed: 0.039	Loglikelihood: -208172	(delta): 0
7 (QN/Block) 	Elapsed: 0.038	Loglikelihood: -208172	(delta): 0
8 (QN/Block) 	Elapsed: 0.034	Loglikelihood: -208172	(delta): 0
9 (QN/Block) 	Elapsed: 0.032	Loglikelihood: -208172	(delta): 0
10 (QN/Block) 	Elapsed: 0.028	Loglikelihood: -208172	(delta): 0
11 (QN/Block) 	Elapsed: 0.029	Loglikelihood: -208172	(delta): 0
12 (QN/Block) 	Elapsed: 0.03	Loglikelihood: -208172	(delta): 0
13 (QN/Block) 	Elapsed: 0.033	Loglikelihood: -208172	(delta): 0
14 (QN/Block) 	Elapsed: 0.031	Loglikelihood: -208172	(delta): 0
15 (QN/Block) 	Elapsed: 0.032	Loglikelihood: -208172	(delta): 0
PROBLEM INVERTING MATRIX!
16 (QN/Block) 	Elapsed: 0.035	Loglikelihood: -208172	(delta): 0
17 (QN/Block) 	Elapsed: 0.041	Loglikelihood: -208172	(delta): 0
18 (QN/Block) 	Elapsed: 0.037	Loglikelihood: -208172	(delta): 2.91038e-11
19 (QN/Block) 	Elapsed: 0.04	Loglikelihood: -208172	(delta): -2.91038e-11
20 (QN/Block) 	Elapsed: 0.034	Loglikelihood: -208172	(delta): 0
21 (QN/Block) 	Elapsed: 0.035	Loglikelihood: -208172	(delta): 0
22 (QN/Block) 	Elapsed: 0.038	Loglikelihood: -208172	(delta): 2.91038e-11
23 (QN/Block) 	Elapsed: 0.032	Loglikelihood: -208172	(delta): -2.91038e-11
24 (QN/Block) 	Elapsed: 0.035	Loglikelihood: -208172	(delta): 0
25 (QN/Block) 	Elapsed: 0.037	Loglikelihood: -208172	(delta): 0
26 (QN/Block) 	Elapsed: 0.036	Loglikelihood: -208172	(delta): 0
27 (QN/Block) 	Elapsed: 0.035	Loglikelihood: -208172	(delta): 0
28 (QN/Block) 	Elapsed: 0.037	Loglikelihood: -208172	(delta): 2.91038e-11
29 (QN/Block) 	Elapsed: 0.038	Loglikelihood: -208172	(delta): -2.91038e-11
30 (QN/Block) 	Elapsed: 0.037	Loglikelihood: -208172	(delta): 0
31 (QN/Block) 	Elapsed: 0.041	Loglikelihood: -208172	(delta): 0
32 (QN/Block) 	Elapsed: 0.05	Loglikelihood: -208172	(delta): 0
33 (QN/Block) 	Elapsed: 0.057	Loglikelihood: -208172	(delta): 0
34 (QN/Block) 	Elapsed: 0.042	Loglikelihood: -208172	(delta): 0
35 (QN/Block) 	Elapsed: 0.04	Loglikelihood: -208172	(delta): 0
36 (QN/Block) 	Elapsed: 0.037	Loglikelihood: -208172	(delta): 0
37 (QN/Block) 	Elapsed: 0.036	Loglikelihood: -208172	(delta): 0
38 (QN/Block) 	Elapsed: 0.037	Loglikelihood: -208172	(delta): 0
39 (QN/Block) 	Elapsed: 0.041	Loglikelihood: -208172	(delta): 0
40 (QN/Block) 	Elapsed: 0.04	Loglikelihood: -208172	(delta): 0
41 (QN/Block) 	Elapsed: 0.035	Loglikelihood: -208172	(delta): 2.91038e-11
42 (QN/Block) 	Elapsed: 0.036	Loglikelihood: -208172	(delta): -2.91038e-11
43 (QN/Block) 	Elapsed: 0.041	Loglikelihood: -208172	(delta): 2.91038e-11
44 (QN/Block) 	Elapsed: 0.041	Loglikelihood: -208172	(delta): -2.91038e-11
45 (QN/Block) 	Elapsed: 0.039	Loglikelihood: -208172	(delta): 0
46 (QN/Block) 	Elapsed: 0.036	Loglikelihood: -208172	(delta): 0
47 (QN/Block) 	Elapsed: 0.036	Loglikelihood: -208172	(delta): 0
48 (QN/Block) 	Elapsed: 0.039	Loglikelihood: -208172	(delta): 0
49 (QN/Block) 	Elapsed: 0.058	Loglikelihood: -208172	(delta): 0
50 (QN/Block) 	Elapsed: 0.036	Loglikelihood: -208172	(delta): 0
51 (QN/Block) 	Elapsed: 0.034	Loglikelihood: -208172	(delta): 2.91038e-11
52 (QN/Block) 	Elapsed: 0.039	Loglikelihood: -208172	(delta): -2.91038e-11
53 (QN/Block) 	Elapsed: 0.034	Loglikelihood: -208172	(delta): 2.91038e-11
54 (QN/Block) 	Elapsed: 0.034	Loglikelihood: -208172	(delta): -2.91038e-11
55 (QN/Block) 	Elapsed: 0.04	Loglikelihood: -208172	(delta): 0
56 (QN/Block) 	Elapsed: 0.04	Loglikelihood: -208172	(delta): 0
57 (QN/Block) 	Elapsed: 0.037	Loglikelihood: -208172	(delta): 2.91038e-11
58 (QN/Block) 	Elapsed: 0.042	Loglikelihood: -208172	(delta): -2.91038e-11
PROBLEM INVERTING MATRIX!
59 (QN/Block) 	Elapsed: 0.04	Loglikelihood: -208172	(delta): 0
60 (QN/Block) 	Elapsed: 0.039	Loglikelihood: -208172	(delta): 0
61 (QN/Block) 	Elapsed: 0.037	Loglikelihood: -208172	(delta): 0
62 (QN/Block) 	Elapsed: 0.04	Loglikelihood: -208172	(delta): 2.91038e-11
63 (QN/Block) 	Elapsed: 0.032	Loglikelihood: -208172	(delta): -2.91038e-11
64 (QN/Block) 	Elapsed: 0.046	Loglikelihood: -208172	(delta): 0
65 (QN/Block) 	Elapsed: 0.041	Loglikelihood: -208172	(delta): 0
66 (QN/Block) 	Elapsed: 0.044	Loglikelihood: -208172	(delta): 2.91038e-11
67 (QN/Block) 	Elapsed: 0.04	Loglikelihood: -208172	(delta): -2.91038e-11
68 (QN/Block) 	Elapsed: 0.039	Loglikelihood: -208172	(delta): 2.91038e-11
69 (QN/Block) 	Elapsed: 0.038	Loglikelihood: -208172	(delta): -2.91038e-11
70 (QN/Block) 	Elapsed: 0.038	Loglikelihood: -208172	(delta): 0
71 (QN/Block) 	Elapsed: 0.039	Loglikelihood: -208172	(delta): 0
72 (QN/Block) 	Elapsed: 0.034	Loglikelihood: -208172	(delta): 0
73 (QN/Block) 	Elapsed: 0.037	Loglikelihood: -208172	(delta): 0
74 (QN/Block) 	Elapsed: 0.041	Loglikelihood: -208172	(delta): -2.91038e-11
75 (QN/Block) 	Elapsed: 0.038	Loglikelihood: -208172	(delta): 2.91038e-11
76 (QN/Block) 	Elapsed: 0.039	Loglikelihood: -208172	(delta): 0
77 (QN/Block) 	Elapsed: 0.038	Loglikelihood: -208172	(delta): 0
78 (QN/Block) 	Elapsed: 0.039	Loglikelihood: -208172	(delta): 0
79 (QN/Block) 	Elapsed: 0.046	Loglikelihood: -208172	(delta): 0
80 (QN/Block) 	Elapsed: 0.041	Loglikelihood: -208172	(delta): 0
81 (QN/Block) 	Elapsed: 0.038	Loglikelihood: -208172	(delta): 0
82 (QN/Block) 	Elapsed: 0.039	Loglikelihood: -208172	(delta): 0
83 (QN/Block) 	Elapsed: 0.038	Loglikelihood: -208172	(delta): 0
84 (QN/Block) 	Elapsed: 0.038	Loglikelihood: -208172	(delta): 0
85 (QN/Block) 	Elapsed: 0.039	Loglikelihood: -208172	(delta): 0
86 (QN/Block) 	Elapsed: 0.042	Loglikelihood: -208172	(delta): 0
87 (QN/Block) 	Elapsed: 0.039	Loglikelihood: -208172	(delta): 2.91038e-11
88 (QN/Block) 	Elapsed: 0.04	Loglikelihood: -208172	(delta): -2.91038e-11
89 (QN/Block) 	Elapsed: 0.036	Loglikelihood: -208172	(delta): 0
90 (QN/Block) 	Elapsed: 0.038	Loglikelihood: -208172	(delta): 0
91 (QN/Block) 	Elapsed: 0.037	Loglikelihood: -208172	(delta): 0
92 (QN/Block) 	Elapsed: 0.037	Loglikelihood: -208172	(delta): 0
93 (QN/Block) 	Elapsed: 0.039	Loglikelihood: -208172	(delta): 0
94 (QN/Block) 	Elapsed: 0.037	Loglikelihood: -208172	(delta): 0
95 (QN/Block) 	Elapsed: 0.036	Loglikelihood: -208172	(delta): 0
96 (QN/Block) 	Elapsed: 0.039	Loglikelihood: -208172	(delta): 2.91038e-11
97 (QN/Block) 	Elapsed: 0.037	Loglikelihood: -208172	(delta): -2.91038e-11
98 (QN/Block) 	Elapsed: 0.04	Loglikelihood: -208172	(delta): -2.91038e-11
99 (QN/Block) 	Elapsed: 0.034	Loglikelihood: -208172	(delta): 5.82077e-11
100 (QN/Block) 	Elapsed: 0.035	Loglikelihood: -208172	(delta): -2.91038e-11
Summary: 
Converged in 100 iterations (4.009 sec)
Loglikelihood: -208171.818424
CV error (K=1): 0.27286
Writing output files.
