****                   ADMIXTURE Version 1.3.0                  ****
****                    Copyright 2008-2015                     ****
****           David Alexander, Suyash Shringarpure,            ****
****                John  Novembre, Ken Lange                   ****
****                                                            ****
****                 Please cite our paper!                     ****
****   Information at www.genetics.ucla.edu/software/admixture  ****

Parallel execution requested.  Will use 8 threads.
Cross-validation will be performed.  Folds=10.
Random seed: 43
Point estimation method: Block relaxation algorithm
Convergence acceleration algorithm: QuasiNewton, 3 secant conditions
Point estimation will terminate at 100 iterations
Estimation of standard errors disabled; will compute point estimates only.
Size of G: 335x1606
Performing five EM steps to prime main algorithm
1 (EM) 	Elapsed: 0.087	Loglikelihood: -224287	(delta): 511033
2 (EM) 	Elapsed: 0.078	Loglikelihood: -211103	(delta): 13183.8
3 (EM) 	Elapsed: 0.078	Loglikelihood: -209054	(delta): 2049.07
4 (EM) 	Elapsed: 0.08	Loglikelihood: -207860	(delta): 1194.38
5 (EM) 	Elapsed: 0.084	Loglikelihood: -206879	(delta): 980.94
Initial loglikelihood: -206879
Starting main algorithm
1 (QN/Block) 	Elapsed: 0.108	Loglikelihood: -182886	(delta): 23993.2
2 (QN/Block) 	Elapsed: 0.104	Loglikelihood: -177318	(delta): 5567.25
3 (QN/Block) 	Elapsed: 0.109	Loglikelihood: -175511	(delta): 1807.85
4 (QN/Block) 	Elapsed: 0.106	Loglikelihood: -174436	(delta): 1074.69
5 (QN/Block) 	Elapsed: 0.109	Loglikelihood: -173914	(delta): 521.939
6 (QN/Block) 	Elapsed: 0.116	Loglikelihood: -173634	(delta): 280.143
7 (QN/Block) 	Elapsed: 0.113	Loglikelihood: -173500	(delta): 133.595
8 (QN/Block) 	Elapsed: 0.114	Loglikelihood: -173397	(delta): 103.574
9 (QN/Block) 	Elapsed: 0.118	Loglikelihood: -173334	(delta): 62.6693
10 (QN/Block) 	Elapsed: 0.112	Loglikelihood: -173284	(delta): 49.9205
11 (QN/Block) 	Elapsed: 0.124	Loglikelihood: -173244	(delta): 40.3148
12 (QN/Block) 	Elapsed: 0.127	Loglikelihood: -173222	(delta): 22.0427
13 (QN/Block) 	Elapsed: 0.123	Loglikelihood: -173204	(delta): 17.9113
14 (QN/Block) 	Elapsed: 0.122	Loglikelihood: -173190	(delta): 13.9958
15 (QN/Block) 	Elapsed: 0.107	Loglikelihood: -173178	(delta): 11.824
16 (QN/Block) 	Elapsed: 0.107	Loglikelihood: -173170	(delta): 7.79858
17 (QN/Block) 	Elapsed: 0.108	Loglikelihood: -173164	(delta): 6.62103
18 (QN/Block) 	Elapsed: 0.119	Loglikelihood: -173158	(delta): 5.53064
19 (QN/Block) 	Elapsed: 0.109	Loglikelihood: -173155	(delta): 3.00101
20 (QN/Block) 	Elapsed: 0.111	Loglikelihood: -173153	(delta): 1.91065
21 (QN/Block) 	Elapsed: 0.109	Loglikelihood: -173152	(delta): 1.57895
22 (QN/Block) 	Elapsed: 0.12	Loglikelihood: -173148	(delta): 3.67102
23 (QN/Block) 	Elapsed: 0.118	Loglikelihood: -173146	(delta): 1.60921
24 (QN/Block) 	Elapsed: 0.115	Loglikelihood: -173145	(delta): 1.31538
25 (QN/Block) 	Elapsed: 0.117	Loglikelihood: -173143	(delta): 1.73844
26 (QN/Block) 	Elapsed: 0.128	Loglikelihood: -173142	(delta): 0.921848
27 (QN/Block) 	Elapsed: 0.121	Loglikelihood: -173141	(delta): 1.45231
28 (QN/Block) 	Elapsed: 0.131	Loglikelihood: -173140	(delta): 1.13051
29 (QN/Block) 	Elapsed: 0.119	Loglikelihood: -173138	(delta): 1.48509
30 (QN/Block) 	Elapsed: 0.118	Loglikelihood: -173138	(delta): 0.53611
31 (QN/Block) 	Elapsed: 0.112	Loglikelihood: -173137	(delta): 0.533064
32 (QN/Block) 	Elapsed: 0.117	Loglikelihood: -173137	(delta): 0.187128
33 (QN/Block) 	Elapsed: 0.114	Loglikelihood: -173137	(delta): 0.113322
34 (QN/Block) 	Elapsed: 0.123	Loglikelihood: -173137	(delta): 0.0338998
35 (QN/Block) 	Elapsed: 0.113	Loglikelihood: -173137	(delta): 0.0308541
36 (QN/Block) 	Elapsed: 0.114	Loglikelihood: -173137	(delta): 0.0438595
37 (QN/Block) 	Elapsed: 0.113	Loglikelihood: -173137	(delta): 0.0321196
38 (QN/Block) 	Elapsed: 0.113	Loglikelihood: -173137	(delta): 0.0205332
39 (QN/Block) 	Elapsed: 0.113	Loglikelihood: -173137	(delta): 0.0528279
40 (QN/Block) 	Elapsed: 0.114	Loglikelihood: -173137	(delta): 0.0956144
41 (QN/Block) 	Elapsed: 0.119	Loglikelihood: -173136	(delta): 0.55698
42 (QN/Block) 	Elapsed: 0.112	Loglikelihood: -173136	(delta): 0.0436181
43 (QN/Block) 	Elapsed: 0.119	Loglikelihood: -173136	(delta): 0.0336284
44 (QN/Block) 	Elapsed: 0.111	Loglikelihood: -173136	(delta): 0.0282858
45 (QN/Block) 	Elapsed: 0.115	Loglikelihood: -173136	(delta): 0.0262856
46 (QN/Block) 	Elapsed: 0.117	Loglikelihood: -173136	(delta): 0.0243319
47 (QN/Block) 	Elapsed: 0.118	Loglikelihood: -173136	(delta): 0.0103064
48 (QN/Block) 	Elapsed: 0.122	Loglikelihood: -173136	(delta): 0.00822594
49 (QN/Block) 	Elapsed: 0.118	Loglikelihood: -173136	(delta): 0.0109201
50 (QN/Block) 	Elapsed: 0.119	Loglikelihood: -173136	(delta): 0.00969187
51 (QN/Block) 	Elapsed: 0.119	Loglikelihood: -173136	(delta): 0.00801579
52 (QN/Block) 	Elapsed: 0.117	Loglikelihood: -173136	(delta): 0.0128896
53 (QN/Block) 	Elapsed: 0.116	Loglikelihood: -173136	(delta): 0.00682156
54 (QN/Block) 	Elapsed: 0.113	Loglikelihood: -173136	(delta): 0.00978128
55 (QN/Block) 	Elapsed: 0.107	Loglikelihood: -173136	(delta): 0.0194933
56 (QN/Block) 	Elapsed: 0.11	Loglikelihood: -173136	(delta): 0.11427
57 (QN/Block) 	Elapsed: 0.109	Loglikelihood: -173136	(delta): 0.088632
58 (QN/Block) 	Elapsed: 0.108	Loglikelihood: -173135	(delta): 0.0892413
59 (QN/Block) 	Elapsed: 0.109	Loglikelihood: -173135	(delta): 0.0687424
60 (QN/Block) 	Elapsed: 0.112	Loglikelihood: -173135	(delta): 0.020172
61 (QN/Block) 	Elapsed: 0.111	Loglikelihood: -173135	(delta): 0.0430026
62 (QN/Block) 	Elapsed: 0.113	Loglikelihood: -173135	(delta): 0.0421424
63 (QN/Block) 	Elapsed: 0.11	Loglikelihood: -173135	(delta): 0.0138736
64 (QN/Block) 	Elapsed: 0.109	Loglikelihood: -173135	(delta): 0.00418415
65 (QN/Block) 	Elapsed: 0.107	Loglikelihood: -173135	(delta): 0.00112733
66 (QN/Block) 	Elapsed: 0.112	Loglikelihood: -173135	(delta): 0.00105392
67 (QN/Block) 	Elapsed: 0.111	Loglikelihood: -173135	(delta): 0.000449709
68 (QN/Block) 	Elapsed: 0.108	Loglikelihood: -173135	(delta): 0.00014895
69 (QN/Block) 	Elapsed: 0.109	Loglikelihood: -173135	(delta): 0.000106453
70 (QN/Block) 	Elapsed: 0.111	Loglikelihood: -173135	(delta): 3.25562e-05
71 (QN/Block) 	Elapsed: 0.107	Loglikelihood: -173135	(delta): 2.87622e-05
72 (QN/Block) 	Elapsed: 0.11	Loglikelihood: -173135	(delta): 3.66805e-05
73 (QN/Block) 	Elapsed: 0.109	Loglikelihood: -173135	(delta): 0.000294696
74 (QN/Block) 	Elapsed: 0.113	Loglikelihood: -173135	(delta): 3.3472e-05
75 (QN/Block) 	Elapsed: 0.111	Loglikelihood: -173135	(delta): 0.00162355
76 (QN/Block) 	Elapsed: 0.109	Loglikelihood: -173135	(delta): 0.00146565
77 (QN/Block) 	Elapsed: 0.114	Loglikelihood: -173135	(delta): 0.000820411
78 (QN/Block) 	Elapsed: 0.108	Loglikelihood: -173135	(delta): 0.00057004
79 (QN/Block) 	Elapsed: 0.115	Loglikelihood: -173135	(delta): 0.000292859
80 (QN/Block) 	Elapsed: 0.117	Loglikelihood: -173135	(delta): 0.000192219
81 (QN/Block) 	Elapsed: 0.113	Loglikelihood: -173135	(delta): 9.35005e-05
82 (QN/Block) 	Elapsed: 0.113	Loglikelihood: -173135	(delta): 0.000142894
83 (QN/Block) 	Elapsed: 0.11	Loglikelihood: -173135	(delta): 5.25685e-05
84 (QN/Block) 	Elapsed: 0.11	Loglikelihood: -173135	(delta): 6.59292e-05
85 (QN/Block) 	Elapsed: 0.11	Loglikelihood: -173135	(delta): 1.66313e-05
86 (QN/Block) 	Elapsed: 0.113	Loglikelihood: -173135	(delta): 6.82435e-06
87 (QN/Block) 	Elapsed: 0.111	Loglikelihood: -173135	(delta): 9.89763e-07
88 (QN/Block) 	Elapsed: 0.113	Loglikelihood: -173135	(delta): 5.19154e-07
89 (QN/Block) 	Elapsed: 0.135	Loglikelihood: -173135	(delta): 3.05823e-07
90 (QN/Block) 	Elapsed: 0.113	Loglikelihood: -173135	(delta): 1.77417e-07
91 (QN/Block) 	Elapsed: 0.12	Loglikelihood: -173135	(delta): 8.44593e-08
92 (QN/Block) 	Elapsed: 0.118	Loglikelihood: -173135	(delta): 1.80444e-08
93 (QN/Block) 	Elapsed: 0.116	Loglikelihood: -173135	(delta): 9.83709e-09
94 (QN/Block) 	Elapsed: 0.113	Loglikelihood: -173135	(delta): 8.84756e-09
95 (QN/Block) 	Elapsed: 0.112	Loglikelihood: -173135	(delta): 3.46336e-09
96 (QN/Block) 	Elapsed: 0.112	Loglikelihood: -173135	(delta): 1.39698e-09
97 (QN/Block) 	Elapsed: 0.116	Loglikelihood: -173135	(delta): 6.1118e-10
98 (QN/Block) 	Elapsed: 0.112	Loglikelihood: -173135	(delta): 3.7835e-10
99 (QN/Block) 	Elapsed: 0.11	Loglikelihood: -173135	(delta): 2.61934e-10
100 (QN/Block) 	Elapsed: 0.11	Loglikelihood: -173135	(delta): 1.16415e-10
Summary: 
Converged in 100 iterations (12.062 sec)
Loglikelihood: -173135.271161
Fst divergences between estimated populations: 
	Pop0	Pop1	Pop2	Pop3	Pop4	Pop5	Pop6	Pop7	Pop8	
Pop0	
Pop1	0.361	
Pop2	0.361	0.080	
Pop3	0.363	0.091	0.063	
Pop4	0.371	0.088	0.062	0.077	
Pop5	0.383	0.114	0.092	0.113	0.096	
Pop6	0.112	0.384	0.385	0.386	0.398	0.410	
Pop7	0.374	0.103	0.078	0.096	0.082	0.078	0.394	
Pop8	0.372	0.111	0.097	0.110	0.113	0.144	0.395	0.132	
Pop9	0.382	0.109	0.090	0.100	0.087	0.085	0.405	0.070	0.132	
CV error (K=10): 0.23544
Writing output files.
