****                   ADMIXTURE Version 1.3.0                  ****
****                    Copyright 2008-2015                     ****
****           David Alexander, Suyash Shringarpure,            ****
****                John  Novembre, Ken Lange                   ****
****                                                            ****
****                 Please cite our paper!                     ****
****   Information at www.genetics.ucla.edu/software/admixture  ****

Parallel execution requested.  Will use 8 threads.
Cross-validation will be performed.  Folds=10.
Random seed: 43
Point estimation method: Block relaxation algorithm
Convergence acceleration algorithm: QuasiNewton, 3 secant conditions
Point estimation will terminate at 100 iterations
Estimation of standard errors disabled; will compute point estimates only.
Size of G: 335x1606
Performing five EM steps to prime main algorithm
1 (EM) 	Elapsed: 0.043	Loglikelihood: -224589	(delta): 527838
2 (EM) 	Elapsed: 0.044	Loglikelihood: -212090	(delta): 12499.2
3 (EM) 	Elapsed: 0.045	Loglikelihood: -209907	(delta): 2183.23
4 (EM) 	Elapsed: 0.045	Loglikelihood: -208650	(delta): 1257.34
5 (EM) 	Elapsed: 0.045	Loglikelihood: -207689	(delta): 960.896
Initial loglikelihood: -207689
Starting main algorithm
1 (QN/Block) 	Elapsed: 0.076	Loglikelihood: -186149	(delta): 21539.4
2 (QN/Block) 	Elapsed: 0.069	Loglikelihood: -180681	(delta): 5468.43
3 (QN/Block) 	Elapsed: 0.069	Loglikelihood: -178867	(delta): 1814.24
4 (QN/Block) 	Elapsed: 0.069	Loglikelihood: -177905	(delta): 961.475
5 (QN/Block) 	Elapsed: 0.068	Loglikelihood: -177425	(delta): 480.296
6 (QN/Block) 	Elapsed: 0.07	Loglikelihood: -177154	(delta): 270.776
7 (QN/Block) 	Elapsed: 0.072	Loglikelihood: -177076	(delta): 78.4097
8 (QN/Block) 	Elapsed: 0.075	Loglikelihood: -177038	(delta): 37.7952
9 (QN/Block) 	Elapsed: 0.07	Loglikelihood: -177012	(delta): 25.8999
10 (QN/Block) 	Elapsed: 0.076	Loglikelihood: -177001	(delta): 10.7466
11 (QN/Block) 	Elapsed: 0.07	Loglikelihood: -176993	(delta): 7.98183
12 (QN/Block) 	Elapsed: 0.073	Loglikelihood: -176987	(delta): 6.58595
13 (QN/Block) 	Elapsed: 0.072	Loglikelihood: -176985	(delta): 2.12179
14 (QN/Block) 	Elapsed: 0.075	Loglikelihood: -176984	(delta): 0.508987
15 (QN/Block) 	Elapsed: 0.074	Loglikelihood: -176984	(delta): 0.421714
16 (QN/Block) 	Elapsed: 0.079	Loglikelihood: -176983	(delta): 0.284902
17 (QN/Block) 	Elapsed: 0.07	Loglikelihood: -176983	(delta): 0.385502
18 (QN/Block) 	Elapsed: 0.076	Loglikelihood: -176981	(delta): 1.43698
19 (QN/Block) 	Elapsed: 0.076	Loglikelihood: -176981	(delta): 0.816355
20 (QN/Block) 	Elapsed: 0.074	Loglikelihood: -176980	(delta): 0.993301
21 (QN/Block) 	Elapsed: 0.081	Loglikelihood: -176979	(delta): 0.792254
22 (QN/Block) 	Elapsed: 0.081	Loglikelihood: -176978	(delta): 1.26039
23 (QN/Block) 	Elapsed: 0.077	Loglikelihood: -176977	(delta): 0.790186
24 (QN/Block) 	Elapsed: 0.078	Loglikelihood: -176976	(delta): 0.427937
25 (QN/Block) 	Elapsed: 0.078	Loglikelihood: -176976	(delta): 0.308382
26 (QN/Block) 	Elapsed: 0.081	Loglikelihood: -176975	(delta): 0.785265
27 (QN/Block) 	Elapsed: 0.084	Loglikelihood: -176975	(delta): 0.632108
28 (QN/Block) 	Elapsed: 0.082	Loglikelihood: -176974	(delta): 0.347395
29 (QN/Block) 	Elapsed: 0.081	Loglikelihood: -176974	(delta): 0.381516
30 (QN/Block) 	Elapsed: 0.081	Loglikelihood: -176974	(delta): 0.425377
31 (QN/Block) 	Elapsed: 0.08	Loglikelihood: -176973	(delta): 0.412901
32 (QN/Block) 	Elapsed: 0.078	Loglikelihood: -176973	(delta): 0.278523
33 (QN/Block) 	Elapsed: 0.085	Loglikelihood: -176973	(delta): 0.210983
34 (QN/Block) 	Elapsed: 0.083	Loglikelihood: -176972	(delta): 0.15335
35 (QN/Block) 	Elapsed: 0.087	Loglikelihood: -176972	(delta): 0.131588
36 (QN/Block) 	Elapsed: 0.078	Loglikelihood: -176972	(delta): 0.110466
37 (QN/Block) 	Elapsed: 0.08	Loglikelihood: -176972	(delta): 0.059916
38 (QN/Block) 	Elapsed: 0.076	Loglikelihood: -176972	(delta): 0.159529
39 (QN/Block) 	Elapsed: 0.077	Loglikelihood: -176971	(delta): 0.533568
40 (QN/Block) 	Elapsed: 0.076	Loglikelihood: -176971	(delta): 0.350995
41 (QN/Block) 	Elapsed: 0.081	Loglikelihood: -176971	(delta): 0.358725
42 (QN/Block) 	Elapsed: 0.083	Loglikelihood: -176971	(delta): 0.117817
43 (QN/Block) 	Elapsed: 0.074	Loglikelihood: -176971	(delta): 0.0759102
44 (QN/Block) 	Elapsed: 0.074	Loglikelihood: -176971	(delta): 0.00671039
45 (QN/Block) 	Elapsed: 0.075	Loglikelihood: -176971	(delta): 0.00216581
46 (QN/Block) 	Elapsed: 0.079	Loglikelihood: -176971	(delta): 0.00117403
47 (QN/Block) 	Elapsed: 0.075	Loglikelihood: -176971	(delta): 0.00106791
48 (QN/Block) 	Elapsed: 0.076	Loglikelihood: -176971	(delta): 0.00196026
49 (QN/Block) 	Elapsed: 0.075	Loglikelihood: -176971	(delta): 0.00193196
50 (QN/Block) 	Elapsed: 0.074	Loglikelihood: -176971	(delta): 0.00174867
51 (QN/Block) 	Elapsed: 0.075	Loglikelihood: -176971	(delta): 0.00262865
52 (QN/Block) 	Elapsed: 0.082	Loglikelihood: -176971	(delta): 0.000881209
53 (QN/Block) 	Elapsed: 0.078	Loglikelihood: -176971	(delta): 0.00107483
54 (QN/Block) 	Elapsed: 0.081	Loglikelihood: -176971	(delta): 0.00052025
55 (QN/Block) 	Elapsed: 0.077	Loglikelihood: -176971	(delta): 0.000120242
56 (QN/Block) 	Elapsed: 0.076	Loglikelihood: -176971	(delta): 7.85366e-05
57 (QN/Block) 	Elapsed: 0.075	Loglikelihood: -176971	(delta): 4.4209e-06
58 (QN/Block) 	Elapsed: 0.079	Loglikelihood: -176971	(delta): 7.43981e-07
59 (QN/Block) 	Elapsed: 0.079	Loglikelihood: -176971	(delta): 9.84292e-08
60 (QN/Block) 	Elapsed: 0.08	Loglikelihood: -176971	(delta): 8.3819e-09
61 (QN/Block) 	Elapsed: 0.079	Loglikelihood: -176971	(delta): 5.82077e-10
62 (QN/Block) 	Elapsed: 0.08	Loglikelihood: -176971	(delta): 8.73115e-11
63 (QN/Block) 	Elapsed: 0.079	Loglikelihood: -176971	(delta): 2.91038e-11
64 (QN/Block) 	Elapsed: 0.077	Loglikelihood: -176971	(delta): -2.91038e-11
65 (QN/Block) 	Elapsed: 0.08	Loglikelihood: -176971	(delta): 8.73115e-11
66 (QN/Block) 	Elapsed: 0.082	Loglikelihood: -176971	(delta): -2.91038e-11
67 (QN/Block) 	Elapsed: 0.079	Loglikelihood: -176971	(delta): 2.91038e-11
68 (QN/Block) 	Elapsed: 0.083	Loglikelihood: -176971	(delta): 0
69 (QN/Block) 	Elapsed: 0.083	Loglikelihood: -176971	(delta): 0
70 (QN/Block) 	Elapsed: 0.082	Loglikelihood: -176971	(delta): 0
71 (QN/Block) 	Elapsed: 0.082	Loglikelihood: -176971	(delta): 0
72 (QN/Block) 	Elapsed: 0.081	Loglikelihood: -176971	(delta): 2.91038e-11
73 (QN/Block) 	Elapsed: 0.081	Loglikelihood: -176971	(delta): -5.82077e-11
74 (QN/Block) 	Elapsed: 0.081	Loglikelihood: -176971	(delta): 0
75 (QN/Block) 	Elapsed: 0.08	Loglikelihood: -176971	(delta): -2.91038e-11
76 (QN/Block) 	Elapsed: 0.074	Loglikelihood: -176971	(delta): 5.82077e-11
77 (QN/Block) 	Elapsed: 0.078	Loglikelihood: -176971	(delta): -5.82077e-11
78 (QN/Block) 	Elapsed: 0.08	Loglikelihood: -176971	(delta): 8.73115e-11
79 (QN/Block) 	Elapsed: 0.074	Loglikelihood: -176971	(delta): -2.91038e-11
80 (QN/Block) 	Elapsed: 0.079	Loglikelihood: -176971	(delta): 0
81 (QN/Block) 	Elapsed: 0.081	Loglikelihood: -176971	(delta): 2.91038e-11
82 (QN/Block) 	Elapsed: 0.079	Loglikelihood: -176971	(delta): 0
83 (QN/Block) 	Elapsed: 0.082	Loglikelihood: -176971	(delta): 0
84 (QN/Block) 	Elapsed: 0.08	Loglikelihood: -176971	(delta): 0
85 (QN/Block) 	Elapsed: 0.079	Loglikelihood: -176971	(delta): -2.91038e-11
86 (QN/Block) 	Elapsed: 0.082	Loglikelihood: -176971	(delta): 2.91038e-11
87 (QN/Block) 	Elapsed: 0.08	Loglikelihood: -176971	(delta): -2.91038e-11
88 (QN/Block) 	Elapsed: 0.081	Loglikelihood: -176971	(delta): 0
89 (QN/Block) 	Elapsed: 0.08	Loglikelihood: -176971	(delta): 0
90 (QN/Block) 	Elapsed: 0.079	Loglikelihood: -176971	(delta): 0
91 (QN/Block) 	Elapsed: 0.079	Loglikelihood: -176971	(delta): 0
92 (QN/Block) 	Elapsed: 0.08	Loglikelihood: -176971	(delta): 0
93 (QN/Block) 	Elapsed: 0.077	Loglikelihood: -176971	(delta): 2.91038e-11
94 (QN/Block) 	Elapsed: 0.077	Loglikelihood: -176971	(delta): -2.91038e-11
95 (QN/Block) 	Elapsed: 0.084	Loglikelihood: -176971	(delta): 0
96 (QN/Block) 	Elapsed: 0.076	Loglikelihood: -176971	(delta): 2.91038e-11
97 (QN/Block) 	Elapsed: 0.075	Loglikelihood: -176971	(delta): -2.91038e-11
98 (QN/Block) 	Elapsed: 0.082	Loglikelihood: -176971	(delta): 2.91038e-11
99 (QN/Block) 	Elapsed: 0.076	Loglikelihood: -176971	(delta): 0
100 (QN/Block) 	Elapsed: 0.074	Loglikelihood: -176971	(delta): 0
Summary: 
Converged in 100 iterations (8.209 sec)
Loglikelihood: -176970.528781
Fst divergences between estimated populations: 
	Pop0	Pop1	Pop2	Pop3	Pop4	
Pop0	
Pop1	0.117	
Pop2	0.047	0.094	
Pop3	0.100	0.155	0.088	
Pop4	0.367	0.367	0.345	0.390	
Pop5	0.065	0.132	0.060	0.085	0.366	
CV error (K=6): 0.22785
Writing output files.
