****                   ADMIXTURE Version 1.3.0                  ****
****                    Copyright 2008-2015                     ****
****           David Alexander, Suyash Shringarpure,            ****
****                John  Novembre, Ken Lange                   ****
****                                                            ****
****                 Please cite our paper!                     ****
****   Information at www.genetics.ucla.edu/software/admixture  ****

Parallel execution requested.  Will use 8 threads.
Cross-validation will be performed.  Folds=10.
Random seed: 43
Point estimation method: Block relaxation algorithm
Convergence acceleration algorithm: QuasiNewton, 3 secant conditions
Point estimation will terminate at 100 iterations
Estimation of standard errors disabled; will compute point estimates only.
Size of G: 335x1606
Performing five EM steps to prime main algorithm
1 (EM) 	Elapsed: 0.028	Loglikelihood: -212075	(delta): 572496
2 (EM) 	Elapsed: 0.029	Loglikelihood: -200831	(delta): 11244.1
3 (EM) 	Elapsed: 0.032	Loglikelihood: -198743	(delta): 2087.9
4 (EM) 	Elapsed: 0.031	Loglikelihood: -197535	(delta): 1208.35
5 (EM) 	Elapsed: 0.032	Loglikelihood: -196687	(delta): 847.398
Initial loglikelihood: -196687
Starting main algorithm
1 (QN/Block) 	Elapsed: 0.061	Loglikelihood: -179716	(delta): 16971.3
2 (QN/Block) 	Elapsed: 0.058	Loglikelihood: -173570	(delta): 6146.49
3 (QN/Block) 	Elapsed: 0.06	Loglikelihood: -172024	(delta): 1545.69
4 (QN/Block) 	Elapsed: 0.061	Loglikelihood: -170804	(delta): 1220.07
5 (QN/Block) 	Elapsed: 0.066	Loglikelihood: -170302	(delta): 501.509
6 (QN/Block) 	Elapsed: 0.063	Loglikelihood: -170123	(delta): 179.524
7 (QN/Block) 	Elapsed: 0.07	Loglikelihood: -170096	(delta): 26.8666
8 (QN/Block) 	Elapsed: 0.064	Loglikelihood: -170088	(delta): 7.73827
9 (QN/Block) 	Elapsed: 0.061	Loglikelihood: -170080	(delta): 7.75132
10 (QN/Block) 	Elapsed: 0.064	Loglikelihood: -170077	(delta): 3.40526
11 (QN/Block) 	Elapsed: 0.066	Loglikelihood: -170075	(delta): 1.55242
12 (QN/Block) 	Elapsed: 0.063	Loglikelihood: -170075	(delta): 0.715522
13 (QN/Block) 	Elapsed: 0.069	Loglikelihood: -170075	(delta): 0.209359
14 (QN/Block) 	Elapsed: 0.061	Loglikelihood: -170074	(delta): 0.0578416
15 (QN/Block) 	Elapsed: 0.065	Loglikelihood: -170074	(delta): 0.0458667
16 (QN/Block) 	Elapsed: 0.076	Loglikelihood: -170074	(delta): 0.0256388
17 (QN/Block) 	Elapsed: 0.073	Loglikelihood: -170074	(delta): 0.0328375
18 (QN/Block) 	Elapsed: 0.072	Loglikelihood: -170074	(delta): 0.0486081
19 (QN/Block) 	Elapsed: 0.07	Loglikelihood: -170074	(delta): 0.00786241
20 (QN/Block) 	Elapsed: 0.069	Loglikelihood: -170074	(delta): 0.00429559
21 (QN/Block) 	Elapsed: 0.084	Loglikelihood: -170074	(delta): 0.0010497
22 (QN/Block) 	Elapsed: 0.067	Loglikelihood: -170074	(delta): 0.000365541
23 (QN/Block) 	Elapsed: 0.069	Loglikelihood: -170074	(delta): 3.5954e-05
24 (QN/Block) 	Elapsed: 0.069	Loglikelihood: -170074	(delta): 7.91121e-06
25 (QN/Block) 	Elapsed: 0.068	Loglikelihood: -170074	(delta): 8.37317e-07
26 (QN/Block) 	Elapsed: 0.064	Loglikelihood: -170074	(delta): 1.93191e-07
27 (QN/Block) 	Elapsed: 0.063	Loglikelihood: -170074	(delta): 5.9983e-08
28 (QN/Block) 	Elapsed: 0.064	Loglikelihood: -170074	(delta): 9.77889e-09
29 (QN/Block) 	Elapsed: 0.066	Loglikelihood: -170074	(delta): 1.74623e-09
30 (QN/Block) 	Elapsed: 0.062	Loglikelihood: -170074	(delta): 3.7835e-10
31 (QN/Block) 	Elapsed: 0.066	Loglikelihood: -170074	(delta): 5.82077e-11
32 (QN/Block) 	Elapsed: 0.064	Loglikelihood: -170074	(delta): -2.91038e-11
33 (QN/Block) 	Elapsed: 0.061	Loglikelihood: -170074	(delta): 2.91038e-11
34 (QN/Block) 	Elapsed: 0.067	Loglikelihood: -170074	(delta): 0
35 (QN/Block) 	Elapsed: 0.068	Loglikelihood: -170074	(delta): -2.91038e-11
36 (QN/Block) 	Elapsed: 0.063	Loglikelihood: -170074	(delta): 2.91038e-11
37 (QN/Block) 	Elapsed: 0.061	Loglikelihood: -170074	(delta): -2.91038e-11
38 (QN/Block) 	Elapsed: 0.066	Loglikelihood: -170074	(delta): 2.91038e-11
39 (QN/Block) 	Elapsed: 0.067	Loglikelihood: -170074	(delta): -2.91038e-11
40 (QN/Block) 	Elapsed: 0.068	Loglikelihood: -170074	(delta): 2.91038e-11
41 (QN/Block) 	Elapsed: 0.063	Loglikelihood: -170074	(delta): 0
42 (QN/Block) 	Elapsed: 0.069	Loglikelihood: -170074	(delta): 5.82077e-11
43 (QN/Block) 	Elapsed: 0.077	Loglikelihood: -170074	(delta): -8.73115e-11
44 (QN/Block) 	Elapsed: 0.074	Loglikelihood: -170074	(delta): 2.91038e-11
45 (QN/Block) 	Elapsed: 0.064	Loglikelihood: -170074	(delta): -2.91038e-11
46 (QN/Block) 	Elapsed: 0.064	Loglikelihood: -170074	(delta): 5.82077e-11
47 (QN/Block) 	Elapsed: 0.067	Loglikelihood: -170074	(delta): -5.82077e-11
48 (QN/Block) 	Elapsed: 0.068	Loglikelihood: -170074	(delta): 0
49 (QN/Block) 	Elapsed: 0.07	Loglikelihood: -170074	(delta): 2.91038e-11
50 (QN/Block) 	Elapsed: 0.068	Loglikelihood: -170074	(delta): 0
51 (QN/Block) 	Elapsed: 0.069	Loglikelihood: -170074	(delta): 0
52 (QN/Block) 	Elapsed: 0.066	Loglikelihood: -170074	(delta): -5.82077e-11
53 (QN/Block) 	Elapsed: 0.068	Loglikelihood: -170074	(delta): 0
54 (QN/Block) 	Elapsed: 0.067	Loglikelihood: -170074	(delta): 5.82077e-11
55 (QN/Block) 	Elapsed: 0.065	Loglikelihood: -170074	(delta): 0
56 (QN/Block) 	Elapsed: 0.066	Loglikelihood: -170074	(delta): -2.91038e-11
57 (QN/Block) 	Elapsed: 0.061	Loglikelihood: -170074	(delta): 0
58 (QN/Block) 	Elapsed: 0.061	Loglikelihood: -170074	(delta): -2.91038e-11
59 (QN/Block) 	Elapsed: 0.071	Loglikelihood: -170074	(delta): 0
60 (QN/Block) 	Elapsed: 0.063	Loglikelihood: -170074	(delta): 5.82077e-11
61 (QN/Block) 	Elapsed: 0.069	Loglikelihood: -170074	(delta): 0
62 (QN/Block) 	Elapsed: 0.062	Loglikelihood: -170074	(delta): 0
63 (QN/Block) 	Elapsed: 0.065	Loglikelihood: -170074	(delta): 2.91038e-11
64 (QN/Block) 	Elapsed: 0.061	Loglikelihood: -170074	(delta): -5.82077e-11
65 (QN/Block) 	Elapsed: 0.071	Loglikelihood: -170074	(delta): 0
66 (QN/Block) 	Elapsed: 0.062	Loglikelihood: -170074	(delta): -2.91038e-11
67 (QN/Block) 	Elapsed: 0.07	Loglikelihood: -170074	(delta): 5.82077e-11
68 (QN/Block) 	Elapsed: 0.068	Loglikelihood: -170074	(delta): 2.91038e-11
69 (QN/Block) 	Elapsed: 0.068	Loglikelihood: -170074	(delta): -2.91038e-11
70 (QN/Block) 	Elapsed: 0.061	Loglikelihood: -170074	(delta): -2.91038e-11
71 (QN/Block) 	Elapsed: 0.064	Loglikelihood: -170074	(delta): 0
72 (QN/Block) 	Elapsed: 0.067	Loglikelihood: -170074	(delta): 2.91038e-11
73 (QN/Block) 	Elapsed: 0.066	Loglikelihood: -170074	(delta): -2.91038e-11
74 (QN/Block) 	Elapsed: 0.078	Loglikelihood: -170074	(delta): 0
75 (QN/Block) 	Elapsed: 0.065	Loglikelihood: -170074	(delta): 0
76 (QN/Block) 	Elapsed: 0.066	Loglikelihood: -170074	(delta): 0
77 (QN/Block) 	Elapsed: 0.067	Loglikelihood: -170074	(delta): 0
78 (QN/Block) 	Elapsed: 0.075	Loglikelihood: -170074	(delta): 0
79 (QN/Block) 	Elapsed: 0.073	Loglikelihood: -170074	(delta): 0
80 (QN/Block) 	Elapsed: 0.065	Loglikelihood: -170074	(delta): 0
81 (QN/Block) 	Elapsed: 0.068	Loglikelihood: -170074	(delta): -2.91038e-11
82 (QN/Block) 	Elapsed: 0.061	Loglikelihood: -170074	(delta): 2.91038e-11
83 (QN/Block) 	Elapsed: 0.07	Loglikelihood: -170074	(delta): 0
84 (QN/Block) 	Elapsed: 0.071	Loglikelihood: -170074	(delta): 0
85 (QN/Block) 	Elapsed: 0.071	Loglikelihood: -170074	(delta): 0
86 (QN/Block) 	Elapsed: 0.071	Loglikelihood: -170074	(delta): 0
87 (QN/Block) 	Elapsed: 0.064	Loglikelihood: -170074	(delta): -2.91038e-11
88 (QN/Block) 	Elapsed: 0.074	Loglikelihood: -170074	(delta): 2.91038e-11
89 (QN/Block) 	Elapsed: 0.069	Loglikelihood: -170074	(delta): -2.91038e-11
90 (QN/Block) 	Elapsed: 0.065	Loglikelihood: -170074	(delta): 0
91 (QN/Block) 	Elapsed: 0.07	Loglikelihood: -170074	(delta): 0
92 (QN/Block) 	Elapsed: 0.07	Loglikelihood: -170074	(delta): 2.91038e-11
93 (QN/Block) 	Elapsed: 0.065	Loglikelihood: -170074	(delta): -2.91038e-11
94 (QN/Block) 	Elapsed: 0.067	Loglikelihood: -170074	(delta): 2.91038e-11
95 (QN/Block) 	Elapsed: 0.063	Loglikelihood: -170074	(delta): 0
96 (QN/Block) 	Elapsed: 0.07	Loglikelihood: -170074	(delta): -2.91038e-11
97 (QN/Block) 	Elapsed: 0.07	Loglikelihood: -170074	(delta): 0
98 (QN/Block) 	Elapsed: 0.066	Loglikelihood: -170074	(delta): 2.91038e-11
99 (QN/Block) 	Elapsed: 0.067	Loglikelihood: -170074	(delta): 0
100 (QN/Block) 	Elapsed: 0.069	Loglikelihood: -170074	(delta): 2.91038e-11
Summary: 
Converged in 100 iterations (7.072 sec)
Loglikelihood: -170074.306453
Fst divergences between estimated populations: 
	Pop0	Pop1	Pop2	
Pop0	
Pop1	0.360	
Pop2	0.360	0.054	
Pop3	0.339	0.045	0.052	
CV error (K=4): 0.21487
Writing output files.
