****                   ADMIXTURE Version 1.3.0                  ****
****                    Copyright 2008-2015                     ****
****           David Alexander, Suyash Shringarpure,            ****
****                John  Novembre, Ken Lange                   ****
****                                                            ****
****                 Please cite our paper!                     ****
****   Information at www.genetics.ucla.edu/software/admixture  ****

Parallel execution requested.  Will use 8 threads.
Cross-validation will be performed.  Folds=10.
Random seed: 43
Point estimation method: Block relaxation algorithm
Convergence acceleration algorithm: QuasiNewton, 3 secant conditions
Point estimation will terminate at 100 iterations
Estimation of standard errors disabled; will compute point estimates only.
Size of G: 335x1606
Performing five EM steps to prime main algorithm
1 (EM) 	Elapsed: 0.068	Loglikelihood: -213490	(delta): 529426
2 (EM) 	Elapsed: 0.078	Loglikelihood: -200188	(delta): 13302.4
3 (EM) 	Elapsed: 0.08	Loglikelihood: -198096	(delta): 2091.03
4 (EM) 	Elapsed: 0.076	Loglikelihood: -196944	(delta): 1152.84
5 (EM) 	Elapsed: 0.088	Loglikelihood: -196047	(delta): 896.892
Initial loglikelihood: -196047
Starting main algorithm
1 (QN/Block) 	Elapsed: 0.141	Loglikelihood: -175162	(delta): 20884.3
2 (QN/Block) 	Elapsed: 0.124	Loglikelihood: -168628	(delta): 6534.65
3 (QN/Block) 	Elapsed: 0.12	Loglikelihood: -166809	(delta): 1818.49
4 (QN/Block) 	Elapsed: 0.124	Loglikelihood: -165880	(delta): 929.785
5 (QN/Block) 	Elapsed: 0.13	Loglikelihood: -165507	(delta): 372.151
6 (QN/Block) 	Elapsed: 0.124	Loglikelihood: -165320	(delta): 187.818
7 (QN/Block) 	Elapsed: 0.124	Loglikelihood: -165226	(delta): 93.0525
8 (QN/Block) 	Elapsed: 0.127	Loglikelihood: -165169	(delta): 57.7685
9 (QN/Block) 	Elapsed: 0.119	Loglikelihood: -165134	(delta): 34.8099
10 (QN/Block) 	Elapsed: 0.121	Loglikelihood: -165106	(delta): 27.6409
11 (QN/Block) 	Elapsed: 0.119	Loglikelihood: -165096	(delta): 10.0571
12 (QN/Block) 	Elapsed: 0.116	Loglikelihood: -165086	(delta): 10.2009
13 (QN/Block) 	Elapsed: 0.121	Loglikelihood: -165076	(delta): 9.90598
14 (QN/Block) 	Elapsed: 0.126	Loglikelihood: -165056	(delta): 19.7424
15 (QN/Block) 	Elapsed: 0.125	Loglikelihood: -165040	(delta): 16.6656
16 (QN/Block) 	Elapsed: 0.115	Loglikelihood: -165024	(delta): 15.5488
17 (QN/Block) 	Elapsed: 0.119	Loglikelihood: -164998	(delta): 26.0757
18 (QN/Block) 	Elapsed: 0.119	Loglikelihood: -164964	(delta): 33.5912
19 (QN/Block) 	Elapsed: 0.118	Loglikelihood: -164916	(delta): 48.2597
20 (QN/Block) 	Elapsed: 0.123	Loglikelihood: -164869	(delta): 47.3982
21 (QN/Block) 	Elapsed: 0.113	Loglikelihood: -164839	(delta): 29.8559
22 (QN/Block) 	Elapsed: 0.114	Loglikelihood: -164826	(delta): 12.8016
23 (QN/Block) 	Elapsed: 0.113	Loglikelihood: -164818	(delta): 7.77232
24 (QN/Block) 	Elapsed: 0.112	Loglikelihood: -164804	(delta): 14.0469
25 (QN/Block) 	Elapsed: 0.109	Loglikelihood: -164786	(delta): 18.7332
26 (QN/Block) 	Elapsed: 0.11	Loglikelihood: -164773	(delta): 12.199
27 (QN/Block) 	Elapsed: 0.111	Loglikelihood: -164769	(delta): 4.85397
28 (QN/Block) 	Elapsed: 0.114	Loglikelihood: -164763	(delta): 5.50908
29 (QN/Block) 	Elapsed: 0.114	Loglikelihood: -164758	(delta): 4.94396
30 (QN/Block) 	Elapsed: 0.121	Loglikelihood: -164753	(delta): 5.10959
31 (QN/Block) 	Elapsed: 0.161	Loglikelihood: -164749	(delta): 4.4431
32 (QN/Block) 	Elapsed: 0.15	Loglikelihood: -164745	(delta): 4.06375
33 (QN/Block) 	Elapsed: 0.15	Loglikelihood: -164741	(delta): 3.732
34 (QN/Block) 	Elapsed: 0.14	Loglikelihood: -164739	(delta): 1.76227
35 (QN/Block) 	Elapsed: 0.141	Loglikelihood: -164735	(delta): 4.13816
36 (QN/Block) 	Elapsed: 0.131	Loglikelihood: -164732	(delta): 3.22217
37 (QN/Block) 	Elapsed: 0.131	Loglikelihood: -164718	(delta): 13.6614
38 (QN/Block) 	Elapsed: 0.129	Loglikelihood: -164690	(delta): 27.6692
39 (QN/Block) 	Elapsed: 0.134	Loglikelihood: -164675	(delta): 15.4233
40 (QN/Block) 	Elapsed: 0.106	Loglikelihood: -164662	(delta): 12.8937
41 (QN/Block) 	Elapsed: 0.132	Loglikelihood: -164651	(delta): 10.7935
42 (QN/Block) 	Elapsed: 0.124	Loglikelihood: -164646	(delta): 4.76128
43 (QN/Block) 	Elapsed: 0.117	Loglikelihood: -164641	(delta): 5.54478
44 (QN/Block) 	Elapsed: 0.111	Loglikelihood: -164631	(delta): 9.73772
45 (QN/Block) 	Elapsed: 0.114	Loglikelihood: -164625	(delta): 6.16967
46 (QN/Block) 	Elapsed: 0.113	Loglikelihood: -164621	(delta): 4.01349
47 (QN/Block) 	Elapsed: 0.121	Loglikelihood: -164619	(delta): 1.58797
48 (QN/Block) 	Elapsed: 0.127	Loglikelihood: -164619	(delta): 0.751486
49 (QN/Block) 	Elapsed: 0.151	Loglikelihood: -164617	(delta): 2.06914
50 (QN/Block) 	Elapsed: 0.135	Loglikelihood: -164614	(delta): 2.58005
51 (QN/Block) 	Elapsed: 0.13	Loglikelihood: -164610	(delta): 3.63583
52 (QN/Block) 	Elapsed: 0.127	Loglikelihood: -164610	(delta): 0.833397
53 (QN/Block) 	Elapsed: 0.127	Loglikelihood: -164609	(delta): 0.367631
54 (QN/Block) 	Elapsed: 0.126	Loglikelihood: -164609	(delta): 0.195891
55 (QN/Block) 	Elapsed: 0.123	Loglikelihood: -164609	(delta): 0.322462
56 (QN/Block) 	Elapsed: 0.133	Loglikelihood: -164608	(delta): 0.317289
57 (QN/Block) 	Elapsed: 0.139	Loglikelihood: -164608	(delta): 0.492188
58 (QN/Block) 	Elapsed: 0.135	Loglikelihood: -164607	(delta): 0.698959
59 (QN/Block) 	Elapsed: 0.128	Loglikelihood: -164607	(delta): 0.618683
60 (QN/Block) 	Elapsed: 0.125	Loglikelihood: -164606	(delta): 0.20687
61 (QN/Block) 	Elapsed: 0.126	Loglikelihood: -164606	(delta): 0.0824281
62 (QN/Block) 	Elapsed: 0.132	Loglikelihood: -164606	(delta): 0.192084
63 (QN/Block) 	Elapsed: 0.135	Loglikelihood: -164606	(delta): 0.0365342
64 (QN/Block) 	Elapsed: 0.136	Loglikelihood: -164606	(delta): 0.00612502
65 (QN/Block) 	Elapsed: 0.145	Loglikelihood: -164606	(delta): 0.00390618
66 (QN/Block) 	Elapsed: 0.122	Loglikelihood: -164606	(delta): 0.000533068
67 (QN/Block) 	Elapsed: 0.122	Loglikelihood: -164606	(delta): 0.000270409
68 (QN/Block) 	Elapsed: 0.123	Loglikelihood: -164606	(delta): 0.000113246
69 (QN/Block) 	Elapsed: 0.124	Loglikelihood: -164606	(delta): 3.01364e-05
70 (QN/Block) 	Elapsed: 0.129	Loglikelihood: -164606	(delta): 1.13304e-05
71 (QN/Block) 	Elapsed: 0.125	Loglikelihood: -164606	(delta): 1.9086e-06
72 (QN/Block) 	Elapsed: 0.13	Loglikelihood: -164606	(delta): 1.09183e-06
73 (QN/Block) 	Elapsed: 0.132	Loglikelihood: -164606	(delta): 5.39963e-07
74 (QN/Block) 	Elapsed: 0.123	Loglikelihood: -164606	(delta): 1.65543e-07
75 (QN/Block) 	Elapsed: 0.127	Loglikelihood: -164606	(delta): 4.22297e-08
76 (QN/Block) 	Elapsed: 0.131	Loglikelihood: -164606	(delta): 1.11468e-08
77 (QN/Block) 	Elapsed: 0.129	Loglikelihood: -164606	(delta): 5.90808e-09
78 (QN/Block) 	Elapsed: 0.129	Loglikelihood: -164606	(delta): 3.43425e-09
79 (QN/Block) 	Elapsed: 0.135	Loglikelihood: -164606	(delta): 4.94765e-10
80 (QN/Block) 	Elapsed: 0.141	Loglikelihood: -164606	(delta): 1.45519e-10
81 (QN/Block) 	Elapsed: 0.133	Loglikelihood: -164606	(delta): 5.82077e-11
82 (QN/Block) 	Elapsed: 0.133	Loglikelihood: -164606	(delta): 0
83 (QN/Block) 	Elapsed: 0.136	Loglikelihood: -164606	(delta): 2.91038e-11
84 (QN/Block) 	Elapsed: 0.145	Loglikelihood: -164606	(delta): -2.91038e-11
85 (QN/Block) 	Elapsed: 0.139	Loglikelihood: -164606	(delta): 0
86 (QN/Block) 	Elapsed: 0.136	Loglikelihood: -164606	(delta): 2.91038e-11
87 (QN/Block) 	Elapsed: 0.144	Loglikelihood: -164606	(delta): -2.91038e-11
88 (QN/Block) 	Elapsed: 0.14	Loglikelihood: -164606	(delta): 2.91038e-11
89 (QN/Block) 	Elapsed: 0.137	Loglikelihood: -164606	(delta): -5.82077e-11
90 (QN/Block) 	Elapsed: 0.136	Loglikelihood: -164606	(delta): 8.73115e-11
91 (QN/Block) 	Elapsed: 0.14	Loglikelihood: -164606	(delta): 0
92 (QN/Block) 	Elapsed: 0.123	Loglikelihood: -164606	(delta): -5.82077e-11
93 (QN/Block) 	Elapsed: 0.116	Loglikelihood: -164606	(delta): 8.73115e-11
94 (QN/Block) 	Elapsed: 0.119	Loglikelihood: -164606	(delta): -5.82077e-11
95 (QN/Block) 	Elapsed: 0.117	Loglikelihood: -164606	(delta): 2.91038e-11
96 (QN/Block) 	Elapsed: 0.12	Loglikelihood: -164606	(delta): 0
97 (QN/Block) 	Elapsed: 0.14	Loglikelihood: -164606	(delta): -2.91038e-11
98 (QN/Block) 	Elapsed: 0.139	Loglikelihood: -164606	(delta): 0
99 (QN/Block) 	Elapsed: 0.168	Loglikelihood: -164606	(delta): 2.91038e-11
100 (QN/Block) 	Elapsed: 0.136	Loglikelihood: -164606	(delta): 0
Summary: 
Converged in 100 iterations (13.499 sec)
Loglikelihood: -164605.977939
Fst divergences between estimated populations: 
	Pop0	Pop1	Pop2	Pop3	Pop4	Pop5	Pop6	Pop7	
Pop0	
Pop1	0.096	
Pop2	0.095	0.048	
Pop3	0.267	0.224	0.230	
Pop4	0.133	0.070	0.077	0.252	
Pop5	0.133	0.066	0.074	0.251	0.047	
Pop6	0.411	0.370	0.379	0.462	0.392	0.394	
Pop7	0.115	0.051	0.055	0.241	0.070	0.069	0.385	
Pop8	0.394	0.352	0.359	0.447	0.373	0.375	0.124	0.365	
CV error (K=9): 0.22326
Writing output files.
