****                   ADMIXTURE Version 1.3.0                  ****
****                    Copyright 2008-2015                     ****
****           David Alexander, Suyash Shringarpure,            ****
****                John  Novembre, Ken Lange                   ****
****                                                            ****
****                 Please cite our paper!                     ****
****   Information at www.genetics.ucla.edu/software/admixture  ****

Parallel execution requested.  Will use 8 threads.
Cross-validation will be performed.  Folds=10.
Random seed: 43
Point estimation method: Block relaxation algorithm
Convergence acceleration algorithm: QuasiNewton, 3 secant conditions
Point estimation will terminate at 100 iterations
Estimation of standard errors disabled; will compute point estimates only.
Size of G: 335x1606
Performing five EM steps to prime main algorithm
1 (EM) 	Elapsed: 0.014	Loglikelihood: -207369	(delta): 642364
2 (EM) 	Elapsed: 0.014	Loglikelihood: -199235	(delta): 8133.44
3 (EM) 	Elapsed: 0.013	Loglikelihood: -197631	(delta): 1603.78
4 (EM) 	Elapsed: 0.015	Loglikelihood: -196882	(delta): 749.319
5 (EM) 	Elapsed: 0.014	Loglikelihood: -196517	(delta): 365.594
Initial loglikelihood: -196517
Starting main algorithm
1 (QN/Block) 	Elapsed: 0.04	Loglikelihood: -188681	(delta): 7835.03
2 (QN/Block) 	Elapsed: 0.037	Loglikelihood: -181148	(delta): 7533.5
3 (QN/Block) 	Elapsed: 0.04	Loglikelihood: -179043	(delta): 2105.33
4 (QN/Block) 	Elapsed: 0.039	Loglikelihood: -178120	(delta): 922.528
5 (QN/Block) 	Elapsed: 0.044	Loglikelihood: -177668	(delta): 451.785
6 (QN/Block) 	Elapsed: 0.046	Loglikelihood: -177508	(delta): 159.945
7 (QN/Block) 	Elapsed: 0.039	Loglikelihood: -177489	(delta): 19.5065
8 (QN/Block) 	Elapsed: 0.045	Loglikelihood: -177487	(delta): 2.3443
9 (QN/Block) 	Elapsed: 0.046	Loglikelihood: -177486	(delta): 0.182247
10 (QN/Block) 	Elapsed: 0.047	Loglikelihood: -177486	(delta): 0.00554308
11 (QN/Block) 	Elapsed: 0.06	Loglikelihood: -177486	(delta): 0.00206965
12 (QN/Block) 	Elapsed: 0.054	Loglikelihood: -177486	(delta): 0.000326806
13 (QN/Block) 	Elapsed: 0.043	Loglikelihood: -177486	(delta): 5.33228e-05
14 (QN/Block) 	Elapsed: 0.043	Loglikelihood: -177486	(delta): 4.59643e-06
15 (QN/Block) 	Elapsed: 0.045	Loglikelihood: -177486	(delta): 2.38419e-07
16 (QN/Block) 	Elapsed: 0.046	Loglikelihood: -177486	(delta): 1.49885e-08
17 (QN/Block) 	Elapsed: 0.047	Loglikelihood: -177486	(delta): 5.82077e-11
18 (QN/Block) 	Elapsed: 0.046	Loglikelihood: -177486	(delta): 2.91038e-11
19 (QN/Block) 	Elapsed: 0.05	Loglikelihood: -177486	(delta): 2.91038e-11
20 (QN/Block) 	Elapsed: 0.045	Loglikelihood: -177486	(delta): 0
21 (QN/Block) 	Elapsed: 0.049	Loglikelihood: -177486	(delta): -2.91038e-11
22 (QN/Block) 	Elapsed: 0.051	Loglikelihood: -177486	(delta): 0
23 (QN/Block) 	Elapsed: 0.043	Loglikelihood: -177486	(delta): 0
24 (QN/Block) 	Elapsed: 0.042	Loglikelihood: -177486	(delta): 2.91038e-11
25 (QN/Block) 	Elapsed: 0.052	Loglikelihood: -177486	(delta): 0
26 (QN/Block) 	Elapsed: 0.047	Loglikelihood: -177486	(delta): -2.91038e-11
27 (QN/Block) 	Elapsed: 0.058	Loglikelihood: -177486	(delta): 2.91038e-11
28 (QN/Block) 	Elapsed: 0.046	Loglikelihood: -177486	(delta): -2.91038e-11
29 (QN/Block) 	Elapsed: 0.051	Loglikelihood: -177486	(delta): 0
30 (QN/Block) 	Elapsed: 0.048	Loglikelihood: -177486	(delta): 0
31 (QN/Block) 	Elapsed: 0.052	Loglikelihood: -177486	(delta): 0
32 (QN/Block) 	Elapsed: 0.043	Loglikelihood: -177486	(delta): 0
33 (QN/Block) 	Elapsed: 0.046	Loglikelihood: -177486	(delta): 0
34 (QN/Block) 	Elapsed: 0.046	Loglikelihood: -177486	(delta): 0
35 (QN/Block) 	Elapsed: 0.052	Loglikelihood: -177486	(delta): 0
36 (QN/Block) 	Elapsed: 0.048	Loglikelihood: -177486	(delta): 0
37 (QN/Block) 	Elapsed: 0.048	Loglikelihood: -177486	(delta): 0
38 (QN/Block) 	Elapsed: 0.052	Loglikelihood: -177486	(delta): 0
39 (QN/Block) 	Elapsed: 0.043	Loglikelihood: -177486	(delta): 0
40 (QN/Block) 	Elapsed: 0.049	Loglikelihood: -177486	(delta): 0
41 (QN/Block) 	Elapsed: 0.05	Loglikelihood: -177486	(delta): 0
42 (QN/Block) 	Elapsed: 0.052	Loglikelihood: -177486	(delta): 0
43 (QN/Block) 	Elapsed: 0.047	Loglikelihood: -177486	(delta): 0
44 (QN/Block) 	Elapsed: 0.047	Loglikelihood: -177486	(delta): 5.82077e-11
45 (QN/Block) 	Elapsed: 0.049	Loglikelihood: -177486	(delta): -2.91038e-11
46 (QN/Block) 	Elapsed: 0.049	Loglikelihood: -177486	(delta): -2.91038e-11
47 (QN/Block) 	Elapsed: 0.049	Loglikelihood: -177486	(delta): 0
48 (QN/Block) 	Elapsed: 0.046	Loglikelihood: -177486	(delta): 0
49 (QN/Block) 	Elapsed: 0.046	Loglikelihood: -177486	(delta): -2.91038e-11
50 (QN/Block) 	Elapsed: 0.043	Loglikelihood: -177486	(delta): 2.91038e-11
51 (QN/Block) 	Elapsed: 0.043	Loglikelihood: -177486	(delta): 0
52 (QN/Block) 	Elapsed: 0.048	Loglikelihood: -177486	(delta): 0
53 (QN/Block) 	Elapsed: 0.046	Loglikelihood: -177486	(delta): 0
54 (QN/Block) 	Elapsed: 0.051	Loglikelihood: -177486	(delta): 2.91038e-11
55 (QN/Block) 	Elapsed: 0.052	Loglikelihood: -177486	(delta): -2.91038e-11
56 (QN/Block) 	Elapsed: 0.045	Loglikelihood: -177486	(delta): 0
57 (QN/Block) 	Elapsed: 0.047	Loglikelihood: -177486	(delta): 0
58 (QN/Block) 	Elapsed: 0.047	Loglikelihood: -177486	(delta): 0
59 (QN/Block) 	Elapsed: 0.048	Loglikelihood: -177486	(delta): 0
60 (QN/Block) 	Elapsed: 0.042	Loglikelihood: -177486	(delta): 2.91038e-11
61 (QN/Block) 	Elapsed: 0.04	Loglikelihood: -177486	(delta): -2.91038e-11
62 (QN/Block) 	Elapsed: 0.043	Loglikelihood: -177486	(delta): -2.91038e-11
63 (QN/Block) 	Elapsed: 0.046	Loglikelihood: -177486	(delta): 2.91038e-11
64 (QN/Block) 	Elapsed: 0.047	Loglikelihood: -177486	(delta): -2.91038e-11
65 (QN/Block) 	Elapsed: 0.046	Loglikelihood: -177486	(delta): 2.91038e-11
66 (QN/Block) 	Elapsed: 0.047	Loglikelihood: -177486	(delta): 0
67 (QN/Block) 	Elapsed: 0.047	Loglikelihood: -177486	(delta): 2.91038e-11
68 (QN/Block) 	Elapsed: 0.044	Loglikelihood: -177486	(delta): -2.91038e-11
69 (QN/Block) 	Elapsed: 0.048	Loglikelihood: -177486	(delta): 0
70 (QN/Block) 	Elapsed: 0.048	Loglikelihood: -177486	(delta): -2.91038e-11
71 (QN/Block) 	Elapsed: 0.049	Loglikelihood: -177486	(delta): 2.91038e-11
72 (QN/Block) 	Elapsed: 0.046	Loglikelihood: -177486	(delta): 0
73 (QN/Block) 	Elapsed: 0.049	Loglikelihood: -177486	(delta): 0
74 (QN/Block) 	Elapsed: 0.042	Loglikelihood: -177486	(delta): 0
75 (QN/Block) 	Elapsed: 0.044	Loglikelihood: -177486	(delta): 0
76 (QN/Block) 	Elapsed: 0.043	Loglikelihood: -177486	(delta): 0
77 (QN/Block) 	Elapsed: 0.043	Loglikelihood: -177486	(delta): 0
78 (QN/Block) 	Elapsed: 0.045	Loglikelihood: -177486	(delta): 0
79 (QN/Block) 	Elapsed: 0.054	Loglikelihood: -177486	(delta): 0
80 (QN/Block) 	Elapsed: 0.045	Loglikelihood: -177486	(delta): 0
81 (QN/Block) 	Elapsed: 0.045	Loglikelihood: -177486	(delta): 0
82 (QN/Block) 	Elapsed: 0.045	Loglikelihood: -177486	(delta): 2.91038e-11
83 (QN/Block) 	Elapsed: 0.051	Loglikelihood: -177486	(delta): -2.91038e-11
84 (QN/Block) 	Elapsed: 0.046	Loglikelihood: -177486	(delta): 2.91038e-11
85 (QN/Block) 	Elapsed: 0.046	Loglikelihood: -177486	(delta): -2.91038e-11
86 (QN/Block) 	Elapsed: 0.05	Loglikelihood: -177486	(delta): 0
87 (QN/Block) 	Elapsed: 0.043	Loglikelihood: -177486	(delta): 0
88 (QN/Block) 	Elapsed: 0.046	Loglikelihood: -177486	(delta): 2.91038e-11
89 (QN/Block) 	Elapsed: 0.048	Loglikelihood: -177486	(delta): -2.91038e-11
90 (QN/Block) 	Elapsed: 0.045	Loglikelihood: -177486	(delta): 2.91038e-11
91 (QN/Block) 	Elapsed: 0.045	Loglikelihood: -177486	(delta): -2.91038e-11
92 (QN/Block) 	Elapsed: 0.052	Loglikelihood: -177486	(delta): -2.91038e-11
93 (QN/Block) 	Elapsed: 0.044	Loglikelihood: -177486	(delta): 2.91038e-11
94 (QN/Block) 	Elapsed: 0.048	Loglikelihood: -177486	(delta): 0
95 (QN/Block) 	Elapsed: 0.048	Loglikelihood: -177486	(delta): 0
96 (QN/Block) 	Elapsed: 0.049	Loglikelihood: -177486	(delta): 0
97 (QN/Block) 	Elapsed: 0.049	Loglikelihood: -177486	(delta): 0
98 (QN/Block) 	Elapsed: 0.049	Loglikelihood: -177486	(delta): 0
99 (QN/Block) 	Elapsed: 0.046	Loglikelihood: -177486	(delta): 0
100 (QN/Block) 	Elapsed: 0.05	Loglikelihood: -177486	(delta): 0
Summary: 
Converged in 100 iterations (4.954 sec)
Loglikelihood: -177486.347083
Fst divergences between estimated populations: 
	Pop0	
Pop0	
Pop1	0.345	
CV error (K=2): 0.22232
Writing output files.
