****                   ADMIXTURE Version 1.3.0                  ****
****                    Copyright 2008-2015                     ****
****           David Alexander, Suyash Shringarpure,            ****
****                John  Novembre, Ken Lange                   ****
****                                                            ****
****                 Please cite our paper!                     ****
****   Information at www.genetics.ucla.edu/software/admixture  ****

Parallel execution requested.  Will use 8 threads.
Cross-validation will be performed.  Folds=10.
Random seed: 43
Point estimation method: Block relaxation algorithm
Convergence acceleration algorithm: QuasiNewton, 3 secant conditions
Point estimation will terminate at 100 iterations
Estimation of standard errors disabled; will compute point estimates only.
Size of G: 335x1606
Performing five EM steps to prime main algorithm
1 (EM) 	Elapsed: 0.036	Loglikelihood: -227659	(delta): 541397
2 (EM) 	Elapsed: 0.035	Loglikelihood: -215525	(delta): 12134.5
3 (EM) 	Elapsed: 0.037	Loglikelihood: -213331	(delta): 2194.01
4 (EM) 	Elapsed: 0.037	Loglikelihood: -212086	(delta): 1244.6
5 (EM) 	Elapsed: 0.037	Loglikelihood: -211187	(delta): 898.44
Initial loglikelihood: -211187
Starting main algorithm
1 (QN/Block) 	Elapsed: 0.063	Loglikelihood: -194136	(delta): 17051.2
2 (QN/Block) 	Elapsed: 0.063	Loglikelihood: -185860	(delta): 8275.82
3 (QN/Block) 	Elapsed: 0.068	Loglikelihood: -183317	(delta): 2543.08
4 (QN/Block) 	Elapsed: 0.064	Loglikelihood: -182262	(delta): 1054.99
5 (QN/Block) 	Elapsed: 0.064	Loglikelihood: -181898	(delta): 364.048
6 (QN/Block) 	Elapsed: 0.065	Loglikelihood: -181732	(delta): 166.151
7 (QN/Block) 	Elapsed: 0.066	Loglikelihood: -181684	(delta): 47.6613
8 (QN/Block) 	Elapsed: 0.06	Loglikelihood: -181664	(delta): 20.7995
9 (QN/Block) 	Elapsed: 0.065	Loglikelihood: -181653	(delta): 10.6981
10 (QN/Block) 	Elapsed: 0.068	Loglikelihood: -181648	(delta): 4.84314
11 (QN/Block) 	Elapsed: 0.064	Loglikelihood: -181646	(delta): 2.03037
12 (QN/Block) 	Elapsed: 0.069	Loglikelihood: -181645	(delta): 0.965552
13 (QN/Block) 	Elapsed: 0.068	Loglikelihood: -181645	(delta): 0.447281
14 (QN/Block) 	Elapsed: 0.064	Loglikelihood: -181644	(delta): 0.793227
15 (QN/Block) 	Elapsed: 0.062	Loglikelihood: -181644	(delta): 0.391346
16 (QN/Block) 	Elapsed: 0.072	Loglikelihood: -181643	(delta): 0.526219
17 (QN/Block) 	Elapsed: 0.068	Loglikelihood: -181642	(delta): 0.890733
18 (QN/Block) 	Elapsed: 0.071	Loglikelihood: -181641	(delta): 0.663851
19 (QN/Block) 	Elapsed: 0.069	Loglikelihood: -181641	(delta): 0.523786
20 (QN/Block) 	Elapsed: 0.071	Loglikelihood: -181641	(delta): 0.207873
21 (QN/Block) 	Elapsed: 0.068	Loglikelihood: -181640	(delta): 0.28205
22 (QN/Block) 	Elapsed: 0.065	Loglikelihood: -181640	(delta): 0.244049
23 (QN/Block) 	Elapsed: 0.069	Loglikelihood: -181639	(delta): 1.17659
24 (QN/Block) 	Elapsed: 0.068	Loglikelihood: -181639	(delta): 0.24609
25 (QN/Block) 	Elapsed: 0.067	Loglikelihood: -181639	(delta): 0.235101
26 (QN/Block) 	Elapsed: 0.07	Loglikelihood: -181638	(delta): 0.505517
27 (QN/Block) 	Elapsed: 0.074	Loglikelihood: -181638	(delta): 0.393681
28 (QN/Block) 	Elapsed: 0.069	Loglikelihood: -181637	(delta): 0.464085
29 (QN/Block) 	Elapsed: 0.07	Loglikelihood: -181637	(delta): 0.476966
30 (QN/Block) 	Elapsed: 0.07	Loglikelihood: -181637	(delta): 0.139763
31 (QN/Block) 	Elapsed: 0.069	Loglikelihood: -181636	(delta): 0.0984155
32 (QN/Block) 	Elapsed: 0.071	Loglikelihood: -181636	(delta): 0.107542
33 (QN/Block) 	Elapsed: 0.071	Loglikelihood: -181636	(delta): 0.360196
34 (QN/Block) 	Elapsed: 0.077	Loglikelihood: -181635	(delta): 0.724022
35 (QN/Block) 	Elapsed: 0.072	Loglikelihood: -181635	(delta): 0.281339
36 (QN/Block) 	Elapsed: 0.069	Loglikelihood: -181635	(delta): 0.176618
37 (QN/Block) 	Elapsed: 0.07	Loglikelihood: -181635	(delta): 0.267099
38 (QN/Block) 	Elapsed: 0.072	Loglikelihood: -181634	(delta): 0.0444225
39 (QN/Block) 	Elapsed: 0.069	Loglikelihood: -181634	(delta): 0.0692619
40 (QN/Block) 	Elapsed: 0.067	Loglikelihood: -181634	(delta): 0.0716762
41 (QN/Block) 	Elapsed: 0.072	Loglikelihood: -181634	(delta): 0.174996
42 (QN/Block) 	Elapsed: 0.067	Loglikelihood: -181634	(delta): 0.0721947
43 (QN/Block) 	Elapsed: 0.069	Loglikelihood: -181634	(delta): 0.0473976
44 (QN/Block) 	Elapsed: 0.073	Loglikelihood: -181634	(delta): 0.0284254
45 (QN/Block) 	Elapsed: 0.081	Loglikelihood: -181634	(delta): 0.0142578
46 (QN/Block) 	Elapsed: 0.077	Loglikelihood: -181634	(delta): 0.003288
47 (QN/Block) 	Elapsed: 0.066	Loglikelihood: -181634	(delta): 0.00171041
48 (QN/Block) 	Elapsed: 0.065	Loglikelihood: -181634	(delta): 0.000784711
49 (QN/Block) 	Elapsed: 0.066	Loglikelihood: -181634	(delta): 6.44357e-05
50 (QN/Block) 	Elapsed: 0.07	Loglikelihood: -181634	(delta): 1.13799e-05
51 (QN/Block) 	Elapsed: 0.067	Loglikelihood: -181634	(delta): 2.34332e-06
52 (QN/Block) 	Elapsed: 0.065	Loglikelihood: -181634	(delta): 1.03944e-06
53 (QN/Block) 	Elapsed: 0.069	Loglikelihood: -181634	(delta): 9.43546e-08
54 (QN/Block) 	Elapsed: 0.067	Loglikelihood: -181634	(delta): 6.43195e-09
55 (QN/Block) 	Elapsed: 0.071	Loglikelihood: -181634	(delta): 7.567e-10
56 (QN/Block) 	Elapsed: 0.072	Loglikelihood: -181634	(delta): 5.82077e-11
57 (QN/Block) 	Elapsed: 0.074	Loglikelihood: -181634	(delta): 2.91038e-11
58 (QN/Block) 	Elapsed: 0.072	Loglikelihood: -181634	(delta): 0
59 (QN/Block) 	Elapsed: 0.073	Loglikelihood: -181634	(delta): 5.82077e-11
60 (QN/Block) 	Elapsed: 0.075	Loglikelihood: -181634	(delta): 0
61 (QN/Block) 	Elapsed: 0.07	Loglikelihood: -181634	(delta): 0
62 (QN/Block) 	Elapsed: 0.069	Loglikelihood: -181634	(delta): 0
63 (QN/Block) 	Elapsed: 0.066	Loglikelihood: -181634	(delta): -5.82077e-11
64 (QN/Block) 	Elapsed: 0.072	Loglikelihood: -181634	(delta): 2.91038e-11
65 (QN/Block) 	Elapsed: 0.072	Loglikelihood: -181634	(delta): 0
66 (QN/Block) 	Elapsed: 0.074	Loglikelihood: -181634	(delta): 0
67 (QN/Block) 	Elapsed: 0.073	Loglikelihood: -181634	(delta): 0
68 (QN/Block) 	Elapsed: 0.075	Loglikelihood: -181634	(delta): 0
69 (QN/Block) 	Elapsed: 0.074	Loglikelihood: -181634	(delta): -2.91038e-11
70 (QN/Block) 	Elapsed: 0.068	Loglikelihood: -181634	(delta): -2.91038e-11
71 (QN/Block) 	Elapsed: 0.069	Loglikelihood: -181634	(delta): 5.82077e-11
72 (QN/Block) 	Elapsed: 0.073	Loglikelihood: -181634	(delta): -2.91038e-11
73 (QN/Block) 	Elapsed: 0.077	Loglikelihood: -181634	(delta): 2.91038e-11
74 (QN/Block) 	Elapsed: 0.072	Loglikelihood: -181634	(delta): -2.91038e-11
75 (QN/Block) 	Elapsed: 0.07	Loglikelihood: -181634	(delta): 2.91038e-11
76 (QN/Block) 	Elapsed: 0.071	Loglikelihood: -181634	(delta): 0
77 (QN/Block) 	Elapsed: 0.073	Loglikelihood: -181634	(delta): 0
78 (QN/Block) 	Elapsed: 0.073	Loglikelihood: -181634	(delta): -2.91038e-11
79 (QN/Block) 	Elapsed: 0.073	Loglikelihood: -181634	(delta): 2.91038e-11
80 (QN/Block) 	Elapsed: 0.072	Loglikelihood: -181634	(delta): 0
81 (QN/Block) 	Elapsed: 0.068	Loglikelihood: -181634	(delta): -5.82077e-11
82 (QN/Block) 	Elapsed: 0.075	Loglikelihood: -181634	(delta): 5.82077e-11
83 (QN/Block) 	Elapsed: 0.069	Loglikelihood: -181634	(delta): -2.91038e-11
84 (QN/Block) 	Elapsed: 0.069	Loglikelihood: -181634	(delta): 2.91038e-11
85 (QN/Block) 	Elapsed: 0.07	Loglikelihood: -181634	(delta): -2.91038e-11
86 (QN/Block) 	Elapsed: 0.069	Loglikelihood: -181634	(delta): 0
87 (QN/Block) 	Elapsed: 0.067	Loglikelihood: -181634	(delta): 0
88 (QN/Block) 	Elapsed: 0.068	Loglikelihood: -181634	(delta): 2.91038e-11
89 (QN/Block) 	Elapsed: 0.064	Loglikelihood: -181634	(delta): -2.91038e-11
90 (QN/Block) 	Elapsed: 0.068	Loglikelihood: -181634	(delta): 5.82077e-11
91 (QN/Block) 	Elapsed: 0.07	Loglikelihood: -181634	(delta): -2.91038e-11
92 (QN/Block) 	Elapsed: 0.071	Loglikelihood: -181634	(delta): -2.91038e-11
93 (QN/Block) 	Elapsed: 0.07	Loglikelihood: -181634	(delta): 2.91038e-11
94 (QN/Block) 	Elapsed: 0.066	Loglikelihood: -181634	(delta): 0
95 (QN/Block) 	Elapsed: 0.071	Loglikelihood: -181634	(delta): 0
96 (QN/Block) 	Elapsed: 0.068	Loglikelihood: -181634	(delta): 0
97 (QN/Block) 	Elapsed: 0.076	Loglikelihood: -181634	(delta): 5.82077e-11
98 (QN/Block) 	Elapsed: 0.069	Loglikelihood: -181634	(delta): -5.82077e-11
99 (QN/Block) 	Elapsed: 0.067	Loglikelihood: -181634	(delta): 2.91038e-11
100 (QN/Block) 	Elapsed: 0.07	Loglikelihood: -181634	(delta): 0
Summary: 
Converged in 100 iterations (7.332 sec)
Loglikelihood: -181634.003846
Fst divergences between estimated populations: 
	Pop0	Pop1	Pop2	Pop3	
Pop0	
Pop1	0.381	
Pop2	0.352	0.063	
Pop3	0.376	0.066	0.043	
Pop4	0.379	0.056	0.070	0.075	
CV error (K=5): 0.23053
Writing output files.
