****                   ADMIXTURE Version 1.3.0                  ****
****                    Copyright 2008-2015                     ****
****           David Alexander, Suyash Shringarpure,            ****
****                John  Novembre, Ken Lange                   ****
****                                                            ****
****                 Please cite our paper!                     ****
****   Information at www.genetics.ucla.edu/software/admixture  ****

Parallel execution requested.  Will use 8 threads.
Cross-validation will be performed.  Folds=10.
Random seed: 43
Point estimation method: Block relaxation algorithm
Convergence acceleration algorithm: QuasiNewton, 3 secant conditions
Point estimation will terminate at 100 iterations
Estimation of standard errors disabled; will compute point estimates only.
Size of G: 335x1606
Performing five EM steps to prime main algorithm
1 (EM) 	Elapsed: 0.047	Loglikelihood: -228005	(delta): 521318
2 (EM) 	Elapsed: 0.045	Loglikelihood: -215421	(delta): 12583.5
3 (EM) 	Elapsed: 0.044	Loglikelihood: -213189	(delta): 2232.4
4 (EM) 	Elapsed: 0.045	Loglikelihood: -211915	(delta): 1274.42
5 (EM) 	Elapsed: 0.043	Loglikelihood: -210938	(delta): 976.504
Initial loglikelihood: -210938
Starting main algorithm
1 (QN/Block) 	Elapsed: 0.064	Loglikelihood: -188909	(delta): 22029
2 (QN/Block) 	Elapsed: 0.063	Loglikelihood: -183795	(delta): 5114.19
3 (QN/Block) 	Elapsed: 0.066	Loglikelihood: -181965	(delta): 1830.33
4 (QN/Block) 	Elapsed: 0.074	Loglikelihood: -180957	(delta): 1007.75
5 (QN/Block) 	Elapsed: 0.076	Loglikelihood: -180479	(delta): 477.912
6 (QN/Block) 	Elapsed: 0.074	Loglikelihood: -180213	(delta): 265.81
7 (QN/Block) 	Elapsed: 0.076	Loglikelihood: -180126	(delta): 87.0458
8 (QN/Block) 	Elapsed: 0.083	Loglikelihood: -180073	(delta): 53.0023
9 (QN/Block) 	Elapsed: 0.075	Loglikelihood: -180040	(delta): 32.537
10 (QN/Block) 	Elapsed: 0.076	Loglikelihood: -180026	(delta): 14.7053
11 (QN/Block) 	Elapsed: 0.082	Loglikelihood: -180017	(delta): 9.1079
12 (QN/Block) 	Elapsed: 0.076	Loglikelihood: -180012	(delta): 4.28336
13 (QN/Block) 	Elapsed: 0.08	Loglikelihood: -180008	(delta): 4.01166
14 (QN/Block) 	Elapsed: 0.08	Loglikelihood: -180007	(delta): 1.25689
15 (QN/Block) 	Elapsed: 0.077	Loglikelihood: -180006	(delta): 0.995488
16 (QN/Block) 	Elapsed: 0.079	Loglikelihood: -180005	(delta): 1.48907
17 (QN/Block) 	Elapsed: 0.081	Loglikelihood: -180003	(delta): 1.32716
18 (QN/Block) 	Elapsed: 0.081	Loglikelihood: -180002	(delta): 1.00484
19 (QN/Block) 	Elapsed: 0.083	Loglikelihood: -180002	(delta): 0.632193
20 (QN/Block) 	Elapsed: 0.081	Loglikelihood: -180000	(delta): 1.23147
21 (QN/Block) 	Elapsed: 0.087	Loglikelihood: -179999	(delta): 1.15517
22 (QN/Block) 	Elapsed: 0.076	Loglikelihood: -179998	(delta): 0.847008
23 (QN/Block) 	Elapsed: 0.082	Loglikelihood: -179997	(delta): 1.53008
24 (QN/Block) 	Elapsed: 0.089	Loglikelihood: -179996	(delta): 0.569693
25 (QN/Block) 	Elapsed: 0.084	Loglikelihood: -179996	(delta): 0.465047
26 (QN/Block) 	Elapsed: 0.088	Loglikelihood: -179995	(delta): 0.83106
27 (QN/Block) 	Elapsed: 0.082	Loglikelihood: -179994	(delta): 0.675944
28 (QN/Block) 	Elapsed: 0.082	Loglikelihood: -179994	(delta): 0.519845
29 (QN/Block) 	Elapsed: 0.081	Loglikelihood: -179994	(delta): 0.255791
30 (QN/Block) 	Elapsed: 0.084	Loglikelihood: -179993	(delta): 0.22184
31 (QN/Block) 	Elapsed: 0.084	Loglikelihood: -179993	(delta): 0.0973048
32 (QN/Block) 	Elapsed: 0.084	Loglikelihood: -179993	(delta): 0.0878067
33 (QN/Block) 	Elapsed: 0.074	Loglikelihood: -179993	(delta): 0.0575848
34 (QN/Block) 	Elapsed: 0.081	Loglikelihood: -179993	(delta): 0.0350174
35 (QN/Block) 	Elapsed: 0.075	Loglikelihood: -179993	(delta): 0.00617509
36 (QN/Block) 	Elapsed: 0.077	Loglikelihood: -179993	(delta): 0.00089645
37 (QN/Block) 	Elapsed: 0.078	Loglikelihood: -179993	(delta): 0.000379787
38 (QN/Block) 	Elapsed: 0.078	Loglikelihood: -179993	(delta): 1.9618e-05
39 (QN/Block) 	Elapsed: 0.078	Loglikelihood: -179993	(delta): 4.41377e-06
40 (QN/Block) 	Elapsed: 0.076	Loglikelihood: -179993	(delta): 5.00266e-07
41 (QN/Block) 	Elapsed: 0.077	Loglikelihood: -179993	(delta): 6.70552e-08
42 (QN/Block) 	Elapsed: 0.074	Loglikelihood: -179993	(delta): 6.37374e-09
43 (QN/Block) 	Elapsed: 0.075	Loglikelihood: -179993	(delta): 7.567e-10
44 (QN/Block) 	Elapsed: 0.074	Loglikelihood: -179993	(delta): 8.73115e-11
45 (QN/Block) 	Elapsed: 0.083	Loglikelihood: -179993	(delta): 5.82077e-11
46 (QN/Block) 	Elapsed: 0.08	Loglikelihood: -179993	(delta): -2.91038e-11
47 (QN/Block) 	Elapsed: 0.082	Loglikelihood: -179993	(delta): 2.91038e-11
48 (QN/Block) 	Elapsed: 0.086	Loglikelihood: -179993	(delta): -2.91038e-11
49 (QN/Block) 	Elapsed: 0.084	Loglikelihood: -179993	(delta): 2.91038e-11
50 (QN/Block) 	Elapsed: 0.082	Loglikelihood: -179993	(delta): 2.91038e-11
51 (QN/Block) 	Elapsed: 0.084	Loglikelihood: -179993	(delta): -2.91038e-11
52 (QN/Block) 	Elapsed: 0.089	Loglikelihood: -179993	(delta): 2.91038e-11
53 (QN/Block) 	Elapsed: 0.086	Loglikelihood: -179993	(delta): -2.91038e-11
54 (QN/Block) 	Elapsed: 0.083	Loglikelihood: -179993	(delta): -2.91038e-11
55 (QN/Block) 	Elapsed: 0.081	Loglikelihood: -179993	(delta): 0
56 (QN/Block) 	Elapsed: 0.088	Loglikelihood: -179993	(delta): 5.82077e-11
57 (QN/Block) 	Elapsed: 0.088	Loglikelihood: -179993	(delta): 0
58 (QN/Block) 	Elapsed: 0.083	Loglikelihood: -179993	(delta): 0
59 (QN/Block) 	Elapsed: 0.083	Loglikelihood: -179993	(delta): 2.91038e-11
60 (QN/Block) 	Elapsed: 0.083	Loglikelihood: -179993	(delta): -5.82077e-11
61 (QN/Block) 	Elapsed: 0.082	Loglikelihood: -179993	(delta): 2.91038e-11
62 (QN/Block) 	Elapsed: 0.083	Loglikelihood: -179993	(delta): 0
63 (QN/Block) 	Elapsed: 0.105	Loglikelihood: -179993	(delta): -2.91038e-11
64 (QN/Block) 	Elapsed: 0.096	Loglikelihood: -179993	(delta): 2.91038e-11
65 (QN/Block) 	Elapsed: 0.088	Loglikelihood: -179993	(delta): -2.91038e-11
66 (QN/Block) 	Elapsed: 0.092	Loglikelihood: -179993	(delta): 2.91038e-11
67 (QN/Block) 	Elapsed: 0.093	Loglikelihood: -179993	(delta): -5.82077e-11
68 (QN/Block) 	Elapsed: 0.091	Loglikelihood: -179993	(delta): 2.91038e-11
69 (QN/Block) 	Elapsed: 0.088	Loglikelihood: -179993	(delta): -2.91038e-11
70 (QN/Block) 	Elapsed: 0.08	Loglikelihood: -179993	(delta): 2.91038e-11
71 (QN/Block) 	Elapsed: 0.078	Loglikelihood: -179993	(delta): 0
72 (QN/Block) 	Elapsed: 0.08	Loglikelihood: -179993	(delta): 0
73 (QN/Block) 	Elapsed: 0.081	Loglikelihood: -179993	(delta): 0
74 (QN/Block) 	Elapsed: 0.088	Loglikelihood: -179993	(delta): -2.91038e-11
75 (QN/Block) 	Elapsed: 0.088	Loglikelihood: -179993	(delta): 2.91038e-11
76 (QN/Block) 	Elapsed: 0.082	Loglikelihood: -179993	(delta): -2.91038e-11
77 (QN/Block) 	Elapsed: 0.087	Loglikelihood: -179993	(delta): 0
78 (QN/Block) 	Elapsed: 0.077	Loglikelihood: -179993	(delta): 2.91038e-11
79 (QN/Block) 	Elapsed: 0.083	Loglikelihood: -179993	(delta): 0
80 (QN/Block) 	Elapsed: 0.078	Loglikelihood: -179993	(delta): 2.91038e-11
81 (QN/Block) 	Elapsed: 0.084	Loglikelihood: -179993	(delta): -5.82077e-11
82 (QN/Block) 	Elapsed: 0.078	Loglikelihood: -179993	(delta): 0
83 (QN/Block) 	Elapsed: 0.082	Loglikelihood: -179993	(delta): 2.91038e-11
84 (QN/Block) 	Elapsed: 0.078	Loglikelihood: -179993	(delta): 0
85 (QN/Block) 	Elapsed: 0.078	Loglikelihood: -179993	(delta): 2.91038e-11
86 (QN/Block) 	Elapsed: 0.076	Loglikelihood: -179993	(delta): -2.91038e-11
87 (QN/Block) 	Elapsed: 0.077	Loglikelihood: -179993	(delta): 0
88 (QN/Block) 	Elapsed: 0.076	Loglikelihood: -179993	(delta): 2.91038e-11
89 (QN/Block) 	Elapsed: 0.074	Loglikelihood: -179993	(delta): -2.91038e-11
90 (QN/Block) 	Elapsed: 0.076	Loglikelihood: -179993	(delta): 2.91038e-11
91 (QN/Block) 	Elapsed: 0.081	Loglikelihood: -179993	(delta): -5.82077e-11
92 (QN/Block) 	Elapsed: 0.08	Loglikelihood: -179993	(delta): 5.82077e-11
93 (QN/Block) 	Elapsed: 0.097	Loglikelihood: -179993	(delta): -2.91038e-11
94 (QN/Block) 	Elapsed: 0.083	Loglikelihood: -179993	(delta): 2.91038e-11
95 (QN/Block) 	Elapsed: 0.082	Loglikelihood: -179993	(delta): 0
96 (QN/Block) 	Elapsed: 0.078	Loglikelihood: -179993	(delta): -5.82077e-11
97 (QN/Block) 	Elapsed: 0.072	Loglikelihood: -179993	(delta): 0
98 (QN/Block) 	Elapsed: 0.077	Loglikelihood: -179993	(delta): 0
99 (QN/Block) 	Elapsed: 0.076	Loglikelihood: -179993	(delta): 2.91038e-11
100 (QN/Block) 	Elapsed: 0.073	Loglikelihood: -179993	(delta): -2.91038e-11
Summary: 
Converged in 100 iterations (8.539 sec)
Loglikelihood: -179993.069998
Fst divergences between estimated populations: 
	Pop0	Pop1	Pop2	Pop3	Pop4	
Pop0	
Pop1	0.111	
Pop2	0.042	0.094	
Pop3	0.081	0.136	0.073	
Pop4	0.378	0.370	0.357	0.383	
Pop5	0.064	0.124	0.058	0.055	0.382	
CV error (K=6): 0.23129
Writing output files.
