****                   ADMIXTURE Version 1.3.0                  ****
****                    Copyright 2008-2015                     ****
****           David Alexander, Suyash Shringarpure,            ****
****                John  Novembre, Ken Lange                   ****
****                                                            ****
****                 Please cite our paper!                     ****
****   Information at www.genetics.ucla.edu/software/admixture  ****

Parallel execution requested.  Will use 8 threads.
Cross-validation will be performed.  Folds=10.
Random seed: 43
Point estimation method: Block relaxation algorithm
Convergence acceleration algorithm: QuasiNewton, 3 secant conditions
Point estimation will terminate at 100 iterations
Estimation of standard errors disabled; will compute point estimates only.
Size of G: 335x1606
Performing five EM steps to prime main algorithm
1 (EM) 	Elapsed: 0.029	Loglikelihood: -226819	(delta): 556835
2 (EM) 	Elapsed: 0.028	Loglikelihood: -215423	(delta): 11395.9
3 (EM) 	Elapsed: 0.031	Loglikelihood: -213040	(delta): 2383.14
4 (EM) 	Elapsed: 0.029	Loglikelihood: -211673	(delta): 1366.97
5 (EM) 	Elapsed: 0.034	Loglikelihood: -210734	(delta): 938.275
Initial loglikelihood: -210734
Starting main algorithm
1 (QN/Block) 	Elapsed: 0.058	Loglikelihood: -191903	(delta): 18831.2
2 (QN/Block) 	Elapsed: 0.058	Loglikelihood: -186085	(delta): 5818.68
3 (QN/Block) 	Elapsed: 0.063	Loglikelihood: -184132	(delta): 1952.52
4 (QN/Block) 	Elapsed: 0.063	Loglikelihood: -183190	(delta): 942.379
5 (QN/Block) 	Elapsed: 0.063	Loglikelihood: -182808	(delta): 381.657
6 (QN/Block) 	Elapsed: 0.058	Loglikelihood: -182716	(delta): 92.4451
7 (QN/Block) 	Elapsed: 0.062	Loglikelihood: -182707	(delta): 8.9756
8 (QN/Block) 	Elapsed: 0.059	Loglikelihood: -182706	(delta): 0.581009
9 (QN/Block) 	Elapsed: 0.057	Loglikelihood: -182706	(delta): 0.203792
10 (QN/Block) 	Elapsed: 0.059	Loglikelihood: -182706	(delta): 0.0584302
11 (QN/Block) 	Elapsed: 0.062	Loglikelihood: -182706	(delta): 0.0108133
12 (QN/Block) 	Elapsed: 0.057	Loglikelihood: -182706	(delta): 0.011952
13 (QN/Block) 	Elapsed: 0.054	Loglikelihood: -182706	(delta): 0.007093
14 (QN/Block) 	Elapsed: 0.059	Loglikelihood: -182706	(delta): 0.00561508
15 (QN/Block) 	Elapsed: 0.058	Loglikelihood: -182706	(delta): 0.00335007
16 (QN/Block) 	Elapsed: 0.055	Loglikelihood: -182706	(delta): 0.00800409
17 (QN/Block) 	Elapsed: 0.062	Loglikelihood: -182706	(delta): 0.00845205
18 (QN/Block) 	Elapsed: 0.056	Loglikelihood: -182706	(delta): 0.000396714
19 (QN/Block) 	Elapsed: 0.057	Loglikelihood: -182706	(delta): 3.33261e-05
20 (QN/Block) 	Elapsed: 0.057	Loglikelihood: -182706	(delta): 4.44299e-06
21 (QN/Block) 	Elapsed: 0.056	Loglikelihood: -182706	(delta): 1.05557e-06
22 (QN/Block) 	Elapsed: 0.057	Loglikelihood: -182706	(delta): 1.84809e-08
23 (QN/Block) 	Elapsed: 0.06	Loglikelihood: -182706	(delta): 8.81846e-09
24 (QN/Block) 	Elapsed: 0.06	Loglikelihood: -182706	(delta): 2.56114e-09
25 (QN/Block) 	Elapsed: 0.062	Loglikelihood: -182706	(delta): 1.16415e-10
26 (QN/Block) 	Elapsed: 0.06	Loglikelihood: -182706	(delta): 2.91038e-11
27 (QN/Block) 	Elapsed: 0.057	Loglikelihood: -182706	(delta): 0
28 (QN/Block) 	Elapsed: 0.058	Loglikelihood: -182706	(delta): 2.91038e-11
29 (QN/Block) 	Elapsed: 0.061	Loglikelihood: -182706	(delta): 0
30 (QN/Block) 	Elapsed: 0.059	Loglikelihood: -182706	(delta): -2.91038e-11
31 (QN/Block) 	Elapsed: 0.061	Loglikelihood: -182706	(delta): 0
32 (QN/Block) 	Elapsed: 0.059	Loglikelihood: -182706	(delta): 0
33 (QN/Block) 	Elapsed: 0.063	Loglikelihood: -182706	(delta): -2.91038e-11
34 (QN/Block) 	Elapsed: 0.064	Loglikelihood: -182706	(delta): 2.91038e-11
35 (QN/Block) 	Elapsed: 0.06	Loglikelihood: -182706	(delta): 0
36 (QN/Block) 	Elapsed: 0.06	Loglikelihood: -182706	(delta): 2.91038e-11
37 (QN/Block) 	Elapsed: 0.06	Loglikelihood: -182706	(delta): 0
38 (QN/Block) 	Elapsed: 0.059	Loglikelihood: -182706	(delta): 0
39 (QN/Block) 	Elapsed: 0.062	Loglikelihood: -182706	(delta): -2.91038e-11
40 (QN/Block) 	Elapsed: 0.058	Loglikelihood: -182706	(delta): 2.91038e-11
41 (QN/Block) 	Elapsed: 0.061	Loglikelihood: -182706	(delta): -5.82077e-11
42 (QN/Block) 	Elapsed: 0.058	Loglikelihood: -182706	(delta): 2.91038e-11
43 (QN/Block) 	Elapsed: 0.061	Loglikelihood: -182706	(delta): -5.82077e-11
44 (QN/Block) 	Elapsed: 0.062	Loglikelihood: -182706	(delta): 2.91038e-11
45 (QN/Block) 	Elapsed: 0.063	Loglikelihood: -182706	(delta): 0
46 (QN/Block) 	Elapsed: 0.062	Loglikelihood: -182706	(delta): 2.91038e-11
47 (QN/Block) 	Elapsed: 0.059	Loglikelihood: -182706	(delta): -2.91038e-11
48 (QN/Block) 	Elapsed: 0.061	Loglikelihood: -182706	(delta): -2.91038e-11
49 (QN/Block) 	Elapsed: 0.066	Loglikelihood: -182706	(delta): 5.82077e-11
50 (QN/Block) 	Elapsed: 0.06	Loglikelihood: -182706	(delta): -5.82077e-11
51 (QN/Block) 	Elapsed: 0.059	Loglikelihood: -182706	(delta): 2.91038e-11
52 (QN/Block) 	Elapsed: 0.061	Loglikelihood: -182706	(delta): 0
53 (QN/Block) 	Elapsed: 0.056	Loglikelihood: -182706	(delta): 2.91038e-11
54 (QN/Block) 	Elapsed: 0.06	Loglikelihood: -182706	(delta): -2.91038e-11
55 (QN/Block) 	Elapsed: 0.061	Loglikelihood: -182706	(delta): 5.82077e-11
56 (QN/Block) 	Elapsed: 0.06	Loglikelihood: -182706	(delta): -2.91038e-11
57 (QN/Block) 	Elapsed: 0.056	Loglikelihood: -182706	(delta): -2.91038e-11
58 (QN/Block) 	Elapsed: 0.061	Loglikelihood: -182706	(delta): 2.91038e-11
59 (QN/Block) 	Elapsed: 0.061	Loglikelihood: -182706	(delta): 0
60 (QN/Block) 	Elapsed: 0.056	Loglikelihood: -182706	(delta): -2.91038e-11
61 (QN/Block) 	Elapsed: 0.061	Loglikelihood: -182706	(delta): 0
62 (QN/Block) 	Elapsed: 0.056	Loglikelihood: -182706	(delta): 2.91038e-11
63 (QN/Block) 	Elapsed: 0.062	Loglikelihood: -182706	(delta): -2.91038e-11
64 (QN/Block) 	Elapsed: 0.058	Loglikelihood: -182706	(delta): 2.91038e-11
65 (QN/Block) 	Elapsed: 0.062	Loglikelihood: -182706	(delta): -2.91038e-11
66 (QN/Block) 	Elapsed: 0.064	Loglikelihood: -182706	(delta): 2.91038e-11
67 (QN/Block) 	Elapsed: 0.066	Loglikelihood: -182706	(delta): 0
68 (QN/Block) 	Elapsed: 0.069	Loglikelihood: -182706	(delta): -2.91038e-11
69 (QN/Block) 	Elapsed: 0.063	Loglikelihood: -182706	(delta): -2.91038e-11
70 (QN/Block) 	Elapsed: 0.06	Loglikelihood: -182706	(delta): 2.91038e-11
71 (QN/Block) 	Elapsed: 0.056	Loglikelihood: -182706	(delta): 0
72 (QN/Block) 	Elapsed: 0.061	Loglikelihood: -182706	(delta): 0
73 (QN/Block) 	Elapsed: 0.058	Loglikelihood: -182706	(delta): 2.91038e-11
74 (QN/Block) 	Elapsed: 0.06	Loglikelihood: -182706	(delta): -2.91038e-11
75 (QN/Block) 	Elapsed: 0.055	Loglikelihood: -182706	(delta): 0
76 (QN/Block) 	Elapsed: 0.062	Loglikelihood: -182706	(delta): 0
77 (QN/Block) 	Elapsed: 0.062	Loglikelihood: -182706	(delta): 0
78 (QN/Block) 	Elapsed: 0.062	Loglikelihood: -182706	(delta): 0
79 (QN/Block) 	Elapsed: 0.058	Loglikelihood: -182706	(delta): 0
80 (QN/Block) 	Elapsed: 0.064	Loglikelihood: -182706	(delta): 2.91038e-11
81 (QN/Block) 	Elapsed: 0.068	Loglikelihood: -182706	(delta): 0
82 (QN/Block) 	Elapsed: 0.066	Loglikelihood: -182706	(delta): -2.91038e-11
83 (QN/Block) 	Elapsed: 0.061	Loglikelihood: -182706	(delta): 0
84 (QN/Block) 	Elapsed: 0.058	Loglikelihood: -182706	(delta): 2.91038e-11
85 (QN/Block) 	Elapsed: 0.061	Loglikelihood: -182706	(delta): 0
86 (QN/Block) 	Elapsed: 0.063	Loglikelihood: -182706	(delta): -2.91038e-11
87 (QN/Block) 	Elapsed: 0.064	Loglikelihood: -182706	(delta): 0
88 (QN/Block) 	Elapsed: 0.062	Loglikelihood: -182706	(delta): 2.91038e-11
89 (QN/Block) 	Elapsed: 0.064	Loglikelihood: -182706	(delta): -2.91038e-11
90 (QN/Block) 	Elapsed: 0.062	Loglikelihood: -182706	(delta): 0
91 (QN/Block) 	Elapsed: 0.066	Loglikelihood: -182706	(delta): 0
92 (QN/Block) 	Elapsed: 0.059	Loglikelihood: -182706	(delta): -2.91038e-11
93 (QN/Block) 	Elapsed: 0.066	Loglikelihood: -182706	(delta): 2.91038e-11
94 (QN/Block) 	Elapsed: 0.064	Loglikelihood: -182706	(delta): 0
95 (QN/Block) 	Elapsed: 0.062	Loglikelihood: -182706	(delta): -2.91038e-11
96 (QN/Block) 	Elapsed: 0.064	Loglikelihood: -182706	(delta): 2.91038e-11
97 (QN/Block) 	Elapsed: 0.063	Loglikelihood: -182706	(delta): 0
98 (QN/Block) 	Elapsed: 0.065	Loglikelihood: -182706	(delta): -2.91038e-11
99 (QN/Block) 	Elapsed: 0.06	Loglikelihood: -182706	(delta): 2.91038e-11
100 (QN/Block) 	Elapsed: 0.062	Loglikelihood: -182706	(delta): 0
Summary: 
Converged in 100 iterations (6.387 sec)
Loglikelihood: -182705.645809
Fst divergences between estimated populations: 
	Pop0	Pop1	Pop2	
Pop0	
Pop1	0.355	
Pop2	0.375	0.049	
Pop3	0.372	0.039	0.056	
CV error (K=4): 0.22909
Writing output files.
