****                   ADMIXTURE Version 1.3.0                  ****
****                    Copyright 2008-2015                     ****
****           David Alexander, Suyash Shringarpure,            ****
****                John  Novembre, Ken Lange                   ****
****                                                            ****
****                 Please cite our paper!                     ****
****   Information at www.genetics.ucla.edu/software/admixture  ****

Parallel execution requested.  Will use 8 threads.
Cross-validation will be performed.  Folds=10.
Random seed: 43
Point estimation method: Block relaxation algorithm
Convergence acceleration algorithm: QuasiNewton, 3 secant conditions
Point estimation will terminate at 100 iterations
Estimation of standard errors disabled; will compute point estimates only.
Size of G: 335x1606
Performing five EM steps to prime main algorithm
1 (EM) 	Elapsed: 0.006	Loglikelihood: -211255	(delta): 790464
2 (EM) 	Elapsed: 0.006	Loglikelihood: -211255	(delta): -2.91038e-11
3 (EM) 	Elapsed: 0.006	Loglikelihood: -211255	(delta): 0
4 (EM) 	Elapsed: 0.006	Loglikelihood: -211255	(delta): 0
5 (EM) 	Elapsed: 0.007	Loglikelihood: -211255	(delta): 0
Initial loglikelihood: -211255
Starting main algorithm
1 (QN/Block) 	Elapsed: 0.024	Loglikelihood: -211255	(delta): 0
2 (QN/Block) 	Elapsed: 0.023	Loglikelihood: -211255	(delta): -2.91038e-11
3 (QN/Block) 	Elapsed: 0.032	Loglikelihood: -211255	(delta): 0
4 (QN/Block) 	Elapsed: 0.03	Loglikelihood: -211255	(delta): 0
5 (QN/Block) 	Elapsed: 0.031	Loglikelihood: -211255	(delta): 2.91038e-11
6 (QN/Block) 	Elapsed: 0.031	Loglikelihood: -211255	(delta): 0
7 (QN/Block) 	Elapsed: 0.027	Loglikelihood: -211255	(delta): 0
8 (QN/Block) 	Elapsed: 0.03	Loglikelihood: -211255	(delta): -2.91038e-11
9 (QN/Block) 	Elapsed: 0.029	Loglikelihood: -211255	(delta): 0
10 (QN/Block) 	Elapsed: 0.03	Loglikelihood: -211255	(delta): 0
11 (QN/Block) 	Elapsed: 0.029	Loglikelihood: -211255	(delta): 2.91038e-11
12 (QN/Block) 	Elapsed: 0.027	Loglikelihood: -211255	(delta): -2.91038e-11
13 (QN/Block) 	Elapsed: 0.028	Loglikelihood: -211255	(delta): 0
14 (QN/Block) 	Elapsed: 0.03	Loglikelihood: -211255	(delta): 2.91038e-11
15 (QN/Block) 	Elapsed: 0.024	Loglikelihood: -211255	(delta): 0
16 (QN/Block) 	Elapsed: 0.028	Loglikelihood: -211255	(delta): 0
17 (QN/Block) 	Elapsed: 0.024	Loglikelihood: -211255	(delta): -2.91038e-11
18 (QN/Block) 	Elapsed: 0.03	Loglikelihood: -211255	(delta): 0
19 (QN/Block) 	Elapsed: 0.029	Loglikelihood: -211255	(delta): 0
20 (QN/Block) 	Elapsed: 0.03	Loglikelihood: -211255	(delta): 0
21 (QN/Block) 	Elapsed: 0.027	Loglikelihood: -211255	(delta): 0
22 (QN/Block) 	Elapsed: 0.027	Loglikelihood: -211255	(delta): 0
23 (QN/Block) 	Elapsed: 0.025	Loglikelihood: -211255	(delta): 0
24 (QN/Block) 	Elapsed: 0.026	Loglikelihood: -211255	(delta): 2.91038e-11
25 (QN/Block) 	Elapsed: 0.03	Loglikelihood: -211255	(delta): -2.91038e-11
26 (QN/Block) 	Elapsed: 0.027	Loglikelihood: -211255	(delta): 0
27 (QN/Block) 	Elapsed: 0.027	Loglikelihood: -211255	(delta): 0
28 (QN/Block) 	Elapsed: 0.028	Loglikelihood: -211255	(delta): 0
29 (QN/Block) 	Elapsed: 0.027	Loglikelihood: -211255	(delta): 2.91038e-11
30 (QN/Block) 	Elapsed: 0.028	Loglikelihood: -211255	(delta): 0
31 (QN/Block) 	Elapsed: 0.028	Loglikelihood: -211255	(delta): -2.91038e-11
32 (QN/Block) 	Elapsed: 0.028	Loglikelihood: -211255	(delta): 0
33 (QN/Block) 	Elapsed: 0.028	Loglikelihood: -211255	(delta): 2.91038e-11
34 (QN/Block) 	Elapsed: 0.027	Loglikelihood: -211255	(delta): -2.91038e-11
35 (QN/Block) 	Elapsed: 0.028	Loglikelihood: -211255	(delta): 0
36 (QN/Block) 	Elapsed: 0.028	Loglikelihood: -211255	(delta): 0
37 (QN/Block) 	Elapsed: 0.026	Loglikelihood: -211255	(delta): 0
38 (QN/Block) 	Elapsed: 0.027	Loglikelihood: -211255	(delta): 2.91038e-11
39 (QN/Block) 	Elapsed: 0.03	Loglikelihood: -211255	(delta): -2.91038e-11
40 (QN/Block) 	Elapsed: 0.03	Loglikelihood: -211255	(delta): 0
41 (QN/Block) 	Elapsed: 0.029	Loglikelihood: -211255	(delta): 2.91038e-11
42 (QN/Block) 	Elapsed: 0.032	Loglikelihood: -211255	(delta): 0
43 (QN/Block) 	Elapsed: 0.025	Loglikelihood: -211255	(delta): 0
44 (QN/Block) 	Elapsed: 0.031	Loglikelihood: -211255	(delta): -2.91038e-11
45 (QN/Block) 	Elapsed: 0.025	Loglikelihood: -211255	(delta): 0
46 (QN/Block) 	Elapsed: 0.031	Loglikelihood: -211255	(delta): 0
47 (QN/Block) 	Elapsed: 0.032	Loglikelihood: -211255	(delta): 0
48 (QN/Block) 	Elapsed: 0.033	Loglikelihood: -211255	(delta): 0
49 (QN/Block) 	Elapsed: 0.028	Loglikelihood: -211255	(delta): 2.91038e-11
50 (QN/Block) 	Elapsed: 0.03	Loglikelihood: -211255	(delta): -2.91038e-11
51 (QN/Block) 	Elapsed: 0.027	Loglikelihood: -211255	(delta): 0
52 (QN/Block) 	Elapsed: 0.028	Loglikelihood: -211255	(delta): 2.91038e-11
53 (QN/Block) 	Elapsed: 0.029	Loglikelihood: -211255	(delta): -2.91038e-11
54 (QN/Block) 	Elapsed: 0.031	Loglikelihood: -211255	(delta): 0
55 (QN/Block) 	Elapsed: 0.03	Loglikelihood: -211255	(delta): 0
56 (QN/Block) 	Elapsed: 0.031	Loglikelihood: -211255	(delta): 2.91038e-11
57 (QN/Block) 	Elapsed: 0.029	Loglikelihood: -211255	(delta): 0
58 (QN/Block) 	Elapsed: 0.026	Loglikelihood: -211255	(delta): -2.91038e-11
59 (QN/Block) 	Elapsed: 0.029	Loglikelihood: -211255	(delta): 0
60 (QN/Block) 	Elapsed: 0.029	Loglikelihood: -211255	(delta): 0
61 (QN/Block) 	Elapsed: 0.027	Loglikelihood: -211255	(delta): 0
62 (QN/Block) 	Elapsed: 0.029	Loglikelihood: -211255	(delta): 2.91038e-11
63 (QN/Block) 	Elapsed: 0.028	Loglikelihood: -211255	(delta): -2.91038e-11
64 (QN/Block) 	Elapsed: 0.032	Loglikelihood: -211255	(delta): 0
65 (QN/Block) 	Elapsed: 0.034	Loglikelihood: -211255	(delta): 0
66 (QN/Block) 	Elapsed: 0.03	Loglikelihood: -211255	(delta): 0
67 (QN/Block) 	Elapsed: 0.034	Loglikelihood: -211255	(delta): 2.91038e-11
68 (QN/Block) 	Elapsed: 0.029	Loglikelihood: -211255	(delta): -2.91038e-11
69 (QN/Block) 	Elapsed: 0.031	Loglikelihood: -211255	(delta): 0
70 (QN/Block) 	Elapsed: 0.027	Loglikelihood: -211255	(delta): 2.91038e-11
71 (QN/Block) 	Elapsed: 0.03	Loglikelihood: -211255	(delta): -2.91038e-11
72 (QN/Block) 	Elapsed: 0.043	Loglikelihood: -211255	(delta): 0
73 (QN/Block) 	Elapsed: 0.069	Loglikelihood: -211255	(delta): 0
74 (QN/Block) 	Elapsed: 0.03	Loglikelihood: -211255	(delta): 0
75 (QN/Block) 	Elapsed: 0.032	Loglikelihood: -211255	(delta): 0
76 (QN/Block) 	Elapsed: 0.03	Loglikelihood: -211255	(delta): 0
77 (QN/Block) 	Elapsed: 0.032	Loglikelihood: -211255	(delta): 2.91038e-11
78 (QN/Block) 	Elapsed: 0.028	Loglikelihood: -211255	(delta): 0
79 (QN/Block) 	Elapsed: 0.029	Loglikelihood: -211255	(delta): -2.91038e-11
PROBLEM INVERTING MATRIX!
80 (QN/Block) 	Elapsed: 0.026	Loglikelihood: -211255	(delta): 0
81 (QN/Block) 	Elapsed: 0.028	Loglikelihood: -211255	(delta): 2.91038e-11
82 (QN/Block) 	Elapsed: 0.029	Loglikelihood: -211255	(delta): -2.91038e-11
83 (QN/Block) 	Elapsed: 0.026	Loglikelihood: -211255	(delta): 0
84 (QN/Block) 	Elapsed: 0.029	Loglikelihood: -211255	(delta): 2.91038e-11
85 (QN/Block) 	Elapsed: 0.027	Loglikelihood: -211255	(delta): -2.91038e-11
86 (QN/Block) 	Elapsed: 0.03	Loglikelihood: -211255	(delta): 2.91038e-11
87 (QN/Block) 	Elapsed: 0.029	Loglikelihood: -211255	(delta): -2.91038e-11
88 (QN/Block) 	Elapsed: 0.028	Loglikelihood: -211255	(delta): 2.91038e-11
89 (QN/Block) 	Elapsed: 0.029	Loglikelihood: -211255	(delta): 0
90 (QN/Block) 	Elapsed: 0.026	Loglikelihood: -211255	(delta): 0
91 (QN/Block) 	Elapsed: 0.029	Loglikelihood: -211255	(delta): -2.91038e-11
92 (QN/Block) 	Elapsed: 0.027	Loglikelihood: -211255	(delta): 2.91038e-11
93 (QN/Block) 	Elapsed: 0.027	Loglikelihood: -211255	(delta): -2.91038e-11
94 (QN/Block) 	Elapsed: 0.029	Loglikelihood: -211255	(delta): 0
95 (QN/Block) 	Elapsed: 0.026	Loglikelihood: -211255	(delta): 2.91038e-11
96 (QN/Block) 	Elapsed: 0.028	Loglikelihood: -211255	(delta): -2.91038e-11
97 (QN/Block) 	Elapsed: 0.028	Loglikelihood: -211255	(delta): 0
98 (QN/Block) 	Elapsed: 0.03	Loglikelihood: -211255	(delta): 0
99 (QN/Block) 	Elapsed: 0.03	Loglikelihood: -211255	(delta): 2.91038e-11
100 (QN/Block) 	Elapsed: 0.029	Loglikelihood: -211255	(delta): 0
Summary: 
Converged in 100 iterations (3.102 sec)
Loglikelihood: -211254.825379
CV error (K=1): 0.27469
Writing output files.
