****                   ADMIXTURE Version 1.3.0                  ****
****                    Copyright 2008-2015                     ****
****           David Alexander, Suyash Shringarpure,            ****
****                John  Novembre, Ken Lange                   ****
****                                                            ****
****                 Please cite our paper!                     ****
****   Information at www.genetics.ucla.edu/software/admixture  ****

Parallel execution requested.  Will use 8 threads.
Cross-validation will be performed.  Folds=10.
Random seed: 43
Point estimation method: Block relaxation algorithm
Convergence acceleration algorithm: QuasiNewton, 3 secant conditions
Point estimation will terminate at 100 iterations
Estimation of standard errors disabled; will compute point estimates only.
Size of G: 335x1606
Performing five EM steps to prime main algorithm
1 (EM) 	Elapsed: 0.102	Loglikelihood: -226592	(delta): 506755
2 (EM) 	Elapsed: 0.106	Loglikelihood: -214121	(delta): 12470.5
3 (EM) 	Elapsed: 0.091	Loglikelihood: -212142	(delta): 1978.8
4 (EM) 	Elapsed: 0.088	Loglikelihood: -210932	(delta): 1210.69
5 (EM) 	Elapsed: 0.085	Loglikelihood: -209929	(delta): 1002.62
Initial loglikelihood: -209929
Starting main algorithm
1 (QN/Block) 	Elapsed: 0.124	Loglikelihood: -185353	(delta): 24575.8
2 (QN/Block) 	Elapsed: 0.119	Loglikelihood: -180501	(delta): 4852.24
3 (QN/Block) 	Elapsed: 0.116	Loglikelihood: -178593	(delta): 1908.18
4 (QN/Block) 	Elapsed: 0.119	Loglikelihood: -177511	(delta): 1081.54
5 (QN/Block) 	Elapsed: 0.119	Loglikelihood: -177000	(delta): 510.698
6 (QN/Block) 	Elapsed: 0.126	Loglikelihood: -176712	(delta): 288.079
7 (QN/Block) 	Elapsed: 0.108	Loglikelihood: -176552	(delta): 160.846
8 (QN/Block) 	Elapsed: 0.111	Loglikelihood: -176467	(delta): 84.6015
9 (QN/Block) 	Elapsed: 0.115	Loglikelihood: -176408	(delta): 59.3801
10 (QN/Block) 	Elapsed: 0.12	Loglikelihood: -176341	(delta): 66.6607
11 (QN/Block) 	Elapsed: 0.118	Loglikelihood: -176308	(delta): 33.0071
12 (QN/Block) 	Elapsed: 0.117	Loglikelihood: -176286	(delta): 21.7649
13 (QN/Block) 	Elapsed: 0.114	Loglikelihood: -176272	(delta): 14.5378
14 (QN/Block) 	Elapsed: 0.114	Loglikelihood: -176262	(delta): 9.24583
15 (QN/Block) 	Elapsed: 0.13	Loglikelihood: -176253	(delta): 9.38702
16 (QN/Block) 	Elapsed: 0.117	Loglikelihood: -176244	(delta): 8.54364
17 (QN/Block) 	Elapsed: 0.117	Loglikelihood: -176238	(delta): 6.30921
18 (QN/Block) 	Elapsed: 0.129	Loglikelihood: -176232	(delta): 5.75836
19 (QN/Block) 	Elapsed: 0.116	Loglikelihood: -176228	(delta): 4.75814
20 (QN/Block) 	Elapsed: 0.144	Loglikelihood: -176224	(delta): 3.26889
21 (QN/Block) 	Elapsed: 0.125	Loglikelihood: -176219	(delta): 4.97948
22 (QN/Block) 	Elapsed: 0.145	Loglikelihood: -176214	(delta): 5.5169
23 (QN/Block) 	Elapsed: 0.134	Loglikelihood: -176211	(delta): 2.73217
24 (QN/Block) 	Elapsed: 0.119	Loglikelihood: -176208	(delta): 2.71677
25 (QN/Block) 	Elapsed: 0.119	Loglikelihood: -176206	(delta): 2.66785
26 (QN/Block) 	Elapsed: 0.116	Loglikelihood: -176204	(delta): 1.91838
27 (QN/Block) 	Elapsed: 0.119	Loglikelihood: -176202	(delta): 1.65673
28 (QN/Block) 	Elapsed: 0.121	Loglikelihood: -176201	(delta): 0.805611
29 (QN/Block) 	Elapsed: 0.119	Loglikelihood: -176200	(delta): 1.59766
30 (QN/Block) 	Elapsed: 0.122	Loglikelihood: -176199	(delta): 0.531718
31 (QN/Block) 	Elapsed: 0.134	Loglikelihood: -176198	(delta): 0.771574
32 (QN/Block) 	Elapsed: 0.125	Loglikelihood: -176198	(delta): 0.398498
33 (QN/Block) 	Elapsed: 0.122	Loglikelihood: -176198	(delta): 0.258606
34 (QN/Block) 	Elapsed: 0.129	Loglikelihood: -176197	(delta): 0.31151
35 (QN/Block) 	Elapsed: 0.121	Loglikelihood: -176197	(delta): 0.334697
36 (QN/Block) 	Elapsed: 0.132	Loglikelihood: -176197	(delta): 0.318449
37 (QN/Block) 	Elapsed: 0.12	Loglikelihood: -176196	(delta): 0.348294
38 (QN/Block) 	Elapsed: 0.126	Loglikelihood: -176196	(delta): 0.432302
39 (QN/Block) 	Elapsed: 0.128	Loglikelihood: -176195	(delta): 0.820158
40 (QN/Block) 	Elapsed: 0.115	Loglikelihood: -176194	(delta): 0.857667
41 (QN/Block) 	Elapsed: 0.118	Loglikelihood: -176193	(delta): 1.16757
42 (QN/Block) 	Elapsed: 0.118	Loglikelihood: -176192	(delta): 0.771244
43 (QN/Block) 	Elapsed: 0.117	Loglikelihood: -176192	(delta): 0.707956
44 (QN/Block) 	Elapsed: 0.135	Loglikelihood: -176191	(delta): 0.255659
45 (QN/Block) 	Elapsed: 0.123	Loglikelihood: -176191	(delta): 0.106221
46 (QN/Block) 	Elapsed: 0.134	Loglikelihood: -176191	(delta): 0.0764076
47 (QN/Block) 	Elapsed: 0.133	Loglikelihood: -176191	(delta): 0.0787334
48 (QN/Block) 	Elapsed: 0.119	Loglikelihood: -176191	(delta): 0.115547
49 (QN/Block) 	Elapsed: 0.119	Loglikelihood: -176191	(delta): 0.157909
50 (QN/Block) 	Elapsed: 0.121	Loglikelihood: -176191	(delta): 0.0611227
51 (QN/Block) 	Elapsed: 0.115	Loglikelihood: -176191	(delta): 0.0856433
52 (QN/Block) 	Elapsed: 0.122	Loglikelihood: -176191	(delta): 0.0903505
53 (QN/Block) 	Elapsed: 0.114	Loglikelihood: -176191	(delta): 0.0456175
54 (QN/Block) 	Elapsed: 0.113	Loglikelihood: -176191	(delta): 0.0215087
55 (QN/Block) 	Elapsed: 0.113	Loglikelihood: -176191	(delta): 0.0817393
56 (QN/Block) 	Elapsed: 0.127	Loglikelihood: -176190	(delta): 0.0498023
57 (QN/Block) 	Elapsed: 0.152	Loglikelihood: -176190	(delta): 0.0148554
58 (QN/Block) 	Elapsed: 0.114	Loglikelihood: -176190	(delta): 0.00742459
59 (QN/Block) 	Elapsed: 0.114	Loglikelihood: -176190	(delta): 0.0222431
60 (QN/Block) 	Elapsed: 0.126	Loglikelihood: -176190	(delta): 0.0132718
61 (QN/Block) 	Elapsed: 0.121	Loglikelihood: -176190	(delta): 0.0166441
62 (QN/Block) 	Elapsed: 0.122	Loglikelihood: -176190	(delta): 0.0186795
63 (QN/Block) 	Elapsed: 0.12	Loglikelihood: -176190	(delta): 0.0160598
64 (QN/Block) 	Elapsed: 0.124	Loglikelihood: -176190	(delta): 0.0196788
65 (QN/Block) 	Elapsed: 0.124	Loglikelihood: -176190	(delta): 0.0408503
66 (QN/Block) 	Elapsed: 0.128	Loglikelihood: -176190	(delta): 0.118176
67 (QN/Block) 	Elapsed: 0.117	Loglikelihood: -176190	(delta): 0.193674
68 (QN/Block) 	Elapsed: 0.133	Loglikelihood: -176190	(delta): 0.160902
69 (QN/Block) 	Elapsed: 0.117	Loglikelihood: -176190	(delta): 0.0926799
70 (QN/Block) 	Elapsed: 0.113	Loglikelihood: -176190	(delta): 0.0637906
71 (QN/Block) 	Elapsed: 0.114	Loglikelihood: -176190	(delta): 0.0734036
72 (QN/Block) 	Elapsed: 0.114	Loglikelihood: -176190	(delta): 0.0207993
73 (QN/Block) 	Elapsed: 0.12	Loglikelihood: -176190	(delta): 0.0142336
74 (QN/Block) 	Elapsed: 0.125	Loglikelihood: -176190	(delta): 0.0376798
75 (QN/Block) 	Elapsed: 0.131	Loglikelihood: -176189	(delta): 0.0465514
76 (QN/Block) 	Elapsed: 0.127	Loglikelihood: -176189	(delta): 0.234493
77 (QN/Block) 	Elapsed: 0.12	Loglikelihood: -176189	(delta): 0.0634482
78 (QN/Block) 	Elapsed: 0.133	Loglikelihood: -176189	(delta): 0.0458514
79 (QN/Block) 	Elapsed: 0.137	Loglikelihood: -176189	(delta): 0.0925861
80 (QN/Block) 	Elapsed: 0.124	Loglikelihood: -176188	(delta): 0.611003
81 (QN/Block) 	Elapsed: 0.128	Loglikelihood: -176186	(delta): 1.97811
82 (QN/Block) 	Elapsed: 0.126	Loglikelihood: -176186	(delta): 0.338308
83 (QN/Block) 	Elapsed: 0.125	Loglikelihood: -176186	(delta): 0.381648
84 (QN/Block) 	Elapsed: 0.126	Loglikelihood: -176185	(delta): 0.297199
85 (QN/Block) 	Elapsed: 0.126	Loglikelihood: -176185	(delta): 0.222584
86 (QN/Block) 	Elapsed: 0.116	Loglikelihood: -176185	(delta): 0.115407
87 (QN/Block) 	Elapsed: 0.121	Loglikelihood: -176185	(delta): 0.157884
88 (QN/Block) 	Elapsed: 0.123	Loglikelihood: -176185	(delta): 0.0652244
89 (QN/Block) 	Elapsed: 0.122	Loglikelihood: -176184	(delta): 0.453121
90 (QN/Block) 	Elapsed: 0.124	Loglikelihood: -176184	(delta): 0.472561
91 (QN/Block) 	Elapsed: 0.131	Loglikelihood: -176184	(delta): 0.0728295
92 (QN/Block) 	Elapsed: 0.124	Loglikelihood: -176184	(delta): 0.0340339
93 (QN/Block) 	Elapsed: 0.122	Loglikelihood: -176184	(delta): 0.0417716
94 (QN/Block) 	Elapsed: 0.117	Loglikelihood: -176184	(delta): 0.0652164
95 (QN/Block) 	Elapsed: 0.127	Loglikelihood: -176184	(delta): 0.0673864
96 (QN/Block) 	Elapsed: 0.123	Loglikelihood: -176184	(delta): 0.089031
97 (QN/Block) 	Elapsed: 0.12	Loglikelihood: -176184	(delta): 0.0690566
98 (QN/Block) 	Elapsed: 0.124	Loglikelihood: -176183	(delta): 0.0672877
99 (QN/Block) 	Elapsed: 0.127	Loglikelihood: -176183	(delta): 0.0858328
100 (QN/Block) 	Elapsed: 0.122	Loglikelihood: -176183	(delta): 0.0759489
Summary: 
Converged in 100 iterations (13.024 sec)
Loglikelihood: -176183.302127
Fst divergences between estimated populations: 
	Pop0	Pop1	Pop2	Pop3	Pop4	Pop5	Pop6	Pop7	Pop8	
Pop0	
Pop1	0.418	
Pop2	0.373	0.142	
Pop3	0.376	0.139	0.074	
Pop4	0.381	0.144	0.058	0.075	
Pop5	0.389	0.177	0.096	0.104	0.092	
Pop6	0.134	0.433	0.392	0.394	0.403	0.411	
Pop7	0.393	0.167	0.087	0.102	0.082	0.080	0.411	
Pop8	0.403	0.187	0.126	0.138	0.127	0.153	0.418	0.149	
Pop9	0.402	0.168	0.094	0.105	0.090	0.087	0.417	0.071	0.161	
CV error (K=10): 0.23683
Writing output files.
