****                   ADMIXTURE Version 1.3.0                  ****
****                    Copyright 2008-2015                     ****
****           David Alexander, Suyash Shringarpure,            ****
****                John  Novembre, Ken Lange                   ****
****                                                            ****
****                 Please cite our paper!                     ****
****   Information at www.genetics.ucla.edu/software/admixture  ****

Parallel execution requested.  Will use 8 threads.
Cross-validation will be performed.  Folds=10.
Random seed: 43
Point estimation method: Block relaxation algorithm
Convergence acceleration algorithm: QuasiNewton, 3 secant conditions
Point estimation will terminate at 100 iterations
Estimation of standard errors disabled; will compute point estimates only.
Size of G: 335x1606
Performing five EM steps to prime main algorithm
1 (EM) 	Elapsed: 0.076	Loglikelihood: -219076	(delta): 519132
2 (EM) 	Elapsed: 0.08	Loglikelihood: -206146	(delta): 12930.5
3 (EM) 	Elapsed: 0.09	Loglikelihood: -204220	(delta): 1925.22
4 (EM) 	Elapsed: 0.094	Loglikelihood: -203082	(delta): 1138.4
5 (EM) 	Elapsed: 0.09	Loglikelihood: -202167	(delta): 915.245
Initial loglikelihood: -202167
Starting main algorithm
1 (QN/Block) 	Elapsed: 0.101	Loglikelihood: -179542	(delta): 22624.8
2 (QN/Block) 	Elapsed: 0.119	Loglikelihood: -173982	(delta): 5559.82
3 (QN/Block) 	Elapsed: 0.12	Loglikelihood: -172335	(delta): 1647.2
4 (QN/Block) 	Elapsed: 0.103	Loglikelihood: -171408	(delta): 926.975
5 (QN/Block) 	Elapsed: 0.122	Loglikelihood: -171016	(delta): 391.425
6 (QN/Block) 	Elapsed: 0.131	Loglikelihood: -170720	(delta): 296.385
7 (QN/Block) 	Elapsed: 0.122	Loglikelihood: -170489	(delta): 230.61
8 (QN/Block) 	Elapsed: 0.125	Loglikelihood: -170355	(delta): 134.292
9 (QN/Block) 	Elapsed: 0.118	Loglikelihood: -170233	(delta): 122.647
10 (QN/Block) 	Elapsed: 0.118	Loglikelihood: -170112	(delta): 120.198
11 (QN/Block) 	Elapsed: 0.107	Loglikelihood: -170056	(delta): 56.1439
12 (QN/Block) 	Elapsed: 0.11	Loglikelihood: -169954	(delta): 101.92
13 (QN/Block) 	Elapsed: 0.12	Loglikelihood: -169859	(delta): 95.7585
14 (QN/Block) 	Elapsed: 0.112	Loglikelihood: -169813	(delta): 45.2727
15 (QN/Block) 	Elapsed: 0.118	Loglikelihood: -169779	(delta): 34.1321
16 (QN/Block) 	Elapsed: 0.122	Loglikelihood: -169748	(delta): 30.9359
17 (QN/Block) 	Elapsed: 0.118	Loglikelihood: -169730	(delta): 18.5918
18 (QN/Block) 	Elapsed: 0.122	Loglikelihood: -169721	(delta): 9.06601
19 (QN/Block) 	Elapsed: 0.118	Loglikelihood: -169708	(delta): 12.0622
20 (QN/Block) 	Elapsed: 0.103	Loglikelihood: -169696	(delta): 12.4606
21 (QN/Block) 	Elapsed: 0.12	Loglikelihood: -169692	(delta): 4.42781
22 (QN/Block) 	Elapsed: 0.113	Loglikelihood: -169689	(delta): 2.40382
23 (QN/Block) 	Elapsed: 0.11	Loglikelihood: -169686	(delta): 2.78072
24 (QN/Block) 	Elapsed: 0.121	Loglikelihood: -169684	(delta): 2.54243
25 (QN/Block) 	Elapsed: 0.119	Loglikelihood: -169683	(delta): 0.522629
26 (QN/Block) 	Elapsed: 0.121	Loglikelihood: -169682	(delta): 1.34074
27 (QN/Block) 	Elapsed: 0.125	Loglikelihood: -169681	(delta): 0.785419
28 (QN/Block) 	Elapsed: 0.128	Loglikelihood: -169679	(delta): 1.9322
29 (QN/Block) 	Elapsed: 0.124	Loglikelihood: -169679	(delta): 0.5522
30 (QN/Block) 	Elapsed: 0.148	Loglikelihood: -169679	(delta): 0.199091
31 (QN/Block) 	Elapsed: 0.128	Loglikelihood: -169678	(delta): 0.214902
32 (QN/Block) 	Elapsed: 0.134	Loglikelihood: -169678	(delta): 0.253896
33 (QN/Block) 	Elapsed: 0.131	Loglikelihood: -169678	(delta): 0.0759757
34 (QN/Block) 	Elapsed: 0.127	Loglikelihood: -169678	(delta): 0.298135
35 (QN/Block) 	Elapsed: 0.121	Loglikelihood: -169677	(delta): 0.193524
36 (QN/Block) 	Elapsed: 0.119	Loglikelihood: -169677	(delta): 0.131776
37 (QN/Block) 	Elapsed: 0.115	Loglikelihood: -169677	(delta): 0.146239
38 (QN/Block) 	Elapsed: 0.113	Loglikelihood: -169677	(delta): 0.126518
39 (QN/Block) 	Elapsed: 0.135	Loglikelihood: -169677	(delta): 0.174436
40 (QN/Block) 	Elapsed: 0.113	Loglikelihood: -169677	(delta): 0.0463793
41 (QN/Block) 	Elapsed: 0.111	Loglikelihood: -169677	(delta): 0.0620795
42 (QN/Block) 	Elapsed: 0.133	Loglikelihood: -169677	(delta): 0.0513757
43 (QN/Block) 	Elapsed: 0.127	Loglikelihood: -169677	(delta): 0.0457993
44 (QN/Block) 	Elapsed: 0.119	Loglikelihood: -169677	(delta): 0.0192836
45 (QN/Block) 	Elapsed: 0.113	Loglikelihood: -169677	(delta): 0.0308783
46 (QN/Block) 	Elapsed: 0.136	Loglikelihood: -169677	(delta): 0.0468361
47 (QN/Block) 	Elapsed: 0.128	Loglikelihood: -169676	(delta): 0.124641
48 (QN/Block) 	Elapsed: 0.132	Loglikelihood: -169676	(delta): 0.309845
49 (QN/Block) 	Elapsed: 0.129	Loglikelihood: -169676	(delta): 0.0651494
50 (QN/Block) 	Elapsed: 0.134	Loglikelihood: -169676	(delta): 0.0614305
51 (QN/Block) 	Elapsed: 0.118	Loglikelihood: -169676	(delta): 0.0312252
52 (QN/Block) 	Elapsed: 0.114	Loglikelihood: -169676	(delta): 0.0189039
53 (QN/Block) 	Elapsed: 0.13	Loglikelihood: -169676	(delta): 0.0258343
54 (QN/Block) 	Elapsed: 0.126	Loglikelihood: -169676	(delta): 0.00386729
55 (QN/Block) 	Elapsed: 0.114	Loglikelihood: -169676	(delta): 0.0016983
56 (QN/Block) 	Elapsed: 0.111	Loglikelihood: -169676	(delta): 0.000438046
57 (QN/Block) 	Elapsed: 0.111	Loglikelihood: -169676	(delta): 0.000152434
58 (QN/Block) 	Elapsed: 0.129	Loglikelihood: -169676	(delta): 6.10981e-05
59 (QN/Block) 	Elapsed: 0.125	Loglikelihood: -169676	(delta): 8.30529e-05
60 (QN/Block) 	Elapsed: 0.118	Loglikelihood: -169676	(delta): 0.000118272
61 (QN/Block) 	Elapsed: 0.114	Loglikelihood: -169676	(delta): 0.000169722
62 (QN/Block) 	Elapsed: 0.135	Loglikelihood: -169676	(delta): 0.000243223
63 (QN/Block) 	Elapsed: 0.144	Loglikelihood: -169676	(delta): 0.000346437
64 (QN/Block) 	Elapsed: 0.134	Loglikelihood: -169676	(delta): 0.000488801
65 (QN/Block) 	Elapsed: 0.137	Loglikelihood: -169676	(delta): 0.000681208
66 (QN/Block) 	Elapsed: 0.125	Loglikelihood: -169676	(delta): 0.000934885
67 (QN/Block) 	Elapsed: 0.138	Loglikelihood: -169676	(delta): 0.00126027
68 (QN/Block) 	Elapsed: 0.126	Loglikelihood: -169676	(delta): 0.00166423
69 (QN/Block) 	Elapsed: 0.144	Loglikelihood: -169676	(delta): 0.00214702
70 (QN/Block) 	Elapsed: 0.124	Loglikelihood: -169676	(delta): 0.00269957
71 (QN/Block) 	Elapsed: 0.132	Loglikelihood: -169676	(delta): 0.00330229
72 (QN/Block) 	Elapsed: 0.127	Loglikelihood: -169676	(delta): 0.00393191
73 (QN/Block) 	Elapsed: 0.128	Loglikelihood: -169676	(delta): 0.00457225
74 (QN/Block) 	Elapsed: 0.134	Loglikelihood: -169676	(delta): 0.00519303
75 (QN/Block) 	Elapsed: 0.13	Loglikelihood: -169676	(delta): 0.00620393
76 (QN/Block) 	Elapsed: 0.122	Loglikelihood: -169676	(delta): 0.00928995
77 (QN/Block) 	Elapsed: 0.133	Loglikelihood: -169676	(delta): 0.00548235
78 (QN/Block) 	Elapsed: 0.147	Loglikelihood: -169676	(delta): 0.00100689
79 (QN/Block) 	Elapsed: 0.127	Loglikelihood: -169676	(delta): 0.00180524
80 (QN/Block) 	Elapsed: 0.122	Loglikelihood: -169676	(delta): 0.000148478
81 (QN/Block) 	Elapsed: 0.119	Loglikelihood: -169676	(delta): 7.24526e-05
82 (QN/Block) 	Elapsed: 0.119	Loglikelihood: -169676	(delta): 2.65702e-05
83 (QN/Block) 	Elapsed: 0.12	Loglikelihood: -169676	(delta): 4.37488e-05
84 (QN/Block) 	Elapsed: 0.113	Loglikelihood: -169676	(delta): 5.23186e-05
85 (QN/Block) 	Elapsed: 0.103	Loglikelihood: -169676	(delta): 6.5151e-05
86 (QN/Block) 	Elapsed: 0.125	Loglikelihood: -169676	(delta): 0.00635091
87 (QN/Block) 	Elapsed: 0.129	Loglikelihood: -169676	(delta): 0.0771637
88 (QN/Block) 	Elapsed: 0.124	Loglikelihood: -169675	(delta): 0.50924
89 (QN/Block) 	Elapsed: 0.124	Loglikelihood: -169675	(delta): 0.755562
90 (QN/Block) 	Elapsed: 0.123	Loglikelihood: -169674	(delta): 0.923047
91 (QN/Block) 	Elapsed: 0.123	Loglikelihood: -169673	(delta): 0.55711
92 (QN/Block) 	Elapsed: 0.131	Loglikelihood: -169673	(delta): 0.107366
93 (QN/Block) 	Elapsed: 0.123	Loglikelihood: -169673	(delta): 0.0976625
94 (QN/Block) 	Elapsed: 0.115	Loglikelihood: -169673	(delta): 0.0720288
95 (QN/Block) 	Elapsed: 0.105	Loglikelihood: -169673	(delta): 0.0112132
96 (QN/Block) 	Elapsed: 0.115	Loglikelihood: -169673	(delta): 0.00942644
97 (QN/Block) 	Elapsed: 0.125	Loglikelihood: -169673	(delta): 0.00773433
98 (QN/Block) 	Elapsed: 0.118	Loglikelihood: -169673	(delta): 0.00965393
99 (QN/Block) 	Elapsed: 0.103	Loglikelihood: -169673	(delta): 0.00801707
100 (QN/Block) 	Elapsed: 0.116	Loglikelihood: -169673	(delta): 0.0231622
Summary: 
Converged in 100 iterations (13.015 sec)
Loglikelihood: -169672.729263
Fst divergences between estimated populations: 
	Pop0	Pop1	Pop2	Pop3	Pop4	Pop5	Pop6	Pop7	
Pop0	
Pop1	0.079	
Pop2	0.113	0.078	
Pop3	0.135	0.123	0.139	
Pop4	0.102	0.085	0.109	0.116	
Pop5	0.106	0.080	0.110	0.117	0.054	
Pop6	0.140	0.114	0.143	0.168	0.129	0.127	
Pop7	0.090	0.070	0.102	0.125	0.090	0.088	0.106	
Pop8	0.383	0.367	0.384	0.411	0.383	0.387	0.412	0.382	
CV error (K=9): 0.23188
Writing output files.
