****                   ADMIXTURE Version 1.3.0                  ****
****                    Copyright 2008-2015                     ****
****           David Alexander, Suyash Shringarpure,            ****
****                John  Novembre, Ken Lange                   ****
****                                                            ****
****                 Please cite our paper!                     ****
****   Information at www.genetics.ucla.edu/software/admixture  ****

Parallel execution requested.  Will use 8 threads.
Cross-validation will be performed.  Folds=10.
Random seed: 43
Point estimation method: Block relaxation algorithm
Convergence acceleration algorithm: QuasiNewton, 3 secant conditions
Point estimation will terminate at 100 iterations
Estimation of standard errors disabled; will compute point estimates only.
Size of G: 111x551
Performing five EM steps to prime main algorithm
1 (EM) 	Elapsed: 0.006	Loglikelihood: -22794.6	(delta): 65902.8
2 (EM) 	Elapsed: 0.006	Loglikelihood: -21172.2	(delta): 1622.4
3 (EM) 	Elapsed: 0.007	Loglikelihood: -20861.7	(delta): 310.506
4 (EM) 	Elapsed: 0.006	Loglikelihood: -20660.7	(delta): 201.014
5 (EM) 	Elapsed: 0.006	Loglikelihood: -20499.1	(delta): 161.586
Initial loglikelihood: -20499.1
Starting main algorithm
1 (QN/Block) 	Elapsed: 0.011	Loglikelihood: -17648.5	(delta): 2850.53
2 (QN/Block) 	Elapsed: 0.011	Loglikelihood: -16922.1	(delta): 726.396
3 (QN/Block) 	Elapsed: 0.009	Loglikelihood: -16581.3	(delta): 340.887
4 (QN/Block) 	Elapsed: 0.008	Loglikelihood: -16411.2	(delta): 170.082
5 (QN/Block) 	Elapsed: 0.009	Loglikelihood: -16287.7	(delta): 123.501
6 (QN/Block) 	Elapsed: 0.01	Loglikelihood: -16229.7	(delta): 58.0081
7 (QN/Block) 	Elapsed: 0.009	Loglikelihood: -16210.5	(delta): 19.1644
8 (QN/Block) 	Elapsed: 0.009	Loglikelihood: -16192.5	(delta): 17.9689
9 (QN/Block) 	Elapsed: 0.009	Loglikelihood: -16180.1	(delta): 12.4421
10 (QN/Block) 	Elapsed: 0.009	Loglikelihood: -16168.7	(delta): 11.4283
11 (QN/Block) 	Elapsed: 0.009	Loglikelihood: -16163	(delta): 5.69515
12 (QN/Block) 	Elapsed: 0.009	Loglikelihood: -16159.7	(delta): 3.30164
13 (QN/Block) 	Elapsed: 0.009	Loglikelihood: -16157.5	(delta): 2.15586
14 (QN/Block) 	Elapsed: 0.009	Loglikelihood: -16155.3	(delta): 2.21981
15 (QN/Block) 	Elapsed: 0.009	Loglikelihood: -16154.2	(delta): 1.06909
16 (QN/Block) 	Elapsed: 0.008	Loglikelihood: -16153.3	(delta): 0.878759
17 (QN/Block) 	Elapsed: 0.009	Loglikelihood: -16152.6	(delta): 0.765779
18 (QN/Block) 	Elapsed: 0.009	Loglikelihood: -16148.4	(delta): 4.14814
19 (QN/Block) 	Elapsed: 0.009	Loglikelihood: -16141.2	(delta): 7.26001
20 (QN/Block) 	Elapsed: 0.011	Loglikelihood: -16139.9	(delta): 1.27483
21 (QN/Block) 	Elapsed: 0.009	Loglikelihood: -16139.8	(delta): 0.13103
22 (QN/Block) 	Elapsed: 0.01	Loglikelihood: -16139.2	(delta): 0.520672
23 (QN/Block) 	Elapsed: 0.012	Loglikelihood: -16138	(delta): 1.27578
24 (QN/Block) 	Elapsed: 0.012	Loglikelihood: -16137.9	(delta): 0.113781
25 (QN/Block) 	Elapsed: 0.012	Loglikelihood: -16137.8	(delta): 0.0720564
26 (QN/Block) 	Elapsed: 0.011	Loglikelihood: -16137.7	(delta): 0.0579345
27 (QN/Block) 	Elapsed: 0.01	Loglikelihood: -16137.6	(delta): 0.0825524
28 (QN/Block) 	Elapsed: 0.01	Loglikelihood: -16137.6	(delta): 0.0831154
29 (QN/Block) 	Elapsed: 0.011	Loglikelihood: -16137.5	(delta): 0.0214007
30 (QN/Block) 	Elapsed: 0.009	Loglikelihood: -16137.5	(delta): 0.0535097
31 (QN/Block) 	Elapsed: 0.011	Loglikelihood: -16137.4	(delta): 0.0502129
32 (QN/Block) 	Elapsed: 0.012	Loglikelihood: -16137.4	(delta): 0.0248295
33 (QN/Block) 	Elapsed: 0.015	Loglikelihood: -16137.4	(delta): 0.0170822
34 (QN/Block) 	Elapsed: 0.01	Loglikelihood: -16137.4	(delta): 0.0166092
35 (QN/Block) 	Elapsed: 0.01	Loglikelihood: -16137.4	(delta): 0.0100644
36 (QN/Block) 	Elapsed: 0.01	Loglikelihood: -16137.3	(delta): 0.0225542
37 (QN/Block) 	Elapsed: 0.011	Loglikelihood: -16137.3	(delta): 0.000546958
38 (QN/Block) 	Elapsed: 0.011	Loglikelihood: -16137.3	(delta): 0.000285012
39 (QN/Block) 	Elapsed: 0.01	Loglikelihood: -16137.3	(delta): 0.00118846
40 (QN/Block) 	Elapsed: 0.01	Loglikelihood: -16137.3	(delta): 0.000873091
41 (QN/Block) 	Elapsed: 0.01	Loglikelihood: -16137.3	(delta): 0.00028155
42 (QN/Block) 	Elapsed: 0.01	Loglikelihood: -16137.3	(delta): 9.38735e-05
43 (QN/Block) 	Elapsed: 0.01	Loglikelihood: -16137.3	(delta): 7.25829e-05
44 (QN/Block) 	Elapsed: 0.01	Loglikelihood: -16137.3	(delta): 7.79214e-05
45 (QN/Block) 	Elapsed: 0.012	Loglikelihood: -16137.3	(delta): 0.000111375
46 (QN/Block) 	Elapsed: 0.01	Loglikelihood: -16137.3	(delta): 2.82635e-05
47 (QN/Block) 	Elapsed: 0.012	Loglikelihood: -16137.3	(delta): 2.50436e-05
48 (QN/Block) 	Elapsed: 0.013	Loglikelihood: -16137.3	(delta): 1.23131e-05
49 (QN/Block) 	Elapsed: 0.015	Loglikelihood: -16137.3	(delta): 1.39412e-05
50 (QN/Block) 	Elapsed: 0.014	Loglikelihood: -16137.3	(delta): 1.39723e-05
51 (QN/Block) 	Elapsed: 0.01	Loglikelihood: -16137.3	(delta): 1.04551e-05
52 (QN/Block) 	Elapsed: 0.01	Loglikelihood: -16137.3	(delta): 2.97052e-05
53 (QN/Block) 	Elapsed: 0.01	Loglikelihood: -16137.3	(delta): 4.41113e-06
54 (QN/Block) 	Elapsed: 0.012	Loglikelihood: -16137.3	(delta): 5.05486e-06
55 (QN/Block) 	Elapsed: 0.01	Loglikelihood: -16137.3	(delta): 2.84084e-06
56 (QN/Block) 	Elapsed: 0.01	Loglikelihood: -16137.3	(delta): 1.07142e-05
57 (QN/Block) 	Elapsed: 0.01	Loglikelihood: -16137.3	(delta): 1.03901e-05
58 (QN/Block) 	Elapsed: 0.01	Loglikelihood: -16137.3	(delta): 4.51975e-06
59 (QN/Block) 	Elapsed: 0.01	Loglikelihood: -16137.3	(delta): 6.22979e-06
60 (QN/Block) 	Elapsed: 0.011	Loglikelihood: -16137.3	(delta): 7.81827e-06
61 (QN/Block) 	Elapsed: 0.01	Loglikelihood: -16137.3	(delta): 6.27491e-06
62 (QN/Block) 	Elapsed: 0.01	Loglikelihood: -16137.3	(delta): 2.3974e-05
63 (QN/Block) 	Elapsed: 0.01	Loglikelihood: -16137.3	(delta): 3.20226e-05
64 (QN/Block) 	Elapsed: 0.011	Loglikelihood: -16137.3	(delta): 8.61599e-06
65 (QN/Block) 	Elapsed: 0.012	Loglikelihood: -16137.3	(delta): 6.63662e-06
66 (QN/Block) 	Elapsed: 0.013	Loglikelihood: -16137.3	(delta): 7.00553e-06
67 (QN/Block) 	Elapsed: 0.013	Loglikelihood: -16137.3	(delta): 7.69035e-06
68 (QN/Block) 	Elapsed: 0.012	Loglikelihood: -16137.3	(delta): 8.55217e-06
69 (QN/Block) 	Elapsed: 0.013	Loglikelihood: -16137.3	(delta): 9.58643e-06
70 (QN/Block) 	Elapsed: 0.012	Loglikelihood: -16137.3	(delta): 1.08176e-05
71 (QN/Block) 	Elapsed: 0.014	Loglikelihood: -16137.3	(delta): 1.22871e-05
72 (QN/Block) 	Elapsed: 0.012	Loglikelihood: -16137.3	(delta): 1.40521e-05
73 (QN/Block) 	Elapsed: 0.011	Loglikelihood: -16137.3	(delta): 1.61903e-05
74 (QN/Block) 	Elapsed: 0.011	Loglikelihood: -16137.3	(delta): 1.88058e-05
75 (QN/Block) 	Elapsed: 0.011	Loglikelihood: -16137.3	(delta): 2.20405e-05
76 (QN/Block) 	Elapsed: 0.011	Loglikelihood: -16137.3	(delta): 2.60905e-05
77 (QN/Block) 	Elapsed: 0.011	Loglikelihood: -16137.3	(delta): 3.12313e-05
78 (QN/Block) 	Elapsed: 0.012	Loglikelihood: -16137.3	(delta): 3.78585e-05
79 (QN/Block) 	Elapsed: 0.016	Loglikelihood: -16137.3	(delta): 4.65525e-05
80 (QN/Block) 	Elapsed: 0.016	Loglikelihood: -16137.3	(delta): 5.81882e-05
81 (QN/Block) 	Elapsed: 0.015	Loglikelihood: -16137.3	(delta): 7.41225e-05
82 (QN/Block) 	Elapsed: 0.013	Loglikelihood: -16137.3	(delta): 9.65337e-05
83 (QN/Block) 	Elapsed: 0.012	Loglikelihood: -16137.3	(delta): 0.000129057
84 (QN/Block) 	Elapsed: 0.011	Loglikelihood: -16137.3	(delta): 0.000178048
85 (QN/Block) 	Elapsed: 0.011	Loglikelihood: -16137.3	(delta): 0.000255235
86 (QN/Block) 	Elapsed: 0.012	Loglikelihood: -16137.3	(delta): 0.000383746
87 (QN/Block) 	Elapsed: 0.013	Loglikelihood: -16137.3	(delta): 0.000613353
88 (QN/Block) 	Elapsed: 0.012	Loglikelihood: -16137.3	(delta): 0.00156825
89 (QN/Block) 	Elapsed: 0.012	Loglikelihood: -16137.3	(delta): 0.00418335
90 (QN/Block) 	Elapsed: 0.015	Loglikelihood: -16137.3	(delta): 0.00848105
91 (QN/Block) 	Elapsed: 0.015	Loglikelihood: -16137.3	(delta): 0.0245699
92 (QN/Block) 	Elapsed: 0.013	Loglikelihood: -16137.3	(delta): 0.0264457
93 (QN/Block) 	Elapsed: 0.011	Loglikelihood: -16137.3	(delta): 0.00760587
94 (QN/Block) 	Elapsed: 0.01	Loglikelihood: -16137.3	(delta): 0.0124204
95 (QN/Block) 	Elapsed: 0.01	Loglikelihood: -16137.2	(delta): 0.00782772
96 (QN/Block) 	Elapsed: 0.011	Loglikelihood: -16137.2	(delta): 0.0633605
97 (QN/Block) 	Elapsed: 0.011	Loglikelihood: -16137.2	(delta): 0.00560111
98 (QN/Block) 	Elapsed: 0.01	Loglikelihood: -16137.2	(delta): 0.00728248
99 (QN/Block) 	Elapsed: 0.01	Loglikelihood: -16137.2	(delta): 0.0107004
100 (QN/Block) 	Elapsed: 0.01	Loglikelihood: -16137.1	(delta): 0.0191237
Summary: 
Converged in 100 iterations (1.217 sec)
Loglikelihood: -16137.136929
Fst divergences between estimated populations: 
	Pop0	Pop1	Pop2	Pop3	Pop4	Pop5	
Pop0	
Pop1	0.241	
Pop2	0.113	0.283	
Pop3	0.280	0.394	0.260	
Pop4	0.258	0.391	0.278	0.404	
Pop5	0.402	0.442	0.405	0.433	0.455	
Pop6	0.224	0.332	0.222	0.123	0.356	0.413	
CV error (K=7): 0.24474
Writing output files.
