****                   ADMIXTURE Version 1.3.0                  ****
****                    Copyright 2008-2015                     ****
****           David Alexander, Suyash Shringarpure,            ****
****                John  Novembre, Ken Lange                   ****
****                                                            ****
****                 Please cite our paper!                     ****
****   Information at www.genetics.ucla.edu/software/admixture  ****

Parallel execution requested.  Will use 8 threads.
Cross-validation will be performed.  Folds=10.
Random seed: 43
Point estimation method: Block relaxation algorithm
Convergence acceleration algorithm: QuasiNewton, 3 secant conditions
Point estimation will terminate at 100 iterations
Estimation of standard errors disabled; will compute point estimates only.
Size of G: 111x551
Performing five EM steps to prime main algorithm
1 (EM) 	Elapsed: 0.001	Loglikelihood: -22259.1	(delta): 81789.7
2 (EM) 	Elapsed: 0.001	Loglikelihood: -21279.2	(delta): 979.914
3 (EM) 	Elapsed: 0.001	Loglikelihood: -21056.5	(delta): 222.703
4 (EM) 	Elapsed: 0.001	Loglikelihood: -20963.5	(delta): 93.0192
5 (EM) 	Elapsed: 0.001	Loglikelihood: -20923	(delta): 40.503
Initial loglikelihood: -20923
Starting main algorithm
1 (QN/Block) 	Elapsed: 0.004	Loglikelihood: -19998.7	(delta): 924.291
2 (QN/Block) 	Elapsed: 0.004	Loglikelihood: -19193.5	(delta): 805.158
3 (QN/Block) 	Elapsed: 0.006	Loglikelihood: -18916.5	(delta): 277.07
4 (QN/Block) 	Elapsed: 0.005	Loglikelihood: -18660.9	(delta): 255.531
5 (QN/Block) 	Elapsed: 0.006	Loglikelihood: -18531	(delta): 129.912
6 (QN/Block) 	Elapsed: 0.006	Loglikelihood: -18503.7	(delta): 27.299
7 (QN/Block) 	Elapsed: 0.005	Loglikelihood: -18501.8	(delta): 1.90186
8 (QN/Block) 	Elapsed: 0.006	Loglikelihood: -18501.8	(delta): 0.0305164
9 (QN/Block) 	Elapsed: 0.006	Loglikelihood: -18501.8	(delta): 0.00279665
10 (QN/Block) 	Elapsed: 0.004	Loglikelihood: -18501.8	(delta): 4.51567e-06
11 (QN/Block) 	Elapsed: 0.004	Loglikelihood: -18501.8	(delta): 4.80213e-09
12 (QN/Block) 	Elapsed: 0.005	Loglikelihood: -18501.8	(delta): 7.27596e-12
13 (QN/Block) 	Elapsed: 0.005	Loglikelihood: -18501.8	(delta): -3.63798e-12
14 (QN/Block) 	Elapsed: 0.005	Loglikelihood: -18501.8	(delta): 0
15 (QN/Block) 	Elapsed: 0.005	Loglikelihood: -18501.8	(delta): 0
16 (QN/Block) 	Elapsed: 0.005	Loglikelihood: -18501.8	(delta): 0
17 (QN/Block) 	Elapsed: 0.005	Loglikelihood: -18501.8	(delta): 0
18 (QN/Block) 	Elapsed: 0.005	Loglikelihood: -18501.8	(delta): 0
19 (QN/Block) 	Elapsed: 0.004	Loglikelihood: -18501.8	(delta): 3.63798e-12
20 (QN/Block) 	Elapsed: 0.005	Loglikelihood: -18501.8	(delta): -3.63798e-12
21 (QN/Block) 	Elapsed: 0.005	Loglikelihood: -18501.8	(delta): 3.63798e-12
22 (QN/Block) 	Elapsed: 0.004	Loglikelihood: -18501.8	(delta): 0
23 (QN/Block) 	Elapsed: 0.004	Loglikelihood: -18501.8	(delta): -3.63798e-12
24 (QN/Block) 	Elapsed: 0.005	Loglikelihood: -18501.8	(delta): 0
25 (QN/Block) 	Elapsed: 0.005	Loglikelihood: -18501.8	(delta): 3.63798e-12
26 (QN/Block) 	Elapsed: 0.005	Loglikelihood: -18501.8	(delta): -7.27596e-12
27 (QN/Block) 	Elapsed: 0.005	Loglikelihood: -18501.8	(delta): 0
28 (QN/Block) 	Elapsed: 0.005	Loglikelihood: -18501.8	(delta): 3.63798e-12
29 (QN/Block) 	Elapsed: 0.005	Loglikelihood: -18501.8	(delta): -3.63798e-12
30 (QN/Block) 	Elapsed: 0.005	Loglikelihood: -18501.8	(delta): 7.27596e-12
31 (QN/Block) 	Elapsed: 0.005	Loglikelihood: -18501.8	(delta): -3.63798e-12
32 (QN/Block) 	Elapsed: 0.004	Loglikelihood: -18501.8	(delta): 0
33 (QN/Block) 	Elapsed: 0.005	Loglikelihood: -18501.8	(delta): 3.63798e-12
34 (QN/Block) 	Elapsed: 0.005	Loglikelihood: -18501.8	(delta): -3.63798e-12
35 (QN/Block) 	Elapsed: 0.004	Loglikelihood: -18501.8	(delta): 3.63798e-12
36 (QN/Block) 	Elapsed: 0.005	Loglikelihood: -18501.8	(delta): 0
37 (QN/Block) 	Elapsed: 0.004	Loglikelihood: -18501.8	(delta): -3.63798e-12
38 (QN/Block) 	Elapsed: 0.005	Loglikelihood: -18501.8	(delta): 0
39 (QN/Block) 	Elapsed: 0.005	Loglikelihood: -18501.8	(delta): 3.63798e-12
40 (QN/Block) 	Elapsed: 0.005	Loglikelihood: -18501.8	(delta): 0
41 (QN/Block) 	Elapsed: 0.004	Loglikelihood: -18501.8	(delta): -3.63798e-12
42 (QN/Block) 	Elapsed: 0.005	Loglikelihood: -18501.8	(delta): 0
43 (QN/Block) 	Elapsed: 0.004	Loglikelihood: -18501.8	(delta): 0
44 (QN/Block) 	Elapsed: 0.004	Loglikelihood: -18501.8	(delta): 3.63798e-12
45 (QN/Block) 	Elapsed: 0.006	Loglikelihood: -18501.8	(delta): -3.63798e-12
46 (QN/Block) 	Elapsed: 0.006	Loglikelihood: -18501.8	(delta): 0
47 (QN/Block) 	Elapsed: 0.005	Loglikelihood: -18501.8	(delta): 0
48 (QN/Block) 	Elapsed: 0.006	Loglikelihood: -18501.8	(delta): 3.63798e-12
49 (QN/Block) 	Elapsed: 0.005	Loglikelihood: -18501.8	(delta): 0
50 (QN/Block) 	Elapsed: 0.006	Loglikelihood: -18501.8	(delta): 0
51 (QN/Block) 	Elapsed: 0.005	Loglikelihood: -18501.8	(delta): -3.63798e-12
52 (QN/Block) 	Elapsed: 0.005	Loglikelihood: -18501.8	(delta): 3.63798e-12
53 (QN/Block) 	Elapsed: 0.004	Loglikelihood: -18501.8	(delta): -3.63798e-12
54 (QN/Block) 	Elapsed: 0.005	Loglikelihood: -18501.8	(delta): 3.63798e-12
55 (QN/Block) 	Elapsed: 0.004	Loglikelihood: -18501.8	(delta): 0
56 (QN/Block) 	Elapsed: 0.004	Loglikelihood: -18501.8	(delta): -3.63798e-12
57 (QN/Block) 	Elapsed: 0.005	Loglikelihood: -18501.8	(delta): 0
58 (QN/Block) 	Elapsed: 0.004	Loglikelihood: -18501.8	(delta): 0
59 (QN/Block) 	Elapsed: 0.005	Loglikelihood: -18501.8	(delta): 0
60 (QN/Block) 	Elapsed: 0.005	Loglikelihood: -18501.8	(delta): 0
61 (QN/Block) 	Elapsed: 0.004	Loglikelihood: -18501.8	(delta): 3.63798e-12
62 (QN/Block) 	Elapsed: 0.005	Loglikelihood: -18501.8	(delta): 0
63 (QN/Block) 	Elapsed: 0.005	Loglikelihood: -18501.8	(delta): -3.63798e-12
64 (QN/Block) 	Elapsed: 0.005	Loglikelihood: -18501.8	(delta): 0
65 (QN/Block) 	Elapsed: 0.005	Loglikelihood: -18501.8	(delta): 0
66 (QN/Block) 	Elapsed: 0.005	Loglikelihood: -18501.8	(delta): 0
67 (QN/Block) 	Elapsed: 0.004	Loglikelihood: -18501.8	(delta): 0
68 (QN/Block) 	Elapsed: 0.004	Loglikelihood: -18501.8	(delta): 3.63798e-12
69 (QN/Block) 	Elapsed: 0.005	Loglikelihood: -18501.8	(delta): -3.63798e-12
70 (QN/Block) 	Elapsed: 0.005	Loglikelihood: -18501.8	(delta): 0
71 (QN/Block) 	Elapsed: 0.004	Loglikelihood: -18501.8	(delta): 3.63798e-12
72 (QN/Block) 	Elapsed: 0.005	Loglikelihood: -18501.8	(delta): -3.63798e-12
73 (QN/Block) 	Elapsed: 0.005	Loglikelihood: -18501.8	(delta): 3.63798e-12
74 (QN/Block) 	Elapsed: 0.005	Loglikelihood: -18501.8	(delta): 0
75 (QN/Block) 	Elapsed: 0.004	Loglikelihood: -18501.8	(delta): -3.63798e-12
76 (QN/Block) 	Elapsed: 0.005	Loglikelihood: -18501.8	(delta): 3.63798e-12
77 (QN/Block) 	Elapsed: 0.005	Loglikelihood: -18501.8	(delta): -7.27596e-12
78 (QN/Block) 	Elapsed: 0.005	Loglikelihood: -18501.8	(delta): 3.63798e-12
79 (QN/Block) 	Elapsed: 0.005	Loglikelihood: -18501.8	(delta): 0
80 (QN/Block) 	Elapsed: 0.005	Loglikelihood: -18501.8	(delta): -3.63798e-12
81 (QN/Block) 	Elapsed: 0.005	Loglikelihood: -18501.8	(delta): 3.63798e-12
82 (QN/Block) 	Elapsed: 0.005	Loglikelihood: -18501.8	(delta): 0
83 (QN/Block) 	Elapsed: 0.005	Loglikelihood: -18501.8	(delta): 0
84 (QN/Block) 	Elapsed: 0.005	Loglikelihood: -18501.8	(delta): 0
85 (QN/Block) 	Elapsed: 0.005	Loglikelihood: -18501.8	(delta): 0
86 (QN/Block) 	Elapsed: 0.004	Loglikelihood: -18501.8	(delta): 3.63798e-12
87 (QN/Block) 	Elapsed: 0.005	Loglikelihood: -18501.8	(delta): 0
88 (QN/Block) 	Elapsed: 0.005	Loglikelihood: -18501.8	(delta): -3.63798e-12
89 (QN/Block) 	Elapsed: 0.005	Loglikelihood: -18501.8	(delta): 3.63798e-12
90 (QN/Block) 	Elapsed: 0.005	Loglikelihood: -18501.8	(delta): -3.63798e-12
91 (QN/Block) 	Elapsed: 0.005	Loglikelihood: -18501.8	(delta): 3.63798e-12
92 (QN/Block) 	Elapsed: 0.005	Loglikelihood: -18501.8	(delta): 0
93 (QN/Block) 	Elapsed: 0.005	Loglikelihood: -18501.8	(delta): -3.63798e-12
94 (QN/Block) 	Elapsed: 0.005	Loglikelihood: -18501.8	(delta): 3.63798e-12
95 (QN/Block) 	Elapsed: 0.004	Loglikelihood: -18501.8	(delta): -3.63798e-12
96 (QN/Block) 	Elapsed: 0.005	Loglikelihood: -18501.8	(delta): 0
97 (QN/Block) 	Elapsed: 0.005	Loglikelihood: -18501.8	(delta): 0
98 (QN/Block) 	Elapsed: 0.005	Loglikelihood: -18501.8	(delta): 0
99 (QN/Block) 	Elapsed: 0.005	Loglikelihood: -18501.8	(delta): 0
100 (QN/Block) 	Elapsed: 0.005	Loglikelihood: -18501.8	(delta): 3.63798e-12
Summary: 
Converged in 100 iterations (0.558 sec)
Loglikelihood: -18501.801739
Fst divergences between estimated populations: 
	Pop0	
Pop0	
Pop1	0.175	
CV error (K=2): 0.22282
Writing output files.
