****                   ADMIXTURE Version 1.3.0                  ****
****                    Copyright 2008-2015                     ****
****           David Alexander, Suyash Shringarpure,            ****
****                John  Novembre, Ken Lange                   ****
****                                                            ****
****                 Please cite our paper!                     ****
****   Information at www.genetics.ucla.edu/software/admixture  ****

Parallel execution requested.  Will use 8 threads.
Cross-validation will be performed.  Folds=10.
Random seed: 43
Point estimation method: Block relaxation algorithm
Convergence acceleration algorithm: QuasiNewton, 3 secant conditions
Point estimation will terminate at 100 iterations
Estimation of standard errors disabled; will compute point estimates only.
Size of G: 111x551
Performing five EM steps to prime main algorithm
1 (EM) 	Elapsed: 0.003	Loglikelihood: -22930.9	(delta): 71237.3
2 (EM) 	Elapsed: 0.003	Loglikelihood: -21377.2	(delta): 1553.68
3 (EM) 	Elapsed: 0.003	Loglikelihood: -21073.9	(delta): 303.328
4 (EM) 	Elapsed: 0.003	Loglikelihood: -20908.5	(delta): 165.391
5 (EM) 	Elapsed: 0.003	Loglikelihood: -20787.2	(delta): 121.264
Initial loglikelihood: -20787.2
Starting main algorithm
1 (QN/Block) 	Elapsed: 0.007	Loglikelihood: -18371.3	(delta): 2415.96
2 (QN/Block) 	Elapsed: 0.007	Loglikelihood: -17700	(delta): 671.286
3 (QN/Block) 	Elapsed: 0.008	Loglikelihood: -17294.6	(delta): 405.412
4 (QN/Block) 	Elapsed: 0.008	Loglikelihood: -17113.4	(delta): 181.116
5 (QN/Block) 	Elapsed: 0.006	Loglikelihood: -17050.1	(delta): 63.3224
6 (QN/Block) 	Elapsed: 0.007	Loglikelihood: -17036.5	(delta): 13.6283
7 (QN/Block) 	Elapsed: 0.008	Loglikelihood: -17031.1	(delta): 5.37567
8 (QN/Block) 	Elapsed: 0.009	Loglikelihood: -17030.4	(delta): 0.723745
9 (QN/Block) 	Elapsed: 0.008	Loglikelihood: -17030.2	(delta): 0.201137
10 (QN/Block) 	Elapsed: 0.009	Loglikelihood: -17030	(delta): 0.210704
11 (QN/Block) 	Elapsed: 0.007	Loglikelihood: -17029.8	(delta): 0.189886
12 (QN/Block) 	Elapsed: 0.007	Loglikelihood: -17029.7	(delta): 0.108747
13 (QN/Block) 	Elapsed: 0.007	Loglikelihood: -17029.5	(delta): 0.157863
14 (QN/Block) 	Elapsed: 0.009	Loglikelihood: -17029.4	(delta): 0.111913
15 (QN/Block) 	Elapsed: 0.008	Loglikelihood: -17029.2	(delta): 0.173471
16 (QN/Block) 	Elapsed: 0.007	Loglikelihood: -17029.1	(delta): 0.165378
17 (QN/Block) 	Elapsed: 0.007	Loglikelihood: -17029	(delta): 0.0751054
18 (QN/Block) 	Elapsed: 0.007	Loglikelihood: -17028.9	(delta): 0.0643063
19 (QN/Block) 	Elapsed: 0.007	Loglikelihood: -17028.9	(delta): 0.0651157
20 (QN/Block) 	Elapsed: 0.008	Loglikelihood: -17028.8	(delta): 0.10196
21 (QN/Block) 	Elapsed: 0.008	Loglikelihood: -17028.7	(delta): 0.101268
22 (QN/Block) 	Elapsed: 0.007	Loglikelihood: -17028.6	(delta): 0.0677719
23 (QN/Block) 	Elapsed: 0.006	Loglikelihood: -17028.6	(delta): 0.024107
24 (QN/Block) 	Elapsed: 0.006	Loglikelihood: -17028.6	(delta): 0.00887457
25 (QN/Block) 	Elapsed: 0.007	Loglikelihood: -17028.6	(delta): 0.0015436
26 (QN/Block) 	Elapsed: 0.008	Loglikelihood: -17028.6	(delta): 0.00014612
27 (QN/Block) 	Elapsed: 0.007	Loglikelihood: -17028.6	(delta): 2.7191e-05
28 (QN/Block) 	Elapsed: 0.007	Loglikelihood: -17028.6	(delta): 4.5207e-07
29 (QN/Block) 	Elapsed: 0.007	Loglikelihood: -17028.6	(delta): 5.75346e-08
30 (QN/Block) 	Elapsed: 0.007	Loglikelihood: -17028.6	(delta): 2.25918e-09
31 (QN/Block) 	Elapsed: 0.008	Loglikelihood: -17028.6	(delta): 1.09139e-11
32 (QN/Block) 	Elapsed: 0.007	Loglikelihood: -17028.6	(delta): -3.63798e-12
33 (QN/Block) 	Elapsed: 0.007	Loglikelihood: -17028.6	(delta): 3.63798e-12
34 (QN/Block) 	Elapsed: 0.007	Loglikelihood: -17028.6	(delta): 0
35 (QN/Block) 	Elapsed: 0.008	Loglikelihood: -17028.6	(delta): 3.63798e-12
36 (QN/Block) 	Elapsed: 0.008	Loglikelihood: -17028.6	(delta): 0
37 (QN/Block) 	Elapsed: 0.008	Loglikelihood: -17028.6	(delta): -7.27596e-12
38 (QN/Block) 	Elapsed: 0.008	Loglikelihood: -17028.6	(delta): 0
39 (QN/Block) 	Elapsed: 0.007	Loglikelihood: -17028.6	(delta): 3.63798e-12
40 (QN/Block) 	Elapsed: 0.007	Loglikelihood: -17028.6	(delta): 0
41 (QN/Block) 	Elapsed: 0.008	Loglikelihood: -17028.6	(delta): 0
42 (QN/Block) 	Elapsed: 0.008	Loglikelihood: -17028.6	(delta): -3.63798e-12
43 (QN/Block) 	Elapsed: 0.008	Loglikelihood: -17028.6	(delta): 3.63798e-12
44 (QN/Block) 	Elapsed: 0.008	Loglikelihood: -17028.6	(delta): 0
45 (QN/Block) 	Elapsed: 0.007	Loglikelihood: -17028.6	(delta): 3.63798e-12
46 (QN/Block) 	Elapsed: 0.008	Loglikelihood: -17028.6	(delta): -3.63798e-12
47 (QN/Block) 	Elapsed: 0.007	Loglikelihood: -17028.6	(delta): 0
48 (QN/Block) 	Elapsed: 0.007	Loglikelihood: -17028.6	(delta): 0
49 (QN/Block) 	Elapsed: 0.007	Loglikelihood: -17028.6	(delta): 3.63798e-12
50 (QN/Block) 	Elapsed: 0.007	Loglikelihood: -17028.6	(delta): -3.63798e-12
51 (QN/Block) 	Elapsed: 0.006	Loglikelihood: -17028.6	(delta): -3.63798e-12
52 (QN/Block) 	Elapsed: 0.007	Loglikelihood: -17028.6	(delta): 7.27596e-12
53 (QN/Block) 	Elapsed: 0.007	Loglikelihood: -17028.6	(delta): -3.63798e-12
54 (QN/Block) 	Elapsed: 0.007	Loglikelihood: -17028.6	(delta): 3.63798e-12
55 (QN/Block) 	Elapsed: 0.007	Loglikelihood: -17028.6	(delta): -3.63798e-12
56 (QN/Block) 	Elapsed: 0.007	Loglikelihood: -17028.6	(delta): 0
57 (QN/Block) 	Elapsed: 0.007	Loglikelihood: -17028.6	(delta): 3.63798e-12
58 (QN/Block) 	Elapsed: 0.006	Loglikelihood: -17028.6	(delta): -3.63798e-12
59 (QN/Block) 	Elapsed: 0.006	Loglikelihood: -17028.6	(delta): 3.63798e-12
60 (QN/Block) 	Elapsed: 0.007	Loglikelihood: -17028.6	(delta): -3.63798e-12
61 (QN/Block) 	Elapsed: 0.007	Loglikelihood: -17028.6	(delta): 0
62 (QN/Block) 	Elapsed: 0.007	Loglikelihood: -17028.6	(delta): 0
63 (QN/Block) 	Elapsed: 0.006	Loglikelihood: -17028.6	(delta): -3.63798e-12
64 (QN/Block) 	Elapsed: 0.007	Loglikelihood: -17028.6	(delta): 3.63798e-12
65 (QN/Block) 	Elapsed: 0.007	Loglikelihood: -17028.6	(delta): 0
66 (QN/Block) 	Elapsed: 0.007	Loglikelihood: -17028.6	(delta): 0
67 (QN/Block) 	Elapsed: 0.007	Loglikelihood: -17028.6	(delta): 0
68 (QN/Block) 	Elapsed: 0.009	Loglikelihood: -17028.6	(delta): 0
69 (QN/Block) 	Elapsed: 0.007	Loglikelihood: -17028.6	(delta): 0
70 (QN/Block) 	Elapsed: 0.006	Loglikelihood: -17028.6	(delta): 0
71 (QN/Block) 	Elapsed: 0.007	Loglikelihood: -17028.6	(delta): 0
72 (QN/Block) 	Elapsed: 0.008	Loglikelihood: -17028.6	(delta): 0
73 (QN/Block) 	Elapsed: 0.007	Loglikelihood: -17028.6	(delta): 0
74 (QN/Block) 	Elapsed: 0.006	Loglikelihood: -17028.6	(delta): 0
75 (QN/Block) 	Elapsed: 0.007	Loglikelihood: -17028.6	(delta): -3.63798e-12
76 (QN/Block) 	Elapsed: 0.007	Loglikelihood: -17028.6	(delta): 0
77 (QN/Block) 	Elapsed: 0.007	Loglikelihood: -17028.6	(delta): 3.63798e-12
78 (QN/Block) 	Elapsed: 0.007	Loglikelihood: -17028.6	(delta): 3.63798e-12
79 (QN/Block) 	Elapsed: 0.007	Loglikelihood: -17028.6	(delta): -3.63798e-12
80 (QN/Block) 	Elapsed: 0.007	Loglikelihood: -17028.6	(delta): 0
81 (QN/Block) 	Elapsed: 0.007	Loglikelihood: -17028.6	(delta): 0
82 (QN/Block) 	Elapsed: 0.006	Loglikelihood: -17028.6	(delta): 0
83 (QN/Block) 	Elapsed: 0.007	Loglikelihood: -17028.6	(delta): 0
84 (QN/Block) 	Elapsed: 0.007	Loglikelihood: -17028.6	(delta): 0
85 (QN/Block) 	Elapsed: 0.006	Loglikelihood: -17028.6	(delta): 3.63798e-12
86 (QN/Block) 	Elapsed: 0.006	Loglikelihood: -17028.6	(delta): -3.63798e-12
87 (QN/Block) 	Elapsed: 0.007	Loglikelihood: -17028.6	(delta): -3.63798e-12
88 (QN/Block) 	Elapsed: 0.006	Loglikelihood: -17028.6	(delta): 3.63798e-12
89 (QN/Block) 	Elapsed: 0.006	Loglikelihood: -17028.6	(delta): 0
90 (QN/Block) 	Elapsed: 0.007	Loglikelihood: -17028.6	(delta): 0
91 (QN/Block) 	Elapsed: 0.007	Loglikelihood: -17028.6	(delta): 0
92 (QN/Block) 	Elapsed: 0.007	Loglikelihood: -17028.6	(delta): 3.63798e-12
93 (QN/Block) 	Elapsed: 0.006	Loglikelihood: -17028.6	(delta): -3.63798e-12
94 (QN/Block) 	Elapsed: 0.007	Loglikelihood: -17028.6	(delta): 0
95 (QN/Block) 	Elapsed: 0.007	Loglikelihood: -17028.6	(delta): 0
96 (QN/Block) 	Elapsed: 0.007	Loglikelihood: -17028.6	(delta): 0
97 (QN/Block) 	Elapsed: 0.007	Loglikelihood: -17028.6	(delta): 0
98 (QN/Block) 	Elapsed: 0.007	Loglikelihood: -17028.6	(delta): 0
99 (QN/Block) 	Elapsed: 0.007	Loglikelihood: -17028.6	(delta): 0
100 (QN/Block) 	Elapsed: 0.008	Loglikelihood: -17028.6	(delta): 0
Summary: 
Converged in 100 iterations (0.801 sec)
Loglikelihood: -17028.557271
Fst divergences between estimated populations: 
	Pop0	Pop1	Pop2	
Pop0	
Pop1	0.205	
Pop2	0.131	0.228	
Pop3	0.397	0.410	0.404	
CV error (K=4): 0.24451
Writing output files.
