****                   ADMIXTURE Version 1.3.0                  ****
****                    Copyright 2008-2015                     ****
****           David Alexander, Suyash Shringarpure,            ****
****                John  Novembre, Ken Lange                   ****
****                                                            ****
****                 Please cite our paper!                     ****
****   Information at www.genetics.ucla.edu/software/admixture  ****

Parallel execution requested.  Will use 8 threads.
Cross-validation will be performed.  Folds=10.
Random seed: 43
Point estimation method: Block relaxation algorithm
Convergence acceleration algorithm: QuasiNewton, 3 secant conditions
Point estimation will terminate at 100 iterations
Estimation of standard errors disabled; will compute point estimates only.
Size of G: 111x551
Performing five EM steps to prime main algorithm
1 (EM) 	Elapsed: 0.002	Loglikelihood: -22467.3	(delta): 73255.1
2 (EM) 	Elapsed: 0.002	Loglikelihood: -21243	(delta): 1224.36
3 (EM) 	Elapsed: 0.002	Loglikelihood: -20989.9	(delta): 253.114
4 (EM) 	Elapsed: 0.002	Loglikelihood: -20847.9	(delta): 142.001
5 (EM) 	Elapsed: 0.002	Loglikelihood: -20760.2	(delta): 87.6238
Initial loglikelihood: -20760.2
Starting main algorithm
1 (QN/Block) 	Elapsed: 0.005	Loglikelihood: -19379.2	(delta): 1381
2 (QN/Block) 	Elapsed: 0.006	Loglikelihood: -18640.7	(delta): 738.541
3 (QN/Block) 	Elapsed: 0.006	Loglikelihood: -18248.6	(delta): 392.058
4 (QN/Block) 	Elapsed: 0.006	Loglikelihood: -17798.1	(delta): 450.485
5 (QN/Block) 	Elapsed: 0.005	Loglikelihood: -17481.6	(delta): 316.568
6 (QN/Block) 	Elapsed: 0.005	Loglikelihood: -17426.2	(delta): 55.3708
7 (QN/Block) 	Elapsed: 0.006	Loglikelihood: -17421	(delta): 5.19119
8 (QN/Block) 	Elapsed: 0.007	Loglikelihood: -17420.8	(delta): 0.222181
9 (QN/Block) 	Elapsed: 0.007	Loglikelihood: -17420.8	(delta): 0.000933419
10 (QN/Block) 	Elapsed: 0.006	Loglikelihood: -17420.8	(delta): 1.76875e-06
11 (QN/Block) 	Elapsed: 0.006	Loglikelihood: -17420.8	(delta): 5.31072e-08
12 (QN/Block) 	Elapsed: 0.007	Loglikelihood: -17420.8	(delta): 3.63798e-12
13 (QN/Block) 	Elapsed: 0.009	Loglikelihood: -17420.8	(delta): -3.63798e-12
14 (QN/Block) 	Elapsed: 0.009	Loglikelihood: -17420.8	(delta): 0
15 (QN/Block) 	Elapsed: 0.009	Loglikelihood: -17420.8	(delta): 0
16 (QN/Block) 	Elapsed: 0.007	Loglikelihood: -17420.8	(delta): 0
17 (QN/Block) 	Elapsed: 0.006	Loglikelihood: -17420.8	(delta): 3.63798e-12
18 (QN/Block) 	Elapsed: 0.006	Loglikelihood: -17420.8	(delta): 0
19 (QN/Block) 	Elapsed: 0.007	Loglikelihood: -17420.8	(delta): -3.63798e-12
20 (QN/Block) 	Elapsed: 0.007	Loglikelihood: -17420.8	(delta): 3.63798e-12
21 (QN/Block) 	Elapsed: 0.008	Loglikelihood: -17420.8	(delta): -3.63798e-12
22 (QN/Block) 	Elapsed: 0.007	Loglikelihood: -17420.8	(delta): 0
23 (QN/Block) 	Elapsed: 0.007	Loglikelihood: -17420.8	(delta): 0
24 (QN/Block) 	Elapsed: 0.006	Loglikelihood: -17420.8	(delta): 0
25 (QN/Block) 	Elapsed: 0.008	Loglikelihood: -17420.8	(delta): 0
26 (QN/Block) 	Elapsed: 0.007	Loglikelihood: -17420.8	(delta): 3.63798e-12
27 (QN/Block) 	Elapsed: 0.006	Loglikelihood: -17420.8	(delta): -3.63798e-12
28 (QN/Block) 	Elapsed: 0.007	Loglikelihood: -17420.8	(delta): 0
29 (QN/Block) 	Elapsed: 0.007	Loglikelihood: -17420.8	(delta): 3.63798e-12
30 (QN/Block) 	Elapsed: 0.006	Loglikelihood: -17420.8	(delta): -3.63798e-12
31 (QN/Block) 	Elapsed: 0.006	Loglikelihood: -17420.8	(delta): 0
32 (QN/Block) 	Elapsed: 0.006	Loglikelihood: -17420.8	(delta): 3.63798e-12
33 (QN/Block) 	Elapsed: 0.006	Loglikelihood: -17420.8	(delta): -3.63798e-12
34 (QN/Block) 	Elapsed: 0.006	Loglikelihood: -17420.8	(delta): 0
35 (QN/Block) 	Elapsed: 0.006	Loglikelihood: -17420.8	(delta): 3.63798e-12
36 (QN/Block) 	Elapsed: 0.005	Loglikelihood: -17420.8	(delta): -3.63798e-12
37 (QN/Block) 	Elapsed: 0.005	Loglikelihood: -17420.8	(delta): 0
38 (QN/Block) 	Elapsed: 0.005	Loglikelihood: -17420.8	(delta): 3.63798e-12
39 (QN/Block) 	Elapsed: 0.006	Loglikelihood: -17420.8	(delta): 0
40 (QN/Block) 	Elapsed: 0.007	Loglikelihood: -17420.8	(delta): -3.63798e-12
41 (QN/Block) 	Elapsed: 0.008	Loglikelihood: -17420.8	(delta): 3.63798e-12
42 (QN/Block) 	Elapsed: 0.007	Loglikelihood: -17420.8	(delta): -3.63798e-12
43 (QN/Block) 	Elapsed: 0.008	Loglikelihood: -17420.8	(delta): 3.63798e-12
44 (QN/Block) 	Elapsed: 0.007	Loglikelihood: -17420.8	(delta): 0
45 (QN/Block) 	Elapsed: 0.007	Loglikelihood: -17420.8	(delta): 0
46 (QN/Block) 	Elapsed: 0.006	Loglikelihood: -17420.8	(delta): 0
47 (QN/Block) 	Elapsed: 0.006	Loglikelihood: -17420.8	(delta): 0
48 (QN/Block) 	Elapsed: 0.005	Loglikelihood: -17420.8	(delta): 0
49 (QN/Block) 	Elapsed: 0.005	Loglikelihood: -17420.8	(delta): -3.63798e-12
50 (QN/Block) 	Elapsed: 0.006	Loglikelihood: -17420.8	(delta): 0
51 (QN/Block) 	Elapsed: 0.005	Loglikelihood: -17420.8	(delta): 3.63798e-12
52 (QN/Block) 	Elapsed: 0.006	Loglikelihood: -17420.8	(delta): -3.63798e-12
53 (QN/Block) 	Elapsed: 0.005	Loglikelihood: -17420.8	(delta): 0
54 (QN/Block) 	Elapsed: 0.005	Loglikelihood: -17420.8	(delta): 3.63798e-12
55 (QN/Block) 	Elapsed: 0.005	Loglikelihood: -17420.8	(delta): -3.63798e-12
56 (QN/Block) 	Elapsed: 0.006	Loglikelihood: -17420.8	(delta): 7.27596e-12
57 (QN/Block) 	Elapsed: 0.005	Loglikelihood: -17420.8	(delta): -3.63798e-12
58 (QN/Block) 	Elapsed: 0.006	Loglikelihood: -17420.8	(delta): -3.63798e-12
59 (QN/Block) 	Elapsed: 0.005	Loglikelihood: -17420.8	(delta): 0
60 (QN/Block) 	Elapsed: 0.006	Loglikelihood: -17420.8	(delta): 0
61 (QN/Block) 	Elapsed: 0.005	Loglikelihood: -17420.8	(delta): 3.63798e-12
62 (QN/Block) 	Elapsed: 0.006	Loglikelihood: -17420.8	(delta): -3.63798e-12
63 (QN/Block) 	Elapsed: 0.006	Loglikelihood: -17420.8	(delta): 0
64 (QN/Block) 	Elapsed: 0.005	Loglikelihood: -17420.8	(delta): 0
65 (QN/Block) 	Elapsed: 0.006	Loglikelihood: -17420.8	(delta): 0
66 (QN/Block) 	Elapsed: 0.006	Loglikelihood: -17420.8	(delta): 3.63798e-12
67 (QN/Block) 	Elapsed: 0.005	Loglikelihood: -17420.8	(delta): 0
68 (QN/Block) 	Elapsed: 0.006	Loglikelihood: -17420.8	(delta): 0
69 (QN/Block) 	Elapsed: 0.006	Loglikelihood: -17420.8	(delta): -3.63798e-12
70 (QN/Block) 	Elapsed: 0.007	Loglikelihood: -17420.8	(delta): 0
71 (QN/Block) 	Elapsed: 0.006	Loglikelihood: -17420.8	(delta): 0
72 (QN/Block) 	Elapsed: 0.007	Loglikelihood: -17420.8	(delta): 0
73 (QN/Block) 	Elapsed: 0.007	Loglikelihood: -17420.8	(delta): 0
74 (QN/Block) 	Elapsed: 0.007	Loglikelihood: -17420.8	(delta): 3.63798e-12
75 (QN/Block) 	Elapsed: 0.008	Loglikelihood: -17420.8	(delta): -3.63798e-12
76 (QN/Block) 	Elapsed: 0.005	Loglikelihood: -17420.8	(delta): 0
77 (QN/Block) 	Elapsed: 0.007	Loglikelihood: -17420.8	(delta): 0
78 (QN/Block) 	Elapsed: 0.006	Loglikelihood: -17420.8	(delta): 0
79 (QN/Block) 	Elapsed: 0.006	Loglikelihood: -17420.8	(delta): 0
80 (QN/Block) 	Elapsed: 0.006	Loglikelihood: -17420.8	(delta): 0
81 (QN/Block) 	Elapsed: 0.006	Loglikelihood: -17420.8	(delta): 0
82 (QN/Block) 	Elapsed: 0.006	Loglikelihood: -17420.8	(delta): 0
83 (QN/Block) 	Elapsed: 0.006	Loglikelihood: -17420.8	(delta): 0
84 (QN/Block) 	Elapsed: 0.006	Loglikelihood: -17420.8	(delta): 0
85 (QN/Block) 	Elapsed: 0.006	Loglikelihood: -17420.8	(delta): 3.63798e-12
86 (QN/Block) 	Elapsed: 0.007	Loglikelihood: -17420.8	(delta): -3.63798e-12
87 (QN/Block) 	Elapsed: 0.007	Loglikelihood: -17420.8	(delta): 0
88 (QN/Block) 	Elapsed: 0.006	Loglikelihood: -17420.8	(delta): 0
89 (QN/Block) 	Elapsed: 0.006	Loglikelihood: -17420.8	(delta): 3.63798e-12
90 (QN/Block) 	Elapsed: 0.005	Loglikelihood: -17420.8	(delta): -3.63798e-12
91 (QN/Block) 	Elapsed: 0.005	Loglikelihood: -17420.8	(delta): 3.63798e-12
92 (QN/Block) 	Elapsed: 0.006	Loglikelihood: -17420.8	(delta): -3.63798e-12
93 (QN/Block) 	Elapsed: 0.006	Loglikelihood: -17420.8	(delta): 0
94 (QN/Block) 	Elapsed: 0.007	Loglikelihood: -17420.8	(delta): 3.63798e-12
95 (QN/Block) 	Elapsed: 0.007	Loglikelihood: -17420.8	(delta): -3.63798e-12
96 (QN/Block) 	Elapsed: 0.007	Loglikelihood: -17420.8	(delta): 0
97 (QN/Block) 	Elapsed: 0.005	Loglikelihood: -17420.8	(delta): 3.63798e-12
98 (QN/Block) 	Elapsed: 0.005	Loglikelihood: -17420.8	(delta): -3.63798e-12
99 (QN/Block) 	Elapsed: 0.005	Loglikelihood: -17420.8	(delta): 3.63798e-12
100 (QN/Block) 	Elapsed: 0.006	Loglikelihood: -17420.8	(delta): 0
Summary: 
Converged in 100 iterations (0.698 sec)
Loglikelihood: -17420.796314
Fst divergences between estimated populations: 
	Pop0	Pop1	
Pop0	
Pop1	0.411	
Pop2	0.191	0.391	
CV error (K=3): 0.24031
Writing output files.
