PLINK v1.90b6.21 64-bit (19 Oct 2020)
Options in effect:
  --allow-extra-chr 0
  --const-fid
  --make-bed
  --out ../results/admix_runs/10percent_ac_1civ_wc_1/ac_2bi_1civ_wc_10
  --vcf ac_1civ_wc_10_temp-unlinked.vcf

Hostname: kprata
Working directory: /Users/kprata/Dropbox/agaricia_project_2019/shalo_ag/gen_project/popgen_rad_shallow_agaricia/C-population_structure/scripts
Start time: Tue Jan 23 17:11:55 2024

Random number seed: 1705993915
16384 MB RAM detected; reserving 8192 MB for main workspace.
--vcf:
../results/admix_runs/10percent_ac_1civ_wc_1/ac_2bi_1civ_wc_10-temporary.bed +
../results/admix_runs/10percent_ac_1civ_wc_1/ac_2bi_1civ_wc_10-temporary.bim +
../results/admix_runs/10percent_ac_1civ_wc_1/ac_2bi_1civ_wc_10-temporary.fam
written.
1064 variants loaded from .bim file.
512 people (0 males, 0 females, 512 ambiguous) loaded from .fam.
Ambiguous sex IDs written to
../results/admix_runs/10percent_ac_1civ_wc_1/ac_2bi_1civ_wc_10.nosex .
Using 1 thread (no multithreaded calculations invoked).
Before main variant filters, 512 founders and 0 nonfounders present.
Calculating allele frequencies... done.
Total genotyping rate is 0.957991.
1064 variants and 512 people pass filters and QC.
Note: No phenotypes present.
--make-bed to
../results/admix_runs/10percent_ac_1civ_wc_1/ac_2bi_1civ_wc_10.bed +
../results/admix_runs/10percent_ac_1civ_wc_1/ac_2bi_1civ_wc_10.bim +
../results/admix_runs/10percent_ac_1civ_wc_1/ac_2bi_1civ_wc_10.fam ... done.

End time: Tue Jan 23 17:11:55 2024
