****                   ADMIXTURE Version 1.3.0                  ****
****                    Copyright 2008-2015                     ****
****           David Alexander, Suyash Shringarpure,            ****
****                John  Novembre, Ken Lange                   ****
****                                                            ****
****                 Please cite our paper!                     ****
****   Information at www.genetics.ucla.edu/software/admixture  ****

Parallel execution requested.  Will use 8 threads.
Cross-validation will be performed.  Folds=10.
Random seed: 43
Point estimation method: Block relaxation algorithm
Convergence acceleration algorithm: QuasiNewton, 3 secant conditions
Point estimation will terminate at 100 iterations
Estimation of standard errors disabled; will compute point estimates only.
Size of G: 512x668
Performing five EM steps to prime main algorithm
1 (EM) 	Elapsed: 0.039	Loglikelihood: -142368	(delta): 355868
2 (EM) 	Elapsed: 0.037	Loglikelihood: -133993	(delta): 8374.58
3 (EM) 	Elapsed: 0.044	Loglikelihood: -132827	(delta): 1165.57
4 (EM) 	Elapsed: 0.042	Loglikelihood: -132110	(delta): 717.168
5 (EM) 	Elapsed: 0.045	Loglikelihood: -131547	(delta): 562.896
Initial loglikelihood: -131547
Starting main algorithm
1 (QN/Block) 	Elapsed: 0.058	Loglikelihood: -116096	(delta): 15451.7
2 (QN/Block) 	Elapsed: 0.056	Loglikelihood: -112468	(delta): 3627.23
3 (QN/Block) 	Elapsed: 0.061	Loglikelihood: -111254	(delta): 1214.33
4 (QN/Block) 	Elapsed: 0.063	Loglikelihood: -110627	(delta): 626.916
5 (QN/Block) 	Elapsed: 0.055	Loglikelihood: -110363	(delta): 263.882
6 (QN/Block) 	Elapsed: 0.073	Loglikelihood: -110260	(delta): 102.859
7 (QN/Block) 	Elapsed: 0.063	Loglikelihood: -110140	(delta): 119.996
8 (QN/Block) 	Elapsed: 0.059	Loglikelihood: -110057	(delta): 83.4307
9 (QN/Block) 	Elapsed: 0.059	Loglikelihood: -110017	(delta): 40.1402
10 (QN/Block) 	Elapsed: 0.064	Loglikelihood: -109997	(delta): 19.7548
11 (QN/Block) 	Elapsed: 0.064	Loglikelihood: -109977	(delta): 19.7192
12 (QN/Block) 	Elapsed: 0.069	Loglikelihood: -109961	(delta): 16.1854
13 (QN/Block) 	Elapsed: 0.06	Loglikelihood: -109955	(delta): 5.79521
14 (QN/Block) 	Elapsed: 0.06	Loglikelihood: -109942	(delta): 13.0287
15 (QN/Block) 	Elapsed: 0.06	Loglikelihood: -109935	(delta): 7.27499
16 (QN/Block) 	Elapsed: 0.066	Loglikelihood: -109930	(delta): 4.9995
17 (QN/Block) 	Elapsed: 0.059	Loglikelihood: -109928	(delta): 2.28599
18 (QN/Block) 	Elapsed: 0.062	Loglikelihood: -109926	(delta): 2.3107
19 (QN/Block) 	Elapsed: 0.063	Loglikelihood: -109922	(delta): 4.00292
20 (QN/Block) 	Elapsed: 0.066	Loglikelihood: -109915	(delta): 6.72072
21 (QN/Block) 	Elapsed: 0.072	Loglikelihood: -109903	(delta): 11.4806
22 (QN/Block) 	Elapsed: 0.07	Loglikelihood: -109892	(delta): 11.1137
23 (QN/Block) 	Elapsed: 0.061	Loglikelihood: -109885	(delta): 7.2653
24 (QN/Block) 	Elapsed: 0.06	Loglikelihood: -109858	(delta): 27.3241
25 (QN/Block) 	Elapsed: 0.056	Loglikelihood: -109844	(delta): 13.3602
26 (QN/Block) 	Elapsed: 0.059	Loglikelihood: -109832	(delta): 12.6383
27 (QN/Block) 	Elapsed: 0.064	Loglikelihood: -109813	(delta): 18.3178
28 (QN/Block) 	Elapsed: 0.061	Loglikelihood: -109811	(delta): 2.04286
29 (QN/Block) 	Elapsed: 0.058	Loglikelihood: -109811	(delta): 0.673662
30 (QN/Block) 	Elapsed: 0.058	Loglikelihood: -109810	(delta): 0.604061
31 (QN/Block) 	Elapsed: 0.059	Loglikelihood: -109810	(delta): 0.243123
32 (QN/Block) 	Elapsed: 0.057	Loglikelihood: -109810	(delta): 0.161654
33 (QN/Block) 	Elapsed: 0.058	Loglikelihood: -109809	(delta): 0.215503
34 (QN/Block) 	Elapsed: 0.059	Loglikelihood: -109809	(delta): 0.252501
35 (QN/Block) 	Elapsed: 0.061	Loglikelihood: -109809	(delta): 0.110174
36 (QN/Block) 	Elapsed: 0.063	Loglikelihood: -109809	(delta): 0.134322
37 (QN/Block) 	Elapsed: 0.07	Loglikelihood: -109809	(delta): 0.163942
38 (QN/Block) 	Elapsed: 0.069	Loglikelihood: -109809	(delta): 0.138561
39 (QN/Block) 	Elapsed: 0.064	Loglikelihood: -109808	(delta): 0.127059
40 (QN/Block) 	Elapsed: 0.061	Loglikelihood: -109808	(delta): 0.124667
41 (QN/Block) 	Elapsed: 0.061	Loglikelihood: -109808	(delta): 0.127973
42 (QN/Block) 	Elapsed: 0.06	Loglikelihood: -109808	(delta): 0.137879
43 (QN/Block) 	Elapsed: 0.062	Loglikelihood: -109808	(delta): 0.155863
44 (QN/Block) 	Elapsed: 0.063	Loglikelihood: -109808	(delta): 0.249424
45 (QN/Block) 	Elapsed: 0.065	Loglikelihood: -109807	(delta): 0.450859
46 (QN/Block) 	Elapsed: 0.065	Loglikelihood: -109807	(delta): 0.392202
47 (QN/Block) 	Elapsed: 0.061	Loglikelihood: -109806	(delta): 0.390623
48 (QN/Block) 	Elapsed: 0.06	Loglikelihood: -109806	(delta): 0.539437
49 (QN/Block) 	Elapsed: 0.072	Loglikelihood: -109805	(delta): 0.455281
50 (QN/Block) 	Elapsed: 0.07	Loglikelihood: -109805	(delta): 0.544337
51 (QN/Block) 	Elapsed: 0.068	Loglikelihood: -109804	(delta): 0.436126
52 (QN/Block) 	Elapsed: 0.065	Loglikelihood: -109804	(delta): 0.371427
53 (QN/Block) 	Elapsed: 0.075	Loglikelihood: -109803	(delta): 0.63403
54 (QN/Block) 	Elapsed: 0.062	Loglikelihood: -109803	(delta): 0.301271
55 (QN/Block) 	Elapsed: 0.062	Loglikelihood: -109803	(delta): 0.270028
56 (QN/Block) 	Elapsed: 0.06	Loglikelihood: -109803	(delta): 0.186635
57 (QN/Block) 	Elapsed: 0.059	Loglikelihood: -109803	(delta): 0.095096
58 (QN/Block) 	Elapsed: 0.057	Loglikelihood: -109803	(delta): 0.109495
59 (QN/Block) 	Elapsed: 0.061	Loglikelihood: -109802	(delta): 0.0609465
60 (QN/Block) 	Elapsed: 0.061	Loglikelihood: -109802	(delta): 0.025872
61 (QN/Block) 	Elapsed: 0.062	Loglikelihood: -109802	(delta): 0.0363844
62 (QN/Block) 	Elapsed: 0.066	Loglikelihood: -109802	(delta): 0.015438
63 (QN/Block) 	Elapsed: 0.063	Loglikelihood: -109802	(delta): 0.0154256
64 (QN/Block) 	Elapsed: 0.064	Loglikelihood: -109802	(delta): 0.0160746
65 (QN/Block) 	Elapsed: 0.06	Loglikelihood: -109802	(delta): 0.0441417
66 (QN/Block) 	Elapsed: 0.06	Loglikelihood: -109802	(delta): 0.108208
67 (QN/Block) 	Elapsed: 0.062	Loglikelihood: -109802	(delta): 0.14737
68 (QN/Block) 	Elapsed: 0.069	Loglikelihood: -109802	(delta): 0.35958
69 (QN/Block) 	Elapsed: 0.069	Loglikelihood: -109801	(delta): 0.646297
70 (QN/Block) 	Elapsed: 0.062	Loglikelihood: -109801	(delta): 0.281753
71 (QN/Block) 	Elapsed: 0.066	Loglikelihood: -109801	(delta): 0.139394
72 (QN/Block) 	Elapsed: 0.06	Loglikelihood: -109800	(delta): 0.161688
73 (QN/Block) 	Elapsed: 0.067	Loglikelihood: -109800	(delta): 0.372777
74 (QN/Block) 	Elapsed: 0.06	Loglikelihood: -109799	(delta): 0.775011
75 (QN/Block) 	Elapsed: 0.058	Loglikelihood: -109798	(delta): 1.44108
76 (QN/Block) 	Elapsed: 0.062	Loglikelihood: -109797	(delta): 0.53026
77 (QN/Block) 	Elapsed: 0.059	Loglikelihood: -109797	(delta): 0.0779299
78 (QN/Block) 	Elapsed: 0.06	Loglikelihood: -109797	(delta): 0.11354
79 (QN/Block) 	Elapsed: 0.058	Loglikelihood: -109797	(delta): 0.0440746
80 (QN/Block) 	Elapsed: 0.061	Loglikelihood: -109797	(delta): 0.0207304
81 (QN/Block) 	Elapsed: 0.063	Loglikelihood: -109797	(delta): 0.00941484
82 (QN/Block) 	Elapsed: 0.058	Loglikelihood: -109797	(delta): 0.00600696
83 (QN/Block) 	Elapsed: 0.065	Loglikelihood: -109797	(delta): 0.00212746
84 (QN/Block) 	Elapsed: 0.065	Loglikelihood: -109797	(delta): 0.000809826
85 (QN/Block) 	Elapsed: 0.058	Loglikelihood: -109797	(delta): 0.000782195
86 (QN/Block) 	Elapsed: 0.063	Loglikelihood: -109797	(delta): 0.00118029
87 (QN/Block) 	Elapsed: 0.061	Loglikelihood: -109797	(delta): 0.00804461
88 (QN/Block) 	Elapsed: 0.063	Loglikelihood: -109797	(delta): 0.0103823
89 (QN/Block) 	Elapsed: 0.058	Loglikelihood: -109797	(delta): 0.000277308
90 (QN/Block) 	Elapsed: 0.059	Loglikelihood: -109797	(delta): 0.000206746
91 (QN/Block) 	Elapsed: 0.059	Loglikelihood: -109797	(delta): 3.73991e-05
92 (QN/Block) 	Elapsed: 0.059	Loglikelihood: -109797	(delta): 9.99749e-06
93 (QN/Block) 	Elapsed: 0.058	Loglikelihood: -109797	(delta): 3.37932e-06
94 (QN/Block) 	Elapsed: 0.062	Loglikelihood: -109797	(delta): 2.13113e-07
95 (QN/Block) 	Elapsed: 0.059	Loglikelihood: -109797	(delta): 8.42556e-09
96 (QN/Block) 	Elapsed: 0.06	Loglikelihood: -109797	(delta): 6.98492e-10
97 (QN/Block) 	Elapsed: 0.061	Loglikelihood: -109797	(delta): 7.27596e-11
98 (QN/Block) 	Elapsed: 0.061	Loglikelihood: -109797	(delta): 0
99 (QN/Block) 	Elapsed: 0.061	Loglikelihood: -109797	(delta): 1.45519e-11
100 (QN/Block) 	Elapsed: 0.072	Loglikelihood: -109797	(delta): -2.91038e-11
Summary: 
Converged in 100 iterations (6.596 sec)
Loglikelihood: -109797.035268
Fst divergences between estimated populations: 
	Pop0	Pop1	Pop2	Pop3	Pop4	Pop5	Pop6	
Pop0	
Pop1	0.115	
Pop2	0.196	0.168	
Pop3	0.147	0.138	0.260	
Pop4	0.194	0.142	0.209	0.173	
Pop5	0.372	0.369	0.421	0.358	0.401	
Pop6	0.166	0.182	0.249	0.203	0.220	0.419	
Pop7	0.173	0.145	0.246	0.150	0.163	0.388	0.219	
CV error (K=8): 0.20434
Writing output files.
