****                   ADMIXTURE Version 1.3.0                  ****
****                    Copyright 2008-2015                     ****
****           David Alexander, Suyash Shringarpure,            ****
****                John  Novembre, Ken Lange                   ****
****                                                            ****
****                 Please cite our paper!                     ****
****   Information at www.genetics.ucla.edu/software/admixture  ****

Parallel execution requested.  Will use 8 threads.
Cross-validation will be performed.  Folds=10.
Random seed: 43
Point estimation method: Block relaxation algorithm
Convergence acceleration algorithm: QuasiNewton, 3 secant conditions
Point estimation will terminate at 100 iterations
Estimation of standard errors disabled; will compute point estimates only.
Size of G: 512x668
Performing five EM steps to prime main algorithm
1 (EM) 	Elapsed: 0.022	Loglikelihood: -142324	(delta): 363190
2 (EM) 	Elapsed: 0.023	Loglikelihood: -134373	(delta): 7951.66
3 (EM) 	Elapsed: 0.024	Loglikelihood: -133043	(delta): 1330.26
4 (EM) 	Elapsed: 0.023	Loglikelihood: -132296	(delta): 746.196
5 (EM) 	Elapsed: 0.025	Loglikelihood: -131768	(delta): 528.699
Initial loglikelihood: -131768
Starting main algorithm
1 (QN/Block) 	Elapsed: 0.042	Loglikelihood: -120319	(delta): 11448.9
2 (QN/Block) 	Elapsed: 0.042	Loglikelihood: -115919	(delta): 4400.24
3 (QN/Block) 	Elapsed: 0.045	Loglikelihood: -114539	(delta): 1379.84
4 (QN/Block) 	Elapsed: 0.044	Loglikelihood: -113954	(delta): 584.769
5 (QN/Block) 	Elapsed: 0.041	Loglikelihood: -113630	(delta): 324.092
6 (QN/Block) 	Elapsed: 0.043	Loglikelihood: -113556	(delta): 73.5203
7 (QN/Block) 	Elapsed: 0.044	Loglikelihood: -113509	(delta): 47.0049
8 (QN/Block) 	Elapsed: 0.046	Loglikelihood: -113480	(delta): 29.5482
9 (QN/Block) 	Elapsed: 0.051	Loglikelihood: -113462	(delta): 17.98
10 (QN/Block) 	Elapsed: 0.049	Loglikelihood: -113450	(delta): 11.3443
11 (QN/Block) 	Elapsed: 0.054	Loglikelihood: -113444	(delta): 6.31601
12 (QN/Block) 	Elapsed: 0.048	Loglikelihood: -113441	(delta): 2.95015
13 (QN/Block) 	Elapsed: 0.046	Loglikelihood: -113440	(delta): 1.63001
14 (QN/Block) 	Elapsed: 0.052	Loglikelihood: -113438	(delta): 1.94794
15 (QN/Block) 	Elapsed: 0.05	Loglikelihood: -113436	(delta): 1.16128
16 (QN/Block) 	Elapsed: 0.05	Loglikelihood: -113436	(delta): 0.251052
17 (QN/Block) 	Elapsed: 0.048	Loglikelihood: -113436	(delta): 0.352088
18 (QN/Block) 	Elapsed: 0.047	Loglikelihood: -113435	(delta): 0.486677
19 (QN/Block) 	Elapsed: 0.043	Loglikelihood: -113434	(delta): 1.17098
20 (QN/Block) 	Elapsed: 0.044	Loglikelihood: -113431	(delta): 3.05152
21 (QN/Block) 	Elapsed: 0.046	Loglikelihood: -113429	(delta): 2.21694
22 (QN/Block) 	Elapsed: 0.047	Loglikelihood: -113426	(delta): 3.25187
23 (QN/Block) 	Elapsed: 0.049	Loglikelihood: -113421	(delta): 4.96806
24 (QN/Block) 	Elapsed: 0.047	Loglikelihood: -113415	(delta): 5.78615
25 (QN/Block) 	Elapsed: 0.049	Loglikelihood: -113411	(delta): 3.73612
26 (QN/Block) 	Elapsed: 0.047	Loglikelihood: -113410	(delta): 1.27908
27 (QN/Block) 	Elapsed: 0.05	Loglikelihood: -113408	(delta): 1.60229
28 (QN/Block) 	Elapsed: 0.048	Loglikelihood: -113406	(delta): 2.35996
29 (QN/Block) 	Elapsed: 0.048	Loglikelihood: -113404	(delta): 2.20942
30 (QN/Block) 	Elapsed: 0.046	Loglikelihood: -113402	(delta): 2.05941
31 (QN/Block) 	Elapsed: 0.053	Loglikelihood: -113398	(delta): 3.40961
32 (QN/Block) 	Elapsed: 0.049	Loglikelihood: -113395	(delta): 2.90397
33 (QN/Block) 	Elapsed: 0.047	Loglikelihood: -113394	(delta): 0.907257
34 (QN/Block) 	Elapsed: 0.043	Loglikelihood: -113394	(delta): 0.78193
35 (QN/Block) 	Elapsed: 0.046	Loglikelihood: -113393	(delta): 0.770314
36 (QN/Block) 	Elapsed: 0.049	Loglikelihood: -113392	(delta): 0.872435
37 (QN/Block) 	Elapsed: 0.047	Loglikelihood: -113391	(delta): 1.12784
38 (QN/Block) 	Elapsed: 0.048	Loglikelihood: -113390	(delta): 0.905628
39 (QN/Block) 	Elapsed: 0.046	Loglikelihood: -113390	(delta): 0.376535
40 (QN/Block) 	Elapsed: 0.042	Loglikelihood: -113389	(delta): 0.15764
41 (QN/Block) 	Elapsed: 0.05	Loglikelihood: -113389	(delta): 0.138398
42 (QN/Block) 	Elapsed: 0.049	Loglikelihood: -113389	(delta): 0.626173
43 (QN/Block) 	Elapsed: 0.044	Loglikelihood: -113389	(delta): 0.066945
44 (QN/Block) 	Elapsed: 0.048	Loglikelihood: -113389	(delta): 0.0342509
45 (QN/Block) 	Elapsed: 0.044	Loglikelihood: -113389	(delta): 0.0205393
46 (QN/Block) 	Elapsed: 0.044	Loglikelihood: -113389	(delta): 0.00768288
47 (QN/Block) 	Elapsed: 0.05	Loglikelihood: -113389	(delta): 0.00777597
48 (QN/Block) 	Elapsed: 0.051	Loglikelihood: -113389	(delta): 0.00515133
49 (QN/Block) 	Elapsed: 0.052	Loglikelihood: -113388	(delta): 0.00588843
50 (QN/Block) 	Elapsed: 0.049	Loglikelihood: -113388	(delta): 0.00199018
51 (QN/Block) 	Elapsed: 0.051	Loglikelihood: -113388	(delta): 0.00241477
52 (QN/Block) 	Elapsed: 0.05	Loglikelihood: -113388	(delta): 0.00124737
53 (QN/Block) 	Elapsed: 0.052	Loglikelihood: -113388	(delta): 0.00144142
54 (QN/Block) 	Elapsed: 0.05	Loglikelihood: -113388	(delta): 0.00609784
55 (QN/Block) 	Elapsed: 0.053	Loglikelihood: -113388	(delta): 0.0033067
56 (QN/Block) 	Elapsed: 0.053	Loglikelihood: -113388	(delta): 0.00287025
57 (QN/Block) 	Elapsed: 0.053	Loglikelihood: -113388	(delta): 0.00178519
58 (QN/Block) 	Elapsed: 0.056	Loglikelihood: -113388	(delta): 0.000394404
59 (QN/Block) 	Elapsed: 0.054	Loglikelihood: -113388	(delta): 0.000328876
60 (QN/Block) 	Elapsed: 0.055	Loglikelihood: -113388	(delta): 0.000314583
61 (QN/Block) 	Elapsed: 0.049	Loglikelihood: -113388	(delta): 0.000284874
62 (QN/Block) 	Elapsed: 0.053	Loglikelihood: -113388	(delta): 0.000126319
63 (QN/Block) 	Elapsed: 0.053	Loglikelihood: -113388	(delta): 0.000907828
64 (QN/Block) 	Elapsed: 0.054	Loglikelihood: -113388	(delta): 0.000440996
65 (QN/Block) 	Elapsed: 0.046	Loglikelihood: -113388	(delta): 0.000165178
66 (QN/Block) 	Elapsed: 0.047	Loglikelihood: -113388	(delta): 5.77981e-05
67 (QN/Block) 	Elapsed: 0.041	Loglikelihood: -113388	(delta): 5.12342e-06
68 (QN/Block) 	Elapsed: 0.041	Loglikelihood: -113388	(delta): 4.94209e-06
69 (QN/Block) 	Elapsed: 0.041	Loglikelihood: -113388	(delta): 2.99013e-07
70 (QN/Block) 	Elapsed: 0.045	Loglikelihood: -113388	(delta): 2.33122e-08
71 (QN/Block) 	Elapsed: 0.054	Loglikelihood: -113388	(delta): 6.33008e-09
72 (QN/Block) 	Elapsed: 0.045	Loglikelihood: -113388	(delta): 1.32422e-09
73 (QN/Block) 	Elapsed: 0.046	Loglikelihood: -113388	(delta): 1.74623e-10
74 (QN/Block) 	Elapsed: 0.045	Loglikelihood: -113388	(delta): 0
75 (QN/Block) 	Elapsed: 0.043	Loglikelihood: -113388	(delta): 4.36557e-11
76 (QN/Block) 	Elapsed: 0.047	Loglikelihood: -113388	(delta): 2.91038e-11
77 (QN/Block) 	Elapsed: 0.045	Loglikelihood: -113388	(delta): -2.91038e-11
78 (QN/Block) 	Elapsed: 0.046	Loglikelihood: -113388	(delta): 0
79 (QN/Block) 	Elapsed: 0.043	Loglikelihood: -113388	(delta): 1.45519e-11
80 (QN/Block) 	Elapsed: 0.045	Loglikelihood: -113388	(delta): -1.45519e-11
81 (QN/Block) 	Elapsed: 0.047	Loglikelihood: -113388	(delta): -1.45519e-11
82 (QN/Block) 	Elapsed: 0.046	Loglikelihood: -113388	(delta): 0
83 (QN/Block) 	Elapsed: 0.046	Loglikelihood: -113388	(delta): 1.45519e-11
84 (QN/Block) 	Elapsed: 0.047	Loglikelihood: -113388	(delta): 0
85 (QN/Block) 	Elapsed: 0.043	Loglikelihood: -113388	(delta): -1.45519e-11
86 (QN/Block) 	Elapsed: 0.046	Loglikelihood: -113388	(delta): 1.45519e-11
87 (QN/Block) 	Elapsed: 0.046	Loglikelihood: -113388	(delta): 1.45519e-11
88 (QN/Block) 	Elapsed: 0.046	Loglikelihood: -113388	(delta): -2.91038e-11
89 (QN/Block) 	Elapsed: 0.048	Loglikelihood: -113388	(delta): 1.45519e-11
90 (QN/Block) 	Elapsed: 0.046	Loglikelihood: -113388	(delta): -1.45519e-11
91 (QN/Block) 	Elapsed: 0.048	Loglikelihood: -113388	(delta): 2.91038e-11
92 (QN/Block) 	Elapsed: 0.051	Loglikelihood: -113388	(delta): -1.45519e-11
93 (QN/Block) 	Elapsed: 0.045	Loglikelihood: -113388	(delta): 0
94 (QN/Block) 	Elapsed: 0.048	Loglikelihood: -113388	(delta): 0
95 (QN/Block) 	Elapsed: 0.05	Loglikelihood: -113388	(delta): 0
96 (QN/Block) 	Elapsed: 0.048	Loglikelihood: -113388	(delta): 1.45519e-11
97 (QN/Block) 	Elapsed: 0.048	Loglikelihood: -113388	(delta): -2.91038e-11
98 (QN/Block) 	Elapsed: 0.047	Loglikelihood: -113388	(delta): 2.91038e-11
99 (QN/Block) 	Elapsed: 0.048	Loglikelihood: -113388	(delta): 0
100 (QN/Block) 	Elapsed: 0.048	Loglikelihood: -113388	(delta): 0
Summary: 
Converged in 100 iterations (5.022 sec)
Loglikelihood: -113388.471938
Fst divergences between estimated populations: 
	Pop0	Pop1	Pop2	Pop3	
Pop0	
Pop1	0.358	
Pop2	0.087	0.329	
Pop3	0.087	0.354	0.062	
Pop4	0.102	0.348	0.077	0.101	
CV error (K=5): 0.20922
Writing output files.
