****                   ADMIXTURE Version 1.3.0                  ****
****                    Copyright 2008-2015                     ****
****           David Alexander, Suyash Shringarpure,            ****
****                John  Novembre, Ken Lange                   ****
****                                                            ****
****                 Please cite our paper!                     ****
****   Information at www.genetics.ucla.edu/software/admixture  ****

Parallel execution requested.  Will use 8 threads.
Cross-validation will be performed.  Folds=10.
Random seed: 43
Point estimation method: Block relaxation algorithm
Convergence acceleration algorithm: QuasiNewton, 3 secant conditions
Point estimation will terminate at 100 iterations
Estimation of standard errors disabled; will compute point estimates only.
Size of G: 557x751
Performing five EM steps to prime main algorithm
1 (EM) 	Elapsed: 0.041	Loglikelihood: -243288	(delta): 321456
2 (EM) 	Elapsed: 0.044	Loglikelihood: -231358	(delta): 11930
3 (EM) 	Elapsed: 0.041	Loglikelihood: -226515	(delta): 4842.56
4 (EM) 	Elapsed: 0.042	Loglikelihood: -219511	(delta): 7004.28
5 (EM) 	Elapsed: 0.042	Loglikelihood: -208165	(delta): 11346
Initial loglikelihood: -208165
Starting main algorithm
1 (QN/Block) 	Elapsed: 0.057	Loglikelihood: -61855.9	(delta): 146309
2 (QN/Block) 	Elapsed: 0.056	Loglikelihood: -54967.8	(delta): 6888.07
3 (QN/Block) 	Elapsed: 0.061	Loglikelihood: -51899.9	(delta): 3067.99
4 (QN/Block) 	Elapsed: 0.058	Loglikelihood: -49397.8	(delta): 2502.01
5 (QN/Block) 	Elapsed: 0.057	Loglikelihood: -47717.7	(delta): 1680.13
6 (QN/Block) 	Elapsed: 0.062	Loglikelihood: -46996.7	(delta): 721.02
7 (QN/Block) 	Elapsed: 0.06	Loglikelihood: -46656	(delta): 340.735
8 (QN/Block) 	Elapsed: 0.058	Loglikelihood: -46578.2	(delta): 77.7897
9 (QN/Block) 	Elapsed: 0.061	Loglikelihood: -46539.6	(delta): 38.5938
10 (QN/Block) 	Elapsed: 0.059	Loglikelihood: -46534.6	(delta): 4.94259
11 (QN/Block) 	Elapsed: 0.056	Loglikelihood: -46534.3	(delta): 0.314894
12 (QN/Block) 	Elapsed: 0.06	Loglikelihood: -46534.2	(delta): 0.0742088
13 (QN/Block) 	Elapsed: 0.057	Loglikelihood: -46534.2	(delta): 0.0254112
14 (QN/Block) 	Elapsed: 0.065	Loglikelihood: -46534.2	(delta): 0.00513028
15 (QN/Block) 	Elapsed: 0.059	Loglikelihood: -46534.2	(delta): 0.0014573
16 (QN/Block) 	Elapsed: 0.059	Loglikelihood: -46534.2	(delta): 0.000858725
17 (QN/Block) 	Elapsed: 0.061	Loglikelihood: -46534.2	(delta): 0.000114962
18 (QN/Block) 	Elapsed: 0.058	Loglikelihood: -46534.2	(delta): 1.96494e-05
19 (QN/Block) 	Elapsed: 0.056	Loglikelihood: -46534.2	(delta): 1.10074e-05
20 (QN/Block) 	Elapsed: 0.059	Loglikelihood: -46534.2	(delta): 6.55547e-06
21 (QN/Block) 	Elapsed: 0.059	Loglikelihood: -46534.2	(delta): 4.61623e-07
22 (QN/Block) 	Elapsed: 0.058	Loglikelihood: -46534.2	(delta): 1.90339e-08
23 (QN/Block) 	Elapsed: 0.057	Loglikelihood: -46534.2	(delta): 2.85218e-09
24 (QN/Block) 	Elapsed: 0.062	Loglikelihood: -46534.2	(delta): 2.01544e-09
25 (QN/Block) 	Elapsed: 0.063	Loglikelihood: -46534.2	(delta): 1.1496e-09
26 (QN/Block) 	Elapsed: 0.065	Loglikelihood: -46534.2	(delta): 4.43833e-10
27 (QN/Block) 	Elapsed: 0.065	Loglikelihood: -46534.2	(delta): 1.16415e-10
28 (QN/Block) 	Elapsed: 0.065	Loglikelihood: -46534.2	(delta): 2.6921e-10
29 (QN/Block) 	Elapsed: 0.066	Loglikelihood: -46534.2	(delta): 1.30967e-10
30 (QN/Block) 	Elapsed: 0.07	Loglikelihood: -46534.2	(delta): 1.52795e-10
31 (QN/Block) 	Elapsed: 0.065	Loglikelihood: -46534.2	(delta): 1.81899e-10
32 (QN/Block) 	Elapsed: 0.061	Loglikelihood: -46534.2	(delta): 9.45874e-11
33 (QN/Block) 	Elapsed: 0.066	Loglikelihood: -46534.2	(delta): 5.09317e-11
34 (QN/Block) 	Elapsed: 0.066	Loglikelihood: -46534.2	(delta): 1.45519e-10
35 (QN/Block) 	Elapsed: 0.063	Loglikelihood: -46534.2	(delta): -2.18279e-11
36 (QN/Block) 	Elapsed: 0.064	Loglikelihood: -46534.2	(delta): 1.01863e-10
37 (QN/Block) 	Elapsed: 0.063	Loglikelihood: -46534.2	(delta): 2.25555e-10
38 (QN/Block) 	Elapsed: 0.065	Loglikelihood: -46534.2	(delta): 9.45874e-11
39 (QN/Block) 	Elapsed: 0.063	Loglikelihood: -46534.2	(delta): 1.16415e-10
40 (QN/Block) 	Elapsed: 0.067	Loglikelihood: -46534.2	(delta): 5.82077e-11
41 (QN/Block) 	Elapsed: 0.069	Loglikelihood: -46534.2	(delta): 1.01863e-10
42 (QN/Block) 	Elapsed: 0.066	Loglikelihood: -46534.2	(delta): 1.09139e-10
43 (QN/Block) 	Elapsed: 0.066	Loglikelihood: -46534.2	(delta): 1.45519e-11
44 (QN/Block) 	Elapsed: 0.073	Loglikelihood: -46534.2	(delta): 2.91038e-11
45 (QN/Block) 	Elapsed: 0.07	Loglikelihood: -46534.2	(delta): 4.36557e-11
46 (QN/Block) 	Elapsed: 0.064	Loglikelihood: -46534.2	(delta): 8.73115e-11
47 (QN/Block) 	Elapsed: 0.064	Loglikelihood: -46534.2	(delta): -1.45519e-11
48 (QN/Block) 	Elapsed: 0.068	Loglikelihood: -46534.2	(delta): 7.27596e-11
49 (QN/Block) 	Elapsed: 0.064	Loglikelihood: -46534.2	(delta): -7.27596e-12
50 (QN/Block) 	Elapsed: 0.065	Loglikelihood: -46534.2	(delta): 9.45874e-11
51 (QN/Block) 	Elapsed: 0.065	Loglikelihood: -46534.2	(delta): 7.27596e-11
52 (QN/Block) 	Elapsed: 0.069	Loglikelihood: -46534.2	(delta): 5.09317e-11
53 (QN/Block) 	Elapsed: 0.067	Loglikelihood: -46534.2	(delta): 2.18279e-11
54 (QN/Block) 	Elapsed: 0.068	Loglikelihood: -46534.2	(delta): 4.36557e-11
55 (QN/Block) 	Elapsed: 0.07	Loglikelihood: -46534.2	(delta): 6.54836e-11
56 (QN/Block) 	Elapsed: 0.065	Loglikelihood: -46534.2	(delta): 8.00355e-11
57 (QN/Block) 	Elapsed: 0.064	Loglikelihood: -46534.2	(delta): 4.36557e-11
58 (QN/Block) 	Elapsed: 0.064	Loglikelihood: -46534.2	(delta): 1.45519e-11
59 (QN/Block) 	Elapsed: 0.074	Loglikelihood: -46534.2	(delta): 1.16415e-10
60 (QN/Block) 	Elapsed: 0.07	Loglikelihood: -46534.2	(delta): 1.45519e-10
61 (QN/Block) 	Elapsed: 0.066	Loglikelihood: -46534.2	(delta): 4.36557e-11
62 (QN/Block) 	Elapsed: 0.068	Loglikelihood: -46534.2	(delta): 7.27596e-11
63 (QN/Block) 	Elapsed: 0.07	Loglikelihood: -46534.2	(delta): 5.09317e-11
64 (QN/Block) 	Elapsed: 0.065	Loglikelihood: -46534.2	(delta): 2.91038e-11
65 (QN/Block) 	Elapsed: 0.067	Loglikelihood: -46534.2	(delta): 6.54836e-11
66 (QN/Block) 	Elapsed: 0.067	Loglikelihood: -46534.2	(delta): -4.36557e-11
67 (QN/Block) 	Elapsed: 0.065	Loglikelihood: -46534.2	(delta): 1.30967e-10
68 (QN/Block) 	Elapsed: 0.067	Loglikelihood: -46534.2	(delta): 8.73115e-11
69 (QN/Block) 	Elapsed: 0.068	Loglikelihood: -46534.2	(delta): -4.36557e-11
70 (QN/Block) 	Elapsed: 0.067	Loglikelihood: -46534.2	(delta): -2.91038e-11
71 (QN/Block) 	Elapsed: 0.065	Loglikelihood: -46534.2	(delta): 9.45874e-11
72 (QN/Block) 	Elapsed: 0.067	Loglikelihood: -46534.2	(delta): -1.38243e-10
73 (QN/Block) 	Elapsed: 0.066	Loglikelihood: -46534.2	(delta): 1.30967e-10
74 (QN/Block) 	Elapsed: 0.072	Loglikelihood: -46534.2	(delta): -6.54836e-11
75 (QN/Block) 	Elapsed: 0.07	Loglikelihood: -46534.2	(delta): 8.73115e-11
76 (QN/Block) 	Elapsed: 0.065	Loglikelihood: -46534.2	(delta): 8.73115e-11
77 (QN/Block) 	Elapsed: 0.065	Loglikelihood: -46534.2	(delta): 1.45519e-10
78 (QN/Block) 	Elapsed: 0.068	Loglikelihood: -46534.2	(delta): 1.38243e-10
79 (QN/Block) 	Elapsed: 0.067	Loglikelihood: -46534.2	(delta): -3.63798e-11
80 (QN/Block) 	Elapsed: 0.064	Loglikelihood: -46534.2	(delta): 2.18279e-11
81 (QN/Block) 	Elapsed: 0.066	Loglikelihood: -46534.2	(delta): 0
82 (QN/Block) 	Elapsed: 0.065	Loglikelihood: -46534.2	(delta): 7.27596e-12
83 (QN/Block) 	Elapsed: 0.068	Loglikelihood: -46534.2	(delta): -7.27596e-12
84 (QN/Block) 	Elapsed: 0.068	Loglikelihood: -46534.2	(delta): -5.82077e-11
85 (QN/Block) 	Elapsed: 0.064	Loglikelihood: -46534.2	(delta): 7.27596e-11
86 (QN/Block) 	Elapsed: 0.064	Loglikelihood: -46534.2	(delta): 4.36557e-11
87 (QN/Block) 	Elapsed: 0.065	Loglikelihood: -46534.2	(delta): -6.54836e-11
88 (QN/Block) 	Elapsed: 0.066	Loglikelihood: -46534.2	(delta): -7.27596e-12
89 (QN/Block) 	Elapsed: 0.074	Loglikelihood: -46534.2	(delta): -2.91038e-11
90 (QN/Block) 	Elapsed: 0.067	Loglikelihood: -46534.2	(delta): -1.45519e-11
91 (QN/Block) 	Elapsed: 0.067	Loglikelihood: -46534.2	(delta): 4.36557e-11
92 (QN/Block) 	Elapsed: 0.066	Loglikelihood: -46534.2	(delta): 0
93 (QN/Block) 	Elapsed: 0.065	Loglikelihood: -46534.2	(delta): 3.63798e-11
94 (QN/Block) 	Elapsed: 0.068	Loglikelihood: -46534.2	(delta): 0
95 (QN/Block) 	Elapsed: 0.065	Loglikelihood: -46534.2	(delta): 2.18279e-11
96 (QN/Block) 	Elapsed: 0.068	Loglikelihood: -46534.2	(delta): 7.27596e-12
97 (QN/Block) 	Elapsed: 0.066	Loglikelihood: -46534.2	(delta): -2.18279e-11
98 (QN/Block) 	Elapsed: 0.067	Loglikelihood: -46534.2	(delta): 2.91038e-11
99 (QN/Block) 	Elapsed: 0.069	Loglikelihood: -46534.2	(delta): 1.67347e-10
100 (QN/Block) 	Elapsed: 0.066	Loglikelihood: -46534.2	(delta): -3.63798e-11
Summary: 
Converged in 100 iterations (6.858 sec)
Loglikelihood: -46534.213806
Fst divergences between estimated populations: 
	Pop0	Pop1	Pop2	Pop3	Pop4	Pop5	
Pop0	
Pop1	0.359	
Pop2	0.881	0.829	
Pop3	0.867	0.836	0.892	
Pop4	0.830	0.795	0.858	0.346	
Pop5	0.377	0.097	0.835	0.840	0.800	
Pop6	0.867	0.816	0.515	0.881	0.848	0.821	
CV error (K=7): 0.08273
Writing output files.
