****                   ADMIXTURE Version 1.3.0                  ****
****                    Copyright 2008-2015                     ****
****           David Alexander, Suyash Shringarpure,            ****
****                John  Novembre, Ken Lange                   ****
****                                                            ****
****                 Please cite our paper!                     ****
****   Information at www.genetics.ucla.edu/software/admixture  ****

Parallel execution requested.  Will use 8 threads.
Cross-validation will be performed.  Folds=10.
Random seed: 43
Point estimation method: Block relaxation algorithm
Convergence acceleration algorithm: QuasiNewton, 3 secant conditions
Point estimation will terminate at 100 iterations
Estimation of standard errors disabled; will compute point estimates only.
Size of G: 557x751
Performing five EM steps to prime main algorithm
1 (EM) 	Elapsed: 0.029	Loglikelihood: -243649	(delta): 329116
2 (EM) 	Elapsed: 0.029	Loglikelihood: -233217	(delta): 10431.2
3 (EM) 	Elapsed: 0.031	Loglikelihood: -230034	(delta): 3183.06
4 (EM) 	Elapsed: 0.03	Loglikelihood: -226378	(delta): 3656.4
5 (EM) 	Elapsed: 0.03	Loglikelihood: -219737	(delta): 6640.57
Initial loglikelihood: -219737
Starting main algorithm
1 (QN/Block) 	Elapsed: 0.046	Loglikelihood: -67358	(delta): 152379
2 (QN/Block) 	Elapsed: 0.049	Loglikelihood: -55498.6	(delta): 11859.3
3 (QN/Block) 	Elapsed: 0.05	Loglikelihood: -53356.6	(delta): 2142.09
4 (QN/Block) 	Elapsed: 0.047	Loglikelihood: -52004.8	(delta): 1351.72
5 (QN/Block) 	Elapsed: 0.046	Loglikelihood: -50842.3	(delta): 1162.52
6 (QN/Block) 	Elapsed: 0.055	Loglikelihood: -50266.9	(delta): 575.459
7 (QN/Block) 	Elapsed: 0.048	Loglikelihood: -49931.2	(delta): 335.672
8 (QN/Block) 	Elapsed: 0.047	Loglikelihood: -49734	(delta): 197.214
9 (QN/Block) 	Elapsed: 0.05	Loglikelihood: -49679.4	(delta): 54.5406
10 (QN/Block) 	Elapsed: 0.047	Loglikelihood: -49668.5	(delta): 10.9079
11 (QN/Block) 	Elapsed: 0.048	Loglikelihood: -49667.4	(delta): 1.12003
12 (QN/Block) 	Elapsed: 0.047	Loglikelihood: -49667.1	(delta): 0.344053
13 (QN/Block) 	Elapsed: 0.047	Loglikelihood: -49666.9	(delta): 0.146128
14 (QN/Block) 	Elapsed: 0.046	Loglikelihood: -49666.9	(delta): 0.0257278
15 (QN/Block) 	Elapsed: 0.048	Loglikelihood: -49666.9	(delta): 0.014008
16 (QN/Block) 	Elapsed: 0.051	Loglikelihood: -49666.9	(delta): 0.00337373
17 (QN/Block) 	Elapsed: 0.051	Loglikelihood: -49666.9	(delta): 0.00197209
18 (QN/Block) 	Elapsed: 0.052	Loglikelihood: -49666.9	(delta): 0.0012151
19 (QN/Block) 	Elapsed: 0.048	Loglikelihood: -49666.9	(delta): 1.25565e-05
20 (QN/Block) 	Elapsed: 0.047	Loglikelihood: -49666.9	(delta): 2.93265e-06
21 (QN/Block) 	Elapsed: 0.048	Loglikelihood: -49666.9	(delta): 1.38418e-07
22 (QN/Block) 	Elapsed: 0.047	Loglikelihood: -49666.9	(delta): 1.43336e-09
23 (QN/Block) 	Elapsed: 0.051	Loglikelihood: -49666.9	(delta): 1.16415e-10
24 (QN/Block) 	Elapsed: 0.053	Loglikelihood: -49666.9	(delta): 0
25 (QN/Block) 	Elapsed: 0.049	Loglikelihood: -49666.9	(delta): 0
26 (QN/Block) 	Elapsed: 0.055	Loglikelihood: -49666.9	(delta): 0
27 (QN/Block) 	Elapsed: 0.052	Loglikelihood: -49666.9	(delta): -1.45519e-11
28 (QN/Block) 	Elapsed: 0.052	Loglikelihood: -49666.9	(delta): 7.27596e-12
29 (QN/Block) 	Elapsed: 0.05	Loglikelihood: -49666.9	(delta): 0
30 (QN/Block) 	Elapsed: 0.055	Loglikelihood: -49666.9	(delta): 2.18279e-11
31 (QN/Block) 	Elapsed: 0.051	Loglikelihood: -49666.9	(delta): 0
32 (QN/Block) 	Elapsed: 0.055	Loglikelihood: -49666.9	(delta): 0
33 (QN/Block) 	Elapsed: 0.051	Loglikelihood: -49666.9	(delta): 0
34 (QN/Block) 	Elapsed: 0.055	Loglikelihood: -49666.9	(delta): 7.27596e-12
35 (QN/Block) 	Elapsed: 0.051	Loglikelihood: -49666.9	(delta): -2.18279e-11
36 (QN/Block) 	Elapsed: 0.052	Loglikelihood: -49666.9	(delta): 7.27596e-12
37 (QN/Block) 	Elapsed: 0.053	Loglikelihood: -49666.9	(delta): 0
38 (QN/Block) 	Elapsed: 0.051	Loglikelihood: -49666.9	(delta): 7.27596e-12
39 (QN/Block) 	Elapsed: 0.05	Loglikelihood: -49666.9	(delta): -7.27596e-12
40 (QN/Block) 	Elapsed: 0.05	Loglikelihood: -49666.9	(delta): 1.45519e-11
41 (QN/Block) 	Elapsed: 0.053	Loglikelihood: -49666.9	(delta): 0
42 (QN/Block) 	Elapsed: 0.05	Loglikelihood: -49666.9	(delta): 0
43 (QN/Block) 	Elapsed: 0.051	Loglikelihood: -49666.9	(delta): -7.27596e-12
44 (QN/Block) 	Elapsed: 0.052	Loglikelihood: -49666.9	(delta): 1.45519e-11
45 (QN/Block) 	Elapsed: 0.056	Loglikelihood: -49666.9	(delta): 0
46 (QN/Block) 	Elapsed: 0.05	Loglikelihood: -49666.9	(delta): 0
47 (QN/Block) 	Elapsed: 0.052	Loglikelihood: -49666.9	(delta): 0
48 (QN/Block) 	Elapsed: 0.049	Loglikelihood: -49666.9	(delta): -1.45519e-11
49 (QN/Block) 	Elapsed: 0.05	Loglikelihood: -49666.9	(delta): 2.18279e-11
50 (QN/Block) 	Elapsed: 0.051	Loglikelihood: -49666.9	(delta): 0
51 (QN/Block) 	Elapsed: 0.05	Loglikelihood: -49666.9	(delta): -7.27596e-12
52 (QN/Block) 	Elapsed: 0.048	Loglikelihood: -49666.9	(delta): -7.27596e-12
53 (QN/Block) 	Elapsed: 0.05	Loglikelihood: -49666.9	(delta): -7.27596e-12
54 (QN/Block) 	Elapsed: 0.049	Loglikelihood: -49666.9	(delta): 7.27596e-12
55 (QN/Block) 	Elapsed: 0.048	Loglikelihood: -49666.9	(delta): -2.18279e-11
56 (QN/Block) 	Elapsed: 0.051	Loglikelihood: -49666.9	(delta): 2.91038e-11
57 (QN/Block) 	Elapsed: 0.048	Loglikelihood: -49666.9	(delta): -1.45519e-11
58 (QN/Block) 	Elapsed: 0.052	Loglikelihood: -49666.9	(delta): 0
59 (QN/Block) 	Elapsed: 0.05	Loglikelihood: -49666.9	(delta): 7.27596e-12
60 (QN/Block) 	Elapsed: 0.049	Loglikelihood: -49666.9	(delta): 0
61 (QN/Block) 	Elapsed: 0.048	Loglikelihood: -49666.9	(delta): -2.18279e-11
62 (QN/Block) 	Elapsed: 0.046	Loglikelihood: -49666.9	(delta): 2.91038e-11
63 (QN/Block) 	Elapsed: 0.05	Loglikelihood: -49666.9	(delta): -1.45519e-11
64 (QN/Block) 	Elapsed: 0.05	Loglikelihood: -49666.9	(delta): 1.45519e-11
65 (QN/Block) 	Elapsed: 0.051	Loglikelihood: -49666.9	(delta): -1.45519e-11
66 (QN/Block) 	Elapsed: 0.044	Loglikelihood: -49666.9	(delta): 7.27596e-12
67 (QN/Block) 	Elapsed: 0.049	Loglikelihood: -49666.9	(delta): 7.27596e-12
68 (QN/Block) 	Elapsed: 0.048	Loglikelihood: -49666.9	(delta): 7.27596e-12
69 (QN/Block) 	Elapsed: 0.05	Loglikelihood: -49666.9	(delta): -2.91038e-11
70 (QN/Block) 	Elapsed: 0.05	Loglikelihood: -49666.9	(delta): 7.27596e-12
71 (QN/Block) 	Elapsed: 0.052	Loglikelihood: -49666.9	(delta): -7.27596e-12
72 (QN/Block) 	Elapsed: 0.046	Loglikelihood: -49666.9	(delta): 0
73 (QN/Block) 	Elapsed: 0.049	Loglikelihood: -49666.9	(delta): 1.45519e-11
74 (QN/Block) 	Elapsed: 0.046	Loglikelihood: -49666.9	(delta): -7.27596e-12
75 (QN/Block) 	Elapsed: 0.047	Loglikelihood: -49666.9	(delta): 1.45519e-11
76 (QN/Block) 	Elapsed: 0.049	Loglikelihood: -49666.9	(delta): -1.45519e-11
77 (QN/Block) 	Elapsed: 0.05	Loglikelihood: -49666.9	(delta): 7.27596e-12
78 (QN/Block) 	Elapsed: 0.051	Loglikelihood: -49666.9	(delta): -7.27596e-12
79 (QN/Block) 	Elapsed: 0.045	Loglikelihood: -49666.9	(delta): 0
80 (QN/Block) 	Elapsed: 0.051	Loglikelihood: -49666.9	(delta): 0
81 (QN/Block) 	Elapsed: 0.053	Loglikelihood: -49666.9	(delta): 7.27596e-12
82 (QN/Block) 	Elapsed: 0.051	Loglikelihood: -49666.9	(delta): -7.27596e-12
83 (QN/Block) 	Elapsed: 0.051	Loglikelihood: -49666.9	(delta): -7.27596e-12
84 (QN/Block) 	Elapsed: 0.054	Loglikelihood: -49666.9	(delta): 7.27596e-12
85 (QN/Block) 	Elapsed: 0.054	Loglikelihood: -49666.9	(delta): 0
86 (QN/Block) 	Elapsed: 0.052	Loglikelihood: -49666.9	(delta): 0
87 (QN/Block) 	Elapsed: 0.051	Loglikelihood: -49666.9	(delta): -7.27596e-12
88 (QN/Block) 	Elapsed: 0.048	Loglikelihood: -49666.9	(delta): -7.27596e-12
89 (QN/Block) 	Elapsed: 0.053	Loglikelihood: -49666.9	(delta): 1.45519e-11
90 (QN/Block) 	Elapsed: 0.052	Loglikelihood: -49666.9	(delta): -7.27596e-12
91 (QN/Block) 	Elapsed: 0.05	Loglikelihood: -49666.9	(delta): 0
92 (QN/Block) 	Elapsed: 0.052	Loglikelihood: -49666.9	(delta): -7.27596e-12
93 (QN/Block) 	Elapsed: 0.051	Loglikelihood: -49666.9	(delta): 7.27596e-12
94 (QN/Block) 	Elapsed: 0.05	Loglikelihood: -49666.9	(delta): 0
95 (QN/Block) 	Elapsed: 0.052	Loglikelihood: -49666.9	(delta): -7.27596e-12
96 (QN/Block) 	Elapsed: 0.048	Loglikelihood: -49666.9	(delta): 0
97 (QN/Block) 	Elapsed: 0.051	Loglikelihood: -49666.9	(delta): 7.27596e-12
98 (QN/Block) 	Elapsed: 0.048	Loglikelihood: -49666.9	(delta): -2.91038e-11
99 (QN/Block) 	Elapsed: 0.05	Loglikelihood: -49666.9	(delta): 1.45519e-11
100 (QN/Block) 	Elapsed: 0.048	Loglikelihood: -49666.9	(delta): 0
Summary: 
Converged in 100 iterations (5.311 sec)
Loglikelihood: -49666.869672
Fst divergences between estimated populations: 
	Pop0	Pop1	Pop2	Pop3	
Pop0	
Pop1	0.834	
Pop2	0.793	0.789	
Pop3	0.829	0.842	0.353	
Pop4	0.345	0.867	0.834	0.868	
CV error (K=5): 0.08867
Writing output files.
