****                   ADMIXTURE Version 1.3.0                  ****
****                    Copyright 2008-2015                     ****
****           David Alexander, Suyash Shringarpure,            ****
****                John  Novembre, Ken Lange                   ****
****                                                            ****
****                 Please cite our paper!                     ****
****   Information at www.genetics.ucla.edu/software/admixture  ****

Parallel execution requested.  Will use 8 threads.
Cross-validation will be performed.  Folds=10.
Random seed: 43
Point estimation method: Block relaxation algorithm
Convergence acceleration algorithm: QuasiNewton, 3 secant conditions
Point estimation will terminate at 100 iterations
Estimation of standard errors disabled; will compute point estimates only.
Size of G: 557x751
Performing five EM steps to prime main algorithm
1 (EM) 	Elapsed: 0.057	Loglikelihood: -243060	(delta): 302926
2 (EM) 	Elapsed: 0.06	Loglikelihood: -231914	(delta): 11145.5
3 (EM) 	Elapsed: 0.059	Loglikelihood: -228658	(delta): 3256.2
4 (EM) 	Elapsed: 0.058	Loglikelihood: -224339	(delta): 4318.37
5 (EM) 	Elapsed: 0.059	Loglikelihood: -216175	(delta): 8164.15
Initial loglikelihood: -216175
Starting main algorithm
1 (QN/Block) 	Elapsed: 0.079	Loglikelihood: -61126.6	(delta): 155049
2 (QN/Block) 	Elapsed: 0.073	Loglikelihood: -51507.2	(delta): 9619.42
3 (QN/Block) 	Elapsed: 0.081	Loglikelihood: -49030.7	(delta): 2476.51
4 (QN/Block) 	Elapsed: 0.084	Loglikelihood: -46907.3	(delta): 2123.43
5 (QN/Block) 	Elapsed: 0.077	Loglikelihood: -45996.7	(delta): 910.633
6 (QN/Block) 	Elapsed: 0.075	Loglikelihood: -45613.6	(delta): 383.083
7 (QN/Block) 	Elapsed: 0.075	Loglikelihood: -45525.3	(delta): 88.2407
8 (QN/Block) 	Elapsed: 0.076	Loglikelihood: -45492.1	(delta): 33.2731
9 (QN/Block) 	Elapsed: 0.08	Loglikelihood: -45486.1	(delta): 5.9256
10 (QN/Block) 	Elapsed: 0.08	Loglikelihood: -45485	(delta): 1.11714
11 (QN/Block) 	Elapsed: 0.08	Loglikelihood: -45484.3	(delta): 0.667683
12 (QN/Block) 	Elapsed: 0.083	Loglikelihood: -45483.2	(delta): 1.1847
13 (QN/Block) 	Elapsed: 0.078	Loglikelihood: -45481.9	(delta): 1.22535
14 (QN/Block) 	Elapsed: 0.073	Loglikelihood: -45480.9	(delta): 1.069
15 (QN/Block) 	Elapsed: 0.076	Loglikelihood: -45479.3	(delta): 1.55754
16 (QN/Block) 	Elapsed: 0.083	Loglikelihood: -45478.9	(delta): 0.435259
17 (QN/Block) 	Elapsed: 0.07	Loglikelihood: -45478	(delta): 0.845611
18 (QN/Block) 	Elapsed: 0.085	Loglikelihood: -45476.9	(delta): 1.12428
19 (QN/Block) 	Elapsed: 0.092	Loglikelihood: -45475.9	(delta): 0.960832
20 (QN/Block) 	Elapsed: 0.081	Loglikelihood: -45474.4	(delta): 1.52806
21 (QN/Block) 	Elapsed: 0.086	Loglikelihood: -45472.5	(delta): 1.89115
22 (QN/Block) 	Elapsed: 0.086	Loglikelihood: -45470.8	(delta): 1.69109
23 (QN/Block) 	Elapsed: 0.081	Loglikelihood: -45467.4	(delta): 3.4801
24 (QN/Block) 	Elapsed: 0.085	Loglikelihood: -45464.9	(delta): 2.41164
25 (QN/Block) 	Elapsed: 0.079	Loglikelihood: -45458.9	(delta): 6.07958
26 (QN/Block) 	Elapsed: 0.082	Loglikelihood: -45455.3	(delta): 3.58512
27 (QN/Block) 	Elapsed: 0.082	Loglikelihood: -45451	(delta): 4.24004
28 (QN/Block) 	Elapsed: 0.085	Loglikelihood: -45445.1	(delta): 5.90709
29 (QN/Block) 	Elapsed: 0.076	Loglikelihood: -45439.3	(delta): 5.8545
30 (QN/Block) 	Elapsed: 0.085	Loglikelihood: -45433.3	(delta): 5.95766
31 (QN/Block) 	Elapsed: 0.085	Loglikelihood: -45430.2	(delta): 3.16438
32 (QN/Block) 	Elapsed: 0.091	Loglikelihood: -45429.3	(delta): 0.817393
33 (QN/Block) 	Elapsed: 0.08	Loglikelihood: -45428.8	(delta): 0.492012
34 (QN/Block) 	Elapsed: 0.084	Loglikelihood: -45428.5	(delta): 0.36588
35 (QN/Block) 	Elapsed: 0.083	Loglikelihood: -45428.3	(delta): 0.201892
36 (QN/Block) 	Elapsed: 0.091	Loglikelihood: -45427.6	(delta): 0.66465
37 (QN/Block) 	Elapsed: 0.081	Loglikelihood: -45426.8	(delta): 0.820025
38 (QN/Block) 	Elapsed: 0.084	Loglikelihood: -45426.3	(delta): 0.505572
39 (QN/Block) 	Elapsed: 0.091	Loglikelihood: -45426	(delta): 0.275149
40 (QN/Block) 	Elapsed: 0.087	Loglikelihood: -45425.8	(delta): 0.205392
41 (QN/Block) 	Elapsed: 0.086	Loglikelihood: -45425.7	(delta): 0.0970031
42 (QN/Block) 	Elapsed: 0.081	Loglikelihood: -45425.7	(delta): 0.0226962
43 (QN/Block) 	Elapsed: 0.084	Loglikelihood: -45425.7	(delta): 0.00947327
44 (QN/Block) 	Elapsed: 0.082	Loglikelihood: -45425.7	(delta): 0.0119959
45 (QN/Block) 	Elapsed: 0.082	Loglikelihood: -45425.7	(delta): 0.0108303
46 (QN/Block) 	Elapsed: 0.085	Loglikelihood: -45425.6	(delta): 0.0189867
47 (QN/Block) 	Elapsed: 0.081	Loglikelihood: -45425.6	(delta): 0.0393693
48 (QN/Block) 	Elapsed: 0.086	Loglikelihood: -45425.5	(delta): 0.0618047
49 (QN/Block) 	Elapsed: 0.086	Loglikelihood: -45425.5	(delta): 0.00874464
50 (QN/Block) 	Elapsed: 0.078	Loglikelihood: -45425.5	(delta): 0.00372315
51 (QN/Block) 	Elapsed: 0.103	Loglikelihood: -45425.5	(delta): 0.000691352
52 (QN/Block) 	Elapsed: 0.079	Loglikelihood: -45425.5	(delta): 7.85797e-05
53 (QN/Block) 	Elapsed: 0.084	Loglikelihood: -45425.5	(delta): 1.71245e-05
54 (QN/Block) 	Elapsed: 0.089	Loglikelihood: -45425.5	(delta): 3.55854e-06
55 (QN/Block) 	Elapsed: 0.076	Loglikelihood: -45425.5	(delta): 3.68687e-07
56 (QN/Block) 	Elapsed: 0.082	Loglikelihood: -45425.5	(delta): 2.37706e-08
57 (QN/Block) 	Elapsed: 0.081	Loglikelihood: -45425.5	(delta): 1.85537e-09
58 (QN/Block) 	Elapsed: 0.085	Loglikelihood: -45425.5	(delta): 7.13044e-10
59 (QN/Block) 	Elapsed: 0.086	Loglikelihood: -45425.5	(delta): 2.91038e-11
60 (QN/Block) 	Elapsed: 0.084	Loglikelihood: -45425.5	(delta): -7.27596e-12
61 (QN/Block) 	Elapsed: 0.079	Loglikelihood: -45425.5	(delta): 2.61934e-10
62 (QN/Block) 	Elapsed: 0.082	Loglikelihood: -45425.5	(delta): 6.54836e-11
63 (QN/Block) 	Elapsed: 0.09	Loglikelihood: -45425.5	(delta): 7.27596e-12
64 (QN/Block) 	Elapsed: 0.08	Loglikelihood: -45425.5	(delta): 1.09139e-10
65 (QN/Block) 	Elapsed: 0.082	Loglikelihood: -45425.5	(delta): 2.91038e-11
66 (QN/Block) 	Elapsed: 0.09	Loglikelihood: -45425.5	(delta): 8.00355e-11
67 (QN/Block) 	Elapsed: 0.08	Loglikelihood: -45425.5	(delta): -4.36557e-11
68 (QN/Block) 	Elapsed: 0.081	Loglikelihood: -45425.5	(delta): 8.00355e-11
69 (QN/Block) 	Elapsed: 0.08	Loglikelihood: -45425.5	(delta): 7.27596e-11
70 (QN/Block) 	Elapsed: 0.081	Loglikelihood: -45425.5	(delta): 1.45519e-11
71 (QN/Block) 	Elapsed: 0.088	Loglikelihood: -45425.5	(delta): 0
72 (QN/Block) 	Elapsed: 0.081	Loglikelihood: -45425.5	(delta): -7.27596e-11
73 (QN/Block) 	Elapsed: 0.095	Loglikelihood: -45425.5	(delta): 1.16415e-10
74 (QN/Block) 	Elapsed: 0.083	Loglikelihood: -45425.5	(delta): 6.54836e-11
75 (QN/Block) 	Elapsed: 0.088	Loglikelihood: -45425.5	(delta): 1.23691e-10
76 (QN/Block) 	Elapsed: 0.097	Loglikelihood: -45425.5	(delta): -1.16415e-10
77 (QN/Block) 	Elapsed: 0.075	Loglikelihood: -45425.5	(delta): 3.0559e-10
78 (QN/Block) 	Elapsed: 0.086	Loglikelihood: -45425.5	(delta): 2.91038e-11
79 (QN/Block) 	Elapsed: 0.088	Loglikelihood: -45425.5	(delta): -4.36557e-11
80 (QN/Block) 	Elapsed: 0.077	Loglikelihood: -45425.5	(delta): -5.09317e-11
81 (QN/Block) 	Elapsed: 0.088	Loglikelihood: -45425.5	(delta): 1.38243e-10
82 (QN/Block) 	Elapsed: 0.078	Loglikelihood: -45425.5	(delta): -2.47383e-10
83 (QN/Block) 	Elapsed: 0.077	Loglikelihood: -45425.5	(delta): 1.45519e-10
84 (QN/Block) 	Elapsed: 0.08	Loglikelihood: -45425.5	(delta): 2.03727e-10
85 (QN/Block) 	Elapsed: 0.077	Loglikelihood: -45425.5	(delta): -8.73115e-11
86 (QN/Block) 	Elapsed: 0.084	Loglikelihood: -45425.5	(delta): 1.30967e-10
87 (QN/Block) 	Elapsed: 0.091	Loglikelihood: -45425.5	(delta): -1.38243e-10
88 (QN/Block) 	Elapsed: 0.083	Loglikelihood: -45425.5	(delta): 1.45519e-11
89 (QN/Block) 	Elapsed: 0.084	Loglikelihood: -45425.5	(delta): 8.73115e-11
90 (QN/Block) 	Elapsed: 0.093	Loglikelihood: -45425.5	(delta): -5.09317e-11
91 (QN/Block) 	Elapsed: 0.08	Loglikelihood: -45425.5	(delta): -1.38243e-10
92 (QN/Block) 	Elapsed: 0.086	Loglikelihood: -45425.5	(delta): 8.00355e-11
93 (QN/Block) 	Elapsed: 0.084	Loglikelihood: -45425.5	(delta): 6.54836e-11
94 (QN/Block) 	Elapsed: 0.082	Loglikelihood: -45425.5	(delta): 5.09317e-11
95 (QN/Block) 	Elapsed: 0.086	Loglikelihood: -45425.5	(delta): -1.09139e-10
96 (QN/Block) 	Elapsed: 0.084	Loglikelihood: -45425.5	(delta): 1.45519e-10
97 (QN/Block) 	Elapsed: 0.083	Loglikelihood: -45425.5	(delta): 3.63798e-11
98 (QN/Block) 	Elapsed: 0.094	Loglikelihood: -45425.5	(delta): 2.91038e-11
99 (QN/Block) 	Elapsed: 0.083	Loglikelihood: -45425.5	(delta): 6.54836e-11
100 (QN/Block) 	Elapsed: 0.084	Loglikelihood: -45425.5	(delta): -2.91038e-11
Summary: 
Converged in 100 iterations (8.806 sec)
Loglikelihood: -45425.519366
Fst divergences between estimated populations: 
	Pop0	Pop1	Pop2	Pop3	Pop4	Pop5	Pop6	Pop7	
Pop0	
Pop1	0.392	
Pop2	0.886	0.845	
Pop3	0.866	0.827	0.463	
Pop4	0.413	0.165	0.849	0.831	
Pop5	0.831	0.806	0.859	0.851	0.807	
Pop6	0.882	0.842	0.604	0.458	0.847	0.860	
Pop7	0.354	0.140	0.836	0.817	0.130	0.799	0.833	
Pop8	0.867	0.843	0.894	0.885	0.846	0.346	0.893	0.837	
CV error (K=9): 0.08267
Writing output files.
