****                   ADMIXTURE Version 1.3.0                  ****
****                    Copyright 2008-2015                     ****
****           David Alexander, Suyash Shringarpure,            ****
****                John  Novembre, Ken Lange                   ****
****                                                            ****
****                 Please cite our paper!                     ****
****   Information at www.genetics.ucla.edu/software/admixture  ****

Parallel execution requested.  Will use 8 threads.
Cross-validation will be performed.  Folds=10.
Random seed: 43
Point estimation method: Block relaxation algorithm
Convergence acceleration algorithm: QuasiNewton, 3 secant conditions
Point estimation will terminate at 100 iterations
Estimation of standard errors disabled; will compute point estimates only.
Size of G: 557x751
Performing five EM steps to prime main algorithm
1 (EM) 	Elapsed: 0.048	Loglikelihood: -243104	(delta): 309546
2 (EM) 	Elapsed: 0.051	Loglikelihood: -232503	(delta): 10600.9
3 (EM) 	Elapsed: 0.048	Loglikelihood: -229564	(delta): 2939.31
4 (EM) 	Elapsed: 0.051	Loglikelihood: -226168	(delta): 3396.01
5 (EM) 	Elapsed: 0.049	Loglikelihood: -220659	(delta): 5509.04
Initial loglikelihood: -220659
Starting main algorithm
1 (QN/Block) 	Elapsed: 0.068	Loglikelihood: -67111.5	(delta): 153547
2 (QN/Block) 	Elapsed: 0.07	Loglikelihood: -55338.6	(delta): 11772.9
3 (QN/Block) 	Elapsed: 0.073	Loglikelihood: -51166	(delta): 4172.55
4 (QN/Block) 	Elapsed: 0.068	Loglikelihood: -48725.9	(delta): 2440.15
5 (QN/Block) 	Elapsed: 0.066	Loglikelihood: -47468.6	(delta): 1257.28
6 (QN/Block) 	Elapsed: 0.069	Loglikelihood: -47134.4	(delta): 334.213
7 (QN/Block) 	Elapsed: 0.063	Loglikelihood: -47080	(delta): 54.3829
8 (QN/Block) 	Elapsed: 0.064	Loglikelihood: -47070.4	(delta): 9.63779
9 (QN/Block) 	Elapsed: 0.066	Loglikelihood: -47067.9	(delta): 2.50217
10 (QN/Block) 	Elapsed: 0.071	Loglikelihood: -47067.2	(delta): 0.68953
11 (QN/Block) 	Elapsed: 0.065	Loglikelihood: -47067.1	(delta): 0.0626033
12 (QN/Block) 	Elapsed: 0.072	Loglikelihood: -47067.1	(delta): 0.0222383
13 (QN/Block) 	Elapsed: 0.071	Loglikelihood: -47067.1	(delta): 0.000360982
14 (QN/Block) 	Elapsed: 0.063	Loglikelihood: -47067.1	(delta): 0.000146654
15 (QN/Block) 	Elapsed: 0.063	Loglikelihood: -47067.1	(delta): 1.48343e-06
16 (QN/Block) 	Elapsed: 0.067	Loglikelihood: -47067.1	(delta): 1.26369e-07
17 (QN/Block) 	Elapsed: 0.071	Loglikelihood: -47067.1	(delta): 2.02999e-09
18 (QN/Block) 	Elapsed: 0.07	Loglikelihood: -47067.1	(delta): 1.60071e-10
19 (QN/Block) 	Elapsed: 0.071	Loglikelihood: -47067.1	(delta): 5.82077e-11
20 (QN/Block) 	Elapsed: 0.071	Loglikelihood: -47067.1	(delta): 2.18279e-11
21 (QN/Block) 	Elapsed: 0.071	Loglikelihood: -47067.1	(delta): 5.82077e-11
22 (QN/Block) 	Elapsed: 0.077	Loglikelihood: -47067.1	(delta): 0
23 (QN/Block) 	Elapsed: 0.069	Loglikelihood: -47067.1	(delta): -4.36557e-11
24 (QN/Block) 	Elapsed: 0.075	Loglikelihood: -47067.1	(delta): 5.09317e-11
25 (QN/Block) 	Elapsed: 0.074	Loglikelihood: -47067.1	(delta): 2.91038e-11
26 (QN/Block) 	Elapsed: 0.073	Loglikelihood: -47067.1	(delta): 4.36557e-11
27 (QN/Block) 	Elapsed: 0.072	Loglikelihood: -47067.1	(delta): -1.45519e-11
28 (QN/Block) 	Elapsed: 0.071	Loglikelihood: -47067.1	(delta): -7.27596e-12
29 (QN/Block) 	Elapsed: 0.071	Loglikelihood: -47067.1	(delta): 0
30 (QN/Block) 	Elapsed: 0.076	Loglikelihood: -47067.1	(delta): 1.45519e-11
31 (QN/Block) 	Elapsed: 0.074	Loglikelihood: -47067.1	(delta): 1.45519e-11
32 (QN/Block) 	Elapsed: 0.074	Loglikelihood: -47067.1	(delta): 4.36557e-11
33 (QN/Block) 	Elapsed: 0.074	Loglikelihood: -47067.1	(delta): 7.27596e-12
34 (QN/Block) 	Elapsed: 0.075	Loglikelihood: -47067.1	(delta): 2.18279e-11
35 (QN/Block) 	Elapsed: 0.074	Loglikelihood: -47067.1	(delta): -1.45519e-11
36 (QN/Block) 	Elapsed: 0.073	Loglikelihood: -47067.1	(delta): -1.45519e-11
37 (QN/Block) 	Elapsed: 0.077	Loglikelihood: -47067.1	(delta): 2.91038e-11
38 (QN/Block) 	Elapsed: 0.074	Loglikelihood: -47067.1	(delta): 2.18279e-11
39 (QN/Block) 	Elapsed: 0.072	Loglikelihood: -47067.1	(delta): 0
40 (QN/Block) 	Elapsed: 0.075	Loglikelihood: -47067.1	(delta): 2.91038e-11
41 (QN/Block) 	Elapsed: 0.073	Loglikelihood: -47067.1	(delta): 2.18279e-11
42 (QN/Block) 	Elapsed: 0.073	Loglikelihood: -47067.1	(delta): -5.09317e-11
43 (QN/Block) 	Elapsed: 0.08	Loglikelihood: -47067.1	(delta): -1.45519e-11
44 (QN/Block) 	Elapsed: 0.077	Loglikelihood: -47067.1	(delta): 2.91038e-11
45 (QN/Block) 	Elapsed: 0.075	Loglikelihood: -47067.1	(delta): -7.27596e-12
46 (QN/Block) 	Elapsed: 0.078	Loglikelihood: -47067.1	(delta): -1.45519e-11
47 (QN/Block) 	Elapsed: 0.078	Loglikelihood: -47067.1	(delta): 2.18279e-11
48 (QN/Block) 	Elapsed: 0.073	Loglikelihood: -47067.1	(delta): -4.36557e-11
49 (QN/Block) 	Elapsed: 0.074	Loglikelihood: -47067.1	(delta): 2.91038e-11
50 (QN/Block) 	Elapsed: 0.075	Loglikelihood: -47067.1	(delta): 0
51 (QN/Block) 	Elapsed: 0.073	Loglikelihood: -47067.1	(delta): 2.91038e-11
52 (QN/Block) 	Elapsed: 0.078	Loglikelihood: -47067.1	(delta): 7.27596e-12
53 (QN/Block) 	Elapsed: 0.072	Loglikelihood: -47067.1	(delta): -3.63798e-11
54 (QN/Block) 	Elapsed: 0.071	Loglikelihood: -47067.1	(delta): 2.18279e-11
55 (QN/Block) 	Elapsed: 0.077	Loglikelihood: -47067.1	(delta): -3.63798e-11
56 (QN/Block) 	Elapsed: 0.078	Loglikelihood: -47067.1	(delta): 5.09317e-11
57 (QN/Block) 	Elapsed: 0.075	Loglikelihood: -47067.1	(delta): -2.91038e-11
58 (QN/Block) 	Elapsed: 0.075	Loglikelihood: -47067.1	(delta): -1.45519e-11
59 (QN/Block) 	Elapsed: 0.073	Loglikelihood: -47067.1	(delta): 1.45519e-11
60 (QN/Block) 	Elapsed: 0.073	Loglikelihood: -47067.1	(delta): -1.45519e-11
61 (QN/Block) 	Elapsed: 0.074	Loglikelihood: -47067.1	(delta): 5.82077e-11
62 (QN/Block) 	Elapsed: 0.075	Loglikelihood: -47067.1	(delta): -7.27596e-12
63 (QN/Block) 	Elapsed: 0.077	Loglikelihood: -47067.1	(delta): 2.91038e-11
64 (QN/Block) 	Elapsed: 0.085	Loglikelihood: -47067.1	(delta): -4.36557e-11
65 (QN/Block) 	Elapsed: 0.076	Loglikelihood: -47067.1	(delta): 0
66 (QN/Block) 	Elapsed: 0.073	Loglikelihood: -47067.1	(delta): 1.45519e-11
67 (QN/Block) 	Elapsed: 0.072	Loglikelihood: -47067.1	(delta): -5.82077e-11
68 (QN/Block) 	Elapsed: 0.072	Loglikelihood: -47067.1	(delta): 5.82077e-11
69 (QN/Block) 	Elapsed: 0.078	Loglikelihood: -47067.1	(delta): -8.73115e-11
70 (QN/Block) 	Elapsed: 0.075	Loglikelihood: -47067.1	(delta): 2.18279e-11
71 (QN/Block) 	Elapsed: 0.074	Loglikelihood: -47067.1	(delta): 0
72 (QN/Block) 	Elapsed: 0.073	Loglikelihood: -47067.1	(delta): 2.18279e-11
73 (QN/Block) 	Elapsed: 0.072	Loglikelihood: -47067.1	(delta): 0
74 (QN/Block) 	Elapsed: 0.071	Loglikelihood: -47067.1	(delta): 1.45519e-11
75 (QN/Block) 	Elapsed: 0.071	Loglikelihood: -47067.1	(delta): -5.09317e-11
76 (QN/Block) 	Elapsed: 0.076	Loglikelihood: -47067.1	(delta): -1.45519e-11
77 (QN/Block) 	Elapsed: 0.073	Loglikelihood: -47067.1	(delta): 5.82077e-11
78 (QN/Block) 	Elapsed: 0.072	Loglikelihood: -47067.1	(delta): 0
79 (QN/Block) 	Elapsed: 0.072	Loglikelihood: -47067.1	(delta): 0
80 (QN/Block) 	Elapsed: 0.075	Loglikelihood: -47067.1	(delta): -1.45519e-11
81 (QN/Block) 	Elapsed: 0.074	Loglikelihood: -47067.1	(delta): 5.82077e-11
82 (QN/Block) 	Elapsed: 0.078	Loglikelihood: -47067.1	(delta): -8.73115e-11
83 (QN/Block) 	Elapsed: 0.079	Loglikelihood: -47067.1	(delta): -1.45519e-11
84 (QN/Block) 	Elapsed: 0.073	Loglikelihood: -47067.1	(delta): -7.27596e-12
85 (QN/Block) 	Elapsed: 0.077	Loglikelihood: -47067.1	(delta): -7.27596e-12
86 (QN/Block) 	Elapsed: 0.071	Loglikelihood: -47067.1	(delta): 7.27596e-12
87 (QN/Block) 	Elapsed: 0.073	Loglikelihood: -47067.1	(delta): 5.82077e-11
88 (QN/Block) 	Elapsed: 0.075	Loglikelihood: -47067.1	(delta): -7.27596e-11
89 (QN/Block) 	Elapsed: 0.074	Loglikelihood: -47067.1	(delta): 2.18279e-11
90 (QN/Block) 	Elapsed: 0.073	Loglikelihood: -47067.1	(delta): -6.54836e-11
91 (QN/Block) 	Elapsed: 0.078	Loglikelihood: -47067.1	(delta): 2.91038e-11
92 (QN/Block) 	Elapsed: 0.072	Loglikelihood: -47067.1	(delta): -2.91038e-11
93 (QN/Block) 	Elapsed: 0.069	Loglikelihood: -47067.1	(delta): 1.45519e-11
94 (QN/Block) 	Elapsed: 0.076	Loglikelihood: -47067.1	(delta): 0
95 (QN/Block) 	Elapsed: 0.073	Loglikelihood: -47067.1	(delta): -1.45519e-11
96 (QN/Block) 	Elapsed: 0.079	Loglikelihood: -47067.1	(delta): 0
97 (QN/Block) 	Elapsed: 0.129	Loglikelihood: -47067.1	(delta): -6.54836e-11
98 (QN/Block) 	Elapsed: 0.079	Loglikelihood: -47067.1	(delta): 8.00355e-11
99 (QN/Block) 	Elapsed: 0.072	Loglikelihood: -47067.1	(delta): -9.45874e-11
100 (QN/Block) 	Elapsed: 0.078	Loglikelihood: -47067.1	(delta): 2.91038e-11
Summary: 
Converged in 100 iterations (7.809 sec)
Loglikelihood: -47067.100154
Fst divergences between estimated populations: 
	Pop0	Pop1	Pop2	Pop3	Pop4	Pop5	Pop6	
Pop0	
Pop1	0.837	
Pop2	0.873	0.389	
Pop3	0.500	0.802	0.840	
Pop4	0.890	0.813	0.869	0.865	
Pop5	0.894	0.822	0.879	0.868	0.492	
Pop6	0.562	0.837	0.872	0.362	0.881	0.885	
Pop7	0.886	0.409	0.287	0.851	0.887	0.897	0.883	
CV error (K=8): 0.08516
Writing output files.
