****                   ADMIXTURE Version 1.3.0                  ****
****                    Copyright 2008-2015                     ****
****           David Alexander, Suyash Shringarpure,            ****
****                John  Novembre, Ken Lange                   ****
****                                                            ****
****                 Please cite our paper!                     ****
****   Information at www.genetics.ucla.edu/software/admixture  ****

Parallel execution requested.  Will use 8 threads.
Cross-validation will be performed.  Folds=10.
Random seed: 43
Point estimation method: Block relaxation algorithm
Convergence acceleration algorithm: QuasiNewton, 3 secant conditions
Point estimation will terminate at 100 iterations
Estimation of standard errors disabled; will compute point estimates only.
Size of G: 92x945
Performing five EM steps to prime main algorithm
1 (EM) 	Elapsed: 0.013	Loglikelihood: -44396.3	(delta): 76883.8
2 (EM) 	Elapsed: 0.012	Loglikelihood: -41525.2	(delta): 2871.12
3 (EM) 	Elapsed: 0.011	Loglikelihood: -40932.9	(delta): 592.309
4 (EM) 	Elapsed: 0.012	Loglikelihood: -40555.1	(delta): 377.743
5 (EM) 	Elapsed: 0.013	Loglikelihood: -40249.2	(delta): 305.963
Initial loglikelihood: -40249.2
Starting main algorithm
1 (QN/Block) 	Elapsed: 0.022	Loglikelihood: -35702.9	(delta): 4546.3
2 (QN/Block) 	Elapsed: 0.023	Loglikelihood: -34754	(delta): 948.81
3 (QN/Block) 	Elapsed: 0.024	Loglikelihood: -34343	(delta): 411.049
4 (QN/Block) 	Elapsed: 0.022	Loglikelihood: -34087.3	(delta): 255.731
5 (QN/Block) 	Elapsed: 0.024	Loglikelihood: -33938.7	(delta): 148.532
6 (QN/Block) 	Elapsed: 0.024	Loglikelihood: -33813.9	(delta): 124.858
7 (QN/Block) 	Elapsed: 0.024	Loglikelihood: -33752	(delta): 61.9195
8 (QN/Block) 	Elapsed: 0.023	Loglikelihood: -33722.3	(delta): 29.6657
9 (QN/Block) 	Elapsed: 0.021	Loglikelihood: -33690.7	(delta): 31.5993
10 (QN/Block) 	Elapsed: 0.022	Loglikelihood: -33664.8	(delta): 25.8975
11 (QN/Block) 	Elapsed: 0.021	Loglikelihood: -33642.3	(delta): 22.4472
12 (QN/Block) 	Elapsed: 0.021	Loglikelihood: -33633.7	(delta): 8.68846
13 (QN/Block) 	Elapsed: 0.021	Loglikelihood: -33630.1	(delta): 3.52101
14 (QN/Block) 	Elapsed: 0.023	Loglikelihood: -33621.6	(delta): 8.50611
15 (QN/Block) 	Elapsed: 0.023	Loglikelihood: -33613.4	(delta): 8.20473
16 (QN/Block) 	Elapsed: 0.024	Loglikelihood: -33607.1	(delta): 6.32126
17 (QN/Block) 	Elapsed: 0.025	Loglikelihood: -33603.8	(delta): 3.35113
18 (QN/Block) 	Elapsed: 0.022	Loglikelihood: -33600.1	(delta): 3.63099
19 (QN/Block) 	Elapsed: 0.023	Loglikelihood: -33595.6	(delta): 4.55618
20 (QN/Block) 	Elapsed: 0.027	Loglikelihood: -33590.6	(delta): 4.92196
21 (QN/Block) 	Elapsed: 0.024	Loglikelihood: -33585	(delta): 5.63957
22 (QN/Block) 	Elapsed: 0.02	Loglikelihood: -33582.4	(delta): 2.59008
23 (QN/Block) 	Elapsed: 0.022	Loglikelihood: -33581.8	(delta): 0.662006
24 (QN/Block) 	Elapsed: 0.023	Loglikelihood: -33581.4	(delta): 0.304825
25 (QN/Block) 	Elapsed: 0.019	Loglikelihood: -33581.1	(delta): 0.365065
26 (QN/Block) 	Elapsed: 0.025	Loglikelihood: -33580.8	(delta): 0.269993
27 (QN/Block) 	Elapsed: 0.025	Loglikelihood: -33580.6	(delta): 0.226857
28 (QN/Block) 	Elapsed: 0.026	Loglikelihood: -33580.3	(delta): 0.262336
29 (QN/Block) 	Elapsed: 0.027	Loglikelihood: -33579.5	(delta): 0.854285
30 (QN/Block) 	Elapsed: 0.025	Loglikelihood: -33577.6	(delta): 1.87751
31 (QN/Block) 	Elapsed: 0.025	Loglikelihood: -33576.5	(delta): 1.05086
32 (QN/Block) 	Elapsed: 0.027	Loglikelihood: -33575.5	(delta): 1.07753
33 (QN/Block) 	Elapsed: 0.026	Loglikelihood: -33575	(delta): 0.471909
34 (QN/Block) 	Elapsed: 0.021	Loglikelihood: -33574.7	(delta): 0.246864
35 (QN/Block) 	Elapsed: 0.021	Loglikelihood: -33574.5	(delta): 0.224167
36 (QN/Block) 	Elapsed: 0.023	Loglikelihood: -33574.4	(delta): 0.124158
37 (QN/Block) 	Elapsed: 0.02	Loglikelihood: -33574	(delta): 0.374552
38 (QN/Block) 	Elapsed: 0.026	Loglikelihood: -33573.7	(delta): 0.347571
39 (QN/Block) 	Elapsed: 0.03	Loglikelihood: -33573.6	(delta): 0.071423
40 (QN/Block) 	Elapsed: 0.024	Loglikelihood: -33573.6	(delta): 0.033546
41 (QN/Block) 	Elapsed: 0.025	Loglikelihood: -33573.6	(delta): 0.0166501
42 (QN/Block) 	Elapsed: 0.027	Loglikelihood: -33573.5	(delta): 0.0134849
43 (QN/Block) 	Elapsed: 0.027	Loglikelihood: -33573.5	(delta): 0.000314731
44 (QN/Block) 	Elapsed: 0.025	Loglikelihood: -33573.5	(delta): 0.000196475
45 (QN/Block) 	Elapsed: 0.025	Loglikelihood: -33573.5	(delta): 1.54125e-05
46 (QN/Block) 	Elapsed: 0.023	Loglikelihood: -33573.5	(delta): 1.74789e-06
47 (QN/Block) 	Elapsed: 0.026	Loglikelihood: -33573.5	(delta): 9.85965e-08
48 (QN/Block) 	Elapsed: 0.024	Loglikelihood: -33573.5	(delta): 6.72298e-09
49 (QN/Block) 	Elapsed: 0.025	Loglikelihood: -33573.5	(delta): 3.49246e-10
50 (QN/Block) 	Elapsed: 0.023	Loglikelihood: -33573.5	(delta): 2.91038e-11
51 (QN/Block) 	Elapsed: 0.027	Loglikelihood: -33573.5	(delta): 7.27596e-12
52 (QN/Block) 	Elapsed: 0.026	Loglikelihood: -33573.5	(delta): -7.27596e-12
53 (QN/Block) 	Elapsed: 0.026	Loglikelihood: -33573.5	(delta): 0
54 (QN/Block) 	Elapsed: 0.027	Loglikelihood: -33573.5	(delta): 0
55 (QN/Block) 	Elapsed: 0.021	Loglikelihood: -33573.5	(delta): 0
56 (QN/Block) 	Elapsed: 0.028	Loglikelihood: -33573.5	(delta): 7.27596e-12
57 (QN/Block) 	Elapsed: 0.024	Loglikelihood: -33573.5	(delta): -7.27596e-12
58 (QN/Block) 	Elapsed: 0.022	Loglikelihood: -33573.5	(delta): 0
59 (QN/Block) 	Elapsed: 0.025	Loglikelihood: -33573.5	(delta): 7.27596e-12
60 (QN/Block) 	Elapsed: 0.026	Loglikelihood: -33573.5	(delta): 0
61 (QN/Block) 	Elapsed: 0.023	Loglikelihood: -33573.5	(delta): -7.27596e-12
62 (QN/Block) 	Elapsed: 0.023	Loglikelihood: -33573.5	(delta): 0
63 (QN/Block) 	Elapsed: 0.024	Loglikelihood: -33573.5	(delta): 0
64 (QN/Block) 	Elapsed: 0.024	Loglikelihood: -33573.5	(delta): 7.27596e-12
65 (QN/Block) 	Elapsed: 0.025	Loglikelihood: -33573.5	(delta): -7.27596e-12
66 (QN/Block) 	Elapsed: 0.022	Loglikelihood: -33573.5	(delta): 7.27596e-12
67 (QN/Block) 	Elapsed: 0.02	Loglikelihood: -33573.5	(delta): 0
68 (QN/Block) 	Elapsed: 0.022	Loglikelihood: -33573.5	(delta): -7.27596e-12
69 (QN/Block) 	Elapsed: 0.021	Loglikelihood: -33573.5	(delta): 7.27596e-12
70 (QN/Block) 	Elapsed: 0.022	Loglikelihood: -33573.5	(delta): 0
71 (QN/Block) 	Elapsed: 0.025	Loglikelihood: -33573.5	(delta): -7.27596e-12
72 (QN/Block) 	Elapsed: 0.018	Loglikelihood: -33573.5	(delta): 0
73 (QN/Block) 	Elapsed: 0.024	Loglikelihood: -33573.5	(delta): 7.27596e-12
74 (QN/Block) 	Elapsed: 0.025	Loglikelihood: -33573.5	(delta): -7.27596e-12
75 (QN/Block) 	Elapsed: 0.024	Loglikelihood: -33573.5	(delta): 7.27596e-12
76 (QN/Block) 	Elapsed: 0.027	Loglikelihood: -33573.5	(delta): -7.27596e-12
77 (QN/Block) 	Elapsed: 0.027	Loglikelihood: -33573.5	(delta): 0
78 (QN/Block) 	Elapsed: 0.025	Loglikelihood: -33573.5	(delta): 0
79 (QN/Block) 	Elapsed: 0.024	Loglikelihood: -33573.5	(delta): 7.27596e-12
80 (QN/Block) 	Elapsed: 0.024	Loglikelihood: -33573.5	(delta): 0
81 (QN/Block) 	Elapsed: 0.022	Loglikelihood: -33573.5	(delta): -7.27596e-12
82 (QN/Block) 	Elapsed: 0.022	Loglikelihood: -33573.5	(delta): 0
83 (QN/Block) 	Elapsed: 0.023	Loglikelihood: -33573.5	(delta): 0
84 (QN/Block) 	Elapsed: 0.025	Loglikelihood: -33573.5	(delta): 0
85 (QN/Block) 	Elapsed: 0.025	Loglikelihood: -33573.5	(delta): 7.27596e-12
86 (QN/Block) 	Elapsed: 0.026	Loglikelihood: -33573.5	(delta): -7.27596e-12
87 (QN/Block) 	Elapsed: 0.023	Loglikelihood: -33573.5	(delta): 0
88 (QN/Block) 	Elapsed: 0.024	Loglikelihood: -33573.5	(delta): 7.27596e-12
89 (QN/Block) 	Elapsed: 0.024	Loglikelihood: -33573.5	(delta): -7.27596e-12
90 (QN/Block) 	Elapsed: 0.025	Loglikelihood: -33573.5	(delta): 0
91 (QN/Block) 	Elapsed: 0.022	Loglikelihood: -33573.5	(delta): 0
92 (QN/Block) 	Elapsed: 0.021	Loglikelihood: -33573.5	(delta): 0
93 (QN/Block) 	Elapsed: 0.02	Loglikelihood: -33573.5	(delta): 0
94 (QN/Block) 	Elapsed: 0.021	Loglikelihood: -33573.5	(delta): 0
95 (QN/Block) 	Elapsed: 0.017	Loglikelihood: -33573.5	(delta): 0
96 (QN/Block) 	Elapsed: 0.018	Loglikelihood: -33573.5	(delta): 0
97 (QN/Block) 	Elapsed: 0.018	Loglikelihood: -33573.5	(delta): 0
98 (QN/Block) 	Elapsed: 0.021	Loglikelihood: -33573.5	(delta): 0
99 (QN/Block) 	Elapsed: 0.025	Loglikelihood: -33573.5	(delta): 0
100 (QN/Block) 	Elapsed: 0.023	Loglikelihood: -33573.5	(delta): -7.27596e-12
Summary: 
Converged in 100 iterations (2.517 sec)
Loglikelihood: -33573.538946
Fst divergences between estimated populations: 
	Pop0	Pop1	Pop2	Pop3	Pop4	Pop5	Pop6	
Pop0	
Pop1	0.293	
Pop2	0.253	0.163	
Pop3	0.243	0.169	0.070	
Pop4	0.256	0.184	0.077	0.080	
Pop5	0.248	0.168	0.084	0.082	0.094	
Pop6	0.197	0.275	0.211	0.199	0.217	0.212	
Pop7	0.189	0.282	0.219	0.207	0.225	0.220	0.067	
CV error (K=8): 0.42196
Writing output files.
