****                   ADMIXTURE Version 1.3.0                  ****
****                    Copyright 2008-2015                     ****
****           David Alexander, Suyash Shringarpure,            ****
****                John  Novembre, Ken Lange                   ****
****                                                            ****
****                 Please cite our paper!                     ****
****   Information at www.genetics.ucla.edu/software/admixture  ****

Parallel execution requested.  Will use 8 threads.
Cross-validation will be performed.  Folds=10.
Random seed: 43
Point estimation method: Block relaxation algorithm
Convergence acceleration algorithm: QuasiNewton, 3 secant conditions
Point estimation will terminate at 100 iterations
Estimation of standard errors disabled; will compute point estimates only.
Size of G: 92x945
Performing five EM steps to prime main algorithm
1 (EM) 	Elapsed: 0.013	Loglikelihood: -44155.3	(delta): 76204.7
2 (EM) 	Elapsed: 0.013	Loglikelihood: -41398.1	(delta): 2757.15
3 (EM) 	Elapsed: 0.013	Loglikelihood: -40813.9	(delta): 584.288
4 (EM) 	Elapsed: 0.013	Loglikelihood: -40420.8	(delta): 393.038
5 (EM) 	Elapsed: 0.014	Loglikelihood: -40091.5	(delta): 329.277
Initial loglikelihood: -40091.5
Starting main algorithm
1 (QN/Block) 	Elapsed: 0.018	Loglikelihood: -35119.1	(delta): 4972.4
2 (QN/Block) 	Elapsed: 0.019	Loglikelihood: -34007.3	(delta): 1111.86
3 (QN/Block) 	Elapsed: 0.02	Loglikelihood: -33533.9	(delta): 473.429
4 (QN/Block) 	Elapsed: 0.021	Loglikelihood: -33316.3	(delta): 217.595
5 (QN/Block) 	Elapsed: 0.02	Loglikelihood: -33173.7	(delta): 142.534
6 (QN/Block) 	Elapsed: 0.019	Loglikelihood: -33081.3	(delta): 92.4132
7 (QN/Block) 	Elapsed: 0.021	Loglikelihood: -32988.8	(delta): 92.509
8 (QN/Block) 	Elapsed: 0.019	Loglikelihood: -32935.9	(delta): 52.9292
9 (QN/Block) 	Elapsed: 0.019	Loglikelihood: -32903.2	(delta): 32.7117
10 (QN/Block) 	Elapsed: 0.026	Loglikelihood: -32871.1	(delta): 32.0723
11 (QN/Block) 	Elapsed: 0.026	Loglikelihood: -32853.7	(delta): 17.4218
12 (QN/Block) 	Elapsed: 0.027	Loglikelihood: -32840	(delta): 13.6309
13 (QN/Block) 	Elapsed: 0.025	Loglikelihood: -32834.5	(delta): 5.50605
14 (QN/Block) 	Elapsed: 0.027	Loglikelihood: -32828.9	(delta): 5.6335
15 (QN/Block) 	Elapsed: 0.027	Loglikelihood: -32824.9	(delta): 3.99819
16 (QN/Block) 	Elapsed: 0.025	Loglikelihood: -32822.7	(delta): 2.21423
17 (QN/Block) 	Elapsed: 0.025	Loglikelihood: -32820.6	(delta): 2.11511
18 (QN/Block) 	Elapsed: 0.028	Loglikelihood: -32818.3	(delta): 2.24408
19 (QN/Block) 	Elapsed: 0.029	Loglikelihood: -32817.2	(delta): 1.15963
20 (QN/Block) 	Elapsed: 0.031	Loglikelihood: -32816.9	(delta): 0.263826
21 (QN/Block) 	Elapsed: 0.03	Loglikelihood: -32816.3	(delta): 0.573051
22 (QN/Block) 	Elapsed: 0.032	Loglikelihood: -32813.9	(delta): 2.4703
23 (QN/Block) 	Elapsed: 0.027	Loglikelihood: -32812.1	(delta): 1.76596
24 (QN/Block) 	Elapsed: 0.026	Loglikelihood: -32810.9	(delta): 1.18249
25 (QN/Block) 	Elapsed: 0.022	Loglikelihood: -32809.3	(delta): 1.63272
26 (QN/Block) 	Elapsed: 0.026	Loglikelihood: -32808.5	(delta): 0.752703
27 (QN/Block) 	Elapsed: 0.026	Loglikelihood: -32808.1	(delta): 0.470847
28 (QN/Block) 	Elapsed: 0.022	Loglikelihood: -32807.4	(delta): 0.609775
29 (QN/Block) 	Elapsed: 0.028	Loglikelihood: -32807	(delta): 0.465519
30 (QN/Block) 	Elapsed: 0.028	Loglikelihood: -32806.8	(delta): 0.136774
31 (QN/Block) 	Elapsed: 0.029	Loglikelihood: -32806.7	(delta): 0.125547
32 (QN/Block) 	Elapsed: 0.029	Loglikelihood: -32806.6	(delta): 0.0721949
33 (QN/Block) 	Elapsed: 0.026	Loglikelihood: -32806.6	(delta): 0.0658225
34 (QN/Block) 	Elapsed: 0.028	Loglikelihood: -32806.5	(delta): 0.112794
35 (QN/Block) 	Elapsed: 0.025	Loglikelihood: -32806.3	(delta): 0.17584
36 (QN/Block) 	Elapsed: 0.027	Loglikelihood: -32806.2	(delta): 0.117594
37 (QN/Block) 	Elapsed: 0.03	Loglikelihood: -32806.1	(delta): 0.118304
38 (QN/Block) 	Elapsed: 0.031	Loglikelihood: -32805.8	(delta): 0.252261
39 (QN/Block) 	Elapsed: 0.029	Loglikelihood: -32805.2	(delta): 0.585262
40 (QN/Block) 	Elapsed: 0.027	Loglikelihood: -32804.4	(delta): 0.825161
41 (QN/Block) 	Elapsed: 0.027	Loglikelihood: -32804.3	(delta): 0.0850317
42 (QN/Block) 	Elapsed: 0.031	Loglikelihood: -32804	(delta): 0.25994
43 (QN/Block) 	Elapsed: 0.026	Loglikelihood: -32803.5	(delta): 0.50816
44 (QN/Block) 	Elapsed: 0.029	Loglikelihood: -32803.2	(delta): 0.347144
45 (QN/Block) 	Elapsed: 0.026	Loglikelihood: -32803	(delta): 0.206416
46 (QN/Block) 	Elapsed: 0.029	Loglikelihood: -32802.6	(delta): 0.36374
47 (QN/Block) 	Elapsed: 0.028	Loglikelihood: -32801.9	(delta): 0.763716
48 (QN/Block) 	Elapsed: 0.027	Loglikelihood: -32801.1	(delta): 0.756126
49 (QN/Block) 	Elapsed: 0.029	Loglikelihood: -32800.2	(delta): 0.894423
50 (QN/Block) 	Elapsed: 0.025	Loglikelihood: -32799	(delta): 1.21105
51 (QN/Block) 	Elapsed: 0.021	Loglikelihood: -32798.1	(delta): 0.917919
52 (QN/Block) 	Elapsed: 0.03	Loglikelihood: -32797.8	(delta): 0.317831
53 (QN/Block) 	Elapsed: 0.028	Loglikelihood: -32797.6	(delta): 0.196844
54 (QN/Block) 	Elapsed: 0.034	Loglikelihood: -32797.2	(delta): 0.406119
55 (QN/Block) 	Elapsed: 0.033	Loglikelihood: -32796.2	(delta): 0.912438
56 (QN/Block) 	Elapsed: 0.034	Loglikelihood: -32795.5	(delta): 0.714348
57 (QN/Block) 	Elapsed: 0.032	Loglikelihood: -32793.6	(delta): 1.87793
58 (QN/Block) 	Elapsed: 0.03	Loglikelihood: -32793.1	(delta): 0.510491
59 (QN/Block) 	Elapsed: 0.022	Loglikelihood: -32792.6	(delta): 0.564651
60 (QN/Block) 	Elapsed: 0.026	Loglikelihood: -32792.2	(delta): 0.355353
61 (QN/Block) 	Elapsed: 0.024	Loglikelihood: -32792.2	(delta): 0.0045304
62 (QN/Block) 	Elapsed: 0.028	Loglikelihood: -32792.2	(delta): 0.000685163
63 (QN/Block) 	Elapsed: 0.026	Loglikelihood: -32792.2	(delta): 0.00114328
64 (QN/Block) 	Elapsed: 0.026	Loglikelihood: -32792.2	(delta): 0.00207771
65 (QN/Block) 	Elapsed: 0.027	Loglikelihood: -32792.2	(delta): 0.00380318
66 (QN/Block) 	Elapsed: 0.027	Loglikelihood: -32792.2	(delta): 0.00696817
67 (QN/Block) 	Elapsed: 0.027	Loglikelihood: -32792.2	(delta): 0.012768
68 (QN/Block) 	Elapsed: 0.028	Loglikelihood: -32792.2	(delta): 0.0234088
69 (QN/Block) 	Elapsed: 0.026	Loglikelihood: -32792.1	(delta): 0.0430085
70 (QN/Block) 	Elapsed: 0.026	Loglikelihood: -32792	(delta): 0.0794273
71 (QN/Block) 	Elapsed: 0.026	Loglikelihood: -32791.9	(delta): 0.147896
72 (QN/Block) 	Elapsed: 0.021	Loglikelihood: -32791.8	(delta): 0.136543
73 (QN/Block) 	Elapsed: 0.021	Loglikelihood: -32791.6	(delta): 0.125086
74 (QN/Block) 	Elapsed: 0.029	Loglikelihood: -32791.6	(delta): 0.0225495
75 (QN/Block) 	Elapsed: 0.025	Loglikelihood: -32791.6	(delta): 0.0040741
76 (QN/Block) 	Elapsed: 0.027	Loglikelihood: -32791.6	(delta): 0.000225392
77 (QN/Block) 	Elapsed: 0.029	Loglikelihood: -32791.6	(delta): 4.36246e-05
78 (QN/Block) 	Elapsed: 0.03	Loglikelihood: -32791.6	(delta): 1.83236e-06
79 (QN/Block) 	Elapsed: 0.03	Loglikelihood: -32791.6	(delta): 2.04353e-07
80 (QN/Block) 	Elapsed: 0.029	Loglikelihood: -32791.6	(delta): 5.77711e-09
81 (QN/Block) 	Elapsed: 0.022	Loglikelihood: -32791.6	(delta): 3.4197e-10
82 (QN/Block) 	Elapsed: 0.031	Loglikelihood: -32791.6	(delta): 1.45519e-11
83 (QN/Block) 	Elapsed: 0.031	Loglikelihood: -32791.6	(delta): 7.27596e-12
84 (QN/Block) 	Elapsed: 0.03	Loglikelihood: -32791.6	(delta): -7.27596e-12
85 (QN/Block) 	Elapsed: 0.028	Loglikelihood: -32791.6	(delta): 7.27596e-12
86 (QN/Block) 	Elapsed: 0.027	Loglikelihood: -32791.6	(delta): -7.27596e-12
87 (QN/Block) 	Elapsed: 0.028	Loglikelihood: -32791.6	(delta): 7.27596e-12
88 (QN/Block) 	Elapsed: 0.028	Loglikelihood: -32791.6	(delta): 0
89 (QN/Block) 	Elapsed: 0.029	Loglikelihood: -32791.6	(delta): 0
90 (QN/Block) 	Elapsed: 0.028	Loglikelihood: -32791.6	(delta): -7.27596e-12
91 (QN/Block) 	Elapsed: 0.028	Loglikelihood: -32791.6	(delta): 7.27596e-12
92 (QN/Block) 	Elapsed: 0.027	Loglikelihood: -32791.6	(delta): 0
93 (QN/Block) 	Elapsed: 0.028	Loglikelihood: -32791.6	(delta): -7.27596e-12
94 (QN/Block) 	Elapsed: 0.026	Loglikelihood: -32791.6	(delta): 7.27596e-12
95 (QN/Block) 	Elapsed: 0.026	Loglikelihood: -32791.6	(delta): 0
96 (QN/Block) 	Elapsed: 0.025	Loglikelihood: -32791.6	(delta): 0
97 (QN/Block) 	Elapsed: 0.025	Loglikelihood: -32791.6	(delta): -7.27596e-12
98 (QN/Block) 	Elapsed: 0.026	Loglikelihood: -32791.6	(delta): 0
99 (QN/Block) 	Elapsed: 0.025	Loglikelihood: -32791.6	(delta): 7.27596e-12
100 (QN/Block) 	Elapsed: 0.025	Loglikelihood: -32791.6	(delta): 0
Summary: 
Converged in 100 iterations (2.842 sec)
Loglikelihood: -32791.603865
Fst divergences between estimated populations: 
	Pop0	Pop1	Pop2	Pop3	Pop4	Pop5	Pop6	Pop7	Pop8	
Pop0	
Pop1	0.207	
Pop2	0.122	0.173	
Pop3	0.247	0.280	0.244	
Pop4	0.122	0.161	0.109	0.234	
Pop5	0.113	0.152	0.105	0.232	0.094	
Pop6	0.123	0.157	0.107	0.223	0.099	0.086	
Pop7	0.233	0.268	0.229	0.064	0.214	0.219	0.208	
Pop8	0.130	0.157	0.109	0.226	0.112	0.096	0.098	0.216	
Pop9	0.262	0.289	0.264	0.130	0.257	0.254	0.241	0.132	0.243	
CV error (K=10): 0.44301
Writing output files.
