****                   ADMIXTURE Version 1.3.0                  ****
****                    Copyright 2008-2015                     ****
****           David Alexander, Suyash Shringarpure,            ****
****                John  Novembre, Ken Lange                   ****
****                                                            ****
****                 Please cite our paper!                     ****
****   Information at www.genetics.ucla.edu/software/admixture  ****

Parallel execution requested.  Will use 8 threads.
Cross-validation will be performed.  Folds=10.
Random seed: 43
Point estimation method: Block relaxation algorithm
Convergence acceleration algorithm: QuasiNewton, 3 secant conditions
Point estimation will terminate at 100 iterations
Estimation of standard errors disabled; will compute point estimates only.
Size of G: 92x945
Performing five EM steps to prime main algorithm
1 (EM) 	Elapsed: 0.01	Loglikelihood: -44378.2	(delta): 78793.5
2 (EM) 	Elapsed: 0.01	Loglikelihood: -41529.1	(delta): 2849.1
3 (EM) 	Elapsed: 0.009	Loglikelihood: -40923.9	(delta): 605.146
4 (EM) 	Elapsed: 0.01	Loglikelihood: -40544.3	(delta): 379.616
5 (EM) 	Elapsed: 0.009	Loglikelihood: -40245.1	(delta): 299.183
Initial loglikelihood: -40245.1
Starting main algorithm
1 (QN/Block) 	Elapsed: 0.017	Loglikelihood: -35902.9	(delta): 4342.18
2 (QN/Block) 	Elapsed: 0.017	Loglikelihood: -35035.6	(delta): 867.291
3 (QN/Block) 	Elapsed: 0.017	Loglikelihood: -34600.6	(delta): 435.082
4 (QN/Block) 	Elapsed: 0.016	Loglikelihood: -34292.1	(delta): 308.45
5 (QN/Block) 	Elapsed: 0.017	Loglikelihood: -34144.5	(delta): 147.626
6 (QN/Block) 	Elapsed: 0.015	Loglikelihood: -34091.9	(delta): 52.5499
7 (QN/Block) 	Elapsed: 0.016	Loglikelihood: -34062.1	(delta): 29.8416
8 (QN/Block) 	Elapsed: 0.015	Loglikelihood: -34045.3	(delta): 16.8051
9 (QN/Block) 	Elapsed: 0.015	Loglikelihood: -34032.6	(delta): 12.7166
10 (QN/Block) 	Elapsed: 0.014	Loglikelihood: -34022.1	(delta): 10.4884
11 (QN/Block) 	Elapsed: 0.019	Loglikelihood: -34009.3	(delta): 12.811
12 (QN/Block) 	Elapsed: 0.021	Loglikelihood: -34000.8	(delta): 8.48983
13 (QN/Block) 	Elapsed: 0.021	Loglikelihood: -33997.8	(delta): 3.01331
14 (QN/Block) 	Elapsed: 0.021	Loglikelihood: -33995.3	(delta): 2.45912
15 (QN/Block) 	Elapsed: 0.019	Loglikelihood: -33992.4	(delta): 2.93764
16 (QN/Block) 	Elapsed: 0.021	Loglikelihood: -33990.6	(delta): 1.76656
17 (QN/Block) 	Elapsed: 0.021	Loglikelihood: -33989.7	(delta): 0.927306
18 (QN/Block) 	Elapsed: 0.02	Loglikelihood: -33989.5	(delta): 0.131901
19 (QN/Block) 	Elapsed: 0.02	Loglikelihood: -33989.5	(delta): 0.0243326
20 (QN/Block) 	Elapsed: 0.016	Loglikelihood: -33989.5	(delta): 0.0104213
21 (QN/Block) 	Elapsed: 0.021	Loglikelihood: -33989.5	(delta): 0.0109417
22 (QN/Block) 	Elapsed: 0.019	Loglikelihood: -33989.4	(delta): 0.0689037
23 (QN/Block) 	Elapsed: 0.021	Loglikelihood: -33989.4	(delta): 0.0591829
24 (QN/Block) 	Elapsed: 0.018	Loglikelihood: -33989.2	(delta): 0.127387
25 (QN/Block) 	Elapsed: 0.019	Loglikelihood: -33989.2	(delta): 0.0575562
26 (QN/Block) 	Elapsed: 0.02	Loglikelihood: -33989.1	(delta): 0.105808
27 (QN/Block) 	Elapsed: 0.018	Loglikelihood: -33988.8	(delta): 0.241442
28 (QN/Block) 	Elapsed: 0.02	Loglikelihood: -33988.8	(delta): 0.0623437
29 (QN/Block) 	Elapsed: 0.019	Loglikelihood: -33988.7	(delta): 0.0612871
30 (QN/Block) 	Elapsed: 0.019	Loglikelihood: -33988.6	(delta): 0.0943515
31 (QN/Block) 	Elapsed: 0.02	Loglikelihood: -33988.5	(delta): 0.15708
32 (QN/Block) 	Elapsed: 0.022	Loglikelihood: -33988.1	(delta): 0.308732
33 (QN/Block) 	Elapsed: 0.02	Loglikelihood: -33988.1	(delta): 0.0646148
34 (QN/Block) 	Elapsed: 0.023	Loglikelihood: -33988	(delta): 0.0515253
35 (QN/Block) 	Elapsed: 0.021	Loglikelihood: -33988	(delta): 0.0270423
36 (QN/Block) 	Elapsed: 0.023	Loglikelihood: -33988	(delta): 0.0306077
37 (QN/Block) 	Elapsed: 0.019	Loglikelihood: -33987.9	(delta): 0.121887
38 (QN/Block) 	Elapsed: 0.02	Loglikelihood: -33987.7	(delta): 0.183468
39 (QN/Block) 	Elapsed: 0.021	Loglikelihood: -33987.6	(delta): 0.0381843
40 (QN/Block) 	Elapsed: 0.018	Loglikelihood: -33987.6	(delta): 0.0273981
41 (QN/Block) 	Elapsed: 0.022	Loglikelihood: -33987.6	(delta): 0.0414922
42 (QN/Block) 	Elapsed: 0.021	Loglikelihood: -33987.6	(delta): 0.0118405
43 (QN/Block) 	Elapsed: 0.02	Loglikelihood: -33987.5	(delta): 0.0514882
44 (QN/Block) 	Elapsed: 0.021	Loglikelihood: -33987.5	(delta): 0.0340909
45 (QN/Block) 	Elapsed: 0.019	Loglikelihood: -33987.3	(delta): 0.161434
46 (QN/Block) 	Elapsed: 0.017	Loglikelihood: -33987.2	(delta): 0.077559
47 (QN/Block) 	Elapsed: 0.019	Loglikelihood: -33987.2	(delta): 0.0553521
48 (QN/Block) 	Elapsed: 0.019	Loglikelihood: -33987.1	(delta): 0.100521
49 (QN/Block) 	Elapsed: 0.025	Loglikelihood: -33986.9	(delta): 0.128969
50 (QN/Block) 	Elapsed: 0.023	Loglikelihood: -33986.9	(delta): 0.0107698
51 (QN/Block) 	Elapsed: 0.021	Loglikelihood: -33986.9	(delta): 0.00846613
52 (QN/Block) 	Elapsed: 0.021	Loglikelihood: -33986.9	(delta): 0.00723555
53 (QN/Block) 	Elapsed: 0.02	Loglikelihood: -33986.9	(delta): 0.000801524
54 (QN/Block) 	Elapsed: 0.02	Loglikelihood: -33986.9	(delta): 0.0005048
55 (QN/Block) 	Elapsed: 0.02	Loglikelihood: -33986.9	(delta): 0.00013396
56 (QN/Block) 	Elapsed: 0.02	Loglikelihood: -33986.9	(delta): 7.70705e-05
57 (QN/Block) 	Elapsed: 0.021	Loglikelihood: -33986.9	(delta): 2.89038e-05
58 (QN/Block) 	Elapsed: 0.021	Loglikelihood: -33986.9	(delta): 2.65698e-05
59 (QN/Block) 	Elapsed: 0.018	Loglikelihood: -33986.9	(delta): 5.37799e-06
60 (QN/Block) 	Elapsed: 0.017	Loglikelihood: -33986.9	(delta): 5.94489e-07
61 (QN/Block) 	Elapsed: 0.019	Loglikelihood: -33986.9	(delta): 3.66636e-08
62 (QN/Block) 	Elapsed: 0.017	Loglikelihood: -33986.9	(delta): 4.31464e-09
63 (QN/Block) 	Elapsed: 0.016	Loglikelihood: -33986.9	(delta): 1.22236e-09
64 (QN/Block) 	Elapsed: 0.016	Loglikelihood: -33986.9	(delta): 7.27596e-11
65 (QN/Block) 	Elapsed: 0.016	Loglikelihood: -33986.9	(delta): 0
66 (QN/Block) 	Elapsed: 0.021	Loglikelihood: -33986.9	(delta): 0
67 (QN/Block) 	Elapsed: 0.022	Loglikelihood: -33986.9	(delta): 7.27596e-12
68 (QN/Block) 	Elapsed: 0.022	Loglikelihood: -33986.9	(delta): 0
69 (QN/Block) 	Elapsed: 0.021	Loglikelihood: -33986.9	(delta): 0
70 (QN/Block) 	Elapsed: 0.022	Loglikelihood: -33986.9	(delta): 0
71 (QN/Block) 	Elapsed: 0.024	Loglikelihood: -33986.9	(delta): 0
72 (QN/Block) 	Elapsed: 0.023	Loglikelihood: -33986.9	(delta): 0
73 (QN/Block) 	Elapsed: 0.023	Loglikelihood: -33986.9	(delta): 0
74 (QN/Block) 	Elapsed: 0.021	Loglikelihood: -33986.9	(delta): 0
75 (QN/Block) 	Elapsed: 0.02	Loglikelihood: -33986.9	(delta): -7.27596e-12
76 (QN/Block) 	Elapsed: 0.018	Loglikelihood: -33986.9	(delta): 0
77 (QN/Block) 	Elapsed: 0.019	Loglikelihood: -33986.9	(delta): 0
78 (QN/Block) 	Elapsed: 0.023	Loglikelihood: -33986.9	(delta): 0
79 (QN/Block) 	Elapsed: 0.022	Loglikelihood: -33986.9	(delta): 7.27596e-12
80 (QN/Block) 	Elapsed: 0.022	Loglikelihood: -33986.9	(delta): -7.27596e-12
81 (QN/Block) 	Elapsed: 0.022	Loglikelihood: -33986.9	(delta): 7.27596e-12
82 (QN/Block) 	Elapsed: 0.023	Loglikelihood: -33986.9	(delta): 0
83 (QN/Block) 	Elapsed: 0.024	Loglikelihood: -33986.9	(delta): -7.27596e-12
84 (QN/Block) 	Elapsed: 0.023	Loglikelihood: -33986.9	(delta): 7.27596e-12
85 (QN/Block) 	Elapsed: 0.022	Loglikelihood: -33986.9	(delta): 0
86 (QN/Block) 	Elapsed: 0.022	Loglikelihood: -33986.9	(delta): -7.27596e-12
87 (QN/Block) 	Elapsed: 0.022	Loglikelihood: -33986.9	(delta): 7.27596e-12
88 (QN/Block) 	Elapsed: 0.025	Loglikelihood: -33986.9	(delta): 0
89 (QN/Block) 	Elapsed: 0.022	Loglikelihood: -33986.9	(delta): 0
90 (QN/Block) 	Elapsed: 0.024	Loglikelihood: -33986.9	(delta): 0
91 (QN/Block) 	Elapsed: 0.018	Loglikelihood: -33986.9	(delta): 0
92 (QN/Block) 	Elapsed: 0.021	Loglikelihood: -33986.9	(delta): 0
93 (QN/Block) 	Elapsed: 0.019	Loglikelihood: -33986.9	(delta): -7.27596e-12
94 (QN/Block) 	Elapsed: 0.019	Loglikelihood: -33986.9	(delta): 7.27596e-12
95 (QN/Block) 	Elapsed: 0.023	Loglikelihood: -33986.9	(delta): 0
96 (QN/Block) 	Elapsed: 0.02	Loglikelihood: -33986.9	(delta): 0
97 (QN/Block) 	Elapsed: 0.021	Loglikelihood: -33986.9	(delta): 0
98 (QN/Block) 	Elapsed: 0.02	Loglikelihood: -33986.9	(delta): 0
99 (QN/Block) 	Elapsed: 0.022	Loglikelihood: -33986.9	(delta): 0
100 (QN/Block) 	Elapsed: 0.021	Loglikelihood: -33986.9	(delta): 0
Summary: 
Converged in 100 iterations (2.154 sec)
Loglikelihood: -33986.914078
Fst divergences between estimated populations: 
	Pop0	Pop1	Pop2	Pop3	Pop4	Pop5	
Pop0	
Pop1	0.118	
Pop2	0.090	0.121	
Pop3	0.078	0.127	0.086	
Pop4	0.213	0.235	0.195	0.201	
Pop5	0.231	0.251	0.212	0.218	0.061	
Pop6	0.092	0.127	0.089	0.087	0.210	0.226	
CV error (K=7): 0.38296
Writing output files.
