****                   ADMIXTURE Version 1.3.0                  ****
****                    Copyright 2008-2015                     ****
****           David Alexander, Suyash Shringarpure,            ****
****                John  Novembre, Ken Lange                   ****
****                                                            ****
****                 Please cite our paper!                     ****
****   Information at www.genetics.ucla.edu/software/admixture  ****

Parallel execution requested.  Will use 8 threads.
Cross-validation will be performed.  Folds=10.
Random seed: 43
Point estimation method: Block relaxation algorithm
Convergence acceleration algorithm: QuasiNewton, 3 secant conditions
Point estimation will terminate at 100 iterations
Estimation of standard errors disabled; will compute point estimates only.
Size of G: 92x945
Performing five EM steps to prime main algorithm
1 (EM) 	Elapsed: 0.004	Loglikelihood: -44035.6	(delta): 89347.5
2 (EM) 	Elapsed: 0.004	Loglikelihood: -41789.9	(delta): 2245.65
3 (EM) 	Elapsed: 0.003	Loglikelihood: -41260.9	(delta): 529.036
4 (EM) 	Elapsed: 0.003	Loglikelihood: -40972.9	(delta): 288.022
5 (EM) 	Elapsed: 0.003	Loglikelihood: -40792.5	(delta): 180.338
Initial loglikelihood: -40792.5
Starting main algorithm
1 (QN/Block) 	Elapsed: 0.009	Loglikelihood: -37523.6	(delta): 3268.92
2 (QN/Block) 	Elapsed: 0.01	Loglikelihood: -36715.9	(delta): 807.712
3 (QN/Block) 	Elapsed: 0.011	Loglikelihood: -36278	(delta): 437.918
4 (QN/Block) 	Elapsed: 0.012	Loglikelihood: -36031	(delta): 246.993
5 (QN/Block) 	Elapsed: 0.017	Loglikelihood: -35957	(delta): 73.948
6 (QN/Block) 	Elapsed: 0.015	Loglikelihood: -35944.9	(delta): 12.1352
7 (QN/Block) 	Elapsed: 0.016	Loglikelihood: -35941.9	(delta): 3.02199
8 (QN/Block) 	Elapsed: 0.015	Loglikelihood: -35940.1	(delta): 1.77964
9 (QN/Block) 	Elapsed: 0.012	Loglikelihood: -35939.3	(delta): 0.773837
10 (QN/Block) 	Elapsed: 0.014	Loglikelihood: -35938.9	(delta): 0.435876
11 (QN/Block) 	Elapsed: 0.014	Loglikelihood: -35938.7	(delta): 0.17897
12 (QN/Block) 	Elapsed: 0.014	Loglikelihood: -35938.5	(delta): 0.254065
13 (QN/Block) 	Elapsed: 0.017	Loglikelihood: -35938.3	(delta): 0.158207
14 (QN/Block) 	Elapsed: 0.016	Loglikelihood: -35938.2	(delta): 0.111635
15 (QN/Block) 	Elapsed: 0.014	Loglikelihood: -35938	(delta): 0.190094
16 (QN/Block) 	Elapsed: 0.013	Loglikelihood: -35936.4	(delta): 1.57116
17 (QN/Block) 	Elapsed: 0.014	Loglikelihood: -35935.3	(delta): 1.13695
18 (QN/Block) 	Elapsed: 0.014	Loglikelihood: -35933.6	(delta): 1.65886
19 (QN/Block) 	Elapsed: 0.014	Loglikelihood: -35931.6	(delta): 2.0323
20 (QN/Block) 	Elapsed: 0.015	Loglikelihood: -35930.1	(delta): 1.52263
21 (QN/Block) 	Elapsed: 0.012	Loglikelihood: -35928.8	(delta): 1.22565
22 (QN/Block) 	Elapsed: 0.012	Loglikelihood: -35928.1	(delta): 0.750201
23 (QN/Block) 	Elapsed: 0.013	Loglikelihood: -35927.3	(delta): 0.784257
24 (QN/Block) 	Elapsed: 0.013	Loglikelihood: -35925.9	(delta): 1.37269
25 (QN/Block) 	Elapsed: 0.014	Loglikelihood: -35925.6	(delta): 0.314003
26 (QN/Block) 	Elapsed: 0.012	Loglikelihood: -35925.6	(delta): 0.017553
27 (QN/Block) 	Elapsed: 0.013	Loglikelihood: -35925.6	(delta): 0.0052947
28 (QN/Block) 	Elapsed: 0.014	Loglikelihood: -35925.6	(delta): 0.00524989
29 (QN/Block) 	Elapsed: 0.014	Loglikelihood: -35925.6	(delta): 0.00691418
30 (QN/Block) 	Elapsed: 0.014	Loglikelihood: -35925.6	(delta): 0.00983925
31 (QN/Block) 	Elapsed: 0.014	Loglikelihood: -35925.6	(delta): 0.0167691
32 (QN/Block) 	Elapsed: 0.013	Loglikelihood: -35925.5	(delta): 0.0424095
33 (QN/Block) 	Elapsed: 0.014	Loglikelihood: -35925.5	(delta): 0.0544242
34 (QN/Block) 	Elapsed: 0.013	Loglikelihood: -35925.4	(delta): 0.0608269
35 (QN/Block) 	Elapsed: 0.013	Loglikelihood: -35925.4	(delta): 0.0374365
36 (QN/Block) 	Elapsed: 0.014	Loglikelihood: -35925.3	(delta): 0.0317978
37 (QN/Block) 	Elapsed: 0.013	Loglikelihood: -35925.3	(delta): 0.0198477
38 (QN/Block) 	Elapsed: 0.014	Loglikelihood: -35925.3	(delta): 0.00898634
39 (QN/Block) 	Elapsed: 0.013	Loglikelihood: -35925.3	(delta): 0.00631188
40 (QN/Block) 	Elapsed: 0.013	Loglikelihood: -35925.3	(delta): 0.00214048
41 (QN/Block) 	Elapsed: 0.014	Loglikelihood: -35925.3	(delta): 8.77648e-05
42 (QN/Block) 	Elapsed: 0.013	Loglikelihood: -35925.3	(delta): 1.80695e-05
43 (QN/Block) 	Elapsed: 0.011	Loglikelihood: -35925.3	(delta): 2.14874e-07
44 (QN/Block) 	Elapsed: 0.013	Loglikelihood: -35925.3	(delta): 7.31889e-08
45 (QN/Block) 	Elapsed: 0.013	Loglikelihood: -35925.3	(delta): 7.97445e-09
46 (QN/Block) 	Elapsed: 0.013	Loglikelihood: -35925.3	(delta): 8.73115e-11
47 (QN/Block) 	Elapsed: 0.014	Loglikelihood: -35925.3	(delta): 1.45519e-11
48 (QN/Block) 	Elapsed: 0.016	Loglikelihood: -35925.3	(delta): -7.27596e-12
49 (QN/Block) 	Elapsed: 0.015	Loglikelihood: -35925.3	(delta): 0
50 (QN/Block) 	Elapsed: 0.014	Loglikelihood: -35925.3	(delta): -7.27596e-12
51 (QN/Block) 	Elapsed: 0.015	Loglikelihood: -35925.3	(delta): 0
52 (QN/Block) 	Elapsed: 0.013	Loglikelihood: -35925.3	(delta): 0
53 (QN/Block) 	Elapsed: 0.014	Loglikelihood: -35925.3	(delta): 0
54 (QN/Block) 	Elapsed: 0.014	Loglikelihood: -35925.3	(delta): 7.27596e-12
55 (QN/Block) 	Elapsed: 0.014	Loglikelihood: -35925.3	(delta): 0
56 (QN/Block) 	Elapsed: 0.012	Loglikelihood: -35925.3	(delta): -7.27596e-12
57 (QN/Block) 	Elapsed: 0.014	Loglikelihood: -35925.3	(delta): 7.27596e-12
58 (QN/Block) 	Elapsed: 0.013	Loglikelihood: -35925.3	(delta): 0
59 (QN/Block) 	Elapsed: 0.012	Loglikelihood: -35925.3	(delta): 7.27596e-12
60 (QN/Block) 	Elapsed: 0.011	Loglikelihood: -35925.3	(delta): -7.27596e-12
61 (QN/Block) 	Elapsed: 0.011	Loglikelihood: -35925.3	(delta): 0
62 (QN/Block) 	Elapsed: 0.012	Loglikelihood: -35925.3	(delta): 0
63 (QN/Block) 	Elapsed: 0.013	Loglikelihood: -35925.3	(delta): -7.27596e-12
64 (QN/Block) 	Elapsed: 0.014	Loglikelihood: -35925.3	(delta): 1.45519e-11
65 (QN/Block) 	Elapsed: 0.014	Loglikelihood: -35925.3	(delta): -7.27596e-12
66 (QN/Block) 	Elapsed: 0.013	Loglikelihood: -35925.3	(delta): 0
67 (QN/Block) 	Elapsed: 0.014	Loglikelihood: -35925.3	(delta): 0
68 (QN/Block) 	Elapsed: 0.014	Loglikelihood: -35925.3	(delta): 0
69 (QN/Block) 	Elapsed: 0.014	Loglikelihood: -35925.3	(delta): 0
70 (QN/Block) 	Elapsed: 0.014	Loglikelihood: -35925.3	(delta): 0
71 (QN/Block) 	Elapsed: 0.014	Loglikelihood: -35925.3	(delta): -7.27596e-12
72 (QN/Block) 	Elapsed: 0.014	Loglikelihood: -35925.3	(delta): 7.27596e-12
73 (QN/Block) 	Elapsed: 0.014	Loglikelihood: -35925.3	(delta): -7.27596e-12
74 (QN/Block) 	Elapsed: 0.014	Loglikelihood: -35925.3	(delta): 7.27596e-12
75 (QN/Block) 	Elapsed: 0.014	Loglikelihood: -35925.3	(delta): 0
76 (QN/Block) 	Elapsed: 0.014	Loglikelihood: -35925.3	(delta): -7.27596e-12
77 (QN/Block) 	Elapsed: 0.013	Loglikelihood: -35925.3	(delta): 0
78 (QN/Block) 	Elapsed: 0.013	Loglikelihood: -35925.3	(delta): 0
79 (QN/Block) 	Elapsed: 0.014	Loglikelihood: -35925.3	(delta): 7.27596e-12
80 (QN/Block) 	Elapsed: 0.017	Loglikelihood: -35925.3	(delta): -7.27596e-12
81 (QN/Block) 	Elapsed: 0.014	Loglikelihood: -35925.3	(delta): 0
82 (QN/Block) 	Elapsed: 0.017	Loglikelihood: -35925.3	(delta): 0
83 (QN/Block) 	Elapsed: 0.017	Loglikelihood: -35925.3	(delta): 0
84 (QN/Block) 	Elapsed: 0.015	Loglikelihood: -35925.3	(delta): 0
85 (QN/Block) 	Elapsed: 0.014	Loglikelihood: -35925.3	(delta): 0
86 (QN/Block) 	Elapsed: 0.014	Loglikelihood: -35925.3	(delta): 0
87 (QN/Block) 	Elapsed: 0.012	Loglikelihood: -35925.3	(delta): 0
88 (QN/Block) 	Elapsed: 0.012	Loglikelihood: -35925.3	(delta): 0
89 (QN/Block) 	Elapsed: 0.015	Loglikelihood: -35925.3	(delta): 0
90 (QN/Block) 	Elapsed: 0.013	Loglikelihood: -35925.3	(delta): 7.27596e-12
91 (QN/Block) 	Elapsed: 0.015	Loglikelihood: -35925.3	(delta): -7.27596e-12
92 (QN/Block) 	Elapsed: 0.014	Loglikelihood: -35925.3	(delta): 7.27596e-12
93 (QN/Block) 	Elapsed: 0.014	Loglikelihood: -35925.3	(delta): -7.27596e-12
94 (QN/Block) 	Elapsed: 0.012	Loglikelihood: -35925.3	(delta): 7.27596e-12
95 (QN/Block) 	Elapsed: 0.015	Loglikelihood: -35925.3	(delta): -7.27596e-12
96 (QN/Block) 	Elapsed: 0.015	Loglikelihood: -35925.3	(delta): 7.27596e-12
97 (QN/Block) 	Elapsed: 0.016	Loglikelihood: -35925.3	(delta): -7.27596e-12
98 (QN/Block) 	Elapsed: 0.016	Loglikelihood: -35925.3	(delta): 7.27596e-12
99 (QN/Block) 	Elapsed: 0.012	Loglikelihood: -35925.3	(delta): -7.27596e-12
100 (QN/Block) 	Elapsed: 0.012	Loglikelihood: -35925.3	(delta): 0
Summary: 
Converged in 100 iterations (1.489 sec)
Loglikelihood: -35925.298999
Fst divergences between estimated populations: 
	Pop0	Pop1	
Pop0	
Pop1	0.200	
Pop2	0.177	0.048	
CV error (K=3): 0.32454
Writing output files.
