****                   ADMIXTURE Version 1.3.0                  ****
****                    Copyright 2008-2015                     ****
****           David Alexander, Suyash Shringarpure,            ****
****                John  Novembre, Ken Lange                   ****
****                                                            ****
****                 Please cite our paper!                     ****
****   Information at www.genetics.ucla.edu/software/admixture  ****

Parallel execution requested.  Will use 8 threads.
Cross-validation will be performed.  Folds=10.
Random seed: 43
Point estimation method: Block relaxation algorithm
Convergence acceleration algorithm: QuasiNewton, 3 secant conditions
Point estimation will terminate at 100 iterations
Estimation of standard errors disabled; will compute point estimates only.
Size of G: 512x2335
Performing five EM steps to prime main algorithm
1 (EM) 	Elapsed: 0.086	Loglikelihood: -444823	(delta): 1.10433e+06
2 (EM) 	Elapsed: 0.085	Loglikelihood: -419894	(delta): 24928.8
3 (EM) 	Elapsed: 0.084	Loglikelihood: -415879	(delta): 4014.67
4 (EM) 	Elapsed: 0.085	Loglikelihood: -413619	(delta): 2260.23
5 (EM) 	Elapsed: 0.083	Loglikelihood: -411990	(delta): 1628.8
Initial loglikelihood: -411990
Starting main algorithm
1 (QN/Block) 	Elapsed: 0.141	Loglikelihood: -374800	(delta): 37190.4
2 (QN/Block) 	Elapsed: 0.145	Loglikelihood: -358154	(delta): 16646.1
3 (QN/Block) 	Elapsed: 0.15	Loglikelihood: -354677	(delta): 3476.9
4 (QN/Block) 	Elapsed: 0.15	Loglikelihood: -352916	(delta): 1761.31
5 (QN/Block) 	Elapsed: 0.166	Loglikelihood: -352025	(delta): 890.501
6 (QN/Block) 	Elapsed: 0.159	Loglikelihood: -351712	(delta): 313.591
7 (QN/Block) 	Elapsed: 0.151	Loglikelihood: -351567	(delta): 144.963
8 (QN/Block) 	Elapsed: 0.157	Loglikelihood: -351522	(delta): 44.1077
9 (QN/Block) 	Elapsed: 0.148	Loglikelihood: -351500	(delta): 22.317
10 (QN/Block) 	Elapsed: 0.162	Loglikelihood: -351486	(delta): 14.0304
11 (QN/Block) 	Elapsed: 0.161	Loglikelihood: -351486	(delta): 0.527014
12 (QN/Block) 	Elapsed: 0.157	Loglikelihood: -351485	(delta): 0.352431
13 (QN/Block) 	Elapsed: 0.17	Loglikelihood: -351485	(delta): 0.19798
14 (QN/Block) 	Elapsed: 0.146	Loglikelihood: -351485	(delta): 0.0378279
15 (QN/Block) 	Elapsed: 0.147	Loglikelihood: -351485	(delta): 0.0181171
16 (QN/Block) 	Elapsed: 0.143	Loglikelihood: -351485	(delta): 0.00291293
17 (QN/Block) 	Elapsed: 0.152	Loglikelihood: -351485	(delta): 0.000399514
18 (QN/Block) 	Elapsed: 0.155	Loglikelihood: -351485	(delta): 3.09703e-05
19 (QN/Block) 	Elapsed: 0.145	Loglikelihood: -351485	(delta): 1.08632e-05
20 (QN/Block) 	Elapsed: 0.152	Loglikelihood: -351485	(delta): 1.34495e-06
21 (QN/Block) 	Elapsed: 0.144	Loglikelihood: -351485	(delta): 4.54602e-08
22 (QN/Block) 	Elapsed: 0.157	Loglikelihood: -351485	(delta): 2.2701e-09
23 (QN/Block) 	Elapsed: 0.163	Loglikelihood: -351485	(delta): 5.82077e-11
24 (QN/Block) 	Elapsed: 0.163	Loglikelihood: -351485	(delta): -5.82077e-11
25 (QN/Block) 	Elapsed: 0.172	Loglikelihood: -351485	(delta): 0
26 (QN/Block) 	Elapsed: 0.147	Loglikelihood: -351485	(delta): 5.82077e-11
27 (QN/Block) 	Elapsed: 0.159	Loglikelihood: -351485	(delta): 5.82077e-11
28 (QN/Block) 	Elapsed: 0.162	Loglikelihood: -351485	(delta): -1.16415e-10
29 (QN/Block) 	Elapsed: 0.157	Loglikelihood: -351485	(delta): 1.16415e-10
30 (QN/Block) 	Elapsed: 0.162	Loglikelihood: -351485	(delta): 0
31 (QN/Block) 	Elapsed: 0.166	Loglikelihood: -351485	(delta): -1.16415e-10
32 (QN/Block) 	Elapsed: 0.153	Loglikelihood: -351485	(delta): 5.82077e-11
33 (QN/Block) 	Elapsed: 0.161	Loglikelihood: -351485	(delta): -5.82077e-11
34 (QN/Block) 	Elapsed: 0.154	Loglikelihood: -351485	(delta): 5.82077e-11
35 (QN/Block) 	Elapsed: 0.144	Loglikelihood: -351485	(delta): -1.16415e-10
36 (QN/Block) 	Elapsed: 0.155	Loglikelihood: -351485	(delta): 1.74623e-10
37 (QN/Block) 	Elapsed: 0.166	Loglikelihood: -351485	(delta): -2.32831e-10
38 (QN/Block) 	Elapsed: 0.154	Loglikelihood: -351485	(delta): 1.74623e-10
39 (QN/Block) 	Elapsed: 0.162	Loglikelihood: -351485	(delta): -5.82077e-11
40 (QN/Block) 	Elapsed: 0.157	Loglikelihood: -351485	(delta): -5.82077e-11
41 (QN/Block) 	Elapsed: 0.156	Loglikelihood: -351485	(delta): 5.82077e-11
42 (QN/Block) 	Elapsed: 0.158	Loglikelihood: -351485	(delta): 0
43 (QN/Block) 	Elapsed: 0.161	Loglikelihood: -351485	(delta): 0
44 (QN/Block) 	Elapsed: 0.157	Loglikelihood: -351485	(delta): 0
45 (QN/Block) 	Elapsed: 0.151	Loglikelihood: -351485	(delta): 0
46 (QN/Block) 	Elapsed: 0.147	Loglikelihood: -351485	(delta): -5.82077e-11
47 (QN/Block) 	Elapsed: 0.139	Loglikelihood: -351485	(delta): -5.82077e-11
48 (QN/Block) 	Elapsed: 0.148	Loglikelihood: -351485	(delta): 0
49 (QN/Block) 	Elapsed: 0.143	Loglikelihood: -351485	(delta): 0
50 (QN/Block) 	Elapsed: 0.153	Loglikelihood: -351485	(delta): 5.82077e-11
51 (QN/Block) 	Elapsed: 0.152	Loglikelihood: -351485	(delta): -5.82077e-11
52 (QN/Block) 	Elapsed: 0.154	Loglikelihood: -351485	(delta): 5.82077e-11
53 (QN/Block) 	Elapsed: 0.188	Loglikelihood: -351485	(delta): 0
54 (QN/Block) 	Elapsed: 0.183	Loglikelihood: -351485	(delta): 0
55 (QN/Block) 	Elapsed: 0.15	Loglikelihood: -351485	(delta): -5.82077e-11
56 (QN/Block) 	Elapsed: 0.15	Loglikelihood: -351485	(delta): 5.82077e-11
57 (QN/Block) 	Elapsed: 0.148	Loglikelihood: -351485	(delta): 0
58 (QN/Block) 	Elapsed: 0.149	Loglikelihood: -351485	(delta): 0
59 (QN/Block) 	Elapsed: 0.148	Loglikelihood: -351485	(delta): 0
60 (QN/Block) 	Elapsed: 0.157	Loglikelihood: -351485	(delta): -5.82077e-11
61 (QN/Block) 	Elapsed: 0.149	Loglikelihood: -351485	(delta): 0
62 (QN/Block) 	Elapsed: 0.157	Loglikelihood: -351485	(delta): 1.16415e-10
63 (QN/Block) 	Elapsed: 0.139	Loglikelihood: -351485	(delta): -5.82077e-11
64 (QN/Block) 	Elapsed: 0.147	Loglikelihood: -351485	(delta): 0
65 (QN/Block) 	Elapsed: 0.148	Loglikelihood: -351485	(delta): 0
66 (QN/Block) 	Elapsed: 0.148	Loglikelihood: -351485	(delta): 0
67 (QN/Block) 	Elapsed: 0.155	Loglikelihood: -351485	(delta): 0
68 (QN/Block) 	Elapsed: 0.155	Loglikelihood: -351485	(delta): 0
69 (QN/Block) 	Elapsed: 0.157	Loglikelihood: -351485	(delta): 0
70 (QN/Block) 	Elapsed: 0.156	Loglikelihood: -351485	(delta): 0
71 (QN/Block) 	Elapsed: 0.154	Loglikelihood: -351485	(delta): 0
72 (QN/Block) 	Elapsed: 0.149	Loglikelihood: -351485	(delta): 0
73 (QN/Block) 	Elapsed: 0.153	Loglikelihood: -351485	(delta): 0
74 (QN/Block) 	Elapsed: 0.147	Loglikelihood: -351485	(delta): 0
75 (QN/Block) 	Elapsed: 0.146	Loglikelihood: -351485	(delta): 0
76 (QN/Block) 	Elapsed: 0.146	Loglikelihood: -351485	(delta): 0
77 (QN/Block) 	Elapsed: 0.147	Loglikelihood: -351485	(delta): 0
78 (QN/Block) 	Elapsed: 0.157	Loglikelihood: -351485	(delta): 0
79 (QN/Block) 	Elapsed: 0.152	Loglikelihood: -351485	(delta): 0
80 (QN/Block) 	Elapsed: 0.158	Loglikelihood: -351485	(delta): 0
81 (QN/Block) 	Elapsed: 0.156	Loglikelihood: -351485	(delta): 0
82 (QN/Block) 	Elapsed: 0.156	Loglikelihood: -351485	(delta): 0
83 (QN/Block) 	Elapsed: 0.145	Loglikelihood: -351485	(delta): 0
84 (QN/Block) 	Elapsed: 0.145	Loglikelihood: -351485	(delta): 0
85 (QN/Block) 	Elapsed: 0.154	Loglikelihood: -351485	(delta): 0
86 (QN/Block) 	Elapsed: 0.152	Loglikelihood: -351485	(delta): 0
87 (QN/Block) 	Elapsed: 0.16	Loglikelihood: -351485	(delta): 0
88 (QN/Block) 	Elapsed: 0.15	Loglikelihood: -351485	(delta): 5.82077e-11
89 (QN/Block) 	Elapsed: 0.157	Loglikelihood: -351485	(delta): -5.82077e-11
90 (QN/Block) 	Elapsed: 0.16	Loglikelihood: -351485	(delta): 0
91 (QN/Block) 	Elapsed: 0.143	Loglikelihood: -351485	(delta): 0
92 (QN/Block) 	Elapsed: 0.161	Loglikelihood: -351485	(delta): 0
93 (QN/Block) 	Elapsed: 0.157	Loglikelihood: -351485	(delta): 5.82077e-11
94 (QN/Block) 	Elapsed: 0.163	Loglikelihood: -351485	(delta): -5.82077e-11
95 (QN/Block) 	Elapsed: 0.161	Loglikelihood: -351485	(delta): 0
96 (QN/Block) 	Elapsed: 0.162	Loglikelihood: -351485	(delta): 5.82077e-11
97 (QN/Block) 	Elapsed: 0.16	Loglikelihood: -351485	(delta): 0
98 (QN/Block) 	Elapsed: 0.15	Loglikelihood: -351485	(delta): -5.82077e-11
99 (QN/Block) 	Elapsed: 0.143	Loglikelihood: -351485	(delta): 5.82077e-11
100 (QN/Block) 	Elapsed: 0.155	Loglikelihood: -351485	(delta): -5.82077e-11
Summary: 
Converged in 100 iterations (16.204 sec)
Loglikelihood: -351484.990628
Fst divergences between estimated populations: 
	Pop0	Pop1	Pop2	Pop3	
Pop0	
Pop1	0.373	
Pop2	0.058	0.360	
Pop3	0.067	0.372	0.051	
Pop4	0.099	0.370	0.084	0.096	
CV error (K=5): 0.21479
Writing output files.
