****                   ADMIXTURE Version 1.3.0                  ****
****                    Copyright 2008-2015                     ****
****           David Alexander, Suyash Shringarpure,            ****
****                John  Novembre, Ken Lange                   ****
****                                                            ****
****                 Please cite our paper!                     ****
****   Information at www.genetics.ucla.edu/software/admixture  ****

Parallel execution requested.  Will use 8 threads.
Cross-validation will be performed.  Folds=10.
Random seed: 43
Point estimation method: Block relaxation algorithm
Convergence acceleration algorithm: QuasiNewton, 3 secant conditions
Point estimation will terminate at 100 iterations
Estimation of standard errors disabled; will compute point estimates only.
Size of G: 512x2335
Performing five EM steps to prime main algorithm
1 (EM) 	Elapsed: 0.017	Loglikelihood: -411124	(delta): 1.65122e+06
2 (EM) 	Elapsed: 0.018	Loglikelihood: -411124	(delta): 0
3 (EM) 	Elapsed: 0.021	Loglikelihood: -411124	(delta): 0
4 (EM) 	Elapsed: 0.021	Loglikelihood: -411124	(delta): 0
5 (EM) 	Elapsed: 0.017	Loglikelihood: -411124	(delta): 0
Initial loglikelihood: -411124
Starting main algorithm
1 (QN/Block) 	Elapsed: 0.07	Loglikelihood: -411124	(delta): 5.82077e-11
2 (QN/Block) 	Elapsed: 0.069	Loglikelihood: -411124	(delta): -5.82077e-11
3 (QN/Block) 	Elapsed: 0.081	Loglikelihood: -411124	(delta): 5.82077e-11
4 (QN/Block) 	Elapsed: 0.087	Loglikelihood: -411124	(delta): 0
5 (QN/Block) 	Elapsed: 0.071	Loglikelihood: -411124	(delta): 0
6 (QN/Block) 	Elapsed: 0.075	Loglikelihood: -411124	(delta): 0
7 (QN/Block) 	Elapsed: 0.066	Loglikelihood: -411124	(delta): 0
8 (QN/Block) 	Elapsed: 0.077	Loglikelihood: -411124	(delta): -5.82077e-11
9 (QN/Block) 	Elapsed: 0.071	Loglikelihood: -411124	(delta): 5.82077e-11
10 (QN/Block) 	Elapsed: 0.064	Loglikelihood: -411124	(delta): 0
11 (QN/Block) 	Elapsed: 0.067	Loglikelihood: -411124	(delta): -5.82077e-11
12 (QN/Block) 	Elapsed: 0.067	Loglikelihood: -411124	(delta): 5.82077e-11
13 (QN/Block) 	Elapsed: 0.078	Loglikelihood: -411124	(delta): 0
14 (QN/Block) 	Elapsed: 0.074	Loglikelihood: -411124	(delta): -5.82077e-11
15 (QN/Block) 	Elapsed: 0.075	Loglikelihood: -411124	(delta): 5.82077e-11
16 (QN/Block) 	Elapsed: 0.066	Loglikelihood: -411124	(delta): -5.82077e-11
17 (QN/Block) 	Elapsed: 0.071	Loglikelihood: -411124	(delta): 5.82077e-11
18 (QN/Block) 	Elapsed: 0.073	Loglikelihood: -411124	(delta): 0
19 (QN/Block) 	Elapsed: 0.082	Loglikelihood: -411124	(delta): -1.16415e-10
20 (QN/Block) 	Elapsed: 0.077	Loglikelihood: -411124	(delta): 1.16415e-10
21 (QN/Block) 	Elapsed: 0.072	Loglikelihood: -411124	(delta): 0
22 (QN/Block) 	Elapsed: 0.079	Loglikelihood: -411124	(delta): 0
23 (QN/Block) 	Elapsed: 0.078	Loglikelihood: -411124	(delta): 0
24 (QN/Block) 	Elapsed: 0.073	Loglikelihood: -411124	(delta): 0
25 (QN/Block) 	Elapsed: 0.068	Loglikelihood: -411124	(delta): -5.82077e-11
26 (QN/Block) 	Elapsed: 0.082	Loglikelihood: -411124	(delta): 5.82077e-11
27 (QN/Block) 	Elapsed: 0.079	Loglikelihood: -411124	(delta): 0
28 (QN/Block) 	Elapsed: 0.079	Loglikelihood: -411124	(delta): -1.16415e-10
29 (QN/Block) 	Elapsed: 0.064	Loglikelihood: -411124	(delta): 1.16415e-10
30 (QN/Block) 	Elapsed: 0.069	Loglikelihood: -411124	(delta): 0
31 (QN/Block) 	Elapsed: 0.075	Loglikelihood: -411124	(delta): 0
32 (QN/Block) 	Elapsed: 0.07	Loglikelihood: -411124	(delta): 0
33 (QN/Block) 	Elapsed: 0.069	Loglikelihood: -411124	(delta): 0
34 (QN/Block) 	Elapsed: 0.08	Loglikelihood: -411124	(delta): 0
35 (QN/Block) 	Elapsed: 0.119	Loglikelihood: -411124	(delta): -5.82077e-11
36 (QN/Block) 	Elapsed: 0.075	Loglikelihood: -411124	(delta): 5.82077e-11
37 (QN/Block) 	Elapsed: 0.067	Loglikelihood: -411124	(delta): 0
38 (QN/Block) 	Elapsed: 0.082	Loglikelihood: -411124	(delta): 0
39 (QN/Block) 	Elapsed: 0.08	Loglikelihood: -411124	(delta): 0
40 (QN/Block) 	Elapsed: 0.071	Loglikelihood: -411124	(delta): 0
41 (QN/Block) 	Elapsed: 0.068	Loglikelihood: -411124	(delta): 0
42 (QN/Block) 	Elapsed: 0.068	Loglikelihood: -411124	(delta): 0
43 (QN/Block) 	Elapsed: 0.075	Loglikelihood: -411124	(delta): 0
44 (QN/Block) 	Elapsed: 0.075	Loglikelihood: -411124	(delta): 0
45 (QN/Block) 	Elapsed: 0.076	Loglikelihood: -411124	(delta): 0
46 (QN/Block) 	Elapsed: 0.067	Loglikelihood: -411124	(delta): 0
47 (QN/Block) 	Elapsed: 0.067	Loglikelihood: -411124	(delta): 0
48 (QN/Block) 	Elapsed: 0.075	Loglikelihood: -411124	(delta): 0
49 (QN/Block) 	Elapsed: 0.067	Loglikelihood: -411124	(delta): 0
50 (QN/Block) 	Elapsed: 0.072	Loglikelihood: -411124	(delta): 0
51 (QN/Block) 	Elapsed: 0.069	Loglikelihood: -411124	(delta): 0
52 (QN/Block) 	Elapsed: 0.075	Loglikelihood: -411124	(delta): -5.82077e-11
53 (QN/Block) 	Elapsed: 0.065	Loglikelihood: -411124	(delta): 5.82077e-11
54 (QN/Block) 	Elapsed: 0.067	Loglikelihood: -411124	(delta): 0
55 (QN/Block) 	Elapsed: 0.07	Loglikelihood: -411124	(delta): 0
56 (QN/Block) 	Elapsed: 0.072	Loglikelihood: -411124	(delta): 0
57 (QN/Block) 	Elapsed: 0.067	Loglikelihood: -411124	(delta): -5.82077e-11
58 (QN/Block) 	Elapsed: 0.067	Loglikelihood: -411124	(delta): 5.82077e-11
59 (QN/Block) 	Elapsed: 0.064	Loglikelihood: -411124	(delta): -5.82077e-11
60 (QN/Block) 	Elapsed: 0.073	Loglikelihood: -411124	(delta): 5.82077e-11
61 (QN/Block) 	Elapsed: 0.071	Loglikelihood: -411124	(delta): -5.82077e-11
62 (QN/Block) 	Elapsed: 0.068	Loglikelihood: -411124	(delta): 0
63 (QN/Block) 	Elapsed: 0.089	Loglikelihood: -411124	(delta): 5.82077e-11
64 (QN/Block) 	Elapsed: 0.084	Loglikelihood: -411124	(delta): 0
65 (QN/Block) 	Elapsed: 0.081	Loglikelihood: -411124	(delta): 0
66 (QN/Block) 	Elapsed: 0.086	Loglikelihood: -411124	(delta): 0
67 (QN/Block) 	Elapsed: 0.069	Loglikelihood: -411124	(delta): 0
68 (QN/Block) 	Elapsed: 0.076	Loglikelihood: -411124	(delta): 0
69 (QN/Block) 	Elapsed: 0.067	Loglikelihood: -411124	(delta): -5.82077e-11
70 (QN/Block) 	Elapsed: 0.074	Loglikelihood: -411124	(delta): 0
71 (QN/Block) 	Elapsed: 0.066	Loglikelihood: -411124	(delta): 5.82077e-11
72 (QN/Block) 	Elapsed: 0.07	Loglikelihood: -411124	(delta): 0
73 (QN/Block) 	Elapsed: 0.075	Loglikelihood: -411124	(delta): 0
74 (QN/Block) 	Elapsed: 0.069	Loglikelihood: -411124	(delta): 0
75 (QN/Block) 	Elapsed: 0.066	Loglikelihood: -411124	(delta): 0
76 (QN/Block) 	Elapsed: 0.074	Loglikelihood: -411124	(delta): 0
77 (QN/Block) 	Elapsed: 0.074	Loglikelihood: -411124	(delta): 0
78 (QN/Block) 	Elapsed: 0.075	Loglikelihood: -411124	(delta): -5.82077e-11
79 (QN/Block) 	Elapsed: 0.074	Loglikelihood: -411124	(delta): 5.82077e-11
80 (QN/Block) 	Elapsed: 0.066	Loglikelihood: -411124	(delta): 0
81 (QN/Block) 	Elapsed: 0.067	Loglikelihood: -411124	(delta): 0
82 (QN/Block) 	Elapsed: 0.069	Loglikelihood: -411124	(delta): -1.16415e-10
83 (QN/Block) 	Elapsed: 0.065	Loglikelihood: -411124	(delta): 5.82077e-11
84 (QN/Block) 	Elapsed: 0.066	Loglikelihood: -411124	(delta): 5.82077e-11
85 (QN/Block) 	Elapsed: 0.071	Loglikelihood: -411124	(delta): -5.82077e-11
86 (QN/Block) 	Elapsed: 0.063	Loglikelihood: -411124	(delta): 0
87 (QN/Block) 	Elapsed: 0.069	Loglikelihood: -411124	(delta): 5.82077e-11
88 (QN/Block) 	Elapsed: 0.088	Loglikelihood: -411124	(delta): 0
89 (QN/Block) 	Elapsed: 0.077	Loglikelihood: -411124	(delta): 0
90 (QN/Block) 	Elapsed: 0.079	Loglikelihood: -411124	(delta): -1.16415e-10
91 (QN/Block) 	Elapsed: 0.073	Loglikelihood: -411124	(delta): 1.16415e-10
92 (QN/Block) 	Elapsed: 0.091	Loglikelihood: -411124	(delta): 0
93 (QN/Block) 	Elapsed: 0.08	Loglikelihood: -411124	(delta): 0
94 (QN/Block) 	Elapsed: 0.071	Loglikelihood: -411124	(delta): 0
95 (QN/Block) 	Elapsed: 0.077	Loglikelihood: -411124	(delta): 0
96 (QN/Block) 	Elapsed: 0.067	Loglikelihood: -411124	(delta): 0
97 (QN/Block) 	Elapsed: 0.064	Loglikelihood: -411124	(delta): -5.82077e-11
98 (QN/Block) 	Elapsed: 0.067	Loglikelihood: -411124	(delta): 5.82077e-11
99 (QN/Block) 	Elapsed: 0.07	Loglikelihood: -411124	(delta): 0
100 (QN/Block) 	Elapsed: 0.062	Loglikelihood: -411124	(delta): 0
Summary: 
Converged in 100 iterations (7.701 sec)
Loglikelihood: -411123.588752
CV error (K=1): 0.26537
Writing output files.
