****                   ADMIXTURE Version 1.3.0                  ****
****                    Copyright 2008-2015                     ****
****           David Alexander, Suyash Shringarpure,            ****
****                John  Novembre, Ken Lange                   ****
****                                                            ****
****                 Please cite our paper!                     ****
****   Information at www.genetics.ucla.edu/software/admixture  ****

Parallel execution requested.  Will use 8 threads.
Cross-validation will be performed.  Folds=10.
Random seed: 43
Point estimation method: Block relaxation algorithm
Convergence acceleration algorithm: QuasiNewton, 3 secant conditions
Point estimation will terminate at 100 iterations
Estimation of standard errors disabled; will compute point estimates only.
Size of G: 512x2335
Performing five EM steps to prime main algorithm
1 (EM) 	Elapsed: 0.065	Loglikelihood: -443550	(delta): 1.13425e+06
2 (EM) 	Elapsed: 0.064	Loglikelihood: -419845	(delta): 23704.9
3 (EM) 	Elapsed: 0.064	Loglikelihood: -415571	(delta): 4273.59
4 (EM) 	Elapsed: 0.066	Loglikelihood: -413193	(delta): 2378.21
5 (EM) 	Elapsed: 0.067	Loglikelihood: -411545	(delta): 1648.51
Initial loglikelihood: -411545
Starting main algorithm
1 (QN/Block) 	Elapsed: 0.137	Loglikelihood: -377133	(delta): 34412
2 (QN/Block) 	Elapsed: 0.135	Loglikelihood: -362942	(delta): 14190.2
3 (QN/Block) 	Elapsed: 0.132	Loglikelihood: -359380	(delta): 3562.84
4 (QN/Block) 	Elapsed: 0.135	Loglikelihood: -357403	(delta): 1976.38
5 (QN/Block) 	Elapsed: 0.131	Loglikelihood: -356673	(delta): 730.572
6 (QN/Block) 	Elapsed: 0.141	Loglikelihood: -356415	(delta): 257.857
7 (QN/Block) 	Elapsed: 0.142	Loglikelihood: -356344	(delta): 70.6494
8 (QN/Block) 	Elapsed: 0.141	Loglikelihood: -356304	(delta): 40.5322
9 (QN/Block) 	Elapsed: 0.147	Loglikelihood: -356294	(delta): 9.9978
10 (QN/Block) 	Elapsed: 0.141	Loglikelihood: -356292	(delta): 2.01292
11 (QN/Block) 	Elapsed: 0.144	Loglikelihood: -356291	(delta): 0.713832
12 (QN/Block) 	Elapsed: 0.142	Loglikelihood: -356291	(delta): 0.290246
13 (QN/Block) 	Elapsed: 0.142	Loglikelihood: -356290	(delta): 0.138285
14 (QN/Block) 	Elapsed: 0.138	Loglikelihood: -356290	(delta): 0.0263834
15 (QN/Block) 	Elapsed: 0.133	Loglikelihood: -356290	(delta): 0.00853791
16 (QN/Block) 	Elapsed: 0.137	Loglikelihood: -356290	(delta): 0.00112999
17 (QN/Block) 	Elapsed: 0.139	Loglikelihood: -356290	(delta): 9.22704e-05
18 (QN/Block) 	Elapsed: 0.14	Loglikelihood: -356290	(delta): 1.54375e-05
19 (QN/Block) 	Elapsed: 0.138	Loglikelihood: -356290	(delta): 1.3411e-06
20 (QN/Block) 	Elapsed: 0.141	Loglikelihood: -356290	(delta): 9.78471e-08
21 (QN/Block) 	Elapsed: 0.146	Loglikelihood: -356290	(delta): 1.07102e-08
22 (QN/Block) 	Elapsed: 0.144	Loglikelihood: -356290	(delta): 9.8953e-10
23 (QN/Block) 	Elapsed: 0.146	Loglikelihood: -356290	(delta): 1.16415e-10
24 (QN/Block) 	Elapsed: 0.145	Loglikelihood: -356290	(delta): 5.82077e-11
25 (QN/Block) 	Elapsed: 0.145	Loglikelihood: -356290	(delta): -5.82077e-11
26 (QN/Block) 	Elapsed: 0.144	Loglikelihood: -356290	(delta): 5.82077e-11
27 (QN/Block) 	Elapsed: 0.148	Loglikelihood: -356290	(delta): -1.16415e-10
28 (QN/Block) 	Elapsed: 0.143	Loglikelihood: -356290	(delta): 5.82077e-11
29 (QN/Block) 	Elapsed: 0.158	Loglikelihood: -356290	(delta): 5.82077e-11
30 (QN/Block) 	Elapsed: 0.14	Loglikelihood: -356290	(delta): 5.82077e-11
31 (QN/Block) 	Elapsed: 0.145	Loglikelihood: -356290	(delta): -5.82077e-11
32 (QN/Block) 	Elapsed: 0.142	Loglikelihood: -356290	(delta): -5.82077e-11
33 (QN/Block) 	Elapsed: 0.148	Loglikelihood: -356290	(delta): -5.82077e-11
34 (QN/Block) 	Elapsed: 0.149	Loglikelihood: -356290	(delta): 1.16415e-10
35 (QN/Block) 	Elapsed: 0.157	Loglikelihood: -356290	(delta): 5.82077e-11
36 (QN/Block) 	Elapsed: 0.147	Loglikelihood: -356290	(delta): 0
37 (QN/Block) 	Elapsed: 0.142	Loglikelihood: -356290	(delta): -1.74623e-10
38 (QN/Block) 	Elapsed: 0.141	Loglikelihood: -356290	(delta): 0
39 (QN/Block) 	Elapsed: 0.144	Loglikelihood: -356290	(delta): 5.82077e-11
40 (QN/Block) 	Elapsed: 0.145	Loglikelihood: -356290	(delta): 0
41 (QN/Block) 	Elapsed: 0.151	Loglikelihood: -356290	(delta): -5.82077e-11
42 (QN/Block) 	Elapsed: 0.148	Loglikelihood: -356290	(delta): 5.82077e-11
43 (QN/Block) 	Elapsed: 0.144	Loglikelihood: -356290	(delta): 0
44 (QN/Block) 	Elapsed: 0.144	Loglikelihood: -356290	(delta): -5.82077e-11
45 (QN/Block) 	Elapsed: 0.142	Loglikelihood: -356290	(delta): 5.82077e-11
46 (QN/Block) 	Elapsed: 0.153	Loglikelihood: -356290	(delta): -5.82077e-11
47 (QN/Block) 	Elapsed: 0.138	Loglikelihood: -356290	(delta): 0
48 (QN/Block) 	Elapsed: 0.14	Loglikelihood: -356290	(delta): 0
49 (QN/Block) 	Elapsed: 0.15	Loglikelihood: -356290	(delta): 5.82077e-11
50 (QN/Block) 	Elapsed: 0.142	Loglikelihood: -356290	(delta): 0
51 (QN/Block) 	Elapsed: 0.147	Loglikelihood: -356290	(delta): -5.82077e-11
52 (QN/Block) 	Elapsed: 0.144	Loglikelihood: -356290	(delta): 1.16415e-10
53 (QN/Block) 	Elapsed: 0.142	Loglikelihood: -356290	(delta): -5.82077e-11
54 (QN/Block) 	Elapsed: 0.137	Loglikelihood: -356290	(delta): 5.82077e-11
55 (QN/Block) 	Elapsed: 0.142	Loglikelihood: -356290	(delta): 0
56 (QN/Block) 	Elapsed: 0.138	Loglikelihood: -356290	(delta): -5.82077e-11
57 (QN/Block) 	Elapsed: 0.142	Loglikelihood: -356290	(delta): -5.82077e-11
58 (QN/Block) 	Elapsed: 0.149	Loglikelihood: -356290	(delta): 5.82077e-11
59 (QN/Block) 	Elapsed: 0.139	Loglikelihood: -356290	(delta): -5.82077e-11
60 (QN/Block) 	Elapsed: 0.141	Loglikelihood: -356290	(delta): 5.82077e-11
61 (QN/Block) 	Elapsed: 0.132	Loglikelihood: -356290	(delta): 5.82077e-11
62 (QN/Block) 	Elapsed: 0.14	Loglikelihood: -356290	(delta): -5.82077e-11
63 (QN/Block) 	Elapsed: 0.148	Loglikelihood: -356290	(delta): 5.82077e-11
64 (QN/Block) 	Elapsed: 0.143	Loglikelihood: -356290	(delta): -5.82077e-11
65 (QN/Block) 	Elapsed: 0.139	Loglikelihood: -356290	(delta): 5.82077e-11
66 (QN/Block) 	Elapsed: 0.138	Loglikelihood: -356290	(delta): -5.82077e-11
67 (QN/Block) 	Elapsed: 0.129	Loglikelihood: -356290	(delta): 5.82077e-11
68 (QN/Block) 	Elapsed: 0.139	Loglikelihood: -356290	(delta): -5.82077e-11
69 (QN/Block) 	Elapsed: 0.15	Loglikelihood: -356290	(delta): 0
70 (QN/Block) 	Elapsed: 0.141	Loglikelihood: -356290	(delta): 0
71 (QN/Block) 	Elapsed: 0.137	Loglikelihood: -356290	(delta): 0
72 (QN/Block) 	Elapsed: 0.141	Loglikelihood: -356290	(delta): 0
73 (QN/Block) 	Elapsed: 0.151	Loglikelihood: -356290	(delta): 0
74 (QN/Block) 	Elapsed: 0.145	Loglikelihood: -356290	(delta): 0
75 (QN/Block) 	Elapsed: 0.15	Loglikelihood: -356290	(delta): 0
76 (QN/Block) 	Elapsed: 0.142	Loglikelihood: -356290	(delta): 0
77 (QN/Block) 	Elapsed: 0.15	Loglikelihood: -356290	(delta): 0
78 (QN/Block) 	Elapsed: 0.145	Loglikelihood: -356290	(delta): 0
79 (QN/Block) 	Elapsed: 0.147	Loglikelihood: -356290	(delta): 0
80 (QN/Block) 	Elapsed: 0.145	Loglikelihood: -356290	(delta): 0
81 (QN/Block) 	Elapsed: 0.145	Loglikelihood: -356290	(delta): 0
82 (QN/Block) 	Elapsed: 0.133	Loglikelihood: -356290	(delta): 5.82077e-11
83 (QN/Block) 	Elapsed: 0.14	Loglikelihood: -356290	(delta): -5.82077e-11
84 (QN/Block) 	Elapsed: 0.138	Loglikelihood: -356290	(delta): 0
85 (QN/Block) 	Elapsed: 0.147	Loglikelihood: -356290	(delta): 0
86 (QN/Block) 	Elapsed: 0.143	Loglikelihood: -356290	(delta): 0
87 (QN/Block) 	Elapsed: 0.132	Loglikelihood: -356290	(delta): 0
88 (QN/Block) 	Elapsed: 0.136	Loglikelihood: -356290	(delta): 0
89 (QN/Block) 	Elapsed: 0.148	Loglikelihood: -356290	(delta): 0
90 (QN/Block) 	Elapsed: 0.139	Loglikelihood: -356290	(delta): 0
91 (QN/Block) 	Elapsed: 0.145	Loglikelihood: -356290	(delta): -5.82077e-11
92 (QN/Block) 	Elapsed: 0.144	Loglikelihood: -356290	(delta): 5.82077e-11
93 (QN/Block) 	Elapsed: 0.137	Loglikelihood: -356290	(delta): 0
94 (QN/Block) 	Elapsed: 0.141	Loglikelihood: -356290	(delta): 0
95 (QN/Block) 	Elapsed: 0.137	Loglikelihood: -356290	(delta): 5.82077e-11
96 (QN/Block) 	Elapsed: 0.146	Loglikelihood: -356290	(delta): -1.16415e-10
97 (QN/Block) 	Elapsed: 0.138	Loglikelihood: -356290	(delta): 5.82077e-11
98 (QN/Block) 	Elapsed: 0.148	Loglikelihood: -356290	(delta): 0
99 (QN/Block) 	Elapsed: 0.149	Loglikelihood: -356290	(delta): 0
100 (QN/Block) 	Elapsed: 0.147	Loglikelihood: -356290	(delta): -5.82077e-11
Summary: 
Converged in 100 iterations (14.923 sec)
Loglikelihood: -356290.448364
Fst divergences between estimated populations: 
	Pop0	Pop1	Pop2	
Pop0	
Pop1	0.359	
Pop2	0.057	0.375	
Pop3	0.047	0.363	0.063	
CV error (K=4): 0.21772
Writing output files.
