****                   ADMIXTURE Version 1.3.0                  ****
****                    Copyright 2008-2015                     ****
****           David Alexander, Suyash Shringarpure,            ****
****                John  Novembre, Ken Lange                   ****
****                                                            ****
****                 Please cite our paper!                     ****
****   Information at www.genetics.ucla.edu/software/admixture  ****

Parallel execution requested.  Will use 8 threads.
Cross-validation will be performed.  Folds=10.
Random seed: 43
Point estimation method: Block relaxation algorithm
Convergence acceleration algorithm: QuasiNewton, 3 secant conditions
Point estimation will terminate at 100 iterations
Estimation of standard errors disabled; will compute point estimates only.
Size of G: 512x2335
Performing five EM steps to prime main algorithm
1 (EM) 	Elapsed: 0.158	Loglikelihood: -443289	(delta): 1.06094e+06
2 (EM) 	Elapsed: 0.157	Loglikelihood: -418646	(delta): 24643.1
3 (EM) 	Elapsed: 0.147	Loglikelihood: -414792	(delta): 3853.83
4 (EM) 	Elapsed: 0.15	Loglikelihood: -412570	(delta): 2221.9
5 (EM) 	Elapsed: 0.147	Loglikelihood: -410868	(delta): 1702.16
Initial loglikelihood: -410868
Starting main algorithm
1 (QN/Block) 	Elapsed: 0.191	Loglikelihood: -364614	(delta): 46253.9
2 (QN/Block) 	Elapsed: 0.208	Loglikelihood: -351142	(delta): 13472.3
3 (QN/Block) 	Elapsed: 0.209	Loglikelihood: -346492	(delta): 4650.1
4 (QN/Block) 	Elapsed: 0.202	Loglikelihood: -343811	(delta): 2680.3
5 (QN/Block) 	Elapsed: 0.198	Loglikelihood: -342382	(delta): 1429.06
6 (QN/Block) 	Elapsed: 0.206	Loglikelihood: -341596	(delta): 786.116
7 (QN/Block) 	Elapsed: 0.2	Loglikelihood: -341300	(delta): 296.205
8 (QN/Block) 	Elapsed: 0.197	Loglikelihood: -341219	(delta): 81.244
9 (QN/Block) 	Elapsed: 0.201	Loglikelihood: -341177	(delta): 41.7974
10 (QN/Block) 	Elapsed: 0.207	Loglikelihood: -341126	(delta): 51.4645
11 (QN/Block) 	Elapsed: 0.204	Loglikelihood: -341099	(delta): 26.7063
12 (QN/Block) 	Elapsed: 0.202	Loglikelihood: -341086	(delta): 12.8678
13 (QN/Block) 	Elapsed: 0.199	Loglikelihood: -341076	(delta): 9.66111
14 (QN/Block) 	Elapsed: 0.199	Loglikelihood: -341069	(delta): 7.70468
15 (QN/Block) 	Elapsed: 0.195	Loglikelihood: -341064	(delta): 4.76885
16 (QN/Block) 	Elapsed: 0.198	Loglikelihood: -341060	(delta): 3.96878
17 (QN/Block) 	Elapsed: 0.212	Loglikelihood: -341059	(delta): 1.04013
18 (QN/Block) 	Elapsed: 0.196	Loglikelihood: -341058	(delta): 0.489124
19 (QN/Block) 	Elapsed: 0.2	Loglikelihood: -341058	(delta): 0.2116
20 (QN/Block) 	Elapsed: 0.198	Loglikelihood: -341058	(delta): 0.0531584
21 (QN/Block) 	Elapsed: 0.207	Loglikelihood: -341058	(delta): 0.0983788
22 (QN/Block) 	Elapsed: 0.208	Loglikelihood: -341058	(delta): 0.0241764
23 (QN/Block) 	Elapsed: 0.21	Loglikelihood: -341058	(delta): 0.0225444
24 (QN/Block) 	Elapsed: 0.209	Loglikelihood: -341058	(delta): 0.00344855
25 (QN/Block) 	Elapsed: 0.195	Loglikelihood: -341058	(delta): 0.00220345
26 (QN/Block) 	Elapsed: 0.205	Loglikelihood: -341058	(delta): 0.000408711
27 (QN/Block) 	Elapsed: 0.203	Loglikelihood: -341058	(delta): 0.000153981
28 (QN/Block) 	Elapsed: 0.201	Loglikelihood: -341058	(delta): 4.12842e-05
29 (QN/Block) 	Elapsed: 0.196	Loglikelihood: -341058	(delta): 1.10665e-05
30 (QN/Block) 	Elapsed: 0.195	Loglikelihood: -341058	(delta): 1.06452e-05
31 (QN/Block) 	Elapsed: 0.2	Loglikelihood: -341058	(delta): 1.40769e-06
32 (QN/Block) 	Elapsed: 0.204	Loglikelihood: -341058	(delta): 1.71247e-07
33 (QN/Block) 	Elapsed: 0.197	Loglikelihood: -341058	(delta): 4.71482e-08
34 (QN/Block) 	Elapsed: 0.195	Loglikelihood: -341058	(delta): 1.04774e-09
35 (QN/Block) 	Elapsed: 0.206	Loglikelihood: -341058	(delta): 5.82077e-10
36 (QN/Block) 	Elapsed: 0.202	Loglikelihood: -341058	(delta): -5.82077e-11
37 (QN/Block) 	Elapsed: 0.202	Loglikelihood: -341058	(delta): -5.82077e-11
38 (QN/Block) 	Elapsed: 0.199	Loglikelihood: -341058	(delta): 0
39 (QN/Block) 	Elapsed: 0.208	Loglikelihood: -341058	(delta): 0
40 (QN/Block) 	Elapsed: 0.207	Loglikelihood: -341058	(delta): 5.82077e-11
41 (QN/Block) 	Elapsed: 0.207	Loglikelihood: -341058	(delta): -5.82077e-11
42 (QN/Block) 	Elapsed: 0.211	Loglikelihood: -341058	(delta): 5.82077e-11
43 (QN/Block) 	Elapsed: 0.209	Loglikelihood: -341058	(delta): 0
44 (QN/Block) 	Elapsed: 0.211	Loglikelihood: -341058	(delta): 1.16415e-10
45 (QN/Block) 	Elapsed: 0.211	Loglikelihood: -341058	(delta): -2.32831e-10
46 (QN/Block) 	Elapsed: 0.21	Loglikelihood: -341058	(delta): 1.16415e-10
47 (QN/Block) 	Elapsed: 0.209	Loglikelihood: -341058	(delta): 5.82077e-11
48 (QN/Block) 	Elapsed: 0.208	Loglikelihood: -341058	(delta): -5.82077e-11
49 (QN/Block) 	Elapsed: 0.217	Loglikelihood: -341058	(delta): -5.82077e-11
50 (QN/Block) 	Elapsed: 0.212	Loglikelihood: -341058	(delta): 0
51 (QN/Block) 	Elapsed: 0.213	Loglikelihood: -341058	(delta): 0
52 (QN/Block) 	Elapsed: 0.209	Loglikelihood: -341058	(delta): 0
53 (QN/Block) 	Elapsed: 0.209	Loglikelihood: -341058	(delta): 0
54 (QN/Block) 	Elapsed: 0.214	Loglikelihood: -341058	(delta): 0
55 (QN/Block) 	Elapsed: 0.207	Loglikelihood: -341058	(delta): 5.82077e-11
56 (QN/Block) 	Elapsed: 0.211	Loglikelihood: -341058	(delta): -5.82077e-11
57 (QN/Block) 	Elapsed: 0.21	Loglikelihood: -341058	(delta): 5.82077e-11
58 (QN/Block) 	Elapsed: 0.211	Loglikelihood: -341058	(delta): 0
59 (QN/Block) 	Elapsed: 0.213	Loglikelihood: -341058	(delta): 0
60 (QN/Block) 	Elapsed: 0.209	Loglikelihood: -341058	(delta): -5.82077e-11
61 (QN/Block) 	Elapsed: 0.212	Loglikelihood: -341058	(delta): -1.16415e-10
62 (QN/Block) 	Elapsed: 0.211	Loglikelihood: -341058	(delta): 1.74623e-10
63 (QN/Block) 	Elapsed: 0.212	Loglikelihood: -341058	(delta): -1.74623e-10
64 (QN/Block) 	Elapsed: 0.216	Loglikelihood: -341058	(delta): 5.82077e-11
65 (QN/Block) 	Elapsed: 0.208	Loglikelihood: -341058	(delta): 5.82077e-11
66 (QN/Block) 	Elapsed: 0.216	Loglikelihood: -341058	(delta): -5.82077e-11
67 (QN/Block) 	Elapsed: 0.211	Loglikelihood: -341058	(delta): 5.82077e-11
68 (QN/Block) 	Elapsed: 0.213	Loglikelihood: -341058	(delta): 0
69 (QN/Block) 	Elapsed: 0.213	Loglikelihood: -341058	(delta): 5.82077e-11
70 (QN/Block) 	Elapsed: 0.206	Loglikelihood: -341058	(delta): -1.16415e-10
71 (QN/Block) 	Elapsed: 0.218	Loglikelihood: -341058	(delta): 0
72 (QN/Block) 	Elapsed: 0.212	Loglikelihood: -341058	(delta): 1.16415e-10
73 (QN/Block) 	Elapsed: 0.201	Loglikelihood: -341058	(delta): -1.16415e-10
74 (QN/Block) 	Elapsed: 0.209	Loglikelihood: -341058	(delta): 1.74623e-10
75 (QN/Block) 	Elapsed: 0.211	Loglikelihood: -341058	(delta): -5.82077e-11
76 (QN/Block) 	Elapsed: 0.202	Loglikelihood: -341058	(delta): 1.16415e-10
77 (QN/Block) 	Elapsed: 0.212	Loglikelihood: -341058	(delta): -5.82077e-11
78 (QN/Block) 	Elapsed: 0.203	Loglikelihood: -341058	(delta): -5.82077e-11
79 (QN/Block) 	Elapsed: 0.212	Loglikelihood: -341058	(delta): 5.82077e-11
80 (QN/Block) 	Elapsed: 0.212	Loglikelihood: -341058	(delta): 5.82077e-11
81 (QN/Block) 	Elapsed: 0.212	Loglikelihood: -341058	(delta): -5.82077e-11
82 (QN/Block) 	Elapsed: 0.203	Loglikelihood: -341058	(delta): 0
83 (QN/Block) 	Elapsed: 0.213	Loglikelihood: -341058	(delta): 5.82077e-11
84 (QN/Block) 	Elapsed: 0.216	Loglikelihood: -341058	(delta): -5.82077e-11
85 (QN/Block) 	Elapsed: 0.201	Loglikelihood: -341058	(delta): 0
86 (QN/Block) 	Elapsed: 0.211	Loglikelihood: -341058	(delta): 0
87 (QN/Block) 	Elapsed: 0.205	Loglikelihood: -341058	(delta): 0
88 (QN/Block) 	Elapsed: 0.208	Loglikelihood: -341058	(delta): 0
89 (QN/Block) 	Elapsed: 0.203	Loglikelihood: -341058	(delta): 0
90 (QN/Block) 	Elapsed: 0.201	Loglikelihood: -341058	(delta): 0
91 (QN/Block) 	Elapsed: 0.193	Loglikelihood: -341058	(delta): 0
92 (QN/Block) 	Elapsed: 0.206	Loglikelihood: -341058	(delta): 0
93 (QN/Block) 	Elapsed: 0.202	Loglikelihood: -341058	(delta): 0
94 (QN/Block) 	Elapsed: 0.21	Loglikelihood: -341058	(delta): -5.82077e-11
95 (QN/Block) 	Elapsed: 0.205	Loglikelihood: -341058	(delta): 5.82077e-11
96 (QN/Block) 	Elapsed: 0.204	Loglikelihood: -341058	(delta): -5.82077e-11
97 (QN/Block) 	Elapsed: 0.205	Loglikelihood: -341058	(delta): 5.82077e-11
98 (QN/Block) 	Elapsed: 0.202	Loglikelihood: -341058	(delta): 0
99 (QN/Block) 	Elapsed: 0.206	Loglikelihood: -341058	(delta): 0
100 (QN/Block) 	Elapsed: 0.202	Loglikelihood: -341058	(delta): 0
Summary: 
Converged in 100 iterations (21.818 sec)
Loglikelihood: -341057.939688
Fst divergences between estimated populations: 
	Pop0	Pop1	Pop2	Pop3	Pop4	Pop5	Pop6	
Pop0	
Pop1	0.097	
Pop2	0.091	0.064	
Pop3	0.187	0.170	0.166	
Pop4	0.196	0.177	0.167	0.266	
Pop5	0.385	0.376	0.366	0.434	0.438	
Pop6	0.163	0.154	0.149	0.233	0.244	0.413	
Pop7	0.105	0.072	0.072	0.173	0.151	0.381	0.161	
CV error (K=8): 0.20847
Writing output files.
