****                   ADMIXTURE Version 1.3.0                  ****
****                    Copyright 2008-2015                     ****
****           David Alexander, Suyash Shringarpure,            ****
****                John  Novembre, Ken Lange                   ****
****                                                            ****
****                 Please cite our paper!                     ****
****   Information at www.genetics.ucla.edu/software/admixture  ****

Parallel execution requested.  Will use 8 threads.
Cross-validation will be performed.  Folds=10.
Random seed: 43
Point estimation method: Block relaxation algorithm
Convergence acceleration algorithm: QuasiNewton, 3 secant conditions
Point estimation will terminate at 100 iterations
Estimation of standard errors disabled; will compute point estimates only.
Size of G: 512x2335
Performing five EM steps to prime main algorithm
1 (EM) 	Elapsed: 0.194	Loglikelihood: -443387	(delta): 1.0434e+06
2 (EM) 	Elapsed: 0.193	Loglikelihood: -417941	(delta): 25446
3 (EM) 	Elapsed: 0.195	Loglikelihood: -414298	(delta): 3642.41
4 (EM) 	Elapsed: 0.195	Loglikelihood: -412237	(delta): 2061.64
5 (EM) 	Elapsed: 0.183	Loglikelihood: -410660	(delta): 1576.92
Initial loglikelihood: -410660
Starting main algorithm
1 (QN/Block) 	Elapsed: 0.227	Loglikelihood: -361761	(delta): 48898.6
2 (QN/Block) 	Elapsed: 0.228	Loglikelihood: -347139	(delta): 14622
3 (QN/Block) 	Elapsed: 0.251	Loglikelihood: -342245	(delta): 4893.92
4 (QN/Block) 	Elapsed: 0.255	Loglikelihood: -339504	(delta): 2741.51
5 (QN/Block) 	Elapsed: 0.248	Loglikelihood: -338289	(delta): 1214.64
6 (QN/Block) 	Elapsed: 0.237	Loglikelihood: -337793	(delta): 495.637
7 (QN/Block) 	Elapsed: 0.246	Loglikelihood: -337628	(delta): 164.976
8 (QN/Block) 	Elapsed: 0.244	Loglikelihood: -337418	(delta): 210.73
9 (QN/Block) 	Elapsed: 0.245	Loglikelihood: -337151	(delta): 266.259
10 (QN/Block) 	Elapsed: 0.235	Loglikelihood: -336985	(delta): 166.145
11 (QN/Block) 	Elapsed: 0.242	Loglikelihood: -336823	(delta): 162.451
12 (QN/Block) 	Elapsed: 0.236	Loglikelihood: -336630	(delta): 193.135
13 (QN/Block) 	Elapsed: 0.242	Loglikelihood: -336568	(delta): 61.7503
14 (QN/Block) 	Elapsed: 0.239	Loglikelihood: -336557	(delta): 10.9257
15 (QN/Block) 	Elapsed: 0.233	Loglikelihood: -336552	(delta): 4.83062
16 (QN/Block) 	Elapsed: 0.258	Loglikelihood: -336550	(delta): 2.5368
17 (QN/Block) 	Elapsed: 0.239	Loglikelihood: -336549	(delta): 0.730885
18 (QN/Block) 	Elapsed: 0.236	Loglikelihood: -336548	(delta): 0.594487
19 (QN/Block) 	Elapsed: 0.243	Loglikelihood: -336548	(delta): 0.420028
20 (QN/Block) 	Elapsed: 0.247	Loglikelihood: -336547	(delta): 0.564255
21 (QN/Block) 	Elapsed: 0.234	Loglikelihood: -336547	(delta): 0.310585
22 (QN/Block) 	Elapsed: 0.232	Loglikelihood: -336547	(delta): 0.167575
23 (QN/Block) 	Elapsed: 0.244	Loglikelihood: -336547	(delta): 0.132484
24 (QN/Block) 	Elapsed: 0.255	Loglikelihood: -336547	(delta): 0.124296
25 (QN/Block) 	Elapsed: 0.244	Loglikelihood: -336547	(delta): 0.0175954
26 (QN/Block) 	Elapsed: 0.237	Loglikelihood: -336547	(delta): 0.0179183
27 (QN/Block) 	Elapsed: 0.234	Loglikelihood: -336547	(delta): 0.00660812
28 (QN/Block) 	Elapsed: 0.248	Loglikelihood: -336547	(delta): 0.0110102
29 (QN/Block) 	Elapsed: 0.232	Loglikelihood: -336546	(delta): 0.00872659
30 (QN/Block) 	Elapsed: 0.235	Loglikelihood: -336546	(delta): 0.00209621
31 (QN/Block) 	Elapsed: 0.235	Loglikelihood: -336546	(delta): 0.00309381
32 (QN/Block) 	Elapsed: 0.246	Loglikelihood: -336546	(delta): 0.000456746
33 (QN/Block) 	Elapsed: 0.234	Loglikelihood: -336546	(delta): 0.000237201
34 (QN/Block) 	Elapsed: 0.237	Loglikelihood: -336546	(delta): 9.09763e-05
35 (QN/Block) 	Elapsed: 0.244	Loglikelihood: -336546	(delta): 5.36994e-05
36 (QN/Block) 	Elapsed: 0.244	Loglikelihood: -336546	(delta): 7.96485e-06
37 (QN/Block) 	Elapsed: 0.235	Loglikelihood: -336546	(delta): 3.88891e-06
38 (QN/Block) 	Elapsed: 0.236	Loglikelihood: -336546	(delta): 9.37609e-07
39 (QN/Block) 	Elapsed: 0.245	Loglikelihood: -336546	(delta): 8.30216e-07
40 (QN/Block) 	Elapsed: 0.254	Loglikelihood: -336546	(delta): 1.66416e-07
41 (QN/Block) 	Elapsed: 0.239	Loglikelihood: -336546	(delta): 7.39237e-08
42 (QN/Block) 	Elapsed: 0.24	Loglikelihood: -336546	(delta): 1.04774e-08
43 (QN/Block) 	Elapsed: 0.246	Loglikelihood: -336546	(delta): 2.09548e-09
44 (QN/Block) 	Elapsed: 0.245	Loglikelihood: -336546	(delta): 9.31323e-10
45 (QN/Block) 	Elapsed: 0.241	Loglikelihood: -336546	(delta): 3.49246e-10
46 (QN/Block) 	Elapsed: 0.249	Loglikelihood: -336546	(delta): 2.32831e-10
47 (QN/Block) 	Elapsed: 0.261	Loglikelihood: -336546	(delta): -5.82077e-11
48 (QN/Block) 	Elapsed: 0.259	Loglikelihood: -336546	(delta): 5.82077e-11
49 (QN/Block) 	Elapsed: 0.248	Loglikelihood: -336546	(delta): 0
50 (QN/Block) 	Elapsed: 0.253	Loglikelihood: -336546	(delta): 0
51 (QN/Block) 	Elapsed: 0.247	Loglikelihood: -336546	(delta): 0
52 (QN/Block) 	Elapsed: 0.256	Loglikelihood: -336546	(delta): 0
53 (QN/Block) 	Elapsed: 0.247	Loglikelihood: -336546	(delta): 1.16415e-10
54 (QN/Block) 	Elapsed: 0.249	Loglikelihood: -336546	(delta): -1.16415e-10
55 (QN/Block) 	Elapsed: 0.247	Loglikelihood: -336546	(delta): 1.16415e-10
56 (QN/Block) 	Elapsed: 0.254	Loglikelihood: -336546	(delta): -1.16415e-10
57 (QN/Block) 	Elapsed: 0.249	Loglikelihood: -336546	(delta): 5.82077e-11
58 (QN/Block) 	Elapsed: 0.249	Loglikelihood: -336546	(delta): -5.82077e-11
59 (QN/Block) 	Elapsed: 0.25	Loglikelihood: -336546	(delta): 5.82077e-11
60 (QN/Block) 	Elapsed: 0.255	Loglikelihood: -336546	(delta): 5.82077e-11
61 (QN/Block) 	Elapsed: 0.252	Loglikelihood: -336546	(delta): 0
62 (QN/Block) 	Elapsed: 0.253	Loglikelihood: -336546	(delta): 0
63 (QN/Block) 	Elapsed: 0.249	Loglikelihood: -336546	(delta): 0
64 (QN/Block) 	Elapsed: 0.253	Loglikelihood: -336546	(delta): -5.82077e-11
65 (QN/Block) 	Elapsed: 0.252	Loglikelihood: -336546	(delta): 5.82077e-11
66 (QN/Block) 	Elapsed: 0.25	Loglikelihood: -336546	(delta): 0
67 (QN/Block) 	Elapsed: 0.249	Loglikelihood: -336546	(delta): -1.16415e-10
68 (QN/Block) 	Elapsed: 0.254	Loglikelihood: -336546	(delta): 2.32831e-10
69 (QN/Block) 	Elapsed: 0.251	Loglikelihood: -336546	(delta): 0
70 (QN/Block) 	Elapsed: 0.248	Loglikelihood: -336546	(delta): -2.32831e-10
71 (QN/Block) 	Elapsed: 0.252	Loglikelihood: -336546	(delta): 1.74623e-10
72 (QN/Block) 	Elapsed: 0.248	Loglikelihood: -336546	(delta): -5.82077e-11
73 (QN/Block) 	Elapsed: 0.248	Loglikelihood: -336546	(delta): 5.82077e-11
74 (QN/Block) 	Elapsed: 0.246	Loglikelihood: -336546	(delta): -5.82077e-11
75 (QN/Block) 	Elapsed: 0.252	Loglikelihood: -336546	(delta): 0
76 (QN/Block) 	Elapsed: 0.248	Loglikelihood: -336546	(delta): 0
77 (QN/Block) 	Elapsed: 0.249	Loglikelihood: -336546	(delta): 1.16415e-10
78 (QN/Block) 	Elapsed: 0.247	Loglikelihood: -336546	(delta): -1.16415e-10
79 (QN/Block) 	Elapsed: 0.252	Loglikelihood: -336546	(delta): 0
80 (QN/Block) 	Elapsed: 0.247	Loglikelihood: -336546	(delta): 1.16415e-10
81 (QN/Block) 	Elapsed: 0.248	Loglikelihood: -336546	(delta): -1.16415e-10
82 (QN/Block) 	Elapsed: 0.251	Loglikelihood: -336546	(delta): 5.82077e-11
83 (QN/Block) 	Elapsed: 0.251	Loglikelihood: -336546	(delta): 5.82077e-11
84 (QN/Block) 	Elapsed: 0.253	Loglikelihood: -336546	(delta): 0
85 (QN/Block) 	Elapsed: 0.261	Loglikelihood: -336546	(delta): -1.16415e-10
86 (QN/Block) 	Elapsed: 0.259	Loglikelihood: -336546	(delta): 0
87 (QN/Block) 	Elapsed: 0.255	Loglikelihood: -336546	(delta): 0
88 (QN/Block) 	Elapsed: 0.255	Loglikelihood: -336546	(delta): 5.82077e-11
89 (QN/Block) 	Elapsed: 0.267	Loglikelihood: -336546	(delta): 5.82077e-11
90 (QN/Block) 	Elapsed: 0.259	Loglikelihood: -336546	(delta): -1.16415e-10
91 (QN/Block) 	Elapsed: 0.259	Loglikelihood: -336546	(delta): 0
92 (QN/Block) 	Elapsed: 0.261	Loglikelihood: -336546	(delta): 0
93 (QN/Block) 	Elapsed: 0.257	Loglikelihood: -336546	(delta): 0
94 (QN/Block) 	Elapsed: 0.255	Loglikelihood: -336546	(delta): 5.82077e-11
95 (QN/Block) 	Elapsed: 0.26	Loglikelihood: -336546	(delta): -5.82077e-11
96 (QN/Block) 	Elapsed: 0.255	Loglikelihood: -336546	(delta): 1.16415e-10
97 (QN/Block) 	Elapsed: 0.256	Loglikelihood: -336546	(delta): -5.82077e-11
98 (QN/Block) 	Elapsed: 0.258	Loglikelihood: -336546	(delta): -5.82077e-11
99 (QN/Block) 	Elapsed: 0.257	Loglikelihood: -336546	(delta): 1.74623e-10
100 (QN/Block) 	Elapsed: 0.265	Loglikelihood: -336546	(delta): -1.16415e-10
Summary: 
Converged in 100 iterations (26.219 sec)
Loglikelihood: -336546.491285
Fst divergences between estimated populations: 
	Pop0	Pop1	Pop2	Pop3	Pop4	Pop5	Pop6	Pop7	Pop8	
Pop0	
Pop1	0.325	
Pop2	0.190	0.286	
Pop3	0.207	0.311	0.105	
Pop4	0.170	0.258	0.085	0.114	
Pop5	0.167	0.265	0.083	0.111	0.069	
Pop6	0.522	0.619	0.487	0.490	0.473	0.464	
Pop7	0.241	0.337	0.176	0.205	0.163	0.159	0.523	
Pop8	0.425	0.510	0.388	0.394	0.375	0.367	0.269	0.424	
Pop9	0.179	0.285	0.121	0.136	0.110	0.108	0.487	0.174	0.385	
CV error (K=10): 0.20582
Writing output files.
