****                   ADMIXTURE Version 1.3.0                  ****
****                    Copyright 2008-2015                     ****
****           David Alexander, Suyash Shringarpure,            ****
****                John  Novembre, Ken Lange                   ****
****                                                            ****
****                 Please cite our paper!                     ****
****   Information at www.genetics.ucla.edu/software/admixture  ****

Parallel execution requested.  Will use 8 threads.
Cross-validation will be performed.  Folds=10.
Random seed: 43
Point estimation method: Block relaxation algorithm
Convergence acceleration algorithm: QuasiNewton, 3 secant conditions
Point estimation will terminate at 100 iterations
Estimation of standard errors disabled; will compute point estimates only.
Size of G: 557x751
Performing five EM steps to prime main algorithm
1 (EM) 	Elapsed: 0.023	Loglikelihood: -250666	(delta): 334311
2 (EM) 	Elapsed: 0.024	Loglikelihood: -238922	(delta): 11744.1
3 (EM) 	Elapsed: 0.026	Loglikelihood: -235793	(delta): 3129.41
4 (EM) 	Elapsed: 0.027	Loglikelihood: -233034	(delta): 2758.76
5 (EM) 	Elapsed: 0.025	Loglikelihood: -228972	(delta): 4062.01
Initial loglikelihood: -228972
Starting main algorithm
1 (QN/Block) 	Elapsed: 0.044	Loglikelihood: -60035.5	(delta): 168937
2 (QN/Block) 	Elapsed: 0.047	Loglikelihood: -48659.4	(delta): 11376.1
3 (QN/Block) 	Elapsed: 0.048	Loglikelihood: -46740.3	(delta): 1919.12
4 (QN/Block) 	Elapsed: 0.048	Loglikelihood: -45182	(delta): 1558.32
5 (QN/Block) 	Elapsed: 0.043	Loglikelihood: -44433.9	(delta): 748.005
6 (QN/Block) 	Elapsed: 0.047	Loglikelihood: -44276.4	(delta): 157.563
7 (QN/Block) 	Elapsed: 0.046	Loglikelihood: -44258.4	(delta): 17.9871
8 (QN/Block) 	Elapsed: 0.05	Loglikelihood: -44252.3	(delta): 6.13915
9 (QN/Block) 	Elapsed: 0.049	Loglikelihood: -44252	(delta): 0.309378
10 (QN/Block) 	Elapsed: 0.046	Loglikelihood: -44251.9	(delta): 0.0182494
11 (QN/Block) 	Elapsed: 0.048	Loglikelihood: -44251.9	(delta): 0.0286035
12 (QN/Block) 	Elapsed: 0.053	Loglikelihood: -44251.9	(delta): 0.018461
13 (QN/Block) 	Elapsed: 0.045	Loglikelihood: -44251.9	(delta): 0.0157932
14 (QN/Block) 	Elapsed: 0.043	Loglikelihood: -44251.9	(delta): 0.000813492
15 (QN/Block) 	Elapsed: 0.047	Loglikelihood: -44251.9	(delta): 7.29775e-05
16 (QN/Block) 	Elapsed: 0.044	Loglikelihood: -44251.9	(delta): 1.96889e-05
17 (QN/Block) 	Elapsed: 0.046	Loglikelihood: -44251.9	(delta): 2.33274e-07
18 (QN/Block) 	Elapsed: 0.044	Loglikelihood: -44251.9	(delta): 3.27491e-08
19 (QN/Block) 	Elapsed: 0.053	Loglikelihood: -44251.9	(delta): 3.88536e-09
20 (QN/Block) 	Elapsed: 0.047	Loglikelihood: -44251.9	(delta): 6.25732e-10
21 (QN/Block) 	Elapsed: 0.049	Loglikelihood: -44251.9	(delta): 1.96451e-10
22 (QN/Block) 	Elapsed: 0.054	Loglikelihood: -44251.9	(delta): 1.45519e-11
23 (QN/Block) 	Elapsed: 0.052	Loglikelihood: -44251.9	(delta): 1.45519e-11
24 (QN/Block) 	Elapsed: 0.053	Loglikelihood: -44251.9	(delta): 0
25 (QN/Block) 	Elapsed: 0.046	Loglikelihood: -44251.9	(delta): -7.27596e-12
26 (QN/Block) 	Elapsed: 0.053	Loglikelihood: -44251.9	(delta): 0
27 (QN/Block) 	Elapsed: 0.051	Loglikelihood: -44251.9	(delta): 1.45519e-11
28 (QN/Block) 	Elapsed: 0.046	Loglikelihood: -44251.9	(delta): 0
29 (QN/Block) 	Elapsed: 0.045	Loglikelihood: -44251.9	(delta): 1.45519e-11
30 (QN/Block) 	Elapsed: 0.052	Loglikelihood: -44251.9	(delta): -1.45519e-11
31 (QN/Block) 	Elapsed: 0.052	Loglikelihood: -44251.9	(delta): 7.27596e-12
32 (QN/Block) 	Elapsed: 0.048	Loglikelihood: -44251.9	(delta): 0
33 (QN/Block) 	Elapsed: 0.046	Loglikelihood: -44251.9	(delta): -7.27596e-12
34 (QN/Block) 	Elapsed: 0.049	Loglikelihood: -44251.9	(delta): 7.27596e-12
35 (QN/Block) 	Elapsed: 0.054	Loglikelihood: -44251.9	(delta): 0
36 (QN/Block) 	Elapsed: 0.048	Loglikelihood: -44251.9	(delta): 0
37 (QN/Block) 	Elapsed: 0.049	Loglikelihood: -44251.9	(delta): -7.27596e-12
38 (QN/Block) 	Elapsed: 0.06	Loglikelihood: -44251.9	(delta): 1.45519e-11
39 (QN/Block) 	Elapsed: 0.05	Loglikelihood: -44251.9	(delta): -7.27596e-12
40 (QN/Block) 	Elapsed: 0.054	Loglikelihood: -44251.9	(delta): 0
41 (QN/Block) 	Elapsed: 0.05	Loglikelihood: -44251.9	(delta): 7.27596e-12
42 (QN/Block) 	Elapsed: 0.05	Loglikelihood: -44251.9	(delta): -7.27596e-12
43 (QN/Block) 	Elapsed: 0.051	Loglikelihood: -44251.9	(delta): -7.27596e-12
44 (QN/Block) 	Elapsed: 0.058	Loglikelihood: -44251.9	(delta): 7.27596e-12
45 (QN/Block) 	Elapsed: 0.051	Loglikelihood: -44251.9	(delta): 0
46 (QN/Block) 	Elapsed: 0.05	Loglikelihood: -44251.9	(delta): 7.27596e-12
47 (QN/Block) 	Elapsed: 0.051	Loglikelihood: -44251.9	(delta): 0
48 (QN/Block) 	Elapsed: 0.05	Loglikelihood: -44251.9	(delta): 7.27596e-12
49 (QN/Block) 	Elapsed: 0.05	Loglikelihood: -44251.9	(delta): -7.27596e-12
50 (QN/Block) 	Elapsed: 0.05	Loglikelihood: -44251.9	(delta): 7.27596e-12
51 (QN/Block) 	Elapsed: 0.047	Loglikelihood: -44251.9	(delta): -7.27596e-12
52 (QN/Block) 	Elapsed: 0.049	Loglikelihood: -44251.9	(delta): 0
53 (QN/Block) 	Elapsed: 0.052	Loglikelihood: -44251.9	(delta): 0
54 (QN/Block) 	Elapsed: 0.048	Loglikelihood: -44251.9	(delta): -7.27596e-12
55 (QN/Block) 	Elapsed: 0.051	Loglikelihood: -44251.9	(delta): 7.27596e-12
56 (QN/Block) 	Elapsed: 0.047	Loglikelihood: -44251.9	(delta): 0
57 (QN/Block) 	Elapsed: 0.048	Loglikelihood: -44251.9	(delta): 1.45519e-11
58 (QN/Block) 	Elapsed: 0.056	Loglikelihood: -44251.9	(delta): -7.27596e-12
59 (QN/Block) 	Elapsed: 0.048	Loglikelihood: -44251.9	(delta): 0
60 (QN/Block) 	Elapsed: 0.052	Loglikelihood: -44251.9	(delta): -7.27596e-12
61 (QN/Block) 	Elapsed: 0.054	Loglikelihood: -44251.9	(delta): 7.27596e-12
62 (QN/Block) 	Elapsed: 0.051	Loglikelihood: -44251.9	(delta): -1.45519e-11
63 (QN/Block) 	Elapsed: 0.051	Loglikelihood: -44251.9	(delta): 1.45519e-11
64 (QN/Block) 	Elapsed: 0.048	Loglikelihood: -44251.9	(delta): -7.27596e-12
65 (QN/Block) 	Elapsed: 0.049	Loglikelihood: -44251.9	(delta): -7.27596e-12
66 (QN/Block) 	Elapsed: 0.051	Loglikelihood: -44251.9	(delta): 7.27596e-12
67 (QN/Block) 	Elapsed: 0.051	Loglikelihood: -44251.9	(delta): 7.27596e-12
68 (QN/Block) 	Elapsed: 0.051	Loglikelihood: -44251.9	(delta): -7.27596e-12
69 (QN/Block) 	Elapsed: 0.048	Loglikelihood: -44251.9	(delta): 7.27596e-12
70 (QN/Block) 	Elapsed: 0.05	Loglikelihood: -44251.9	(delta): -7.27596e-12
71 (QN/Block) 	Elapsed: 0.055	Loglikelihood: -44251.9	(delta): 0
72 (QN/Block) 	Elapsed: 0.049	Loglikelihood: -44251.9	(delta): 0
73 (QN/Block) 	Elapsed: 0.049	Loglikelihood: -44251.9	(delta): 1.45519e-11
74 (QN/Block) 	Elapsed: 0.052	Loglikelihood: -44251.9	(delta): 0
75 (QN/Block) 	Elapsed: 0.051	Loglikelihood: -44251.9	(delta): 7.27596e-12
76 (QN/Block) 	Elapsed: 0.048	Loglikelihood: -44251.9	(delta): -1.45519e-11
77 (QN/Block) 	Elapsed: 0.055	Loglikelihood: -44251.9	(delta): 7.27596e-12
78 (QN/Block) 	Elapsed: 0.051	Loglikelihood: -44251.9	(delta): 0
79 (QN/Block) 	Elapsed: 0.05	Loglikelihood: -44251.9	(delta): -7.27596e-12
80 (QN/Block) 	Elapsed: 0.05	Loglikelihood: -44251.9	(delta): 7.27596e-12
81 (QN/Block) 	Elapsed: 0.051	Loglikelihood: -44251.9	(delta): 0
82 (QN/Block) 	Elapsed: 0.059	Loglikelihood: -44251.9	(delta): -7.27596e-12
83 (QN/Block) 	Elapsed: 0.054	Loglikelihood: -44251.9	(delta): 7.27596e-12
84 (QN/Block) 	Elapsed: 0.05	Loglikelihood: -44251.9	(delta): -1.45519e-11
85 (QN/Block) 	Elapsed: 0.056	Loglikelihood: -44251.9	(delta): 0
86 (QN/Block) 	Elapsed: 0.051	Loglikelihood: -44251.9	(delta): 0
87 (QN/Block) 	Elapsed: 0.058	Loglikelihood: -44251.9	(delta): 0
88 (QN/Block) 	Elapsed: 0.056	Loglikelihood: -44251.9	(delta): 0
89 (QN/Block) 	Elapsed: 0.053	Loglikelihood: -44251.9	(delta): 0
90 (QN/Block) 	Elapsed: 0.052	Loglikelihood: -44251.9	(delta): 1.45519e-11
91 (QN/Block) 	Elapsed: 0.055	Loglikelihood: -44251.9	(delta): -2.91038e-11
92 (QN/Block) 	Elapsed: 0.054	Loglikelihood: -44251.9	(delta): 7.27596e-12
93 (QN/Block) 	Elapsed: 0.051	Loglikelihood: -44251.9	(delta): 1.45519e-11
94 (QN/Block) 	Elapsed: 0.052	Loglikelihood: -44251.9	(delta): -7.27596e-12
95 (QN/Block) 	Elapsed: 0.057	Loglikelihood: -44251.9	(delta): -7.27596e-12
96 (QN/Block) 	Elapsed: 0.049	Loglikelihood: -44251.9	(delta): 7.27596e-12
97 (QN/Block) 	Elapsed: 0.05	Loglikelihood: -44251.9	(delta): 0
98 (QN/Block) 	Elapsed: 0.048	Loglikelihood: -44251.9	(delta): 1.45519e-11
99 (QN/Block) 	Elapsed: 0.056	Loglikelihood: -44251.9	(delta): 0
100 (QN/Block) 	Elapsed: 0.052	Loglikelihood: -44251.9	(delta): 0
Summary: 
Converged in 100 iterations (5.331 sec)
Loglikelihood: -44251.868638
Fst divergences between estimated populations: 
	Pop0	Pop1	Pop2	
Pop0	
Pop1	0.823	
Pop2	0.863	0.817	
Pop3	0.873	0.856	0.423	
CV error (K=4): 0.08265
Writing output files.
