****                   ADMIXTURE Version 1.3.0                  ****
****                    Copyright 2008-2015                     ****
****           David Alexander, Suyash Shringarpure,            ****
****                John  Novembre, Ken Lange                   ****
****                                                            ****
****                 Please cite our paper!                     ****
****   Information at www.genetics.ucla.edu/software/admixture  ****

Parallel execution requested.  Will use 8 threads.
Cross-validation will be performed.  Folds=10.
Random seed: 43
Point estimation method: Block relaxation algorithm
Convergence acceleration algorithm: QuasiNewton, 3 secant conditions
Point estimation will terminate at 100 iterations
Estimation of standard errors disabled; will compute point estimates only.
Size of G: 557x751
Performing five EM steps to prime main algorithm
1 (EM) 	Elapsed: 0.036	Loglikelihood: -248212	(delta): 322641
2 (EM) 	Elapsed: 0.037	Loglikelihood: -237569	(delta): 10643.2
3 (EM) 	Elapsed: 0.037	Loglikelihood: -234478	(delta): 3090.94
4 (EM) 	Elapsed: 0.037	Loglikelihood: -230823	(delta): 3655.56
5 (EM) 	Elapsed: 0.039	Loglikelihood: -224859	(delta): 5963.31
Initial loglikelihood: -224859
Starting main algorithm
1 (QN/Block) 	Elapsed: 0.054	Loglikelihood: -68219.1	(delta): 156640
2 (QN/Block) 	Elapsed: 0.052	Loglikelihood: -49009.7	(delta): 19209.4
3 (QN/Block) 	Elapsed: 0.059	Loglikelihood: -45315.2	(delta): 3694.46
4 (QN/Block) 	Elapsed: 0.057	Loglikelihood: -41930	(delta): 3385.25
5 (QN/Block) 	Elapsed: 0.061	Loglikelihood: -39797.7	(delta): 2132.33
6 (QN/Block) 	Elapsed: 0.062	Loglikelihood: -39427.7	(delta): 369.932
7 (QN/Block) 	Elapsed: 0.062	Loglikelihood: -39346.3	(delta): 81.4574
8 (QN/Block) 	Elapsed: 0.058	Loglikelihood: -39304.4	(delta): 41.8878
9 (QN/Block) 	Elapsed: 0.057	Loglikelihood: -39292.8	(delta): 11.5718
10 (QN/Block) 	Elapsed: 0.057	Loglikelihood: -39292.2	(delta): 0.59313
11 (QN/Block) 	Elapsed: 0.063	Loglikelihood: -39292.1	(delta): 0.14391
12 (QN/Block) 	Elapsed: 0.057	Loglikelihood: -39292	(delta): 0.0460521
13 (QN/Block) 	Elapsed: 0.058	Loglikelihood: -39292	(delta): 0.0301912
14 (QN/Block) 	Elapsed: 0.062	Loglikelihood: -39291.9	(delta): 0.046948
15 (QN/Block) 	Elapsed: 0.062	Loglikelihood: -39291.9	(delta): 0.0179024
16 (QN/Block) 	Elapsed: 0.061	Loglikelihood: -39291.9	(delta): 0.00023934
17 (QN/Block) 	Elapsed: 0.055	Loglikelihood: -39291.9	(delta): 7.66822e-05
18 (QN/Block) 	Elapsed: 0.055	Loglikelihood: -39291.9	(delta): 5.57984e-06
19 (QN/Block) 	Elapsed: 0.061	Loglikelihood: -39291.9	(delta): 1.0887e-07
20 (QN/Block) 	Elapsed: 0.057	Loglikelihood: -39291.9	(delta): 1.33296e-08
21 (QN/Block) 	Elapsed: 0.058	Loglikelihood: -39291.9	(delta): 6.97764e-09
22 (QN/Block) 	Elapsed: 0.061	Loglikelihood: -39291.9	(delta): 8.73115e-10
23 (QN/Block) 	Elapsed: 0.061	Loglikelihood: -39291.9	(delta): 6.76664e-10
24 (QN/Block) 	Elapsed: 0.063	Loglikelihood: -39291.9	(delta): 1.01863e-10
25 (QN/Block) 	Elapsed: 0.065	Loglikelihood: -39291.9	(delta): 1.23691e-10
26 (QN/Block) 	Elapsed: 0.062	Loglikelihood: -39291.9	(delta): 3.63798e-11
27 (QN/Block) 	Elapsed: 0.06	Loglikelihood: -39291.9	(delta): 7.27596e-11
28 (QN/Block) 	Elapsed: 0.061	Loglikelihood: -39291.9	(delta): 4.36557e-11
29 (QN/Block) 	Elapsed: 0.061	Loglikelihood: -39291.9	(delta): 7.27596e-11
30 (QN/Block) 	Elapsed: 0.058	Loglikelihood: -39291.9	(delta): 2.91038e-11
31 (QN/Block) 	Elapsed: 0.057	Loglikelihood: -39291.9	(delta): 1.45519e-11
32 (QN/Block) 	Elapsed: 0.062	Loglikelihood: -39291.9	(delta): 9.45874e-11
33 (QN/Block) 	Elapsed: 0.06	Loglikelihood: -39291.9	(delta): 6.54836e-11
34 (QN/Block) 	Elapsed: 0.059	Loglikelihood: -39291.9	(delta): 7.27596e-12
35 (QN/Block) 	Elapsed: 0.057	Loglikelihood: -39291.9	(delta): 5.09317e-11
36 (QN/Block) 	Elapsed: 0.058	Loglikelihood: -39291.9	(delta): 0
37 (QN/Block) 	Elapsed: 0.057	Loglikelihood: -39291.9	(delta): 3.63798e-11
38 (QN/Block) 	Elapsed: 0.074	Loglikelihood: -39291.9	(delta): 2.18279e-11
39 (QN/Block) 	Elapsed: 0.06	Loglikelihood: -39291.9	(delta): 5.82077e-11
40 (QN/Block) 	Elapsed: 0.059	Loglikelihood: -39291.9	(delta): 3.63798e-11
41 (QN/Block) 	Elapsed: 0.059	Loglikelihood: -39291.9	(delta): -7.27596e-12
42 (QN/Block) 	Elapsed: 0.059	Loglikelihood: -39291.9	(delta): 8.00355e-11
43 (QN/Block) 	Elapsed: 0.056	Loglikelihood: -39291.9	(delta): 3.63798e-11
44 (QN/Block) 	Elapsed: 0.058	Loglikelihood: -39291.9	(delta): 2.91038e-11
45 (QN/Block) 	Elapsed: 0.06	Loglikelihood: -39291.9	(delta): 2.91038e-11
46 (QN/Block) 	Elapsed: 0.058	Loglikelihood: -39291.9	(delta): 1.45519e-11
47 (QN/Block) 	Elapsed: 0.06	Loglikelihood: -39291.9	(delta): 1.45519e-11
48 (QN/Block) 	Elapsed: 0.059	Loglikelihood: -39291.9	(delta): 2.18279e-11
49 (QN/Block) 	Elapsed: 0.061	Loglikelihood: -39291.9	(delta): 1.09139e-10
50 (QN/Block) 	Elapsed: 0.062	Loglikelihood: -39291.9	(delta): 2.18279e-11
51 (QN/Block) 	Elapsed: 0.059	Loglikelihood: -39291.9	(delta): 6.54836e-11
52 (QN/Block) 	Elapsed: 0.061	Loglikelihood: -39291.9	(delta): 7.27596e-12
53 (QN/Block) 	Elapsed: 0.06	Loglikelihood: -39291.9	(delta): 3.63798e-11
54 (QN/Block) 	Elapsed: 0.071	Loglikelihood: -39291.9	(delta): 4.36557e-11
55 (QN/Block) 	Elapsed: 0.068	Loglikelihood: -39291.9	(delta): -1.45519e-11
56 (QN/Block) 	Elapsed: 0.063	Loglikelihood: -39291.9	(delta): -7.27596e-12
57 (QN/Block) 	Elapsed: 0.064	Loglikelihood: -39291.9	(delta): 5.09317e-11
58 (QN/Block) 	Elapsed: 0.06	Loglikelihood: -39291.9	(delta): 1.45519e-11
59 (QN/Block) 	Elapsed: 0.063	Loglikelihood: -39291.9	(delta): 2.91038e-11
60 (QN/Block) 	Elapsed: 0.065	Loglikelihood: -39291.9	(delta): 1.45519e-11
61 (QN/Block) 	Elapsed: 0.06	Loglikelihood: -39291.9	(delta): -2.18279e-11
62 (QN/Block) 	Elapsed: 0.062	Loglikelihood: -39291.9	(delta): 7.27596e-11
63 (QN/Block) 	Elapsed: 0.063	Loglikelihood: -39291.9	(delta): 2.91038e-11
64 (QN/Block) 	Elapsed: 0.07	Loglikelihood: -39291.9	(delta): 5.09317e-11
65 (QN/Block) 	Elapsed: 0.061	Loglikelihood: -39291.9	(delta): 7.27596e-12
66 (QN/Block) 	Elapsed: 0.064	Loglikelihood: -39291.9	(delta): 5.82077e-11
67 (QN/Block) 	Elapsed: 0.063	Loglikelihood: -39291.9	(delta): 7.27596e-12
68 (QN/Block) 	Elapsed: 0.061	Loglikelihood: -39291.9	(delta): 5.82077e-11
69 (QN/Block) 	Elapsed: 0.062	Loglikelihood: -39291.9	(delta): 1.45519e-11
70 (QN/Block) 	Elapsed: 0.067	Loglikelihood: -39291.9	(delta): -7.27596e-12
71 (QN/Block) 	Elapsed: 0.06	Loglikelihood: -39291.9	(delta): 2.18279e-11
72 (QN/Block) 	Elapsed: 0.063	Loglikelihood: -39291.9	(delta): 0
73 (QN/Block) 	Elapsed: 0.061	Loglikelihood: -39291.9	(delta): 5.09317e-11
74 (QN/Block) 	Elapsed: 0.06	Loglikelihood: -39291.9	(delta): 7.27596e-12
75 (QN/Block) 	Elapsed: 0.061	Loglikelihood: -39291.9	(delta): 0
76 (QN/Block) 	Elapsed: 0.06	Loglikelihood: -39291.9	(delta): 2.18279e-11
77 (QN/Block) 	Elapsed: 0.062	Loglikelihood: -39291.9	(delta): -2.18279e-11
78 (QN/Block) 	Elapsed: 0.06	Loglikelihood: -39291.9	(delta): 2.18279e-11
79 (QN/Block) 	Elapsed: 0.063	Loglikelihood: -39291.9	(delta): -2.18279e-11
80 (QN/Block) 	Elapsed: 0.06	Loglikelihood: -39291.9	(delta): 2.91038e-11
81 (QN/Block) 	Elapsed: 0.069	Loglikelihood: -39291.9	(delta): 0
82 (QN/Block) 	Elapsed: 0.062	Loglikelihood: -39291.9	(delta): 6.54836e-11
83 (QN/Block) 	Elapsed: 0.06	Loglikelihood: -39291.9	(delta): -2.18279e-11
84 (QN/Block) 	Elapsed: 0.063	Loglikelihood: -39291.9	(delta): -7.27596e-12
85 (QN/Block) 	Elapsed: 0.074	Loglikelihood: -39291.9	(delta): 2.18279e-11
86 (QN/Block) 	Elapsed: 0.063	Loglikelihood: -39291.9	(delta): 5.82077e-11
87 (QN/Block) 	Elapsed: 0.061	Loglikelihood: -39291.9	(delta): 0
88 (QN/Block) 	Elapsed: 0.064	Loglikelihood: -39291.9	(delta): 6.54836e-11
89 (QN/Block) 	Elapsed: 0.061	Loglikelihood: -39291.9	(delta): 4.36557e-11
90 (QN/Block) 	Elapsed: 0.062	Loglikelihood: -39291.9	(delta): -2.18279e-11
91 (QN/Block) 	Elapsed: 0.061	Loglikelihood: -39291.9	(delta): 3.63798e-11
92 (QN/Block) 	Elapsed: 0.062	Loglikelihood: -39291.9	(delta): 5.09317e-11
93 (QN/Block) 	Elapsed: 0.06	Loglikelihood: -39291.9	(delta): -3.63798e-11
94 (QN/Block) 	Elapsed: 0.06	Loglikelihood: -39291.9	(delta): 7.27596e-12
95 (QN/Block) 	Elapsed: 0.064	Loglikelihood: -39291.9	(delta): 3.63798e-11
96 (QN/Block) 	Elapsed: 0.062	Loglikelihood: -39291.9	(delta): 2.18279e-11
97 (QN/Block) 	Elapsed: 0.06	Loglikelihood: -39291.9	(delta): 0
98 (QN/Block) 	Elapsed: 0.066	Loglikelihood: -39291.9	(delta): 1.45519e-11
99 (QN/Block) 	Elapsed: 0.066	Loglikelihood: -39291.9	(delta): 0
100 (QN/Block) 	Elapsed: 0.063	Loglikelihood: -39291.9	(delta): 2.91038e-11
Summary: 
Converged in 100 iterations (6.488 sec)
Loglikelihood: -39291.926990
Fst divergences between estimated populations: 
	Pop0	Pop1	Pop2	Pop3	Pop4	
Pop0	
Pop1	0.884	
Pop2	0.875	0.437	
Pop3	0.390	0.860	0.851	
Pop4	0.876	0.890	0.884	0.862	
Pop5	0.844	0.876	0.872	0.821	0.419	
CV error (K=6): 0.07225
Writing output files.
