****                   ADMIXTURE Version 1.3.0                  ****
****                    Copyright 2008-2015                     ****
****           David Alexander, Suyash Shringarpure,            ****
****                John  Novembre, Ken Lange                   ****
****                                                            ****
****                 Please cite our paper!                     ****
****   Information at www.genetics.ucla.edu/software/admixture  ****

Parallel execution requested.  Will use 8 threads.
Cross-validation will be performed.  Folds=10.
Random seed: 43
Point estimation method: Block relaxation algorithm
Convergence acceleration algorithm: QuasiNewton, 3 secant conditions
Point estimation will terminate at 100 iterations
Estimation of standard errors disabled; will compute point estimates only.
Size of G: 557x751
Performing five EM steps to prime main algorithm
1 (EM) 	Elapsed: 0.042	Loglikelihood: -249074	(delta): 314518
2 (EM) 	Elapsed: 0.044	Loglikelihood: -236639	(delta): 12435.6
3 (EM) 	Elapsed: 0.043	Loglikelihood: -231308	(delta): 5330.34
4 (EM) 	Elapsed: 0.044	Loglikelihood: -222526	(delta): 8782.28
5 (EM) 	Elapsed: 0.048	Loglikelihood: -207043	(delta): 15482.5
Initial loglikelihood: -207043
Starting main algorithm
1 (QN/Block) 	Elapsed: 0.078	Loglikelihood: -51964.9	(delta): 155079
2 (QN/Block) 	Elapsed: 0.077	Loglikelihood: -45312.7	(delta): 6652.16
3 (QN/Block) 	Elapsed: 0.066	Loglikelihood: -43240.7	(delta): 2072
4 (QN/Block) 	Elapsed: 0.067	Loglikelihood: -41822.1	(delta): 1418.61
5 (QN/Block) 	Elapsed: 0.062	Loglikelihood: -40869.7	(delta): 952.435
6 (QN/Block) 	Elapsed: 0.068	Loglikelihood: -40334.5	(delta): 535.132
7 (QN/Block) 	Elapsed: 0.065	Loglikelihood: -39660.5	(delta): 674.058
8 (QN/Block) 	Elapsed: 0.062	Loglikelihood: -39099.5	(delta): 560.975
9 (QN/Block) 	Elapsed: 0.067	Loglikelihood: -38947.1	(delta): 152.416
10 (QN/Block) 	Elapsed: 0.064	Loglikelihood: -38799.7	(delta): 147.367
11 (QN/Block) 	Elapsed: 0.063	Loglikelihood: -38726.9	(delta): 72.8073
12 (QN/Block) 	Elapsed: 0.066	Loglikelihood: -38662.3	(delta): 64.5753
13 (QN/Block) 	Elapsed: 0.074	Loglikelihood: -38603.3	(delta): 59.0812
14 (QN/Block) 	Elapsed: 0.065	Loglikelihood: -38573.4	(delta): 29.8468
15 (QN/Block) 	Elapsed: 0.063	Loglikelihood: -38620.7	(delta): -47.2804
16 (QN/Block) 	Elapsed: 0.072	Loglikelihood: -38552.4	(delta): 68.2864
17 (QN/Block) 	Elapsed: 0.068	Loglikelihood: -38523.6	(delta): 28.7585
18 (QN/Block) 	Elapsed: 0.063	Loglikelihood: -38503.1	(delta): 20.5375
19 (QN/Block) 	Elapsed: 0.068	Loglikelihood: -38494.2	(delta): 8.90322
20 (QN/Block) 	Elapsed: 0.065	Loglikelihood: -38492.9	(delta): 1.33982
21 (QN/Block) 	Elapsed: 0.067	Loglikelihood: -38492.8	(delta): 0.0788294
22 (QN/Block) 	Elapsed: 0.067	Loglikelihood: -38492.7	(delta): 0.0498619
23 (QN/Block) 	Elapsed: 0.075	Loglikelihood: -38492.7	(delta): 0.0152101
24 (QN/Block) 	Elapsed: 0.067	Loglikelihood: -38492.7	(delta): 0.00522395
25 (QN/Block) 	Elapsed: 0.064	Loglikelihood: -38492.7	(delta): 0.00155236
26 (QN/Block) 	Elapsed: 0.064	Loglikelihood: -38492.7	(delta): 0.000136418
27 (QN/Block) 	Elapsed: 0.068	Loglikelihood: -38492.7	(delta): 2.42859e-05
28 (QN/Block) 	Elapsed: 0.063	Loglikelihood: -38492.7	(delta): 3.69168e-07
29 (QN/Block) 	Elapsed: 0.064	Loglikelihood: -38492.7	(delta): 5.43514e-09
30 (QN/Block) 	Elapsed: 0.069	Loglikelihood: -38492.7	(delta): 1.57888e-09
31 (QN/Block) 	Elapsed: 0.073	Loglikelihood: -38492.7	(delta): 2.76486e-10
32 (QN/Block) 	Elapsed: 0.067	Loglikelihood: -38492.7	(delta): 1.30967e-10
33 (QN/Block) 	Elapsed: 0.064	Loglikelihood: -38492.7	(delta): 1.67347e-10
34 (QN/Block) 	Elapsed: 0.071	Loglikelihood: -38492.7	(delta): -1.23691e-10
35 (QN/Block) 	Elapsed: 0.071	Loglikelihood: -38492.7	(delta): 1.01863e-10
36 (QN/Block) 	Elapsed: 0.068	Loglikelihood: -38492.7	(delta): 7.27596e-11
37 (QN/Block) 	Elapsed: 0.068	Loglikelihood: -38492.7	(delta): -2.91038e-10
38 (QN/Block) 	Elapsed: 0.071	Loglikelihood: -38492.7	(delta): 1.38243e-10
39 (QN/Block) 	Elapsed: 0.071	Loglikelihood: -38492.7	(delta): -1.67347e-10
40 (QN/Block) 	Elapsed: 0.074	Loglikelihood: -38492.7	(delta): -6.54836e-11
41 (QN/Block) 	Elapsed: 0.069	Loglikelihood: -38492.7	(delta): 4.87489e-10
42 (QN/Block) 	Elapsed: 0.074	Loglikelihood: -38492.7	(delta): 1.45519e-10
43 (QN/Block) 	Elapsed: 0.095	Loglikelihood: -38492.7	(delta): 8.00355e-11
44 (QN/Block) 	Elapsed: 0.089	Loglikelihood: -38492.7	(delta): 1.16415e-10
45 (QN/Block) 	Elapsed: 0.075	Loglikelihood: -38492.7	(delta): -1.45519e-11
46 (QN/Block) 	Elapsed: 0.074	Loglikelihood: -38492.7	(delta): 1.23691e-10
47 (QN/Block) 	Elapsed: 0.098	Loglikelihood: -38492.7	(delta): 2.47383e-10
48 (QN/Block) 	Elapsed: 0.084	Loglikelihood: -38492.7	(delta): -1.60071e-10
49 (QN/Block) 	Elapsed: 0.073	Loglikelihood: -38492.7	(delta): 2.18279e-10
50 (QN/Block) 	Elapsed: 0.072	Loglikelihood: -38492.7	(delta): -1.38243e-10
51 (QN/Block) 	Elapsed: 0.078	Loglikelihood: -38492.7	(delta): -1.45519e-11
52 (QN/Block) 	Elapsed: 0.077	Loglikelihood: -38492.7	(delta): 2.18279e-11
53 (QN/Block) 	Elapsed: 0.076	Loglikelihood: -38492.7	(delta): -7.27596e-12
54 (QN/Block) 	Elapsed: 0.07	Loglikelihood: -38492.7	(delta): -1.38243e-10
55 (QN/Block) 	Elapsed: 0.074	Loglikelihood: -38492.7	(delta): 8.00355e-11
56 (QN/Block) 	Elapsed: 0.083	Loglikelihood: -38492.7	(delta): 2.18279e-11
57 (QN/Block) 	Elapsed: 0.098	Loglikelihood: -38492.7	(delta): -1.89175e-10
58 (QN/Block) 	Elapsed: 0.092	Loglikelihood: -38492.7	(delta): 1.38243e-10
59 (QN/Block) 	Elapsed: 0.094	Loglikelihood: -38492.7	(delta): -1.01863e-10
60 (QN/Block) 	Elapsed: 0.093	Loglikelihood: -38492.7	(delta): 1.45519e-10
61 (QN/Block) 	Elapsed: 0.074	Loglikelihood: -38492.7	(delta): -9.45874e-11
62 (QN/Block) 	Elapsed: 0.076	Loglikelihood: -38492.7	(delta): 2.18279e-11
63 (QN/Block) 	Elapsed: 0.082	Loglikelihood: -38492.7	(delta): -2.40107e-10
64 (QN/Block) 	Elapsed: 0.075	Loglikelihood: -38492.7	(delta): -2.18279e-11
65 (QN/Block) 	Elapsed: 0.072	Loglikelihood: -38492.7	(delta): 1.81899e-10
66 (QN/Block) 	Elapsed: 0.075	Loglikelihood: -38492.7	(delta): -5.82077e-11
67 (QN/Block) 	Elapsed: 0.081	Loglikelihood: -38492.7	(delta): -2.18279e-11
68 (QN/Block) 	Elapsed: 0.079	Loglikelihood: -38492.7	(delta): -1.09139e-10
69 (QN/Block) 	Elapsed: 0.076	Loglikelihood: -38492.7	(delta): -6.54836e-11
70 (QN/Block) 	Elapsed: 0.08	Loglikelihood: -38492.7	(delta): -3.63798e-11
71 (QN/Block) 	Elapsed: 0.077	Loglikelihood: -38492.7	(delta): 6.54836e-11
72 (QN/Block) 	Elapsed: 0.069	Loglikelihood: -38492.7	(delta): -2.18279e-11
73 (QN/Block) 	Elapsed: 0.073	Loglikelihood: -38492.7	(delta): 1.01863e-10
74 (QN/Block) 	Elapsed: 0.074	Loglikelihood: -38492.7	(delta): 8.00355e-11
75 (QN/Block) 	Elapsed: 0.084	Loglikelihood: -38492.7	(delta): -1.89175e-10
76 (QN/Block) 	Elapsed: 0.072	Loglikelihood: -38492.7	(delta): -2.18279e-11
77 (QN/Block) 	Elapsed: 0.071	Loglikelihood: -38492.7	(delta): 1.38243e-10
78 (QN/Block) 	Elapsed: 0.071	Loglikelihood: -38492.7	(delta): -2.40107e-10
79 (QN/Block) 	Elapsed: 0.074	Loglikelihood: -38492.7	(delta): 2.91038e-10
80 (QN/Block) 	Elapsed: 0.07	Loglikelihood: -38492.7	(delta): -9.45874e-11
81 (QN/Block) 	Elapsed: 0.084	Loglikelihood: -38492.7	(delta): -1.23691e-10
82 (QN/Block) 	Elapsed: 0.077	Loglikelihood: -38492.7	(delta): -2.61934e-10
83 (QN/Block) 	Elapsed: 0.083	Loglikelihood: -38492.7	(delta): 1.45519e-11
84 (QN/Block) 	Elapsed: 0.069	Loglikelihood: -38492.7	(delta): 1.30967e-10
85 (QN/Block) 	Elapsed: 0.071	Loglikelihood: -38492.7	(delta): -1.45519e-10
86 (QN/Block) 	Elapsed: 0.08	Loglikelihood: -38492.7	(delta): 1.01863e-10
87 (QN/Block) 	Elapsed: 0.08	Loglikelihood: -38492.7	(delta): 1.45519e-10
88 (QN/Block) 	Elapsed: 0.073	Loglikelihood: -38492.7	(delta): -3.27418e-10
89 (QN/Block) 	Elapsed: 0.073	Loglikelihood: -38492.7	(delta): 2.18279e-10
90 (QN/Block) 	Elapsed: 0.108	Loglikelihood: -38492.7	(delta): -5.82077e-11
91 (QN/Block) 	Elapsed: 0.09	Loglikelihood: -38492.7	(delta): 2.98314e-10
92 (QN/Block) 	Elapsed: 0.076	Loglikelihood: -38492.7	(delta): -1.01863e-10
93 (QN/Block) 	Elapsed: 0.072	Loglikelihood: -38492.7	(delta): 5.82077e-11
94 (QN/Block) 	Elapsed: 0.084	Loglikelihood: -38492.7	(delta): 1.01863e-10
95 (QN/Block) 	Elapsed: 0.077	Loglikelihood: -38492.7	(delta): 7.27596e-11
96 (QN/Block) 	Elapsed: 0.078	Loglikelihood: -38492.7	(delta): 1.30967e-10
97 (QN/Block) 	Elapsed: 0.084	Loglikelihood: -38492.7	(delta): -1.89175e-10
98 (QN/Block) 	Elapsed: 0.085	Loglikelihood: -38492.7	(delta): -4.36557e-11
99 (QN/Block) 	Elapsed: 0.083	Loglikelihood: -38492.7	(delta): -2.18279e-10
100 (QN/Block) 	Elapsed: 0.085	Loglikelihood: -38492.7	(delta): 2.18279e-11
Summary: 
Converged in 100 iterations (7.899 sec)
Loglikelihood: -38492.707530
Fst divergences between estimated populations: 
	Pop0	Pop1	Pop2	Pop3	Pop4	Pop5	
Pop0	
Pop1	0.405	
Pop2	0.397	0.088	
Pop3	0.876	0.866	0.863	
Pop4	0.843	0.824	0.822	0.418	
Pop5	0.875	0.858	0.853	0.884	0.871	
Pop6	0.884	0.867	0.862	0.890	0.876	0.437	
CV error (K=7): 0.07182
Writing output files.
