****                   ADMIXTURE Version 1.3.0                  ****
****                    Copyright 2008-2015                     ****
****           David Alexander, Suyash Shringarpure,            ****
****                John  Novembre, Ken Lange                   ****
****                                                            ****
****                 Please cite our paper!                     ****
****   Information at www.genetics.ucla.edu/software/admixture  ****

Parallel execution requested.  Will use 8 threads.
Cross-validation will be performed.  Folds=10.
Random seed: 43
Point estimation method: Block relaxation algorithm
Convergence acceleration algorithm: QuasiNewton, 3 secant conditions
Point estimation will terminate at 100 iterations
Estimation of standard errors disabled; will compute point estimates only.
Size of G: 92x945
Performing five EM steps to prime main algorithm
1 (EM) 	Elapsed: 0.011	Loglikelihood: -43558.2	(delta): 78740.5
2 (EM) 	Elapsed: 0.012	Loglikelihood: -40710.7	(delta): 2847.5
3 (EM) 	Elapsed: 0.011	Loglikelihood: -40120.8	(delta): 589.834
4 (EM) 	Elapsed: 0.011	Loglikelihood: -39748.2	(delta): 372.632
5 (EM) 	Elapsed: 0.01	Loglikelihood: -39455.6	(delta): 292.546
Initial loglikelihood: -39455.6
Starting main algorithm
1 (QN/Block) 	Elapsed: 0.019	Loglikelihood: -35103.6	(delta): 4352.08
2 (QN/Block) 	Elapsed: 0.015	Loglikelihood: -34013.2	(delta): 1090.39
3 (QN/Block) 	Elapsed: 0.019	Loglikelihood: -33549.9	(delta): 463.309
4 (QN/Block) 	Elapsed: 0.018	Loglikelihood: -33295.8	(delta): 254.1
5 (QN/Block) 	Elapsed: 0.017	Loglikelihood: -33176.4	(delta): 119.366
6 (QN/Block) 	Elapsed: 0.02	Loglikelihood: -33134.2	(delta): 42.1952
7 (QN/Block) 	Elapsed: 0.017	Loglikelihood: -33110.7	(delta): 23.4752
8 (QN/Block) 	Elapsed: 0.017	Loglikelihood: -33087.3	(delta): 23.4646
9 (QN/Block) 	Elapsed: 0.019	Loglikelihood: -33073.8	(delta): 13.4264
10 (QN/Block) 	Elapsed: 0.017	Loglikelihood: -33067.8	(delta): 6.0399
11 (QN/Block) 	Elapsed: 0.018	Loglikelihood: -33064.2	(delta): 3.61634
12 (QN/Block) 	Elapsed: 0.02	Loglikelihood: -33061.7	(delta): 2.50292
13 (QN/Block) 	Elapsed: 0.019	Loglikelihood: -33059.8	(delta): 1.83804
14 (QN/Block) 	Elapsed: 0.017	Loglikelihood: -33054.5	(delta): 5.31197
15 (QN/Block) 	Elapsed: 0.018	Loglikelihood: -33049.6	(delta): 4.96845
16 (QN/Block) 	Elapsed: 0.018	Loglikelihood: -33040.6	(delta): 8.9116
17 (QN/Block) 	Elapsed: 0.016	Loglikelihood: -33037.4	(delta): 3.27215
18 (QN/Block) 	Elapsed: 0.02	Loglikelihood: -33035.4	(delta): 1.98433
19 (QN/Block) 	Elapsed: 0.018	Loglikelihood: -33033.4	(delta): 2.0361
20 (QN/Block) 	Elapsed: 0.022	Loglikelihood: -33030.2	(delta): 3.11007
21 (QN/Block) 	Elapsed: 0.025	Loglikelihood: -33028.5	(delta): 1.7042
22 (QN/Block) 	Elapsed: 0.02	Loglikelihood: -33026.1	(delta): 2.41312
23 (QN/Block) 	Elapsed: 0.018	Loglikelihood: -33023	(delta): 3.12821
24 (QN/Block) 	Elapsed: 0.019	Loglikelihood: -33019.7	(delta): 3.33761
25 (QN/Block) 	Elapsed: 0.018	Loglikelihood: -33015.5	(delta): 4.20816
26 (QN/Block) 	Elapsed: 0.017	Loglikelihood: -33013.7	(delta): 1.73843
27 (QN/Block) 	Elapsed: 0.019	Loglikelihood: -33011.2	(delta): 2.48708
28 (QN/Block) 	Elapsed: 0.017	Loglikelihood: -33007.7	(delta): 3.52873
29 (QN/Block) 	Elapsed: 0.02	Loglikelihood: -33004	(delta): 3.70964
30 (QN/Block) 	Elapsed: 0.016	Loglikelihood: -33001	(delta): 2.94966
31 (QN/Block) 	Elapsed: 0.019	Loglikelihood: -33000	(delta): 1.02861
32 (QN/Block) 	Elapsed: 0.019	Loglikelihood: -32999.8	(delta): 0.236053
33 (QN/Block) 	Elapsed: 0.017	Loglikelihood: -32999.3	(delta): 0.428356
34 (QN/Block) 	Elapsed: 0.019	Loglikelihood: -32998.6	(delta): 0.779941
35 (QN/Block) 	Elapsed: 0.02	Loglikelihood: -32997.9	(delta): 0.663367
36 (QN/Block) 	Elapsed: 0.019	Loglikelihood: -32997.4	(delta): 0.536401
37 (QN/Block) 	Elapsed: 0.02	Loglikelihood: -32996.7	(delta): 0.713158
38 (QN/Block) 	Elapsed: 0.02	Loglikelihood: -32995.9	(delta): 0.720732
39 (QN/Block) 	Elapsed: 0.018	Loglikelihood: -32995.8	(delta): 0.106397
40 (QN/Block) 	Elapsed: 0.019	Loglikelihood: -32995.7	(delta): 0.131427
41 (QN/Block) 	Elapsed: 0.019	Loglikelihood: -32995.7	(delta): 0.0382863
42 (QN/Block) 	Elapsed: 0.018	Loglikelihood: -32995.6	(delta): 0.0160176
43 (QN/Block) 	Elapsed: 0.016	Loglikelihood: -32995.6	(delta): 0.0136302
44 (QN/Block) 	Elapsed: 0.018	Loglikelihood: -32995.6	(delta): 0.00711164
45 (QN/Block) 	Elapsed: 0.017	Loglikelihood: -32995.6	(delta): 0.0233634
46 (QN/Block) 	Elapsed: 0.018	Loglikelihood: -32995.4	(delta): 0.219057
47 (QN/Block) 	Elapsed: 0.019	Loglikelihood: -32995.2	(delta): 0.163469
48 (QN/Block) 	Elapsed: 0.02	Loglikelihood: -32995.2	(delta): 0.0286811
49 (QN/Block) 	Elapsed: 0.019	Loglikelihood: -32995.1	(delta): 0.0551035
50 (QN/Block) 	Elapsed: 0.02	Loglikelihood: -32995	(delta): 0.0836181
51 (QN/Block) 	Elapsed: 0.018	Loglikelihood: -32994.7	(delta): 0.321205
52 (QN/Block) 	Elapsed: 0.019	Loglikelihood: -32994.4	(delta): 0.351789
53 (QN/Block) 	Elapsed: 0.018	Loglikelihood: -32994.3	(delta): 0.0519446
54 (QN/Block) 	Elapsed: 0.017	Loglikelihood: -32994.3	(delta): 0.0146724
55 (QN/Block) 	Elapsed: 0.018	Loglikelihood: -32994.3	(delta): 0.00478376
56 (QN/Block) 	Elapsed: 0.017	Loglikelihood: -32994.3	(delta): 0.00231804
57 (QN/Block) 	Elapsed: 0.017	Loglikelihood: -32994.3	(delta): 0.000922133
58 (QN/Block) 	Elapsed: 0.019	Loglikelihood: -32994.3	(delta): 3.2035e-05
59 (QN/Block) 	Elapsed: 0.017	Loglikelihood: -32994.3	(delta): 1.5735e-05
60 (QN/Block) 	Elapsed: 0.024	Loglikelihood: -32994.3	(delta): 1.17064e-06
61 (QN/Block) 	Elapsed: 0.016	Loglikelihood: -32994.3	(delta): 9.91786e-08
62 (QN/Block) 	Elapsed: 0.018	Loglikelihood: -32994.3	(delta): 7.45131e-08
63 (QN/Block) 	Elapsed: 0.018	Loglikelihood: -32994.3	(delta): 1.24564e-08
64 (QN/Block) 	Elapsed: 0.017	Loglikelihood: -32994.3	(delta): 1.4843e-09
65 (QN/Block) 	Elapsed: 0.018	Loglikelihood: -32994.3	(delta): 1.23691e-10
66 (QN/Block) 	Elapsed: 0.018	Loglikelihood: -32994.3	(delta): 3.63798e-11
67 (QN/Block) 	Elapsed: 0.018	Loglikelihood: -32994.3	(delta): 7.27596e-12
68 (QN/Block) 	Elapsed: 0.019	Loglikelihood: -32994.3	(delta): 7.27596e-12
69 (QN/Block) 	Elapsed: 0.02	Loglikelihood: -32994.3	(delta): -7.27596e-12
70 (QN/Block) 	Elapsed: 0.018	Loglikelihood: -32994.3	(delta): 1.45519e-11
71 (QN/Block) 	Elapsed: 0.017	Loglikelihood: -32994.3	(delta): -1.45519e-11
72 (QN/Block) 	Elapsed: 0.024	Loglikelihood: -32994.3	(delta): -7.27596e-12
73 (QN/Block) 	Elapsed: 0.024	Loglikelihood: -32994.3	(delta): 7.27596e-12
74 (QN/Block) 	Elapsed: 0.019	Loglikelihood: -32994.3	(delta): 0
75 (QN/Block) 	Elapsed: 0.018	Loglikelihood: -32994.3	(delta): 0
76 (QN/Block) 	Elapsed: 0.018	Loglikelihood: -32994.3	(delta): 0
77 (QN/Block) 	Elapsed: 0.018	Loglikelihood: -32994.3	(delta): 0
78 (QN/Block) 	Elapsed: 0.019	Loglikelihood: -32994.3	(delta): 0
79 (QN/Block) 	Elapsed: 0.019	Loglikelihood: -32994.3	(delta): 7.27596e-12
80 (QN/Block) 	Elapsed: 0.017	Loglikelihood: -32994.3	(delta): -7.27596e-12
81 (QN/Block) 	Elapsed: 0.019	Loglikelihood: -32994.3	(delta): 0
82 (QN/Block) 	Elapsed: 0.017	Loglikelihood: -32994.3	(delta): 7.27596e-12
83 (QN/Block) 	Elapsed: 0.018	Loglikelihood: -32994.3	(delta): 0
84 (QN/Block) 	Elapsed: 0.018	Loglikelihood: -32994.3	(delta): -7.27596e-12
85 (QN/Block) 	Elapsed: 0.018	Loglikelihood: -32994.3	(delta): 7.27596e-12
86 (QN/Block) 	Elapsed: 0.019	Loglikelihood: -32994.3	(delta): -7.27596e-12
87 (QN/Block) 	Elapsed: 0.017	Loglikelihood: -32994.3	(delta): 0
88 (QN/Block) 	Elapsed: 0.018	Loglikelihood: -32994.3	(delta): 0
89 (QN/Block) 	Elapsed: 0.018	Loglikelihood: -32994.3	(delta): 0
90 (QN/Block) 	Elapsed: 0.018	Loglikelihood: -32994.3	(delta): 0
91 (QN/Block) 	Elapsed: 0.019	Loglikelihood: -32994.3	(delta): 7.27596e-12
92 (QN/Block) 	Elapsed: 0.018	Loglikelihood: -32994.3	(delta): -7.27596e-12
93 (QN/Block) 	Elapsed: 0.018	Loglikelihood: -32994.3	(delta): 0
94 (QN/Block) 	Elapsed: 0.018	Loglikelihood: -32994.3	(delta): 0
95 (QN/Block) 	Elapsed: 0.016	Loglikelihood: -32994.3	(delta): 0
96 (QN/Block) 	Elapsed: 0.019	Loglikelihood: -32994.3	(delta): 0
97 (QN/Block) 	Elapsed: 0.017	Loglikelihood: -32994.3	(delta): 0
98 (QN/Block) 	Elapsed: 0.018	Loglikelihood: -32994.3	(delta): 0
99 (QN/Block) 	Elapsed: 0.019	Loglikelihood: -32994.3	(delta): 7.27596e-12
100 (QN/Block) 	Elapsed: 0.017	Loglikelihood: -32994.3	(delta): -7.27596e-12
Summary: 
Converged in 100 iterations (1.998 sec)
Loglikelihood: -32994.300427
Fst divergences between estimated populations: 
	Pop0	Pop1	Pop2	Pop3	Pop4	Pop5	Pop6	
Pop0	
Pop1	0.132	
Pop2	0.079	0.126	
Pop3	0.074	0.124	0.061	
Pop4	0.217	0.245	0.199	0.213	
Pop5	0.092	0.138	0.078	0.083	0.217	
Pop6	0.217	0.241	0.203	0.213	0.072	0.219	
Pop7	0.241	0.265	0.232	0.242	0.111	0.248	0.106	
CV error (K=8): 0.40776
Writing output files.
