****                   ADMIXTURE Version 1.3.0                  ****
****                    Copyright 2008-2015                     ****
****           David Alexander, Suyash Shringarpure,            ****
****                John  Novembre, Ken Lange                   ****
****                                                            ****
****                 Please cite our paper!                     ****
****   Information at www.genetics.ucla.edu/software/admixture  ****

Parallel execution requested.  Will use 8 threads.
Cross-validation will be performed.  Folds=10.
Random seed: 43
Point estimation method: Block relaxation algorithm
Convergence acceleration algorithm: QuasiNewton, 3 secant conditions
Point estimation will terminate at 100 iterations
Estimation of standard errors disabled; will compute point estimates only.
Size of G: 92x945
Performing five EM steps to prime main algorithm
1 (EM) 	Elapsed: 0.003	Loglikelihood: -43259.9	(delta): 89320.4
2 (EM) 	Elapsed: 0.003	Loglikelihood: -40909.4	(delta): 2350.55
3 (EM) 	Elapsed: 0.004	Loglikelihood: -40404.4	(delta): 504.966
4 (EM) 	Elapsed: 0.003	Loglikelihood: -40126.4	(delta): 277.973
5 (EM) 	Elapsed: 0.004	Loglikelihood: -39950.3	(delta): 176.1
Initial loglikelihood: -39950.3
Starting main algorithm
1 (QN/Block) 	Elapsed: 0.008	Loglikelihood: -36851.6	(delta): 3098.7
2 (QN/Block) 	Elapsed: 0.008	Loglikelihood: -35973.9	(delta): 877.771
3 (QN/Block) 	Elapsed: 0.009	Loglikelihood: -35584.9	(delta): 388.973
4 (QN/Block) 	Elapsed: 0.009	Loglikelihood: -35390.1	(delta): 194.773
5 (QN/Block) 	Elapsed: 0.01	Loglikelihood: -35327.1	(delta): 63.0205
6 (QN/Block) 	Elapsed: 0.011	Loglikelihood: -35313	(delta): 14.1288
7 (QN/Block) 	Elapsed: 0.01	Loglikelihood: -35307.5	(delta): 5.4447
8 (QN/Block) 	Elapsed: 0.011	Loglikelihood: -35302.6	(delta): 4.89425
9 (QN/Block) 	Elapsed: 0.01	Loglikelihood: -35298.7	(delta): 3.88041
10 (QN/Block) 	Elapsed: 0.011	Loglikelihood: -35294.7	(delta): 4.07452
11 (QN/Block) 	Elapsed: 0.011	Loglikelihood: -35291.5	(delta): 3.20159
12 (QN/Block) 	Elapsed: 0.012	Loglikelihood: -35285.8	(delta): 5.65222
13 (QN/Block) 	Elapsed: 0.01	Loglikelihood: -35282.4	(delta): 3.41937
14 (QN/Block) 	Elapsed: 0.009	Loglikelihood: -35279.3	(delta): 3.07777
15 (QN/Block) 	Elapsed: 0.009	Loglikelihood: -35278.6	(delta): 0.676912
16 (QN/Block) 	Elapsed: 0.01	Loglikelihood: -35278.2	(delta): 0.429528
17 (QN/Block) 	Elapsed: 0.011	Loglikelihood: -35277.9	(delta): 0.312186
18 (QN/Block) 	Elapsed: 0.01	Loglikelihood: -35277.6	(delta): 0.33624
19 (QN/Block) 	Elapsed: 0.01	Loglikelihood: -35277.4	(delta): 0.159992
20 (QN/Block) 	Elapsed: 0.011	Loglikelihood: -35277.3	(delta): 0.104901
21 (QN/Block) 	Elapsed: 0.011	Loglikelihood: -35277.2	(delta): 0.0910634
22 (QN/Block) 	Elapsed: 0.01	Loglikelihood: -35277.1	(delta): 0.0940532
23 (QN/Block) 	Elapsed: 0.009	Loglikelihood: -35277.1	(delta): 0.043244
24 (QN/Block) 	Elapsed: 0.01	Loglikelihood: -35277.1	(delta): 0.0111124
25 (QN/Block) 	Elapsed: 0.011	Loglikelihood: -35277	(delta): 0.0153758
26 (QN/Block) 	Elapsed: 0.011	Loglikelihood: -35277	(delta): 0.0293242
27 (QN/Block) 	Elapsed: 0.011	Loglikelihood: -35277	(delta): 0.0524504
28 (QN/Block) 	Elapsed: 0.011	Loglikelihood: -35276.9	(delta): 0.0852486
29 (QN/Block) 	Elapsed: 0.011	Loglikelihood: -35276.8	(delta): 0.125091
30 (QN/Block) 	Elapsed: 0.012	Loglikelihood: -35276.7	(delta): 0.0610485
31 (QN/Block) 	Elapsed: 0.011	Loglikelihood: -35276.7	(delta): 0.045538
32 (QN/Block) 	Elapsed: 0.012	Loglikelihood: -35276.5	(delta): 0.150265
33 (QN/Block) 	Elapsed: 0.012	Loglikelihood: -35276	(delta): 0.522287
34 (QN/Block) 	Elapsed: 0.012	Loglikelihood: -35274.9	(delta): 1.04595
35 (QN/Block) 	Elapsed: 0.013	Loglikelihood: -35273.2	(delta): 1.71472
36 (QN/Block) 	Elapsed: 0.016	Loglikelihood: -35271.5	(delta): 1.74827
37 (QN/Block) 	Elapsed: 0.014	Loglikelihood: -35270.7	(delta): 0.777386
38 (QN/Block) 	Elapsed: 0.01	Loglikelihood: -35270.6	(delta): 0.123699
39 (QN/Block) 	Elapsed: 0.01	Loglikelihood: -35270.6	(delta): 0.00255332
40 (QN/Block) 	Elapsed: 0.01	Loglikelihood: -35270.6	(delta): 0.000212132
41 (QN/Block) 	Elapsed: 0.016	Loglikelihood: -35270.6	(delta): 2.73142e-05
42 (QN/Block) 	Elapsed: 0.016	Loglikelihood: -35270.6	(delta): 1.61295e-06
43 (QN/Block) 	Elapsed: 0.016	Loglikelihood: -35270.6	(delta): 9.55697e-08
44 (QN/Block) 	Elapsed: 0.014	Loglikelihood: -35270.6	(delta): 2.47019e-08
45 (QN/Block) 	Elapsed: 0.01	Loglikelihood: -35270.6	(delta): 1.38243e-10
46 (QN/Block) 	Elapsed: 0.013	Loglikelihood: -35270.6	(delta): 7.27596e-12
47 (QN/Block) 	Elapsed: 0.012	Loglikelihood: -35270.6	(delta): -7.27596e-12
48 (QN/Block) 	Elapsed: 0.012	Loglikelihood: -35270.6	(delta): 0
49 (QN/Block) 	Elapsed: 0.01	Loglikelihood: -35270.6	(delta): 0
50 (QN/Block) 	Elapsed: 0.011	Loglikelihood: -35270.6	(delta): 7.27596e-12
51 (QN/Block) 	Elapsed: 0.011	Loglikelihood: -35270.6	(delta): -7.27596e-12
52 (QN/Block) 	Elapsed: 0.01	Loglikelihood: -35270.6	(delta): 0
53 (QN/Block) 	Elapsed: 0.01	Loglikelihood: -35270.6	(delta): 0
54 (QN/Block) 	Elapsed: 0.011	Loglikelihood: -35270.6	(delta): 0
55 (QN/Block) 	Elapsed: 0.011	Loglikelihood: -35270.6	(delta): 0
56 (QN/Block) 	Elapsed: 0.01	Loglikelihood: -35270.6	(delta): -7.27596e-12
57 (QN/Block) 	Elapsed: 0.01	Loglikelihood: -35270.6	(delta): 1.45519e-11
58 (QN/Block) 	Elapsed: 0.01	Loglikelihood: -35270.6	(delta): -7.27596e-12
59 (QN/Block) 	Elapsed: 0.011	Loglikelihood: -35270.6	(delta): -7.27596e-12
60 (QN/Block) 	Elapsed: 0.012	Loglikelihood: -35270.6	(delta): 7.27596e-12
61 (QN/Block) 	Elapsed: 0.012	Loglikelihood: -35270.6	(delta): 7.27596e-12
62 (QN/Block) 	Elapsed: 0.011	Loglikelihood: -35270.6	(delta): -7.27596e-12
63 (QN/Block) 	Elapsed: 0.011	Loglikelihood: -35270.6	(delta): 0
64 (QN/Block) 	Elapsed: 0.01	Loglikelihood: -35270.6	(delta): 0
65 (QN/Block) 	Elapsed: 0.01	Loglikelihood: -35270.6	(delta): 0
66 (QN/Block) 	Elapsed: 0.01	Loglikelihood: -35270.6	(delta): 0
67 (QN/Block) 	Elapsed: 0.01	Loglikelihood: -35270.6	(delta): 0
68 (QN/Block) 	Elapsed: 0.01	Loglikelihood: -35270.6	(delta): 0
69 (QN/Block) 	Elapsed: 0.01	Loglikelihood: -35270.6	(delta): 0
70 (QN/Block) 	Elapsed: 0.011	Loglikelihood: -35270.6	(delta): 0
71 (QN/Block) 	Elapsed: 0.01	Loglikelihood: -35270.6	(delta): 0
72 (QN/Block) 	Elapsed: 0.01	Loglikelihood: -35270.6	(delta): 0
73 (QN/Block) 	Elapsed: 0.011	Loglikelihood: -35270.6	(delta): 0
74 (QN/Block) 	Elapsed: 0.01	Loglikelihood: -35270.6	(delta): 0
75 (QN/Block) 	Elapsed: 0.011	Loglikelihood: -35270.6	(delta): 0
76 (QN/Block) 	Elapsed: 0.01	Loglikelihood: -35270.6	(delta): 0
77 (QN/Block) 	Elapsed: 0.01	Loglikelihood: -35270.6	(delta): 0
78 (QN/Block) 	Elapsed: 0.01	Loglikelihood: -35270.6	(delta): 0
79 (QN/Block) 	Elapsed: 0.01	Loglikelihood: -35270.6	(delta): 0
80 (QN/Block) 	Elapsed: 0.01	Loglikelihood: -35270.6	(delta): 0
81 (QN/Block) 	Elapsed: 0.011	Loglikelihood: -35270.6	(delta): 0
82 (QN/Block) 	Elapsed: 0.011	Loglikelihood: -35270.6	(delta): 0
83 (QN/Block) 	Elapsed: 0.01	Loglikelihood: -35270.6	(delta): 0
84 (QN/Block) 	Elapsed: 0.01	Loglikelihood: -35270.6	(delta): 0
85 (QN/Block) 	Elapsed: 0.011	Loglikelihood: -35270.6	(delta): 0
86 (QN/Block) 	Elapsed: 0.01	Loglikelihood: -35270.6	(delta): 0
87 (QN/Block) 	Elapsed: 0.012	Loglikelihood: -35270.6	(delta): 0
88 (QN/Block) 	Elapsed: 0.013	Loglikelihood: -35270.6	(delta): 0
89 (QN/Block) 	Elapsed: 0.011	Loglikelihood: -35270.6	(delta): 0
90 (QN/Block) 	Elapsed: 0.01	Loglikelihood: -35270.6	(delta): 0
91 (QN/Block) 	Elapsed: 0.01	Loglikelihood: -35270.6	(delta): 0
92 (QN/Block) 	Elapsed: 0.011	Loglikelihood: -35270.6	(delta): 0
93 (QN/Block) 	Elapsed: 0.01	Loglikelihood: -35270.6	(delta): 7.27596e-12
94 (QN/Block) 	Elapsed: 0.011	Loglikelihood: -35270.6	(delta): -7.27596e-12
95 (QN/Block) 	Elapsed: 0.011	Loglikelihood: -35270.6	(delta): 0
96 (QN/Block) 	Elapsed: 0.01	Loglikelihood: -35270.6	(delta): 0
97 (QN/Block) 	Elapsed: 0.01	Loglikelihood: -35270.6	(delta): 0
98 (QN/Block) 	Elapsed: 0.01	Loglikelihood: -35270.6	(delta): 0
99 (QN/Block) 	Elapsed: 0.01	Loglikelihood: -35270.6	(delta): 0
100 (QN/Block) 	Elapsed: 0.01	Loglikelihood: -35270.6	(delta): 0
Summary: 
Converged in 100 iterations (1.188 sec)
Loglikelihood: -35270.564799
Fst divergences between estimated populations: 
	Pop0	Pop1	
Pop0	
Pop1	0.189	
Pop2	0.178	0.046	
CV error (K=3): 0.32468
Writing output files.
