****                   ADMIXTURE Version 1.3.0                  ****
****                    Copyright 2008-2015                     ****
****           David Alexander, Suyash Shringarpure,            ****
****                John  Novembre, Ken Lange                   ****
****                                                            ****
****                 Please cite our paper!                     ****
****   Information at www.genetics.ucla.edu/software/admixture  ****

Parallel execution requested.  Will use 8 threads.
Cross-validation will be performed.  Folds=10.
Random seed: 43
Point estimation method: Block relaxation algorithm
Convergence acceleration algorithm: QuasiNewton, 3 secant conditions
Point estimation will terminate at 100 iterations
Estimation of standard errors disabled; will compute point estimates only.
Size of G: 92x945
Performing five EM steps to prime main algorithm
1 (EM) 	Elapsed: 0.005	Loglikelihood: -43679.6	(delta): 81985.7
2 (EM) 	Elapsed: 0.005	Loglikelihood: -40868.5	(delta): 2811.1
3 (EM) 	Elapsed: 0.005	Loglikelihood: -40298.4	(delta): 570.106
4 (EM) 	Elapsed: 0.005	Loglikelihood: -39958	(delta): 340.387
5 (EM) 	Elapsed: 0.005	Loglikelihood: -39708.9	(delta): 249.124
Initial loglikelihood: -39708.9
Starting main algorithm
1 (QN/Block) 	Elapsed: 0.01	Loglikelihood: -36112.1	(delta): 3596.79
2 (QN/Block) 	Elapsed: 0.012	Loglikelihood: -35085.4	(delta): 1026.64
3 (QN/Block) 	Elapsed: 0.011	Loglikelihood: -34657.6	(delta): 427.814
4 (QN/Block) 	Elapsed: 0.01	Loglikelihood: -34446.3	(delta): 211.337
5 (QN/Block) 	Elapsed: 0.012	Loglikelihood: -34355.6	(delta): 90.699
6 (QN/Block) 	Elapsed: 0.014	Loglikelihood: -34324.4	(delta): 31.2395
7 (QN/Block) 	Elapsed: 0.011	Loglikelihood: -34318.2	(delta): 6.16019
8 (QN/Block) 	Elapsed: 0.011	Loglikelihood: -34314.3	(delta): 3.94067
9 (QN/Block) 	Elapsed: 0.014	Loglikelihood: -34309	(delta): 5.21385
10 (QN/Block) 	Elapsed: 0.01	Loglikelihood: -34306.6	(delta): 2.48602
11 (QN/Block) 	Elapsed: 0.012	Loglikelihood: -34304.2	(delta): 2.33356
12 (QN/Block) 	Elapsed: 0.011	Loglikelihood: -34302.6	(delta): 1.66216
13 (QN/Block) 	Elapsed: 0.012	Loglikelihood: -34302	(delta): 0.548091
14 (QN/Block) 	Elapsed: 0.012	Loglikelihood: -34301.7	(delta): 0.333915
15 (QN/Block) 	Elapsed: 0.012	Loglikelihood: -34301.4	(delta): 0.267751
16 (QN/Block) 	Elapsed: 0.013	Loglikelihood: -34300.9	(delta): 0.551528
17 (QN/Block) 	Elapsed: 0.012	Loglikelihood: -34299.2	(delta): 1.61624
18 (QN/Block) 	Elapsed: 0.012	Loglikelihood: -34298.5	(delta): 0.755654
19 (QN/Block) 	Elapsed: 0.012	Loglikelihood: -34297.7	(delta): 0.805191
20 (QN/Block) 	Elapsed: 0.01	Loglikelihood: -34296.9	(delta): 0.791413
21 (QN/Block) 	Elapsed: 0.011	Loglikelihood: -34296	(delta): 0.844492
22 (QN/Block) 	Elapsed: 0.012	Loglikelihood: -34296	(delta): 0.0900965
23 (QN/Block) 	Elapsed: 0.012	Loglikelihood: -34295.8	(delta): 0.110751
24 (QN/Block) 	Elapsed: 0.01	Loglikelihood: -34295.5	(delta): 0.323788
25 (QN/Block) 	Elapsed: 0.012	Loglikelihood: -34295.3	(delta): 0.202579
26 (QN/Block) 	Elapsed: 0.012	Loglikelihood: -34295	(delta): 0.288453
27 (QN/Block) 	Elapsed: 0.011	Loglikelihood: -34294.9	(delta): 0.105063
28 (QN/Block) 	Elapsed: 0.012	Loglikelihood: -34294.8	(delta): 0.14345
29 (QN/Block) 	Elapsed: 0.012	Loglikelihood: -34294.7	(delta): 0.0725468
30 (QN/Block) 	Elapsed: 0.011	Loglikelihood: -34294.6	(delta): 0.0741141
31 (QN/Block) 	Elapsed: 0.011	Loglikelihood: -34294.4	(delta): 0.197844
32 (QN/Block) 	Elapsed: 0.013	Loglikelihood: -34294.1	(delta): 0.382533
33 (QN/Block) 	Elapsed: 0.011	Loglikelihood: -34294	(delta): 0.0989444
34 (QN/Block) 	Elapsed: 0.011	Loglikelihood: -34293.9	(delta): 0.00390024
35 (QN/Block) 	Elapsed: 0.011	Loglikelihood: -34293.9	(delta): 0.0128624
36 (QN/Block) 	Elapsed: 0.012	Loglikelihood: -34293.9	(delta): 0.0202118
37 (QN/Block) 	Elapsed: 0.011	Loglikelihood: -34293.9	(delta): 0.00995471
38 (QN/Block) 	Elapsed: 0.011	Loglikelihood: -34293.9	(delta): 0.00929917
39 (QN/Block) 	Elapsed: 0.013	Loglikelihood: -34293.9	(delta): 0.0164596
40 (QN/Block) 	Elapsed: 0.012	Loglikelihood: -34293.9	(delta): 0.0128421
41 (QN/Block) 	Elapsed: 0.011	Loglikelihood: -34293.9	(delta): 0.0059588
42 (QN/Block) 	Elapsed: 0.011	Loglikelihood: -34293.9	(delta): 0.00357406
43 (QN/Block) 	Elapsed: 0.012	Loglikelihood: -34293.9	(delta): 0.00421424
44 (QN/Block) 	Elapsed: 0.013	Loglikelihood: -34293.9	(delta): 0.00141463
45 (QN/Block) 	Elapsed: 0.011	Loglikelihood: -34293.9	(delta): 0.000585416
46 (QN/Block) 	Elapsed: 0.011	Loglikelihood: -34293.9	(delta): 4.45194e-05
47 (QN/Block) 	Elapsed: 0.01	Loglikelihood: -34293.9	(delta): 1.56792e-05
48 (QN/Block) 	Elapsed: 0.011	Loglikelihood: -34293.9	(delta): 4.45696e-07
49 (QN/Block) 	Elapsed: 0.011	Loglikelihood: -34293.9	(delta): 1.30603e-08
50 (QN/Block) 	Elapsed: 0.011	Loglikelihood: -34293.9	(delta): 1.45519e-10
51 (QN/Block) 	Elapsed: 0.012	Loglikelihood: -34293.9	(delta): 0
52 (QN/Block) 	Elapsed: 0.012	Loglikelihood: -34293.9	(delta): 7.27596e-12
53 (QN/Block) 	Elapsed: 0.012	Loglikelihood: -34293.9	(delta): 0
54 (QN/Block) 	Elapsed: 0.011	Loglikelihood: -34293.9	(delta): -7.27596e-12
55 (QN/Block) 	Elapsed: 0.012	Loglikelihood: -34293.9	(delta): 0
56 (QN/Block) 	Elapsed: 0.012	Loglikelihood: -34293.9	(delta): 7.27596e-12
57 (QN/Block) 	Elapsed: 0.011	Loglikelihood: -34293.9	(delta): 0
58 (QN/Block) 	Elapsed: 0.014	Loglikelihood: -34293.9	(delta): -7.27596e-12
59 (QN/Block) 	Elapsed: 0.014	Loglikelihood: -34293.9	(delta): 0
60 (QN/Block) 	Elapsed: 0.014	Loglikelihood: -34293.9	(delta): 7.27596e-12
61 (QN/Block) 	Elapsed: 0.012	Loglikelihood: -34293.9	(delta): 0
62 (QN/Block) 	Elapsed: 0.011	Loglikelihood: -34293.9	(delta): -7.27596e-12
63 (QN/Block) 	Elapsed: 0.012	Loglikelihood: -34293.9	(delta): 7.27596e-12
64 (QN/Block) 	Elapsed: 0.014	Loglikelihood: -34293.9	(delta): -7.27596e-12
65 (QN/Block) 	Elapsed: 0.013	Loglikelihood: -34293.9	(delta): 7.27596e-12
66 (QN/Block) 	Elapsed: 0.012	Loglikelihood: -34293.9	(delta): 0
67 (QN/Block) 	Elapsed: 0.013	Loglikelihood: -34293.9	(delta): 0
68 (QN/Block) 	Elapsed: 0.012	Loglikelihood: -34293.9	(delta): -7.27596e-12
69 (QN/Block) 	Elapsed: 0.011	Loglikelihood: -34293.9	(delta): 7.27596e-12
70 (QN/Block) 	Elapsed: 0.013	Loglikelihood: -34293.9	(delta): 0
71 (QN/Block) 	Elapsed: 0.013	Loglikelihood: -34293.9	(delta): -7.27596e-12
72 (QN/Block) 	Elapsed: 0.011	Loglikelihood: -34293.9	(delta): 7.27596e-12
73 (QN/Block) 	Elapsed: 0.013	Loglikelihood: -34293.9	(delta): 0
74 (QN/Block) 	Elapsed: 0.013	Loglikelihood: -34293.9	(delta): -7.27596e-12
75 (QN/Block) 	Elapsed: 0.013	Loglikelihood: -34293.9	(delta): 0
76 (QN/Block) 	Elapsed: 0.011	Loglikelihood: -34293.9	(delta): 7.27596e-12
77 (QN/Block) 	Elapsed: 0.013	Loglikelihood: -34293.9	(delta): 0
78 (QN/Block) 	Elapsed: 0.012	Loglikelihood: -34293.9	(delta): 0
79 (QN/Block) 	Elapsed: 0.013	Loglikelihood: -34293.9	(delta): -7.27596e-12
80 (QN/Block) 	Elapsed: 0.012	Loglikelihood: -34293.9	(delta): 0
81 (QN/Block) 	Elapsed: 0.012	Loglikelihood: -34293.9	(delta): 0
82 (QN/Block) 	Elapsed: 0.013	Loglikelihood: -34293.9	(delta): 0
83 (QN/Block) 	Elapsed: 0.012	Loglikelihood: -34293.9	(delta): 7.27596e-12
84 (QN/Block) 	Elapsed: 0.013	Loglikelihood: -34293.9	(delta): -7.27596e-12
85 (QN/Block) 	Elapsed: 0.012	Loglikelihood: -34293.9	(delta): 7.27596e-12
86 (QN/Block) 	Elapsed: 0.014	Loglikelihood: -34293.9	(delta): -7.27596e-12
87 (QN/Block) 	Elapsed: 0.014	Loglikelihood: -34293.9	(delta): 0
88 (QN/Block) 	Elapsed: 0.012	Loglikelihood: -34293.9	(delta): 7.27596e-12
89 (QN/Block) 	Elapsed: 0.012	Loglikelihood: -34293.9	(delta): -7.27596e-12
90 (QN/Block) 	Elapsed: 0.013	Loglikelihood: -34293.9	(delta): 0
91 (QN/Block) 	Elapsed: 0.013	Loglikelihood: -34293.9	(delta): 0
92 (QN/Block) 	Elapsed: 0.013	Loglikelihood: -34293.9	(delta): 0
93 (QN/Block) 	Elapsed: 0.012	Loglikelihood: -34293.9	(delta): 0
94 (QN/Block) 	Elapsed: 0.013	Loglikelihood: -34293.9	(delta): 0
95 (QN/Block) 	Elapsed: 0.012	Loglikelihood: -34293.9	(delta): 0
96 (QN/Block) 	Elapsed: 0.013	Loglikelihood: -34293.9	(delta): 0
97 (QN/Block) 	Elapsed: 0.011	Loglikelihood: -34293.9	(delta): 0
98 (QN/Block) 	Elapsed: 0.013	Loglikelihood: -34293.9	(delta): 0
99 (QN/Block) 	Elapsed: 0.013	Loglikelihood: -34293.9	(delta): 0
100 (QN/Block) 	Elapsed: 0.016	Loglikelihood: -34293.9	(delta): 0
Summary: 
Converged in 100 iterations (1.313 sec)
Loglikelihood: -34293.850544
Fst divergences between estimated populations: 
	Pop0	Pop1	Pop2	Pop3	
Pop0	
Pop1	0.202	
Pop2	0.056	0.204	
Pop3	0.199	0.072	0.198	
Pop4	0.073	0.208	0.065	0.205	
CV error (K=5): 0.35954
Writing output files.
