****                   ADMIXTURE Version 1.3.0                  ****
****                    Copyright 2008-2015                     ****
****           David Alexander, Suyash Shringarpure,            ****
****                John  Novembre, Ken Lange                   ****
****                                                            ****
****                 Please cite our paper!                     ****
****   Information at www.genetics.ucla.edu/software/admixture  ****

Parallel execution requested.  Will use 8 threads.
Cross-validation will be performed.  Folds=10.
Random seed: 43
Point estimation method: Block relaxation algorithm
Convergence acceleration algorithm: QuasiNewton, 3 secant conditions
Point estimation will terminate at 100 iterations
Estimation of standard errors disabled; will compute point estimates only.
Size of G: 92x945
Performing five EM steps to prime main algorithm
1 (EM) 	Elapsed: 0.002	Loglikelihood: -42598.1	(delta): 98752.5
2 (EM) 	Elapsed: 0.002	Loglikelihood: -40876.4	(delta): 1721.67
3 (EM) 	Elapsed: 0.002	Loglikelihood: -40493.8	(delta): 382.679
4 (EM) 	Elapsed: 0.002	Loglikelihood: -40309.5	(delta): 184.289
5 (EM) 	Elapsed: 0.002	Loglikelihood: -40214.7	(delta): 94.767
Initial loglikelihood: -40214.7
Starting main algorithm
1 (QN/Block) 	Elapsed: 0.007	Loglikelihood: -37827.3	(delta): 2387.39
2 (QN/Block) 	Elapsed: 0.007	Loglikelihood: -36699.9	(delta): 1127.36
3 (QN/Block) 	Elapsed: 0.007	Loglikelihood: -36308.4	(delta): 391.589
4 (QN/Block) 	Elapsed: 0.007	Loglikelihood: -36059.7	(delta): 248.662
5 (QN/Block) 	Elapsed: 0.007	Loglikelihood: -35954.5	(delta): 105.218
6 (QN/Block) 	Elapsed: 0.009	Loglikelihood: -35931.4	(delta): 23.0918
7 (QN/Block) 	Elapsed: 0.008	Loglikelihood: -35927.9	(delta): 3.4327
8 (QN/Block) 	Elapsed: 0.008	Loglikelihood: -35926.8	(delta): 1.10602
9 (QN/Block) 	Elapsed: 0.009	Loglikelihood: -35926.7	(delta): 0.147186
10 (QN/Block) 	Elapsed: 0.009	Loglikelihood: -35926.7	(delta): 0.0164678
11 (QN/Block) 	Elapsed: 0.008	Loglikelihood: -35926.7	(delta): 0.0113544
12 (QN/Block) 	Elapsed: 0.008	Loglikelihood: -35926.7	(delta): 0.00589684
13 (QN/Block) 	Elapsed: 0.009	Loglikelihood: -35926.7	(delta): 0.00253183
14 (QN/Block) 	Elapsed: 0.008	Loglikelihood: -35926.7	(delta): 0.00244951
15 (QN/Block) 	Elapsed: 0.007	Loglikelihood: -35926.7	(delta): 0.000134807
16 (QN/Block) 	Elapsed: 0.007	Loglikelihood: -35926.7	(delta): 0.00019526
17 (QN/Block) 	Elapsed: 0.007	Loglikelihood: -35926.7	(delta): 2.84577e-07
18 (QN/Block) 	Elapsed: 0.008	Loglikelihood: -35926.7	(delta): 4.44561e-09
19 (QN/Block) 	Elapsed: 0.008	Loglikelihood: -35926.7	(delta): 3.49246e-10
20 (QN/Block) 	Elapsed: 0.008	Loglikelihood: -35926.7	(delta): 7.27596e-11
21 (QN/Block) 	Elapsed: 0.008	Loglikelihood: -35926.7	(delta): 7.27596e-12
22 (QN/Block) 	Elapsed: 0.008	Loglikelihood: -35926.7	(delta): 0
23 (QN/Block) 	Elapsed: 0.009	Loglikelihood: -35926.7	(delta): -7.27596e-12
24 (QN/Block) 	Elapsed: 0.009	Loglikelihood: -35926.7	(delta): 7.27596e-12
25 (QN/Block) 	Elapsed: 0.008	Loglikelihood: -35926.7	(delta): -7.27596e-12
26 (QN/Block) 	Elapsed: 0.009	Loglikelihood: -35926.7	(delta): 0
27 (QN/Block) 	Elapsed: 0.01	Loglikelihood: -35926.7	(delta): 7.27596e-12
28 (QN/Block) 	Elapsed: 0.009	Loglikelihood: -35926.7	(delta): -7.27596e-12
29 (QN/Block) 	Elapsed: 0.008	Loglikelihood: -35926.7	(delta): 7.27596e-12
30 (QN/Block) 	Elapsed: 0.009	Loglikelihood: -35926.7	(delta): -7.27596e-12
31 (QN/Block) 	Elapsed: 0.008	Loglikelihood: -35926.7	(delta): 7.27596e-12
32 (QN/Block) 	Elapsed: 0.009	Loglikelihood: -35926.7	(delta): -7.27596e-12
33 (QN/Block) 	Elapsed: 0.008	Loglikelihood: -35926.7	(delta): -7.27596e-12
34 (QN/Block) 	Elapsed: 0.007	Loglikelihood: -35926.7	(delta): 7.27596e-12
35 (QN/Block) 	Elapsed: 0.008	Loglikelihood: -35926.7	(delta): 0
36 (QN/Block) 	Elapsed: 0.009	Loglikelihood: -35926.7	(delta): 0
37 (QN/Block) 	Elapsed: 0.008	Loglikelihood: -35926.7	(delta): 7.27596e-12
38 (QN/Block) 	Elapsed: 0.008	Loglikelihood: -35926.7	(delta): -7.27596e-12
39 (QN/Block) 	Elapsed: 0.008	Loglikelihood: -35926.7	(delta): 0
40 (QN/Block) 	Elapsed: 0.007	Loglikelihood: -35926.7	(delta): 0
41 (QN/Block) 	Elapsed: 0.008	Loglikelihood: -35926.7	(delta): 7.27596e-12
42 (QN/Block) 	Elapsed: 0.008	Loglikelihood: -35926.7	(delta): -7.27596e-12
43 (QN/Block) 	Elapsed: 0.007	Loglikelihood: -35926.7	(delta): 7.27596e-12
44 (QN/Block) 	Elapsed: 0.007	Loglikelihood: -35926.7	(delta): -7.27596e-12
45 (QN/Block) 	Elapsed: 0.009	Loglikelihood: -35926.7	(delta): 0
46 (QN/Block) 	Elapsed: 0.008	Loglikelihood: -35926.7	(delta): 0
47 (QN/Block) 	Elapsed: 0.008	Loglikelihood: -35926.7	(delta): 0
48 (QN/Block) 	Elapsed: 0.008	Loglikelihood: -35926.7	(delta): 7.27596e-12
49 (QN/Block) 	Elapsed: 0.007	Loglikelihood: -35926.7	(delta): 0
50 (QN/Block) 	Elapsed: 0.008	Loglikelihood: -35926.7	(delta): -7.27596e-12
51 (QN/Block) 	Elapsed: 0.009	Loglikelihood: -35926.7	(delta): 0
52 (QN/Block) 	Elapsed: 0.008	Loglikelihood: -35926.7	(delta): 0
53 (QN/Block) 	Elapsed: 0.008	Loglikelihood: -35926.7	(delta): 0
54 (QN/Block) 	Elapsed: 0.008	Loglikelihood: -35926.7	(delta): 0
55 (QN/Block) 	Elapsed: 0.008	Loglikelihood: -35926.7	(delta): 0
56 (QN/Block) 	Elapsed: 0.008	Loglikelihood: -35926.7	(delta): 0
57 (QN/Block) 	Elapsed: 0.009	Loglikelihood: -35926.7	(delta): 0
58 (QN/Block) 	Elapsed: 0.008	Loglikelihood: -35926.7	(delta): 0
59 (QN/Block) 	Elapsed: 0.008	Loglikelihood: -35926.7	(delta): 7.27596e-12
60 (QN/Block) 	Elapsed: 0.009	Loglikelihood: -35926.7	(delta): -7.27596e-12
61 (QN/Block) 	Elapsed: 0.008	Loglikelihood: -35926.7	(delta): 0
62 (QN/Block) 	Elapsed: 0.007	Loglikelihood: -35926.7	(delta): 0
63 (QN/Block) 	Elapsed: 0.008	Loglikelihood: -35926.7	(delta): 0
64 (QN/Block) 	Elapsed: 0.008	Loglikelihood: -35926.7	(delta): 0
65 (QN/Block) 	Elapsed: 0.008	Loglikelihood: -35926.7	(delta): 0
66 (QN/Block) 	Elapsed: 0.007	Loglikelihood: -35926.7	(delta): 0
67 (QN/Block) 	Elapsed: 0.008	Loglikelihood: -35926.7	(delta): 0
68 (QN/Block) 	Elapsed: 0.008	Loglikelihood: -35926.7	(delta): 7.27596e-12
69 (QN/Block) 	Elapsed: 0.007	Loglikelihood: -35926.7	(delta): -7.27596e-12
70 (QN/Block) 	Elapsed: 0.009	Loglikelihood: -35926.7	(delta): 0
71 (QN/Block) 	Elapsed: 0.009	Loglikelihood: -35926.7	(delta): 0
72 (QN/Block) 	Elapsed: 0.008	Loglikelihood: -35926.7	(delta): 7.27596e-12
73 (QN/Block) 	Elapsed: 0.009	Loglikelihood: -35926.7	(delta): 7.27596e-12
74 (QN/Block) 	Elapsed: 0.008	Loglikelihood: -35926.7	(delta): -1.45519e-11
75 (QN/Block) 	Elapsed: 0.008	Loglikelihood: -35926.7	(delta): 7.27596e-12
76 (QN/Block) 	Elapsed: 0.009	Loglikelihood: -35926.7	(delta): -7.27596e-12
77 (QN/Block) 	Elapsed: 0.008	Loglikelihood: -35926.7	(delta): 0
78 (QN/Block) 	Elapsed: 0.008	Loglikelihood: -35926.7	(delta): 7.27596e-12
79 (QN/Block) 	Elapsed: 0.009	Loglikelihood: -35926.7	(delta): -7.27596e-12
80 (QN/Block) 	Elapsed: 0.008	Loglikelihood: -35926.7	(delta): 7.27596e-12
81 (QN/Block) 	Elapsed: 0.009	Loglikelihood: -35926.7	(delta): -7.27596e-12
82 (QN/Block) 	Elapsed: 0.009	Loglikelihood: -35926.7	(delta): 0
83 (QN/Block) 	Elapsed: 0.009	Loglikelihood: -35926.7	(delta): 0
84 (QN/Block) 	Elapsed: 0.008	Loglikelihood: -35926.7	(delta): 0
85 (QN/Block) 	Elapsed: 0.008	Loglikelihood: -35926.7	(delta): 0
86 (QN/Block) 	Elapsed: 0.008	Loglikelihood: -35926.7	(delta): 7.27596e-12
87 (QN/Block) 	Elapsed: 0.008	Loglikelihood: -35926.7	(delta): -7.27596e-12
88 (QN/Block) 	Elapsed: 0.007	Loglikelihood: -35926.7	(delta): 7.27596e-12
89 (QN/Block) 	Elapsed: 0.007	Loglikelihood: -35926.7	(delta): -7.27596e-12
90 (QN/Block) 	Elapsed: 0.008	Loglikelihood: -35926.7	(delta): 0
91 (QN/Block) 	Elapsed: 0.009	Loglikelihood: -35926.7	(delta): 7.27596e-12
92 (QN/Block) 	Elapsed: 0.008	Loglikelihood: -35926.7	(delta): -7.27596e-12
93 (QN/Block) 	Elapsed: 0.008	Loglikelihood: -35926.7	(delta): 0
94 (QN/Block) 	Elapsed: 0.008	Loglikelihood: -35926.7	(delta): 7.27596e-12
95 (QN/Block) 	Elapsed: 0.008	Loglikelihood: -35926.7	(delta): 0
96 (QN/Block) 	Elapsed: 0.01	Loglikelihood: -35926.7	(delta): -7.27596e-12
97 (QN/Block) 	Elapsed: 0.01	Loglikelihood: -35926.7	(delta): 7.27596e-12
98 (QN/Block) 	Elapsed: 0.009	Loglikelihood: -35926.7	(delta): -7.27596e-12
99 (QN/Block) 	Elapsed: 0.011	Loglikelihood: -35926.7	(delta): 0
100 (QN/Block) 	Elapsed: 0.01	Loglikelihood: -35926.7	(delta): 0
Summary: 
Converged in 100 iterations (0.905 sec)
Loglikelihood: -35926.655730
Fst divergences between estimated populations: 
	Pop0	
Pop0	
Pop1	0.174	
CV error (K=2): 0.30596
Writing output files.
