****                   ADMIXTURE Version 1.3.0                  ****
****                    Copyright 2008-2015                     ****
****           David Alexander, Suyash Shringarpure,            ****
****                John  Novembre, Ken Lange                   ****
****                                                            ****
****                 Please cite our paper!                     ****
****   Information at www.genetics.ucla.edu/software/admixture  ****

Parallel execution requested.  Will use 8 threads.
Cross-validation will be performed.  Folds=10.
Random seed: 43
Point estimation method: Block relaxation algorithm
Convergence acceleration algorithm: QuasiNewton, 3 secant conditions
Point estimation will terminate at 100 iterations
Estimation of standard errors disabled; will compute point estimates only.
Size of G: 92x945
Performing five EM steps to prime main algorithm
1 (EM) 	Elapsed: 0.009	Loglikelihood: -43606.9	(delta): 80940.1
2 (EM) 	Elapsed: 0.009	Loglikelihood: -40842.4	(delta): 2764.44
3 (EM) 	Elapsed: 0.008	Loglikelihood: -40288.2	(delta): 554.221
4 (EM) 	Elapsed: 0.01	Loglikelihood: -39935.3	(delta): 352.932
5 (EM) 	Elapsed: 0.01	Loglikelihood: -39675.1	(delta): 260.185
Initial loglikelihood: -39675.1
Starting main algorithm
1 (QN/Block) 	Elapsed: 0.022	Loglikelihood: -35816.5	(delta): 3858.59
2 (QN/Block) 	Elapsed: 0.022	Loglikelihood: -34774	(delta): 1042.5
3 (QN/Block) 	Elapsed: 0.027	Loglikelihood: -34359.5	(delta): 414.464
4 (QN/Block) 	Elapsed: 0.022	Loglikelihood: -34093	(delta): 266.504
5 (QN/Block) 	Elapsed: 0.192	Loglikelihood: -33993.1	(delta): 99.9546
6 (QN/Block) 	Elapsed: 0.032	Loglikelihood: -33954.6	(delta): 38.461
7 (QN/Block) 	Elapsed: 0.022	Loglikelihood: -33932.9	(delta): 21.7602
8 (QN/Block) 	Elapsed: 0.048	Loglikelihood: -33922.6	(delta): 10.2857
9 (QN/Block) 	Elapsed: 0.02	Loglikelihood: -33913.6	(delta): 8.94984
10 (QN/Block) 	Elapsed: 0.019	Loglikelihood: -33908.1	(delta): 5.56073
11 (QN/Block) 	Elapsed: 0.018	Loglikelihood: -33900	(delta): 8.11458
12 (QN/Block) 	Elapsed: 0.101	Loglikelihood: -33898.1	(delta): 1.85969
13 (QN/Block) 	Elapsed: 0.027	Loglikelihood: -33896.3	(delta): 1.78577
14 (QN/Block) 	Elapsed: 0.027	Loglikelihood: -33893.4	(delta): 2.94179
15 (QN/Block) 	Elapsed: 0.025	Loglikelihood: -33888.9	(delta): 4.44097
16 (QN/Block) 	Elapsed: 0.023	Loglikelihood: -33884.7	(delta): 4.18794
17 (QN/Block) 	Elapsed: 0.021	Loglikelihood: -33882.7	(delta): 2.063
18 (QN/Block) 	Elapsed: 0.022	Loglikelihood: -33880.6	(delta): 2.11851
19 (QN/Block) 	Elapsed: 0.031	Loglikelihood: -33878.2	(delta): 2.33603
20 (QN/Block) 	Elapsed: 0.039	Loglikelihood: -33877	(delta): 1.17919
21 (QN/Block) 	Elapsed: 0.033	Loglikelihood: -33876.4	(delta): 0.657004
22 (QN/Block) 	Elapsed: 0.027	Loglikelihood: -33873.1	(delta): 3.32431
23 (QN/Block) 	Elapsed: 0.03	Loglikelihood: -33871.4	(delta): 1.67337
24 (QN/Block) 	Elapsed: 0.025	Loglikelihood: -33871	(delta): 0.399937
25 (QN/Block) 	Elapsed: 0.032	Loglikelihood: -33870.4	(delta): 0.57332
26 (QN/Block) 	Elapsed: 0.025	Loglikelihood: -33869.1	(delta): 1.28059
27 (QN/Block) 	Elapsed: 0.065	Loglikelihood: -33864	(delta): 5.15528
28 (QN/Block) 	Elapsed: 0.035	Loglikelihood: -33861.1	(delta): 2.92179
29 (QN/Block) 	Elapsed: 0.023	Loglikelihood: -33860.3	(delta): 0.791223
30 (QN/Block) 	Elapsed: 0.026	Loglikelihood: -33859.8	(delta): 0.421478
31 (QN/Block) 	Elapsed: 0.023	Loglikelihood: -33858.5	(delta): 1.31984
32 (QN/Block) 	Elapsed: 0.019	Loglikelihood: -33858.3	(delta): 0.266254
33 (QN/Block) 	Elapsed: 0.023	Loglikelihood: -33858.2	(delta): 0.0793433
34 (QN/Block) 	Elapsed: 0.021	Loglikelihood: -33858.1	(delta): 0.0497951
35 (QN/Block) 	Elapsed: 0.022	Loglikelihood: -33858.1	(delta): 0.0335089
36 (QN/Block) 	Elapsed: 0.025	Loglikelihood: -33858.1	(delta): 0.0121605
37 (QN/Block) 	Elapsed: 0.022	Loglikelihood: -33858.1	(delta): 0.00550718
38 (QN/Block) 	Elapsed: 0.026	Loglikelihood: -33858.1	(delta): 0.00143215
39 (QN/Block) 	Elapsed: 0.03	Loglikelihood: -33858.1	(delta): 0.0041849
40 (QN/Block) 	Elapsed: 0.029	Loglikelihood: -33858.1	(delta): 0.00084872
41 (QN/Block) 	Elapsed: 0.03	Loglikelihood: -33858.1	(delta): 0.000444916
42 (QN/Block) 	Elapsed: 0.024	Loglikelihood: -33858.1	(delta): 3.21522e-05
43 (QN/Block) 	Elapsed: 0.025	Loglikelihood: -33858.1	(delta): 1.04091e-06
44 (QN/Block) 	Elapsed: 0.03	Loglikelihood: -33858.1	(delta): 6.25805e-08
45 (QN/Block) 	Elapsed: 0.024	Loglikelihood: -33858.1	(delta): 7.2032e-09
46 (QN/Block) 	Elapsed: 0.022	Loglikelihood: -33858.1	(delta): 6.18456e-10
47 (QN/Block) 	Elapsed: 0.024	Loglikelihood: -33858.1	(delta): 2.18279e-11
48 (QN/Block) 	Elapsed: 0.023	Loglikelihood: -33858.1	(delta): 0
49 (QN/Block) 	Elapsed: 0.023	Loglikelihood: -33858.1	(delta): 0
50 (QN/Block) 	Elapsed: 0.033	Loglikelihood: -33858.1	(delta): 7.27596e-12
51 (QN/Block) 	Elapsed: 0.024	Loglikelihood: -33858.1	(delta): -7.27596e-12
52 (QN/Block) 	Elapsed: 0.024	Loglikelihood: -33858.1	(delta): 7.27596e-12
53 (QN/Block) 	Elapsed: 0.024	Loglikelihood: -33858.1	(delta): -7.27596e-12
54 (QN/Block) 	Elapsed: 0.027	Loglikelihood: -33858.1	(delta): 0
55 (QN/Block) 	Elapsed: 0.036	Loglikelihood: -33858.1	(delta): 7.27596e-12
56 (QN/Block) 	Elapsed: 0.035	Loglikelihood: -33858.1	(delta): 0
57 (QN/Block) 	Elapsed: 0.032	Loglikelihood: -33858.1	(delta): 0
58 (QN/Block) 	Elapsed: 0.03	Loglikelihood: -33858.1	(delta): 0
59 (QN/Block) 	Elapsed: 0.03	Loglikelihood: -33858.1	(delta): -7.27596e-12
60 (QN/Block) 	Elapsed: 0.027	Loglikelihood: -33858.1	(delta): 7.27596e-12
61 (QN/Block) 	Elapsed: 0.025	Loglikelihood: -33858.1	(delta): 0
62 (QN/Block) 	Elapsed: 0.037	Loglikelihood: -33858.1	(delta): 0
63 (QN/Block) 	Elapsed: 0.024	Loglikelihood: -33858.1	(delta): 0
64 (QN/Block) 	Elapsed: 0.024	Loglikelihood: -33858.1	(delta): 0
65 (QN/Block) 	Elapsed: 0.023	Loglikelihood: -33858.1	(delta): 0
66 (QN/Block) 	Elapsed: 0.026	Loglikelihood: -33858.1	(delta): 0
67 (QN/Block) 	Elapsed: 0.022	Loglikelihood: -33858.1	(delta): 0
68 (QN/Block) 	Elapsed: 0.023	Loglikelihood: -33858.1	(delta): 0
69 (QN/Block) 	Elapsed: 0.024	Loglikelihood: -33858.1	(delta): -7.27596e-12
70 (QN/Block) 	Elapsed: 0.021	Loglikelihood: -33858.1	(delta): 0
71 (QN/Block) 	Elapsed: 0.023	Loglikelihood: -33858.1	(delta): 7.27596e-12
72 (QN/Block) 	Elapsed: 0.021	Loglikelihood: -33858.1	(delta): 0
73 (QN/Block) 	Elapsed: 0.022	Loglikelihood: -33858.1	(delta): 0
74 (QN/Block) 	Elapsed: 0.017	Loglikelihood: -33858.1	(delta): 0
75 (QN/Block) 	Elapsed: 0.022	Loglikelihood: -33858.1	(delta): -7.27596e-12
76 (QN/Block) 	Elapsed: 0.021	Loglikelihood: -33858.1	(delta): 0
77 (QN/Block) 	Elapsed: 0.02	Loglikelihood: -33858.1	(delta): 7.27596e-12
78 (QN/Block) 	Elapsed: 0.02	Loglikelihood: -33858.1	(delta): -7.27596e-12
79 (QN/Block) 	Elapsed: 0.019	Loglikelihood: -33858.1	(delta): 0
80 (QN/Block) 	Elapsed: 0.018	Loglikelihood: -33858.1	(delta): 7.27596e-12
81 (QN/Block) 	Elapsed: 0.021	Loglikelihood: -33858.1	(delta): -7.27596e-12
82 (QN/Block) 	Elapsed: 0.02	Loglikelihood: -33858.1	(delta): 7.27596e-12
83 (QN/Block) 	Elapsed: 0.017	Loglikelihood: -33858.1	(delta): 0
84 (QN/Block) 	Elapsed: 0.019	Loglikelihood: -33858.1	(delta): 0
85 (QN/Block) 	Elapsed: 0.018	Loglikelihood: -33858.1	(delta): 0
86 (QN/Block) 	Elapsed: 0.016	Loglikelihood: -33858.1	(delta): 0
87 (QN/Block) 	Elapsed: 0.018	Loglikelihood: -33858.1	(delta): 0
88 (QN/Block) 	Elapsed: 0.024	Loglikelihood: -33858.1	(delta): -7.27596e-12
89 (QN/Block) 	Elapsed: 0.019	Loglikelihood: -33858.1	(delta): 7.27596e-12
90 (QN/Block) 	Elapsed: 0.024	Loglikelihood: -33858.1	(delta): 0
91 (QN/Block) 	Elapsed: 0.022	Loglikelihood: -33858.1	(delta): 0
92 (QN/Block) 	Elapsed: 0.019	Loglikelihood: -33858.1	(delta): -7.27596e-12
93 (QN/Block) 	Elapsed: 0.021	Loglikelihood: -33858.1	(delta): 7.27596e-12
94 (QN/Block) 	Elapsed: 0.018	Loglikelihood: -33858.1	(delta): -7.27596e-12
95 (QN/Block) 	Elapsed: 0.02	Loglikelihood: -33858.1	(delta): 0
96 (QN/Block) 	Elapsed: 0.023	Loglikelihood: -33858.1	(delta): 7.27596e-12
97 (QN/Block) 	Elapsed: 0.022	Loglikelihood: -33858.1	(delta): -1.45519e-11
98 (QN/Block) 	Elapsed: 0.02	Loglikelihood: -33858.1	(delta): 1.45519e-11
99 (QN/Block) 	Elapsed: 0.018	Loglikelihood: -33858.1	(delta): 0
100 (QN/Block) 	Elapsed: 0.019	Loglikelihood: -33858.1	(delta): 0
Summary: 
Converged in 100 iterations (2.911 sec)
Loglikelihood: -33858.072534
Fst divergences between estimated populations: 
	Pop0	Pop1	Pop2	Pop3	Pop4	
Pop0	
Pop1	0.080	
Pop2	0.103	0.109	
Pop3	0.069	0.085	0.105	
Pop4	0.200	0.204	0.220	0.197	
Pop5	0.062	0.078	0.098	0.072	0.191	
CV error (K=6): 0.38212
Writing output files.
