****                   ADMIXTURE Version 1.3.0                  ****
****                    Copyright 2008-2015                     ****
****           David Alexander, Suyash Shringarpure,            ****
****                John  Novembre, Ken Lange                   ****
****                                                            ****
****                 Please cite our paper!                     ****
****   Information at www.genetics.ucla.edu/software/admixture  ****

Parallel execution requested.  Will use 8 threads.
Cross-validation will be performed.  Folds=10.
Random seed: 43
Point estimation method: Block relaxation algorithm
Convergence acceleration algorithm: QuasiNewton, 3 secant conditions
Point estimation will terminate at 100 iterations
Estimation of standard errors disabled; will compute point estimates only.
Size of G: 92x945
Performing five EM steps to prime main algorithm
1 (EM) 	Elapsed: 0.016	Loglikelihood: -43569.2	(delta): 76457.6
2 (EM) 	Elapsed: 0.015	Loglikelihood: -40667.5	(delta): 2901.62
3 (EM) 	Elapsed: 0.015	Loglikelihood: -40069.9	(delta): 597.652
4 (EM) 	Elapsed: 0.015	Loglikelihood: -39694.3	(delta): 375.614
5 (EM) 	Elapsed: 0.018	Loglikelihood: -39386.5	(delta): 307.764
Initial loglikelihood: -39386.5
Starting main algorithm
1 (QN/Block) 	Elapsed: 0.025	Loglikelihood: -34550.1	(delta): 4836.45
2 (QN/Block) 	Elapsed: 0.024	Loglikelihood: -33500.2	(delta): 1049.83
3 (QN/Block) 	Elapsed: 0.025	Loglikelihood: -32971.3	(delta): 528.974
4 (QN/Block) 	Elapsed: 0.022	Loglikelihood: -32630.4	(delta): 340.879
5 (QN/Block) 	Elapsed: 0.023	Loglikelihood: -32487	(delta): 143.388
6 (QN/Block) 	Elapsed: 0.021	Loglikelihood: -32417.3	(delta): 69.719
7 (QN/Block) 	Elapsed: 0.027	Loglikelihood: -32384.2	(delta): 33.0874
8 (QN/Block) 	Elapsed: 0.043	Loglikelihood: -32365.4	(delta): 18.7827
9 (QN/Block) 	Elapsed: 0.031	Loglikelihood: -32353.5	(delta): 11.8942
10 (QN/Block) 	Elapsed: 0.025	Loglikelihood: -32345.7	(delta): 7.85791
11 (QN/Block) 	Elapsed: 0.041	Loglikelihood: -32341.5	(delta): 4.10665
12 (QN/Block) 	Elapsed: 0.046	Loglikelihood: -32337.3	(delta): 4.29329
13 (QN/Block) 	Elapsed: 0.045	Loglikelihood: -32327	(delta): 10.2662
14 (QN/Block) 	Elapsed: 0.032	Loglikelihood: -32321.7	(delta): 5.32927
15 (QN/Block) 	Elapsed: 0.026	Loglikelihood: -32318.7	(delta): 2.92724
16 (QN/Block) 	Elapsed: 0.026	Loglikelihood: -32315.1	(delta): 3.60836
17 (QN/Block) 	Elapsed: 0.026	Loglikelihood: -32313.3	(delta): 1.8074
18 (QN/Block) 	Elapsed: 0.036	Loglikelihood: -32311.4	(delta): 1.92181
19 (QN/Block) 	Elapsed: 0.04	Loglikelihood: -32307.9	(delta): 3.50629
20 (QN/Block) 	Elapsed: 0.029	Loglikelihood: -32305.7	(delta): 2.15385
21 (QN/Block) 	Elapsed: 0.031	Loglikelihood: -32304.3	(delta): 1.3946
22 (QN/Block) 	Elapsed: 0.032	Loglikelihood: -32301.7	(delta): 2.6098
23 (QN/Block) 	Elapsed: 0.03	Loglikelihood: -32300.1	(delta): 1.66192
24 (QN/Block) 	Elapsed: 0.033	Loglikelihood: -32297.2	(delta): 2.9092
25 (QN/Block) 	Elapsed: 0.036	Loglikelihood: -32296.2	(delta): 1.00001
26 (QN/Block) 	Elapsed: 0.031	Loglikelihood: -32295.4	(delta): 0.789208
27 (QN/Block) 	Elapsed: 0.033	Loglikelihood: -32293.6	(delta): 1.77101
28 (QN/Block) 	Elapsed: 0.03	Loglikelihood: -32291.8	(delta): 1.76539
29 (QN/Block) 	Elapsed: 0.03	Loglikelihood: -32289.1	(delta): 2.74955
30 (QN/Block) 	Elapsed: 0.034	Loglikelihood: -32284.6	(delta): 4.49313
31 (QN/Block) 	Elapsed: 0.032	Loglikelihood: -32279.6	(delta): 4.95224
32 (QN/Block) 	Elapsed: 0.029	Loglikelihood: -32276.4	(delta): 3.23846
33 (QN/Block) 	Elapsed: 0.034	Loglikelihood: -32275.7	(delta): 0.740814
34 (QN/Block) 	Elapsed: 0.032	Loglikelihood: -32274.6	(delta): 1.10445
35 (QN/Block) 	Elapsed: 0.033	Loglikelihood: -32274.3	(delta): 0.272464
36 (QN/Block) 	Elapsed: 0.029	Loglikelihood: -32274.1	(delta): 0.156873
37 (QN/Block) 	Elapsed: 0.034	Loglikelihood: -32273.8	(delta): 0.273388
38 (QN/Block) 	Elapsed: 0.031	Loglikelihood: -32273.7	(delta): 0.152405
39 (QN/Block) 	Elapsed: 0.036	Loglikelihood: -32273.6	(delta): 0.0880426
40 (QN/Block) 	Elapsed: 0.045	Loglikelihood: -32273.6	(delta): 0.00522246
41 (QN/Block) 	Elapsed: 0.037	Loglikelihood: -32273.6	(delta): 0.00286514
42 (QN/Block) 	Elapsed: 0.034	Loglikelihood: -32273.6	(delta): 0.000388085
43 (QN/Block) 	Elapsed: 0.033	Loglikelihood: -32273.6	(delta): 0.000208624
44 (QN/Block) 	Elapsed: 0.031	Loglikelihood: -32273.6	(delta): 0.000103466
45 (QN/Block) 	Elapsed: 0.034	Loglikelihood: -32273.6	(delta): 1.45456e-05
46 (QN/Block) 	Elapsed: 0.029	Loglikelihood: -32273.6	(delta): 2.7975e-06
47 (QN/Block) 	Elapsed: 0.03	Loglikelihood: -32273.6	(delta): 4.83331e-07
48 (QN/Block) 	Elapsed: 0.031	Loglikelihood: -32273.6	(delta): 4.80577e-08
49 (QN/Block) 	Elapsed: 0.031	Loglikelihood: -32273.6	(delta): 5.06407e-09
50 (QN/Block) 	Elapsed: 0.035	Loglikelihood: -32273.6	(delta): 4.72937e-10
51 (QN/Block) 	Elapsed: 0.028	Loglikelihood: -32273.6	(delta): 1.20053e-10
52 (QN/Block) 	Elapsed: 0.03	Loglikelihood: -32273.6	(delta): 1.81899e-11
53 (QN/Block) 	Elapsed: 0.028	Loglikelihood: -32273.6	(delta): -3.63798e-12
54 (QN/Block) 	Elapsed: 0.034	Loglikelihood: -32273.6	(delta): -3.63798e-12
55 (QN/Block) 	Elapsed: 0.033	Loglikelihood: -32273.6	(delta): 0
56 (QN/Block) 	Elapsed: 0.027	Loglikelihood: -32273.6	(delta): 3.63798e-12
57 (QN/Block) 	Elapsed: 0.027	Loglikelihood: -32273.6	(delta): 3.63798e-12
58 (QN/Block) 	Elapsed: 0.029	Loglikelihood: -32273.6	(delta): -3.63798e-12
59 (QN/Block) 	Elapsed: 0.03	Loglikelihood: -32273.6	(delta): 0
60 (QN/Block) 	Elapsed: 0.033	Loglikelihood: -32273.6	(delta): 3.63798e-12
61 (QN/Block) 	Elapsed: 0.035	Loglikelihood: -32273.6	(delta): -7.27596e-12
62 (QN/Block) 	Elapsed: 0.032	Loglikelihood: -32273.6	(delta): 7.27596e-12
63 (QN/Block) 	Elapsed: 0.032	Loglikelihood: -32273.6	(delta): -3.63798e-12
64 (QN/Block) 	Elapsed: 0.034	Loglikelihood: -32273.6	(delta): 0
65 (QN/Block) 	Elapsed: 0.033	Loglikelihood: -32273.6	(delta): 0
66 (QN/Block) 	Elapsed: 0.033	Loglikelihood: -32273.6	(delta): 0
67 (QN/Block) 	Elapsed: 0.03	Loglikelihood: -32273.6	(delta): -7.27596e-12
68 (QN/Block) 	Elapsed: 0.027	Loglikelihood: -32273.6	(delta): 0
69 (QN/Block) 	Elapsed: 0.029	Loglikelihood: -32273.6	(delta): 7.27596e-12
70 (QN/Block) 	Elapsed: 0.027	Loglikelihood: -32273.6	(delta): 0
71 (QN/Block) 	Elapsed: 0.025	Loglikelihood: -32273.6	(delta): 0
72 (QN/Block) 	Elapsed: 0.027	Loglikelihood: -32273.6	(delta): 0
73 (QN/Block) 	Elapsed: 0.026	Loglikelihood: -32273.6	(delta): -3.63798e-12
74 (QN/Block) 	Elapsed: 0.03	Loglikelihood: -32273.6	(delta): 0
75 (QN/Block) 	Elapsed: 0.034	Loglikelihood: -32273.6	(delta): 0
76 (QN/Block) 	Elapsed: 0.04	Loglikelihood: -32273.6	(delta): 3.63798e-12
77 (QN/Block) 	Elapsed: 0.035	Loglikelihood: -32273.6	(delta): 0
78 (QN/Block) 	Elapsed: 0.037	Loglikelihood: -32273.6	(delta): 3.63798e-12
79 (QN/Block) 	Elapsed: 0.035	Loglikelihood: -32273.6	(delta): 0
80 (QN/Block) 	Elapsed: 0.036	Loglikelihood: -32273.6	(delta): -7.27596e-12
81 (QN/Block) 	Elapsed: 0.035	Loglikelihood: -32273.6	(delta): 3.63798e-12
82 (QN/Block) 	Elapsed: 0.03	Loglikelihood: -32273.6	(delta): 7.27596e-12
83 (QN/Block) 	Elapsed: 0.027	Loglikelihood: -32273.6	(delta): -7.27596e-12
84 (QN/Block) 	Elapsed: 0.028	Loglikelihood: -32273.6	(delta): 0
85 (QN/Block) 	Elapsed: 0.03	Loglikelihood: -32273.6	(delta): 3.63798e-12
86 (QN/Block) 	Elapsed: 0.06	Loglikelihood: -32273.6	(delta): -7.27596e-12
87 (QN/Block) 	Elapsed: 0.043	Loglikelihood: -32273.6	(delta): 3.63798e-12
88 (QN/Block) 	Elapsed: 0.041	Loglikelihood: -32273.6	(delta): 3.63798e-12
89 (QN/Block) 	Elapsed: 0.049	Loglikelihood: -32273.6	(delta): -7.27596e-12
90 (QN/Block) 	Elapsed: 0.052	Loglikelihood: -32273.6	(delta): 0
91 (QN/Block) 	Elapsed: 0.045	Loglikelihood: -32273.6	(delta): 0
92 (QN/Block) 	Elapsed: 0.05	Loglikelihood: -32273.6	(delta): 7.27596e-12
93 (QN/Block) 	Elapsed: 0.034	Loglikelihood: -32273.6	(delta): -3.63798e-12
94 (QN/Block) 	Elapsed: 0.038	Loglikelihood: -32273.6	(delta): 0
95 (QN/Block) 	Elapsed: 0.034	Loglikelihood: -32273.6	(delta): -3.63798e-12
96 (QN/Block) 	Elapsed: 0.045	Loglikelihood: -32273.6	(delta): 7.27596e-12
97 (QN/Block) 	Elapsed: 0.058	Loglikelihood: -32273.6	(delta): 0
98 (QN/Block) 	Elapsed: 0.042	Loglikelihood: -32273.6	(delta): -3.63798e-12
99 (QN/Block) 	Elapsed: 0.039	Loglikelihood: -32273.6	(delta): 3.63798e-12
100 (QN/Block) 	Elapsed: 0.034	Loglikelihood: -32273.6	(delta): -3.63798e-12
Summary: 
Converged in 100 iterations (3.566 sec)
Loglikelihood: -32273.600314
Fst divergences between estimated populations: 
	Pop0	Pop1	Pop2	Pop3	Pop4	Pop5	Pop6	Pop7	Pop8	
Pop0	
Pop1	0.190	
Pop2	0.073	0.193	
Pop3	0.224	0.321	0.238	
Pop4	0.073	0.200	0.079	0.234	
Pop5	0.088	0.191	0.091	0.258	0.086	
Pop6	0.082	0.196	0.096	0.254	0.080	0.094	
Pop7	0.225	0.315	0.236	0.113	0.228	0.249	0.249	
Pop8	0.199	0.293	0.216	0.099	0.209	0.225	0.224	0.121	
Pop9	0.250	0.324	0.258	0.161	0.258	0.274	0.267	0.178	0.157	
CV error (K=10): 0.45486
Writing output files.
