****                   ADMIXTURE Version 1.3.0                  ****
****                    Copyright 2008-2015                     ****
****           David Alexander, Suyash Shringarpure,            ****
****                John  Novembre, Ken Lange                   ****
****                                                            ****
****                 Please cite our paper!                     ****
****   Information at www.genetics.ucla.edu/software/admixture  ****

Parallel execution requested.  Will use 8 threads.
Cross-validation will be performed.  Folds=10.
Random seed: 43
Point estimation method: Block relaxation algorithm
Convergence acceleration algorithm: QuasiNewton, 3 secant conditions
Point estimation will terminate at 100 iterations
Estimation of standard errors disabled; will compute point estimates only.
Size of G: 92x945
Performing five EM steps to prime main algorithm
1 (EM) 	Elapsed: 0.011	Loglikelihood: -43601.5	(delta): 77364.6
2 (EM) 	Elapsed: 0.011	Loglikelihood: -40679	(delta): 2922.47
3 (EM) 	Elapsed: 0.011	Loglikelihood: -40097.4	(delta): 581.623
4 (EM) 	Elapsed: 0.011	Loglikelihood: -39735	(delta): 362.417
5 (EM) 	Elapsed: 0.012	Loglikelihood: -39443.4	(delta): 291.536
Initial loglikelihood: -39443.4
Starting main algorithm
1 (QN/Block) 	Elapsed: 0.02	Loglikelihood: -34893.4	(delta): 4550.04
2 (QN/Block) 	Elapsed: 0.022	Loglikelihood: -33857.2	(delta): 1036.16
3 (QN/Block) 	Elapsed: 0.022	Loglikelihood: -33330.1	(delta): 527.119
4 (QN/Block) 	Elapsed: 0.024	Loglikelihood: -33018.7	(delta): 311.395
5 (QN/Block) 	Elapsed: 0.023	Loglikelihood: -32841.8	(delta): 176.969
6 (QN/Block) 	Elapsed: 0.021	Loglikelihood: -32743.6	(delta): 98.1835
7 (QN/Block) 	Elapsed: 0.018	Loglikelihood: -32696.4	(delta): 47.1792
8 (QN/Block) 	Elapsed: 0.019	Loglikelihood: -32678.2	(delta): 18.1615
9 (QN/Block) 	Elapsed: 0.02	Loglikelihood: -32671.4	(delta): 6.81706
10 (QN/Block) 	Elapsed: 0.036	Loglikelihood: -32661.8	(delta): 9.57321
11 (QN/Block) 	Elapsed: 0.027	Loglikelihood: -32652	(delta): 9.82973
12 (QN/Block) 	Elapsed: 0.028	Loglikelihood: -32646.3	(delta): 5.66648
13 (QN/Block) 	Elapsed: 0.025	Loglikelihood: -32644.2	(delta): 2.13564
14 (QN/Block) 	Elapsed: 0.033	Loglikelihood: -32643.4	(delta): 0.826429
15 (QN/Block) 	Elapsed: 0.024	Loglikelihood: -32642.3	(delta): 1.09257
16 (QN/Block) 	Elapsed: 0.031	Loglikelihood: -32639.3	(delta): 3.00514
17 (QN/Block) 	Elapsed: 0.025	Loglikelihood: -32637.3	(delta): 1.93462
18 (QN/Block) 	Elapsed: 0.027	Loglikelihood: -32636.4	(delta): 0.917211
19 (QN/Block) 	Elapsed: 0.032	Loglikelihood: -32634.5	(delta): 1.94679
20 (QN/Block) 	Elapsed: 0.034	Loglikelihood: -32631.7	(delta): 2.82214
21 (QN/Block) 	Elapsed: 0.029	Loglikelihood: -32628.1	(delta): 3.54267
22 (QN/Block) 	Elapsed: 0.029	Loglikelihood: -32622.4	(delta): 5.67848
23 (QN/Block) 	Elapsed: 0.023	Loglikelihood: -32618.3	(delta): 4.17465
24 (QN/Block) 	Elapsed: 0.029	Loglikelihood: -32614	(delta): 4.26934
25 (QN/Block) 	Elapsed: 0.023	Loglikelihood: -32613.3	(delta): 0.743938
26 (QN/Block) 	Elapsed: 0.029	Loglikelihood: -32612.7	(delta): 0.552548
27 (QN/Block) 	Elapsed: 0.03	Loglikelihood: -32612.3	(delta): 0.379267
28 (QN/Block) 	Elapsed: 0.028	Loglikelihood: -32611.9	(delta): 0.37431
29 (QN/Block) 	Elapsed: 0.029	Loglikelihood: -32611.6	(delta): 0.372975
30 (QN/Block) 	Elapsed: 0.027	Loglikelihood: -32610.8	(delta): 0.776212
31 (QN/Block) 	Elapsed: 0.025	Loglikelihood: -32610.2	(delta): 0.638997
32 (QN/Block) 	Elapsed: 0.028	Loglikelihood: -32609.2	(delta): 0.953484
33 (QN/Block) 	Elapsed: 0.023	Loglikelihood: -32609.1	(delta): 0.100056
34 (QN/Block) 	Elapsed: 0.033	Loglikelihood: -32607.4	(delta): 1.65668
35 (QN/Block) 	Elapsed: 0.028	Loglikelihood: -32605.1	(delta): 2.30704
36 (QN/Block) 	Elapsed: 0.031	Loglikelihood: -32604.7	(delta): 0.463782
37 (QN/Block) 	Elapsed: 0.03	Loglikelihood: -32604.2	(delta): 0.433728
38 (QN/Block) 	Elapsed: 0.028	Loglikelihood: -32603.6	(delta): 0.645985
39 (QN/Block) 	Elapsed: 0.026	Loglikelihood: -32602.8	(delta): 0.839998
40 (QN/Block) 	Elapsed: 0.029	Loglikelihood: -32599.8	(delta): 2.94525
41 (QN/Block) 	Elapsed: 0.028	Loglikelihood: -32598.3	(delta): 1.51518
42 (QN/Block) 	Elapsed: 0.029	Loglikelihood: -32594.8	(delta): 3.53121
43 (QN/Block) 	Elapsed: 0.03	Loglikelihood: -32589.1	(delta): 5.68099
44 (QN/Block) 	Elapsed: 0.026	Loglikelihood: -32586.6	(delta): 2.46106
45 (QN/Block) 	Elapsed: 0.025	Loglikelihood: -32585.5	(delta): 1.08287
46 (QN/Block) 	Elapsed: 0.028	Loglikelihood: -32585.3	(delta): 0.198418
47 (QN/Block) 	Elapsed: 0.026	Loglikelihood: -32585	(delta): 0.30496
48 (QN/Block) 	Elapsed: 0.029	Loglikelihood: -32584.6	(delta): 0.451125
49 (QN/Block) 	Elapsed: 0.027	Loglikelihood: -32582.9	(delta): 1.64452
50 (QN/Block) 	Elapsed: 0.029	Loglikelihood: -32582.3	(delta): 0.67809
51 (QN/Block) 	Elapsed: 0.03	Loglikelihood: -32582.1	(delta): 0.18933
52 (QN/Block) 	Elapsed: 0.029	Loglikelihood: -32581.9	(delta): 0.12791
53 (QN/Block) 	Elapsed: 0.029	Loglikelihood: -32581.9	(delta): 0.0413347
54 (QN/Block) 	Elapsed: 0.027	Loglikelihood: -32581.7	(delta): 0.206941
55 (QN/Block) 	Elapsed: 0.031	Loglikelihood: -32581.1	(delta): 0.594931
56 (QN/Block) 	Elapsed: 0.028	Loglikelihood: -32580.9	(delta): 0.225933
57 (QN/Block) 	Elapsed: 0.028	Loglikelihood: -32580.3	(delta): 0.604158
58 (QN/Block) 	Elapsed: 0.027	Loglikelihood: -32578.7	(delta): 1.59478
59 (QN/Block) 	Elapsed: 0.028	Loglikelihood: -32576.9	(delta): 1.75517
60 (QN/Block) 	Elapsed: 0.032	Loglikelihood: -32576.2	(delta): 0.722831
61 (QN/Block) 	Elapsed: 0.023	Loglikelihood: -32575.4	(delta): 0.806298
62 (QN/Block) 	Elapsed: 0.03	Loglikelihood: -32574.9	(delta): 0.491486
63 (QN/Block) 	Elapsed: 0.026	Loglikelihood: -32574.7	(delta): 0.213827
64 (QN/Block) 	Elapsed: 0.024	Loglikelihood: -32574.5	(delta): 0.14315
65 (QN/Block) 	Elapsed: 0.026	Loglikelihood: -32574.4	(delta): 0.152635
66 (QN/Block) 	Elapsed: 0.027	Loglikelihood: -32574.3	(delta): 0.094179
67 (QN/Block) 	Elapsed: 0.023	Loglikelihood: -32574.2	(delta): 0.147743
68 (QN/Block) 	Elapsed: 0.03	Loglikelihood: -32573.9	(delta): 0.294366
69 (QN/Block) 	Elapsed: 0.025	Loglikelihood: -32573.5	(delta): 0.329051
70 (QN/Block) 	Elapsed: 0.025	Loglikelihood: -32573.4	(delta): 0.138047
71 (QN/Block) 	Elapsed: 0.028	Loglikelihood: -32573.4	(delta): 0.0288993
72 (QN/Block) 	Elapsed: 0.027	Loglikelihood: -32573.3	(delta): 0.0550988
73 (QN/Block) 	Elapsed: 0.025	Loglikelihood: -32572.3	(delta): 1.01319
74 (QN/Block) 	Elapsed: 0.029	Loglikelihood: -32569.4	(delta): 2.84749
75 (QN/Block) 	Elapsed: 0.041	Loglikelihood: -32567.4	(delta): 2.02531
76 (QN/Block) 	Elapsed: 0.034	Loglikelihood: -32565	(delta): 2.46813
77 (QN/Block) 	Elapsed: 0.034	Loglikelihood: -32564.8	(delta): 0.155968
78 (QN/Block) 	Elapsed: 0.03	Loglikelihood: -32564.8	(delta): 0.0348746
79 (QN/Block) 	Elapsed: 0.025	Loglikelihood: -32564.7	(delta): 0.0387131
80 (QN/Block) 	Elapsed: 0.026	Loglikelihood: -32564.7	(delta): 0.0667399
81 (QN/Block) 	Elapsed: 0.023	Loglikelihood: -32564.5	(delta): 0.143931
82 (QN/Block) 	Elapsed: 0.03	Loglikelihood: -32564.2	(delta): 0.335813
83 (QN/Block) 	Elapsed: 0.03	Loglikelihood: -32563.4	(delta): 0.808389
84 (QN/Block) 	Elapsed: 0.026	Loglikelihood: -32561.9	(delta): 1.48045
85 (QN/Block) 	Elapsed: 0.027	Loglikelihood: -32557.8	(delta): 4.1079
86 (QN/Block) 	Elapsed: 0.028	Loglikelihood: -32553.8	(delta): 3.99681
87 (QN/Block) 	Elapsed: 0.026	Loglikelihood: -32553.2	(delta): 0.598277
88 (QN/Block) 	Elapsed: 0.028	Loglikelihood: -32553.1	(delta): 0.116512
89 (QN/Block) 	Elapsed: 0.024	Loglikelihood: -32553.1	(delta): 0.011181
90 (QN/Block) 	Elapsed: 0.028	Loglikelihood: -32553.1	(delta): 0.00455529
91 (QN/Block) 	Elapsed: 0.03	Loglikelihood: -32553.1	(delta): 0.000916822
92 (QN/Block) 	Elapsed: 0.029	Loglikelihood: -32553.1	(delta): 0.000263437
93 (QN/Block) 	Elapsed: 0.026	Loglikelihood: -32553.1	(delta): 3.15422e-05
94 (QN/Block) 	Elapsed: 0.028	Loglikelihood: -32553.1	(delta): 1.52682e-05
95 (QN/Block) 	Elapsed: 0.027	Loglikelihood: -32553.1	(delta): 1.75595e-06
96 (QN/Block) 	Elapsed: 0.028	Loglikelihood: -32553.1	(delta): 5.48705e-07
97 (QN/Block) 	Elapsed: 0.03	Loglikelihood: -32553.1	(delta): 4.60132e-08
98 (QN/Block) 	Elapsed: 0.026	Loglikelihood: -32553.1	(delta): 1.56469e-08
99 (QN/Block) 	Elapsed: 0.028	Loglikelihood: -32553.1	(delta): 4.29281e-10
100 (QN/Block) 	Elapsed: 0.026	Loglikelihood: -32553.1	(delta): 5.82077e-11
Summary: 
Converged in 100 iterations (2.923 sec)
Loglikelihood: -32553.050671
Fst divergences between estimated populations: 
	Pop0	Pop1	Pop2	Pop3	Pop4	Pop5	Pop6	Pop7	
Pop0	
Pop1	0.107	
Pop2	0.204	0.219	
Pop3	0.074	0.118	0.206	
Pop4	0.216	0.225	0.057	0.224	
Pop5	0.082	0.115	0.204	0.095	0.215	
Pop6	0.182	0.203	0.285	0.191	0.299	0.198	
Pop7	0.069	0.108	0.208	0.083	0.219	0.086	0.180	
Pop8	0.074	0.123	0.212	0.084	0.228	0.099	0.196	0.079	
CV error (K=9): 0.42697
Writing output files.
