****                   ADMIXTURE Version 1.3.0                  ****
****                    Copyright 2008-2015                     ****
****           David Alexander, Suyash Shringarpure,            ****
****                John  Novembre, Ken Lange                   ****
****                                                            ****
****                 Please cite our paper!                     ****
****   Information at www.genetics.ucla.edu/software/admixture  ****

Parallel execution requested.  Will use 8 threads.
Cross-validation will be performed.  Folds=10.
Random seed: 43
Point estimation method: Block relaxation algorithm
Convergence acceleration algorithm: QuasiNewton, 3 secant conditions
Point estimation will terminate at 100 iterations
Estimation of standard errors disabled; will compute point estimates only.
Size of G: 92x945
Performing five EM steps to prime main algorithm
1 (EM) 	Elapsed: 0.004	Loglikelihood: -43502.8	(delta): 83945.4
2 (EM) 	Elapsed: 0.004	Loglikelihood: -40923.4	(delta): 2579.4
3 (EM) 	Elapsed: 0.004	Loglikelihood: -40394.8	(delta): 528.676
4 (EM) 	Elapsed: 0.004	Loglikelihood: -40086.4	(delta): 308.326
5 (EM) 	Elapsed: 0.004	Loglikelihood: -39880.2	(delta): 206.215
Initial loglikelihood: -39880.2
Starting main algorithm
1 (QN/Block) 	Elapsed: 0.009	Loglikelihood: -36572.4	(delta): 3307.84
2 (QN/Block) 	Elapsed: 0.01	Loglikelihood: -35526.2	(delta): 1046.22
3 (QN/Block) 	Elapsed: 0.012	Loglikelihood: -35130.1	(delta): 396.045
4 (QN/Block) 	Elapsed: 0.011	Loglikelihood: -34925.8	(delta): 204.345
5 (QN/Block) 	Elapsed: 0.012	Loglikelihood: -34862.8	(delta): 62.9333
6 (QN/Block) 	Elapsed: 0.013	Loglikelihood: -34841.7	(delta): 21.1687
7 (QN/Block) 	Elapsed: 0.011	Loglikelihood: -34834.4	(delta): 7.29202
8 (QN/Block) 	Elapsed: 0.01	Loglikelihood: -34829.9	(delta): 4.50167
9 (QN/Block) 	Elapsed: 0.012	Loglikelihood: -34822.5	(delta): 7.36104
10 (QN/Block) 	Elapsed: 0.011	Loglikelihood: -34817	(delta): 5.47067
11 (QN/Block) 	Elapsed: 0.011	Loglikelihood: -34808.2	(delta): 8.79288
12 (QN/Block) 	Elapsed: 0.012	Loglikelihood: -34805.2	(delta): 3.0579
13 (QN/Block) 	Elapsed: 0.011	Loglikelihood: -34801.9	(delta): 3.31604
14 (QN/Block) 	Elapsed: 0.012	Loglikelihood: -34796.6	(delta): 5.25889
15 (QN/Block) 	Elapsed: 0.011	Loglikelihood: -34792.4	(delta): 4.24756
16 (QN/Block) 	Elapsed: 0.011	Loglikelihood: -34790.4	(delta): 1.92034
17 (QN/Block) 	Elapsed: 0.011	Loglikelihood: -34789.9	(delta): 0.597454
18 (QN/Block) 	Elapsed: 0.011	Loglikelihood: -34789.4	(delta): 0.491795
19 (QN/Block) 	Elapsed: 0.01	Loglikelihood: -34788.2	(delta): 1.19999
20 (QN/Block) 	Elapsed: 0.011	Loglikelihood: -34786.8	(delta): 1.38477
21 (QN/Block) 	Elapsed: 0.011	Loglikelihood: -34786.2	(delta): 0.528741
22 (QN/Block) 	Elapsed: 0.018	Loglikelihood: -34786	(delta): 0.235466
23 (QN/Block) 	Elapsed: 0.014	Loglikelihood: -34785.7	(delta): 0.323877
24 (QN/Block) 	Elapsed: 0.014	Loglikelihood: -34785.4	(delta): 0.300685
25 (QN/Block) 	Elapsed: 0.015	Loglikelihood: -34785.4	(delta): 0.017964
26 (QN/Block) 	Elapsed: 0.014	Loglikelihood: -34785.4	(delta): 0.0127674
27 (QN/Block) 	Elapsed: 0.012	Loglikelihood: -34785.3	(delta): 0.00873397
28 (QN/Block) 	Elapsed: 0.014	Loglikelihood: -34785.3	(delta): 0.0157665
29 (QN/Block) 	Elapsed: 0.016	Loglikelihood: -34785.3	(delta): 0.0280357
30 (QN/Block) 	Elapsed: 0.015	Loglikelihood: -34785.3	(delta): 0.0437618
31 (QN/Block) 	Elapsed: 0.02	Loglikelihood: -34785.2	(delta): 0.0545066
32 (QN/Block) 	Elapsed: 0.018	Loglikelihood: -34784	(delta): 1.23808
33 (QN/Block) 	Elapsed: 0.016	Loglikelihood: -34783.1	(delta): 0.904054
34 (QN/Block) 	Elapsed: 0.016	Loglikelihood: -34782.4	(delta): 0.655713
35 (QN/Block) 	Elapsed: 0.015	Loglikelihood: -34781.5	(delta): 0.942614
36 (QN/Block) 	Elapsed: 0.017	Loglikelihood: -34780.3	(delta): 1.18131
37 (QN/Block) 	Elapsed: 0.013	Loglikelihood: -34780.2	(delta): 0.12054
38 (QN/Block) 	Elapsed: 0.014	Loglikelihood: -34780	(delta): 0.14536
39 (QN/Block) 	Elapsed: 0.019	Loglikelihood: -34779.5	(delta): 0.556866
40 (QN/Block) 	Elapsed: 0.026	Loglikelihood: -34778.5	(delta): 0.962643
41 (QN/Block) 	Elapsed: 0.016	Loglikelihood: -34778.5	(delta): 0.025862
42 (QN/Block) 	Elapsed: 0.013	Loglikelihood: -34778.4	(delta): 0.0340299
43 (QN/Block) 	Elapsed: 0.011	Loglikelihood: -34778.4	(delta): 0.0321111
44 (QN/Block) 	Elapsed: 0.011	Loglikelihood: -34778.4	(delta): 0.00796397
45 (QN/Block) 	Elapsed: 0.01	Loglikelihood: -34778.4	(delta): 0.00289581
46 (QN/Block) 	Elapsed: 0.012	Loglikelihood: -34778.4	(delta): 0.00288565
47 (QN/Block) 	Elapsed: 0.014	Loglikelihood: -34778.4	(delta): 0.00365029
48 (QN/Block) 	Elapsed: 0.015	Loglikelihood: -34778.4	(delta): 0.00919785
49 (QN/Block) 	Elapsed: 0.016	Loglikelihood: -34778.4	(delta): 0.0237939
50 (QN/Block) 	Elapsed: 0.012	Loglikelihood: -34778.3	(delta): 0.0615286
51 (QN/Block) 	Elapsed: 0.014	Loglikelihood: -34778.1	(delta): 0.16433
52 (QN/Block) 	Elapsed: 0.016	Loglikelihood: -34777.9	(delta): 0.244536
53 (QN/Block) 	Elapsed: 0.014	Loglikelihood: -34777.5	(delta): 0.33856
54 (QN/Block) 	Elapsed: 0.015	Loglikelihood: -34777.5	(delta): 0.0263634
55 (QN/Block) 	Elapsed: 0.016	Loglikelihood: -34777.5	(delta): 0.00192038
56 (QN/Block) 	Elapsed: 0.014	Loglikelihood: -34777.5	(delta): 0.000151287
57 (QN/Block) 	Elapsed: 0.013	Loglikelihood: -34777.5	(delta): 4.15745e-05
58 (QN/Block) 	Elapsed: 0.012	Loglikelihood: -34777.5	(delta): 4.71313e-06
59 (QN/Block) 	Elapsed: 0.013	Loglikelihood: -34777.5	(delta): 4.52237e-07
60 (QN/Block) 	Elapsed: 0.012	Loglikelihood: -34777.5	(delta): 2.27519e-08
61 (QN/Block) 	Elapsed: 0.012	Loglikelihood: -34777.5	(delta): 1.28784e-09
62 (QN/Block) 	Elapsed: 0.012	Loglikelihood: -34777.5	(delta): 2.91038e-11
63 (QN/Block) 	Elapsed: 0.012	Loglikelihood: -34777.5	(delta): 0
64 (QN/Block) 	Elapsed: 0.011	Loglikelihood: -34777.5	(delta): 0
65 (QN/Block) 	Elapsed: 0.013	Loglikelihood: -34777.5	(delta): 0
66 (QN/Block) 	Elapsed: 0.014	Loglikelihood: -34777.5	(delta): 0
67 (QN/Block) 	Elapsed: 0.012	Loglikelihood: -34777.5	(delta): -7.27596e-12
68 (QN/Block) 	Elapsed: 0.014	Loglikelihood: -34777.5	(delta): 0
69 (QN/Block) 	Elapsed: 0.012	Loglikelihood: -34777.5	(delta): 7.27596e-12
70 (QN/Block) 	Elapsed: 0.012	Loglikelihood: -34777.5	(delta): 0
71 (QN/Block) 	Elapsed: 0.012	Loglikelihood: -34777.5	(delta): 0
72 (QN/Block) 	Elapsed: 0.013	Loglikelihood: -34777.5	(delta): -7.27596e-12
73 (QN/Block) 	Elapsed: 0.014	Loglikelihood: -34777.5	(delta): 7.27596e-12
74 (QN/Block) 	Elapsed: 0.013	Loglikelihood: -34777.5	(delta): 0
75 (QN/Block) 	Elapsed: 0.012	Loglikelihood: -34777.5	(delta): 0
76 (QN/Block) 	Elapsed: 0.013	Loglikelihood: -34777.5	(delta): -7.27596e-12
77 (QN/Block) 	Elapsed: 0.016	Loglikelihood: -34777.5	(delta): 0
78 (QN/Block) 	Elapsed: 0.014	Loglikelihood: -34777.5	(delta): 7.27596e-12
79 (QN/Block) 	Elapsed: 0.014	Loglikelihood: -34777.5	(delta): 7.27596e-12
80 (QN/Block) 	Elapsed: 0.011	Loglikelihood: -34777.5	(delta): -7.27596e-12
81 (QN/Block) 	Elapsed: 0.012	Loglikelihood: -34777.5	(delta): 0
82 (QN/Block) 	Elapsed: 0.011	Loglikelihood: -34777.5	(delta): 0
83 (QN/Block) 	Elapsed: 0.012	Loglikelihood: -34777.5	(delta): 0
84 (QN/Block) 	Elapsed: 0.013	Loglikelihood: -34777.5	(delta): 0
85 (QN/Block) 	Elapsed: 0.012	Loglikelihood: -34777.5	(delta): 0
86 (QN/Block) 	Elapsed: 0.011	Loglikelihood: -34777.5	(delta): 0
87 (QN/Block) 	Elapsed: 0.011	Loglikelihood: -34777.5	(delta): 0
88 (QN/Block) 	Elapsed: 0.011	Loglikelihood: -34777.5	(delta): 7.27596e-12
89 (QN/Block) 	Elapsed: 0.012	Loglikelihood: -34777.5	(delta): -7.27596e-12
90 (QN/Block) 	Elapsed: 0.011	Loglikelihood: -34777.5	(delta): 0
91 (QN/Block) 	Elapsed: 0.012	Loglikelihood: -34777.5	(delta): 0
92 (QN/Block) 	Elapsed: 0.011	Loglikelihood: -34777.5	(delta): 0
93 (QN/Block) 	Elapsed: 0.011	Loglikelihood: -34777.5	(delta): 7.27596e-12
94 (QN/Block) 	Elapsed: 0.011	Loglikelihood: -34777.5	(delta): -7.27596e-12
95 (QN/Block) 	Elapsed: 0.011	Loglikelihood: -34777.5	(delta): 0
96 (QN/Block) 	Elapsed: 0.012	Loglikelihood: -34777.5	(delta): 0
97 (QN/Block) 	Elapsed: 0.011	Loglikelihood: -34777.5	(delta): 7.27596e-12
98 (QN/Block) 	Elapsed: 0.011	Loglikelihood: -34777.5	(delta): 0
99 (QN/Block) 	Elapsed: 0.012	Loglikelihood: -34777.5	(delta): -7.27596e-12
100 (QN/Block) 	Elapsed: 0.013	Loglikelihood: -34777.5	(delta): 0
Summary: 
Converged in 100 iterations (1.405 sec)
Loglikelihood: -34777.517429
Fst divergences between estimated populations: 
	Pop0	Pop1	Pop2	
Pop0	
Pop1	0.189	
Pop2	0.046	0.185	
Pop3	0.062	0.193	0.067	
CV error (K=4): 0.34130
Writing output files.
