****                   ADMIXTURE Version 1.3.0                  ****
****                    Copyright 2008-2015                     ****
****           David Alexander, Suyash Shringarpure,            ****
****                John  Novembre, Ken Lange                   ****
****                                                            ****
****                 Please cite our paper!                     ****
****   Information at www.genetics.ucla.edu/software/admixture  ****

Parallel execution requested.  Will use 8 threads.
Cross-validation will be performed.  Folds=10.
Random seed: 43
Point estimation method: Block relaxation algorithm
Convergence acceleration algorithm: QuasiNewton, 3 secant conditions
Point estimation will terminate at 100 iterations
Estimation of standard errors disabled; will compute point estimates only.
Size of G: 335x1606
Performing five EM steps to prime main algorithm
1 (EM) 	Elapsed: 0.03	Loglikelihood: -217085	(delta): 566763
2 (EM) 	Elapsed: 0.032	Loglikelihood: -205771	(delta): 11314.2
3 (EM) 	Elapsed: 0.033	Loglikelihood: -203379	(delta): 2392.17
4 (EM) 	Elapsed: 0.031	Loglikelihood: -202048	(delta): 1330.95
5 (EM) 	Elapsed: 0.03	Loglikelihood: -201146	(delta): 901.717
Initial loglikelihood: -201146
Starting main algorithm
1 (QN/Block) 	Elapsed: 0.065	Loglikelihood: -183385	(delta): 17760.8
2 (QN/Block) 	Elapsed: 0.066	Loglikelihood: -177982	(delta): 5402.77
3 (QN/Block) 	Elapsed: 0.074	Loglikelihood: -176314	(delta): 1668.3
4 (QN/Block) 	Elapsed: 0.065	Loglikelihood: -175144	(delta): 1170.42
5 (QN/Block) 	Elapsed: 0.066	Loglikelihood: -174850	(delta): 293.306
6 (QN/Block) 	Elapsed: 0.057	Loglikelihood: -174746	(delta): 104.67
7 (QN/Block) 	Elapsed: 0.062	Loglikelihood: -174736	(delta): 9.51636
8 (QN/Block) 	Elapsed: 0.067	Loglikelihood: -174736	(delta): 0.530234
9 (QN/Block) 	Elapsed: 0.071	Loglikelihood: -174735	(delta): 0.241532
10 (QN/Block) 	Elapsed: 0.069	Loglikelihood: -174735	(delta): 0.0599598
11 (QN/Block) 	Elapsed: 0.064	Loglikelihood: -174735	(delta): 0.0234722
12 (QN/Block) 	Elapsed: 0.064	Loglikelihood: -174735	(delta): 0.00146684
13 (QN/Block) 	Elapsed: 0.064	Loglikelihood: -174735	(delta): 0.000605311
14 (QN/Block) 	Elapsed: 0.065	Loglikelihood: -174735	(delta): 0.000257069
15 (QN/Block) 	Elapsed: 0.062	Loglikelihood: -174735	(delta): 4.29907e-05
16 (QN/Block) 	Elapsed: 0.062	Loglikelihood: -174735	(delta): 7.31699e-07
17 (QN/Block) 	Elapsed: 0.065	Loglikelihood: -174735	(delta): 6.60366e-08
18 (QN/Block) 	Elapsed: 0.068	Loglikelihood: -174735	(delta): 7.71252e-09
19 (QN/Block) 	Elapsed: 0.069	Loglikelihood: -174735	(delta): 2.09548e-09
20 (QN/Block) 	Elapsed: 0.064	Loglikelihood: -174735	(delta): 2.32831e-10
21 (QN/Block) 	Elapsed: 0.066	Loglikelihood: -174735	(delta): 1.45519e-10
22 (QN/Block) 	Elapsed: 0.064	Loglikelihood: -174735	(delta): 8.73115e-11
23 (QN/Block) 	Elapsed: 0.069	Loglikelihood: -174735	(delta): -2.91038e-11
24 (QN/Block) 	Elapsed: 0.07	Loglikelihood: -174735	(delta): -2.91038e-11
25 (QN/Block) 	Elapsed: 0.069	Loglikelihood: -174735	(delta): 2.91038e-11
26 (QN/Block) 	Elapsed: 0.065	Loglikelihood: -174735	(delta): -2.91038e-11
27 (QN/Block) 	Elapsed: 0.071	Loglikelihood: -174735	(delta): 2.91038e-11
28 (QN/Block) 	Elapsed: 0.074	Loglikelihood: -174735	(delta): -2.91038e-11
29 (QN/Block) 	Elapsed: 0.071	Loglikelihood: -174735	(delta): -2.91038e-11
30 (QN/Block) 	Elapsed: 0.071	Loglikelihood: -174735	(delta): 0
31 (QN/Block) 	Elapsed: 0.073	Loglikelihood: -174735	(delta): 0
32 (QN/Block) 	Elapsed: 0.067	Loglikelihood: -174735	(delta): 0
33 (QN/Block) 	Elapsed: 0.072	Loglikelihood: -174735	(delta): 0
34 (QN/Block) 	Elapsed: 0.072	Loglikelihood: -174735	(delta): 0
35 (QN/Block) 	Elapsed: 0.066	Loglikelihood: -174735	(delta): 0
36 (QN/Block) 	Elapsed: 0.067	Loglikelihood: -174735	(delta): 0
37 (QN/Block) 	Elapsed: 0.071	Loglikelihood: -174735	(delta): 0
38 (QN/Block) 	Elapsed: 0.065	Loglikelihood: -174735	(delta): 2.91038e-11
39 (QN/Block) 	Elapsed: 0.067	Loglikelihood: -174735	(delta): 2.91038e-11
40 (QN/Block) 	Elapsed: 0.067	Loglikelihood: -174735	(delta): -2.91038e-11
41 (QN/Block) 	Elapsed: 0.066	Loglikelihood: -174735	(delta): 2.91038e-11
42 (QN/Block) 	Elapsed: 0.07	Loglikelihood: -174735	(delta): -5.82077e-11
43 (QN/Block) 	Elapsed: 0.073	Loglikelihood: -174735	(delta): 2.91038e-11
44 (QN/Block) 	Elapsed: 0.068	Loglikelihood: -174735	(delta): -2.91038e-11
45 (QN/Block) 	Elapsed: 0.071	Loglikelihood: -174735	(delta): 0
46 (QN/Block) 	Elapsed: 0.063	Loglikelihood: -174735	(delta): 0
47 (QN/Block) 	Elapsed: 0.059	Loglikelihood: -174735	(delta): 0
48 (QN/Block) 	Elapsed: 0.066	Loglikelihood: -174735	(delta): 0
49 (QN/Block) 	Elapsed: 0.07	Loglikelihood: -174735	(delta): 0
50 (QN/Block) 	Elapsed: 0.067	Loglikelihood: -174735	(delta): 0
51 (QN/Block) 	Elapsed: 0.067	Loglikelihood: -174735	(delta): 0
52 (QN/Block) 	Elapsed: 0.07	Loglikelihood: -174735	(delta): -2.91038e-11
53 (QN/Block) 	Elapsed: 0.07	Loglikelihood: -174735	(delta): 2.91038e-11
54 (QN/Block) 	Elapsed: 0.068	Loglikelihood: -174735	(delta): 0
55 (QN/Block) 	Elapsed: 0.069	Loglikelihood: -174735	(delta): 0
56 (QN/Block) 	Elapsed: 0.066	Loglikelihood: -174735	(delta): 0
57 (QN/Block) 	Elapsed: 0.068	Loglikelihood: -174735	(delta): 0
58 (QN/Block) 	Elapsed: 0.083	Loglikelihood: -174735	(delta): 0
59 (QN/Block) 	Elapsed: 0.073	Loglikelihood: -174735	(delta): -2.91038e-11
60 (QN/Block) 	Elapsed: 0.077	Loglikelihood: -174735	(delta): 2.91038e-11
61 (QN/Block) 	Elapsed: 0.07	Loglikelihood: -174735	(delta): 2.91038e-11
62 (QN/Block) 	Elapsed: 0.073	Loglikelihood: -174735	(delta): -5.82077e-11
63 (QN/Block) 	Elapsed: 0.07	Loglikelihood: -174735	(delta): 2.91038e-11
64 (QN/Block) 	Elapsed: 0.072	Loglikelihood: -174735	(delta): 0
65 (QN/Block) 	Elapsed: 0.065	Loglikelihood: -174735	(delta): 0
66 (QN/Block) 	Elapsed: 0.065	Loglikelihood: -174735	(delta): 0
67 (QN/Block) 	Elapsed: 0.069	Loglikelihood: -174735	(delta): 0
68 (QN/Block) 	Elapsed: 0.069	Loglikelihood: -174735	(delta): 0
69 (QN/Block) 	Elapsed: 0.068	Loglikelihood: -174735	(delta): 0
70 (QN/Block) 	Elapsed: 0.072	Loglikelihood: -174735	(delta): 0
71 (QN/Block) 	Elapsed: 0.068	Loglikelihood: -174735	(delta): 0
72 (QN/Block) 	Elapsed: 0.068	Loglikelihood: -174735	(delta): 0
73 (QN/Block) 	Elapsed: 0.076	Loglikelihood: -174735	(delta): 0
74 (QN/Block) 	Elapsed: 0.061	Loglikelihood: -174735	(delta): 0
75 (QN/Block) 	Elapsed: 0.064	Loglikelihood: -174735	(delta): 0
76 (QN/Block) 	Elapsed: 0.066	Loglikelihood: -174735	(delta): -2.91038e-11
77 (QN/Block) 	Elapsed: 0.068	Loglikelihood: -174735	(delta): 2.91038e-11
78 (QN/Block) 	Elapsed: 0.071	Loglikelihood: -174735	(delta): -2.91038e-11
79 (QN/Block) 	Elapsed: 0.07	Loglikelihood: -174735	(delta): 5.82077e-11
80 (QN/Block) 	Elapsed: 0.07	Loglikelihood: -174735	(delta): -2.91038e-11
81 (QN/Block) 	Elapsed: 0.069	Loglikelihood: -174735	(delta): 0
82 (QN/Block) 	Elapsed: 0.065	Loglikelihood: -174735	(delta): 0
83 (QN/Block) 	Elapsed: 0.063	Loglikelihood: -174735	(delta): 0
84 (QN/Block) 	Elapsed: 0.067	Loglikelihood: -174735	(delta): 0
85 (QN/Block) 	Elapsed: 0.07	Loglikelihood: -174735	(delta): 0
86 (QN/Block) 	Elapsed: 0.067	Loglikelihood: -174735	(delta): 0
87 (QN/Block) 	Elapsed: 0.068	Loglikelihood: -174735	(delta): 0
88 (QN/Block) 	Elapsed: 0.066	Loglikelihood: -174735	(delta): 0
89 (QN/Block) 	Elapsed: 0.062	Loglikelihood: -174735	(delta): 0
90 (QN/Block) 	Elapsed: 0.07	Loglikelihood: -174735	(delta): 0
91 (QN/Block) 	Elapsed: 0.072	Loglikelihood: -174735	(delta): 0
92 (QN/Block) 	Elapsed: 0.066	Loglikelihood: -174735	(delta): 0
93 (QN/Block) 	Elapsed: 0.073	Loglikelihood: -174735	(delta): 2.91038e-11
94 (QN/Block) 	Elapsed: 0.064	Loglikelihood: -174735	(delta): -2.91038e-11
95 (QN/Block) 	Elapsed: 0.062	Loglikelihood: -174735	(delta): 0
96 (QN/Block) 	Elapsed: 0.065	Loglikelihood: -174735	(delta): 0
97 (QN/Block) 	Elapsed: 0.062	Loglikelihood: -174735	(delta): 2.91038e-11
98 (QN/Block) 	Elapsed: 0.067	Loglikelihood: -174735	(delta): -2.91038e-11
99 (QN/Block) 	Elapsed: 0.062	Loglikelihood: -174735	(delta): 0
100 (QN/Block) 	Elapsed: 0.075	Loglikelihood: -174735	(delta): 0
Summary: 
Converged in 100 iterations (7.168 sec)
Loglikelihood: -174735.411930
Fst divergences between estimated populations: 
	Pop0	Pop1	Pop2	
Pop0	
Pop1	0.336	
Pop2	0.353	0.048	
Pop3	0.341	0.038	0.057	
CV error (K=4): 0.22075
Writing output files.
