****                   ADMIXTURE Version 1.3.0                  ****
****                    Copyright 2008-2015                     ****
****           David Alexander, Suyash Shringarpure,            ****
****                John  Novembre, Ken Lange                   ****
****                                                            ****
****                 Please cite our paper!                     ****
****   Information at www.genetics.ucla.edu/software/admixture  ****

Parallel execution requested.  Will use 8 threads.
Cross-validation will be performed.  Folds=10.
Random seed: 43
Point estimation method: Block relaxation algorithm
Convergence acceleration algorithm: QuasiNewton, 3 secant conditions
Point estimation will terminate at 100 iterations
Estimation of standard errors disabled; will compute point estimates only.
Size of G: 335x1606
Performing five EM steps to prime main algorithm
1 (EM) 	Elapsed: 0.053	Loglikelihood: -219731	(delta): 529163
2 (EM) 	Elapsed: 0.056	Loglikelihood: -207391	(delta): 12340.4
3 (EM) 	Elapsed: 0.057	Loglikelihood: -205154	(delta): 2236.93
4 (EM) 	Elapsed: 0.059	Loglikelihood: -203934	(delta): 1219.9
5 (EM) 	Elapsed: 0.058	Loglikelihood: -203003	(delta): 930.815
Initial loglikelihood: -203003
Starting main algorithm
1 (QN/Block) 	Elapsed: 0.077	Loglikelihood: -181794	(delta): 21208.7
2 (QN/Block) 	Elapsed: 0.077	Loglikelihood: -176525	(delta): 5269.13
3 (QN/Block) 	Elapsed: 0.082	Loglikelihood: -175017	(delta): 1508.46
4 (QN/Block) 	Elapsed: 0.085	Loglikelihood: -174082	(delta): 934.619
5 (QN/Block) 	Elapsed: 0.082	Loglikelihood: -173536	(delta): 545.486
6 (QN/Block) 	Elapsed: 0.081	Loglikelihood: -173199	(delta): 337.578
7 (QN/Block) 	Elapsed: 0.084	Loglikelihood: -173023	(delta): 175.472
8 (QN/Block) 	Elapsed: 0.082	Loglikelihood: -172924	(delta): 99.0087
9 (QN/Block) 	Elapsed: 0.084	Loglikelihood: -172753	(delta): 171.777
10 (QN/Block) 	Elapsed: 0.083	Loglikelihood: -172680	(delta): 72.9355
11 (QN/Block) 	Elapsed: 0.081	Loglikelihood: -172633	(delta): 47.1489
12 (QN/Block) 	Elapsed: 0.084	Loglikelihood: -172610	(delta): 22.4353
13 (QN/Block) 	Elapsed: 0.081	Loglikelihood: -172595	(delta): 15.2289
14 (QN/Block) 	Elapsed: 0.085	Loglikelihood: -172584	(delta): 10.9565
15 (QN/Block) 	Elapsed: 0.083	Loglikelihood: -172577	(delta): 7.28129
16 (QN/Block) 	Elapsed: 0.086	Loglikelihood: -172570	(delta): 6.62006
17 (QN/Block) 	Elapsed: 0.087	Loglikelihood: -172567	(delta): 3.16318
18 (QN/Block) 	Elapsed: 0.089	Loglikelihood: -172564	(delta): 2.4015
19 (QN/Block) 	Elapsed: 0.095	Loglikelihood: -172563	(delta): 1.85743
20 (QN/Block) 	Elapsed: 0.088	Loglikelihood: -172559	(delta): 3.2312
21 (QN/Block) 	Elapsed: 0.086	Loglikelihood: -172558	(delta): 1.24576
22 (QN/Block) 	Elapsed: 0.088	Loglikelihood: -172557	(delta): 1.05807
23 (QN/Block) 	Elapsed: 0.09	Loglikelihood: -172556	(delta): 1.14435
24 (QN/Block) 	Elapsed: 0.087	Loglikelihood: -172554	(delta): 1.95738
25 (QN/Block) 	Elapsed: 0.091	Loglikelihood: -172548	(delta): 5.54519
26 (QN/Block) 	Elapsed: 0.09	Loglikelihood: -172541	(delta): 7.41807
27 (QN/Block) 	Elapsed: 0.09	Loglikelihood: -172531	(delta): 9.66717
28 (QN/Block) 	Elapsed: 0.084	Loglikelihood: -172524	(delta): 7.77217
29 (QN/Block) 	Elapsed: 0.091	Loglikelihood: -172511	(delta): 12.3653
30 (QN/Block) 	Elapsed: 0.086	Loglikelihood: -172507	(delta): 4.30073
31 (QN/Block) 	Elapsed: 0.09	Loglikelihood: -172505	(delta): 2.26861
32 (QN/Block) 	Elapsed: 0.087	Loglikelihood: -172503	(delta): 1.1844
33 (QN/Block) 	Elapsed: 0.091	Loglikelihood: -172502	(delta): 1.25268
34 (QN/Block) 	Elapsed: 0.097	Loglikelihood: -172502	(delta): 0.511196
35 (QN/Block) 	Elapsed: 0.087	Loglikelihood: -172501	(delta): 0.335798
36 (QN/Block) 	Elapsed: 0.091	Loglikelihood: -172501	(delta): 0.183945
37 (QN/Block) 	Elapsed: 0.089	Loglikelihood: -172501	(delta): 0.0782258
38 (QN/Block) 	Elapsed: 0.089	Loglikelihood: -172501	(delta): 0.201499
39 (QN/Block) 	Elapsed: 0.089	Loglikelihood: -172501	(delta): 0.286916
40 (QN/Block) 	Elapsed: 0.091	Loglikelihood: -172500	(delta): 0.166349
41 (QN/Block) 	Elapsed: 0.086	Loglikelihood: -172500	(delta): 0.0805269
42 (QN/Block) 	Elapsed: 0.085	Loglikelihood: -172500	(delta): 0.0615429
43 (QN/Block) 	Elapsed: 0.086	Loglikelihood: -172500	(delta): 0.0272792
44 (QN/Block) 	Elapsed: 0.09	Loglikelihood: -172500	(delta): 0.0168554
45 (QN/Block) 	Elapsed: 0.096	Loglikelihood: -172500	(delta): 0.0228342
46 (QN/Block) 	Elapsed: 0.091	Loglikelihood: -172500	(delta): 0.019223
47 (QN/Block) 	Elapsed: 0.09	Loglikelihood: -172500	(delta): 0.0416111
48 (QN/Block) 	Elapsed: 0.089	Loglikelihood: -172500	(delta): 0.0559768
49 (QN/Block) 	Elapsed: 0.092	Loglikelihood: -172500	(delta): 0.00371376
50 (QN/Block) 	Elapsed: 0.09	Loglikelihood: -172500	(delta): 0.000548002
51 (QN/Block) 	Elapsed: 0.09	Loglikelihood: -172500	(delta): 0.000929763
52 (QN/Block) 	Elapsed: 0.09	Loglikelihood: -172500	(delta): 0.000360417
53 (QN/Block) 	Elapsed: 0.087	Loglikelihood: -172500	(delta): 0.000152776
54 (QN/Block) 	Elapsed: 0.086	Loglikelihood: -172500	(delta): 5.5405e-05
55 (QN/Block) 	Elapsed: 0.083	Loglikelihood: -172500	(delta): 1.88384e-05
56 (QN/Block) 	Elapsed: 0.089	Loglikelihood: -172500	(delta): 1.79955e-05
57 (QN/Block) 	Elapsed: 0.085	Loglikelihood: -172500	(delta): 5.74448e-06
58 (QN/Block) 	Elapsed: 0.083	Loglikelihood: -172500	(delta): 1.50857e-06
59 (QN/Block) 	Elapsed: 0.083	Loglikelihood: -172500	(delta): 1.7634e-07
60 (QN/Block) 	Elapsed: 0.084	Loglikelihood: -172500	(delta): 1.66474e-08
61 (QN/Block) 	Elapsed: 0.084	Loglikelihood: -172500	(delta): 3.17232e-09
62 (QN/Block) 	Elapsed: 0.084	Loglikelihood: -172500	(delta): 1.25146e-09
63 (QN/Block) 	Elapsed: 0.083	Loglikelihood: -172500	(delta): 7.567e-10
64 (QN/Block) 	Elapsed: 0.083	Loglikelihood: -172500	(delta): 3.20142e-10
65 (QN/Block) 	Elapsed: 0.085	Loglikelihood: -172500	(delta): 1.74623e-10
66 (QN/Block) 	Elapsed: 0.09	Loglikelihood: -172500	(delta): 2.91038e-11
67 (QN/Block) 	Elapsed: 0.093	Loglikelihood: -172500	(delta): 0
68 (QN/Block) 	Elapsed: 0.088	Loglikelihood: -172500	(delta): 0
69 (QN/Block) 	Elapsed: 0.085	Loglikelihood: -172500	(delta): 0
70 (QN/Block) 	Elapsed: 0.083	Loglikelihood: -172500	(delta): 0
71 (QN/Block) 	Elapsed: 0.086	Loglikelihood: -172500	(delta): 0
72 (QN/Block) 	Elapsed: 0.083	Loglikelihood: -172500	(delta): 2.91038e-11
73 (QN/Block) 	Elapsed: 0.084	Loglikelihood: -172500	(delta): 0
74 (QN/Block) 	Elapsed: 0.083	Loglikelihood: -172500	(delta): 0
75 (QN/Block) 	Elapsed: 0.088	Loglikelihood: -172500	(delta): 0
76 (QN/Block) 	Elapsed: 0.084	Loglikelihood: -172500	(delta): -2.91038e-11
77 (QN/Block) 	Elapsed: 0.088	Loglikelihood: -172500	(delta): 5.82077e-11
78 (QN/Block) 	Elapsed: 0.085	Loglikelihood: -172500	(delta): -2.91038e-11
79 (QN/Block) 	Elapsed: 0.094	Loglikelihood: -172500	(delta): 2.91038e-11
80 (QN/Block) 	Elapsed: 0.086	Loglikelihood: -172500	(delta): 0
81 (QN/Block) 	Elapsed: 0.086	Loglikelihood: -172500	(delta): -2.91038e-11
82 (QN/Block) 	Elapsed: 0.114	Loglikelihood: -172500	(delta): 2.91038e-11
83 (QN/Block) 	Elapsed: 0.098	Loglikelihood: -172500	(delta): 2.91038e-11
84 (QN/Block) 	Elapsed: 0.084	Loglikelihood: -172500	(delta): -5.82077e-11
85 (QN/Block) 	Elapsed: 0.084	Loglikelihood: -172500	(delta): 2.91038e-11
86 (QN/Block) 	Elapsed: 0.086	Loglikelihood: -172500	(delta): 0
87 (QN/Block) 	Elapsed: 0.088	Loglikelihood: -172500	(delta): 0
88 (QN/Block) 	Elapsed: 0.088	Loglikelihood: -172500	(delta): 2.91038e-11
89 (QN/Block) 	Elapsed: 0.086	Loglikelihood: -172500	(delta): -2.91038e-11
90 (QN/Block) 	Elapsed: 0.103	Loglikelihood: -172500	(delta): 0
91 (QN/Block) 	Elapsed: 0.096	Loglikelihood: -172500	(delta): -2.91038e-11
92 (QN/Block) 	Elapsed: 0.086	Loglikelihood: -172500	(delta): 0
93 (QN/Block) 	Elapsed: 0.091	Loglikelihood: -172500	(delta): 5.82077e-11
94 (QN/Block) 	Elapsed: 0.092	Loglikelihood: -172500	(delta): -5.82077e-11
95 (QN/Block) 	Elapsed: 0.092	Loglikelihood: -172500	(delta): 0
96 (QN/Block) 	Elapsed: 0.089	Loglikelihood: -172500	(delta): -2.91038e-11
97 (QN/Block) 	Elapsed: 0.088	Loglikelihood: -172500	(delta): 0
98 (QN/Block) 	Elapsed: 0.089	Loglikelihood: -172500	(delta): 2.91038e-11
99 (QN/Block) 	Elapsed: 0.091	Loglikelihood: -172500	(delta): 0
100 (QN/Block) 	Elapsed: 0.095	Loglikelihood: -172500	(delta): -2.91038e-11
Summary: 
Converged in 100 iterations (9.265 sec)
Loglikelihood: -172500.116797
Fst divergences between estimated populations: 
	Pop0	Pop1	Pop2	Pop3	Pop4	Pop5	
Pop0	
Pop1	0.102	
Pop2	0.107	0.050	
Pop3	0.383	0.352	0.364	
Pop4	0.120	0.107	0.104	0.387	
Pop5	0.155	0.103	0.118	0.362	0.159	
Pop6	0.093	0.073	0.071	0.371	0.094	0.139	
CV error (K=7): 0.22697
Writing output files.
