****                   ADMIXTURE Version 1.3.0                  ****
****                    Copyright 2008-2015                     ****
****           David Alexander, Suyash Shringarpure,            ****
****                John  Novembre, Ken Lange                   ****
****                                                            ****
****                 Please cite our paper!                     ****
****   Information at www.genetics.ucla.edu/software/admixture  ****

Parallel execution requested.  Will use 8 threads.
Cross-validation will be performed.  Folds=10.
Random seed: 43
Point estimation method: Block relaxation algorithm
Convergence acceleration algorithm: QuasiNewton, 3 secant conditions
Point estimation will terminate at 100 iterations
Estimation of standard errors disabled; will compute point estimates only.
Size of G: 98x940
Performing five EM steps to prime main algorithm
1 (EM) 	Elapsed: 0.005	Loglikelihood: -48155.9	(delta): 87880.8
2 (EM) 	Elapsed: 0.006	Loglikelihood: -45548.1	(delta): 2607.8
3 (EM) 	Elapsed: 0.005	Loglikelihood: -44996.4	(delta): 551.717
4 (EM) 	Elapsed: 0.006	Loglikelihood: -44661.3	(delta): 335.085
5 (EM) 	Elapsed: 0.006	Loglikelihood: -44428.7	(delta): 232.545
Initial loglikelihood: -44428.7
Starting main algorithm
1 (QN/Block) 	Elapsed: 0.012	Loglikelihood: -40787.9	(delta): 3640.79
2 (QN/Block) 	Elapsed: 0.011	Loglikelihood: -39820.9	(delta): 967.068
3 (QN/Block) 	Elapsed: 0.015	Loglikelihood: -39369	(delta): 451.863
4 (QN/Block) 	Elapsed: 0.014	Loglikelihood: -39054.7	(delta): 314.326
5 (QN/Block) 	Elapsed: 0.012	Loglikelihood: -38932.1	(delta): 122.57
6 (QN/Block) 	Elapsed: 0.013	Loglikelihood: -38901.4	(delta): 30.6814
7 (QN/Block) 	Elapsed: 0.013	Loglikelihood: -38886.7	(delta): 14.7328
8 (QN/Block) 	Elapsed: 0.013	Loglikelihood: -38877.2	(delta): 9.53159
9 (QN/Block) 	Elapsed: 0.014	Loglikelihood: -38874	(delta): 3.14085
10 (QN/Block) 	Elapsed: 0.016	Loglikelihood: -38872.4	(delta): 1.58548
11 (QN/Block) 	Elapsed: 0.016	Loglikelihood: -38871.3	(delta): 1.12951
12 (QN/Block) 	Elapsed: 0.016	Loglikelihood: -38869.4	(delta): 1.91744
13 (QN/Block) 	Elapsed: 0.016	Loglikelihood: -38865.7	(delta): 3.72716
14 (QN/Block) 	Elapsed: 0.017	Loglikelihood: -38863.5	(delta): 2.14427
15 (QN/Block) 	Elapsed: 0.015	Loglikelihood: -38862.4	(delta): 1.10922
16 (QN/Block) 	Elapsed: 0.014	Loglikelihood: -38861.2	(delta): 1.23833
17 (QN/Block) 	Elapsed: 0.013	Loglikelihood: -38860	(delta): 1.15252
18 (QN/Block) 	Elapsed: 0.012	Loglikelihood: -38859	(delta): 0.972995
19 (QN/Block) 	Elapsed: 0.013	Loglikelihood: -38859	(delta): 0.0601667
20 (QN/Block) 	Elapsed: 0.013	Loglikelihood: -38859	(delta): 0.0283166
21 (QN/Block) 	Elapsed: 0.013	Loglikelihood: -38858.9	(delta): 0.0898561
22 (QN/Block) 	Elapsed: 0.013	Loglikelihood: -38858.8	(delta): 0.0955756
23 (QN/Block) 	Elapsed: 0.015	Loglikelihood: -38858.6	(delta): 0.177933
24 (QN/Block) 	Elapsed: 0.016	Loglikelihood: -38857.6	(delta): 1.00356
25 (QN/Block) 	Elapsed: 0.015	Loglikelihood: -38856.9	(delta): 0.721456
26 (QN/Block) 	Elapsed: 0.018	Loglikelihood: -38856.8	(delta): 0.0909651
27 (QN/Block) 	Elapsed: 0.017	Loglikelihood: -38856.7	(delta): 0.0698739
28 (QN/Block) 	Elapsed: 0.016	Loglikelihood: -38856.5	(delta): 0.158432
29 (QN/Block) 	Elapsed: 0.016	Loglikelihood: -38856.3	(delta): 0.250087
30 (QN/Block) 	Elapsed: 0.016	Loglikelihood: -38855.9	(delta): 0.3876
31 (QN/Block) 	Elapsed: 0.017	Loglikelihood: -38854.9	(delta): 1.04848
32 (QN/Block) 	Elapsed: 0.016	Loglikelihood: -38854.5	(delta): 0.402096
33 (QN/Block) 	Elapsed: 0.017	Loglikelihood: -38854.3	(delta): 0.19366
34 (QN/Block) 	Elapsed: 0.017	Loglikelihood: -38854.2	(delta): 0.0990959
35 (QN/Block) 	Elapsed: 0.015	Loglikelihood: -38854	(delta): 0.194928
36 (QN/Block) 	Elapsed: 0.015	Loglikelihood: -38853.7	(delta): 0.226827
37 (QN/Block) 	Elapsed: 0.015	Loglikelihood: -38853.7	(delta): 0.045207
38 (QN/Block) 	Elapsed: 0.016	Loglikelihood: -38853.7	(delta): 0.019212
39 (QN/Block) 	Elapsed: 0.017	Loglikelihood: -38853.7	(delta): 0.00192027
40 (QN/Block) 	Elapsed: 0.016	Loglikelihood: -38853.7	(delta): 0.000775507
41 (QN/Block) 	Elapsed: 0.015	Loglikelihood: -38853.7	(delta): 9.82141e-05
42 (QN/Block) 	Elapsed: 0.015	Loglikelihood: -38853.7	(delta): 4.84361e-05
43 (QN/Block) 	Elapsed: 0.015	Loglikelihood: -38853.7	(delta): 8.96765e-06
44 (QN/Block) 	Elapsed: 0.015	Loglikelihood: -38853.7	(delta): 3.71021e-06
45 (QN/Block) 	Elapsed: 0.014	Loglikelihood: -38853.7	(delta): 2.10814e-07
46 (QN/Block) 	Elapsed: 0.014	Loglikelihood: -38853.7	(delta): 5.01896e-08
47 (QN/Block) 	Elapsed: 0.015	Loglikelihood: -38853.7	(delta): 2.0591e-09
48 (QN/Block) 	Elapsed: 0.015	Loglikelihood: -38853.7	(delta): 1.23691e-10
49 (QN/Block) 	Elapsed: 0.014	Loglikelihood: -38853.7	(delta): 2.91038e-11
50 (QN/Block) 	Elapsed: 0.015	Loglikelihood: -38853.7	(delta): 1.45519e-11
51 (QN/Block) 	Elapsed: 0.016	Loglikelihood: -38853.7	(delta): -7.27596e-12
52 (QN/Block) 	Elapsed: 0.016	Loglikelihood: -38853.7	(delta): 0
53 (QN/Block) 	Elapsed: 0.014	Loglikelihood: -38853.7	(delta): 1.45519e-11
54 (QN/Block) 	Elapsed: 0.015	Loglikelihood: -38853.7	(delta): -7.27596e-12
55 (QN/Block) 	Elapsed: 0.013	Loglikelihood: -38853.7	(delta): 0
56 (QN/Block) 	Elapsed: 0.015	Loglikelihood: -38853.7	(delta): 0
57 (QN/Block) 	Elapsed: 0.014	Loglikelihood: -38853.7	(delta): 0
58 (QN/Block) 	Elapsed: 0.014	Loglikelihood: -38853.7	(delta): 0
59 (QN/Block) 	Elapsed: 0.015	Loglikelihood: -38853.7	(delta): 7.27596e-12
60 (QN/Block) 	Elapsed: 0.017	Loglikelihood: -38853.7	(delta): -1.45519e-11
61 (QN/Block) 	Elapsed: 0.016	Loglikelihood: -38853.7	(delta): 7.27596e-12
62 (QN/Block) 	Elapsed: 0.015	Loglikelihood: -38853.7	(delta): 7.27596e-12
63 (QN/Block) 	Elapsed: 0.017	Loglikelihood: -38853.7	(delta): -1.45519e-11
64 (QN/Block) 	Elapsed: 0.016	Loglikelihood: -38853.7	(delta): 7.27596e-12
65 (QN/Block) 	Elapsed: 0.015	Loglikelihood: -38853.7	(delta): 7.27596e-12
66 (QN/Block) 	Elapsed: 0.015	Loglikelihood: -38853.7	(delta): -1.45519e-11
67 (QN/Block) 	Elapsed: 0.015	Loglikelihood: -38853.7	(delta): 7.27596e-12
68 (QN/Block) 	Elapsed: 0.014	Loglikelihood: -38853.7	(delta): 7.27596e-12
69 (QN/Block) 	Elapsed: 0.014	Loglikelihood: -38853.7	(delta): -7.27596e-12
70 (QN/Block) 	Elapsed: 0.014	Loglikelihood: -38853.7	(delta): 0
71 (QN/Block) 	Elapsed: 0.015	Loglikelihood: -38853.7	(delta): -7.27596e-12
72 (QN/Block) 	Elapsed: 0.014	Loglikelihood: -38853.7	(delta): 0
73 (QN/Block) 	Elapsed: 0.014	Loglikelihood: -38853.7	(delta): 7.27596e-12
74 (QN/Block) 	Elapsed: 0.015	Loglikelihood: -38853.7	(delta): 0
75 (QN/Block) 	Elapsed: 0.015	Loglikelihood: -38853.7	(delta): 0
76 (QN/Block) 	Elapsed: 0.013	Loglikelihood: -38853.7	(delta): 0
77 (QN/Block) 	Elapsed: 0.014	Loglikelihood: -38853.7	(delta): 0
78 (QN/Block) 	Elapsed: 0.013	Loglikelihood: -38853.7	(delta): 7.27596e-12
79 (QN/Block) 	Elapsed: 0.012	Loglikelihood: -38853.7	(delta): -1.45519e-11
80 (QN/Block) 	Elapsed: 0.011	Loglikelihood: -38853.7	(delta): 1.45519e-11
81 (QN/Block) 	Elapsed: 0.012	Loglikelihood: -38853.7	(delta): 0
82 (QN/Block) 	Elapsed: 0.013	Loglikelihood: -38853.7	(delta): -1.45519e-11
83 (QN/Block) 	Elapsed: 0.012	Loglikelihood: -38853.7	(delta): 7.27596e-12
84 (QN/Block) 	Elapsed: 0.014	Loglikelihood: -38853.7	(delta): 7.27596e-12
85 (QN/Block) 	Elapsed: 0.017	Loglikelihood: -38853.7	(delta): -1.45519e-11
86 (QN/Block) 	Elapsed: 0.015	Loglikelihood: -38853.7	(delta): 1.45519e-11
87 (QN/Block) 	Elapsed: 0.017	Loglikelihood: -38853.7	(delta): -7.27596e-12
88 (QN/Block) 	Elapsed: 0.013	Loglikelihood: -38853.7	(delta): 7.27596e-12
89 (QN/Block) 	Elapsed: 0.011	Loglikelihood: -38853.7	(delta): -7.27596e-12
90 (QN/Block) 	Elapsed: 0.013	Loglikelihood: -38853.7	(delta): -7.27596e-12
91 (QN/Block) 	Elapsed: 0.014	Loglikelihood: -38853.7	(delta): 7.27596e-12
92 (QN/Block) 	Elapsed: 0.015	Loglikelihood: -38853.7	(delta): 0
93 (QN/Block) 	Elapsed: 0.014	Loglikelihood: -38853.7	(delta): 0
94 (QN/Block) 	Elapsed: 0.014	Loglikelihood: -38853.7	(delta): 0
95 (QN/Block) 	Elapsed: 0.016	Loglikelihood: -38853.7	(delta): 0
96 (QN/Block) 	Elapsed: 0.014	Loglikelihood: -38853.7	(delta): 7.27596e-12
97 (QN/Block) 	Elapsed: 0.016	Loglikelihood: -38853.7	(delta): 0
98 (QN/Block) 	Elapsed: 0.014	Loglikelihood: -38853.7	(delta): -7.27596e-12
99 (QN/Block) 	Elapsed: 0.014	Loglikelihood: -38853.7	(delta): 7.27596e-12
100 (QN/Block) 	Elapsed: 0.014	Loglikelihood: -38853.7	(delta): -7.27596e-12
Summary: 
Converged in 100 iterations (1.587 sec)
Loglikelihood: -38853.676809
Fst divergences between estimated populations: 
	Pop0	Pop1	Pop2	
Pop0	
Pop1	0.182	
Pop2	0.041	0.181	
Pop3	0.090	0.207	0.102	
CV error (K=4): 0.34578
Writing output files.
