****                   ADMIXTURE Version 1.3.0                  ****
****                    Copyright 2008-2015                     ****
****           David Alexander, Suyash Shringarpure,            ****
****                John  Novembre, Ken Lange                   ****
****                                                            ****
****                 Please cite our paper!                     ****
****   Information at www.genetics.ucla.edu/software/admixture  ****

Parallel execution requested.  Will use 8 threads.
Cross-validation will be performed.  Folds=10.
Random seed: 43
Point estimation method: Block relaxation algorithm
Convergence acceleration algorithm: QuasiNewton, 3 secant conditions
Point estimation will terminate at 100 iterations
Estimation of standard errors disabled; will compute point estimates only.
Size of G: 98x940
Performing five EM steps to prime main algorithm
1 (EM) 	Elapsed: 0.017	Loglikelihood: -48236.9	(delta): 78835.7
2 (EM) 	Elapsed: 0.017	Loglikelihood: -45219.7	(delta): 3017.18
3 (EM) 	Elapsed: 0.017	Loglikelihood: -44567.6	(delta): 652.151
4 (EM) 	Elapsed: 0.019	Loglikelihood: -44154.7	(delta): 412.822
5 (EM) 	Elapsed: 0.017	Loglikelihood: -43822.8	(delta): 331.919
Initial loglikelihood: -43822.8
Starting main algorithm
1 (QN/Block) 	Elapsed: 0.027	Loglikelihood: -38683	(delta): 5139.84
2 (QN/Block) 	Elapsed: 0.029	Loglikelihood: -37548.4	(delta): 1134.54
3 (QN/Block) 	Elapsed: 0.026	Loglikelihood: -37007.4	(delta): 541.012
4 (QN/Block) 	Elapsed: 0.028	Loglikelihood: -36639.5	(delta): 367.953
5 (QN/Block) 	Elapsed: 0.033	Loglikelihood: -36461.7	(delta): 177.719
6 (QN/Block) 	Elapsed: 0.03	Loglikelihood: -36385.8	(delta): 75.9033
7 (QN/Block) 	Elapsed: 0.033	Loglikelihood: -36340.1	(delta): 45.7678
8 (QN/Block) 	Elapsed: 0.035	Loglikelihood: -36322.8	(delta): 17.2904
9 (QN/Block) 	Elapsed: 0.036	Loglikelihood: -36310	(delta): 12.825
10 (QN/Block) 	Elapsed: 0.034	Loglikelihood: -36299.8	(delta): 10.1654
11 (QN/Block) 	Elapsed: 0.029	Loglikelihood: -36290.7	(delta): 9.05308
12 (QN/Block) 	Elapsed: 0.03	Loglikelihood: -36281.3	(delta): 9.42678
13 (QN/Block) 	Elapsed: 0.031	Loglikelihood: -36276.3	(delta): 5.05709
14 (QN/Block) 	Elapsed: 0.033	Loglikelihood: -36265.5	(delta): 10.7261
15 (QN/Block) 	Elapsed: 0.025	Loglikelihood: -36260.3	(delta): 5.18083
16 (QN/Block) 	Elapsed: 0.03	Loglikelihood: -36256.7	(delta): 3.62543
17 (QN/Block) 	Elapsed: 0.028	Loglikelihood: -36251.1	(delta): 5.64824
18 (QN/Block) 	Elapsed: 0.032	Loglikelihood: -36247.4	(delta): 3.72156
19 (QN/Block) 	Elapsed: 0.031	Loglikelihood: -36244.9	(delta): 2.48769
20 (QN/Block) 	Elapsed: 0.032	Loglikelihood: -36242.8	(delta): 2.01275
21 (QN/Block) 	Elapsed: 0.032	Loglikelihood: -36240.1	(delta): 2.79143
22 (QN/Block) 	Elapsed: 0.031	Loglikelihood: -36238.9	(delta): 1.1821
23 (QN/Block) 	Elapsed: 0.03	Loglikelihood: -36238	(delta): 0.853434
24 (QN/Block) 	Elapsed: 0.034	Loglikelihood: -36237.8	(delta): 0.264071
25 (QN/Block) 	Elapsed: 0.033	Loglikelihood: -36237.5	(delta): 0.257084
26 (QN/Block) 	Elapsed: 0.029	Loglikelihood: -36237.1	(delta): 0.387322
27 (QN/Block) 	Elapsed: 0.032	Loglikelihood: -36236.9	(delta): 0.235276
28 (QN/Block) 	Elapsed: 0.035	Loglikelihood: -36236.3	(delta): 0.606246
29 (QN/Block) 	Elapsed: 0.034	Loglikelihood: -36235.3	(delta): 0.982181
30 (QN/Block) 	Elapsed: 0.033	Loglikelihood: -36234.5	(delta): 0.827804
31 (QN/Block) 	Elapsed: 0.033	Loglikelihood: -36233.9	(delta): 0.516253
32 (QN/Block) 	Elapsed: 0.033	Loglikelihood: -36233.7	(delta): 0.264291
33 (QN/Block) 	Elapsed: 0.035	Loglikelihood: -36233	(delta): 0.634669
34 (QN/Block) 	Elapsed: 0.028	Loglikelihood: -36231.3	(delta): 1.71329
35 (QN/Block) 	Elapsed: 0.028	Loglikelihood: -36229.9	(delta): 1.40034
36 (QN/Block) 	Elapsed: 0.031	Loglikelihood: -36229	(delta): 0.885726
37 (QN/Block) 	Elapsed: 0.033	Loglikelihood: -36228.2	(delta): 0.817257
38 (QN/Block) 	Elapsed: 0.033	Loglikelihood: -36228.1	(delta): 0.147311
39 (QN/Block) 	Elapsed: 0.035	Loglikelihood: -36228	(delta): 0.12562
40 (QN/Block) 	Elapsed: 0.035	Loglikelihood: -36227.4	(delta): 0.545717
41 (QN/Block) 	Elapsed: 0.039	Loglikelihood: -36227	(delta): 0.372857
42 (QN/Block) 	Elapsed: 0.037	Loglikelihood: -36226.7	(delta): 0.337906
43 (QN/Block) 	Elapsed: 0.032	Loglikelihood: -36226.1	(delta): 0.630385
44 (QN/Block) 	Elapsed: 0.037	Loglikelihood: -36225.5	(delta): 0.583548
45 (QN/Block) 	Elapsed: 0.033	Loglikelihood: -36225.4	(delta): 0.0388946
46 (QN/Block) 	Elapsed: 0.032	Loglikelihood: -36225.4	(delta): 0.0282261
47 (QN/Block) 	Elapsed: 0.035	Loglikelihood: -36225.4	(delta): 0.0266725
48 (QN/Block) 	Elapsed: 0.034	Loglikelihood: -36225.3	(delta): 0.046834
49 (QN/Block) 	Elapsed: 0.038	Loglikelihood: -36225.3	(delta): 0.0297783
50 (QN/Block) 	Elapsed: 0.038	Loglikelihood: -36225.3	(delta): 0.00985475
51 (QN/Block) 	Elapsed: 0.033	Loglikelihood: -36225.3	(delta): 0.0173928
52 (QN/Block) 	Elapsed: 0.031	Loglikelihood: -36225.3	(delta): 0.0036263
53 (QN/Block) 	Elapsed: 0.03	Loglikelihood: -36225.3	(delta): 0.000650879
54 (QN/Block) 	Elapsed: 0.027	Loglikelihood: -36225.3	(delta): 6.53154e-05
55 (QN/Block) 	Elapsed: 0.031	Loglikelihood: -36225.3	(delta): 4.95452e-06
56 (QN/Block) 	Elapsed: 0.032	Loglikelihood: -36225.3	(delta): 1.66571e-06
57 (QN/Block) 	Elapsed: 0.033	Loglikelihood: -36225.3	(delta): 3.73722e-07
58 (QN/Block) 	Elapsed: 0.033	Loglikelihood: -36225.3	(delta): 1.6611e-08
59 (QN/Block) 	Elapsed: 0.028	Loglikelihood: -36225.3	(delta): 1.58616e-09
60 (QN/Block) 	Elapsed: 0.027	Loglikelihood: -36225.3	(delta): 1.09139e-10
61 (QN/Block) 	Elapsed: 0.027	Loglikelihood: -36225.3	(delta): 2.91038e-11
62 (QN/Block) 	Elapsed: 0.03	Loglikelihood: -36225.3	(delta): 7.27596e-12
63 (QN/Block) 	Elapsed: 0.033	Loglikelihood: -36225.3	(delta): 0
64 (QN/Block) 	Elapsed: 0.035	Loglikelihood: -36225.3	(delta): 0
65 (QN/Block) 	Elapsed: 0.038	Loglikelihood: -36225.3	(delta): -7.27596e-12
66 (QN/Block) 	Elapsed: 0.037	Loglikelihood: -36225.3	(delta): 0
67 (QN/Block) 	Elapsed: 0.037	Loglikelihood: -36225.3	(delta): 7.27596e-12
68 (QN/Block) 	Elapsed: 0.041	Loglikelihood: -36225.3	(delta): 0
69 (QN/Block) 	Elapsed: 0.035	Loglikelihood: -36225.3	(delta): 0
70 (QN/Block) 	Elapsed: 0.028	Loglikelihood: -36225.3	(delta): 0
71 (QN/Block) 	Elapsed: 0.029	Loglikelihood: -36225.3	(delta): 0
72 (QN/Block) 	Elapsed: 0.028	Loglikelihood: -36225.3	(delta): 0
73 (QN/Block) 	Elapsed: 0.034	Loglikelihood: -36225.3	(delta): 0
74 (QN/Block) 	Elapsed: 0.034	Loglikelihood: -36225.3	(delta): 0
75 (QN/Block) 	Elapsed: 0.035	Loglikelihood: -36225.3	(delta): -7.27596e-12
76 (QN/Block) 	Elapsed: 0.034	Loglikelihood: -36225.3	(delta): 7.27596e-12
77 (QN/Block) 	Elapsed: 0.03	Loglikelihood: -36225.3	(delta): -7.27596e-12
78 (QN/Block) 	Elapsed: 0.031	Loglikelihood: -36225.3	(delta): 0
79 (QN/Block) 	Elapsed: 0.034	Loglikelihood: -36225.3	(delta): 7.27596e-12
80 (QN/Block) 	Elapsed: 0.034	Loglikelihood: -36225.3	(delta): 0
81 (QN/Block) 	Elapsed: 0.034	Loglikelihood: -36225.3	(delta): 0
82 (QN/Block) 	Elapsed: 0.031	Loglikelihood: -36225.3	(delta): -7.27596e-12
83 (QN/Block) 	Elapsed: 0.033	Loglikelihood: -36225.3	(delta): 7.27596e-12
84 (QN/Block) 	Elapsed: 0.03	Loglikelihood: -36225.3	(delta): -7.27596e-12
85 (QN/Block) 	Elapsed: 0.032	Loglikelihood: -36225.3	(delta): 7.27596e-12
86 (QN/Block) 	Elapsed: 0.032	Loglikelihood: -36225.3	(delta): 0
87 (QN/Block) 	Elapsed: 0.034	Loglikelihood: -36225.3	(delta): -7.27596e-12
88 (QN/Block) 	Elapsed: 0.032	Loglikelihood: -36225.3	(delta): 7.27596e-12
89 (QN/Block) 	Elapsed: 0.033	Loglikelihood: -36225.3	(delta): -7.27596e-12
90 (QN/Block) 	Elapsed: 0.037	Loglikelihood: -36225.3	(delta): 0
91 (QN/Block) 	Elapsed: 0.038	Loglikelihood: -36225.3	(delta): 0
92 (QN/Block) 	Elapsed: 0.038	Loglikelihood: -36225.3	(delta): 0
93 (QN/Block) 	Elapsed: 0.034	Loglikelihood: -36225.3	(delta): 0
94 (QN/Block) 	Elapsed: 0.039	Loglikelihood: -36225.3	(delta): 7.27596e-12
95 (QN/Block) 	Elapsed: 0.039	Loglikelihood: -36225.3	(delta): -7.27596e-12
96 (QN/Block) 	Elapsed: 0.038	Loglikelihood: -36225.3	(delta): 7.27596e-12
97 (QN/Block) 	Elapsed: 0.038	Loglikelihood: -36225.3	(delta): 0
98 (QN/Block) 	Elapsed: 0.039	Loglikelihood: -36225.3	(delta): 0
99 (QN/Block) 	Elapsed: 0.03	Loglikelihood: -36225.3	(delta): -7.27596e-12
100 (QN/Block) 	Elapsed: 0.038	Loglikelihood: -36225.3	(delta): 7.27596e-12
Summary: 
Converged in 100 iterations (3.493 sec)
Loglikelihood: -36225.285458
Fst divergences between estimated populations: 
	Pop0	Pop1	Pop2	Pop3	Pop4	Pop5	Pop6	Pop7	Pop8	
Pop0	
Pop1	0.129	
Pop2	0.069	0.132	
Pop3	0.206	0.251	0.212	
Pop4	0.080	0.132	0.078	0.218	
Pop5	0.221	0.265	0.221	0.088	0.224	
Pop6	0.080	0.158	0.101	0.217	0.102	0.228	
Pop7	0.212	0.258	0.215	0.088	0.222	0.093	0.216	
Pop8	0.083	0.144	0.082	0.222	0.097	0.229	0.104	0.224	
Pop9	0.229	0.264	0.228	0.101	0.234	0.104	0.232	0.100	0.233	
CV error (K=10): 0.44889
Writing output files.
