****                   ADMIXTURE Version 1.3.0                  ****
****                    Copyright 2008-2015                     ****
****           David Alexander, Suyash Shringarpure,            ****
****                John  Novembre, Ken Lange                   ****
****                                                            ****
****                 Please cite our paper!                     ****
****   Information at www.genetics.ucla.edu/software/admixture  ****

Parallel execution requested.  Will use 8 threads.
Cross-validation will be performed.  Folds=10.
Random seed: 43
Point estimation method: Block relaxation algorithm
Convergence acceleration algorithm: QuasiNewton, 3 secant conditions
Point estimation will terminate at 100 iterations
Estimation of standard errors disabled; will compute point estimates only.
Size of G: 98x940
Performing five EM steps to prime main algorithm
1 (EM) 	Elapsed: 0.013	Loglikelihood: -48418.6	(delta): 79310.1
2 (EM) 	Elapsed: 0.014	Loglikelihood: -45405.6	(delta): 3012.95
3 (EM) 	Elapsed: 0.013	Loglikelihood: -44754.4	(delta): 651.242
4 (EM) 	Elapsed: 0.014	Loglikelihood: -44350.8	(delta): 403.584
5 (EM) 	Elapsed: 0.015	Loglikelihood: -44040.4	(delta): 310.367
Initial loglikelihood: -44040.4
Starting main algorithm
1 (QN/Block) 	Elapsed: 0.021	Loglikelihood: -39019.3	(delta): 5021.1
2 (QN/Block) 	Elapsed: 0.023	Loglikelihood: -37835.1	(delta): 1184.21
3 (QN/Block) 	Elapsed: 0.026	Loglikelihood: -37369.6	(delta): 465.509
4 (QN/Block) 	Elapsed: 0.025	Loglikelihood: -37109.6	(delta): 260.021
5 (QN/Block) 	Elapsed: 0.024	Loglikelihood: -36971.4	(delta): 138.159
6 (QN/Block) 	Elapsed: 0.027	Loglikelihood: -36896.1	(delta): 75.3613
7 (QN/Block) 	Elapsed: 0.027	Loglikelihood: -36847.6	(delta): 48.4356
8 (QN/Block) 	Elapsed: 0.023	Loglikelihood: -36808.4	(delta): 39.229
9 (QN/Block) 	Elapsed: 0.023	Loglikelihood: -36787.7	(delta): 20.685
10 (QN/Block) 	Elapsed: 0.026	Loglikelihood: -36767.9	(delta): 19.8553
11 (QN/Block) 	Elapsed: 0.025	Loglikelihood: -36755.3	(delta): 12.5547
12 (QN/Block) 	Elapsed: 0.023	Loglikelihood: -36747.6	(delta): 7.74398
13 (QN/Block) 	Elapsed: 0.031	Loglikelihood: -36736.4	(delta): 11.1584
14 (QN/Block) 	Elapsed: 0.024	Loglikelihood: -36730.2	(delta): 6.2472
15 (QN/Block) 	Elapsed: 0.021	Loglikelihood: -36724.4	(delta): 5.79741
16 (QN/Block) 	Elapsed: 0.024	Loglikelihood: -36721.5	(delta): 2.87702
17 (QN/Block) 	Elapsed: 0.027	Loglikelihood: -36718.7	(delta): 2.80717
18 (QN/Block) 	Elapsed: 0.027	Loglikelihood: -36717.7	(delta): 0.966049
19 (QN/Block) 	Elapsed: 0.029	Loglikelihood: -36716.4	(delta): 1.32673
20 (QN/Block) 	Elapsed: 0.031	Loglikelihood: -36714.3	(delta): 2.08377
21 (QN/Block) 	Elapsed: 0.036	Loglikelihood: -36710.7	(delta): 3.61222
22 (QN/Block) 	Elapsed: 0.029	Loglikelihood: -36709.2	(delta): 1.48554
23 (QN/Block) 	Elapsed: 0.024	Loglikelihood: -36707.5	(delta): 1.70039
24 (QN/Block) 	Elapsed: 0.023	Loglikelihood: -36705.2	(delta): 2.2705
25 (QN/Block) 	Elapsed: 0.027	Loglikelihood: -36702	(delta): 3.22509
26 (QN/Block) 	Elapsed: 0.024	Loglikelihood: -36700.4	(delta): 1.56176
27 (QN/Block) 	Elapsed: 0.028	Loglikelihood: -36699.7	(delta): 0.761883
28 (QN/Block) 	Elapsed: 0.027	Loglikelihood: -36698.3	(delta): 1.36631
29 (QN/Block) 	Elapsed: 0.027	Loglikelihood: -36696.8	(delta): 1.48097
30 (QN/Block) 	Elapsed: 0.025	Loglikelihood: -36694.1	(delta): 2.69474
31 (QN/Block) 	Elapsed: 0.024	Loglikelihood: -36691.2	(delta): 2.95832
32 (QN/Block) 	Elapsed: 0.028	Loglikelihood: -36690	(delta): 1.17608
33 (QN/Block) 	Elapsed: 0.026	Loglikelihood: -36689.4	(delta): 0.612682
34 (QN/Block) 	Elapsed: 0.028	Loglikelihood: -36689	(delta): 0.372836
35 (QN/Block) 	Elapsed: 0.029	Loglikelihood: -36688.4	(delta): 0.634165
36 (QN/Block) 	Elapsed: 0.023	Loglikelihood: -36687	(delta): 1.34857
37 (QN/Block) 	Elapsed: 0.021	Loglikelihood: -36685.7	(delta): 1.37304
38 (QN/Block) 	Elapsed: 0.025	Loglikelihood: -36684.3	(delta): 1.32974
39 (QN/Block) 	Elapsed: 0.026	Loglikelihood: -36683.4	(delta): 0.949828
40 (QN/Block) 	Elapsed: 0.028	Loglikelihood: -36681.6	(delta): 1.74433
41 (QN/Block) 	Elapsed: 0.028	Loglikelihood: -36679.5	(delta): 2.12833
42 (QN/Block) 	Elapsed: 0.03	Loglikelihood: -36679.3	(delta): 0.231377
43 (QN/Block) 	Elapsed: 0.029	Loglikelihood: -36679	(delta): 0.302065
44 (QN/Block) 	Elapsed: 0.028	Loglikelihood: -36678.9	(delta): 0.108693
45 (QN/Block) 	Elapsed: 0.025	Loglikelihood: -36678.5	(delta): 0.410502
46 (QN/Block) 	Elapsed: 0.023	Loglikelihood: -36677.8	(delta): 0.650474
47 (QN/Block) 	Elapsed: 0.022	Loglikelihood: -36677.7	(delta): 0.0852718
48 (QN/Block) 	Elapsed: 0.02	Loglikelihood: -36677.4	(delta): 0.36786
49 (QN/Block) 	Elapsed: 0.024	Loglikelihood: -36677.1	(delta): 0.218934
50 (QN/Block) 	Elapsed: 0.046	Loglikelihood: -36677.1	(delta): 0.0728944
51 (QN/Block) 	Elapsed: 0.06	Loglikelihood: -36676.9	(delta): 0.153429
52 (QN/Block) 	Elapsed: 0.056	Loglikelihood: -36676.4	(delta): 0.550848
53 (QN/Block) 	Elapsed: 0.038	Loglikelihood: -36675.5	(delta): 0.908787
54 (QN/Block) 	Elapsed: 0.044	Loglikelihood: -36674.4	(delta): 1.07438
55 (QN/Block) 	Elapsed: 0.049	Loglikelihood: -36673.9	(delta): 0.438829
56 (QN/Block) 	Elapsed: 0.121	Loglikelihood: -36673.8	(delta): 0.1083
57 (QN/Block) 	Elapsed: 0.149	Loglikelihood: -36673.7	(delta): 0.16898
58 (QN/Block) 	Elapsed: 0.188	Loglikelihood: -36673.5	(delta): 0.145394
59 (QN/Block) 	Elapsed: 0.049	Loglikelihood: -36673.5	(delta): 0.0504061
60 (QN/Block) 	Elapsed: 0.045	Loglikelihood: -36673.4	(delta): 0.0980713
61 (QN/Block) 	Elapsed: 0.055	Loglikelihood: -36672.6	(delta): 0.794968
62 (QN/Block) 	Elapsed: 0.069	Loglikelihood: -36672.5	(delta): 0.118709
63 (QN/Block) 	Elapsed: 0.044	Loglikelihood: -36672.5	(delta): 0.0029316
64 (QN/Block) 	Elapsed: 0.047	Loglikelihood: -36672.5	(delta): 0.000258898
65 (QN/Block) 	Elapsed: 0.036	Loglikelihood: -36672.5	(delta): 6.1703e-06
66 (QN/Block) 	Elapsed: 0.032	Loglikelihood: -36672.5	(delta): 1.03289e-07
67 (QN/Block) 	Elapsed: 0.035	Loglikelihood: -36672.5	(delta): 1.57888e-09
68 (QN/Block) 	Elapsed: 0.043	Loglikelihood: -36672.5	(delta): 5.09317e-11
69 (QN/Block) 	Elapsed: 0.075	Loglikelihood: -36672.5	(delta): 7.27596e-12
70 (QN/Block) 	Elapsed: 0.034	Loglikelihood: -36672.5	(delta): 7.27596e-12
71 (QN/Block) 	Elapsed: 0.033	Loglikelihood: -36672.5	(delta): -7.27596e-12
72 (QN/Block) 	Elapsed: 0.028	Loglikelihood: -36672.5	(delta): 0
73 (QN/Block) 	Elapsed: 0.034	Loglikelihood: -36672.5	(delta): 0
74 (QN/Block) 	Elapsed: 0.038	Loglikelihood: -36672.5	(delta): 0
75 (QN/Block) 	Elapsed: 0.033	Loglikelihood: -36672.5	(delta): 0
76 (QN/Block) 	Elapsed: 0.032	Loglikelihood: -36672.5	(delta): 0
77 (QN/Block) 	Elapsed: 0.036	Loglikelihood: -36672.5	(delta): 0
78 (QN/Block) 	Elapsed: 0.034	Loglikelihood: -36672.5	(delta): 0
79 (QN/Block) 	Elapsed: 0.032	Loglikelihood: -36672.5	(delta): -7.27596e-12
80 (QN/Block) 	Elapsed: 0.031	Loglikelihood: -36672.5	(delta): 7.27596e-12
81 (QN/Block) 	Elapsed: 0.032	Loglikelihood: -36672.5	(delta): 0
82 (QN/Block) 	Elapsed: 0.03	Loglikelihood: -36672.5	(delta): -7.27596e-12
83 (QN/Block) 	Elapsed: 0.028	Loglikelihood: -36672.5	(delta): 7.27596e-12
84 (QN/Block) 	Elapsed: 0.034	Loglikelihood: -36672.5	(delta): -7.27596e-12
85 (QN/Block) 	Elapsed: 0.029	Loglikelihood: -36672.5	(delta): 0
86 (QN/Block) 	Elapsed: 0.034	Loglikelihood: -36672.5	(delta): 7.27596e-12
87 (QN/Block) 	Elapsed: 0.03	Loglikelihood: -36672.5	(delta): -7.27596e-12
88 (QN/Block) 	Elapsed: 0.03	Loglikelihood: -36672.5	(delta): 0
89 (QN/Block) 	Elapsed: 0.034	Loglikelihood: -36672.5	(delta): 0
90 (QN/Block) 	Elapsed: 0.053	Loglikelihood: -36672.5	(delta): 7.27596e-12
91 (QN/Block) 	Elapsed: 0.041	Loglikelihood: -36672.5	(delta): -7.27596e-12
92 (QN/Block) 	Elapsed: 0.033	Loglikelihood: -36672.5	(delta): 0
93 (QN/Block) 	Elapsed: 0.046	Loglikelihood: -36672.5	(delta): 7.27596e-12
94 (QN/Block) 	Elapsed: 0.033	Loglikelihood: -36672.5	(delta): 0
95 (QN/Block) 	Elapsed: 0.031	Loglikelihood: -36672.5	(delta): 0
96 (QN/Block) 	Elapsed: 0.027	Loglikelihood: -36672.5	(delta): 0
97 (QN/Block) 	Elapsed: 0.029	Loglikelihood: -36672.5	(delta): 0
98 (QN/Block) 	Elapsed: 0.028	Loglikelihood: -36672.5	(delta): -7.27596e-12
99 (QN/Block) 	Elapsed: 0.037	Loglikelihood: -36672.5	(delta): 7.27596e-12
100 (QN/Block) 	Elapsed: 0.034	Loglikelihood: -36672.5	(delta): 0
Summary: 
Converged in 100 iterations (3.791 sec)
Loglikelihood: -36672.452323
Fst divergences between estimated populations: 
	Pop0	Pop1	Pop2	Pop3	Pop4	Pop5	Pop6	Pop7	
Pop0	
Pop1	0.113	
Pop2	0.201	0.224	
Pop3	0.079	0.129	0.215	
Pop4	0.217	0.231	0.077	0.229	
Pop5	0.212	0.234	0.068	0.229	0.082	
Pop6	0.174	0.200	0.270	0.175	0.283	0.277	
Pop7	0.081	0.121	0.205	0.089	0.223	0.214	0.170	
Pop8	0.086	0.116	0.215	0.077	0.226	0.225	0.174	0.090	
CV error (K=9): 0.42650
Writing output files.
