****                   ADMIXTURE Version 1.3.0                  ****
****                    Copyright 2008-2015                     ****
****           David Alexander, Suyash Shringarpure,            ****
****                John  Novembre, Ken Lange                   ****
****                                                            ****
****                 Please cite our paper!                     ****
****   Information at www.genetics.ucla.edu/software/admixture  ****

Parallel execution requested.  Will use 8 threads.
Cross-validation will be performed.  Folds=10.
Random seed: 43
Point estimation method: Block relaxation algorithm
Convergence acceleration algorithm: QuasiNewton, 3 secant conditions
Point estimation will terminate at 100 iterations
Estimation of standard errors disabled; will compute point estimates only.
Size of G: 98x940
Performing five EM steps to prime main algorithm
1 (EM) 	Elapsed: 0.011	Loglikelihood: -48222.1	(delta): 82885.3
2 (EM) 	Elapsed: 0.011	Loglikelihood: -45337	(delta): 2885.09
3 (EM) 	Elapsed: 0.011	Loglikelihood: -44706.9	(delta): 630.128
4 (EM) 	Elapsed: 0.011	Loglikelihood: -44323.2	(delta): 383.655
5 (EM) 	Elapsed: 0.01	Loglikelihood: -44024.4	(delta): 298.861
Initial loglikelihood: -44024.4
Starting main algorithm
1 (QN/Block) 	Elapsed: 0.021	Loglikelihood: -39397.1	(delta): 4627.3
2 (QN/Block) 	Elapsed: 0.02	Loglikelihood: -38449.3	(delta): 947.741
3 (QN/Block) 	Elapsed: 0.022	Loglikelihood: -38045.7	(delta): 403.596
4 (QN/Block) 	Elapsed: 0.021	Loglikelihood: -37813.5	(delta): 232.271
5 (QN/Block) 	Elapsed: 0.019	Loglikelihood: -37659.4	(delta): 154.067
6 (QN/Block) 	Elapsed: 0.02	Loglikelihood: -37587.8	(delta): 71.5936
7 (QN/Block) 	Elapsed: 0.022	Loglikelihood: -37546.7	(delta): 41.1536
8 (QN/Block) 	Elapsed: 0.021	Loglikelihood: -37524.7	(delta): 22.0077
9 (QN/Block) 	Elapsed: 0.021	Loglikelihood: -37512.6	(delta): 12.0361
10 (QN/Block) 	Elapsed: 0.021	Loglikelihood: -37505.2	(delta): 7.44365
11 (QN/Block) 	Elapsed: 0.023	Loglikelihood: -37500.1	(delta): 5.07202
12 (QN/Block) 	Elapsed: 0.02	Loglikelihood: -37493.9	(delta): 6.16186
13 (QN/Block) 	Elapsed: 0.021	Loglikelihood: -37488.2	(delta): 5.73731
14 (QN/Block) 	Elapsed: 0.015	Loglikelihood: -37480.9	(delta): 7.34402
15 (QN/Block) 	Elapsed: 0.018	Loglikelihood: -37476	(delta): 4.90579
16 (QN/Block) 	Elapsed: 0.021	Loglikelihood: -37472.4	(delta): 3.53172
17 (QN/Block) 	Elapsed: 0.019	Loglikelihood: -37471.9	(delta): 0.550758
18 (QN/Block) 	Elapsed: 0.02	Loglikelihood: -37471.4	(delta): 0.495531
19 (QN/Block) 	Elapsed: 0.021	Loglikelihood: -37471	(delta): 0.388254
20 (QN/Block) 	Elapsed: 0.02	Loglikelihood: -37470.8	(delta): 0.168478
21 (QN/Block) 	Elapsed: 0.022	Loglikelihood: -37470.7	(delta): 0.0722814
22 (QN/Block) 	Elapsed: 0.02	Loglikelihood: -37470.7	(delta): 0.00606884
23 (QN/Block) 	Elapsed: 0.019	Loglikelihood: -37470.7	(delta): 0.00667323
24 (QN/Block) 	Elapsed: 0.017	Loglikelihood: -37470.7	(delta): 0.00287492
25 (QN/Block) 	Elapsed: 0.017	Loglikelihood: -37470.7	(delta): 0.00177049
26 (QN/Block) 	Elapsed: 0.02	Loglikelihood: -37470.7	(delta): 0.00180854
27 (QN/Block) 	Elapsed: 0.021	Loglikelihood: -37470.7	(delta): 0.009404
28 (QN/Block) 	Elapsed: 0.022	Loglikelihood: -37470.7	(delta): 0.00617235
29 (QN/Block) 	Elapsed: 0.021	Loglikelihood: -37470.7	(delta): 0.0100993
30 (QN/Block) 	Elapsed: 0.02	Loglikelihood: -37470.7	(delta): 0.00850146
31 (QN/Block) 	Elapsed: 0.023	Loglikelihood: -37470.7	(delta): 0.00272381
32 (QN/Block) 	Elapsed: 0.02	Loglikelihood: -37470.7	(delta): 0.00181082
33 (QN/Block) 	Elapsed: 0.02	Loglikelihood: -37470.7	(delta): 0.000441199
34 (QN/Block) 	Elapsed: 0.019	Loglikelihood: -37470.7	(delta): 0.000236989
35 (QN/Block) 	Elapsed: 0.023	Loglikelihood: -37470.7	(delta): 0.000427345
36 (QN/Block) 	Elapsed: 0.023	Loglikelihood: -37470.7	(delta): 0.000835099
37 (QN/Block) 	Elapsed: 0.022	Loglikelihood: -37470.7	(delta): 0.001672
38 (QN/Block) 	Elapsed: 0.022	Loglikelihood: -37470.7	(delta): 0.00337316
39 (QN/Block) 	Elapsed: 0.021	Loglikelihood: -37470.7	(delta): 0.00681015
40 (QN/Block) 	Elapsed: 0.018	Loglikelihood: -37470.7	(delta): 0.0137107
41 (QN/Block) 	Elapsed: 0.021	Loglikelihood: -37470.6	(delta): 0.0275011
42 (QN/Block) 	Elapsed: 0.018	Loglikelihood: -37470.6	(delta): 0.0548226
43 (QN/Block) 	Elapsed: 0.018	Loglikelihood: -37470.5	(delta): 0.108303
44 (QN/Block) 	Elapsed: 0.017	Loglikelihood: -37470.4	(delta): 0.077695
45 (QN/Block) 	Elapsed: 0.019	Loglikelihood: -37470.4	(delta): 0.00238658
46 (QN/Block) 	Elapsed: 0.022	Loglikelihood: -37470.4	(delta): 0.00368845
47 (QN/Block) 	Elapsed: 0.021	Loglikelihood: -37470.4	(delta): 0.000496418
48 (QN/Block) 	Elapsed: 0.022	Loglikelihood: -37470.4	(delta): 0.000103001
49 (QN/Block) 	Elapsed: 0.021	Loglikelihood: -37470.4	(delta): 1.54982e-05
50 (QN/Block) 	Elapsed: 0.022	Loglikelihood: -37470.4	(delta): 2.90112e-06
51 (QN/Block) 	Elapsed: 0.022	Loglikelihood: -37470.4	(delta): 5.59288e-07
52 (QN/Block) 	Elapsed: 0.022	Loglikelihood: -37470.4	(delta): 7.86604e-08
53 (QN/Block) 	Elapsed: 0.023	Loglikelihood: -37470.4	(delta): 2.05764e-08
54 (QN/Block) 	Elapsed: 0.022	Loglikelihood: -37470.4	(delta): 2.91038e-09
55 (QN/Block) 	Elapsed: 0.021	Loglikelihood: -37470.4	(delta): 4.29281e-10
56 (QN/Block) 	Elapsed: 0.018	Loglikelihood: -37470.4	(delta): 1.52795e-10
57 (QN/Block) 	Elapsed: 0.019	Loglikelihood: -37470.4	(delta): 2.18279e-11
58 (QN/Block) 	Elapsed: 0.02	Loglikelihood: -37470.4	(delta): 7.27596e-12
59 (QN/Block) 	Elapsed: 0.021	Loglikelihood: -37470.4	(delta): 7.27596e-12
60 (QN/Block) 	Elapsed: 0.016	Loglikelihood: -37470.4	(delta): 0
61 (QN/Block) 	Elapsed: 0.021	Loglikelihood: -37470.4	(delta): -7.27596e-12
62 (QN/Block) 	Elapsed: 0.021	Loglikelihood: -37470.4	(delta): 7.27596e-12
63 (QN/Block) 	Elapsed: 0.02	Loglikelihood: -37470.4	(delta): -7.27596e-12
64 (QN/Block) 	Elapsed: 0.021	Loglikelihood: -37470.4	(delta): 7.27596e-12
65 (QN/Block) 	Elapsed: 0.023	Loglikelihood: -37470.4	(delta): 0
66 (QN/Block) 	Elapsed: 0.021	Loglikelihood: -37470.4	(delta): 0
67 (QN/Block) 	Elapsed: 0.021	Loglikelihood: -37470.4	(delta): -7.27596e-12
68 (QN/Block) 	Elapsed: 0.021	Loglikelihood: -37470.4	(delta): 7.27596e-12
69 (QN/Block) 	Elapsed: 0.02	Loglikelihood: -37470.4	(delta): 0
70 (QN/Block) 	Elapsed: 0.019	Loglikelihood: -37470.4	(delta): -7.27596e-12
71 (QN/Block) 	Elapsed: 0.018	Loglikelihood: -37470.4	(delta): 0
72 (QN/Block) 	Elapsed: 0.023	Loglikelihood: -37470.4	(delta): 0
73 (QN/Block) 	Elapsed: 0.02	Loglikelihood: -37470.4	(delta): 0
74 (QN/Block) 	Elapsed: 0.018	Loglikelihood: -37470.4	(delta): 0
75 (QN/Block) 	Elapsed: 0.019	Loglikelihood: -37470.4	(delta): 0
76 (QN/Block) 	Elapsed: 0.022	Loglikelihood: -37470.4	(delta): 7.27596e-12
77 (QN/Block) 	Elapsed: 0.02	Loglikelihood: -37470.4	(delta): -7.27596e-12
78 (QN/Block) 	Elapsed: 0.016	Loglikelihood: -37470.4	(delta): 7.27596e-12
79 (QN/Block) 	Elapsed: 0.02	Loglikelihood: -37470.4	(delta): -7.27596e-12
80 (QN/Block) 	Elapsed: 0.023	Loglikelihood: -37470.4	(delta): 7.27596e-12
81 (QN/Block) 	Elapsed: 0.021	Loglikelihood: -37470.4	(delta): -7.27596e-12
82 (QN/Block) 	Elapsed: 0.019	Loglikelihood: -37470.4	(delta): 7.27596e-12
83 (QN/Block) 	Elapsed: 0.022	Loglikelihood: -37470.4	(delta): 7.27596e-12
84 (QN/Block) 	Elapsed: 0.021	Loglikelihood: -37470.4	(delta): -1.45519e-11
85 (QN/Block) 	Elapsed: 0.022	Loglikelihood: -37470.4	(delta): 0
86 (QN/Block) 	Elapsed: 0.02	Loglikelihood: -37470.4	(delta): 7.27596e-12
87 (QN/Block) 	Elapsed: 0.018	Loglikelihood: -37470.4	(delta): -7.27596e-12
88 (QN/Block) 	Elapsed: 0.02	Loglikelihood: -37470.4	(delta): 0
89 (QN/Block) 	Elapsed: 0.021	Loglikelihood: -37470.4	(delta): 0
90 (QN/Block) 	Elapsed: 0.022	Loglikelihood: -37470.4	(delta): 0
91 (QN/Block) 	Elapsed: 0.021	Loglikelihood: -37470.4	(delta): 0
92 (QN/Block) 	Elapsed: 0.02	Loglikelihood: -37470.4	(delta): 0
93 (QN/Block) 	Elapsed: 0.022	Loglikelihood: -37470.4	(delta): 0
94 (QN/Block) 	Elapsed: 0.023	Loglikelihood: -37470.4	(delta): 0
95 (QN/Block) 	Elapsed: 0.023	Loglikelihood: -37470.4	(delta): 7.27596e-12
96 (QN/Block) 	Elapsed: 0.025	Loglikelihood: -37470.4	(delta): -7.27596e-12
97 (QN/Block) 	Elapsed: 0.023	Loglikelihood: -37470.4	(delta): 0
98 (QN/Block) 	Elapsed: 0.022	Loglikelihood: -37470.4	(delta): 0
99 (QN/Block) 	Elapsed: 0.02	Loglikelihood: -37470.4	(delta): 0
100 (QN/Block) 	Elapsed: 0.02	Loglikelihood: -37470.4	(delta): 0
Summary: 
Converged in 100 iterations (2.212 sec)
Loglikelihood: -37470.383860
Fst divergences between estimated populations: 
	Pop0	Pop1	Pop2	Pop3	Pop4	Pop5	
Pop0	
Pop1	0.069	
Pop2	0.214	0.215	
Pop3	0.226	0.234	0.107	
Pop4	0.066	0.074	0.211	0.225	
Pop5	0.197	0.201	0.073	0.106	0.195	
Pop6	0.066	0.065	0.212	0.228	0.067	0.197	
CV error (K=7): 0.40064
Writing output files.
