****                   ADMIXTURE Version 1.3.0                  ****
****                    Copyright 2008-2015                     ****
****           David Alexander, Suyash Shringarpure,            ****
****                John  Novembre, Ken Lange                   ****
****                                                            ****
****                 Please cite our paper!                     ****
****   Information at www.genetics.ucla.edu/software/admixture  ****

Parallel execution requested.  Will use 8 threads.
Cross-validation will be performed.  Folds=10.
Random seed: 43
Point estimation method: Block relaxation algorithm
Convergence acceleration algorithm: QuasiNewton, 3 secant conditions
Point estimation will terminate at 100 iterations
Estimation of standard errors disabled; will compute point estimates only.
Size of G: 92x945
Performing five EM steps to prime main algorithm
1 (EM) 	Elapsed: 0.01	Loglikelihood: -45513.4	(delta): 76427.9
2 (EM) 	Elapsed: 0.01	Loglikelihood: -42664	(delta): 2849.4
3 (EM) 	Elapsed: 0.011	Loglikelihood: -42080.4	(delta): 583.565
4 (EM) 	Elapsed: 0.01	Loglikelihood: -41703.5	(delta): 376.941
5 (EM) 	Elapsed: 0.01	Loglikelihood: -41400.4	(delta): 303.029
Initial loglikelihood: -41400.4
Starting main algorithm
1 (QN/Block) 	Elapsed: 0.017	Loglikelihood: -36651.8	(delta): 4748.63
2 (QN/Block) 	Elapsed: 0.018	Loglikelihood: -35508.5	(delta): 1143.31
3 (QN/Block) 	Elapsed: 0.017	Loglikelihood: -35020.1	(delta): 488.445
4 (QN/Block) 	Elapsed: 0.018	Loglikelihood: -34712.7	(delta): 307.316
5 (QN/Block) 	Elapsed: 0.017	Loglikelihood: -34571	(delta): 141.728
6 (QN/Block) 	Elapsed: 0.019	Loglikelihood: -34524.8	(delta): 46.2239
7 (QN/Block) 	Elapsed: 0.017	Loglikelihood: -34497	(delta): 27.8396
8 (QN/Block) 	Elapsed: 0.016	Loglikelihood: -34474	(delta): 22.919
9 (QN/Block) 	Elapsed: 0.018	Loglikelihood: -34456.6	(delta): 17.3991
10 (QN/Block) 	Elapsed: 0.023	Loglikelihood: -34443.1	(delta): 13.5775
11 (QN/Block) 	Elapsed: 0.024	Loglikelihood: -34434.9	(delta): 8.13036
12 (QN/Block) 	Elapsed: 0.023	Loglikelihood: -34428.1	(delta): 6.7915
13 (QN/Block) 	Elapsed: 0.023	Loglikelihood: -34419.8	(delta): 8.37636
14 (QN/Block) 	Elapsed: 0.023	Loglikelihood: -34414.7	(delta): 5.01945
15 (QN/Block) 	Elapsed: 0.025	Loglikelihood: -34412.9	(delta): 1.88755
16 (QN/Block) 	Elapsed: 0.021	Loglikelihood: -34411.8	(delta): 1.01949
17 (QN/Block) 	Elapsed: 0.02	Loglikelihood: -34408.6	(delta): 3.23909
18 (QN/Block) 	Elapsed: 0.02	Loglikelihood: -34407.8	(delta): 0.846573
19 (QN/Block) 	Elapsed: 0.019	Loglikelihood: -34406.3	(delta): 1.40339
20 (QN/Block) 	Elapsed: 0.021	Loglikelihood: -34405.2	(delta): 1.13696
21 (QN/Block) 	Elapsed: 0.019	Loglikelihood: -34404	(delta): 1.17296
22 (QN/Block) 	Elapsed: 0.022	Loglikelihood: -34403.4	(delta): 0.604345
23 (QN/Block) 	Elapsed: 0.019	Loglikelihood: -34402.3	(delta): 1.17756
24 (QN/Block) 	Elapsed: 0.025	Loglikelihood: -34401.5	(delta): 0.743991
25 (QN/Block) 	Elapsed: 0.024	Loglikelihood: -34400.8	(delta): 0.683259
26 (QN/Block) 	Elapsed: 0.023	Loglikelihood: -34400.2	(delta): 0.645935
27 (QN/Block) 	Elapsed: 0.021	Loglikelihood: -34399	(delta): 1.21617
28 (QN/Block) 	Elapsed: 0.021	Loglikelihood: -34398.1	(delta): 0.844884
29 (QN/Block) 	Elapsed: 0.02	Loglikelihood: -34398	(delta): 0.0853572
30 (QN/Block) 	Elapsed: 0.025	Loglikelihood: -34398	(delta): 0.0344292
31 (QN/Block) 	Elapsed: 0.02	Loglikelihood: -34397.9	(delta): 0.0931442
32 (QN/Block) 	Elapsed: 0.019	Loglikelihood: -34397.9	(delta): 0.014786
33 (QN/Block) 	Elapsed: 0.018	Loglikelihood: -34397.9	(delta): 0.011636
34 (QN/Block) 	Elapsed: 0.022	Loglikelihood: -34397.9	(delta): 0.0276197
35 (QN/Block) 	Elapsed: 0.019	Loglikelihood: -34397.8	(delta): 0.033102
36 (QN/Block) 	Elapsed: 0.017	Loglikelihood: -34397.8	(delta): 0.0238626
37 (QN/Block) 	Elapsed: 0.018	Loglikelihood: -34397.8	(delta): 0.0105789
38 (QN/Block) 	Elapsed: 0.018	Loglikelihood: -34397.8	(delta): 0.00507497
39 (QN/Block) 	Elapsed: 0.023	Loglikelihood: -34397.8	(delta): 0.00282022
40 (QN/Block) 	Elapsed: 0.018	Loglikelihood: -34397.8	(delta): 0.00386405
41 (QN/Block) 	Elapsed: 0.021	Loglikelihood: -34397.8	(delta): 0.00557492
42 (QN/Block) 	Elapsed: 0.022	Loglikelihood: -34397.8	(delta): 0.00841919
43 (QN/Block) 	Elapsed: 0.023	Loglikelihood: -34397.7	(delta): 0.0158119
44 (QN/Block) 	Elapsed: 0.026	Loglikelihood: -34397.7	(delta): 0.0350976
45 (QN/Block) 	Elapsed: 0.025	Loglikelihood: -34397.6	(delta): 0.081112
46 (QN/Block) 	Elapsed: 0.024	Loglikelihood: -34397.5	(delta): 0.172974
47 (QN/Block) 	Elapsed: 0.024	Loglikelihood: -34397.1	(delta): 0.319649
48 (QN/Block) 	Elapsed: 0.024	Loglikelihood: -34396.6	(delta): 0.548055
49 (QN/Block) 	Elapsed: 0.024	Loglikelihood: -34396	(delta): 0.601314
50 (QN/Block) 	Elapsed: 0.021	Loglikelihood: -34396	(delta): 0.0115503
51 (QN/Block) 	Elapsed: 0.018	Loglikelihood: -34396	(delta): 0.00255748
52 (QN/Block) 	Elapsed: 0.022	Loglikelihood: -34396	(delta): 0.00115231
53 (QN/Block) 	Elapsed: 0.023	Loglikelihood: -34396	(delta): 0.00020199
54 (QN/Block) 	Elapsed: 0.022	Loglikelihood: -34396	(delta): 3.44187e-05
55 (QN/Block) 	Elapsed: 0.022	Loglikelihood: -34396	(delta): 4.20605e-06
56 (QN/Block) 	Elapsed: 0.021	Loglikelihood: -34396	(delta): 2.45665e-07
57 (QN/Block) 	Elapsed: 0.022	Loglikelihood: -34396	(delta): 4.8829e-08
58 (QN/Block) 	Elapsed: 0.021	Loglikelihood: -34396	(delta): 7.0213e-09
59 (QN/Block) 	Elapsed: 0.021	Loglikelihood: -34396	(delta): 2.16096e-09
60 (QN/Block) 	Elapsed: 0.019	Loglikelihood: -34396	(delta): 1.38243e-10
61 (QN/Block) 	Elapsed: 0.022	Loglikelihood: -34396	(delta): 7.27596e-12
62 (QN/Block) 	Elapsed: 0.018	Loglikelihood: -34396	(delta): 7.27596e-12
63 (QN/Block) 	Elapsed: 0.018	Loglikelihood: -34396	(delta): 7.27596e-12
64 (QN/Block) 	Elapsed: 0.023	Loglikelihood: -34396	(delta): -7.27596e-12
65 (QN/Block) 	Elapsed: 0.03	Loglikelihood: -34396	(delta): -7.27596e-12
66 (QN/Block) 	Elapsed: 0.025	Loglikelihood: -34396	(delta): 7.27596e-12
67 (QN/Block) 	Elapsed: 0.025	Loglikelihood: -34396	(delta): 7.27596e-12
68 (QN/Block) 	Elapsed: 0.025	Loglikelihood: -34396	(delta): 0
69 (QN/Block) 	Elapsed: 0.025	Loglikelihood: -34396	(delta): -7.27596e-12
70 (QN/Block) 	Elapsed: 0.023	Loglikelihood: -34396	(delta): 0
71 (QN/Block) 	Elapsed: 0.021	Loglikelihood: -34396	(delta): 7.27596e-12
72 (QN/Block) 	Elapsed: 0.019	Loglikelihood: -34396	(delta): -7.27596e-12
73 (QN/Block) 	Elapsed: 0.019	Loglikelihood: -34396	(delta): 0
74 (QN/Block) 	Elapsed: 0.018	Loglikelihood: -34396	(delta): 0
75 (QN/Block) 	Elapsed: 0.017	Loglikelihood: -34396	(delta): 0
76 (QN/Block) 	Elapsed: 0.017	Loglikelihood: -34396	(delta): 0
77 (QN/Block) 	Elapsed: 0.017	Loglikelihood: -34396	(delta): 7.27596e-12
78 (QN/Block) 	Elapsed: 0.017	Loglikelihood: -34396	(delta): -1.45519e-11
79 (QN/Block) 	Elapsed: 0.021	Loglikelihood: -34396	(delta): 0
80 (QN/Block) 	Elapsed: 0.02	Loglikelihood: -34396	(delta): 1.45519e-11
81 (QN/Block) 	Elapsed: 0.02	Loglikelihood: -34396	(delta): -7.27596e-12
82 (QN/Block) 	Elapsed: 0.022	Loglikelihood: -34396	(delta): 7.27596e-12
83 (QN/Block) 	Elapsed: 0.024	Loglikelihood: -34396	(delta): 0
84 (QN/Block) 	Elapsed: 0.025	Loglikelihood: -34396	(delta): 0
85 (QN/Block) 	Elapsed: 0.025	Loglikelihood: -34396	(delta): 0
86 (QN/Block) 	Elapsed: 0.022	Loglikelihood: -34396	(delta): -7.27596e-12
87 (QN/Block) 	Elapsed: 0.02	Loglikelihood: -34396	(delta): 0
88 (QN/Block) 	Elapsed: 0.026	Loglikelihood: -34396	(delta): 7.27596e-12
89 (QN/Block) 	Elapsed: 0.024	Loglikelihood: -34396	(delta): -7.27596e-12
90 (QN/Block) 	Elapsed: 0.025	Loglikelihood: -34396	(delta): 0
91 (QN/Block) 	Elapsed: 0.023	Loglikelihood: -34396	(delta): 0
92 (QN/Block) 	Elapsed: 0.02	Loglikelihood: -34396	(delta): 7.27596e-12
93 (QN/Block) 	Elapsed: 0.017	Loglikelihood: -34396	(delta): -7.27596e-12
94 (QN/Block) 	Elapsed: 0.017	Loglikelihood: -34396	(delta): 7.27596e-12
95 (QN/Block) 	Elapsed: 0.023	Loglikelihood: -34396	(delta): -7.27596e-12
96 (QN/Block) 	Elapsed: 0.017	Loglikelihood: -34396	(delta): 7.27596e-12
97 (QN/Block) 	Elapsed: 0.023	Loglikelihood: -34396	(delta): -7.27596e-12
98 (QN/Block) 	Elapsed: 0.026	Loglikelihood: -34396	(delta): -7.27596e-12
99 (QN/Block) 	Elapsed: 0.025	Loglikelihood: -34396	(delta): 1.45519e-11
100 (QN/Block) 	Elapsed: 0.025	Loglikelihood: -34396	(delta): -7.27596e-12
Summary: 
Converged in 100 iterations (2.28 sec)
Loglikelihood: -34395.972906
Fst divergences between estimated populations: 
	Pop0	Pop1	Pop2	Pop3	Pop4	Pop5	Pop6	
Pop0	
Pop1	0.095	
Pop2	0.084	0.088	
Pop3	0.104	0.099	0.089	
Pop4	0.249	0.236	0.234	0.242	
Pop5	0.086	0.090	0.079	0.096	0.234	
Pop6	0.237	0.228	0.229	0.236	0.110	0.223	
Pop7	0.246	0.235	0.239	0.245	0.106	0.232	0.097	
CV error (K=8): 0.41879
Writing output files.
