****                   ADMIXTURE Version 1.3.0                  ****
****                    Copyright 2008-2015                     ****
****           David Alexander, Suyash Shringarpure,            ****
****                John  Novembre, Ken Lange                   ****
****                                                            ****
****                 Please cite our paper!                     ****
****   Information at www.genetics.ucla.edu/software/admixture  ****

Parallel execution requested.  Will use 8 threads.
Cross-validation will be performed.  Folds=10.
Random seed: 43
Point estimation method: Block relaxation algorithm
Convergence acceleration algorithm: QuasiNewton, 3 secant conditions
Point estimation will terminate at 100 iterations
Estimation of standard errors disabled; will compute point estimates only.
Size of G: 121x1282
Performing five EM steps to prime main algorithm
1 (EM) 	Elapsed: 0.008	Loglikelihood: -106806	(delta): 119622
2 (EM) 	Elapsed: 0.008	Loglikelihood: -101566	(delta): 5240.05
3 (EM) 	Elapsed: 0.008	Loglikelihood: -99549.7	(delta): 2016.32
4 (EM) 	Elapsed: 0.009	Loglikelihood: -97610.4	(delta): 1939.29
5 (EM) 	Elapsed: 0.008	Loglikelihood: -95206.2	(delta): 2404.15
Initial loglikelihood: -95206.2
Starting main algorithm
1 (QN/Block) 	Elapsed: 0.016	Loglikelihood: -69463.7	(delta): 25742.5
2 (QN/Block) 	Elapsed: 0.017	Loglikelihood: -63927.8	(delta): 5535.91
3 (QN/Block) 	Elapsed: 0.018	Loglikelihood: -61966.6	(delta): 1961.26
4 (QN/Block) 	Elapsed: 0.018	Loglikelihood: -60947.3	(delta): 1019.32
5 (QN/Block) 	Elapsed: 0.018	Loglikelihood: -60544.9	(delta): 402.394
6 (QN/Block) 	Elapsed: 0.017	Loglikelihood: -60366.1	(delta): 178.752
7 (QN/Block) 	Elapsed: 0.018	Loglikelihood: -60290.2	(delta): 75.9286
8 (QN/Block) 	Elapsed: 0.018	Loglikelihood: -60275.4	(delta): 14.7599
9 (QN/Block) 	Elapsed: 0.019	Loglikelihood: -60273.6	(delta): 1.78939
10 (QN/Block) 	Elapsed: 0.023	Loglikelihood: -60273	(delta): 0.584058
11 (QN/Block) 	Elapsed: 0.02	Loglikelihood: -60273	(delta): 0.0461279
12 (QN/Block) 	Elapsed: 0.018	Loglikelihood: -60273	(delta): 0.0231939
13 (QN/Block) 	Elapsed: 0.019	Loglikelihood: -60273	(delta): 0.00193299
14 (QN/Block) 	Elapsed: 0.019	Loglikelihood: -60273	(delta): 1.4726e-05
15 (QN/Block) 	Elapsed: 0.02	Loglikelihood: -60273	(delta): 9.75488e-08
16 (QN/Block) 	Elapsed: 0.019	Loglikelihood: -60273	(delta): 8.51287e-10
17 (QN/Block) 	Elapsed: 0.018	Loglikelihood: -60273	(delta): 6.54836e-11
18 (QN/Block) 	Elapsed: 0.021	Loglikelihood: -60273	(delta): 0
19 (QN/Block) 	Elapsed: 0.024	Loglikelihood: -60273	(delta): -7.27596e-12
20 (QN/Block) 	Elapsed: 0.028	Loglikelihood: -60273	(delta): 7.27596e-12
21 (QN/Block) 	Elapsed: 0.02	Loglikelihood: -60273	(delta): -7.27596e-12
22 (QN/Block) 	Elapsed: 0.021	Loglikelihood: -60273	(delta): 7.27596e-12
23 (QN/Block) 	Elapsed: 0.02	Loglikelihood: -60273	(delta): -7.27596e-12
24 (QN/Block) 	Elapsed: 0.023	Loglikelihood: -60273	(delta): 0
25 (QN/Block) 	Elapsed: 0.02	Loglikelihood: -60273	(delta): 1.45519e-11
26 (QN/Block) 	Elapsed: 0.02	Loglikelihood: -60273	(delta): -1.45519e-11
27 (QN/Block) 	Elapsed: 0.02	Loglikelihood: -60273	(delta): 1.45519e-11
28 (QN/Block) 	Elapsed: 0.021	Loglikelihood: -60273	(delta): -7.27596e-12
29 (QN/Block) 	Elapsed: 0.02	Loglikelihood: -60273	(delta): 0
30 (QN/Block) 	Elapsed: 0.021	Loglikelihood: -60273	(delta): -7.27596e-12
31 (QN/Block) 	Elapsed: 0.019	Loglikelihood: -60273	(delta): 1.45519e-11
32 (QN/Block) 	Elapsed: 0.023	Loglikelihood: -60273	(delta): -1.45519e-11
33 (QN/Block) 	Elapsed: 0.022	Loglikelihood: -60273	(delta): 0
34 (QN/Block) 	Elapsed: 0.021	Loglikelihood: -60273	(delta): 0
35 (QN/Block) 	Elapsed: 0.021	Loglikelihood: -60273	(delta): 7.27596e-12
36 (QN/Block) 	Elapsed: 0.021	Loglikelihood: -60273	(delta): -7.27596e-12
37 (QN/Block) 	Elapsed: 0.02	Loglikelihood: -60273	(delta): 0
38 (QN/Block) 	Elapsed: 0.022	Loglikelihood: -60273	(delta): -7.27596e-12
39 (QN/Block) 	Elapsed: 0.023	Loglikelihood: -60273	(delta): 0
40 (QN/Block) 	Elapsed: 0.021	Loglikelihood: -60273	(delta): 0
41 (QN/Block) 	Elapsed: 0.02	Loglikelihood: -60273	(delta): 7.27596e-12
42 (QN/Block) 	Elapsed: 0.024	Loglikelihood: -60273	(delta): 0
43 (QN/Block) 	Elapsed: 0.023	Loglikelihood: -60273	(delta): 0
44 (QN/Block) 	Elapsed: 0.021	Loglikelihood: -60273	(delta): 0
45 (QN/Block) 	Elapsed: 0.024	Loglikelihood: -60273	(delta): 0
46 (QN/Block) 	Elapsed: 0.026	Loglikelihood: -60273	(delta): 0
47 (QN/Block) 	Elapsed: 0.024	Loglikelihood: -60273	(delta): 0
48 (QN/Block) 	Elapsed: 0.026	Loglikelihood: -60273	(delta): 0
49 (QN/Block) 	Elapsed: 0.022	Loglikelihood: -60273	(delta): 0
50 (QN/Block) 	Elapsed: 0.023	Loglikelihood: -60273	(delta): 0
51 (QN/Block) 	Elapsed: 0.022	Loglikelihood: -60273	(delta): 0
52 (QN/Block) 	Elapsed: 0.023	Loglikelihood: -60273	(delta): 0
53 (QN/Block) 	Elapsed: 0.021	Loglikelihood: -60273	(delta): 0
54 (QN/Block) 	Elapsed: 0.02	Loglikelihood: -60273	(delta): 0
55 (QN/Block) 	Elapsed: 0.02	Loglikelihood: -60273	(delta): 0
56 (QN/Block) 	Elapsed: 0.025	Loglikelihood: -60273	(delta): 0
57 (QN/Block) 	Elapsed: 0.021	Loglikelihood: -60273	(delta): 0
58 (QN/Block) 	Elapsed: 0.021	Loglikelihood: -60273	(delta): 0
59 (QN/Block) 	Elapsed: 0.02	Loglikelihood: -60273	(delta): -7.27596e-12
60 (QN/Block) 	Elapsed: 0.022	Loglikelihood: -60273	(delta): 0
61 (QN/Block) 	Elapsed: 0.022	Loglikelihood: -60273	(delta): 1.45519e-11
62 (QN/Block) 	Elapsed: 0.022	Loglikelihood: -60273	(delta): -1.45519e-11
63 (QN/Block) 	Elapsed: 0.022	Loglikelihood: -60273	(delta): 7.27596e-12
64 (QN/Block) 	Elapsed: 0.021	Loglikelihood: -60273	(delta): 0
65 (QN/Block) 	Elapsed: 0.022	Loglikelihood: -60273	(delta): -7.27596e-12
66 (QN/Block) 	Elapsed: 0.023	Loglikelihood: -60273	(delta): 7.27596e-12
67 (QN/Block) 	Elapsed: 0.022	Loglikelihood: -60273	(delta): 0
68 (QN/Block) 	Elapsed: 0.022	Loglikelihood: -60273	(delta): 0
69 (QN/Block) 	Elapsed: 0.02	Loglikelihood: -60273	(delta): 0
70 (QN/Block) 	Elapsed: 0.022	Loglikelihood: -60273	(delta): 0
71 (QN/Block) 	Elapsed: 0.022	Loglikelihood: -60273	(delta): 7.27596e-12
72 (QN/Block) 	Elapsed: 0.024	Loglikelihood: -60273	(delta): -7.27596e-12
73 (QN/Block) 	Elapsed: 0.021	Loglikelihood: -60273	(delta): 7.27596e-12
74 (QN/Block) 	Elapsed: 0.022	Loglikelihood: -60273	(delta): -7.27596e-12
75 (QN/Block) 	Elapsed: 0.02	Loglikelihood: -60273	(delta): -7.27596e-12
76 (QN/Block) 	Elapsed: 0.022	Loglikelihood: -60273	(delta): 7.27596e-12
77 (QN/Block) 	Elapsed: 0.022	Loglikelihood: -60273	(delta): 0
78 (QN/Block) 	Elapsed: 0.022	Loglikelihood: -60273	(delta): 0
79 (QN/Block) 	Elapsed: 0.022	Loglikelihood: -60273	(delta): -7.27596e-12
80 (QN/Block) 	Elapsed: 0.022	Loglikelihood: -60273	(delta): 7.27596e-12
81 (QN/Block) 	Elapsed: 0.022	Loglikelihood: -60273	(delta): 0
82 (QN/Block) 	Elapsed: 0.021	Loglikelihood: -60273	(delta): -7.27596e-12
83 (QN/Block) 	Elapsed: 0.02	Loglikelihood: -60273	(delta): 1.45519e-11
84 (QN/Block) 	Elapsed: 0.022	Loglikelihood: -60273	(delta): -7.27596e-12
85 (QN/Block) 	Elapsed: 0.022	Loglikelihood: -60273	(delta): 0
86 (QN/Block) 	Elapsed: 0.021	Loglikelihood: -60273	(delta): 0
87 (QN/Block) 	Elapsed: 0.02	Loglikelihood: -60273	(delta): -7.27596e-12
88 (QN/Block) 	Elapsed: 0.02	Loglikelihood: -60273	(delta): 0
89 (QN/Block) 	Elapsed: 0.02	Loglikelihood: -60273	(delta): 7.27596e-12
90 (QN/Block) 	Elapsed: 0.022	Loglikelihood: -60273	(delta): 0
91 (QN/Block) 	Elapsed: 0.019	Loglikelihood: -60273	(delta): 0
92 (QN/Block) 	Elapsed: 0.017	Loglikelihood: -60273	(delta): 7.27596e-12
93 (QN/Block) 	Elapsed: 0.017	Loglikelihood: -60273	(delta): -1.45519e-11
94 (QN/Block) 	Elapsed: 0.023	Loglikelihood: -60273	(delta): 7.27596e-12
95 (QN/Block) 	Elapsed: 0.024	Loglikelihood: -60273	(delta): -7.27596e-12
96 (QN/Block) 	Elapsed: 0.023	Loglikelihood: -60273	(delta): 7.27596e-12
97 (QN/Block) 	Elapsed: 0.02	Loglikelihood: -60273	(delta): -7.27596e-12
98 (QN/Block) 	Elapsed: 0.022	Loglikelihood: -60273	(delta): 0
99 (QN/Block) 	Elapsed: 0.02	Loglikelihood: -60273	(delta): 7.27596e-12
100 (QN/Block) 	Elapsed: 0.02	Loglikelihood: -60273	(delta): 0
Summary: 
Converged in 100 iterations (2.265 sec)
Loglikelihood: -60272.978464
Fst divergences between estimated populations: 
	Pop0	Pop1	Pop2	
Pop0	
Pop1	0.402	
Pop2	0.179	0.415	
Pop3	0.551	0.476	0.567	
CV error (K=4): 0.40560
Writing output files.
