****                   ADMIXTURE Version 1.3.0                  ****
****                    Copyright 2008-2015                     ****
****           David Alexander, Suyash Shringarpure,            ****
****                John  Novembre, Ken Lange                   ****
****                                                            ****
****                 Please cite our paper!                     ****
****   Information at www.genetics.ucla.edu/software/admixture  ****

Parallel execution requested.  Will use 8 threads.
Cross-validation will be performed.  Folds=10.
Random seed: 43
Point estimation method: Block relaxation algorithm
Convergence acceleration algorithm: QuasiNewton, 3 secant conditions
Point estimation will terminate at 100 iterations
Estimation of standard errors disabled; will compute point estimates only.
Size of G: 121x1282
Performing five EM steps to prime main algorithm
1 (EM) 	Elapsed: 0.002	Loglikelihood: -101137	(delta): 191230
2 (EM) 	Elapsed: 0.002	Loglikelihood: -101137	(delta): 0
3 (EM) 	Elapsed: 0.002	Loglikelihood: -101137	(delta): 0
4 (EM) 	Elapsed: 0.002	Loglikelihood: -101137	(delta): 0
5 (EM) 	Elapsed: 0.002	Loglikelihood: -101137	(delta): 0
Initial loglikelihood: -101137
Starting main algorithm
1 (QN/Block) 	Elapsed: 0.01	Loglikelihood: -101137	(delta): 1.45519e-11
2 (QN/Block) 	Elapsed: 0.01	Loglikelihood: -101137	(delta): 1.45519e-11
3 (QN/Block) 	Elapsed: 0.013	Loglikelihood: -101137	(delta): 0
4 (QN/Block) 	Elapsed: 0.013	Loglikelihood: -101137	(delta): -1.45519e-11
5 (QN/Block) 	Elapsed: 0.013	Loglikelihood: -101137	(delta): 0
6 (QN/Block) 	Elapsed: 0.013	Loglikelihood: -101137	(delta): -1.45519e-11
PROBLEM INVERTING MATRIX!
7 (QN/Block) 	Elapsed: 0.011	Loglikelihood: -101137	(delta): 0
8 (QN/Block) 	Elapsed: 0.01	Loglikelihood: -101137	(delta): 1.45519e-11
9 (QN/Block) 	Elapsed: 0.012	Loglikelihood: -101137	(delta): 0
10 (QN/Block) 	Elapsed: 0.014	Loglikelihood: -101137	(delta): 1.45519e-11
11 (QN/Block) 	Elapsed: 0.013	Loglikelihood: -101137	(delta): -1.45519e-11
12 (QN/Block) 	Elapsed: 0.013	Loglikelihood: -101137	(delta): 0
PROBLEM INVERTING MATRIX!
13 (QN/Block) 	Elapsed: 0.013	Loglikelihood: -101137	(delta): 0
PROBLEM INVERTING MATRIX!
14 (QN/Block) 	Elapsed: 0.013	Loglikelihood: -101137	(delta): 0
15 (QN/Block) 	Elapsed: 0.012	Loglikelihood: -101137	(delta): 0
PROBLEM INVERTING MATRIX!
16 (QN/Block) 	Elapsed: 0.013	Loglikelihood: -101137	(delta): 0
17 (QN/Block) 	Elapsed: 0.013	Loglikelihood: -101137	(delta): 0
PROBLEM INVERTING MATRIX!
18 (QN/Block) 	Elapsed: 0.011	Loglikelihood: -101137	(delta): 0
19 (QN/Block) 	Elapsed: 0.012	Loglikelihood: -101137	(delta): 0
PROBLEM INVERTING MATRIX!
20 (QN/Block) 	Elapsed: 0.011	Loglikelihood: -101137	(delta): 0
21 (QN/Block) 	Elapsed: 0.011	Loglikelihood: -101137	(delta): 0
PROBLEM INVERTING MATRIX!
22 (QN/Block) 	Elapsed: 0.013	Loglikelihood: -101137	(delta): 0
23 (QN/Block) 	Elapsed: 0.013	Loglikelihood: -101137	(delta): 0
PROBLEM INVERTING MATRIX!
24 (QN/Block) 	Elapsed: 0.011	Loglikelihood: -101137	(delta): 0
25 (QN/Block) 	Elapsed: 0.012	Loglikelihood: -101137	(delta): 0
PROBLEM INVERTING MATRIX!
26 (QN/Block) 	Elapsed: 0.01	Loglikelihood: -101137	(delta): 0
27 (QN/Block) 	Elapsed: 0.01	Loglikelihood: -101137	(delta): 1.45519e-11
PROBLEM INVERTING MATRIX!
28 (QN/Block) 	Elapsed: 0.012	Loglikelihood: -101137	(delta): -1.45519e-11
PROBLEM INVERTING MATRIX!
29 (QN/Block) 	Elapsed: 0.011	Loglikelihood: -101137	(delta): 0
PROBLEM INVERTING MATRIX!
30 (QN/Block) 	Elapsed: 0.012	Loglikelihood: -101137	(delta): 0
31 (QN/Block) 	Elapsed: 0.012	Loglikelihood: -101137	(delta): 1.45519e-11
32 (QN/Block) 	Elapsed: 0.013	Loglikelihood: -101137	(delta): -2.91038e-11
PROBLEM INVERTING MATRIX!
33 (QN/Block) 	Elapsed: 0.01	Loglikelihood: -101137	(delta): 1.45519e-11
34 (QN/Block) 	Elapsed: 0.01	Loglikelihood: -101137	(delta): 0
35 (QN/Block) 	Elapsed: 0.013	Loglikelihood: -101137	(delta): 0
36 (QN/Block) 	Elapsed: 0.012	Loglikelihood: -101137	(delta): 0
37 (QN/Block) 	Elapsed: 0.011	Loglikelihood: -101137	(delta): 1.45519e-11
PROBLEM INVERTING MATRIX!
38 (QN/Block) 	Elapsed: 0.011	Loglikelihood: -101137	(delta): 0
39 (QN/Block) 	Elapsed: 0.011	Loglikelihood: -101137	(delta): -1.45519e-11
PROBLEM INVERTING MATRIX!
40 (QN/Block) 	Elapsed: 0.013	Loglikelihood: -101137	(delta): 0
41 (QN/Block) 	Elapsed: 0.012	Loglikelihood: -101137	(delta): 0
PROBLEM INVERTING MATRIX!
42 (QN/Block) 	Elapsed: 0.011	Loglikelihood: -101137	(delta): 1.45519e-11
43 (QN/Block) 	Elapsed: 0.011	Loglikelihood: -101137	(delta): -1.45519e-11
PROBLEM INVERTING MATRIX!
44 (QN/Block) 	Elapsed: 0.014	Loglikelihood: -101137	(delta): 0
45 (QN/Block) 	Elapsed: 0.013	Loglikelihood: -101137	(delta): 0
PROBLEM INVERTING MATRIX!
46 (QN/Block) 	Elapsed: 0.013	Loglikelihood: -101137	(delta): 0
47 (QN/Block) 	Elapsed: 0.011	Loglikelihood: -101137	(delta): -1.45519e-11
48 (QN/Block) 	Elapsed: 0.013	Loglikelihood: -101137	(delta): 1.45519e-11
49 (QN/Block) 	Elapsed: 0.011	Loglikelihood: -101137	(delta): 1.45519e-11
50 (QN/Block) 	Elapsed: 0.01	Loglikelihood: -101137	(delta): -1.45519e-11
51 (QN/Block) 	Elapsed: 0.012	Loglikelihood: -101137	(delta): 0
PROBLEM INVERTING MATRIX!
52 (QN/Block) 	Elapsed: 0.013	Loglikelihood: -101137	(delta): 0
PROBLEM INVERTING MATRIX!
53 (QN/Block) 	Elapsed: 0.012	Loglikelihood: -101137	(delta): 0
54 (QN/Block) 	Elapsed: 0.012	Loglikelihood: -101137	(delta): 0
PROBLEM INVERTING MATRIX!
55 (QN/Block) 	Elapsed: 0.012	Loglikelihood: -101137	(delta): 0
56 (QN/Block) 	Elapsed: 0.012	Loglikelihood: -101137	(delta): 0
PROBLEM INVERTING MATRIX!
57 (QN/Block) 	Elapsed: 0.011	Loglikelihood: -101137	(delta): 0
58 (QN/Block) 	Elapsed: 0.014	Loglikelihood: -101137	(delta): 0
PROBLEM INVERTING MATRIX!
59 (QN/Block) 	Elapsed: 0.013	Loglikelihood: -101137	(delta): 0
60 (QN/Block) 	Elapsed: 0.01	Loglikelihood: -101137	(delta): 0
PROBLEM INVERTING MATRIX!
61 (QN/Block) 	Elapsed: 0.011	Loglikelihood: -101137	(delta): 0
62 (QN/Block) 	Elapsed: 0.013	Loglikelihood: -101137	(delta): 0
PROBLEM INVERTING MATRIX!
63 (QN/Block) 	Elapsed: 0.013	Loglikelihood: -101137	(delta): 0
64 (QN/Block) 	Elapsed: 0.015	Loglikelihood: -101137	(delta): 0
PROBLEM INVERTING MATRIX!
65 (QN/Block) 	Elapsed: 0.013	Loglikelihood: -101137	(delta): 0
66 (QN/Block) 	Elapsed: 0.012	Loglikelihood: -101137	(delta): 0
PROBLEM INVERTING MATRIX!
67 (QN/Block) 	Elapsed: 0.012	Loglikelihood: -101137	(delta): 0
68 (QN/Block) 	Elapsed: 0.013	Loglikelihood: -101137	(delta): 0
PROBLEM INVERTING MATRIX!
69 (QN/Block) 	Elapsed: 0.013	Loglikelihood: -101137	(delta): 0
70 (QN/Block) 	Elapsed: 0.013	Loglikelihood: -101137	(delta): 0
PROBLEM INVERTING MATRIX!
71 (QN/Block) 	Elapsed: 0.013	Loglikelihood: -101137	(delta): -1.45519e-11
72 (QN/Block) 	Elapsed: 0.013	Loglikelihood: -101137	(delta): 0
PROBLEM INVERTING MATRIX!
73 (QN/Block) 	Elapsed: 0.012	Loglikelihood: -101137	(delta): 1.45519e-11
74 (QN/Block) 	Elapsed: 0.013	Loglikelihood: -101137	(delta): 0
75 (QN/Block) 	Elapsed: 0.012	Loglikelihood: -101137	(delta): -1.45519e-11
76 (QN/Block) 	Elapsed: 0.011	Loglikelihood: -101137	(delta): 1.45519e-11
PROBLEM INVERTING MATRIX!
77 (QN/Block) 	Elapsed: 0.01	Loglikelihood: -101137	(delta): -1.45519e-11
78 (QN/Block) 	Elapsed: 0.01	Loglikelihood: -101137	(delta): 2.91038e-11
79 (QN/Block) 	Elapsed: 0.01	Loglikelihood: -101137	(delta): -1.45519e-11
PROBLEM INVERTING MATRIX!
80 (QN/Block) 	Elapsed: 0.012	Loglikelihood: -101137	(delta): 0
PROBLEM INVERTING MATRIX!
81 (QN/Block) 	Elapsed: 0.015	Loglikelihood: -101137	(delta): 0
82 (QN/Block) 	Elapsed: 0.011	Loglikelihood: -101137	(delta): 0
83 (QN/Block) 	Elapsed: 0.012	Loglikelihood: -101137	(delta): 0
84 (QN/Block) 	Elapsed: 0.013	Loglikelihood: -101137	(delta): 0
85 (QN/Block) 	Elapsed: 0.014	Loglikelihood: -101137	(delta): 0
86 (QN/Block) 	Elapsed: 0.013	Loglikelihood: -101137	(delta): 0
PROBLEM INVERTING MATRIX!
87 (QN/Block) 	Elapsed: 0.012	Loglikelihood: -101137	(delta): 0
PROBLEM INVERTING MATRIX!
88 (QN/Block) 	Elapsed: 0.015	Loglikelihood: -101137	(delta): 1.45519e-11
PROBLEM INVERTING MATRIX!
89 (QN/Block) 	Elapsed: 0.014	Loglikelihood: -101137	(delta): -1.45519e-11
PROBLEM INVERTING MATRIX!
90 (QN/Block) 	Elapsed: 0.01	Loglikelihood: -101137	(delta): 0
91 (QN/Block) 	Elapsed: 0.01	Loglikelihood: -101137	(delta): 1.45519e-11
92 (QN/Block) 	Elapsed: 0.012	Loglikelihood: -101137	(delta): 0
93 (QN/Block) 	Elapsed: 0.012	Loglikelihood: -101137	(delta): -1.45519e-11
94 (QN/Block) 	Elapsed: 0.013	Loglikelihood: -101137	(delta): 1.45519e-11
PROBLEM INVERTING MATRIX!
95 (QN/Block) 	Elapsed: 0.013	Loglikelihood: -101137	(delta): -1.45519e-11
96 (QN/Block) 	Elapsed: 0.013	Loglikelihood: -101137	(delta): 1.45519e-11
97 (QN/Block) 	Elapsed: 0.009	Loglikelihood: -101137	(delta): -1.45519e-11
98 (QN/Block) 	Elapsed: 0.011	Loglikelihood: -101137	(delta): -1.45519e-11
99 (QN/Block) 	Elapsed: 0.011	Loglikelihood: -101137	(delta): 1.45519e-11
100 (QN/Block) 	Elapsed: 0.013	Loglikelihood: -101137	(delta): 1.45519e-11
Summary: 
Converged in 100 iterations (1.314 sec)
Loglikelihood: -101137.373835
CV error (K=1): 0.63983
Writing output files.
