****                   ADMIXTURE Version 1.3.0                  ****
****                    Copyright 2008-2015                     ****
****           David Alexander, Suyash Shringarpure,            ****
****                John  Novembre, Ken Lange                   ****
****                                                            ****
****                 Please cite our paper!                     ****
****   Information at www.genetics.ucla.edu/software/admixture  ****

Parallel execution requested.  Will use 8 threads.
Cross-validation will be performed.  Folds=10.
Random seed: 43
Point estimation method: Block relaxation algorithm
Convergence acceleration algorithm: QuasiNewton, 3 secant conditions
Point estimation will terminate at 100 iterations
Estimation of standard errors disabled; will compute point estimates only.
Size of G: 121x1282
Performing five EM steps to prime main algorithm
1 (EM) 	Elapsed: 0.014	Loglikelihood: -106923	(delta): 110755
2 (EM) 	Elapsed: 0.015	Loglikelihood: -101670	(delta): 5253.11
3 (EM) 	Elapsed: 0.014	Loglikelihood: -100001	(delta): 1669.39
4 (EM) 	Elapsed: 0.014	Loglikelihood: -98486.6	(delta): 1514.16
5 (EM) 	Elapsed: 0.015	Loglikelihood: -96665	(delta): 1821.57
Initial loglikelihood: -96665
Starting main algorithm
1 (QN/Block) 	Elapsed: 0.023	Loglikelihood: -67679.1	(delta): 28985.9
2 (QN/Block) 	Elapsed: 0.024	Loglikelihood: -62484.7	(delta): 5194.44
3 (QN/Block) 	Elapsed: 0.024	Loglikelihood: -60533.4	(delta): 1951.22
4 (QN/Block) 	Elapsed: 0.024	Loglikelihood: -58928.5	(delta): 1604.93
5 (QN/Block) 	Elapsed: 0.024	Loglikelihood: -58200.8	(delta): 727.692
6 (QN/Block) 	Elapsed: 0.026	Loglikelihood: -57901	(delta): 299.849
7 (QN/Block) 	Elapsed: 0.03	Loglikelihood: -57816.3	(delta): 84.6755
8 (QN/Block) 	Elapsed: 0.027	Loglikelihood: -57781.6	(delta): 34.6788
9 (QN/Block) 	Elapsed: 0.025	Loglikelihood: -57772.1	(delta): 9.46385
10 (QN/Block) 	Elapsed: 0.03	Loglikelihood: -57769.6	(delta): 2.55337
11 (QN/Block) 	Elapsed: 0.025	Loglikelihood: -57767.1	(delta): 2.47804
12 (QN/Block) 	Elapsed: 0.031	Loglikelihood: -57764.1	(delta): 2.98552
13 (QN/Block) 	Elapsed: 0.026	Loglikelihood: -57762.3	(delta): 1.83443
14 (QN/Block) 	Elapsed: 0.027	Loglikelihood: -57761.3	(delta): 1.00224
15 (QN/Block) 	Elapsed: 0.025	Loglikelihood: -57760.9	(delta): 0.35078
16 (QN/Block) 	Elapsed: 0.026	Loglikelihood: -57760.8	(delta): 0.154524
17 (QN/Block) 	Elapsed: 0.026	Loglikelihood: -57760.6	(delta): 0.174212
18 (QN/Block) 	Elapsed: 0.024	Loglikelihood: -57760.5	(delta): 0.0799012
19 (QN/Block) 	Elapsed: 0.029	Loglikelihood: -57760.5	(delta): 0.0438442
20 (QN/Block) 	Elapsed: 0.029	Loglikelihood: -57760.5	(delta): 0.02022
21 (QN/Block) 	Elapsed: 0.032	Loglikelihood: -57760.5	(delta): 0.00671276
22 (QN/Block) 	Elapsed: 0.028	Loglikelihood: -57760.5	(delta): 0.00626714
23 (QN/Block) 	Elapsed: 0.026	Loglikelihood: -57760.5	(delta): 0.000602734
24 (QN/Block) 	Elapsed: 0.025	Loglikelihood: -57760.5	(delta): 0.000192505
25 (QN/Block) 	Elapsed: 0.027	Loglikelihood: -57760.5	(delta): 3.26421e-05
26 (QN/Block) 	Elapsed: 0.027	Loglikelihood: -57760.5	(delta): 3.6019e-06
27 (QN/Block) 	Elapsed: 0.026	Loglikelihood: -57760.5	(delta): 1.01354e-06
28 (QN/Block) 	Elapsed: 0.028	Loglikelihood: -57760.5	(delta): 1.76609e-07
29 (QN/Block) 	Elapsed: 0.025	Loglikelihood: -57760.5	(delta): 9.98989e-09
30 (QN/Block) 	Elapsed: 0.026	Loglikelihood: -57760.5	(delta): 1.34605e-09
31 (QN/Block) 	Elapsed: 0.028	Loglikelihood: -57760.5	(delta): 9.45874e-11
32 (QN/Block) 	Elapsed: 0.032	Loglikelihood: -57760.5	(delta): 2.18279e-11
33 (QN/Block) 	Elapsed: 0.028	Loglikelihood: -57760.5	(delta): 0
34 (QN/Block) 	Elapsed: 0.031	Loglikelihood: -57760.5	(delta): 1.45519e-11
35 (QN/Block) 	Elapsed: 0.028	Loglikelihood: -57760.5	(delta): 7.27596e-12
36 (QN/Block) 	Elapsed: 0.028	Loglikelihood: -57760.5	(delta): 0
37 (QN/Block) 	Elapsed: 0.023	Loglikelihood: -57760.5	(delta): 0
38 (QN/Block) 	Elapsed: 0.026	Loglikelihood: -57760.5	(delta): 0
39 (QN/Block) 	Elapsed: 0.029	Loglikelihood: -57760.5	(delta): 7.27596e-12
40 (QN/Block) 	Elapsed: 0.032	Loglikelihood: -57760.5	(delta): 7.27596e-12
41 (QN/Block) 	Elapsed: 0.03	Loglikelihood: -57760.5	(delta): -2.18279e-11
42 (QN/Block) 	Elapsed: 0.03	Loglikelihood: -57760.5	(delta): 1.45519e-11
43 (QN/Block) 	Elapsed: 0.03	Loglikelihood: -57760.5	(delta): 0
44 (QN/Block) 	Elapsed: 0.033	Loglikelihood: -57760.5	(delta): 0
45 (QN/Block) 	Elapsed: 0.032	Loglikelihood: -57760.5	(delta): -7.27596e-12
46 (QN/Block) 	Elapsed: 0.027	Loglikelihood: -57760.5	(delta): 7.27596e-12
47 (QN/Block) 	Elapsed: 0.026	Loglikelihood: -57760.5	(delta): -7.27596e-12
48 (QN/Block) 	Elapsed: 0.025	Loglikelihood: -57760.5	(delta): 0
49 (QN/Block) 	Elapsed: 0.03	Loglikelihood: -57760.5	(delta): 0
50 (QN/Block) 	Elapsed: 0.031	Loglikelihood: -57760.5	(delta): 1.45519e-11
51 (QN/Block) 	Elapsed: 0.03	Loglikelihood: -57760.5	(delta): -7.27596e-12
52 (QN/Block) 	Elapsed: 0.029	Loglikelihood: -57760.5	(delta): 0
53 (QN/Block) 	Elapsed: 0.027	Loglikelihood: -57760.5	(delta): 0
54 (QN/Block) 	Elapsed: 0.024	Loglikelihood: -57760.5	(delta): -7.27596e-12
55 (QN/Block) 	Elapsed: 0.023	Loglikelihood: -57760.5	(delta): 1.45519e-11
56 (QN/Block) 	Elapsed: 0.026	Loglikelihood: -57760.5	(delta): -7.27596e-12
57 (QN/Block) 	Elapsed: 0.03	Loglikelihood: -57760.5	(delta): -7.27596e-12
58 (QN/Block) 	Elapsed: 0.03	Loglikelihood: -57760.5	(delta): 0
59 (QN/Block) 	Elapsed: 0.031	Loglikelihood: -57760.5	(delta): 1.45519e-11
60 (QN/Block) 	Elapsed: 0.029	Loglikelihood: -57760.5	(delta): -7.27596e-12
61 (QN/Block) 	Elapsed: 0.028	Loglikelihood: -57760.5	(delta): 7.27596e-12
62 (QN/Block) 	Elapsed: 0.029	Loglikelihood: -57760.5	(delta): -7.27596e-12
63 (QN/Block) 	Elapsed: 0.024	Loglikelihood: -57760.5	(delta): 7.27596e-12
64 (QN/Block) 	Elapsed: 0.029	Loglikelihood: -57760.5	(delta): -7.27596e-12
65 (QN/Block) 	Elapsed: 0.036	Loglikelihood: -57760.5	(delta): 0
66 (QN/Block) 	Elapsed: 0.031	Loglikelihood: -57760.5	(delta): 0
67 (QN/Block) 	Elapsed: 0.032	Loglikelihood: -57760.5	(delta): 1.45519e-11
68 (QN/Block) 	Elapsed: 0.031	Loglikelihood: -57760.5	(delta): 0
69 (QN/Block) 	Elapsed: 0.031	Loglikelihood: -57760.5	(delta): 0
70 (QN/Block) 	Elapsed: 0.031	Loglikelihood: -57760.5	(delta): 0
71 (QN/Block) 	Elapsed: 0.031	Loglikelihood: -57760.5	(delta): 0
72 (QN/Block) 	Elapsed: 0.031	Loglikelihood: -57760.5	(delta): 7.27596e-12
73 (QN/Block) 	Elapsed: 0.03	Loglikelihood: -57760.5	(delta): -1.45519e-11
74 (QN/Block) 	Elapsed: 0.03	Loglikelihood: -57760.5	(delta): 7.27596e-12
75 (QN/Block) 	Elapsed: 0.026	Loglikelihood: -57760.5	(delta): 0
76 (QN/Block) 	Elapsed: 0.029	Loglikelihood: -57760.5	(delta): -7.27596e-12
77 (QN/Block) 	Elapsed: 0.025	Loglikelihood: -57760.5	(delta): 7.27596e-12
78 (QN/Block) 	Elapsed: 0.028	Loglikelihood: -57760.5	(delta): -7.27596e-12
79 (QN/Block) 	Elapsed: 0.026	Loglikelihood: -57760.5	(delta): 7.27596e-12
80 (QN/Block) 	Elapsed: 0.027	Loglikelihood: -57760.5	(delta): 7.27596e-12
81 (QN/Block) 	Elapsed: 0.027	Loglikelihood: -57760.5	(delta): -1.45519e-11
82 (QN/Block) 	Elapsed: 0.027	Loglikelihood: -57760.5	(delta): 7.27596e-12
83 (QN/Block) 	Elapsed: 0.024	Loglikelihood: -57760.5	(delta): 0
84 (QN/Block) 	Elapsed: 0.023	Loglikelihood: -57760.5	(delta): 0
85 (QN/Block) 	Elapsed: 0.026	Loglikelihood: -57760.5	(delta): 0
86 (QN/Block) 	Elapsed: 0.023	Loglikelihood: -57760.5	(delta): 7.27596e-12
87 (QN/Block) 	Elapsed: 0.023	Loglikelihood: -57760.5	(delta): -1.45519e-11
88 (QN/Block) 	Elapsed: 0.026	Loglikelihood: -57760.5	(delta): 7.27596e-12
89 (QN/Block) 	Elapsed: 0.027	Loglikelihood: -57760.5	(delta): 0
90 (QN/Block) 	Elapsed: 0.027	Loglikelihood: -57760.5	(delta): -7.27596e-12
91 (QN/Block) 	Elapsed: 0.028	Loglikelihood: -57760.5	(delta): 0
92 (QN/Block) 	Elapsed: 0.027	Loglikelihood: -57760.5	(delta): 1.45519e-11
93 (QN/Block) 	Elapsed: 0.028	Loglikelihood: -57760.5	(delta): -1.45519e-11
94 (QN/Block) 	Elapsed: 0.026	Loglikelihood: -57760.5	(delta): 0
95 (QN/Block) 	Elapsed: 0.027	Loglikelihood: -57760.5	(delta): 1.45519e-11
96 (QN/Block) 	Elapsed: 0.025	Loglikelihood: -57760.5	(delta): -7.27596e-12
97 (QN/Block) 	Elapsed: 0.028	Loglikelihood: -57760.5	(delta): -7.27596e-12
98 (QN/Block) 	Elapsed: 0.03	Loglikelihood: -57760.5	(delta): 7.27596e-12
99 (QN/Block) 	Elapsed: 0.035	Loglikelihood: -57760.5	(delta): 0
100 (QN/Block) 	Elapsed: 0.03	Loglikelihood: -57760.5	(delta): -7.27596e-12
Summary: 
Converged in 100 iterations (2.964 sec)
Loglikelihood: -57760.457972
Fst divergences between estimated populations: 
	Pop0	Pop1	Pop2	Pop3	Pop4	
Pop0	
Pop1	0.584	
Pop2	0.154	0.560	
Pop3	0.617	0.265	0.596	
Pop4	0.503	0.405	0.482	0.444	
Pop5	0.607	0.176	0.584	0.239	0.431	
CV error (K=6): 0.42367
Writing output files.
