****                   ADMIXTURE Version 1.3.0                  ****
****                    Copyright 2008-2015                     ****
****           David Alexander, Suyash Shringarpure,            ****
****                John  Novembre, Ken Lange                   ****
****                                                            ****
****                 Please cite our paper!                     ****
****   Information at www.genetics.ucla.edu/software/admixture  ****

Parallel execution requested.  Will use 8 threads.
Cross-validation will be performed.  Folds=10.
Random seed: 43
Point estimation method: Block relaxation algorithm
Convergence acceleration algorithm: QuasiNewton, 3 secant conditions
Point estimation will terminate at 100 iterations
Estimation of standard errors disabled; will compute point estimates only.
Size of G: 98x940
Performing five EM steps to prime main algorithm
1 (EM) 	Elapsed: 0.003	Loglikelihood: -45718.8	(delta): 108216
2 (EM) 	Elapsed: 0.003	Loglikelihood: -44025.3	(delta): 1693.51
3 (EM) 	Elapsed: 0.003	Loglikelihood: -43646.8	(delta): 378.532
4 (EM) 	Elapsed: 0.003	Loglikelihood: -43469.9	(delta): 176.891
5 (EM) 	Elapsed: 0.003	Loglikelihood: -43378.7	(delta): 91.2378
Initial loglikelihood: -43378.7
Starting main algorithm
1 (QN/Block) 	Elapsed: 0.01	Loglikelihood: -40759.5	(delta): 2619.13
2 (QN/Block) 	Elapsed: 0.011	Loglikelihood: -39624	(delta): 1135.51
3 (QN/Block) 	Elapsed: 0.011	Loglikelihood: -39246.1	(delta): 377.956
4 (QN/Block) 	Elapsed: 0.008	Loglikelihood: -38986.1	(delta): 259.944
5 (QN/Block) 	Elapsed: 0.009	Loglikelihood: -38894	(delta): 92.1242
6 (QN/Block) 	Elapsed: 0.01	Loglikelihood: -38863.7	(delta): 30.249
7 (QN/Block) 	Elapsed: 0.01	Loglikelihood: -38859.1	(delta): 4.62085
8 (QN/Block) 	Elapsed: 0.009	Loglikelihood: -38858.7	(delta): 0.414141
9 (QN/Block) 	Elapsed: 0.009	Loglikelihood: -38858.7	(delta): 0.0153543
10 (QN/Block) 	Elapsed: 0.009	Loglikelihood: -38858.7	(delta): 0.00349089
11 (QN/Block) 	Elapsed: 0.009	Loglikelihood: -38858.7	(delta): 0.000287918
12 (QN/Block) 	Elapsed: 0.009	Loglikelihood: -38858.7	(delta): 0.000116565
13 (QN/Block) 	Elapsed: 0.008	Loglikelihood: -38858.7	(delta): 3.71392e-06
14 (QN/Block) 	Elapsed: 0.009	Loglikelihood: -38858.7	(delta): 2.31114e-07
15 (QN/Block) 	Elapsed: 0.009	Loglikelihood: -38858.7	(delta): 1.01645e-08
16 (QN/Block) 	Elapsed: 0.01	Loglikelihood: -38858.7	(delta): 2.47383e-10
17 (QN/Block) 	Elapsed: 0.01	Loglikelihood: -38858.7	(delta): 0
18 (QN/Block) 	Elapsed: 0.012	Loglikelihood: -38858.7	(delta): 0
19 (QN/Block) 	Elapsed: 0.01	Loglikelihood: -38858.7	(delta): 0
20 (QN/Block) 	Elapsed: 0.01	Loglikelihood: -38858.7	(delta): 0
21 (QN/Block) 	Elapsed: 0.011	Loglikelihood: -38858.7	(delta): 0
22 (QN/Block) 	Elapsed: 0.011	Loglikelihood: -38858.7	(delta): 0
23 (QN/Block) 	Elapsed: 0.008	Loglikelihood: -38858.7	(delta): 0
24 (QN/Block) 	Elapsed: 0.01	Loglikelihood: -38858.7	(delta): 0
25 (QN/Block) 	Elapsed: 0.009	Loglikelihood: -38858.7	(delta): 0
26 (QN/Block) 	Elapsed: 0.01	Loglikelihood: -38858.7	(delta): 0
27 (QN/Block) 	Elapsed: 0.01	Loglikelihood: -38858.7	(delta): 7.27596e-12
28 (QN/Block) 	Elapsed: 0.01	Loglikelihood: -38858.7	(delta): -7.27596e-12
29 (QN/Block) 	Elapsed: 0.011	Loglikelihood: -38858.7	(delta): 0
30 (QN/Block) 	Elapsed: 0.011	Loglikelihood: -38858.7	(delta): -7.27596e-12
31 (QN/Block) 	Elapsed: 0.01	Loglikelihood: -38858.7	(delta): 7.27596e-12
32 (QN/Block) 	Elapsed: 0.011	Loglikelihood: -38858.7	(delta): 0
33 (QN/Block) 	Elapsed: 0.012	Loglikelihood: -38858.7	(delta): 0
34 (QN/Block) 	Elapsed: 0.01	Loglikelihood: -38858.7	(delta): 0
35 (QN/Block) 	Elapsed: 0.011	Loglikelihood: -38858.7	(delta): 0
36 (QN/Block) 	Elapsed: 0.009	Loglikelihood: -38858.7	(delta): 0
37 (QN/Block) 	Elapsed: 0.012	Loglikelihood: -38858.7	(delta): 0
38 (QN/Block) 	Elapsed: 0.009	Loglikelihood: -38858.7	(delta): 0
39 (QN/Block) 	Elapsed: 0.011	Loglikelihood: -38858.7	(delta): 0
40 (QN/Block) 	Elapsed: 0.012	Loglikelihood: -38858.7	(delta): 0
41 (QN/Block) 	Elapsed: 0.011	Loglikelihood: -38858.7	(delta): 0
42 (QN/Block) 	Elapsed: 0.012	Loglikelihood: -38858.7	(delta): 0
43 (QN/Block) 	Elapsed: 0.01	Loglikelihood: -38858.7	(delta): 0
44 (QN/Block) 	Elapsed: 0.012	Loglikelihood: -38858.7	(delta): -7.27596e-12
45 (QN/Block) 	Elapsed: 0.01	Loglikelihood: -38858.7	(delta): 0
46 (QN/Block) 	Elapsed: 0.01	Loglikelihood: -38858.7	(delta): 7.27596e-12
47 (QN/Block) 	Elapsed: 0.01	Loglikelihood: -38858.7	(delta): -7.27596e-12
48 (QN/Block) 	Elapsed: 0.012	Loglikelihood: -38858.7	(delta): 0
49 (QN/Block) 	Elapsed: 0.009	Loglikelihood: -38858.7	(delta): 7.27596e-12
50 (QN/Block) 	Elapsed: 0.009	Loglikelihood: -38858.7	(delta): 0
51 (QN/Block) 	Elapsed: 0.008	Loglikelihood: -38858.7	(delta): 0
52 (QN/Block) 	Elapsed: 0.009	Loglikelihood: -38858.7	(delta): -7.27596e-12
53 (QN/Block) 	Elapsed: 0.009	Loglikelihood: -38858.7	(delta): 7.27596e-12
54 (QN/Block) 	Elapsed: 0.009	Loglikelihood: -38858.7	(delta): 0
55 (QN/Block) 	Elapsed: 0.009	Loglikelihood: -38858.7	(delta): 0
56 (QN/Block) 	Elapsed: 0.009	Loglikelihood: -38858.7	(delta): 0
57 (QN/Block) 	Elapsed: 0.009	Loglikelihood: -38858.7	(delta): 0
58 (QN/Block) 	Elapsed: 0.012	Loglikelihood: -38858.7	(delta): -7.27596e-12
59 (QN/Block) 	Elapsed: 0.012	Loglikelihood: -38858.7	(delta): 7.27596e-12
60 (QN/Block) 	Elapsed: 0.012	Loglikelihood: -38858.7	(delta): 0
61 (QN/Block) 	Elapsed: 0.01	Loglikelihood: -38858.7	(delta): -7.27596e-12
62 (QN/Block) 	Elapsed: 0.01	Loglikelihood: -38858.7	(delta): 7.27596e-12
63 (QN/Block) 	Elapsed: 0.009	Loglikelihood: -38858.7	(delta): 0
64 (QN/Block) 	Elapsed: 0.009	Loglikelihood: -38858.7	(delta): 0
65 (QN/Block) 	Elapsed: 0.009	Loglikelihood: -38858.7	(delta): 0
66 (QN/Block) 	Elapsed: 0.009	Loglikelihood: -38858.7	(delta): -7.27596e-12
67 (QN/Block) 	Elapsed: 0.01	Loglikelihood: -38858.7	(delta): 7.27596e-12
68 (QN/Block) 	Elapsed: 0.01	Loglikelihood: -38858.7	(delta): 0
69 (QN/Block) 	Elapsed: 0.01	Loglikelihood: -38858.7	(delta): 0
70 (QN/Block) 	Elapsed: 0.011	Loglikelihood: -38858.7	(delta): -7.27596e-12
71 (QN/Block) 	Elapsed: 0.012	Loglikelihood: -38858.7	(delta): 0
72 (QN/Block) 	Elapsed: 0.012	Loglikelihood: -38858.7	(delta): 7.27596e-12
73 (QN/Block) 	Elapsed: 0.009	Loglikelihood: -38858.7	(delta): 0
74 (QN/Block) 	Elapsed: 0.008	Loglikelihood: -38858.7	(delta): 0
75 (QN/Block) 	Elapsed: 0.01	Loglikelihood: -38858.7	(delta): -7.27596e-12
76 (QN/Block) 	Elapsed: 0.01	Loglikelihood: -38858.7	(delta): 7.27596e-12
77 (QN/Block) 	Elapsed: 0.01	Loglikelihood: -38858.7	(delta): -7.27596e-12
78 (QN/Block) 	Elapsed: 0.011	Loglikelihood: -38858.7	(delta): 7.27596e-12
79 (QN/Block) 	Elapsed: 0.012	Loglikelihood: -38858.7	(delta): 0
80 (QN/Block) 	Elapsed: 0.012	Loglikelihood: -38858.7	(delta): 0
81 (QN/Block) 	Elapsed: 0.011	Loglikelihood: -38858.7	(delta): 0
82 (QN/Block) 	Elapsed: 0.011	Loglikelihood: -38858.7	(delta): 0
83 (QN/Block) 	Elapsed: 0.009	Loglikelihood: -38858.7	(delta): 0
84 (QN/Block) 	Elapsed: 0.01	Loglikelihood: -38858.7	(delta): 0
85 (QN/Block) 	Elapsed: 0.008	Loglikelihood: -38858.7	(delta): 0
86 (QN/Block) 	Elapsed: 0.01	Loglikelihood: -38858.7	(delta): 0
87 (QN/Block) 	Elapsed: 0.011	Loglikelihood: -38858.7	(delta): 0
88 (QN/Block) 	Elapsed: 0.008	Loglikelihood: -38858.7	(delta): -7.27596e-12
89 (QN/Block) 	Elapsed: 0.008	Loglikelihood: -38858.7	(delta): 7.27596e-12
90 (QN/Block) 	Elapsed: 0.011	Loglikelihood: -38858.7	(delta): 0
91 (QN/Block) 	Elapsed: 0.011	Loglikelihood: -38858.7	(delta): 0
92 (QN/Block) 	Elapsed: 0.009	Loglikelihood: -38858.7	(delta): 0
93 (QN/Block) 	Elapsed: 0.012	Loglikelihood: -38858.7	(delta): 0
94 (QN/Block) 	Elapsed: 0.013	Loglikelihood: -38858.7	(delta): 0
95 (QN/Block) 	Elapsed: 0.01	Loglikelihood: -38858.7	(delta): 0
96 (QN/Block) 	Elapsed: 0.011	Loglikelihood: -38858.7	(delta): 0
97 (QN/Block) 	Elapsed: 0.011	Loglikelihood: -38858.7	(delta): -7.27596e-12
98 (QN/Block) 	Elapsed: 0.012	Loglikelihood: -38858.7	(delta): 7.27596e-12
99 (QN/Block) 	Elapsed: 0.011	Loglikelihood: -38858.7	(delta): 7.27596e-12
100 (QN/Block) 	Elapsed: 0.01	Loglikelihood: -38858.7	(delta): -7.27596e-12
Summary: 
Converged in 100 iterations (1.12 sec)
Loglikelihood: -38858.688665
Fst divergences between estimated populations: 
	Pop0	
Pop0	
Pop1	0.178	
CV error (K=2): 0.30860
Writing output files.
