****                   ADMIXTURE Version 1.3.0                  ****
****                    Copyright 2008-2015                     ****
****           David Alexander, Suyash Shringarpure,            ****
****                John  Novembre, Ken Lange                   ****
****                                                            ****
****                 Please cite our paper!                     ****
****   Information at www.genetics.ucla.edu/software/admixture  ****

Parallel execution requested.  Will use 8 threads.
Cross-validation will be performed.  Folds=10.
Random seed: 43
Point estimation method: Block relaxation algorithm
Convergence acceleration algorithm: QuasiNewton, 3 secant conditions
Point estimation will terminate at 100 iterations
Estimation of standard errors disabled; will compute point estimates only.
Size of G: 98x940
Performing five EM steps to prime main algorithm
1 (EM) 	Elapsed: 0.01	Loglikelihood: -46905.4	(delta): 83909.4
2 (EM) 	Elapsed: 0.01	Loglikelihood: -44002.8	(delta): 2902.61
3 (EM) 	Elapsed: 0.01	Loglikelihood: -43390.6	(delta): 612.191
4 (EM) 	Elapsed: 0.01	Loglikelihood: -43003.9	(delta): 386.756
5 (EM) 	Elapsed: 0.011	Loglikelihood: -42692.9	(delta): 310.909
Initial loglikelihood: -42692.9
Starting main algorithm
1 (QN/Block) 	Elapsed: 0.018	Loglikelihood: -38103.3	(delta): 4589.67
2 (QN/Block) 	Elapsed: 0.017	Loglikelihood: -37157.7	(delta): 945.553
3 (QN/Block) 	Elapsed: 0.02	Loglikelihood: -36778.1	(delta): 379.632
4 (QN/Block) 	Elapsed: 0.015	Loglikelihood: -36554.9	(delta): 223.186
5 (QN/Block) 	Elapsed: 0.015	Loglikelihood: -36456.1	(delta): 98.7787
6 (QN/Block) 	Elapsed: 0.016	Loglikelihood: -36413	(delta): 43.0853
7 (QN/Block) 	Elapsed: 0.015	Loglikelihood: -36377.3	(delta): 35.7481
8 (QN/Block) 	Elapsed: 0.016	Loglikelihood: -36345.4	(delta): 31.8862
9 (QN/Block) 	Elapsed: 0.015	Loglikelihood: -36322.1	(delta): 23.2862
10 (QN/Block) 	Elapsed: 0.017	Loglikelihood: -36302.3	(delta): 19.8185
11 (QN/Block) 	Elapsed: 0.019	Loglikelihood: -36293.6	(delta): 8.74271
12 (QN/Block) 	Elapsed: 0.021	Loglikelihood: -36290.3	(delta): 3.21245
13 (QN/Block) 	Elapsed: 0.019	Loglikelihood: -36288.9	(delta): 1.41947
14 (QN/Block) 	Elapsed: 0.022	Loglikelihood: -36287.4	(delta): 1.53281
15 (QN/Block) 	Elapsed: 0.02	Loglikelihood: -36285.8	(delta): 1.62696
16 (QN/Block) 	Elapsed: 0.019	Loglikelihood: -36284.1	(delta): 1.6626
17 (QN/Block) 	Elapsed: 0.022	Loglikelihood: -36281.7	(delta): 2.4463
18 (QN/Block) 	Elapsed: 0.021	Loglikelihood: -36278.5	(delta): 3.13396
19 (QN/Block) 	Elapsed: 0.022	Loglikelihood: -36271.6	(delta): 6.94973
20 (QN/Block) 	Elapsed: 0.03	Loglikelihood: -36267.9	(delta): 3.69308
21 (QN/Block) 	Elapsed: 0.025	Loglikelihood: -36261.1	(delta): 6.77064
22 (QN/Block) 	Elapsed: 0.024	Loglikelihood: -36260	(delta): 1.10904
23 (QN/Block) 	Elapsed: 0.024	Loglikelihood: -36259.4	(delta): 0.57803
24 (QN/Block) 	Elapsed: 0.021	Loglikelihood: -36259.3	(delta): 0.169309
25 (QN/Block) 	Elapsed: 0.021	Loglikelihood: -36258.9	(delta): 0.351556
26 (QN/Block) 	Elapsed: 0.017	Loglikelihood: -36258.7	(delta): 0.160639
27 (QN/Block) 	Elapsed: 0.021	Loglikelihood: -36258.6	(delta): 0.120939
28 (QN/Block) 	Elapsed: 0.021	Loglikelihood: -36258.4	(delta): 0.196864
29 (QN/Block) 	Elapsed: 0.022	Loglikelihood: -36258.1	(delta): 0.314173
30 (QN/Block) 	Elapsed: 0.02	Loglikelihood: -36257.8	(delta): 0.296054
31 (QN/Block) 	Elapsed: 0.02	Loglikelihood: -36257.5	(delta): 0.343189
32 (QN/Block) 	Elapsed: 0.018	Loglikelihood: -36257.2	(delta): 0.32038
33 (QN/Block) 	Elapsed: 0.021	Loglikelihood: -36257	(delta): 0.123569
34 (QN/Block) 	Elapsed: 0.02	Loglikelihood: -36256.9	(delta): 0.0889618
35 (QN/Block) 	Elapsed: 0.021	Loglikelihood: -36256.9	(delta): 0.0247881
36 (QN/Block) 	Elapsed: 0.024	Loglikelihood: -36256.9	(delta): 0.0123859
37 (QN/Block) 	Elapsed: 0.024	Loglikelihood: -36256.9	(delta): 0.0110552
38 (QN/Block) 	Elapsed: 0.027	Loglikelihood: -36256.9	(delta): 0.0349796
39 (QN/Block) 	Elapsed: 0.025	Loglikelihood: -36256.8	(delta): 0.0236735
40 (QN/Block) 	Elapsed: 0.024	Loglikelihood: -36256.8	(delta): 0.0144045
41 (QN/Block) 	Elapsed: 0.021	Loglikelihood: -36256.8	(delta): 0.0181096
42 (QN/Block) 	Elapsed: 0.02	Loglikelihood: -36256.8	(delta): 0.0248048
43 (QN/Block) 	Elapsed: 0.02	Loglikelihood: -36256.7	(delta): 0.0567169
44 (QN/Block) 	Elapsed: 0.021	Loglikelihood: -36256.5	(delta): 0.23732
45 (QN/Block) 	Elapsed: 0.019	Loglikelihood: -36256.2	(delta): 0.259785
46 (QN/Block) 	Elapsed: 0.022	Loglikelihood: -36255.9	(delta): 0.319007
47 (QN/Block) 	Elapsed: 0.023	Loglikelihood: -36255.5	(delta): 0.395975
48 (QN/Block) 	Elapsed: 0.021	Loglikelihood: -36255.4	(delta): 0.121138
49 (QN/Block) 	Elapsed: 0.02	Loglikelihood: -36255.2	(delta): 0.15585
50 (QN/Block) 	Elapsed: 0.019	Loglikelihood: -36255	(delta): 0.227832
51 (QN/Block) 	Elapsed: 0.018	Loglikelihood: -36254.9	(delta): 0.0947172
52 (QN/Block) 	Elapsed: 0.019	Loglikelihood: -36254.9	(delta): 0.0256929
53 (QN/Block) 	Elapsed: 0.018	Loglikelihood: -36254.7	(delta): 0.131098
54 (QN/Block) 	Elapsed: 0.02	Loglikelihood: -36254.7	(delta): 0.0293614
55 (QN/Block) 	Elapsed: 0.018	Loglikelihood: -36254.7	(delta): 0.0121651
56 (QN/Block) 	Elapsed: 0.019	Loglikelihood: -36254.7	(delta): 0.0539075
57 (QN/Block) 	Elapsed: 0.019	Loglikelihood: -36254.6	(delta): 0.0469491
58 (QN/Block) 	Elapsed: 0.018	Loglikelihood: -36254.6	(delta): 0.0286574
59 (QN/Block) 	Elapsed: 0.019	Loglikelihood: -36254.5	(delta): 0.0318515
60 (QN/Block) 	Elapsed: 0.02	Loglikelihood: -36254.5	(delta): 0.0619073
61 (QN/Block) 	Elapsed: 0.019	Loglikelihood: -36254.3	(delta): 0.135298
62 (QN/Block) 	Elapsed: 0.02	Loglikelihood: -36253.9	(delta): 0.411345
63 (QN/Block) 	Elapsed: 0.02	Loglikelihood: -36253.1	(delta): 0.843931
64 (QN/Block) 	Elapsed: 0.02	Loglikelihood: -36253	(delta): 0.0480166
65 (QN/Block) 	Elapsed: 0.021	Loglikelihood: -36253	(delta): 0.031765
66 (QN/Block) 	Elapsed: 0.022	Loglikelihood: -36253	(delta): 0.00990446
67 (QN/Block) 	Elapsed: 0.018	Loglikelihood: -36253	(delta): 0.00125691
68 (QN/Block) 	Elapsed: 0.02	Loglikelihood: -36253	(delta): 0.000144025
69 (QN/Block) 	Elapsed: 0.02	Loglikelihood: -36253	(delta): 3.34974e-05
70 (QN/Block) 	Elapsed: 0.023	Loglikelihood: -36253	(delta): 1.88348e-06
71 (QN/Block) 	Elapsed: 0.02	Loglikelihood: -36253	(delta): 7.51897e-08
72 (QN/Block) 	Elapsed: 0.021	Loglikelihood: -36253	(delta): 4.91855e-09
73 (QN/Block) 	Elapsed: 0.019	Loglikelihood: -36253	(delta): 7.93079e-10
74 (QN/Block) 	Elapsed: 0.019	Loglikelihood: -36253	(delta): 1.67347e-10
75 (QN/Block) 	Elapsed: 0.018	Loglikelihood: -36253	(delta): 1.45519e-11
76 (QN/Block) 	Elapsed: 0.019	Loglikelihood: -36253	(delta): 0
77 (QN/Block) 	Elapsed: 0.02	Loglikelihood: -36253	(delta): 0
78 (QN/Block) 	Elapsed: 0.019	Loglikelihood: -36253	(delta): 7.27596e-12
79 (QN/Block) 	Elapsed: 0.018	Loglikelihood: -36253	(delta): 0
80 (QN/Block) 	Elapsed: 0.023	Loglikelihood: -36253	(delta): -7.27596e-12
81 (QN/Block) 	Elapsed: 0.02	Loglikelihood: -36253	(delta): 0
82 (QN/Block) 	Elapsed: 0.017	Loglikelihood: -36253	(delta): 7.27596e-12
83 (QN/Block) 	Elapsed: 0.017	Loglikelihood: -36253	(delta): -7.27596e-12
84 (QN/Block) 	Elapsed: 0.018	Loglikelihood: -36253	(delta): 0
85 (QN/Block) 	Elapsed: 0.018	Loglikelihood: -36253	(delta): 0
86 (QN/Block) 	Elapsed: 0.018	Loglikelihood: -36253	(delta): -7.27596e-12
87 (QN/Block) 	Elapsed: 0.024	Loglikelihood: -36253	(delta): 7.27596e-12
88 (QN/Block) 	Elapsed: 0.022	Loglikelihood: -36253	(delta): 0
89 (QN/Block) 	Elapsed: 0.019	Loglikelihood: -36253	(delta): -7.27596e-12
90 (QN/Block) 	Elapsed: 0.019	Loglikelihood: -36253	(delta): 0
91 (QN/Block) 	Elapsed: 0.023	Loglikelihood: -36253	(delta): 7.27596e-12
92 (QN/Block) 	Elapsed: 0.021	Loglikelihood: -36253	(delta): -7.27596e-12
93 (QN/Block) 	Elapsed: 0.023	Loglikelihood: -36253	(delta): 0
94 (QN/Block) 	Elapsed: 0.019	Loglikelihood: -36253	(delta): 0
95 (QN/Block) 	Elapsed: 0.022	Loglikelihood: -36253	(delta): 7.27596e-12
96 (QN/Block) 	Elapsed: 0.019	Loglikelihood: -36253	(delta): -7.27596e-12
97 (QN/Block) 	Elapsed: 0.02	Loglikelihood: -36253	(delta): 0
98 (QN/Block) 	Elapsed: 0.021	Loglikelihood: -36253	(delta): 7.27596e-12
99 (QN/Block) 	Elapsed: 0.022	Loglikelihood: -36253	(delta): 0
100 (QN/Block) 	Elapsed: 0.024	Loglikelihood: -36253	(delta): -7.27596e-12
Summary: 
Converged in 100 iterations (2.173 sec)
Loglikelihood: -36253.002638
Fst divergences between estimated populations: 
	Pop0	Pop1	Pop2	Pop3	Pop4	Pop5	
Pop0	
Pop1	0.089	
Pop2	0.208	0.216	
Pop3	0.093	0.114	0.205	
Pop4	0.072	0.101	0.210	0.105	
Pop5	0.226	0.229	0.081	0.222	0.226	
Pop6	0.073	0.110	0.206	0.111	0.065	0.227	
CV error (K=7): 0.38787
Writing output files.
