****                   ADMIXTURE Version 1.3.0                  ****
****                    Copyright 2008-2015                     ****
****           David Alexander, Suyash Shringarpure,            ****
****                John  Novembre, Ken Lange                   ****
****                                                            ****
****                 Please cite our paper!                     ****
****   Information at www.genetics.ucla.edu/software/admixture  ****

Parallel execution requested.  Will use 8 threads.
Cross-validation will be performed.  Folds=10.
Random seed: 43
Point estimation method: Block relaxation algorithm
Convergence acceleration algorithm: QuasiNewton, 3 secant conditions
Point estimation will terminate at 100 iterations
Estimation of standard errors disabled; will compute point estimates only.
Size of G: 98x940
Performing five EM steps to prime main algorithm
1 (EM) 	Elapsed: 0.004	Loglikelihood: -46756.4	(delta): 88639.6
2 (EM) 	Elapsed: 0.004	Loglikelihood: -44198.3	(delta): 2558.14
3 (EM) 	Elapsed: 0.004	Loglikelihood: -43662.3	(delta): 535.952
4 (EM) 	Elapsed: 0.004	Loglikelihood: -43346.1	(delta): 316.229
5 (EM) 	Elapsed: 0.004	Loglikelihood: -43131	(delta): 215.107
Initial loglikelihood: -43131
Starting main algorithm
1 (QN/Block) 	Elapsed: 0.008	Loglikelihood: -39938.9	(delta): 3192.1
2 (QN/Block) 	Elapsed: 0.008	Loglikelihood: -38823.3	(delta): 1115.61
3 (QN/Block) 	Elapsed: 0.009	Loglikelihood: -38321.2	(delta): 502.139
4 (QN/Block) 	Elapsed: 0.008	Loglikelihood: -37898.8	(delta): 422.381
5 (QN/Block) 	Elapsed: 0.009	Loglikelihood: -37687.8	(delta): 210.98
6 (QN/Block) 	Elapsed: 0.009	Loglikelihood: -37636.2	(delta): 51.6145
7 (QN/Block) 	Elapsed: 0.009	Loglikelihood: -37620.5	(delta): 15.6598
8 (QN/Block) 	Elapsed: 0.008	Loglikelihood: -37610.5	(delta): 9.98936
9 (QN/Block) 	Elapsed: 0.009	Loglikelihood: -37600	(delta): 10.5447
10 (QN/Block) 	Elapsed: 0.008	Loglikelihood: -37589.6	(delta): 10.3562
11 (QN/Block) 	Elapsed: 0.009	Loglikelihood: -37578.8	(delta): 10.7827
12 (QN/Block) 	Elapsed: 0.009	Loglikelihood: -37577.9	(delta): 0.944762
13 (QN/Block) 	Elapsed: 0.009	Loglikelihood: -37577.3	(delta): 0.568253
14 (QN/Block) 	Elapsed: 0.01	Loglikelihood: -37575.3	(delta): 2.08254
15 (QN/Block) 	Elapsed: 0.01	Loglikelihood: -37573.5	(delta): 1.79459
16 (QN/Block) 	Elapsed: 0.01	Loglikelihood: -37573.4	(delta): 0.0816442
17 (QN/Block) 	Elapsed: 0.009	Loglikelihood: -37573.3	(delta): 0.0726811
18 (QN/Block) 	Elapsed: 0.009	Loglikelihood: -37573.3	(delta): 0.0339028
19 (QN/Block) 	Elapsed: 0.009	Loglikelihood: -37573.3	(delta): 0.0079276
20 (QN/Block) 	Elapsed: 0.009	Loglikelihood: -37573.3	(delta): 0.00548921
21 (QN/Block) 	Elapsed: 0.009	Loglikelihood: -37573.3	(delta): 0.00427557
22 (QN/Block) 	Elapsed: 0.009	Loglikelihood: -37573.2	(delta): 0.00866257
23 (QN/Block) 	Elapsed: 0.009	Loglikelihood: -37573.2	(delta): 0.0181543
24 (QN/Block) 	Elapsed: 0.009	Loglikelihood: -37573.2	(delta): 0.0384513
25 (QN/Block) 	Elapsed: 0.01	Loglikelihood: -37573.1	(delta): 0.0825363
26 (QN/Block) 	Elapsed: 0.01	Loglikelihood: -37572.9	(delta): 0.180463
27 (QN/Block) 	Elapsed: 0.01	Loglikelihood: -37572.7	(delta): 0.263321
28 (QN/Block) 	Elapsed: 0.01	Loglikelihood: -37572.6	(delta): 0.0560236
29 (QN/Block) 	Elapsed: 0.01	Loglikelihood: -37572.6	(delta): 0.0121735
30 (QN/Block) 	Elapsed: 0.009	Loglikelihood: -37572.6	(delta): 0.00479728
31 (QN/Block) 	Elapsed: 0.008	Loglikelihood: -37572.6	(delta): 0.00766417
32 (QN/Block) 	Elapsed: 0.008	Loglikelihood: -37572.6	(delta): 0.00492358
33 (QN/Block) 	Elapsed: 0.009	Loglikelihood: -37572.6	(delta): 0.00250638
34 (QN/Block) 	Elapsed: 0.01	Loglikelihood: -37572.6	(delta): 0.00181525
35 (QN/Block) 	Elapsed: 0.01	Loglikelihood: -37572.6	(delta): 0.000313756
36 (QN/Block) 	Elapsed: 0.013	Loglikelihood: -37572.6	(delta): 2.28681e-05
37 (QN/Block) 	Elapsed: 0.009	Loglikelihood: -37572.6	(delta): 1.10296e-05
38 (QN/Block) 	Elapsed: 0.009	Loglikelihood: -37572.6	(delta): 1.24091e-06
39 (QN/Block) 	Elapsed: 0.009	Loglikelihood: -37572.6	(delta): 2.65791e-08
40 (QN/Block) 	Elapsed: 0.01	Loglikelihood: -37572.6	(delta): 6.18456e-10
41 (QN/Block) 	Elapsed: 0.012	Loglikelihood: -37572.6	(delta): 1.23691e-10
42 (QN/Block) 	Elapsed: 0.012	Loglikelihood: -37572.6	(delta): 7.27596e-12
43 (QN/Block) 	Elapsed: 0.014	Loglikelihood: -37572.6	(delta): -7.27596e-12
44 (QN/Block) 	Elapsed: 0.013	Loglikelihood: -37572.6	(delta): 0
45 (QN/Block) 	Elapsed: 0.013	Loglikelihood: -37572.6	(delta): 7.27596e-12
46 (QN/Block) 	Elapsed: 0.013	Loglikelihood: -37572.6	(delta): 0
47 (QN/Block) 	Elapsed: 0.012	Loglikelihood: -37572.6	(delta): 0
48 (QN/Block) 	Elapsed: 0.012	Loglikelihood: -37572.6	(delta): -7.27596e-12
49 (QN/Block) 	Elapsed: 0.012	Loglikelihood: -37572.6	(delta): 0
50 (QN/Block) 	Elapsed: 0.012	Loglikelihood: -37572.6	(delta): 0
51 (QN/Block) 	Elapsed: 0.012	Loglikelihood: -37572.6	(delta): 0
52 (QN/Block) 	Elapsed: 0.012	Loglikelihood: -37572.6	(delta): 7.27596e-12
53 (QN/Block) 	Elapsed: 0.011	Loglikelihood: -37572.6	(delta): -7.27596e-12
54 (QN/Block) 	Elapsed: 0.011	Loglikelihood: -37572.6	(delta): 0
55 (QN/Block) 	Elapsed: 0.011	Loglikelihood: -37572.6	(delta): 7.27596e-12
56 (QN/Block) 	Elapsed: 0.011	Loglikelihood: -37572.6	(delta): -7.27596e-12
57 (QN/Block) 	Elapsed: 0.01	Loglikelihood: -37572.6	(delta): -7.27596e-12
58 (QN/Block) 	Elapsed: 0.015	Loglikelihood: -37572.6	(delta): 7.27596e-12
59 (QN/Block) 	Elapsed: 0.016	Loglikelihood: -37572.6	(delta): 0
60 (QN/Block) 	Elapsed: 0.017	Loglikelihood: -37572.6	(delta): 7.27596e-12
61 (QN/Block) 	Elapsed: 0.017	Loglikelihood: -37572.6	(delta): 0
62 (QN/Block) 	Elapsed: 0.016	Loglikelihood: -37572.6	(delta): 0
63 (QN/Block) 	Elapsed: 0.018	Loglikelihood: -37572.6	(delta): 0
64 (QN/Block) 	Elapsed: 0.015	Loglikelihood: -37572.6	(delta): 0
65 (QN/Block) 	Elapsed: 0.016	Loglikelihood: -37572.6	(delta): -7.27596e-12
66 (QN/Block) 	Elapsed: 0.016	Loglikelihood: -37572.6	(delta): 0
67 (QN/Block) 	Elapsed: 0.015	Loglikelihood: -37572.6	(delta): 0
68 (QN/Block) 	Elapsed: 0.016	Loglikelihood: -37572.6	(delta): 0
69 (QN/Block) 	Elapsed: 0.016	Loglikelihood: -37572.6	(delta): 0
70 (QN/Block) 	Elapsed: 0.014	Loglikelihood: -37572.6	(delta): 0
71 (QN/Block) 	Elapsed: 0.015	Loglikelihood: -37572.6	(delta): 0
72 (QN/Block) 	Elapsed: 0.014	Loglikelihood: -37572.6	(delta): 0
73 (QN/Block) 	Elapsed: 0.015	Loglikelihood: -37572.6	(delta): 0
74 (QN/Block) 	Elapsed: 0.013	Loglikelihood: -37572.6	(delta): 0
75 (QN/Block) 	Elapsed: 0.017	Loglikelihood: -37572.6	(delta): 7.27596e-12
76 (QN/Block) 	Elapsed: 0.017	Loglikelihood: -37572.6	(delta): 0
77 (QN/Block) 	Elapsed: 0.018	Loglikelihood: -37572.6	(delta): 0
78 (QN/Block) 	Elapsed: 0.018	Loglikelihood: -37572.6	(delta): -7.27596e-12
79 (QN/Block) 	Elapsed: 0.019	Loglikelihood: -37572.6	(delta): 0
80 (QN/Block) 	Elapsed: 0.014	Loglikelihood: -37572.6	(delta): 0
81 (QN/Block) 	Elapsed: 0.014	Loglikelihood: -37572.6	(delta): 0
82 (QN/Block) 	Elapsed: 0.016	Loglikelihood: -37572.6	(delta): 0
83 (QN/Block) 	Elapsed: 0.017	Loglikelihood: -37572.6	(delta): 7.27596e-12
84 (QN/Block) 	Elapsed: 0.014	Loglikelihood: -37572.6	(delta): -7.27596e-12
85 (QN/Block) 	Elapsed: 0.016	Loglikelihood: -37572.6	(delta): 0
86 (QN/Block) 	Elapsed: 0.013	Loglikelihood: -37572.6	(delta): 0
87 (QN/Block) 	Elapsed: 0.014	Loglikelihood: -37572.6	(delta): 0
88 (QN/Block) 	Elapsed: 0.015	Loglikelihood: -37572.6	(delta): 0
89 (QN/Block) 	Elapsed: 0.014	Loglikelihood: -37572.6	(delta): 0
90 (QN/Block) 	Elapsed: 0.012	Loglikelihood: -37572.6	(delta): 7.27596e-12
91 (QN/Block) 	Elapsed: 0.012	Loglikelihood: -37572.6	(delta): -7.27596e-12
92 (QN/Block) 	Elapsed: 0.014	Loglikelihood: -37572.6	(delta): 0
93 (QN/Block) 	Elapsed: 0.012	Loglikelihood: -37572.6	(delta): 7.27596e-12
94 (QN/Block) 	Elapsed: 0.013	Loglikelihood: -37572.6	(delta): 0
95 (QN/Block) 	Elapsed: 0.013	Loglikelihood: -37572.6	(delta): 0
96 (QN/Block) 	Elapsed: 0.013	Loglikelihood: -37572.6	(delta): -7.27596e-12
97 (QN/Block) 	Elapsed: 0.013	Loglikelihood: -37572.6	(delta): 0
98 (QN/Block) 	Elapsed: 0.013	Loglikelihood: -37572.6	(delta): 7.27596e-12
99 (QN/Block) 	Elapsed: 0.013	Loglikelihood: -37572.6	(delta): -7.27596e-12
100 (QN/Block) 	Elapsed: 0.011	Loglikelihood: -37572.6	(delta): 0
Summary: 
Converged in 100 iterations (1.325 sec)
Loglikelihood: -37572.571283
Fst divergences between estimated populations: 
	Pop0	Pop1	Pop2	
Pop0	
Pop1	0.188	
Pop2	0.042	0.190	
Pop3	0.302	0.351	0.298	
CV error (K=4): 0.34734
Writing output files.
