****                   ADMIXTURE Version 1.3.0                  ****
****                    Copyright 2008-2015                     ****
****           David Alexander, Suyash Shringarpure,            ****
****                John  Novembre, Ken Lange                   ****
****                                                            ****
****                 Please cite our paper!                     ****
****   Information at www.genetics.ucla.edu/software/admixture  ****

Parallel execution requested.  Will use 8 threads.
Cross-validation will be performed.  Folds=10.
Random seed: 43
Point estimation method: Block relaxation algorithm
Convergence acceleration algorithm: QuasiNewton, 3 secant conditions
Point estimation will terminate at 100 iterations
Estimation of standard errors disabled; will compute point estimates only.
Size of G: 98x940
Performing five EM steps to prime main algorithm
1 (EM) 	Elapsed: 0.005	Loglikelihood: -47105.5	(delta): 86133.7
2 (EM) 	Elapsed: 0.005	Loglikelihood: -44279.2	(delta): 2826.37
3 (EM) 	Elapsed: 0.005	Loglikelihood: -43670.6	(delta): 608.601
4 (EM) 	Elapsed: 0.005	Loglikelihood: -43308.9	(delta): 361.646
5 (EM) 	Elapsed: 0.005	Loglikelihood: -43040.7	(delta): 268.22
Initial loglikelihood: -43040.7
Starting main algorithm
1 (QN/Block) 	Elapsed: 0.012	Loglikelihood: -39015.6	(delta): 4025.12
2 (QN/Block) 	Elapsed: 0.013	Loglikelihood: -38000.1	(delta): 1015.47
3 (QN/Block) 	Elapsed: 0.011	Loglikelihood: -37559.2	(delta): 440.884
4 (QN/Block) 	Elapsed: 0.012	Loglikelihood: -37331.5	(delta): 227.689
5 (QN/Block) 	Elapsed: 0.012	Loglikelihood: -37239.9	(delta): 91.6693
6 (QN/Block) 	Elapsed: 0.013	Loglikelihood: -37208.3	(delta): 31.5581
7 (QN/Block) 	Elapsed: 0.017	Loglikelihood: -37194	(delta): 14.2696
8 (QN/Block) 	Elapsed: 0.016	Loglikelihood: -37179.4	(delta): 14.6164
9 (QN/Block) 	Elapsed: 0.012	Loglikelihood: -37172.3	(delta): 7.09407
10 (QN/Block) 	Elapsed: 0.014	Loglikelihood: -37166.2	(delta): 6.1716
11 (QN/Block) 	Elapsed: 0.018	Loglikelihood: -37163.1	(delta): 3.01971
12 (QN/Block) 	Elapsed: 0.016	Loglikelihood: -37158.8	(delta): 4.3739
13 (QN/Block) 	Elapsed: 0.017	Loglikelihood: -37154.4	(delta): 4.37786
14 (QN/Block) 	Elapsed: 0.016	Loglikelihood: -37153.2	(delta): 1.16925
15 (QN/Block) 	Elapsed: 0.013	Loglikelihood: -37153.1	(delta): 0.0854147
16 (QN/Block) 	Elapsed: 0.015	Loglikelihood: -37153.1	(delta): 0.0262934
17 (QN/Block) 	Elapsed: 0.015	Loglikelihood: -37153.1	(delta): 0.0190599
18 (QN/Block) 	Elapsed: 0.014	Loglikelihood: -37153.1	(delta): 0.0072001
19 (QN/Block) 	Elapsed: 0.015	Loglikelihood: -37153.1	(delta): 0.00125505
20 (QN/Block) 	Elapsed: 0.015	Loglikelihood: -37153.1	(delta): 0.00122799
21 (QN/Block) 	Elapsed: 0.015	Loglikelihood: -37153.1	(delta): 0.00132809
22 (QN/Block) 	Elapsed: 0.014	Loglikelihood: -37153.1	(delta): 0.00148007
23 (QN/Block) 	Elapsed: 0.015	Loglikelihood: -37153.1	(delta): 0.00169761
24 (QN/Block) 	Elapsed: 0.014	Loglikelihood: -37153.1	(delta): 0.00199025
25 (QN/Block) 	Elapsed: 0.014	Loglikelihood: -37153.1	(delta): 0.00238232
26 (QN/Block) 	Elapsed: 0.014	Loglikelihood: -37153.1	(delta): 0.00590026
27 (QN/Block) 	Elapsed: 0.016	Loglikelihood: -37153	(delta): 0.02228
28 (QN/Block) 	Elapsed: 0.014	Loglikelihood: -37153	(delta): 0.009713
29 (QN/Block) 	Elapsed: 0.014	Loglikelihood: -37153	(delta): 0.0143124
30 (QN/Block) 	Elapsed: 0.014	Loglikelihood: -37153	(delta): 0.0403137
31 (QN/Block) 	Elapsed: 0.014	Loglikelihood: -37152.9	(delta): 0.112026
32 (QN/Block) 	Elapsed: 0.015	Loglikelihood: -37152.6	(delta): 0.221083
33 (QN/Block) 	Elapsed: 0.014	Loglikelihood: -37152.6	(delta): 0.0185788
34 (QN/Block) 	Elapsed: 0.014	Loglikelihood: -37152.6	(delta): 0.01618
35 (QN/Block) 	Elapsed: 0.014	Loglikelihood: -37152.6	(delta): 0.00515347
36 (QN/Block) 	Elapsed: 0.014	Loglikelihood: -37152.6	(delta): 0.000836304
37 (QN/Block) 	Elapsed: 0.013	Loglikelihood: -37152.6	(delta): 0.000497795
38 (QN/Block) 	Elapsed: 0.013	Loglikelihood: -37152.6	(delta): 9.86932e-05
39 (QN/Block) 	Elapsed: 0.013	Loglikelihood: -37152.6	(delta): 2.49531e-05
40 (QN/Block) 	Elapsed: 0.013	Loglikelihood: -37152.6	(delta): 1.81365e-06
41 (QN/Block) 	Elapsed: 0.013	Loglikelihood: -37152.6	(delta): 7.31598e-08
42 (QN/Block) 	Elapsed: 0.013	Loglikelihood: -37152.6	(delta): 3.98722e-09
43 (QN/Block) 	Elapsed: 0.014	Loglikelihood: -37152.6	(delta): 8.29459e-10
44 (QN/Block) 	Elapsed: 0.013	Loglikelihood: -37152.6	(delta): 6.54836e-11
45 (QN/Block) 	Elapsed: 0.013	Loglikelihood: -37152.6	(delta): 0
46 (QN/Block) 	Elapsed: 0.014	Loglikelihood: -37152.6	(delta): 7.27596e-12
47 (QN/Block) 	Elapsed: 0.014	Loglikelihood: -37152.6	(delta): -7.27596e-12
48 (QN/Block) 	Elapsed: 0.012	Loglikelihood: -37152.6	(delta): 0
49 (QN/Block) 	Elapsed: 0.014	Loglikelihood: -37152.6	(delta): 0
50 (QN/Block) 	Elapsed: 0.014	Loglikelihood: -37152.6	(delta): 0
51 (QN/Block) 	Elapsed: 0.014	Loglikelihood: -37152.6	(delta): -7.27596e-12
52 (QN/Block) 	Elapsed: 0.014	Loglikelihood: -37152.6	(delta): 7.27596e-12
53 (QN/Block) 	Elapsed: 0.014	Loglikelihood: -37152.6	(delta): 0
54 (QN/Block) 	Elapsed: 0.014	Loglikelihood: -37152.6	(delta): 0
55 (QN/Block) 	Elapsed: 0.013	Loglikelihood: -37152.6	(delta): 0
56 (QN/Block) 	Elapsed: 0.014	Loglikelihood: -37152.6	(delta): 0
57 (QN/Block) 	Elapsed: 0.014	Loglikelihood: -37152.6	(delta): 0
58 (QN/Block) 	Elapsed: 0.013	Loglikelihood: -37152.6	(delta): 0
59 (QN/Block) 	Elapsed: 0.014	Loglikelihood: -37152.6	(delta): 0
60 (QN/Block) 	Elapsed: 0.014	Loglikelihood: -37152.6	(delta): 7.27596e-12
61 (QN/Block) 	Elapsed: 0.014	Loglikelihood: -37152.6	(delta): -7.27596e-12
62 (QN/Block) 	Elapsed: 0.014	Loglikelihood: -37152.6	(delta): 0
63 (QN/Block) 	Elapsed: 0.014	Loglikelihood: -37152.6	(delta): -7.27596e-12
64 (QN/Block) 	Elapsed: 0.014	Loglikelihood: -37152.6	(delta): 0
65 (QN/Block) 	Elapsed: 0.014	Loglikelihood: -37152.6	(delta): 7.27596e-12
66 (QN/Block) 	Elapsed: 0.014	Loglikelihood: -37152.6	(delta): 0
67 (QN/Block) 	Elapsed: 0.014	Loglikelihood: -37152.6	(delta): 7.27596e-12
68 (QN/Block) 	Elapsed: 0.014	Loglikelihood: -37152.6	(delta): 0
69 (QN/Block) 	Elapsed: 0.014	Loglikelihood: -37152.6	(delta): 0
70 (QN/Block) 	Elapsed: 0.014	Loglikelihood: -37152.6	(delta): -7.27596e-12
71 (QN/Block) 	Elapsed: 0.014	Loglikelihood: -37152.6	(delta): 0
72 (QN/Block) 	Elapsed: 0.014	Loglikelihood: -37152.6	(delta): 7.27596e-12
73 (QN/Block) 	Elapsed: 0.014	Loglikelihood: -37152.6	(delta): 0
74 (QN/Block) 	Elapsed: 0.014	Loglikelihood: -37152.6	(delta): -7.27596e-12
75 (QN/Block) 	Elapsed: 0.012	Loglikelihood: -37152.6	(delta): 0
76 (QN/Block) 	Elapsed: 0.013	Loglikelihood: -37152.6	(delta): 0
77 (QN/Block) 	Elapsed: 0.013	Loglikelihood: -37152.6	(delta): 0
78 (QN/Block) 	Elapsed: 0.014	Loglikelihood: -37152.6	(delta): 0
79 (QN/Block) 	Elapsed: 0.013	Loglikelihood: -37152.6	(delta): 0
80 (QN/Block) 	Elapsed: 0.013	Loglikelihood: -37152.6	(delta): 0
81 (QN/Block) 	Elapsed: 0.017	Loglikelihood: -37152.6	(delta): 0
82 (QN/Block) 	Elapsed: 0.013	Loglikelihood: -37152.6	(delta): 0
83 (QN/Block) 	Elapsed: 0.013	Loglikelihood: -37152.6	(delta): 0
84 (QN/Block) 	Elapsed: 0.017	Loglikelihood: -37152.6	(delta): 0
85 (QN/Block) 	Elapsed: 0.015	Loglikelihood: -37152.6	(delta): 0
86 (QN/Block) 	Elapsed: 0.015	Loglikelihood: -37152.6	(delta): 0
87 (QN/Block) 	Elapsed: 0.015	Loglikelihood: -37152.6	(delta): 0
88 (QN/Block) 	Elapsed: 0.014	Loglikelihood: -37152.6	(delta): 0
89 (QN/Block) 	Elapsed: 0.015	Loglikelihood: -37152.6	(delta): 0
90 (QN/Block) 	Elapsed: 0.016	Loglikelihood: -37152.6	(delta): 0
91 (QN/Block) 	Elapsed: 0.014	Loglikelihood: -37152.6	(delta): 0
92 (QN/Block) 	Elapsed: 0.016	Loglikelihood: -37152.6	(delta): 0
93 (QN/Block) 	Elapsed: 0.015	Loglikelihood: -37152.6	(delta): 0
94 (QN/Block) 	Elapsed: 0.014	Loglikelihood: -37152.6	(delta): 0
95 (QN/Block) 	Elapsed: 0.015	Loglikelihood: -37152.6	(delta): 0
96 (QN/Block) 	Elapsed: 0.014	Loglikelihood: -37152.6	(delta): 7.27596e-12
97 (QN/Block) 	Elapsed: 0.014	Loglikelihood: -37152.6	(delta): -7.27596e-12
98 (QN/Block) 	Elapsed: 0.014	Loglikelihood: -37152.6	(delta): 0
99 (QN/Block) 	Elapsed: 0.014	Loglikelihood: -37152.6	(delta): 0
100 (QN/Block) 	Elapsed: 0.014	Loglikelihood: -37152.6	(delta): 0
Summary: 
Converged in 100 iterations (1.523 sec)
Loglikelihood: -37152.605390
Fst divergences between estimated populations: 
	Pop0	Pop1	Pop2	Pop3	
Pop0	
Pop1	0.185	
Pop2	0.050	0.198	
Pop3	0.200	0.056	0.214	
Pop4	0.068	0.208	0.071	0.223	
CV error (K=5): 0.35832
Writing output files.
