****                   ADMIXTURE Version 1.3.0                  ****
****                    Copyright 2008-2015                     ****
****           David Alexander, Suyash Shringarpure,            ****
****                John  Novembre, Ken Lange                   ****
****                                                            ****
****                 Please cite our paper!                     ****
****   Information at www.genetics.ucla.edu/software/admixture  ****

Parallel execution requested.  Will use 8 threads.
Cross-validation will be performed.  Folds=10.
Random seed: 43
Point estimation method: Block relaxation algorithm
Convergence acceleration algorithm: QuasiNewton, 3 secant conditions
Point estimation will terminate at 100 iterations
Estimation of standard errors disabled; will compute point estimates only.
Size of G: 98x940
Performing five EM steps to prime main algorithm
1 (EM) 	Elapsed: 0.008	Loglikelihood: -46924.3	(delta): 84550.4
2 (EM) 	Elapsed: 0.008	Loglikelihood: -44216.2	(delta): 2708.13
3 (EM) 	Elapsed: 0.008	Loglikelihood: -43585.7	(delta): 630.492
4 (EM) 	Elapsed: 0.007	Loglikelihood: -43220.2	(delta): 365.52
5 (EM) 	Elapsed: 0.007	Loglikelihood: -42954.7	(delta): 265.504
Initial loglikelihood: -42954.7
Starting main algorithm
1 (QN/Block) 	Elapsed: 0.013	Loglikelihood: -38874.9	(delta): 4079.81
2 (QN/Block) 	Elapsed: 0.013	Loglikelihood: -37727.4	(delta): 1147.44
3 (QN/Block) 	Elapsed: 0.016	Loglikelihood: -37314.3	(delta): 413.115
4 (QN/Block) 	Elapsed: 0.014	Loglikelihood: -37029.8	(delta): 284.468
5 (QN/Block) 	Elapsed: 0.015	Loglikelihood: -36873.3	(delta): 156.514
6 (QN/Block) 	Elapsed: 0.014	Loglikelihood: -36801.4	(delta): 71.9261
7 (QN/Block) 	Elapsed: 0.012	Loglikelihood: -36761.5	(delta): 39.9138
8 (QN/Block) 	Elapsed: 0.013	Loglikelihood: -36744.2	(delta): 17.3351
9 (QN/Block) 	Elapsed: 0.012	Loglikelihood: -36730	(delta): 14.1965
10 (QN/Block) 	Elapsed: 0.013	Loglikelihood: -36722.2	(delta): 7.74523
11 (QN/Block) 	Elapsed: 0.012	Loglikelihood: -36717.5	(delta): 4.70582
12 (QN/Block) 	Elapsed: 0.012	Loglikelihood: -36715.8	(delta): 1.66794
13 (QN/Block) 	Elapsed: 0.012	Loglikelihood: -36714.5	(delta): 1.32871
14 (QN/Block) 	Elapsed: 0.015	Loglikelihood: -36712.8	(delta): 1.74122
15 (QN/Block) 	Elapsed: 0.017	Loglikelihood: -36710	(delta): 2.76141
16 (QN/Block) 	Elapsed: 0.017	Loglikelihood: -36707.4	(delta): 2.56915
17 (QN/Block) 	Elapsed: 0.017	Loglikelihood: -36705.8	(delta): 1.63192
18 (QN/Block) 	Elapsed: 0.016	Loglikelihood: -36704.5	(delta): 1.32837
19 (QN/Block) 	Elapsed: 0.017	Loglikelihood: -36704.3	(delta): 0.141804
20 (QN/Block) 	Elapsed: 0.017	Loglikelihood: -36704.2	(delta): 0.113449
21 (QN/Block) 	Elapsed: 0.017	Loglikelihood: -36704	(delta): 0.186892
22 (QN/Block) 	Elapsed: 0.016	Loglikelihood: -36703.9	(delta): 0.129096
23 (QN/Block) 	Elapsed: 0.017	Loglikelihood: -36703.8	(delta): 0.0654758
24 (QN/Block) 	Elapsed: 0.018	Loglikelihood: -36703.6	(delta): 0.203951
25 (QN/Block) 	Elapsed: 0.016	Loglikelihood: -36703.6	(delta): 0.0715555
26 (QN/Block) 	Elapsed: 0.018	Loglikelihood: -36703.5	(delta): 0.0358787
27 (QN/Block) 	Elapsed: 0.019	Loglikelihood: -36703.5	(delta): 0.0440661
28 (QN/Block) 	Elapsed: 0.021	Loglikelihood: -36703.4	(delta): 0.0643958
29 (QN/Block) 	Elapsed: 0.019	Loglikelihood: -36703.3	(delta): 0.100204
30 (QN/Block) 	Elapsed: 0.017	Loglikelihood: -36703.1	(delta): 0.186609
31 (QN/Block) 	Elapsed: 0.018	Loglikelihood: -36702.8	(delta): 0.313604
32 (QN/Block) 	Elapsed: 0.019	Loglikelihood: -36702.5	(delta): 0.342085
33 (QN/Block) 	Elapsed: 0.018	Loglikelihood: -36702	(delta): 0.484171
34 (QN/Block) 	Elapsed: 0.017	Loglikelihood: -36701.3	(delta): 0.737258
35 (QN/Block) 	Elapsed: 0.018	Loglikelihood: -36701.1	(delta): 0.19217
36 (QN/Block) 	Elapsed: 0.017	Loglikelihood: -36701	(delta): 0.105279
37 (QN/Block) 	Elapsed: 0.017	Loglikelihood: -36700.9	(delta): 0.0447269
38 (QN/Block) 	Elapsed: 0.016	Loglikelihood: -36700.9	(delta): 0.0325768
39 (QN/Block) 	Elapsed: 0.017	Loglikelihood: -36700.9	(delta): 0.0241048
40 (QN/Block) 	Elapsed: 0.017	Loglikelihood: -36700.8	(delta): 0.0191901
41 (QN/Block) 	Elapsed: 0.018	Loglikelihood: -36700.8	(delta): 0.0326737
42 (QN/Block) 	Elapsed: 0.017	Loglikelihood: -36700.8	(delta): 0.0292615
43 (QN/Block) 	Elapsed: 0.018	Loglikelihood: -36700.7	(delta): 0.047834
44 (QN/Block) 	Elapsed: 0.018	Loglikelihood: -36700.6	(delta): 0.0848409
45 (QN/Block) 	Elapsed: 0.018	Loglikelihood: -36700.5	(delta): 0.144834
46 (QN/Block) 	Elapsed: 0.018	Loglikelihood: -36700.3	(delta): 0.222125
47 (QN/Block) 	Elapsed: 0.018	Loglikelihood: -36700.2	(delta): 0.0596939
48 (QN/Block) 	Elapsed: 0.016	Loglikelihood: -36700.1	(delta): 0.0755576
49 (QN/Block) 	Elapsed: 0.018	Loglikelihood: -36700.1	(delta): 0.0258405
50 (QN/Block) 	Elapsed: 0.019	Loglikelihood: -36700.1	(delta): 0.0207167
51 (QN/Block) 	Elapsed: 0.018	Loglikelihood: -36700.1	(delta): 0.0202985
52 (QN/Block) 	Elapsed: 0.019	Loglikelihood: -36700.1	(delta): 0.0202615
53 (QN/Block) 	Elapsed: 0.018	Loglikelihood: -36700	(delta): 0.0204508
54 (QN/Block) 	Elapsed: 0.019	Loglikelihood: -36700	(delta): 0.020974
55 (QN/Block) 	Elapsed: 0.022	Loglikelihood: -36700	(delta): 0.0158259
56 (QN/Block) 	Elapsed: 0.018	Loglikelihood: -36700	(delta): 0.000443223
57 (QN/Block) 	Elapsed: 0.017	Loglikelihood: -36700	(delta): 0.000263237
58 (QN/Block) 	Elapsed: 0.024	Loglikelihood: -36700	(delta): 0.000110795
59 (QN/Block) 	Elapsed: 0.02	Loglikelihood: -36700	(delta): 2.55534e-05
60 (QN/Block) 	Elapsed: 0.019	Loglikelihood: -36700	(delta): 9.82652e-06
61 (QN/Block) 	Elapsed: 0.018	Loglikelihood: -36700	(delta): 1.01598e-05
62 (QN/Block) 	Elapsed: 0.02	Loglikelihood: -36700	(delta): 1.06391e-05
63 (QN/Block) 	Elapsed: 0.018	Loglikelihood: -36700	(delta): 1.1094e-05
64 (QN/Block) 	Elapsed: 0.018	Loglikelihood: -36700	(delta): 1.14994e-05
65 (QN/Block) 	Elapsed: 0.017	Loglikelihood: -36700	(delta): 0.000245152
66 (QN/Block) 	Elapsed: 0.018	Loglikelihood: -36700	(delta): 1.91044e-06
67 (QN/Block) 	Elapsed: 0.018	Loglikelihood: -36700	(delta): 1.31797e-07
68 (QN/Block) 	Elapsed: 0.015	Loglikelihood: -36700	(delta): 1.09067e-07
69 (QN/Block) 	Elapsed: 0.016	Loglikelihood: -36700	(delta): 6.54109e-09
70 (QN/Block) 	Elapsed: 0.016	Loglikelihood: -36700	(delta): 3.49974e-09
71 (QN/Block) 	Elapsed: 0.016	Loglikelihood: -36700	(delta): 8.07631e-10
72 (QN/Block) 	Elapsed: 0.017	Loglikelihood: -36700	(delta): 5.09317e-11
73 (QN/Block) 	Elapsed: 0.016	Loglikelihood: -36700	(delta): 7.27596e-12
74 (QN/Block) 	Elapsed: 0.018	Loglikelihood: -36700	(delta): 7.27596e-12
75 (QN/Block) 	Elapsed: 0.017	Loglikelihood: -36700	(delta): 7.27596e-12
76 (QN/Block) 	Elapsed: 0.017	Loglikelihood: -36700	(delta): 0
77 (QN/Block) 	Elapsed: 0.017	Loglikelihood: -36700	(delta): -7.27596e-12
78 (QN/Block) 	Elapsed: 0.018	Loglikelihood: -36700	(delta): 0
79 (QN/Block) 	Elapsed: 0.017	Loglikelihood: -36700	(delta): 0
80 (QN/Block) 	Elapsed: 0.016	Loglikelihood: -36700	(delta): -7.27596e-12
81 (QN/Block) 	Elapsed: 0.02	Loglikelihood: -36700	(delta): 7.27596e-12
82 (QN/Block) 	Elapsed: 0.018	Loglikelihood: -36700	(delta): 7.27596e-12
83 (QN/Block) 	Elapsed: 0.018	Loglikelihood: -36700	(delta): -7.27596e-12
84 (QN/Block) 	Elapsed: 0.022	Loglikelihood: -36700	(delta): 0
85 (QN/Block) 	Elapsed: 0.018	Loglikelihood: -36700	(delta): 0
86 (QN/Block) 	Elapsed: 0.019	Loglikelihood: -36700	(delta): 0
87 (QN/Block) 	Elapsed: 0.019	Loglikelihood: -36700	(delta): 0
88 (QN/Block) 	Elapsed: 0.02	Loglikelihood: -36700	(delta): 0
89 (QN/Block) 	Elapsed: 0.023	Loglikelihood: -36700	(delta): -7.27596e-12
90 (QN/Block) 	Elapsed: 0.021	Loglikelihood: -36700	(delta): 7.27596e-12
91 (QN/Block) 	Elapsed: 0.023	Loglikelihood: -36700	(delta): 7.27596e-12
92 (QN/Block) 	Elapsed: 0.021	Loglikelihood: -36700	(delta): -7.27596e-12
93 (QN/Block) 	Elapsed: 0.023	Loglikelihood: -36700	(delta): 0
94 (QN/Block) 	Elapsed: 0.022	Loglikelihood: -36700	(delta): 0
95 (QN/Block) 	Elapsed: 0.021	Loglikelihood: -36700	(delta): 0
96 (QN/Block) 	Elapsed: 0.018	Loglikelihood: -36700	(delta): 0
97 (QN/Block) 	Elapsed: 0.017	Loglikelihood: -36700	(delta): 0
98 (QN/Block) 	Elapsed: 0.018	Loglikelihood: -36700	(delta): 0
99 (QN/Block) 	Elapsed: 0.016	Loglikelihood: -36700	(delta): 0
100 (QN/Block) 	Elapsed: 0.02	Loglikelihood: -36700	(delta): 0
Summary: 
Converged in 100 iterations (1.887 sec)
Loglikelihood: -36699.998801
Fst divergences between estimated populations: 
	Pop0	Pop1	Pop2	Pop3	Pop4	
Pop0	
Pop1	0.200	
Pop2	0.076	0.214	
Pop3	0.070	0.188	0.079	
Pop4	0.214	0.070	0.230	0.204	
Pop5	0.071	0.211	0.088	0.070	0.223	
CV error (K=6): 0.37123
Writing output files.
