****                   ADMIXTURE Version 1.3.0                  ****
****                    Copyright 2008-2015                     ****
****           David Alexander, Suyash Shringarpure,            ****
****                John  Novembre, Ken Lange                   ****
****                                                            ****
****                 Please cite our paper!                     ****
****   Information at www.genetics.ucla.edu/software/admixture  ****

Parallel execution requested.  Will use 8 threads.
Cross-validation will be performed.  Folds=10.
Random seed: 43
Point estimation method: Block relaxation algorithm
Convergence acceleration algorithm: QuasiNewton, 3 secant conditions
Point estimation will terminate at 100 iterations
Estimation of standard errors disabled; will compute point estimates only.
Size of G: 98x940
Performing five EM steps to prime main algorithm
1 (EM) 	Elapsed: 0.015	Loglikelihood: -46853.6	(delta): 80577.1
2 (EM) 	Elapsed: 0.014	Loglikelihood: -43853.7	(delta): 2999.88
3 (EM) 	Elapsed: 0.013	Loglikelihood: -43284	(delta): 569.723
4 (EM) 	Elapsed: 0.014	Loglikelihood: -42910.2	(delta): 373.852
5 (EM) 	Elapsed: 0.015	Loglikelihood: -42600.8	(delta): 309.36
Initial loglikelihood: -42600.8
Starting main algorithm
1 (QN/Block) 	Elapsed: 0.019	Loglikelihood: -37705.7	(delta): 4895.13
2 (QN/Block) 	Elapsed: 0.017	Loglikelihood: -36610.7	(delta): 1095.02
3 (QN/Block) 	Elapsed: 0.021	Loglikelihood: -36174.9	(delta): 435.778
4 (QN/Block) 	Elapsed: 0.021	Loglikelihood: -35945.7	(delta): 229.208
5 (QN/Block) 	Elapsed: 0.019	Loglikelihood: -35774.1	(delta): 171.551
6 (QN/Block) 	Elapsed: 0.022	Loglikelihood: -35695.9	(delta): 78.1681
7 (QN/Block) 	Elapsed: 0.019	Loglikelihood: -35642	(delta): 53.9389
8 (QN/Block) 	Elapsed: 0.018	Loglikelihood: -35595.1	(delta): 46.8799
9 (QN/Block) 	Elapsed: 0.02	Loglikelihood: -35540	(delta): 55.161
10 (QN/Block) 	Elapsed: 0.019	Loglikelihood: -35502.2	(delta): 37.7387
11 (QN/Block) 	Elapsed: 0.018	Loglikelihood: -35467.6	(delta): 34.6671
12 (QN/Block) 	Elapsed: 0.019	Loglikelihood: -35448.2	(delta): 19.3449
13 (QN/Block) 	Elapsed: 0.018	Loglikelihood: -35437.4	(delta): 10.7672
14 (QN/Block) 	Elapsed: 0.029	Loglikelihood: -35430.6	(delta): 6.85303
15 (QN/Block) 	Elapsed: 0.029	Loglikelihood: -35420.5	(delta): 10.139
16 (QN/Block) 	Elapsed: 0.025	Loglikelihood: -35414.6	(delta): 5.83284
17 (QN/Block) 	Elapsed: 0.021	Loglikelihood: -35411.3	(delta): 3.3531
18 (QN/Block) 	Elapsed: 0.024	Loglikelihood: -35410.4	(delta): 0.879586
19 (QN/Block) 	Elapsed: 0.028	Loglikelihood: -35409	(delta): 1.39896
20 (QN/Block) 	Elapsed: 0.027	Loglikelihood: -35408.4	(delta): 0.624765
21 (QN/Block) 	Elapsed: 0.026	Loglikelihood: -35408	(delta): 0.332451
22 (QN/Block) 	Elapsed: 0.023	Loglikelihood: -35407.9	(delta): 0.0928384
23 (QN/Block) 	Elapsed: 0.027	Loglikelihood: -35407.8	(delta): 0.125128
24 (QN/Block) 	Elapsed: 0.03	Loglikelihood: -35406.7	(delta): 1.14097
25 (QN/Block) 	Elapsed: 0.026	Loglikelihood: -35405.9	(delta): 0.820021
26 (QN/Block) 	Elapsed: 0.029	Loglikelihood: -35405.7	(delta): 0.169297
27 (QN/Block) 	Elapsed: 0.029	Loglikelihood: -35405.5	(delta): 0.197189
28 (QN/Block) 	Elapsed: 0.029	Loglikelihood: -35405	(delta): 0.466129
29 (QN/Block) 	Elapsed: 0.031	Loglikelihood: -35404.7	(delta): 0.295815
30 (QN/Block) 	Elapsed: 0.03	Loglikelihood: -35404.2	(delta): 0.50619
31 (QN/Block) 	Elapsed: 0.031	Loglikelihood: -35404	(delta): 0.188961
32 (QN/Block) 	Elapsed: 0.027	Loglikelihood: -35403.7	(delta): 0.36813
33 (QN/Block) 	Elapsed: 0.029	Loglikelihood: -35403.2	(delta): 0.42614
34 (QN/Block) 	Elapsed: 0.025	Loglikelihood: -35402.8	(delta): 0.413839
35 (QN/Block) 	Elapsed: 0.026	Loglikelihood: -35402.6	(delta): 0.206825
36 (QN/Block) 	Elapsed: 0.027	Loglikelihood: -35402.5	(delta): 0.0662586
37 (QN/Block) 	Elapsed: 0.023	Loglikelihood: -35402.5	(delta): 0.0269596
38 (QN/Block) 	Elapsed: 0.023	Loglikelihood: -35402.5	(delta): 0.0204338
39 (QN/Block) 	Elapsed: 0.024	Loglikelihood: -35402.5	(delta): 0.00173216
40 (QN/Block) 	Elapsed: 0.024	Loglikelihood: -35402.5	(delta): 0.000892983
41 (QN/Block) 	Elapsed: 0.033	Loglikelihood: -35402.5	(delta): 0.000441399
42 (QN/Block) 	Elapsed: 0.027	Loglikelihood: -35402.5	(delta): 0.000422114
43 (QN/Block) 	Elapsed: 0.023	Loglikelihood: -35402.5	(delta): 0.000491531
44 (QN/Block) 	Elapsed: 0.028	Loglikelihood: -35402.5	(delta): 0.000586209
45 (QN/Block) 	Elapsed: 0.026	Loglikelihood: -35402.5	(delta): 0.000708045
46 (QN/Block) 	Elapsed: 0.033	Loglikelihood: -35402.5	(delta): 0.000862392
47 (QN/Block) 	Elapsed: 0.032	Loglikelihood: -35402.5	(delta): 0.00105714
48 (QN/Block) 	Elapsed: 0.033	Loglikelihood: -35402.5	(delta): 0.00118975
49 (QN/Block) 	Elapsed: 0.031	Loglikelihood: -35402.5	(delta): 0.00104745
50 (QN/Block) 	Elapsed: 0.027	Loglikelihood: -35402.5	(delta): 0.000944645
51 (QN/Block) 	Elapsed: 0.026	Loglikelihood: -35402.5	(delta): 0.000984044
52 (QN/Block) 	Elapsed: 0.027	Loglikelihood: -35402.5	(delta): 0.00108167
53 (QN/Block) 	Elapsed: 0.022	Loglikelihood: -35402.5	(delta): 0.00119613
54 (QN/Block) 	Elapsed: 0.029	Loglikelihood: -35402.5	(delta): 0.00132676
55 (QN/Block) 	Elapsed: 0.025	Loglikelihood: -35402.5	(delta): 0.00147559
56 (QN/Block) 	Elapsed: 0.022	Loglikelihood: -35402.5	(delta): 0.0016459
57 (QN/Block) 	Elapsed: 0.024	Loglikelihood: -35402.5	(delta): 0.00184224
58 (QN/Block) 	Elapsed: 0.025	Loglikelihood: -35402.5	(delta): 0.00207073
59 (QN/Block) 	Elapsed: 0.028	Loglikelihood: -35402.5	(delta): 0.00233963
60 (QN/Block) 	Elapsed: 0.026	Loglikelihood: -35402.5	(delta): 0.00266017
61 (QN/Block) 	Elapsed: 0.025	Loglikelihood: -35402.5	(delta): 0.00295141
62 (QN/Block) 	Elapsed: 0.024	Loglikelihood: -35402.5	(delta): 0.00315153
63 (QN/Block) 	Elapsed: 0.024	Loglikelihood: -35402.5	(delta): 0.00338368
64 (QN/Block) 	Elapsed: 0.025	Loglikelihood: -35402.5	(delta): 0.00362245
65 (QN/Block) 	Elapsed: 0.025	Loglikelihood: -35402.5	(delta): 0.00386231
66 (QN/Block) 	Elapsed: 0.023	Loglikelihood: -35402.5	(delta): 0.00413763
67 (QN/Block) 	Elapsed: 0.023	Loglikelihood: -35402.4	(delta): 0.00445212
68 (QN/Block) 	Elapsed: 0.023	Loglikelihood: -35402.4	(delta): 0.00481647
69 (QN/Block) 	Elapsed: 0.022	Loglikelihood: -35402.4	(delta): 0.00524603
70 (QN/Block) 	Elapsed: 0.024	Loglikelihood: -35402.4	(delta): 0.00573201
71 (QN/Block) 	Elapsed: 0.023	Loglikelihood: -35402.4	(delta): 0.00583176
72 (QN/Block) 	Elapsed: 0.02	Loglikelihood: -35402.4	(delta): 0.0277309
73 (QN/Block) 	Elapsed: 0.022	Loglikelihood: -35402.3	(delta): 0.069831
74 (QN/Block) 	Elapsed: 0.023	Loglikelihood: -35402.1	(delta): 0.210853
75 (QN/Block) 	Elapsed: 0.022	Loglikelihood: -35401.9	(delta): 0.262916
76 (QN/Block) 	Elapsed: 0.025	Loglikelihood: -35401.6	(delta): 0.291345
77 (QN/Block) 	Elapsed: 0.022	Loglikelihood: -35401.4	(delta): 0.168507
78 (QN/Block) 	Elapsed: 0.022	Loglikelihood: -35401.4	(delta): 0.0411628
79 (QN/Block) 	Elapsed: 0.023	Loglikelihood: -35401.3	(delta): 0.0106961
80 (QN/Block) 	Elapsed: 0.024	Loglikelihood: -35401.3	(delta): 0.00219631
81 (QN/Block) 	Elapsed: 0.024	Loglikelihood: -35401.3	(delta): 0.00151542
82 (QN/Block) 	Elapsed: 0.019	Loglikelihood: -35401.3	(delta): 0.000661102
83 (QN/Block) 	Elapsed: 0.019	Loglikelihood: -35401.3	(delta): 0.000656544
84 (QN/Block) 	Elapsed: 0.02	Loglikelihood: -35401.3	(delta): 0.000168546
85 (QN/Block) 	Elapsed: 0.029	Loglikelihood: -35401.3	(delta): 2.43927e-05
86 (QN/Block) 	Elapsed: 0.023	Loglikelihood: -35401.3	(delta): 4.22524e-06
87 (QN/Block) 	Elapsed: 0.021	Loglikelihood: -35401.3	(delta): 6.32681e-07
88 (QN/Block) 	Elapsed: 0.022	Loglikelihood: -35401.3	(delta): 7.56409e-08
89 (QN/Block) 	Elapsed: 0.022	Loglikelihood: -35401.3	(delta): 1.99143e-08
90 (QN/Block) 	Elapsed: 0.03	Loglikelihood: -35401.3	(delta): 4.03816e-09
91 (QN/Block) 	Elapsed: 0.028	Loglikelihood: -35401.3	(delta): 2.83762e-10
92 (QN/Block) 	Elapsed: 0.031	Loglikelihood: -35401.3	(delta): 2.18279e-11
93 (QN/Block) 	Elapsed: 0.03	Loglikelihood: -35401.3	(delta): 0
94 (QN/Block) 	Elapsed: 0.03	Loglikelihood: -35401.3	(delta): 7.27596e-12
95 (QN/Block) 	Elapsed: 0.031	Loglikelihood: -35401.3	(delta): -7.27596e-12
96 (QN/Block) 	Elapsed: 0.03	Loglikelihood: -35401.3	(delta): 0
97 (QN/Block) 	Elapsed: 0.031	Loglikelihood: -35401.3	(delta): 0
98 (QN/Block) 	Elapsed: 0.031	Loglikelihood: -35401.3	(delta): 7.27596e-12
99 (QN/Block) 	Elapsed: 0.031	Loglikelihood: -35401.3	(delta): 0
100 (QN/Block) 	Elapsed: 0.031	Loglikelihood: -35401.3	(delta): 7.27596e-12
Summary: 
Converged in 100 iterations (2.695 sec)
Loglikelihood: -35401.339784
Fst divergences between estimated populations: 
	Pop0	Pop1	Pop2	Pop3	Pop4	Pop5	Pop6	Pop7	
Pop0	
Pop1	0.095	
Pop2	0.215	0.209	
Pop3	0.112	0.127	0.219	
Pop4	0.239	0.230	0.090	0.239	
Pop5	0.238	0.233	0.100	0.234	0.092	
Pop6	0.140	0.144	0.260	0.157	0.272	0.277	
Pop7	0.104	0.103	0.225	0.127	0.249	0.248	0.145	
Pop8	0.091	0.095	0.225	0.120	0.250	0.246	0.145	0.104	
CV error (K=9): 0.42566
Writing output files.
