PLINK v1.90b6.21 64-bit (19 Oct 2020)
Options in effect:
  --allow-extra-chr 0
  --const-fid
  --make-bed
  --out ../results/20percent_hu_1div_nc/hu_2bi_1div_nc_20
  --vcf ../vcf/hu_1div_nc_20.vcf

Hostname: kprata.local
Working directory: /Users/kprata/Dropbox/agaricia_project_2019/shalo_ag/gen_project/popgen_rad_shallow_agaricia/C-population_structure/scripts
Start time: Wed Jun 28 14:05:09 2023

Random number seed: 1687925109
16384 MB RAM detected; reserving 8192 MB for main workspace.
--vcf: ../results/20percent_hu_1div_nc/hu_2bi_1div_nc_20-temporary.bed +
../results/20percent_hu_1div_nc/hu_2bi_1div_nc_20-temporary.bim +
../results/20percent_hu_1div_nc/hu_2bi_1div_nc_20-temporary.fam written.
1282 variants loaded from .bim file.
121 people (0 males, 0 females, 121 ambiguous) loaded from .fam.
Ambiguous sex IDs written to
../results/20percent_hu_1div_nc/hu_2bi_1div_nc_20.nosex .
Using 1 thread (no multithreaded calculations invoked).
Before main variant filters, 121 founders and 0 nonfounders present.
Calculating allele frequencies... done.
Total genotyping rate is 0.933665.
1282 variants and 121 people pass filters and QC.
Note: No phenotypes present.
--make-bed to ../results/20percent_hu_1div_nc/hu_2bi_1div_nc_20.bed +
../results/20percent_hu_1div_nc/hu_2bi_1div_nc_20.bim +
../results/20percent_hu_1div_nc/hu_2bi_1div_nc_20.fam ... done.

End time: Wed Jun 28 14:05:09 2023
