****                   ADMIXTURE Version 1.3.0                  ****
****                    Copyright 2008-2015                     ****
****           David Alexander, Suyash Shringarpure,            ****
****                John  Novembre, Ken Lange                   ****
****                                                            ****
****                 Please cite our paper!                     ****
****   Information at www.genetics.ucla.edu/software/admixture  ****

Parallel execution requested.  Will use 8 threads.
Cross-validation will be performed.  Folds=10.
Random seed: 43
Point estimation method: Block relaxation algorithm
Convergence acceleration algorithm: QuasiNewton, 3 secant conditions
Point estimation will terminate at 100 iterations
Estimation of standard errors disabled; will compute point estimates only.
Size of G: 121x1282
Performing five EM steps to prime main algorithm
1 (EM) 	Elapsed: 0.019	Loglikelihood: -107174	(delta): 105237
2 (EM) 	Elapsed: 0.019	Loglikelihood: -101930	(delta): 5244.23
3 (EM) 	Elapsed: 0.019	Loglikelihood: -100443	(delta): 1486.98
4 (EM) 	Elapsed: 0.019	Loglikelihood: -99225.1	(delta): 1217.79
5 (EM) 	Elapsed: 0.018	Loglikelihood: -97891.2	(delta): 1333.82
Initial loglikelihood: -97891.2
Starting main algorithm
1 (QN/Block) 	Elapsed: 0.034	Loglikelihood: -64812.6	(delta): 33078.7
2 (QN/Block) 	Elapsed: 0.03	Loglikelihood: -60128.8	(delta): 4683.8
3 (QN/Block) 	Elapsed: 0.033	Loglikelihood: -58015.4	(delta): 2113.33
4 (QN/Block) 	Elapsed: 0.038	Loglikelihood: -56522.7	(delta): 1492.79
5 (QN/Block) 	Elapsed: 0.043	Loglikelihood: -55698	(delta): 824.706
6 (QN/Block) 	Elapsed: 0.036	Loglikelihood: -55297.2	(delta): 400.769
7 (QN/Block) 	Elapsed: 0.038	Loglikelihood: -55096.1	(delta): 201.102
8 (QN/Block) 	Elapsed: 0.033	Loglikelihood: -55008.6	(delta): 87.5253
9 (QN/Block) 	Elapsed: 0.035	Loglikelihood: -54981.6	(delta): 27.0032
10 (QN/Block) 	Elapsed: 0.036	Loglikelihood: -54972.3	(delta): 9.2117
11 (QN/Block) 	Elapsed: 0.034	Loglikelihood: -54970	(delta): 2.36246
12 (QN/Block) 	Elapsed: 0.035	Loglikelihood: -54969.2	(delta): 0.768757
13 (QN/Block) 	Elapsed: 0.035	Loglikelihood: -54968.8	(delta): 0.372338
14 (QN/Block) 	Elapsed: 0.043	Loglikelihood: -54968	(delta): 0.837603
15 (QN/Block) 	Elapsed: 0.032	Loglikelihood: -54967.8	(delta): 0.182671
16 (QN/Block) 	Elapsed: 0.033	Loglikelihood: -54967.8	(delta): 0.0540346
17 (QN/Block) 	Elapsed: 0.041	Loglikelihood: -54967.7	(delta): 0.0515529
18 (QN/Block) 	Elapsed: 0.039	Loglikelihood: -54967.7	(delta): 0.0428947
19 (QN/Block) 	Elapsed: 0.036	Loglikelihood: -54967.7	(delta): 0.019033
20 (QN/Block) 	Elapsed: 0.036	Loglikelihood: -54967.6	(delta): 0.00805488
21 (QN/Block) 	Elapsed: 0.036	Loglikelihood: -54967.6	(delta): 0.00233851
22 (QN/Block) 	Elapsed: 0.035	Loglikelihood: -54967.6	(delta): 0.00142112
23 (QN/Block) 	Elapsed: 0.035	Loglikelihood: -54967.6	(delta): 0.000142316
24 (QN/Block) 	Elapsed: 0.037	Loglikelihood: -54967.6	(delta): 0.00011632
25 (QN/Block) 	Elapsed: 0.033	Loglikelihood: -54967.6	(delta): 9.60168e-06
26 (QN/Block) 	Elapsed: 0.032	Loglikelihood: -54967.6	(delta): 2.14625e-06
27 (QN/Block) 	Elapsed: 0.035	Loglikelihood: -54967.6	(delta): 6.19038e-07
28 (QN/Block) 	Elapsed: 0.032	Loglikelihood: -54967.6	(delta): 1.34445e-07
29 (QN/Block) 	Elapsed: 0.037	Loglikelihood: -54967.6	(delta): 8.93488e-09
30 (QN/Block) 	Elapsed: 0.038	Loglikelihood: -54967.6	(delta): 2.08092e-09
31 (QN/Block) 	Elapsed: 0.037	Loglikelihood: -54967.6	(delta): 4.51109e-10
32 (QN/Block) 	Elapsed: 0.048	Loglikelihood: -54967.6	(delta): 1.01863e-10
33 (QN/Block) 	Elapsed: 0.044	Loglikelihood: -54967.6	(delta): 5.82077e-11
34 (QN/Block) 	Elapsed: 0.04	Loglikelihood: -54967.6	(delta): 0
35 (QN/Block) 	Elapsed: 0.037	Loglikelihood: -54967.6	(delta): 0
36 (QN/Block) 	Elapsed: 0.038	Loglikelihood: -54967.6	(delta): 7.27596e-12
37 (QN/Block) 	Elapsed: 0.038	Loglikelihood: -54967.6	(delta): 0
38 (QN/Block) 	Elapsed: 0.034	Loglikelihood: -54967.6	(delta): 0
39 (QN/Block) 	Elapsed: 0.035	Loglikelihood: -54967.6	(delta): -7.27596e-12
40 (QN/Block) 	Elapsed: 0.038	Loglikelihood: -54967.6	(delta): 7.27596e-12
41 (QN/Block) 	Elapsed: 0.034	Loglikelihood: -54967.6	(delta): 0
42 (QN/Block) 	Elapsed: 0.033	Loglikelihood: -54967.6	(delta): 7.27596e-12
43 (QN/Block) 	Elapsed: 0.035	Loglikelihood: -54967.6	(delta): 0
44 (QN/Block) 	Elapsed: 0.04	Loglikelihood: -54967.6	(delta): -7.27596e-12
45 (QN/Block) 	Elapsed: 0.037	Loglikelihood: -54967.6	(delta): 7.27596e-12
46 (QN/Block) 	Elapsed: 0.036	Loglikelihood: -54967.6	(delta): 0
47 (QN/Block) 	Elapsed: 0.035	Loglikelihood: -54967.6	(delta): 7.27596e-12
48 (QN/Block) 	Elapsed: 0.034	Loglikelihood: -54967.6	(delta): 1.45519e-11
49 (QN/Block) 	Elapsed: 0.034	Loglikelihood: -54967.6	(delta): -2.91038e-11
50 (QN/Block) 	Elapsed: 0.034	Loglikelihood: -54967.6	(delta): 7.27596e-12
51 (QN/Block) 	Elapsed: 0.032	Loglikelihood: -54967.6	(delta): 7.27596e-12
52 (QN/Block) 	Elapsed: 0.032	Loglikelihood: -54967.6	(delta): 0
53 (QN/Block) 	Elapsed: 0.031	Loglikelihood: -54967.6	(delta): -7.27596e-12
54 (QN/Block) 	Elapsed: 0.033	Loglikelihood: -54967.6	(delta): 0
55 (QN/Block) 	Elapsed: 0.036	Loglikelihood: -54967.6	(delta): 1.45519e-11
56 (QN/Block) 	Elapsed: 0.034	Loglikelihood: -54967.6	(delta): 0
57 (QN/Block) 	Elapsed: 0.032	Loglikelihood: -54967.6	(delta): -7.27596e-12
58 (QN/Block) 	Elapsed: 0.048	Loglikelihood: -54967.6	(delta): 0
59 (QN/Block) 	Elapsed: 0.033	Loglikelihood: -54967.6	(delta): 7.27596e-12
60 (QN/Block) 	Elapsed: 0.033	Loglikelihood: -54967.6	(delta): -7.27596e-12
61 (QN/Block) 	Elapsed: 0.043	Loglikelihood: -54967.6	(delta): -1.45519e-11
62 (QN/Block) 	Elapsed: 0.035	Loglikelihood: -54967.6	(delta): 1.45519e-11
63 (QN/Block) 	Elapsed: 0.032	Loglikelihood: -54967.6	(delta): 7.27596e-12
64 (QN/Block) 	Elapsed: 0.04	Loglikelihood: -54967.6	(delta): -1.45519e-11
65 (QN/Block) 	Elapsed: 0.035	Loglikelihood: -54967.6	(delta): 1.45519e-11
66 (QN/Block) 	Elapsed: 0.033	Loglikelihood: -54967.6	(delta): 0
67 (QN/Block) 	Elapsed: 0.036	Loglikelihood: -54967.6	(delta): 0
68 (QN/Block) 	Elapsed: 0.037	Loglikelihood: -54967.6	(delta): 0
69 (QN/Block) 	Elapsed: 0.031	Loglikelihood: -54967.6	(delta): 0
70 (QN/Block) 	Elapsed: 0.033	Loglikelihood: -54967.6	(delta): 7.27596e-12
71 (QN/Block) 	Elapsed: 0.036	Loglikelihood: -54967.6	(delta): -7.27596e-12
72 (QN/Block) 	Elapsed: 0.044	Loglikelihood: -54967.6	(delta): 7.27596e-12
73 (QN/Block) 	Elapsed: 0.036	Loglikelihood: -54967.6	(delta): 0
74 (QN/Block) 	Elapsed: 0.039	Loglikelihood: -54967.6	(delta): 0
75 (QN/Block) 	Elapsed: 0.032	Loglikelihood: -54967.6	(delta): 0
76 (QN/Block) 	Elapsed: 0.034	Loglikelihood: -54967.6	(delta): 1.45519e-11
77 (QN/Block) 	Elapsed: 0.032	Loglikelihood: -54967.6	(delta): -7.27596e-12
78 (QN/Block) 	Elapsed: 0.044	Loglikelihood: -54967.6	(delta): 7.27596e-12
79 (QN/Block) 	Elapsed: 0.044	Loglikelihood: -54967.6	(delta): 0
80 (QN/Block) 	Elapsed: 0.044	Loglikelihood: -54967.6	(delta): 0
81 (QN/Block) 	Elapsed: 0.04	Loglikelihood: -54967.6	(delta): 7.27596e-12
82 (QN/Block) 	Elapsed: 0.033	Loglikelihood: -54967.6	(delta): 0
83 (QN/Block) 	Elapsed: 0.032	Loglikelihood: -54967.6	(delta): 0
84 (QN/Block) 	Elapsed: 0.044	Loglikelihood: -54967.6	(delta): 1.45519e-11
85 (QN/Block) 	Elapsed: 0.044	Loglikelihood: -54967.6	(delta): -1.45519e-11
86 (QN/Block) 	Elapsed: 0.044	Loglikelihood: -54967.6	(delta): 0
87 (QN/Block) 	Elapsed: 0.045	Loglikelihood: -54967.6	(delta): 0
88 (QN/Block) 	Elapsed: 0.046	Loglikelihood: -54967.6	(delta): 0
89 (QN/Block) 	Elapsed: 0.044	Loglikelihood: -54967.6	(delta): -1.45519e-11
90 (QN/Block) 	Elapsed: 0.041	Loglikelihood: -54967.6	(delta): 2.18279e-11
91 (QN/Block) 	Elapsed: 0.033	Loglikelihood: -54967.6	(delta): -7.27596e-12
92 (QN/Block) 	Elapsed: 0.031	Loglikelihood: -54967.6	(delta): 1.45519e-11
93 (QN/Block) 	Elapsed: 0.034	Loglikelihood: -54967.6	(delta): -7.27596e-12
94 (QN/Block) 	Elapsed: 0.033	Loglikelihood: -54967.6	(delta): 0
95 (QN/Block) 	Elapsed: 0.034	Loglikelihood: -54967.6	(delta): 7.27596e-12
96 (QN/Block) 	Elapsed: 0.039	Loglikelihood: -54967.6	(delta): 0
97 (QN/Block) 	Elapsed: 0.047	Loglikelihood: -54967.6	(delta): 0
98 (QN/Block) 	Elapsed: 0.045	Loglikelihood: -54967.6	(delta): 0
99 (QN/Block) 	Elapsed: 0.043	Loglikelihood: -54967.6	(delta): 0
100 (QN/Block) 	Elapsed: 0.044	Loglikelihood: -54967.6	(delta): -7.27596e-12
Summary: 
Converged in 100 iterations (3.926 sec)
Loglikelihood: -54967.639369
Fst divergences between estimated populations: 
	Pop0	Pop1	Pop2	Pop3	Pop4	Pop5	Pop6	
Pop0	
Pop1	0.471	
Pop2	0.515	0.580	
Pop3	0.497	0.226	0.601	
Pop4	0.457	0.200	0.564	0.219	
Pop5	0.536	0.605	0.173	0.626	0.588	
Pop6	0.498	0.307	0.599	0.289	0.292	0.620	
Pop7	0.250	0.425	0.494	0.453	0.414	0.518	0.459	
CV error (K=8): 0.44809
Writing output files.
