****                   ADMIXTURE Version 1.3.0                  ****
****                    Copyright 2008-2015                     ****
****           David Alexander, Suyash Shringarpure,            ****
****                John  Novembre, Ken Lange                   ****
****                                                            ****
****                 Please cite our paper!                     ****
****   Information at www.genetics.ucla.edu/software/admixture  ****

Parallel execution requested.  Will use 8 threads.
Cross-validation will be performed.  Folds=10.
Random seed: 43
Point estimation method: Block relaxation algorithm
Convergence acceleration algorithm: QuasiNewton, 3 secant conditions
Point estimation will terminate at 100 iterations
Estimation of standard errors disabled; will compute point estimates only.
Size of G: 121x1282
Performing five EM steps to prime main algorithm
1 (EM) 	Elapsed: 0.002	Loglikelihood: -101559	(delta): 190200
2 (EM) 	Elapsed: 0.002	Loglikelihood: -101559	(delta): 0
3 (EM) 	Elapsed: 0.002	Loglikelihood: -101559	(delta): 0
4 (EM) 	Elapsed: 0.002	Loglikelihood: -101559	(delta): 0
5 (EM) 	Elapsed: 0.002	Loglikelihood: -101559	(delta): 0
Initial loglikelihood: -101559
Starting main algorithm
1 (QN/Block) 	Elapsed: 0.008	Loglikelihood: -101559	(delta): 0
2 (QN/Block) 	Elapsed: 0.008	Loglikelihood: -101559	(delta): 0
3 (QN/Block) 	Elapsed: 0.01	Loglikelihood: -101559	(delta): 0
4 (QN/Block) 	Elapsed: 0.01	Loglikelihood: -101559	(delta): 0
5 (QN/Block) 	Elapsed: 0.01	Loglikelihood: -101559	(delta): 0
PROBLEM INVERTING MATRIX!
6 (QN/Block) 	Elapsed: 0.01	Loglikelihood: -101559	(delta): 0
PROBLEM INVERTING MATRIX!
7 (QN/Block) 	Elapsed: 0.009	Loglikelihood: -101559	(delta): 0
PROBLEM INVERTING MATRIX!
8 (QN/Block) 	Elapsed: 0.009	Loglikelihood: -101559	(delta): 0
9 (QN/Block) 	Elapsed: 0.011	Loglikelihood: -101559	(delta): 0
10 (QN/Block) 	Elapsed: 0.009	Loglikelihood: -101559	(delta): -1.45519e-11
PROBLEM INVERTING MATRIX!
11 (QN/Block) 	Elapsed: 0.01	Loglikelihood: -101559	(delta): 1.45519e-11
PROBLEM INVERTING MATRIX!
12 (QN/Block) 	Elapsed: 0.01	Loglikelihood: -101559	(delta): -1.45519e-11
13 (QN/Block) 	Elapsed: 0.009	Loglikelihood: -101559	(delta): 1.45519e-11
PROBLEM INVERTING MATRIX!
14 (QN/Block) 	Elapsed: 0.01	Loglikelihood: -101559	(delta): -1.45519e-11
PROBLEM INVERTING MATRIX!
15 (QN/Block) 	Elapsed: 0.009	Loglikelihood: -101559	(delta): 1.45519e-11
16 (QN/Block) 	Elapsed: 0.009	Loglikelihood: -101559	(delta): 0
17 (QN/Block) 	Elapsed: 0.01	Loglikelihood: -101559	(delta): 0
18 (QN/Block) 	Elapsed: 0.011	Loglikelihood: -101559	(delta): 0
PROBLEM INVERTING MATRIX!
19 (QN/Block) 	Elapsed: 0.01	Loglikelihood: -101559	(delta): 0
20 (QN/Block) 	Elapsed: 0.01	Loglikelihood: -101559	(delta): -1.45519e-11
PROBLEM INVERTING MATRIX!
21 (QN/Block) 	Elapsed: 0.01	Loglikelihood: -101559	(delta): 0
PROBLEM INVERTING MATRIX!
22 (QN/Block) 	Elapsed: 0.012	Loglikelihood: -101559	(delta): 1.45519e-11
23 (QN/Block) 	Elapsed: 0.011	Loglikelihood: -101559	(delta): 0
24 (QN/Block) 	Elapsed: 0.012	Loglikelihood: -101559	(delta): 0
PROBLEM INVERTING MATRIX!
25 (QN/Block) 	Elapsed: 0.01	Loglikelihood: -101559	(delta): 0
26 (QN/Block) 	Elapsed: 0.01	Loglikelihood: -101559	(delta): 1.45519e-11
27 (QN/Block) 	Elapsed: 0.011	Loglikelihood: -101559	(delta): -1.45519e-11
PROBLEM INVERTING MATRIX!
28 (QN/Block) 	Elapsed: 0.01	Loglikelihood: -101559	(delta): 0
PROBLEM INVERTING MATRIX!
29 (QN/Block) 	Elapsed: 0.01	Loglikelihood: -101559	(delta): 0
30 (QN/Block) 	Elapsed: 0.009	Loglikelihood: -101559	(delta): -1.45519e-11
31 (QN/Block) 	Elapsed: 0.01	Loglikelihood: -101559	(delta): 1.45519e-11
32 (QN/Block) 	Elapsed: 0.01	Loglikelihood: -101559	(delta): 0
33 (QN/Block) 	Elapsed: 0.01	Loglikelihood: -101559	(delta): 1.45519e-11
PROBLEM INVERTING MATRIX!
34 (QN/Block) 	Elapsed: 0.009	Loglikelihood: -101559	(delta): -1.45519e-11
PROBLEM INVERTING MATRIX!
35 (QN/Block) 	Elapsed: 0.01	Loglikelihood: -101559	(delta): 0
36 (QN/Block) 	Elapsed: 0.011	Loglikelihood: -101559	(delta): 0
37 (QN/Block) 	Elapsed: 0.01	Loglikelihood: -101559	(delta): 0
PROBLEM INVERTING MATRIX!
38 (QN/Block) 	Elapsed: 0.01	Loglikelihood: -101559	(delta): 0
PROBLEM INVERTING MATRIX!
39 (QN/Block) 	Elapsed: 0.01	Loglikelihood: -101559	(delta): 0
40 (QN/Block) 	Elapsed: 0.011	Loglikelihood: -101559	(delta): 0
PROBLEM INVERTING MATRIX!
41 (QN/Block) 	Elapsed: 0.01	Loglikelihood: -101559	(delta): 0
42 (QN/Block) 	Elapsed: 0.01	Loglikelihood: -101559	(delta): 0
43 (QN/Block) 	Elapsed: 0.01	Loglikelihood: -101559	(delta): 0
44 (QN/Block) 	Elapsed: 0.01	Loglikelihood: -101559	(delta): 0
PROBLEM INVERTING MATRIX!
45 (QN/Block) 	Elapsed: 0.009	Loglikelihood: -101559	(delta): 0
46 (QN/Block) 	Elapsed: 0.01	Loglikelihood: -101559	(delta): 0
47 (QN/Block) 	Elapsed: 0.01	Loglikelihood: -101559	(delta): 0
PROBLEM INVERTING MATRIX!
48 (QN/Block) 	Elapsed: 0.01	Loglikelihood: -101559	(delta): 0
49 (QN/Block) 	Elapsed: 0.01	Loglikelihood: -101559	(delta): 0
50 (QN/Block) 	Elapsed: 0.014	Loglikelihood: -101559	(delta): 0
51 (QN/Block) 	Elapsed: 0.014	Loglikelihood: -101559	(delta): 0
52 (QN/Block) 	Elapsed: 0.012	Loglikelihood: -101559	(delta): 0
53 (QN/Block) 	Elapsed: 0.011	Loglikelihood: -101559	(delta): 0
PROBLEM INVERTING MATRIX!
54 (QN/Block) 	Elapsed: 0.009	Loglikelihood: -101559	(delta): 0
55 (QN/Block) 	Elapsed: 0.011	Loglikelihood: -101559	(delta): -1.45519e-11
PROBLEM INVERTING MATRIX!
56 (QN/Block) 	Elapsed: 0.012	Loglikelihood: -101559	(delta): 2.91038e-11
PROBLEM INVERTING MATRIX!
57 (QN/Block) 	Elapsed: 0.013	Loglikelihood: -101559	(delta): -2.91038e-11
58 (QN/Block) 	Elapsed: 0.014	Loglikelihood: -101559	(delta): 1.45519e-11
59 (QN/Block) 	Elapsed: 0.011	Loglikelihood: -101559	(delta): 1.45519e-11
PROBLEM INVERTING MATRIX!
60 (QN/Block) 	Elapsed: 0.012	Loglikelihood: -101559	(delta): -1.45519e-11
PROBLEM INVERTING MATRIX!
61 (QN/Block) 	Elapsed: 0.011	Loglikelihood: -101559	(delta): -1.45519e-11
PROBLEM INVERTING MATRIX!
62 (QN/Block) 	Elapsed: 0.011	Loglikelihood: -101559	(delta): 1.45519e-11
PROBLEM INVERTING MATRIX!
63 (QN/Block) 	Elapsed: 0.012	Loglikelihood: -101559	(delta): 0
PROBLEM INVERTING MATRIX!
64 (QN/Block) 	Elapsed: 0.011	Loglikelihood: -101559	(delta): 0
65 (QN/Block) 	Elapsed: 0.01	Loglikelihood: -101559	(delta): 0
66 (QN/Block) 	Elapsed: 0.011	Loglikelihood: -101559	(delta): 0
67 (QN/Block) 	Elapsed: 0.009	Loglikelihood: -101559	(delta): 0
PROBLEM INVERTING MATRIX!
68 (QN/Block) 	Elapsed: 0.012	Loglikelihood: -101559	(delta): 0
PROBLEM INVERTING MATRIX!
69 (QN/Block) 	Elapsed: 0.013	Loglikelihood: -101559	(delta): -1.45519e-11
70 (QN/Block) 	Elapsed: 0.015	Loglikelihood: -101559	(delta): 1.45519e-11
71 (QN/Block) 	Elapsed: 0.01	Loglikelihood: -101559	(delta): -1.45519e-11
72 (QN/Block) 	Elapsed: 0.009	Loglikelihood: -101559	(delta): 1.45519e-11
PROBLEM INVERTING MATRIX!
73 (QN/Block) 	Elapsed: 0.01	Loglikelihood: -101559	(delta): 0
74 (QN/Block) 	Elapsed: 0.011	Loglikelihood: -101559	(delta): 0
75 (QN/Block) 	Elapsed: 0.01	Loglikelihood: -101559	(delta): 0
76 (QN/Block) 	Elapsed: 0.01	Loglikelihood: -101559	(delta): 0
PROBLEM INVERTING MATRIX!
77 (QN/Block) 	Elapsed: 0.009	Loglikelihood: -101559	(delta): 0
78 (QN/Block) 	Elapsed: 0.011	Loglikelihood: -101559	(delta): 0
79 (QN/Block) 	Elapsed: 0.01	Loglikelihood: -101559	(delta): 1.45519e-11
80 (QN/Block) 	Elapsed: 0.011	Loglikelihood: -101559	(delta): -1.45519e-11
81 (QN/Block) 	Elapsed: 0.009	Loglikelihood: -101559	(delta): 0
82 (QN/Block) 	Elapsed: 0.011	Loglikelihood: -101559	(delta): 0
PROBLEM INVERTING MATRIX!
83 (QN/Block) 	Elapsed: 0.01	Loglikelihood: -101559	(delta): 1.45519e-11
84 (QN/Block) 	Elapsed: 0.01	Loglikelihood: -101559	(delta): 0
85 (QN/Block) 	Elapsed: 0.01	Loglikelihood: -101559	(delta): 0
86 (QN/Block) 	Elapsed: 0.011	Loglikelihood: -101559	(delta): -1.45519e-11
PROBLEM INVERTING MATRIX!
87 (QN/Block) 	Elapsed: 0.009	Loglikelihood: -101559	(delta): 0
PROBLEM INVERTING MATRIX!
88 (QN/Block) 	Elapsed: 0.009	Loglikelihood: -101559	(delta): 0
PROBLEM INVERTING MATRIX!
89 (QN/Block) 	Elapsed: 0.011	Loglikelihood: -101559	(delta): -1.45519e-11
90 (QN/Block) 	Elapsed: 0.01	Loglikelihood: -101559	(delta): 1.45519e-11
PROBLEM INVERTING MATRIX!
91 (QN/Block) 	Elapsed: 0.011	Loglikelihood: -101559	(delta): 0
PROBLEM INVERTING MATRIX!
92 (QN/Block) 	Elapsed: 0.011	Loglikelihood: -101559	(delta): 1.45519e-11
93 (QN/Block) 	Elapsed: 0.01	Loglikelihood: -101559	(delta): -1.45519e-11
PROBLEM INVERTING MATRIX!
94 (QN/Block) 	Elapsed: 0.011	Loglikelihood: -101559	(delta): 0
95 (QN/Block) 	Elapsed: 0.009	Loglikelihood: -101559	(delta): 1.45519e-11
96 (QN/Block) 	Elapsed: 0.009	Loglikelihood: -101559	(delta): -1.45519e-11
97 (QN/Block) 	Elapsed: 0.01	Loglikelihood: -101559	(delta): -1.45519e-11
98 (QN/Block) 	Elapsed: 0.01	Loglikelihood: -101559	(delta): 1.45519e-11
99 (QN/Block) 	Elapsed: 0.01	Loglikelihood: -101559	(delta): 0
PROBLEM INVERTING MATRIX!
100 (QN/Block) 	Elapsed: 0.009	Loglikelihood: -101559	(delta): -1.45519e-11
Summary: 
Converged in 100 iterations (1.135 sec)
Loglikelihood: -101558.797220
CV error (K=1): 0.64225
Writing output files.
