****                   ADMIXTURE Version 1.3.0                  ****
****                    Copyright 2008-2015                     ****
****           David Alexander, Suyash Shringarpure,            ****
****                John  Novembre, Ken Lange                   ****
****                                                            ****
****                 Please cite our paper!                     ****
****   Information at www.genetics.ucla.edu/software/admixture  ****

Parallel execution requested.  Will use 8 threads.
Cross-validation will be performed.  Folds=10.
Random seed: 43
Point estimation method: Block relaxation algorithm
Convergence acceleration algorithm: QuasiNewton, 3 secant conditions
Point estimation will terminate at 100 iterations
Estimation of standard errors disabled; will compute point estimates only.
Size of G: 121x1282
Performing five EM steps to prime main algorithm
1 (EM) 	Elapsed: 0.011	Loglikelihood: -106937	(delta): 114940
2 (EM) 	Elapsed: 0.011	Loglikelihood: -102045	(delta): 4892.55
3 (EM) 	Elapsed: 0.012	Loglikelihood: -100476	(delta): 1568.74
4 (EM) 	Elapsed: 0.012	Loglikelihood: -99068	(delta): 1408.14
5 (EM) 	Elapsed: 0.012	Loglikelihood: -97444.7	(delta): 1623.31
Initial loglikelihood: -97444.7
Starting main algorithm
1 (QN/Block) 	Elapsed: 0.023	Loglikelihood: -66596.2	(delta): 30848.5
2 (QN/Block) 	Elapsed: 0.021	Loglikelihood: -62184.7	(delta): 4411.45
3 (QN/Block) 	Elapsed: 0.025	Loglikelihood: -60305.8	(delta): 1878.88
4 (QN/Block) 	Elapsed: 0.024	Loglikelihood: -59288.5	(delta): 1017.29
5 (QN/Block) 	Elapsed: 0.025	Loglikelihood: -58916.8	(delta): 371.717
6 (QN/Block) 	Elapsed: 0.025	Loglikelihood: -58845.7	(delta): 71.1018
7 (QN/Block) 	Elapsed: 0.023	Loglikelihood: -58834.3	(delta): 11.4079
8 (QN/Block) 	Elapsed: 0.023	Loglikelihood: -58833.3	(delta): 0.973482
9 (QN/Block) 	Elapsed: 0.026	Loglikelihood: -58833.2	(delta): 0.124815
10 (QN/Block) 	Elapsed: 0.024	Loglikelihood: -58833.2	(delta): 0.0391803
11 (QN/Block) 	Elapsed: 0.024	Loglikelihood: -58833.1	(delta): 0.0363809
12 (QN/Block) 	Elapsed: 0.022	Loglikelihood: -58833.1	(delta): 0.0621443
13 (QN/Block) 	Elapsed: 0.027	Loglikelihood: -58831.3	(delta): 1.79472
14 (QN/Block) 	Elapsed: 0.029	Loglikelihood: -58828.8	(delta): 2.49055
15 (QN/Block) 	Elapsed: 0.025	Loglikelihood: -58828.6	(delta): 0.143998
16 (QN/Block) 	Elapsed: 0.023	Loglikelihood: -58828.6	(delta): 0.0549309
17 (QN/Block) 	Elapsed: 0.022	Loglikelihood: -58828.6	(delta): 0.0332715
18 (QN/Block) 	Elapsed: 0.022	Loglikelihood: -58828.6	(delta): 0.00258653
19 (QN/Block) 	Elapsed: 0.027	Loglikelihood: -58828.6	(delta): 0.000172038
20 (QN/Block) 	Elapsed: 0.022	Loglikelihood: -58828.6	(delta): 3.33024e-06
21 (QN/Block) 	Elapsed: 0.024	Loglikelihood: -58828.6	(delta): 3.18723e-07
22 (QN/Block) 	Elapsed: 0.024	Loglikelihood: -58828.6	(delta): 6.35919e-09
23 (QN/Block) 	Elapsed: 0.024	Loglikelihood: -58828.6	(delta): 5.89353e-10
24 (QN/Block) 	Elapsed: 0.029	Loglikelihood: -58828.6	(delta): 0
25 (QN/Block) 	Elapsed: 0.028	Loglikelihood: -58828.6	(delta): 7.27596e-12
26 (QN/Block) 	Elapsed: 0.03	Loglikelihood: -58828.6	(delta): 0
27 (QN/Block) 	Elapsed: 0.029	Loglikelihood: -58828.6	(delta): 7.27596e-12
28 (QN/Block) 	Elapsed: 0.028	Loglikelihood: -58828.6	(delta): 0
29 (QN/Block) 	Elapsed: 0.026	Loglikelihood: -58828.6	(delta): 0
30 (QN/Block) 	Elapsed: 0.024	Loglikelihood: -58828.6	(delta): 0
31 (QN/Block) 	Elapsed: 0.024	Loglikelihood: -58828.6	(delta): 0
32 (QN/Block) 	Elapsed: 0.024	Loglikelihood: -58828.6	(delta): 0
33 (QN/Block) 	Elapsed: 0.026	Loglikelihood: -58828.6	(delta): -1.45519e-11
34 (QN/Block) 	Elapsed: 0.027	Loglikelihood: -58828.6	(delta): 1.45519e-11
35 (QN/Block) 	Elapsed: 0.03	Loglikelihood: -58828.6	(delta): 0
36 (QN/Block) 	Elapsed: 0.029	Loglikelihood: -58828.6	(delta): 0
37 (QN/Block) 	Elapsed: 0.029	Loglikelihood: -58828.6	(delta): -7.27596e-12
38 (QN/Block) 	Elapsed: 0.028	Loglikelihood: -58828.6	(delta): 7.27596e-12
39 (QN/Block) 	Elapsed: 0.028	Loglikelihood: -58828.6	(delta): 0
40 (QN/Block) 	Elapsed: 0.027	Loglikelihood: -58828.6	(delta): -7.27596e-12
41 (QN/Block) 	Elapsed: 0.029	Loglikelihood: -58828.6	(delta): 7.27596e-12
42 (QN/Block) 	Elapsed: 0.028	Loglikelihood: -58828.6	(delta): -7.27596e-12
43 (QN/Block) 	Elapsed: 0.027	Loglikelihood: -58828.6	(delta): 7.27596e-12
44 (QN/Block) 	Elapsed: 0.024	Loglikelihood: -58828.6	(delta): 0
45 (QN/Block) 	Elapsed: 0.023	Loglikelihood: -58828.6	(delta): 0
46 (QN/Block) 	Elapsed: 0.024	Loglikelihood: -58828.6	(delta): -7.27596e-12
47 (QN/Block) 	Elapsed: 0.023	Loglikelihood: -58828.6	(delta): 7.27596e-12
48 (QN/Block) 	Elapsed: 0.023	Loglikelihood: -58828.6	(delta): 0
49 (QN/Block) 	Elapsed: 0.026	Loglikelihood: -58828.6	(delta): -7.27596e-12
50 (QN/Block) 	Elapsed: 0.023	Loglikelihood: -58828.6	(delta): 7.27596e-12
51 (QN/Block) 	Elapsed: 0.027	Loglikelihood: -58828.6	(delta): 7.27596e-12
52 (QN/Block) 	Elapsed: 0.026	Loglikelihood: -58828.6	(delta): -7.27596e-12
53 (QN/Block) 	Elapsed: 0.026	Loglikelihood: -58828.6	(delta): 0
54 (QN/Block) 	Elapsed: 0.025	Loglikelihood: -58828.6	(delta): 7.27596e-12
55 (QN/Block) 	Elapsed: 0.028	Loglikelihood: -58828.6	(delta): -7.27596e-12
56 (QN/Block) 	Elapsed: 0.027	Loglikelihood: -58828.6	(delta): 7.27596e-12
57 (QN/Block) 	Elapsed: 0.029	Loglikelihood: -58828.6	(delta): 0
58 (QN/Block) 	Elapsed: 0.031	Loglikelihood: -58828.6	(delta): -7.27596e-12
59 (QN/Block) 	Elapsed: 0.024	Loglikelihood: -58828.6	(delta): 0
60 (QN/Block) 	Elapsed: 0.029	Loglikelihood: -58828.6	(delta): -7.27596e-12
61 (QN/Block) 	Elapsed: 0.03	Loglikelihood: -58828.6	(delta): 7.27596e-12
62 (QN/Block) 	Elapsed: 0.026	Loglikelihood: -58828.6	(delta): 0
63 (QN/Block) 	Elapsed: 0.024	Loglikelihood: -58828.6	(delta): 0
64 (QN/Block) 	Elapsed: 0.029	Loglikelihood: -58828.6	(delta): 7.27596e-12
65 (QN/Block) 	Elapsed: 0.028	Loglikelihood: -58828.6	(delta): 0
66 (QN/Block) 	Elapsed: 0.025	Loglikelihood: -58828.6	(delta): -7.27596e-12
67 (QN/Block) 	Elapsed: 0.024	Loglikelihood: -58828.6	(delta): 7.27596e-12
68 (QN/Block) 	Elapsed: 0.025	Loglikelihood: -58828.6	(delta): -7.27596e-12
69 (QN/Block) 	Elapsed: 0.03	Loglikelihood: -58828.6	(delta): 0
70 (QN/Block) 	Elapsed: 0.028	Loglikelihood: -58828.6	(delta): 0
71 (QN/Block) 	Elapsed: 0.027	Loglikelihood: -58828.6	(delta): 0
72 (QN/Block) 	Elapsed: 0.027	Loglikelihood: -58828.6	(delta): -7.27596e-12
73 (QN/Block) 	Elapsed: 0.027	Loglikelihood: -58828.6	(delta): 1.45519e-11
74 (QN/Block) 	Elapsed: 0.034	Loglikelihood: -58828.6	(delta): -7.27596e-12
75 (QN/Block) 	Elapsed: 0.031	Loglikelihood: -58828.6	(delta): 0
76 (QN/Block) 	Elapsed: 0.031	Loglikelihood: -58828.6	(delta): 0
77 (QN/Block) 	Elapsed: 0.032	Loglikelihood: -58828.6	(delta): 0
78 (QN/Block) 	Elapsed: 0.028	Loglikelihood: -58828.6	(delta): 7.27596e-12
79 (QN/Block) 	Elapsed: 0.025	Loglikelihood: -58828.6	(delta): 7.27596e-12
80 (QN/Block) 	Elapsed: 0.023	Loglikelihood: -58828.6	(delta): -1.45519e-11
81 (QN/Block) 	Elapsed: 0.026	Loglikelihood: -58828.6	(delta): -7.27596e-12
82 (QN/Block) 	Elapsed: 0.032	Loglikelihood: -58828.6	(delta): 1.45519e-11
83 (QN/Block) 	Elapsed: 0.027	Loglikelihood: -58828.6	(delta): 0
84 (QN/Block) 	Elapsed: 0.026	Loglikelihood: -58828.6	(delta): -1.45519e-11
85 (QN/Block) 	Elapsed: 0.028	Loglikelihood: -58828.6	(delta): 7.27596e-12
86 (QN/Block) 	Elapsed: 0.029	Loglikelihood: -58828.6	(delta): 0
87 (QN/Block) 	Elapsed: 0.03	Loglikelihood: -58828.6	(delta): 0
88 (QN/Block) 	Elapsed: 0.031	Loglikelihood: -58828.6	(delta): 7.27596e-12
89 (QN/Block) 	Elapsed: 0.029	Loglikelihood: -58828.6	(delta): -7.27596e-12
90 (QN/Block) 	Elapsed: 0.031	Loglikelihood: -58828.6	(delta): 7.27596e-12
91 (QN/Block) 	Elapsed: 0.03	Loglikelihood: -58828.6	(delta): -1.45519e-11
92 (QN/Block) 	Elapsed: 0.037	Loglikelihood: -58828.6	(delta): 7.27596e-12
93 (QN/Block) 	Elapsed: 0.03	Loglikelihood: -58828.6	(delta): 0
94 (QN/Block) 	Elapsed: 0.032	Loglikelihood: -58828.6	(delta): 0
95 (QN/Block) 	Elapsed: 0.031	Loglikelihood: -58828.6	(delta): 0
96 (QN/Block) 	Elapsed: 0.031	Loglikelihood: -58828.6	(delta): 0
97 (QN/Block) 	Elapsed: 0.03	Loglikelihood: -58828.6	(delta): -7.27596e-12
98 (QN/Block) 	Elapsed: 0.03	Loglikelihood: -58828.6	(delta): 0
99 (QN/Block) 	Elapsed: 0.029	Loglikelihood: -58828.6	(delta): 7.27596e-12
100 (QN/Block) 	Elapsed: 0.029	Loglikelihood: -58828.6	(delta): -1.45519e-11
Summary: 
Converged in 100 iterations (2.88 sec)
Loglikelihood: -58828.558556
Fst divergences between estimated populations: 
	Pop0	Pop1	Pop2	Pop3	
Pop0	
Pop1	0.553	
Pop2	0.577	0.173	
Pop3	0.405	0.483	0.504	
Pop4	0.158	0.569	0.592	0.429	
CV error (K=5): 0.41326
Writing output files.
