****                   ADMIXTURE Version 1.3.0                  ****
****                    Copyright 2008-2015                     ****
****           David Alexander, Suyash Shringarpure,            ****
****                John  Novembre, Ken Lange                   ****
****                                                            ****
****                 Please cite our paper!                     ****
****   Information at www.genetics.ucla.edu/software/admixture  ****

Parallel execution requested.  Will use 8 threads.
Cross-validation will be performed.  Folds=10.
Random seed: 43
Point estimation method: Block relaxation algorithm
Convergence acceleration algorithm: QuasiNewton, 3 secant conditions
Point estimation will terminate at 100 iterations
Estimation of standard errors disabled; will compute point estimates only.
Size of G: 121x1282
Performing five EM steps to prime main algorithm
1 (EM) 	Elapsed: 0.023	Loglikelihood: -106986	(delta): 104331
2 (EM) 	Elapsed: 0.023	Loglikelihood: -101550	(delta): 5436.18
3 (EM) 	Elapsed: 0.023	Loglikelihood: -99773	(delta): 1777.25
4 (EM) 	Elapsed: 0.021	Loglikelihood: -98028.6	(delta): 1744.38
5 (EM) 	Elapsed: 0.024	Loglikelihood: -95867.4	(delta): 2161.17
Initial loglikelihood: -95867.4
Starting main algorithm
1 (QN/Block) 	Elapsed: 0.039	Loglikelihood: -64967.3	(delta): 30900.1
2 (QN/Block) 	Elapsed: 0.041	Loglikelihood: -59359.9	(delta): 5607.37
3 (QN/Block) 	Elapsed: 0.04	Loglikelihood: -56872.7	(delta): 2487.27
4 (QN/Block) 	Elapsed: 0.042	Loglikelihood: -55132.6	(delta): 1740.09
5 (QN/Block) 	Elapsed: 0.042	Loglikelihood: -54610.7	(delta): 521.851
6 (QN/Block) 	Elapsed: 0.035	Loglikelihood: -54428.2	(delta): 182.502
7 (QN/Block) 	Elapsed: 0.042	Loglikelihood: -54338.4	(delta): 89.8558
8 (QN/Block) 	Elapsed: 0.041	Loglikelihood: -54286.2	(delta): 52.1631
9 (QN/Block) 	Elapsed: 0.032	Loglikelihood: -54248.7	(delta): 37.4734
10 (QN/Block) 	Elapsed: 0.038	Loglikelihood: -54228.3	(delta): 20.395
11 (QN/Block) 	Elapsed: 0.045	Loglikelihood: -54211.6	(delta): 16.7825
12 (QN/Block) 	Elapsed: 0.037	Loglikelihood: -54201.8	(delta): 9.70375
13 (QN/Block) 	Elapsed: 0.034	Loglikelihood: -54198.2	(delta): 3.65698
14 (QN/Block) 	Elapsed: 0.048	Loglikelihood: -54196.4	(delta): 1.78539
15 (QN/Block) 	Elapsed: 0.049	Loglikelihood: -54195.8	(delta): 0.603199
16 (QN/Block) 	Elapsed: 0.05	Loglikelihood: -54193.7	(delta): 2.0643
17 (QN/Block) 	Elapsed: 0.037	Loglikelihood: -54192.1	(delta): 1.65401
18 (QN/Block) 	Elapsed: 0.042	Loglikelihood: -54189	(delta): 3.04416
19 (QN/Block) 	Elapsed: 0.045	Loglikelihood: -54184.2	(delta): 4.85467
20 (QN/Block) 	Elapsed: 0.035	Loglikelihood: -54173.2	(delta): 10.9873
21 (QN/Block) 	Elapsed: 0.034	Loglikelihood: -54166.6	(delta): 6.55037
22 (QN/Block) 	Elapsed: 0.045	Loglikelihood: -54150.4	(delta): 16.284
23 (QN/Block) 	Elapsed: 0.043	Loglikelihood: -54141.5	(delta): 8.90037
24 (QN/Block) 	Elapsed: 0.035	Loglikelihood: -54135.7	(delta): 5.80702
25 (QN/Block) 	Elapsed: 0.046	Loglikelihood: -54131.2	(delta): 4.46218
26 (QN/Block) 	Elapsed: 0.058	Loglikelihood: -54129.5	(delta): 1.66078
27 (QN/Block) 	Elapsed: 0.057	Loglikelihood: -54128.8	(delta): 0.729738
28 (QN/Block) 	Elapsed: 0.04	Loglikelihood: -54127.2	(delta): 1.56852
29 (QN/Block) 	Elapsed: 0.043	Loglikelihood: -54126.6	(delta): 0.650579
30 (QN/Block) 	Elapsed: 0.047	Loglikelihood: -54125.8	(delta): 0.817329
31 (QN/Block) 	Elapsed: 0.039	Loglikelihood: -54125.2	(delta): 0.540027
32 (QN/Block) 	Elapsed: 0.035	Loglikelihood: -54124.9	(delta): 0.339446
33 (QN/Block) 	Elapsed: 0.048	Loglikelihood: -54124.6	(delta): 0.246401
34 (QN/Block) 	Elapsed: 0.048	Loglikelihood: -54124.4	(delta): 0.254126
35 (QN/Block) 	Elapsed: 0.053	Loglikelihood: -54124.3	(delta): 0.0857868
36 (QN/Block) 	Elapsed: 0.047	Loglikelihood: -54124.2	(delta): 0.133622
37 (QN/Block) 	Elapsed: 0.036	Loglikelihood: -54124.1	(delta): 0.0231989
38 (QN/Block) 	Elapsed: 0.043	Loglikelihood: -54124.1	(delta): 0.0122896
39 (QN/Block) 	Elapsed: 0.036	Loglikelihood: -54124.1	(delta): 0.0024213
40 (QN/Block) 	Elapsed: 0.039	Loglikelihood: -54124.1	(delta): 0.00686771
41 (QN/Block) 	Elapsed: 0.038	Loglikelihood: -54124.1	(delta): 0.00162579
42 (QN/Block) 	Elapsed: 0.049	Loglikelihood: -54124.1	(delta): 0.00106463
43 (QN/Block) 	Elapsed: 0.048	Loglikelihood: -54124.1	(delta): 0.000534575
44 (QN/Block) 	Elapsed: 0.045	Loglikelihood: -54124.1	(delta): 0.000142409
45 (QN/Block) 	Elapsed: 0.036	Loglikelihood: -54124.1	(delta): 0.000113965
46 (QN/Block) 	Elapsed: 0.039	Loglikelihood: -54124.1	(delta): 5.43798e-05
47 (QN/Block) 	Elapsed: 0.045	Loglikelihood: -54124.1	(delta): 1.91202e-05
48 (QN/Block) 	Elapsed: 0.06	Loglikelihood: -54124.1	(delta): 5.03195e-06
49 (QN/Block) 	Elapsed: 0.048	Loglikelihood: -54124.1	(delta): 1.30073e-06
50 (QN/Block) 	Elapsed: 0.049	Loglikelihood: -54124.1	(delta): 8.41945e-07
51 (QN/Block) 	Elapsed: 0.049	Loglikelihood: -54124.1	(delta): 3.77826e-07
52 (QN/Block) 	Elapsed: 0.047	Loglikelihood: -54124.1	(delta): 1.01471e-07
53 (QN/Block) 	Elapsed: 0.038	Loglikelihood: -54124.1	(delta): 2.30793e-08
54 (QN/Block) 	Elapsed: 0.04	Loglikelihood: -54124.1	(delta): 1.47629e-08
55 (QN/Block) 	Elapsed: 0.044	Loglikelihood: -54124.1	(delta): 6.86123e-09
56 (QN/Block) 	Elapsed: 0.048	Loglikelihood: -54124.1	(delta): 2.20462e-09
57 (QN/Block) 	Elapsed: 0.047	Loglikelihood: -54124.1	(delta): 5.52973e-10
58 (QN/Block) 	Elapsed: 0.048	Loglikelihood: -54124.1	(delta): 2.83762e-10
59 (QN/Block) 	Elapsed: 0.047	Loglikelihood: -54124.1	(delta): 2.03727e-10
60 (QN/Block) 	Elapsed: 0.047	Loglikelihood: -54124.1	(delta): 6.54836e-11
61 (QN/Block) 	Elapsed: 0.051	Loglikelihood: -54124.1	(delta): 3.63798e-11
62 (QN/Block) 	Elapsed: 0.05	Loglikelihood: -54124.1	(delta): -7.27596e-12
63 (QN/Block) 	Elapsed: 0.052	Loglikelihood: -54124.1	(delta): 7.27596e-12
64 (QN/Block) 	Elapsed: 0.052	Loglikelihood: -54124.1	(delta): 7.27596e-12
65 (QN/Block) 	Elapsed: 0.049	Loglikelihood: -54124.1	(delta): -1.45519e-11
66 (QN/Block) 	Elapsed: 0.044	Loglikelihood: -54124.1	(delta): 1.45519e-11
67 (QN/Block) 	Elapsed: 0.046	Loglikelihood: -54124.1	(delta): 7.27596e-12
68 (QN/Block) 	Elapsed: 0.051	Loglikelihood: -54124.1	(delta): 0
69 (QN/Block) 	Elapsed: 0.043	Loglikelihood: -54124.1	(delta): -1.45519e-11
70 (QN/Block) 	Elapsed: 0.038	Loglikelihood: -54124.1	(delta): 7.27596e-12
71 (QN/Block) 	Elapsed: 0.04	Loglikelihood: -54124.1	(delta): 7.27596e-12
72 (QN/Block) 	Elapsed: 0.037	Loglikelihood: -54124.1	(delta): 0
73 (QN/Block) 	Elapsed: 0.045	Loglikelihood: -54124.1	(delta): 7.27596e-12
74 (QN/Block) 	Elapsed: 0.042	Loglikelihood: -54124.1	(delta): 0
75 (QN/Block) 	Elapsed: 0.054	Loglikelihood: -54124.1	(delta): 0
76 (QN/Block) 	Elapsed: 0.052	Loglikelihood: -54124.1	(delta): 7.27596e-12
77 (QN/Block) 	Elapsed: 0.047	Loglikelihood: -54124.1	(delta): 0
78 (QN/Block) 	Elapsed: 0.041	Loglikelihood: -54124.1	(delta): 0
79 (QN/Block) 	Elapsed: 0.048	Loglikelihood: -54124.1	(delta): -7.27596e-12
80 (QN/Block) 	Elapsed: 0.037	Loglikelihood: -54124.1	(delta): 7.27596e-12
81 (QN/Block) 	Elapsed: 0.05	Loglikelihood: -54124.1	(delta): 0
82 (QN/Block) 	Elapsed: 0.043	Loglikelihood: -54124.1	(delta): 0
83 (QN/Block) 	Elapsed: 0.037	Loglikelihood: -54124.1	(delta): 0
84 (QN/Block) 	Elapsed: 0.053	Loglikelihood: -54124.1	(delta): -7.27596e-12
85 (QN/Block) 	Elapsed: 0.051	Loglikelihood: -54124.1	(delta): 1.45519e-11
86 (QN/Block) 	Elapsed: 0.049	Loglikelihood: -54124.1	(delta): -7.27596e-12
87 (QN/Block) 	Elapsed: 0.046	Loglikelihood: -54124.1	(delta): -7.27596e-12
88 (QN/Block) 	Elapsed: 0.04	Loglikelihood: -54124.1	(delta): 1.45519e-11
89 (QN/Block) 	Elapsed: 0.046	Loglikelihood: -54124.1	(delta): 7.27596e-12
90 (QN/Block) 	Elapsed: 0.053	Loglikelihood: -54124.1	(delta): 0
91 (QN/Block) 	Elapsed: 0.038	Loglikelihood: -54124.1	(delta): 7.27596e-12
92 (QN/Block) 	Elapsed: 0.05	Loglikelihood: -54124.1	(delta): -7.27596e-12
93 (QN/Block) 	Elapsed: 0.036	Loglikelihood: -54124.1	(delta): 1.45519e-11
94 (QN/Block) 	Elapsed: 0.042	Loglikelihood: -54124.1	(delta): -7.27596e-12
95 (QN/Block) 	Elapsed: 0.044	Loglikelihood: -54124.1	(delta): 7.27596e-12
96 (QN/Block) 	Elapsed: 0.039	Loglikelihood: -54124.1	(delta): 0
97 (QN/Block) 	Elapsed: 0.036	Loglikelihood: -54124.1	(delta): 0
98 (QN/Block) 	Elapsed: 0.049	Loglikelihood: -54124.1	(delta): 0
99 (QN/Block) 	Elapsed: 0.045	Loglikelihood: -54124.1	(delta): -7.27596e-12
100 (QN/Block) 	Elapsed: 0.045	Loglikelihood: -54124.1	(delta): -7.27596e-12
Summary: 
Converged in 100 iterations (4.685 sec)
Loglikelihood: -54124.117734
Fst divergences between estimated populations: 
	Pop0	Pop1	Pop2	Pop3	Pop4	Pop5	Pop6	Pop7	
Pop0	
Pop1	0.354	
Pop2	0.232	0.345	
Pop3	0.471	0.529	0.499	
Pop4	0.219	0.358	0.241	0.474	
Pop5	0.239	0.350	0.229	0.425	0.238	
Pop6	0.605	0.645	0.627	0.536	0.604	0.576	
Pop7	0.580	0.625	0.602	0.515	0.579	0.555	0.173	
Pop8	0.431	0.497	0.460	0.259	0.436	0.393	0.521	0.496	
CV error (K=9): 0.46341
Writing output files.
