****                   ADMIXTURE Version 1.3.0                  ****
****                    Copyright 2008-2015                     ****
****           David Alexander, Suyash Shringarpure,            ****
****                John  Novembre, Ken Lange                   ****
****                                                            ****
****                 Please cite our paper!                     ****
****   Information at www.genetics.ucla.edu/software/admixture  ****

Parallel execution requested.  Will use 8 threads.
Cross-validation will be performed.  Folds=10.
Random seed: 43
Point estimation method: Block relaxation algorithm
Convergence acceleration algorithm: QuasiNewton, 3 secant conditions
Point estimation will terminate at 100 iterations
Estimation of standard errors disabled; will compute point estimates only.
Size of G: 111x772
Performing five EM steps to prime main algorithm
1 (EM) 	Elapsed: 0.007	Loglikelihood: -32452.2	(delta): 92428.7
2 (EM) 	Elapsed: 0.007	Loglikelihood: -30230.6	(delta): 2221.54
3 (EM) 	Elapsed: 0.007	Loglikelihood: -29825.2	(delta): 405.386
4 (EM) 	Elapsed: 0.007	Loglikelihood: -29586.2	(delta): 238.975
5 (EM) 	Elapsed: 0.007	Loglikelihood: -29403.9	(delta): 182.316
Initial loglikelihood: -29403.9
Starting main algorithm
1 (QN/Block) 	Elapsed: 0.011	Loglikelihood: -26424	(delta): 2979.94
2 (QN/Block) 	Elapsed: 0.011	Loglikelihood: -25514.4	(delta): 909.599
3 (QN/Block) 	Elapsed: 0.014	Loglikelihood: -24930.5	(delta): 583.847
4 (QN/Block) 	Elapsed: 0.017	Loglikelihood: -24498.5	(delta): 432.001
5 (QN/Block) 	Elapsed: 0.02	Loglikelihood: -24359.3	(delta): 139.27
6 (QN/Block) 	Elapsed: 0.016	Loglikelihood: -24267.2	(delta): 92.0523
7 (QN/Block) 	Elapsed: 0.014	Loglikelihood: -24225	(delta): 42.1798
8 (QN/Block) 	Elapsed: 0.013	Loglikelihood: -24200.1	(delta): 24.9318
9 (QN/Block) 	Elapsed: 0.012	Loglikelihood: -24176.3	(delta): 23.8521
10 (QN/Block) 	Elapsed: 0.012	Loglikelihood: -24150	(delta): 26.2703
11 (QN/Block) 	Elapsed: 0.016	Loglikelihood: -24139.1	(delta): 10.8917
12 (QN/Block) 	Elapsed: 0.016	Loglikelihood: -24132	(delta): 7.095
13 (QN/Block) 	Elapsed: 0.016	Loglikelihood: -24124.9	(delta): 7.06905
14 (QN/Block) 	Elapsed: 0.016	Loglikelihood: -24121	(delta): 3.90814
15 (QN/Block) 	Elapsed: 0.014	Loglikelihood: -24119.2	(delta): 1.80218
16 (QN/Block) 	Elapsed: 0.013	Loglikelihood: -24118.4	(delta): 0.780851
17 (QN/Block) 	Elapsed: 0.014	Loglikelihood: -24118	(delta): 0.488796
18 (QN/Block) 	Elapsed: 0.016	Loglikelihood: -24117.5	(delta): 0.446041
19 (QN/Block) 	Elapsed: 0.015	Loglikelihood: -24117.3	(delta): 0.194071
20 (QN/Block) 	Elapsed: 0.015	Loglikelihood: -24117	(delta): 0.282267
21 (QN/Block) 	Elapsed: 0.015	Loglikelihood: -24116.6	(delta): 0.387486
22 (QN/Block) 	Elapsed: 0.016	Loglikelihood: -24116.4	(delta): 0.277524
23 (QN/Block) 	Elapsed: 0.015	Loglikelihood: -24116.1	(delta): 0.318277
24 (QN/Block) 	Elapsed: 0.015	Loglikelihood: -24115.7	(delta): 0.40067
25 (QN/Block) 	Elapsed: 0.016	Loglikelihood: -24115.4	(delta): 0.218328
26 (QN/Block) 	Elapsed: 0.014	Loglikelihood: -24115.1	(delta): 0.352788
27 (QN/Block) 	Elapsed: 0.016	Loglikelihood: -24114.7	(delta): 0.412741
28 (QN/Block) 	Elapsed: 0.016	Loglikelihood: -24114.5	(delta): 0.14872
29 (QN/Block) 	Elapsed: 0.014	Loglikelihood: -24114.4	(delta): 0.152838
30 (QN/Block) 	Elapsed: 0.015	Loglikelihood: -24114.2	(delta): 0.121694
31 (QN/Block) 	Elapsed: 0.013	Loglikelihood: -24114.2	(delta): 0.0931179
32 (QN/Block) 	Elapsed: 0.014	Loglikelihood: -24113.8	(delta): 0.342485
33 (QN/Block) 	Elapsed: 0.015	Loglikelihood: -24113.6	(delta): 0.178608
34 (QN/Block) 	Elapsed: 0.014	Loglikelihood: -24113.5	(delta): 0.0910151
35 (QN/Block) 	Elapsed: 0.013	Loglikelihood: -24113.5	(delta): 0.0660803
36 (QN/Block) 	Elapsed: 0.015	Loglikelihood: -24113.4	(delta): 0.0575485
37 (QN/Block) 	Elapsed: 0.015	Loglikelihood: -24113.3	(delta): 0.0747422
38 (QN/Block) 	Elapsed: 0.015	Loglikelihood: -24113.3	(delta): 0.0653296
39 (QN/Block) 	Elapsed: 0.016	Loglikelihood: -24113.2	(delta): 0.103639
40 (QN/Block) 	Elapsed: 0.016	Loglikelihood: -24113.1	(delta): 0.0576292
41 (QN/Block) 	Elapsed: 0.016	Loglikelihood: -24113.1	(delta): 0.0200038
42 (QN/Block) 	Elapsed: 0.014	Loglikelihood: -24113.1	(delta): 0.0160966
43 (QN/Block) 	Elapsed: 0.014	Loglikelihood: -24113.1	(delta): 0.0179542
44 (QN/Block) 	Elapsed: 0.014	Loglikelihood: -24113	(delta): 0.0264761
45 (QN/Block) 	Elapsed: 0.015	Loglikelihood: -24113	(delta): 0.0242397
46 (QN/Block) 	Elapsed: 0.015	Loglikelihood: -24113	(delta): 0.0388859
47 (QN/Block) 	Elapsed: 0.014	Loglikelihood: -24112.9	(delta): 0.0652298
48 (QN/Block) 	Elapsed: 0.014	Loglikelihood: -24112.9	(delta): 0.0380876
49 (QN/Block) 	Elapsed: 0.016	Loglikelihood: -24112.8	(delta): 0.0174003
50 (QN/Block) 	Elapsed: 0.013	Loglikelihood: -24112.8	(delta): 0.0106469
51 (QN/Block) 	Elapsed: 0.015	Loglikelihood: -24112.8	(delta): 0.00508021
52 (QN/Block) 	Elapsed: 0.014	Loglikelihood: -24112.8	(delta): 0.00755352
53 (QN/Block) 	Elapsed: 0.012	Loglikelihood: -24112.8	(delta): 0.00169785
54 (QN/Block) 	Elapsed: 0.012	Loglikelihood: -24112.8	(delta): 0.000658318
55 (QN/Block) 	Elapsed: 0.012	Loglikelihood: -24112.8	(delta): 0.000117087
56 (QN/Block) 	Elapsed: 0.012	Loglikelihood: -24112.8	(delta): 4.65661e-05
57 (QN/Block) 	Elapsed: 0.012	Loglikelihood: -24112.8	(delta): 1.49793e-05
58 (QN/Block) 	Elapsed: 0.012	Loglikelihood: -24112.8	(delta): 1.82382e-05
59 (QN/Block) 	Elapsed: 0.012	Loglikelihood: -24112.8	(delta): 1.60637e-05
60 (QN/Block) 	Elapsed: 0.012	Loglikelihood: -24112.8	(delta): 0.00176741
61 (QN/Block) 	Elapsed: 0.013	Loglikelihood: -24112.8	(delta): 0.00354659
62 (QN/Block) 	Elapsed: 0.014	Loglikelihood: -24112.8	(delta): 0.00835226
63 (QN/Block) 	Elapsed: 0.014	Loglikelihood: -24112.8	(delta): 0.0275335
64 (QN/Block) 	Elapsed: 0.013	Loglikelihood: -24112.8	(delta): 0.0068393
65 (QN/Block) 	Elapsed: 0.012	Loglikelihood: -24112.8	(delta): 0.00101693
66 (QN/Block) 	Elapsed: 0.012	Loglikelihood: -24112.8	(delta): 0.000594613
67 (QN/Block) 	Elapsed: 0.012	Loglikelihood: -24112.8	(delta): 0.000225482
68 (QN/Block) 	Elapsed: 0.012	Loglikelihood: -24112.8	(delta): 3.06872e-05
69 (QN/Block) 	Elapsed: 0.012	Loglikelihood: -24112.8	(delta): 4.69097e-06
70 (QN/Block) 	Elapsed: 0.013	Loglikelihood: -24112.8	(delta): 9.28045e-07
71 (QN/Block) 	Elapsed: 0.013	Loglikelihood: -24112.8	(delta): 1.08481e-07
72 (QN/Block) 	Elapsed: 0.012	Loglikelihood: -24112.8	(delta): 1.25656e-08
73 (QN/Block) 	Elapsed: 0.015	Loglikelihood: -24112.8	(delta): 1.25874e-09
74 (QN/Block) 	Elapsed: 0.016	Loglikelihood: -24112.8	(delta): 3.27418e-10
75 (QN/Block) 	Elapsed: 0.012	Loglikelihood: -24112.8	(delta): 7.63976e-11
76 (QN/Block) 	Elapsed: 0.013	Loglikelihood: -24112.8	(delta): 7.27596e-12
77 (QN/Block) 	Elapsed: 0.014	Loglikelihood: -24112.8	(delta): 3.63798e-12
78 (QN/Block) 	Elapsed: 0.014	Loglikelihood: -24112.8	(delta): -3.63798e-12
79 (QN/Block) 	Elapsed: 0.013	Loglikelihood: -24112.8	(delta): 3.63798e-12
80 (QN/Block) 	Elapsed: 0.013	Loglikelihood: -24112.8	(delta): 0
81 (QN/Block) 	Elapsed: 0.013	Loglikelihood: -24112.8	(delta): 3.63798e-12
82 (QN/Block) 	Elapsed: 0.013	Loglikelihood: -24112.8	(delta): -3.63798e-12
83 (QN/Block) 	Elapsed: 0.013	Loglikelihood: -24112.8	(delta): 3.63798e-12
84 (QN/Block) 	Elapsed: 0.013	Loglikelihood: -24112.8	(delta): -3.63798e-12
85 (QN/Block) 	Elapsed: 0.013	Loglikelihood: -24112.8	(delta): 3.63798e-12
86 (QN/Block) 	Elapsed: 0.013	Loglikelihood: -24112.8	(delta): 0
87 (QN/Block) 	Elapsed: 0.013	Loglikelihood: -24112.8	(delta): -3.63798e-12
88 (QN/Block) 	Elapsed: 0.013	Loglikelihood: -24112.8	(delta): 0
89 (QN/Block) 	Elapsed: 0.014	Loglikelihood: -24112.8	(delta): 3.63798e-12
90 (QN/Block) 	Elapsed: 0.013	Loglikelihood: -24112.8	(delta): 0
91 (QN/Block) 	Elapsed: 0.013	Loglikelihood: -24112.8	(delta): -7.27596e-12
92 (QN/Block) 	Elapsed: 0.013	Loglikelihood: -24112.8	(delta): 0
93 (QN/Block) 	Elapsed: 0.013	Loglikelihood: -24112.8	(delta): 3.63798e-12
94 (QN/Block) 	Elapsed: 0.013	Loglikelihood: -24112.8	(delta): 0
95 (QN/Block) 	Elapsed: 0.013	Loglikelihood: -24112.8	(delta): 0
96 (QN/Block) 	Elapsed: 0.013	Loglikelihood: -24112.8	(delta): 0
97 (QN/Block) 	Elapsed: 0.013	Loglikelihood: -24112.8	(delta): 0
98 (QN/Block) 	Elapsed: 0.013	Loglikelihood: -24112.8	(delta): -3.63798e-12
99 (QN/Block) 	Elapsed: 0.014	Loglikelihood: -24112.8	(delta): 0
100 (QN/Block) 	Elapsed: 0.013	Loglikelihood: -24112.8	(delta): 3.63798e-12
Summary: 
Converged in 100 iterations (1.498 sec)
Loglikelihood: -24112.773536
Fst divergences between estimated populations: 
	Pop0	Pop1	Pop2	Pop3	Pop4	
Pop0	
Pop1	0.407	
Pop2	0.204	0.449	
Pop3	0.132	0.429	0.293	
Pop4	0.209	0.445	0.333	0.288	
Pop5	0.183	0.427	0.308	0.246	0.101	
CV error (K=6): 0.25288
Writing output files.
