****                   ADMIXTURE Version 1.3.0                  ****
****                    Copyright 2008-2015                     ****
****           David Alexander, Suyash Shringarpure,            ****
****                John  Novembre, Ken Lange                   ****
****                                                            ****
****                 Please cite our paper!                     ****
****   Information at www.genetics.ucla.edu/software/admixture  ****

Parallel execution requested.  Will use 8 threads.
Cross-validation will be performed.  Folds=10.
Random seed: 43
Point estimation method: Block relaxation algorithm
Convergence acceleration algorithm: QuasiNewton, 3 secant conditions
Point estimation will terminate at 100 iterations
Estimation of standard errors disabled; will compute point estimates only.
Size of G: 111x772
Performing five EM steps to prime main algorithm
1 (EM) 	Elapsed: 0.01	Loglikelihood: -32298.6	(delta): 88853.5
2 (EM) 	Elapsed: 0.01	Loglikelihood: -30008.1	(delta): 2290.45
3 (EM) 	Elapsed: 0.011	Loglikelihood: -29518.7	(delta): 489.488
4 (EM) 	Elapsed: 0.01	Loglikelihood: -29200.7	(delta): 317.94
5 (EM) 	Elapsed: 0.01	Loglikelihood: -28945.8	(delta): 254.929
Initial loglikelihood: -28945.8
Starting main algorithm
1 (QN/Block) 	Elapsed: 0.016	Loglikelihood: -25146.4	(delta): 3799.44
2 (QN/Block) 	Elapsed: 0.016	Loglikelihood: -24183.2	(delta): 963.154
3 (QN/Block) 	Elapsed: 0.023	Loglikelihood: -23697.4	(delta): 485.816
4 (QN/Block) 	Elapsed: 0.027	Loglikelihood: -23537.4	(delta): 159.964
5 (QN/Block) 	Elapsed: 0.024	Loglikelihood: -23437.1	(delta): 100.337
6 (QN/Block) 	Elapsed: 0.02	Loglikelihood: -23364.8	(delta): 72.2388
7 (QN/Block) 	Elapsed: 0.021	Loglikelihood: -23291.7	(delta): 73.1028
8 (QN/Block) 	Elapsed: 0.022	Loglikelihood: -23244.5	(delta): 47.2672
9 (QN/Block) 	Elapsed: 0.021	Loglikelihood: -23226	(delta): 18.5213
10 (QN/Block) 	Elapsed: 0.022	Loglikelihood: -23216.3	(delta): 9.62123
11 (QN/Block) 	Elapsed: 0.023	Loglikelihood: -23212.2	(delta): 4.17163
12 (QN/Block) 	Elapsed: 0.02	Loglikelihood: -23206.4	(delta): 5.80508
13 (QN/Block) 	Elapsed: 0.017	Loglikelihood: -23200.6	(delta): 5.77605
14 (QN/Block) 	Elapsed: 0.021	Loglikelihood: -23198.6	(delta): 1.98763
15 (QN/Block) 	Elapsed: 0.022	Loglikelihood: -23198.2	(delta): 0.389426
16 (QN/Block) 	Elapsed: 0.023	Loglikelihood: -23197.9	(delta): 0.296046
17 (QN/Block) 	Elapsed: 0.024	Loglikelihood: -23197.8	(delta): 0.0577502
18 (QN/Block) 	Elapsed: 0.022	Loglikelihood: -23197.8	(delta): 0.0358682
19 (QN/Block) 	Elapsed: 0.024	Loglikelihood: -23197.8	(delta): 0.0108173
20 (QN/Block) 	Elapsed: 0.023	Loglikelihood: -23197.8	(delta): 0.00839121
21 (QN/Block) 	Elapsed: 0.022	Loglikelihood: -23197.8	(delta): 0.00840292
22 (QN/Block) 	Elapsed: 0.021	Loglikelihood: -23197.8	(delta): 0.00268291
23 (QN/Block) 	Elapsed: 0.025	Loglikelihood: -23197.8	(delta): 0.00761828
24 (QN/Block) 	Elapsed: 0.022	Loglikelihood: -23197.7	(delta): 0.0437476
25 (QN/Block) 	Elapsed: 0.024	Loglikelihood: -23197.7	(delta): 0.00923981
26 (QN/Block) 	Elapsed: 0.021	Loglikelihood: -23197.7	(delta): 0.00589596
27 (QN/Block) 	Elapsed: 0.021	Loglikelihood: -23197.7	(delta): 0.0124527
28 (QN/Block) 	Elapsed: 0.021	Loglikelihood: -23197.7	(delta): 0.00421964
29 (QN/Block) 	Elapsed: 0.019	Loglikelihood: -23197.7	(delta): 0.00468454
30 (QN/Block) 	Elapsed: 0.024	Loglikelihood: -23197.7	(delta): 0.00229331
31 (QN/Block) 	Elapsed: 0.022	Loglikelihood: -23197.7	(delta): 0.0011292
32 (QN/Block) 	Elapsed: 0.019	Loglikelihood: -23197.7	(delta): 0.0011414
33 (QN/Block) 	Elapsed: 0.019	Loglikelihood: -23197.7	(delta): 0.00018977
34 (QN/Block) 	Elapsed: 0.02	Loglikelihood: -23197.7	(delta): 4.2909e-05
35 (QN/Block) 	Elapsed: 0.022	Loglikelihood: -23197.7	(delta): 1.48431e-05
36 (QN/Block) 	Elapsed: 0.022	Loglikelihood: -23197.7	(delta): 8.07268e-06
37 (QN/Block) 	Elapsed: 0.02	Loglikelihood: -23197.7	(delta): 2.77575e-06
38 (QN/Block) 	Elapsed: 0.02	Loglikelihood: -23197.7	(delta): 3.79438e-07
39 (QN/Block) 	Elapsed: 0.021	Loglikelihood: -23197.7	(delta): 3.82897e-08
40 (QN/Block) 	Elapsed: 0.021	Loglikelihood: -23197.7	(delta): 8.75298e-09
41 (QN/Block) 	Elapsed: 0.022	Loglikelihood: -23197.7	(delta): 2.30648e-09
42 (QN/Block) 	Elapsed: 0.019	Loglikelihood: -23197.7	(delta): 5.74801e-10
43 (QN/Block) 	Elapsed: 0.018	Loglikelihood: -23197.7	(delta): 2.21917e-10
44 (QN/Block) 	Elapsed: 0.018	Loglikelihood: -23197.7	(delta): 4.36557e-11
45 (QN/Block) 	Elapsed: 0.02	Loglikelihood: -23197.7	(delta): 1.81899e-11
46 (QN/Block) 	Elapsed: 0.02	Loglikelihood: -23197.7	(delta): 0
47 (QN/Block) 	Elapsed: 0.019	Loglikelihood: -23197.7	(delta): 3.63798e-12
48 (QN/Block) 	Elapsed: 0.019	Loglikelihood: -23197.7	(delta): 0
49 (QN/Block) 	Elapsed: 0.018	Loglikelihood: -23197.7	(delta): -3.63798e-12
50 (QN/Block) 	Elapsed: 0.018	Loglikelihood: -23197.7	(delta): 7.27596e-12
51 (QN/Block) 	Elapsed: 0.018	Loglikelihood: -23197.7	(delta): -7.27596e-12
52 (QN/Block) 	Elapsed: 0.018	Loglikelihood: -23197.7	(delta): 7.27596e-12
53 (QN/Block) 	Elapsed: 0.018	Loglikelihood: -23197.7	(delta): 3.63798e-12
54 (QN/Block) 	Elapsed: 0.019	Loglikelihood: -23197.7	(delta): -3.63798e-12
55 (QN/Block) 	Elapsed: 0.018	Loglikelihood: -23197.7	(delta): 0
56 (QN/Block) 	Elapsed: 0.019	Loglikelihood: -23197.7	(delta): 0
57 (QN/Block) 	Elapsed: 0.018	Loglikelihood: -23197.7	(delta): 0
58 (QN/Block) 	Elapsed: 0.018	Loglikelihood: -23197.7	(delta): 0
59 (QN/Block) 	Elapsed: 0.024	Loglikelihood: -23197.7	(delta): 0
60 (QN/Block) 	Elapsed: 0.018	Loglikelihood: -23197.7	(delta): 3.63798e-12
61 (QN/Block) 	Elapsed: 0.018	Loglikelihood: -23197.7	(delta): 0
62 (QN/Block) 	Elapsed: 0.019	Loglikelihood: -23197.7	(delta): -3.63798e-12
63 (QN/Block) 	Elapsed: 0.018	Loglikelihood: -23197.7	(delta): 3.63798e-12
64 (QN/Block) 	Elapsed: 0.018	Loglikelihood: -23197.7	(delta): -3.63798e-12
65 (QN/Block) 	Elapsed: 0.018	Loglikelihood: -23197.7	(delta): 3.63798e-12
66 (QN/Block) 	Elapsed: 0.019	Loglikelihood: -23197.7	(delta): -3.63798e-12
67 (QN/Block) 	Elapsed: 0.019	Loglikelihood: -23197.7	(delta): 0
68 (QN/Block) 	Elapsed: 0.02	Loglikelihood: -23197.7	(delta): 0
69 (QN/Block) 	Elapsed: 0.019	Loglikelihood: -23197.7	(delta): 0
70 (QN/Block) 	Elapsed: 0.021	Loglikelihood: -23197.7	(delta): 0
71 (QN/Block) 	Elapsed: 0.021	Loglikelihood: -23197.7	(delta): 3.63798e-12
72 (QN/Block) 	Elapsed: 0.019	Loglikelihood: -23197.7	(delta): 0
73 (QN/Block) 	Elapsed: 0.019	Loglikelihood: -23197.7	(delta): 0
74 (QN/Block) 	Elapsed: 0.019	Loglikelihood: -23197.7	(delta): -3.63798e-12
75 (QN/Block) 	Elapsed: 0.018	Loglikelihood: -23197.7	(delta): 7.27596e-12
76 (QN/Block) 	Elapsed: 0.021	Loglikelihood: -23197.7	(delta): -3.63798e-12
77 (QN/Block) 	Elapsed: 0.02	Loglikelihood: -23197.7	(delta): 3.63798e-12
78 (QN/Block) 	Elapsed: 0.021	Loglikelihood: -23197.7	(delta): -3.63798e-12
79 (QN/Block) 	Elapsed: 0.025	Loglikelihood: -23197.7	(delta): 3.63798e-12
80 (QN/Block) 	Elapsed: 0.026	Loglikelihood: -23197.7	(delta): -3.63798e-12
81 (QN/Block) 	Elapsed: 0.021	Loglikelihood: -23197.7	(delta): 0
82 (QN/Block) 	Elapsed: 0.021	Loglikelihood: -23197.7	(delta): 3.63798e-12
83 (QN/Block) 	Elapsed: 0.021	Loglikelihood: -23197.7	(delta): -7.27596e-12
84 (QN/Block) 	Elapsed: 0.019	Loglikelihood: -23197.7	(delta): 7.27596e-12
85 (QN/Block) 	Elapsed: 0.018	Loglikelihood: -23197.7	(delta): -3.63798e-12
86 (QN/Block) 	Elapsed: 0.018	Loglikelihood: -23197.7	(delta): 0
87 (QN/Block) 	Elapsed: 0.019	Loglikelihood: -23197.7	(delta): -3.63798e-12
88 (QN/Block) 	Elapsed: 0.019	Loglikelihood: -23197.7	(delta): 3.63798e-12
89 (QN/Block) 	Elapsed: 0.018	Loglikelihood: -23197.7	(delta): 0
90 (QN/Block) 	Elapsed: 0.018	Loglikelihood: -23197.7	(delta): -3.63798e-12
91 (QN/Block) 	Elapsed: 0.018	Loglikelihood: -23197.7	(delta): 3.63798e-12
92 (QN/Block) 	Elapsed: 0.018	Loglikelihood: -23197.7	(delta): -3.63798e-12
93 (QN/Block) 	Elapsed: 0.018	Loglikelihood: -23197.7	(delta): 3.63798e-12
94 (QN/Block) 	Elapsed: 0.018	Loglikelihood: -23197.7	(delta): 0
95 (QN/Block) 	Elapsed: 0.022	Loglikelihood: -23197.7	(delta): 0
96 (QN/Block) 	Elapsed: 0.024	Loglikelihood: -23197.7	(delta): 0
97 (QN/Block) 	Elapsed: 0.019	Loglikelihood: -23197.7	(delta): -3.63798e-12
98 (QN/Block) 	Elapsed: 0.019	Loglikelihood: -23197.7	(delta): 0
99 (QN/Block) 	Elapsed: 0.019	Loglikelihood: -23197.7	(delta): 3.63798e-12
100 (QN/Block) 	Elapsed: 0.019	Loglikelihood: -23197.7	(delta): 0
Summary: 
Converged in 100 iterations (2.173 sec)
Loglikelihood: -23197.687927
Fst divergences between estimated populations: 
	Pop0	Pop1	Pop2	Pop3	Pop4	Pop5	Pop6	Pop7	
Pop0	
Pop1	0.147	
Pop2	0.349	0.346	
Pop3	0.445	0.443	0.459	
Pop4	0.226	0.234	0.239	0.415	
Pop5	0.253	0.263	0.269	0.414	0.135	
Pop6	0.269	0.229	0.419	0.449	0.323	0.339	
Pop7	0.395	0.399	0.423	0.475	0.281	0.298	0.455	
Pop8	0.268	0.264	0.314	0.432	0.186	0.196	0.341	0.349	
CV error (K=9): 0.25586
Writing output files.
