****                   ADMIXTURE Version 1.3.0                  ****
****                    Copyright 2008-2015                     ****
****           David Alexander, Suyash Shringarpure,            ****
****                John  Novembre, Ken Lange                   ****
****                                                            ****
****                 Please cite our paper!                     ****
****   Information at www.genetics.ucla.edu/software/admixture  ****

Parallel execution requested.  Will use 8 threads.
Cross-validation will be performed.  Folds=10.
Random seed: 43
Point estimation method: Block relaxation algorithm
Convergence acceleration algorithm: QuasiNewton, 3 secant conditions
Point estimation will terminate at 100 iterations
Estimation of standard errors disabled; will compute point estimates only.
Size of G: 111x772
Performing five EM steps to prime main algorithm
1 (EM) 	Elapsed: 0.005	Loglikelihood: -32311.7	(delta): 95610.7
2 (EM) 	Elapsed: 0.005	Loglikelihood: -30378.1	(delta): 1933.6
3 (EM) 	Elapsed: 0.005	Loglikelihood: -29970.1	(delta): 407.951
4 (EM) 	Elapsed: 0.004	Loglikelihood: -29730.5	(delta): 239.592
5 (EM) 	Elapsed: 0.005	Loglikelihood: -29559.7	(delta): 170.836
Initial loglikelihood: -29559.7
Starting main algorithm
1 (QN/Block) 	Elapsed: 0.009	Loglikelihood: -26684.7	(delta): 2875
2 (QN/Block) 	Elapsed: 0.009	Loglikelihood: -25768	(delta): 916.645
3 (QN/Block) 	Elapsed: 0.01	Loglikelihood: -25315.9	(delta): 452.14
4 (QN/Block) 	Elapsed: 0.01	Loglikelihood: -24998.1	(delta): 317.8
5 (QN/Block) 	Elapsed: 0.01	Loglikelihood: -24924	(delta): 74.0636
6 (QN/Block) 	Elapsed: 0.01	Loglikelihood: -24906.2	(delta): 17.8275
7 (QN/Block) 	Elapsed: 0.012	Loglikelihood: -24901.8	(delta): 4.42009
8 (QN/Block) 	Elapsed: 0.01	Loglikelihood: -24897	(delta): 4.80496
9 (QN/Block) 	Elapsed: 0.011	Loglikelihood: -24892	(delta): 4.92539
10 (QN/Block) 	Elapsed: 0.01	Loglikelihood: -24887.1	(delta): 4.97842
11 (QN/Block) 	Elapsed: 0.01	Loglikelihood: -24882.4	(delta): 4.69939
12 (QN/Block) 	Elapsed: 0.01	Loglikelihood: -24879.3	(delta): 3.09211
13 (QN/Block) 	Elapsed: 0.011	Loglikelihood: -24876.3	(delta): 3.02035
14 (QN/Block) 	Elapsed: 0.011	Loglikelihood: -24875	(delta): 1.24389
15 (QN/Block) 	Elapsed: 0.011	Loglikelihood: -24873.8	(delta): 1.20068
16 (QN/Block) 	Elapsed: 0.012	Loglikelihood: -24873.5	(delta): 0.30766
17 (QN/Block) 	Elapsed: 0.011	Loglikelihood: -24873.3	(delta): 0.169375
18 (QN/Block) 	Elapsed: 0.012	Loglikelihood: -24873.1	(delta): 0.190564
19 (QN/Block) 	Elapsed: 0.012	Loglikelihood: -24873	(delta): 0.16253
20 (QN/Block) 	Elapsed: 0.012	Loglikelihood: -24872.9	(delta): 0.0363267
21 (QN/Block) 	Elapsed: 0.01	Loglikelihood: -24872.9	(delta): 0.0075446
22 (QN/Block) 	Elapsed: 0.011	Loglikelihood: -24872.9	(delta): 0.00591567
23 (QN/Block) 	Elapsed: 0.012	Loglikelihood: -24872.9	(delta): 0.00564567
24 (QN/Block) 	Elapsed: 0.012	Loglikelihood: -24872.9	(delta): 0.00916157
25 (QN/Block) 	Elapsed: 0.011	Loglikelihood: -24872.9	(delta): 0.00414641
26 (QN/Block) 	Elapsed: 0.011	Loglikelihood: -24872.9	(delta): 0.000818553
27 (QN/Block) 	Elapsed: 0.012	Loglikelihood: -24872.9	(delta): 0.00013485
28 (QN/Block) 	Elapsed: 0.012	Loglikelihood: -24872.9	(delta): 2.64878e-05
29 (QN/Block) 	Elapsed: 0.011	Loglikelihood: -24872.9	(delta): 2.16579e-06
30 (QN/Block) 	Elapsed: 0.012	Loglikelihood: -24872.9	(delta): 1.8259e-07
31 (QN/Block) 	Elapsed: 0.013	Loglikelihood: -24872.9	(delta): 1.75278e-08
32 (QN/Block) 	Elapsed: 0.014	Loglikelihood: -24872.9	(delta): 3.08501e-09
33 (QN/Block) 	Elapsed: 0.012	Loglikelihood: -24872.9	(delta): 5.09317e-10
34 (QN/Block) 	Elapsed: 0.011	Loglikelihood: -24872.9	(delta): 8.00355e-11
35 (QN/Block) 	Elapsed: 0.014	Loglikelihood: -24872.9	(delta): 0
36 (QN/Block) 	Elapsed: 0.013	Loglikelihood: -24872.9	(delta): 0
37 (QN/Block) 	Elapsed: 0.013	Loglikelihood: -24872.9	(delta): 3.63798e-12
38 (QN/Block) 	Elapsed: 0.012	Loglikelihood: -24872.9	(delta): 0
39 (QN/Block) 	Elapsed: 0.013	Loglikelihood: -24872.9	(delta): 0
40 (QN/Block) 	Elapsed: 0.013	Loglikelihood: -24872.9	(delta): 0
41 (QN/Block) 	Elapsed: 0.012	Loglikelihood: -24872.9	(delta): -3.63798e-12
42 (QN/Block) 	Elapsed: 0.013	Loglikelihood: -24872.9	(delta): 3.63798e-12
43 (QN/Block) 	Elapsed: 0.012	Loglikelihood: -24872.9	(delta): -3.63798e-12
44 (QN/Block) 	Elapsed: 0.012	Loglikelihood: -24872.9	(delta): 3.63798e-12
45 (QN/Block) 	Elapsed: 0.012	Loglikelihood: -24872.9	(delta): 0
46 (QN/Block) 	Elapsed: 0.013	Loglikelihood: -24872.9	(delta): 0
47 (QN/Block) 	Elapsed: 0.012	Loglikelihood: -24872.9	(delta): 0
48 (QN/Block) 	Elapsed: 0.011	Loglikelihood: -24872.9	(delta): -3.63798e-12
49 (QN/Block) 	Elapsed: 0.013	Loglikelihood: -24872.9	(delta): 0
50 (QN/Block) 	Elapsed: 0.012	Loglikelihood: -24872.9	(delta): 0
51 (QN/Block) 	Elapsed: 0.012	Loglikelihood: -24872.9	(delta): 0
52 (QN/Block) 	Elapsed: 0.012	Loglikelihood: -24872.9	(delta): 3.63798e-12
53 (QN/Block) 	Elapsed: 0.012	Loglikelihood: -24872.9	(delta): -3.63798e-12
54 (QN/Block) 	Elapsed: 0.011	Loglikelihood: -24872.9	(delta): 0
55 (QN/Block) 	Elapsed: 0.01	Loglikelihood: -24872.9	(delta): 3.63798e-12
56 (QN/Block) 	Elapsed: 0.01	Loglikelihood: -24872.9	(delta): -3.63798e-12
57 (QN/Block) 	Elapsed: 0.01	Loglikelihood: -24872.9	(delta): 0
58 (QN/Block) 	Elapsed: 0.011	Loglikelihood: -24872.9	(delta): -3.63798e-12
59 (QN/Block) 	Elapsed: 0.01	Loglikelihood: -24872.9	(delta): 3.63798e-12
60 (QN/Block) 	Elapsed: 0.01	Loglikelihood: -24872.9	(delta): -3.63798e-12
61 (QN/Block) 	Elapsed: 0.011	Loglikelihood: -24872.9	(delta): 3.63798e-12
62 (QN/Block) 	Elapsed: 0.01	Loglikelihood: -24872.9	(delta): 3.63798e-12
63 (QN/Block) 	Elapsed: 0.01	Loglikelihood: -24872.9	(delta): -3.63798e-12
64 (QN/Block) 	Elapsed: 0.011	Loglikelihood: -24872.9	(delta): -3.63798e-12
65 (QN/Block) 	Elapsed: 0.01	Loglikelihood: -24872.9	(delta): 0
66 (QN/Block) 	Elapsed: 0.01	Loglikelihood: -24872.9	(delta): 7.27596e-12
67 (QN/Block) 	Elapsed: 0.01	Loglikelihood: -24872.9	(delta): 0
68 (QN/Block) 	Elapsed: 0.01	Loglikelihood: -24872.9	(delta): -7.27596e-12
69 (QN/Block) 	Elapsed: 0.01	Loglikelihood: -24872.9	(delta): 3.63798e-12
70 (QN/Block) 	Elapsed: 0.01	Loglikelihood: -24872.9	(delta): 0
71 (QN/Block) 	Elapsed: 0.01	Loglikelihood: -24872.9	(delta): 0
72 (QN/Block) 	Elapsed: 0.01	Loglikelihood: -24872.9	(delta): 0
73 (QN/Block) 	Elapsed: 0.01	Loglikelihood: -24872.9	(delta): 0
74 (QN/Block) 	Elapsed: 0.011	Loglikelihood: -24872.9	(delta): 3.63798e-12
75 (QN/Block) 	Elapsed: 0.01	Loglikelihood: -24872.9	(delta): -3.63798e-12
76 (QN/Block) 	Elapsed: 0.011	Loglikelihood: -24872.9	(delta): 0
77 (QN/Block) 	Elapsed: 0.01	Loglikelihood: -24872.9	(delta): -3.63798e-12
78 (QN/Block) 	Elapsed: 0.01	Loglikelihood: -24872.9	(delta): 3.63798e-12
79 (QN/Block) 	Elapsed: 0.01	Loglikelihood: -24872.9	(delta): -3.63798e-12
80 (QN/Block) 	Elapsed: 0.01	Loglikelihood: -24872.9	(delta): 3.63798e-12
81 (QN/Block) 	Elapsed: 0.01	Loglikelihood: -24872.9	(delta): 0
82 (QN/Block) 	Elapsed: 0.01	Loglikelihood: -24872.9	(delta): 0
83 (QN/Block) 	Elapsed: 0.01	Loglikelihood: -24872.9	(delta): 3.63798e-12
84 (QN/Block) 	Elapsed: 0.01	Loglikelihood: -24872.9	(delta): -7.27596e-12
85 (QN/Block) 	Elapsed: 0.011	Loglikelihood: -24872.9	(delta): 7.27596e-12
86 (QN/Block) 	Elapsed: 0.01	Loglikelihood: -24872.9	(delta): 0
87 (QN/Block) 	Elapsed: 0.01	Loglikelihood: -24872.9	(delta): 0
88 (QN/Block) 	Elapsed: 0.01	Loglikelihood: -24872.9	(delta): -3.63798e-12
89 (QN/Block) 	Elapsed: 0.011	Loglikelihood: -24872.9	(delta): 0
90 (QN/Block) 	Elapsed: 0.01	Loglikelihood: -24872.9	(delta): 0
91 (QN/Block) 	Elapsed: 0.011	Loglikelihood: -24872.9	(delta): 0
92 (QN/Block) 	Elapsed: 0.01	Loglikelihood: -24872.9	(delta): -3.63798e-12
93 (QN/Block) 	Elapsed: 0.01	Loglikelihood: -24872.9	(delta): 0
94 (QN/Block) 	Elapsed: 0.011	Loglikelihood: -24872.9	(delta): 3.63798e-12
95 (QN/Block) 	Elapsed: 0.011	Loglikelihood: -24872.9	(delta): 0
96 (QN/Block) 	Elapsed: 0.012	Loglikelihood: -24872.9	(delta): -3.63798e-12
97 (QN/Block) 	Elapsed: 0.012	Loglikelihood: -24872.9	(delta): 3.63798e-12
98 (QN/Block) 	Elapsed: 0.011	Loglikelihood: -24872.9	(delta): 0
99 (QN/Block) 	Elapsed: 0.012	Loglikelihood: -24872.9	(delta): 0
100 (QN/Block) 	Elapsed: 0.011	Loglikelihood: -24872.9	(delta): 3.63798e-12
Summary: 
Converged in 100 iterations (1.214 sec)
Loglikelihood: -24872.913989
Fst divergences between estimated populations: 
	Pop0	Pop1	Pop2	
Pop0	
Pop1	0.181	
Pop2	0.139	0.231	
Pop3	0.406	0.425	0.418	
CV error (K=4): 0.24858
Writing output files.
