****                   ADMIXTURE Version 1.3.0                  ****
****                    Copyright 2008-2015                     ****
****           David Alexander, Suyash Shringarpure,            ****
****                John  Novembre, Ken Lange                   ****
****                                                            ****
****                 Please cite our paper!                     ****
****   Information at www.genetics.ucla.edu/software/admixture  ****

Parallel execution requested.  Will use 8 threads.
Cross-validation will be performed.  Folds=10.
Random seed: 43
Point estimation method: Block relaxation algorithm
Convergence acceleration algorithm: QuasiNewton, 3 secant conditions
Point estimation will terminate at 100 iterations
Estimation of standard errors disabled; will compute point estimates only.
Size of G: 111x772
Performing five EM steps to prime main algorithm
1 (EM) 	Elapsed: 0.013	Loglikelihood: -32393.2	(delta): 88987.2
2 (EM) 	Elapsed: 0.014	Loglikelihood: -30115	(delta): 2278.22
3 (EM) 	Elapsed: 0.015	Loglikelihood: -29668.2	(delta): 446.753
4 (EM) 	Elapsed: 0.013	Loglikelihood: -29352.7	(delta): 315.505
5 (EM) 	Elapsed: 0.013	Loglikelihood: -29111.5	(delta): 241.235
Initial loglikelihood: -29111.5
Starting main algorithm
1 (QN/Block) 	Elapsed: 0.02	Loglikelihood: -25362	(delta): 3749.45
2 (QN/Block) 	Elapsed: 0.022	Loglikelihood: -23906	(delta): 1455.98
3 (QN/Block) 	Elapsed: 0.023	Loglikelihood: -23322.4	(delta): 583.602
4 (QN/Block) 	Elapsed: 0.022	Loglikelihood: -23044.5	(delta): 277.947
5 (QN/Block) 	Elapsed: 0.021	Loglikelihood: -22930.9	(delta): 113.545
6 (QN/Block) 	Elapsed: 0.02	Loglikelihood: -22890.7	(delta): 40.2843
7 (QN/Block) 	Elapsed: 0.021	Loglikelihood: -22861.6	(delta): 29.0181
8 (QN/Block) 	Elapsed: 0.021	Loglikelihood: -22848.2	(delta): 13.4492
9 (QN/Block) 	Elapsed: 0.024	Loglikelihood: -22841.2	(delta): 6.98115
10 (QN/Block) 	Elapsed: 0.025	Loglikelihood: -22836	(delta): 5.23316
11 (QN/Block) 	Elapsed: 0.023	Loglikelihood: -22831.7	(delta): 4.23403
12 (QN/Block) 	Elapsed: 0.024	Loglikelihood: -22828.2	(delta): 3.51464
13 (QN/Block) 	Elapsed: 0.021	Loglikelihood: -22824.9	(delta): 3.27599
14 (QN/Block) 	Elapsed: 0.02	Loglikelihood: -22822.6	(delta): 2.39145
15 (QN/Block) 	Elapsed: 0.019	Loglikelihood: -22821.1	(delta): 1.45591
16 (QN/Block) 	Elapsed: 0.024	Loglikelihood: -22818.6	(delta): 2.54117
17 (QN/Block) 	Elapsed: 0.021	Loglikelihood: -22816.2	(delta): 2.39609
18 (QN/Block) 	Elapsed: 0.028	Loglikelihood: -22814.5	(delta): 1.61901
19 (QN/Block) 	Elapsed: 0.029	Loglikelihood: -22813.5	(delta): 1.00441
20 (QN/Block) 	Elapsed: 0.034	Loglikelihood: -22813.1	(delta): 0.452089
21 (QN/Block) 	Elapsed: 0.028	Loglikelihood: -22812.9	(delta): 0.205326
22 (QN/Block) 	Elapsed: 0.026	Loglikelihood: -22812.7	(delta): 0.157174
23 (QN/Block) 	Elapsed: 0.022	Loglikelihood: -22812.7	(delta): 0.0576795
24 (QN/Block) 	Elapsed: 0.019	Loglikelihood: -22812.6	(delta): 0.0674689
25 (QN/Block) 	Elapsed: 0.021	Loglikelihood: -22812.5	(delta): 0.0715177
26 (QN/Block) 	Elapsed: 0.02	Loglikelihood: -22812.5	(delta): 0.0688897
27 (QN/Block) 	Elapsed: 0.023	Loglikelihood: -22812.3	(delta): 0.191803
28 (QN/Block) 	Elapsed: 0.022	Loglikelihood: -22812	(delta): 0.229402
29 (QN/Block) 	Elapsed: 0.021	Loglikelihood: -22812	(delta): 0.0345713
30 (QN/Block) 	Elapsed: 0.019	Loglikelihood: -22812	(delta): 0.0164125
31 (QN/Block) 	Elapsed: 0.019	Loglikelihood: -22812	(delta): 0.00755591
32 (QN/Block) 	Elapsed: 0.022	Loglikelihood: -22812	(delta): 0.00227423
33 (QN/Block) 	Elapsed: 0.02	Loglikelihood: -22812	(delta): 0.00443798
34 (QN/Block) 	Elapsed: 0.021	Loglikelihood: -22812	(delta): 0.00081828
35 (QN/Block) 	Elapsed: 0.019	Loglikelihood: -22812	(delta): 0.000782159
36 (QN/Block) 	Elapsed: 0.019	Loglikelihood: -22812	(delta): 0.000725364
37 (QN/Block) 	Elapsed: 0.019	Loglikelihood: -22812	(delta): 0.000311552
38 (QN/Block) 	Elapsed: 0.019	Loglikelihood: -22812	(delta): 0.00015021
39 (QN/Block) 	Elapsed: 0.019	Loglikelihood: -22812	(delta): 7.8839e-05
40 (QN/Block) 	Elapsed: 0.019	Loglikelihood: -22812	(delta): 2.89209e-05
41 (QN/Block) 	Elapsed: 0.02	Loglikelihood: -22812	(delta): 2.06748e-05
42 (QN/Block) 	Elapsed: 0.023	Loglikelihood: -22812	(delta): 1.65058e-06
43 (QN/Block) 	Elapsed: 0.023	Loglikelihood: -22812	(delta): 7.14736e-07
44 (QN/Block) 	Elapsed: 0.019	Loglikelihood: -22812	(delta): 2.44072e-07
45 (QN/Block) 	Elapsed: 0.019	Loglikelihood: -22812	(delta): 1.81895e-07
46 (QN/Block) 	Elapsed: 0.02	Loglikelihood: -22812	(delta): 1.429e-08
47 (QN/Block) 	Elapsed: 0.019	Loglikelihood: -22812	(delta): 2.56841e-09
48 (QN/Block) 	Elapsed: 0.023	Loglikelihood: -22812	(delta): 6.73026e-10
49 (QN/Block) 	Elapsed: 0.022	Loglikelihood: -22812	(delta): 2.61934e-10
50 (QN/Block) 	Elapsed: 0.022	Loglikelihood: -22812	(delta): 1.23691e-10
51 (QN/Block) 	Elapsed: 0.022	Loglikelihood: -22812	(delta): 2.18279e-11
52 (QN/Block) 	Elapsed: 0.025	Loglikelihood: -22812	(delta): 1.09139e-11
53 (QN/Block) 	Elapsed: 0.021	Loglikelihood: -22812	(delta): -3.63798e-12
54 (QN/Block) 	Elapsed: 0.02	Loglikelihood: -22812	(delta): 3.63798e-12
55 (QN/Block) 	Elapsed: 0.02	Loglikelihood: -22812	(delta): -3.63798e-12
56 (QN/Block) 	Elapsed: 0.02	Loglikelihood: -22812	(delta): 7.27596e-12
57 (QN/Block) 	Elapsed: 0.02	Loglikelihood: -22812	(delta): -3.63798e-12
58 (QN/Block) 	Elapsed: 0.02	Loglikelihood: -22812	(delta): 7.27596e-12
59 (QN/Block) 	Elapsed: 0.021	Loglikelihood: -22812	(delta): -3.63798e-12
60 (QN/Block) 	Elapsed: 0.02	Loglikelihood: -22812	(delta): -7.27596e-12
61 (QN/Block) 	Elapsed: 0.021	Loglikelihood: -22812	(delta): 3.63798e-12
62 (QN/Block) 	Elapsed: 0.02	Loglikelihood: -22812	(delta): 3.63798e-12
63 (QN/Block) 	Elapsed: 0.027	Loglikelihood: -22812	(delta): 0
64 (QN/Block) 	Elapsed: 0.026	Loglikelihood: -22812	(delta): 3.63798e-12
65 (QN/Block) 	Elapsed: 0.022	Loglikelihood: -22812	(delta): -3.63798e-12
66 (QN/Block) 	Elapsed: 0.022	Loglikelihood: -22812	(delta): 3.63798e-12
67 (QN/Block) 	Elapsed: 0.021	Loglikelihood: -22812	(delta): 3.63798e-12
68 (QN/Block) 	Elapsed: 0.02	Loglikelihood: -22812	(delta): -3.63798e-12
69 (QN/Block) 	Elapsed: 0.02	Loglikelihood: -22812	(delta): 0
70 (QN/Block) 	Elapsed: 0.02	Loglikelihood: -22812	(delta): 0
71 (QN/Block) 	Elapsed: 0.02	Loglikelihood: -22812	(delta): -3.63798e-12
72 (QN/Block) 	Elapsed: 0.02	Loglikelihood: -22812	(delta): 7.27596e-12
73 (QN/Block) 	Elapsed: 0.021	Loglikelihood: -22812	(delta): -7.27596e-12
74 (QN/Block) 	Elapsed: 0.02	Loglikelihood: -22812	(delta): 3.63798e-12
75 (QN/Block) 	Elapsed: 0.02	Loglikelihood: -22812	(delta): -3.63798e-12
76 (QN/Block) 	Elapsed: 0.02	Loglikelihood: -22812	(delta): 7.27596e-12
77 (QN/Block) 	Elapsed: 0.02	Loglikelihood: -22812	(delta): -7.27596e-12
78 (QN/Block) 	Elapsed: 0.02	Loglikelihood: -22812	(delta): 3.63798e-12
79 (QN/Block) 	Elapsed: 0.02	Loglikelihood: -22812	(delta): 0
80 (QN/Block) 	Elapsed: 0.022	Loglikelihood: -22812	(delta): -3.63798e-12
81 (QN/Block) 	Elapsed: 0.021	Loglikelihood: -22812	(delta): 3.63798e-12
82 (QN/Block) 	Elapsed: 0.022	Loglikelihood: -22812	(delta): 0
83 (QN/Block) 	Elapsed: 0.021	Loglikelihood: -22812	(delta): 0
84 (QN/Block) 	Elapsed: 0.023	Loglikelihood: -22812	(delta): 0
85 (QN/Block) 	Elapsed: 0.021	Loglikelihood: -22812	(delta): 0
86 (QN/Block) 	Elapsed: 0.021	Loglikelihood: -22812	(delta): 3.63798e-12
87 (QN/Block) 	Elapsed: 0.023	Loglikelihood: -22812	(delta): 0
88 (QN/Block) 	Elapsed: 0.028	Loglikelihood: -22812	(delta): -7.27596e-12
89 (QN/Block) 	Elapsed: 0.027	Loglikelihood: -22812	(delta): 0
90 (QN/Block) 	Elapsed: 0.02	Loglikelihood: -22812	(delta): 3.63798e-12
91 (QN/Block) 	Elapsed: 0.021	Loglikelihood: -22812	(delta): 0
92 (QN/Block) 	Elapsed: 0.02	Loglikelihood: -22812	(delta): 0
93 (QN/Block) 	Elapsed: 0.021	Loglikelihood: -22812	(delta): 0
94 (QN/Block) 	Elapsed: 0.02	Loglikelihood: -22812	(delta): 3.63798e-12
95 (QN/Block) 	Elapsed: 0.02	Loglikelihood: -22812	(delta): -3.63798e-12
96 (QN/Block) 	Elapsed: 0.02	Loglikelihood: -22812	(delta): 0
97 (QN/Block) 	Elapsed: 0.021	Loglikelihood: -22812	(delta): -3.63798e-12
98 (QN/Block) 	Elapsed: 0.02	Loglikelihood: -22812	(delta): 7.27596e-12
99 (QN/Block) 	Elapsed: 0.02	Loglikelihood: -22812	(delta): 0
100 (QN/Block) 	Elapsed: 0.02	Loglikelihood: -22812	(delta): 0
Summary: 
Converged in 100 iterations (2.314 sec)
Loglikelihood: -22811.969678
Fst divergences between estimated populations: 
	Pop0	Pop1	Pop2	Pop3	Pop4	Pop5	Pop6	Pop7	Pop8	
Pop0	
Pop1	0.440	
Pop2	0.204	0.338	
Pop3	0.342	0.486	0.245	
Pop4	0.293	0.289	0.209	0.338	
Pop5	0.306	0.288	0.219	0.363	0.104	
Pop6	0.213	0.367	0.098	0.248	0.235	0.250	
Pop7	0.233	0.369	0.145	0.285	0.243	0.261	0.147	
Pop8	0.438	0.493	0.414	0.462	0.433	0.444	0.423	0.425	
Pop9	0.367	0.533	0.283	0.436	0.380	0.403	0.285	0.336	0.481	
CV error (K=10): 0.26094
Writing output files.
