****                   ADMIXTURE Version 1.3.0                  ****
****                    Copyright 2008-2015                     ****
****           David Alexander, Suyash Shringarpure,            ****
****                John  Novembre, Ken Lange                   ****
****                                                            ****
****                 Please cite our paper!                     ****
****   Information at www.genetics.ucla.edu/software/admixture  ****

Parallel execution requested.  Will use 8 threads.
Cross-validation will be performed.  Folds=10.
Random seed: 43
Point estimation method: Block relaxation algorithm
Convergence acceleration algorithm: QuasiNewton, 3 secant conditions
Point estimation will terminate at 100 iterations
Estimation of standard errors disabled; will compute point estimates only.
Size of G: 111x772
Performing five EM steps to prime main algorithm
1 (EM) 	Elapsed: 0.009	Loglikelihood: -32236.8	(delta): 90171.8
2 (EM) 	Elapsed: 0.009	Loglikelihood: -30032	(delta): 2204.74
3 (EM) 	Elapsed: 0.009	Loglikelihood: -29588.2	(delta): 443.862
4 (EM) 	Elapsed: 0.009	Loglikelihood: -29312.8	(delta): 275.391
5 (EM) 	Elapsed: 0.009	Loglikelihood: -29098.1	(delta): 214.631
Initial loglikelihood: -29098.1
Starting main algorithm
1 (QN/Block) 	Elapsed: 0.012	Loglikelihood: -25697.5	(delta): 3400.61
2 (QN/Block) 	Elapsed: 0.012	Loglikelihood: -24661.3	(delta): 1036.23
3 (QN/Block) 	Elapsed: 0.015	Loglikelihood: -24100.1	(delta): 561.18
4 (QN/Block) 	Elapsed: 0.017	Loglikelihood: -23887.2	(delta): 212.961
5 (QN/Block) 	Elapsed: 0.015	Loglikelihood: -23809.3	(delta): 77.8941
6 (QN/Block) 	Elapsed: 0.015	Loglikelihood: -23755.9	(delta): 53.3614
7 (QN/Block) 	Elapsed: 0.015	Loglikelihood: -23730.3	(delta): 25.6359
8 (QN/Block) 	Elapsed: 0.015	Loglikelihood: -23724	(delta): 6.21844
9 (QN/Block) 	Elapsed: 0.018	Loglikelihood: -23721.2	(delta): 2.87571
10 (QN/Block) 	Elapsed: 0.017	Loglikelihood: -23720	(delta): 1.17747
11 (QN/Block) 	Elapsed: 0.019	Loglikelihood: -23719.2	(delta): 0.760741
12 (QN/Block) 	Elapsed: 0.018	Loglikelihood: -23718.9	(delta): 0.334366
13 (QN/Block) 	Elapsed: 0.017	Loglikelihood: -23718.6	(delta): 0.338288
14 (QN/Block) 	Elapsed: 0.017	Loglikelihood: -23717.9	(delta): 0.627939
15 (QN/Block) 	Elapsed: 0.017	Loglikelihood: -23717.5	(delta): 0.389219
16 (QN/Block) 	Elapsed: 0.019	Loglikelihood: -23717.5	(delta): 0.0749205
17 (QN/Block) 	Elapsed: 0.017	Loglikelihood: -23717.4	(delta): 0.0832881
18 (QN/Block) 	Elapsed: 0.017	Loglikelihood: -23717	(delta): 0.384232
19 (QN/Block) 	Elapsed: 0.017	Loglikelihood: -23716.3	(delta): 0.706789
20 (QN/Block) 	Elapsed: 0.016	Loglikelihood: -23715.2	(delta): 1.05715
21 (QN/Block) 	Elapsed: 0.016	Loglikelihood: -23714.3	(delta): 0.93036
22 (QN/Block) 	Elapsed: 0.017	Loglikelihood: -23713.7	(delta): 0.631984
23 (QN/Block) 	Elapsed: 0.017	Loglikelihood: -23712.8	(delta): 0.827359
24 (QN/Block) 	Elapsed: 0.016	Loglikelihood: -23712.6	(delta): 0.216881
25 (QN/Block) 	Elapsed: 0.017	Loglikelihood: -23712.4	(delta): 0.233042
26 (QN/Block) 	Elapsed: 0.018	Loglikelihood: -23712	(delta): 0.360495
27 (QN/Block) 	Elapsed: 0.016	Loglikelihood: -23711.6	(delta): 0.435269
28 (QN/Block) 	Elapsed: 0.015	Loglikelihood: -23711.1	(delta): 0.506829
29 (QN/Block) 	Elapsed: 0.016	Loglikelihood: -23710.6	(delta): 0.494017
30 (QN/Block) 	Elapsed: 0.019	Loglikelihood: -23710.2	(delta): 0.444666
31 (QN/Block) 	Elapsed: 0.017	Loglikelihood: -23709.7	(delta): 0.475857
32 (QN/Block) 	Elapsed: 0.017	Loglikelihood: -23709.1	(delta): 0.546539
33 (QN/Block) 	Elapsed: 0.017	Loglikelihood: -23708.6	(delta): 0.566556
34 (QN/Block) 	Elapsed: 0.018	Loglikelihood: -23708.3	(delta): 0.231623
35 (QN/Block) 	Elapsed: 0.017	Loglikelihood: -23708.1	(delta): 0.247768
36 (QN/Block) 	Elapsed: 0.021	Loglikelihood: -23707.7	(delta): 0.406712
37 (QN/Block) 	Elapsed: 0.018	Loglikelihood: -23707.5	(delta): 0.186408
38 (QN/Block) 	Elapsed: 0.016	Loglikelihood: -23707.1	(delta): 0.359481
39 (QN/Block) 	Elapsed: 0.015	Loglikelihood: -23706.5	(delta): 0.59298
40 (QN/Block) 	Elapsed: 0.017	Loglikelihood: -23706.3	(delta): 0.259564
41 (QN/Block) 	Elapsed: 0.017	Loglikelihood: -23706.2	(delta): 0.124289
42 (QN/Block) 	Elapsed: 0.017	Loglikelihood: -23706	(delta): 0.170551
43 (QN/Block) 	Elapsed: 0.016	Loglikelihood: -23705.6	(delta): 0.407875
44 (QN/Block) 	Elapsed: 0.018	Loglikelihood: -23705.2	(delta): 0.383275
45 (QN/Block) 	Elapsed: 0.018	Loglikelihood: -23704.3	(delta): 0.872578
46 (QN/Block) 	Elapsed: 0.018	Loglikelihood: -23704	(delta): 0.273108
47 (QN/Block) 	Elapsed: 0.016	Loglikelihood: -23703.8	(delta): 0.272504
48 (QN/Block) 	Elapsed: 0.017	Loglikelihood: -23703.6	(delta): 0.178522
49 (QN/Block) 	Elapsed: 0.017	Loglikelihood: -23703.5	(delta): 0.0690488
50 (QN/Block) 	Elapsed: 0.015	Loglikelihood: -23703.4	(delta): 0.111798
51 (QN/Block) 	Elapsed: 0.014	Loglikelihood: -23703.2	(delta): 0.199101
52 (QN/Block) 	Elapsed: 0.014	Loglikelihood: -23702.9	(delta): 0.332606
53 (QN/Block) 	Elapsed: 0.014	Loglikelihood: -23702.2	(delta): 0.687654
54 (QN/Block) 	Elapsed: 0.014	Loglikelihood: -23702.1	(delta): 0.12873
55 (QN/Block) 	Elapsed: 0.013	Loglikelihood: -23702	(delta): 0.0315103
56 (QN/Block) 	Elapsed: 0.014	Loglikelihood: -23702	(delta): 0.0148435
57 (QN/Block) 	Elapsed: 0.013	Loglikelihood: -23702	(delta): 0.00680133
58 (QN/Block) 	Elapsed: 0.013	Loglikelihood: -23702	(delta): 0.00316284
59 (QN/Block) 	Elapsed: 0.013	Loglikelihood: -23702	(delta): 0.00368866
60 (QN/Block) 	Elapsed: 0.014	Loglikelihood: -23702	(delta): 0.00332238
61 (QN/Block) 	Elapsed: 0.014	Loglikelihood: -23702	(delta): 0.00221261
62 (QN/Block) 	Elapsed: 0.014	Loglikelihood: -23702	(delta): 0.00242812
63 (QN/Block) 	Elapsed: 0.014	Loglikelihood: -23702	(delta): 0.00299256
64 (QN/Block) 	Elapsed: 0.014	Loglikelihood: -23702	(delta): 0.00390328
65 (QN/Block) 	Elapsed: 0.014	Loglikelihood: -23702	(delta): 0.0051476
66 (QN/Block) 	Elapsed: 0.014	Loglikelihood: -23702	(delta): 0.00444988
67 (QN/Block) 	Elapsed: 0.014	Loglikelihood: -23702	(delta): 0.00331205
68 (QN/Block) 	Elapsed: 0.013	Loglikelihood: -23702	(delta): 0.00711623
69 (QN/Block) 	Elapsed: 0.014	Loglikelihood: -23702	(delta): 0.000614364
70 (QN/Block) 	Elapsed: 0.017	Loglikelihood: -23702	(delta): 0.000579344
71 (QN/Block) 	Elapsed: 0.018	Loglikelihood: -23702	(delta): 3.92265e-05
72 (QN/Block) 	Elapsed: 0.015	Loglikelihood: -23702	(delta): 1.73937e-05
73 (QN/Block) 	Elapsed: 0.013	Loglikelihood: -23702	(delta): 5.33448e-06
74 (QN/Block) 	Elapsed: 0.014	Loglikelihood: -23702	(delta): 8.32963e-07
75 (QN/Block) 	Elapsed: 0.014	Loglikelihood: -23702	(delta): 3.02582e-07
76 (QN/Block) 	Elapsed: 0.013	Loglikelihood: -23702	(delta): 6.68333e-08
77 (QN/Block) 	Elapsed: 0.013	Loglikelihood: -23702	(delta): 1.18525e-08
78 (QN/Block) 	Elapsed: 0.014	Loglikelihood: -23702	(delta): 9.09495e-10
79 (QN/Block) 	Elapsed: 0.013	Loglikelihood: -23702	(delta): 5.09317e-11
80 (QN/Block) 	Elapsed: 0.014	Loglikelihood: -23702	(delta): 1.81899e-11
81 (QN/Block) 	Elapsed: 0.015	Loglikelihood: -23702	(delta): 0
82 (QN/Block) 	Elapsed: 0.015	Loglikelihood: -23702	(delta): 3.63798e-12
83 (QN/Block) 	Elapsed: 0.015	Loglikelihood: -23702	(delta): -3.63798e-12
84 (QN/Block) 	Elapsed: 0.015	Loglikelihood: -23702	(delta): 3.63798e-12
85 (QN/Block) 	Elapsed: 0.015	Loglikelihood: -23702	(delta): 0
86 (QN/Block) 	Elapsed: 0.015	Loglikelihood: -23702	(delta): 3.63798e-12
87 (QN/Block) 	Elapsed: 0.015	Loglikelihood: -23702	(delta): -3.63798e-12
88 (QN/Block) 	Elapsed: 0.015	Loglikelihood: -23702	(delta): -3.63798e-12
89 (QN/Block) 	Elapsed: 0.015	Loglikelihood: -23702	(delta): 3.63798e-12
90 (QN/Block) 	Elapsed: 0.014	Loglikelihood: -23702	(delta): 0
91 (QN/Block) 	Elapsed: 0.015	Loglikelihood: -23702	(delta): 0
92 (QN/Block) 	Elapsed: 0.014	Loglikelihood: -23702	(delta): -3.63798e-12
93 (QN/Block) 	Elapsed: 0.015	Loglikelihood: -23702	(delta): 7.27596e-12
94 (QN/Block) 	Elapsed: 0.015	Loglikelihood: -23702	(delta): -3.63798e-12
95 (QN/Block) 	Elapsed: 0.015	Loglikelihood: -23702	(delta): 0
96 (QN/Block) 	Elapsed: 0.015	Loglikelihood: -23702	(delta): -3.63798e-12
97 (QN/Block) 	Elapsed: 0.015	Loglikelihood: -23702	(delta): 3.63798e-12
98 (QN/Block) 	Elapsed: 0.015	Loglikelihood: -23702	(delta): 3.63798e-12
99 (QN/Block) 	Elapsed: 0.014	Loglikelihood: -23702	(delta): -7.27596e-12
100 (QN/Block) 	Elapsed: 0.014	Loglikelihood: -23702	(delta): 0
Summary: 
Converged in 100 iterations (1.689 sec)
Loglikelihood: -23701.973538
Fst divergences between estimated populations: 
	Pop0	Pop1	Pop2	Pop3	Pop4	Pop5	
Pop0	
Pop1	0.240	
Pop2	0.133	0.275	
Pop3	0.076	0.233	0.130	
Pop4	0.279	0.434	0.329	0.271	
Pop5	0.414	0.458	0.417	0.408	0.479	
Pop6	0.206	0.321	0.221	0.183	0.367	0.427	
CV error (K=7): 0.25118
Writing output files.
