****                   ADMIXTURE Version 1.3.0                  ****
****                    Copyright 2008-2015                     ****
****           David Alexander, Suyash Shringarpure,            ****
****                John  Novembre, Ken Lange                   ****
****                                                            ****
****                 Please cite our paper!                     ****
****   Information at www.genetics.ucla.edu/software/admixture  ****

Parallel execution requested.  Will use 8 threads.
Cross-validation will be performed.  Folds=10.
Random seed: 43
Point estimation method: Block relaxation algorithm
Convergence acceleration algorithm: QuasiNewton, 3 secant conditions
Point estimation will terminate at 100 iterations
Estimation of standard errors disabled; will compute point estimates only.
Size of G: 557x751
Performing five EM steps to prime main algorithm
1 (EM) 	Elapsed: 0.028	Loglikelihood: -244460	(delta): 332323
2 (EM) 	Elapsed: 0.029	Loglikelihood: -234236	(delta): 10223.7
3 (EM) 	Elapsed: 0.03	Loglikelihood: -231356	(delta): 2880.28
4 (EM) 	Elapsed: 0.029	Loglikelihood: -228586	(delta): 2769.5
5 (EM) 	Elapsed: 0.03	Loglikelihood: -224408	(delta): 4178.12
Initial loglikelihood: -224408
Starting main algorithm
1 (QN/Block) 	Elapsed: 0.051	Loglikelihood: -63735.3	(delta): 160673
2 (QN/Block) 	Elapsed: 0.05	Loglikelihood: -53405.9	(delta): 10329.4
3 (QN/Block) 	Elapsed: 0.054	Loglikelihood: -51130.6	(delta): 2275.33
4 (QN/Block) 	Elapsed: 0.054	Loglikelihood: -48668.2	(delta): 2462.34
5 (QN/Block) 	Elapsed: 0.052	Loglikelihood: -47831.3	(delta): 836.923
6 (QN/Block) 	Elapsed: 0.046	Loglikelihood: -47603.5	(delta): 227.803
7 (QN/Block) 	Elapsed: 0.05	Loglikelihood: -47563.3	(delta): 40.182
8 (QN/Block) 	Elapsed: 0.053	Loglikelihood: -47553.1	(delta): 10.1975
9 (QN/Block) 	Elapsed: 0.059	Loglikelihood: -47548.8	(delta): 4.37797
10 (QN/Block) 	Elapsed: 0.053	Loglikelihood: -47547.4	(delta): 1.33342
11 (QN/Block) 	Elapsed: 0.052	Loglikelihood: -47547.2	(delta): 0.207412
12 (QN/Block) 	Elapsed: 0.055	Loglikelihood: -47547.2	(delta): 0.0114837
13 (QN/Block) 	Elapsed: 0.056	Loglikelihood: -47547.2	(delta): 0.000616725
14 (QN/Block) 	Elapsed: 0.057	Loglikelihood: -47547.2	(delta): 2.15726e-05
15 (QN/Block) 	Elapsed: 0.053	Loglikelihood: -47547.2	(delta): 4.24459e-06
16 (QN/Block) 	Elapsed: 0.056	Loglikelihood: -47547.2	(delta): 2.74304e-09
17 (QN/Block) 	Elapsed: 0.057	Loglikelihood: -47547.2	(delta): 3.63798e-11
18 (QN/Block) 	Elapsed: 0.054	Loglikelihood: -47547.2	(delta): 0
19 (QN/Block) 	Elapsed: 0.059	Loglikelihood: -47547.2	(delta): 7.27596e-12
20 (QN/Block) 	Elapsed: 0.054	Loglikelihood: -47547.2	(delta): 0
21 (QN/Block) 	Elapsed: 0.058	Loglikelihood: -47547.2	(delta): 0
22 (QN/Block) 	Elapsed: 0.056	Loglikelihood: -47547.2	(delta): -7.27596e-12
23 (QN/Block) 	Elapsed: 0.054	Loglikelihood: -47547.2	(delta): -7.27596e-12
24 (QN/Block) 	Elapsed: 0.063	Loglikelihood: -47547.2	(delta): 1.45519e-11
25 (QN/Block) 	Elapsed: 0.066	Loglikelihood: -47547.2	(delta): -7.27596e-12
26 (QN/Block) 	Elapsed: 0.057	Loglikelihood: -47547.2	(delta): -1.45519e-11
27 (QN/Block) 	Elapsed: 0.052	Loglikelihood: -47547.2	(delta): 2.18279e-11
28 (QN/Block) 	Elapsed: 0.058	Loglikelihood: -47547.2	(delta): 1.45519e-11
29 (QN/Block) 	Elapsed: 0.053	Loglikelihood: -47547.2	(delta): 0
30 (QN/Block) 	Elapsed: 0.055	Loglikelihood: -47547.2	(delta): 1.45519e-11
31 (QN/Block) 	Elapsed: 0.059	Loglikelihood: -47547.2	(delta): -7.27596e-12
32 (QN/Block) 	Elapsed: 0.059	Loglikelihood: -47547.2	(delta): 0
33 (QN/Block) 	Elapsed: 0.056	Loglikelihood: -47547.2	(delta): 2.18279e-11
34 (QN/Block) 	Elapsed: 0.058	Loglikelihood: -47547.2	(delta): -1.45519e-11
35 (QN/Block) 	Elapsed: 0.061	Loglikelihood: -47547.2	(delta): -1.45519e-11
36 (QN/Block) 	Elapsed: 0.059	Loglikelihood: -47547.2	(delta): 1.45519e-11
37 (QN/Block) 	Elapsed: 0.056	Loglikelihood: -47547.2	(delta): -7.27596e-12
38 (QN/Block) 	Elapsed: 0.056	Loglikelihood: -47547.2	(delta): 2.18279e-11
39 (QN/Block) 	Elapsed: 0.057	Loglikelihood: -47547.2	(delta): -7.27596e-12
40 (QN/Block) 	Elapsed: 0.057	Loglikelihood: -47547.2	(delta): -7.27596e-12
41 (QN/Block) 	Elapsed: 0.059	Loglikelihood: -47547.2	(delta): 0
42 (QN/Block) 	Elapsed: 0.058	Loglikelihood: -47547.2	(delta): 1.45519e-11
43 (QN/Block) 	Elapsed: 0.054	Loglikelihood: -47547.2	(delta): -2.18279e-11
44 (QN/Block) 	Elapsed: 0.059	Loglikelihood: -47547.2	(delta): 0
45 (QN/Block) 	Elapsed: 0.052	Loglikelihood: -47547.2	(delta): 7.27596e-12
46 (QN/Block) 	Elapsed: 0.054	Loglikelihood: -47547.2	(delta): -1.45519e-11
47 (QN/Block) 	Elapsed: 0.058	Loglikelihood: -47547.2	(delta): 7.27596e-12
48 (QN/Block) 	Elapsed: 0.07	Loglikelihood: -47547.2	(delta): 7.27596e-12
49 (QN/Block) 	Elapsed: 0.06	Loglikelihood: -47547.2	(delta): -2.18279e-11
50 (QN/Block) 	Elapsed: 0.057	Loglikelihood: -47547.2	(delta): 1.45519e-11
51 (QN/Block) 	Elapsed: 0.06	Loglikelihood: -47547.2	(delta): 7.27596e-12
52 (QN/Block) 	Elapsed: 0.056	Loglikelihood: -47547.2	(delta): 0
53 (QN/Block) 	Elapsed: 0.059	Loglikelihood: -47547.2	(delta): -1.45519e-11
54 (QN/Block) 	Elapsed: 0.058	Loglikelihood: -47547.2	(delta): -1.45519e-11
55 (QN/Block) 	Elapsed: 0.062	Loglikelihood: -47547.2	(delta): 2.91038e-11
56 (QN/Block) 	Elapsed: 0.061	Loglikelihood: -47547.2	(delta): -1.45519e-11
57 (QN/Block) 	Elapsed: 0.055	Loglikelihood: -47547.2	(delta): 0
58 (QN/Block) 	Elapsed: 0.053	Loglikelihood: -47547.2	(delta): 7.27596e-12
59 (QN/Block) 	Elapsed: 0.061	Loglikelihood: -47547.2	(delta): -1.45519e-11
60 (QN/Block) 	Elapsed: 0.056	Loglikelihood: -47547.2	(delta): 0
61 (QN/Block) 	Elapsed: 0.052	Loglikelihood: -47547.2	(delta): -7.27596e-12
62 (QN/Block) 	Elapsed: 0.054	Loglikelihood: -47547.2	(delta): 0
63 (QN/Block) 	Elapsed: 0.057	Loglikelihood: -47547.2	(delta): 2.18279e-11
64 (QN/Block) 	Elapsed: 0.054	Loglikelihood: -47547.2	(delta): -7.27596e-12
65 (QN/Block) 	Elapsed: 0.063	Loglikelihood: -47547.2	(delta): -1.45519e-11
66 (QN/Block) 	Elapsed: 0.052	Loglikelihood: -47547.2	(delta): 2.18279e-11
67 (QN/Block) 	Elapsed: 0.05	Loglikelihood: -47547.2	(delta): -2.18279e-11
68 (QN/Block) 	Elapsed: 0.053	Loglikelihood: -47547.2	(delta): -7.27596e-12
69 (QN/Block) 	Elapsed: 0.053	Loglikelihood: -47547.2	(delta): 1.45519e-11
70 (QN/Block) 	Elapsed: 0.054	Loglikelihood: -47547.2	(delta): 0
71 (QN/Block) 	Elapsed: 0.055	Loglikelihood: -47547.2	(delta): 1.45519e-11
72 (QN/Block) 	Elapsed: 0.055	Loglikelihood: -47547.2	(delta): 0
73 (QN/Block) 	Elapsed: 0.053	Loglikelihood: -47547.2	(delta): -7.27596e-12
74 (QN/Block) 	Elapsed: 0.051	Loglikelihood: -47547.2	(delta): -7.27596e-12
75 (QN/Block) 	Elapsed: 0.051	Loglikelihood: -47547.2	(delta): -1.45519e-11
76 (QN/Block) 	Elapsed: 0.048	Loglikelihood: -47547.2	(delta): 7.27596e-12
77 (QN/Block) 	Elapsed: 0.05	Loglikelihood: -47547.2	(delta): -7.27596e-12
78 (QN/Block) 	Elapsed: 0.055	Loglikelihood: -47547.2	(delta): 3.63798e-11
79 (QN/Block) 	Elapsed: 0.053	Loglikelihood: -47547.2	(delta): -1.45519e-11
80 (QN/Block) 	Elapsed: 0.059	Loglikelihood: -47547.2	(delta): -2.18279e-11
81 (QN/Block) 	Elapsed: 0.056	Loglikelihood: -47547.2	(delta): 0
82 (QN/Block) 	Elapsed: 0.056	Loglikelihood: -47547.2	(delta): 2.91038e-11
83 (QN/Block) 	Elapsed: 0.059	Loglikelihood: -47547.2	(delta): 0
84 (QN/Block) 	Elapsed: 0.057	Loglikelihood: -47547.2	(delta): 0
85 (QN/Block) 	Elapsed: 0.056	Loglikelihood: -47547.2	(delta): 7.27596e-12
86 (QN/Block) 	Elapsed: 0.057	Loglikelihood: -47547.2	(delta): 7.27596e-12
87 (QN/Block) 	Elapsed: 0.054	Loglikelihood: -47547.2	(delta): -7.27596e-12
88 (QN/Block) 	Elapsed: 0.055	Loglikelihood: -47547.2	(delta): -7.27596e-12
89 (QN/Block) 	Elapsed: 0.062	Loglikelihood: -47547.2	(delta): 2.18279e-11
90 (QN/Block) 	Elapsed: 0.064	Loglikelihood: -47547.2	(delta): -1.45519e-11
91 (QN/Block) 	Elapsed: 0.052	Loglikelihood: -47547.2	(delta): 1.45519e-11
92 (QN/Block) 	Elapsed: 0.058	Loglikelihood: -47547.2	(delta): -7.27596e-12
93 (QN/Block) 	Elapsed: 0.055	Loglikelihood: -47547.2	(delta): -2.18279e-11
94 (QN/Block) 	Elapsed: 0.049	Loglikelihood: -47547.2	(delta): 1.45519e-11
95 (QN/Block) 	Elapsed: 0.052	Loglikelihood: -47547.2	(delta): -7.27596e-12
96 (QN/Block) 	Elapsed: 0.052	Loglikelihood: -47547.2	(delta): -1.45519e-11
97 (QN/Block) 	Elapsed: 0.054	Loglikelihood: -47547.2	(delta): 2.18279e-11
98 (QN/Block) 	Elapsed: 0.053	Loglikelihood: -47547.2	(delta): 0
99 (QN/Block) 	Elapsed: 0.052	Loglikelihood: -47547.2	(delta): -1.45519e-11
100 (QN/Block) 	Elapsed: 0.054	Loglikelihood: -47547.2	(delta): 2.18279e-11
Summary: 
Converged in 100 iterations (5.885 sec)
Loglikelihood: -47547.208517
Fst divergences between estimated populations: 
	Pop0	Pop1	Pop2	Pop3	
Pop0	
Pop1	0.840	
Pop2	0.361	0.787	
Pop3	0.848	0.851	0.817	
Pop4	0.855	0.856	0.825	0.308	
CV error (K=5): 0.08559
Writing output files.
