****                   ADMIXTURE Version 1.3.0                  ****
****                    Copyright 2008-2015                     ****
****           David Alexander, Suyash Shringarpure,            ****
****                John  Novembre, Ken Lange                   ****
****                                                            ****
****                 Please cite our paper!                     ****
****   Information at www.genetics.ucla.edu/software/admixture  ****

Parallel execution requested.  Will use 8 threads.
Cross-validation will be performed.  Folds=10.
Random seed: 43
Point estimation method: Block relaxation algorithm
Convergence acceleration algorithm: QuasiNewton, 3 secant conditions
Point estimation will terminate at 100 iterations
Estimation of standard errors disabled; will compute point estimates only.
Size of G: 557x751
Performing five EM steps to prime main algorithm
1 (EM) 	Elapsed: 0.035	Loglikelihood: -244040	(delta): 326600
2 (EM) 	Elapsed: 0.034	Loglikelihood: -233031	(delta): 11008.2
3 (EM) 	Elapsed: 0.035	Loglikelihood: -229418	(delta): 3613.79
4 (EM) 	Elapsed: 0.036	Loglikelihood: -224742	(delta): 4675.82
5 (EM) 	Elapsed: 0.035	Loglikelihood: -216427	(delta): 8314.75
Initial loglikelihood: -216427
Starting main algorithm
1 (QN/Block) 	Elapsed: 0.055	Loglikelihood: -66950	(delta): 149477
2 (QN/Block) 	Elapsed: 0.052	Loglikelihood: -53649.8	(delta): 13300.1
3 (QN/Block) 	Elapsed: 0.06	Loglikelihood: -51153.6	(delta): 2496.26
4 (QN/Block) 	Elapsed: 0.054	Loglikelihood: -49090.9	(delta): 2062.7
5 (QN/Block) 	Elapsed: 0.054	Loglikelihood: -47437.7	(delta): 1653.21
6 (QN/Block) 	Elapsed: 0.061	Loglikelihood: -46863.8	(delta): 573.872
7 (QN/Block) 	Elapsed: 0.06	Loglikelihood: -46702.6	(delta): 161.168
8 (QN/Block) 	Elapsed: 0.053	Loglikelihood: -46681.9	(delta): 20.7256
9 (QN/Block) 	Elapsed: 0.053	Loglikelihood: -46675.8	(delta): 6.13436
10 (QN/Block) 	Elapsed: 0.064	Loglikelihood: -46673.8	(delta): 1.93153
11 (QN/Block) 	Elapsed: 0.06	Loglikelihood: -46673.4	(delta): 0.425245
12 (QN/Block) 	Elapsed: 0.053	Loglikelihood: -46673.1	(delta): 0.354921
13 (QN/Block) 	Elapsed: 0.054	Loglikelihood: -46672.9	(delta): 0.122544
14 (QN/Block) 	Elapsed: 0.055	Loglikelihood: -46672.9	(delta): 0.0597339
15 (QN/Block) 	Elapsed: 0.053	Loglikelihood: -46672.9	(delta): 0.0296996
16 (QN/Block) 	Elapsed: 0.054	Loglikelihood: -46672.8	(delta): 0.0263723
17 (QN/Block) 	Elapsed: 0.054	Loglikelihood: -46672.8	(delta): 0.00875136
18 (QN/Block) 	Elapsed: 0.053	Loglikelihood: -46672.8	(delta): 0.0033223
19 (QN/Block) 	Elapsed: 0.053	Loglikelihood: -46672.8	(delta): 0.000554375
20 (QN/Block) 	Elapsed: 0.054	Loglikelihood: -46672.8	(delta): 5.43266e-05
21 (QN/Block) 	Elapsed: 0.053	Loglikelihood: -46672.8	(delta): 2.78008e-05
22 (QN/Block) 	Elapsed: 0.053	Loglikelihood: -46672.8	(delta): 1.16547e-06
23 (QN/Block) 	Elapsed: 0.055	Loglikelihood: -46672.8	(delta): 1.25874e-08
24 (QN/Block) 	Elapsed: 0.058	Loglikelihood: -46672.8	(delta): 7.71252e-10
25 (QN/Block) 	Elapsed: 0.058	Loglikelihood: -46672.8	(delta): 3.85626e-10
26 (QN/Block) 	Elapsed: 0.056	Loglikelihood: -46672.8	(delta): 1.52795e-10
27 (QN/Block) 	Elapsed: 0.057	Loglikelihood: -46672.8	(delta): 7.27596e-11
28 (QN/Block) 	Elapsed: 0.056	Loglikelihood: -46672.8	(delta): 7.27596e-12
29 (QN/Block) 	Elapsed: 0.058	Loglikelihood: -46672.8	(delta): -1.01863e-10
30 (QN/Block) 	Elapsed: 0.057	Loglikelihood: -46672.8	(delta): -8.73115e-11
31 (QN/Block) 	Elapsed: 0.056	Loglikelihood: -46672.8	(delta): 2.18279e-11
32 (QN/Block) 	Elapsed: 0.061	Loglikelihood: -46672.8	(delta): 1.09139e-10
33 (QN/Block) 	Elapsed: 0.058	Loglikelihood: -46672.8	(delta): 1.45519e-10
34 (QN/Block) 	Elapsed: 0.059	Loglikelihood: -46672.8	(delta): 1.52795e-10
35 (QN/Block) 	Elapsed: 0.059	Loglikelihood: -46672.8	(delta): 2.18279e-11
36 (QN/Block) 	Elapsed: 0.057	Loglikelihood: -46672.8	(delta): 3.63798e-11
37 (QN/Block) 	Elapsed: 0.059	Loglikelihood: -46672.8	(delta): 0
38 (QN/Block) 	Elapsed: 0.061	Loglikelihood: -46672.8	(delta): 1.16415e-10
39 (QN/Block) 	Elapsed: 0.059	Loglikelihood: -46672.8	(delta): 7.27596e-11
40 (QN/Block) 	Elapsed: 0.063	Loglikelihood: -46672.8	(delta): 8.73115e-11
41 (QN/Block) 	Elapsed: 0.058	Loglikelihood: -46672.8	(delta): 1.60071e-10
42 (QN/Block) 	Elapsed: 0.058	Loglikelihood: -46672.8	(delta): -2.18279e-11
43 (QN/Block) 	Elapsed: 0.058	Loglikelihood: -46672.8	(delta): 1.38243e-10
44 (QN/Block) 	Elapsed: 0.056	Loglikelihood: -46672.8	(delta): -7.27596e-11
45 (QN/Block) 	Elapsed: 0.06	Loglikelihood: -46672.8	(delta): -5.82077e-11
46 (QN/Block) 	Elapsed: 0.057	Loglikelihood: -46672.8	(delta): 2.83762e-10
47 (QN/Block) 	Elapsed: 0.061	Loglikelihood: -46672.8	(delta): 6.54836e-11
48 (QN/Block) 	Elapsed: 0.058	Loglikelihood: -46672.8	(delta): 2.18279e-11
49 (QN/Block) 	Elapsed: 0.058	Loglikelihood: -46672.8	(delta): -1.45519e-11
50 (QN/Block) 	Elapsed: 0.062	Loglikelihood: -46672.8	(delta): 1.30967e-10
51 (QN/Block) 	Elapsed: 0.062	Loglikelihood: -46672.8	(delta): 3.63798e-11
52 (QN/Block) 	Elapsed: 0.059	Loglikelihood: -46672.8	(delta): -1.45519e-11
53 (QN/Block) 	Elapsed: 0.058	Loglikelihood: -46672.8	(delta): -1.52795e-10
54 (QN/Block) 	Elapsed: 0.062	Loglikelihood: -46672.8	(delta): 1.23691e-10
55 (QN/Block) 	Elapsed: 0.058	Loglikelihood: -46672.8	(delta): -8.73115e-11
56 (QN/Block) 	Elapsed: 0.059	Loglikelihood: -46672.8	(delta): 7.27596e-12
57 (QN/Block) 	Elapsed: 0.074	Loglikelihood: -46672.8	(delta): -3.63798e-11
58 (QN/Block) 	Elapsed: 0.063	Loglikelihood: -46672.8	(delta): 2.91038e-11
59 (QN/Block) 	Elapsed: 0.058	Loglikelihood: -46672.8	(delta): -9.45874e-11
60 (QN/Block) 	Elapsed: 0.059	Loglikelihood: -46672.8	(delta): 4.36557e-11
61 (QN/Block) 	Elapsed: 0.06	Loglikelihood: -46672.8	(delta): -2.18279e-11
62 (QN/Block) 	Elapsed: 0.06	Loglikelihood: -46672.8	(delta): 0
63 (QN/Block) 	Elapsed: 0.06	Loglikelihood: -46672.8	(delta): 1.16415e-10
64 (QN/Block) 	Elapsed: 0.062	Loglikelihood: -46672.8	(delta): -8.00355e-11
65 (QN/Block) 	Elapsed: 0.062	Loglikelihood: -46672.8	(delta): 1.23691e-10
66 (QN/Block) 	Elapsed: 0.06	Loglikelihood: -46672.8	(delta): -8.00355e-11
67 (QN/Block) 	Elapsed: 0.059	Loglikelihood: -46672.8	(delta): -1.45519e-11
68 (QN/Block) 	Elapsed: 0.061	Loglikelihood: -46672.8	(delta): 4.36557e-11
69 (QN/Block) 	Elapsed: 0.061	Loglikelihood: -46672.8	(delta): 8.00355e-11
70 (QN/Block) 	Elapsed: 0.062	Loglikelihood: -46672.8	(delta): 1.30967e-10
71 (QN/Block) 	Elapsed: 0.06	Loglikelihood: -46672.8	(delta): 5.82077e-11
72 (QN/Block) 	Elapsed: 0.062	Loglikelihood: -46672.8	(delta): -1.45519e-11
73 (QN/Block) 	Elapsed: 0.067	Loglikelihood: -46672.8	(delta): 1.16415e-10
74 (QN/Block) 	Elapsed: 0.06	Loglikelihood: -46672.8	(delta): -4.36557e-11
75 (QN/Block) 	Elapsed: 0.059	Loglikelihood: -46672.8	(delta): 0
76 (QN/Block) 	Elapsed: 0.063	Loglikelihood: -46672.8	(delta): 5.82077e-11
77 (QN/Block) 	Elapsed: 0.061	Loglikelihood: -46672.8	(delta): -1.01863e-10
78 (QN/Block) 	Elapsed: 0.06	Loglikelihood: -46672.8	(delta): -1.09139e-10
79 (QN/Block) 	Elapsed: 0.061	Loglikelihood: -46672.8	(delta): 1.74623e-10
80 (QN/Block) 	Elapsed: 0.062	Loglikelihood: -46672.8	(delta): 1.45519e-11
81 (QN/Block) 	Elapsed: 0.07	Loglikelihood: -46672.8	(delta): -1.01863e-10
82 (QN/Block) 	Elapsed: 0.062	Loglikelihood: -46672.8	(delta): 1.45519e-11
83 (QN/Block) 	Elapsed: 0.062	Loglikelihood: -46672.8	(delta): -1.38243e-10
84 (QN/Block) 	Elapsed: 0.06	Loglikelihood: -46672.8	(delta): 8.00355e-11
85 (QN/Block) 	Elapsed: 0.06	Loglikelihood: -46672.8	(delta): -1.30967e-10
86 (QN/Block) 	Elapsed: 0.059	Loglikelihood: -46672.8	(delta): 1.45519e-10
87 (QN/Block) 	Elapsed: 0.063	Loglikelihood: -46672.8	(delta): 5.09317e-11
88 (QN/Block) 	Elapsed: 0.062	Loglikelihood: -46672.8	(delta): -2.91038e-11
89 (QN/Block) 	Elapsed: 0.07	Loglikelihood: -46672.8	(delta): -1.60071e-10
90 (QN/Block) 	Elapsed: 0.061	Loglikelihood: -46672.8	(delta): 5.82077e-11
91 (QN/Block) 	Elapsed: 0.059	Loglikelihood: -46672.8	(delta): 5.82077e-11
92 (QN/Block) 	Elapsed: 0.06	Loglikelihood: -46672.8	(delta): -1.67347e-10
93 (QN/Block) 	Elapsed: 0.059	Loglikelihood: -46672.8	(delta): -4.36557e-11
94 (QN/Block) 	Elapsed: 0.06	Loglikelihood: -46672.8	(delta): -3.63798e-11
95 (QN/Block) 	Elapsed: 0.059	Loglikelihood: -46672.8	(delta): 8.00355e-11
96 (QN/Block) 	Elapsed: 0.059	Loglikelihood: -46672.8	(delta): 6.54836e-11
97 (QN/Block) 	Elapsed: 0.062	Loglikelihood: -46672.8	(delta): -1.45519e-10
98 (QN/Block) 	Elapsed: 0.059	Loglikelihood: -46672.8	(delta): 7.27596e-11
99 (QN/Block) 	Elapsed: 0.059	Loglikelihood: -46672.8	(delta): 1.45519e-11
100 (QN/Block) 	Elapsed: 0.059	Loglikelihood: -46672.8	(delta): -3.63798e-11
Summary: 
Converged in 100 iterations (6.256 sec)
Loglikelihood: -46672.817547
Fst divergences between estimated populations: 
	Pop0	Pop1	Pop2	Pop3	Pop4	
Pop0	
Pop1	0.834	
Pop2	0.825	0.307	
Pop3	0.083	0.825	0.815	
Pop4	0.800	0.858	0.850	0.786	
Pop5	0.390	0.857	0.848	0.359	0.841	
CV error (K=6): 0.08567
Writing output files.
