****                   ADMIXTURE Version 1.3.0                  ****
****                    Copyright 2008-2015                     ****
****           David Alexander, Suyash Shringarpure,            ****
****                John  Novembre, Ken Lange                   ****
****                                                            ****
****                 Please cite our paper!                     ****
****   Information at www.genetics.ucla.edu/software/admixture  ****

Parallel execution requested.  Will use 8 threads.
Cross-validation will be performed.  Folds=10.
Random seed: 43
Point estimation method: Block relaxation algorithm
Convergence acceleration algorithm: QuasiNewton, 3 secant conditions
Point estimation will terminate at 100 iterations
Estimation of standard errors disabled; will compute point estimates only.
Size of G: 557x751
Performing five EM steps to prime main algorithm
1 (EM) 	Elapsed: 0.048	Loglikelihood: -244332	(delta): 309928
2 (EM) 	Elapsed: 0.048	Loglikelihood: -233055	(delta): 11277.6
3 (EM) 	Elapsed: 0.046	Loglikelihood: -229931	(delta): 3123.58
4 (EM) 	Elapsed: 0.048	Loglikelihood: -226201	(delta): 3729.67
5 (EM) 	Elapsed: 0.048	Loglikelihood: -220223	(delta): 5978.41
Initial loglikelihood: -220223
Starting main algorithm
1 (QN/Block) 	Elapsed: 0.065	Loglikelihood: -59434.8	(delta): 160788
2 (QN/Block) 	Elapsed: 0.064	Loglikelihood: -50731	(delta): 8703.82
3 (QN/Block) 	Elapsed: 0.066	Loglikelihood: -47710.1	(delta): 3020.92
4 (QN/Block) 	Elapsed: 0.07	Loglikelihood: -45502.5	(delta): 2207.52
5 (QN/Block) 	Elapsed: 0.067	Loglikelihood: -44640.2	(delta): 862.376
6 (QN/Block) 	Elapsed: 0.067	Loglikelihood: -44396.1	(delta): 244.033
7 (QN/Block) 	Elapsed: 0.072	Loglikelihood: -44366.2	(delta): 29.8732
8 (QN/Block) 	Elapsed: 0.073	Loglikelihood: -44358.2	(delta): 8.07021
9 (QN/Block) 	Elapsed: 0.071	Loglikelihood: -44355.7	(delta): 2.51635
10 (QN/Block) 	Elapsed: 0.07	Loglikelihood: -44354.5	(delta): 1.15378
11 (QN/Block) 	Elapsed: 0.068	Loglikelihood: -44352.3	(delta): 2.19439
12 (QN/Block) 	Elapsed: 0.067	Loglikelihood: -44351.8	(delta): 0.541147
13 (QN/Block) 	Elapsed: 0.068	Loglikelihood: -44351.4	(delta): 0.418425
14 (QN/Block) 	Elapsed: 0.071	Loglikelihood: -44350.6	(delta): 0.716334
15 (QN/Block) 	Elapsed: 0.069	Loglikelihood: -44350	(delta): 0.590785
16 (QN/Block) 	Elapsed: 0.067	Loglikelihood: -44350	(delta): 0.0240235
17 (QN/Block) 	Elapsed: 0.069	Loglikelihood: -44350	(delta): 0.00612624
18 (QN/Block) 	Elapsed: 0.067	Loglikelihood: -44350	(delta): 0.00235296
19 (QN/Block) 	Elapsed: 0.067	Loglikelihood: -44350	(delta): 0.000695925
20 (QN/Block) 	Elapsed: 0.072	Loglikelihood: -44350	(delta): 0.000221492
21 (QN/Block) 	Elapsed: 0.066	Loglikelihood: -44350	(delta): 3.00444e-05
22 (QN/Block) 	Elapsed: 0.069	Loglikelihood: -44350	(delta): 1.26235e-05
23 (QN/Block) 	Elapsed: 0.074	Loglikelihood: -44350	(delta): 3.42624e-06
24 (QN/Block) 	Elapsed: 0.067	Loglikelihood: -44350	(delta): 1.13525e-06
25 (QN/Block) 	Elapsed: 0.069	Loglikelihood: -44350	(delta): 6.60002e-08
26 (QN/Block) 	Elapsed: 0.067	Loglikelihood: -44350	(delta): 3.45099e-08
27 (QN/Block) 	Elapsed: 0.071	Loglikelihood: -44350	(delta): 1.27184e-08
28 (QN/Block) 	Elapsed: 0.065	Loglikelihood: -44350	(delta): 8.87667e-09
29 (QN/Block) 	Elapsed: 0.067	Loglikelihood: -44350	(delta): 2.19006e-09
30 (QN/Block) 	Elapsed: 0.074	Loglikelihood: -44350	(delta): 6.33008e-10
31 (QN/Block) 	Elapsed: 0.072	Loglikelihood: -44350	(delta): 1.74623e-10
32 (QN/Block) 	Elapsed: 0.07	Loglikelihood: -44350	(delta): 8.00355e-11
33 (QN/Block) 	Elapsed: 0.072	Loglikelihood: -44350	(delta): 1.16415e-10
34 (QN/Block) 	Elapsed: 0.071	Loglikelihood: -44350	(delta): 8.00355e-11
35 (QN/Block) 	Elapsed: 0.07	Loglikelihood: -44350	(delta): 8.00355e-11
36 (QN/Block) 	Elapsed: 0.075	Loglikelihood: -44350	(delta): 5.09317e-11
37 (QN/Block) 	Elapsed: 0.075	Loglikelihood: -44350	(delta): 5.82077e-11
38 (QN/Block) 	Elapsed: 0.071	Loglikelihood: -44350	(delta): 8.73115e-11
39 (QN/Block) 	Elapsed: 0.075	Loglikelihood: -44350	(delta): 1.45519e-11
40 (QN/Block) 	Elapsed: 0.072	Loglikelihood: -44350	(delta): 8.73115e-11
41 (QN/Block) 	Elapsed: 0.072	Loglikelihood: -44350	(delta): 1.45519e-11
42 (QN/Block) 	Elapsed: 0.071	Loglikelihood: -44350	(delta): 1.09139e-10
43 (QN/Block) 	Elapsed: 0.069	Loglikelihood: -44350	(delta): 7.27596e-12
44 (QN/Block) 	Elapsed: 0.077	Loglikelihood: -44350	(delta): 6.54836e-11
45 (QN/Block) 	Elapsed: 0.072	Loglikelihood: -44350	(delta): 7.27596e-11
46 (QN/Block) 	Elapsed: 0.071	Loglikelihood: -44350	(delta): 1.45519e-11
47 (QN/Block) 	Elapsed: 0.071	Loglikelihood: -44350	(delta): 4.36557e-11
48 (QN/Block) 	Elapsed: 0.072	Loglikelihood: -44350	(delta): 2.18279e-11
49 (QN/Block) 	Elapsed: 0.071	Loglikelihood: -44350	(delta): 4.36557e-11
50 (QN/Block) 	Elapsed: 0.083	Loglikelihood: -44350	(delta): 6.54836e-11
51 (QN/Block) 	Elapsed: 0.073	Loglikelihood: -44350	(delta): -7.27596e-12
52 (QN/Block) 	Elapsed: 0.071	Loglikelihood: -44350	(delta): 4.36557e-11
53 (QN/Block) 	Elapsed: 0.072	Loglikelihood: -44350	(delta): 2.91038e-11
54 (QN/Block) 	Elapsed: 0.076	Loglikelihood: -44350	(delta): 2.18279e-11
55 (QN/Block) 	Elapsed: 0.07	Loglikelihood: -44350	(delta): 7.27596e-12
56 (QN/Block) 	Elapsed: 0.071	Loglikelihood: -44350	(delta): 2.91038e-11
57 (QN/Block) 	Elapsed: 0.073	Loglikelihood: -44350	(delta): -7.27596e-12
58 (QN/Block) 	Elapsed: 0.074	Loglikelihood: -44350	(delta): 4.36557e-11
59 (QN/Block) 	Elapsed: 0.075	Loglikelihood: -44350	(delta): -7.27596e-12
60 (QN/Block) 	Elapsed: 0.074	Loglikelihood: -44350	(delta): 1.45519e-11
61 (QN/Block) 	Elapsed: 0.073	Loglikelihood: -44350	(delta): 2.91038e-11
62 (QN/Block) 	Elapsed: 0.076	Loglikelihood: -44350	(delta): 3.63798e-11
63 (QN/Block) 	Elapsed: 0.081	Loglikelihood: -44350	(delta): 0
64 (QN/Block) 	Elapsed: 0.074	Loglikelihood: -44350	(delta): 1.45519e-11
65 (QN/Block) 	Elapsed: 0.077	Loglikelihood: -44350	(delta): 4.36557e-11
66 (QN/Block) 	Elapsed: 0.08	Loglikelihood: -44350	(delta): -1.45519e-11
67 (QN/Block) 	Elapsed: 0.076	Loglikelihood: -44350	(delta): 0
68 (QN/Block) 	Elapsed: 0.073	Loglikelihood: -44350	(delta): 5.09317e-11
69 (QN/Block) 	Elapsed: 0.073	Loglikelihood: -44350	(delta): -7.27596e-12
70 (QN/Block) 	Elapsed: 0.075	Loglikelihood: -44350	(delta): 7.27596e-12
71 (QN/Block) 	Elapsed: 0.073	Loglikelihood: -44350	(delta): 2.91038e-11
72 (QN/Block) 	Elapsed: 0.075	Loglikelihood: -44350	(delta): 0
73 (QN/Block) 	Elapsed: 0.072	Loglikelihood: -44350	(delta): 7.27596e-12
74 (QN/Block) 	Elapsed: 0.075	Loglikelihood: -44350	(delta): 3.63798e-11
75 (QN/Block) 	Elapsed: 0.078	Loglikelihood: -44350	(delta): 2.18279e-11
76 (QN/Block) 	Elapsed: 0.078	Loglikelihood: -44350	(delta): -3.63798e-11
77 (QN/Block) 	Elapsed: 0.075	Loglikelihood: -44350	(delta): 5.82077e-11
78 (QN/Block) 	Elapsed: 0.074	Loglikelihood: -44350	(delta): 2.18279e-11
79 (QN/Block) 	Elapsed: 0.074	Loglikelihood: -44350	(delta): 2.18279e-11
80 (QN/Block) 	Elapsed: 0.074	Loglikelihood: -44350	(delta): 1.45519e-11
81 (QN/Block) 	Elapsed: 0.073	Loglikelihood: -44350	(delta): -1.45519e-11
82 (QN/Block) 	Elapsed: 0.072	Loglikelihood: -44350	(delta): -2.18279e-11
83 (QN/Block) 	Elapsed: 0.073	Loglikelihood: -44350	(delta): 5.09317e-11
84 (QN/Block) 	Elapsed: 0.075	Loglikelihood: -44350	(delta): 3.63798e-11
85 (QN/Block) 	Elapsed: 0.077	Loglikelihood: -44350	(delta): -7.27596e-12
86 (QN/Block) 	Elapsed: 0.074	Loglikelihood: -44350	(delta): 2.91038e-11
87 (QN/Block) 	Elapsed: 0.073	Loglikelihood: -44350	(delta): -2.18279e-11
88 (QN/Block) 	Elapsed: 0.073	Loglikelihood: -44350	(delta): 2.18279e-11
89 (QN/Block) 	Elapsed: 0.083	Loglikelihood: -44350	(delta): 2.91038e-11
90 (QN/Block) 	Elapsed: 0.073	Loglikelihood: -44350	(delta): -1.45519e-11
91 (QN/Block) 	Elapsed: 0.074	Loglikelihood: -44350	(delta): 2.18279e-11
92 (QN/Block) 	Elapsed: 0.078	Loglikelihood: -44350	(delta): 1.45519e-11
93 (QN/Block) 	Elapsed: 0.075	Loglikelihood: -44350	(delta): -1.45519e-11
94 (QN/Block) 	Elapsed: 0.075	Loglikelihood: -44350	(delta): 1.45519e-11
95 (QN/Block) 	Elapsed: 0.075	Loglikelihood: -44350	(delta): 7.27596e-12
96 (QN/Block) 	Elapsed: 0.073	Loglikelihood: -44350	(delta): -1.45519e-11
97 (QN/Block) 	Elapsed: 0.073	Loglikelihood: -44350	(delta): 4.36557e-11
98 (QN/Block) 	Elapsed: 0.076	Loglikelihood: -44350	(delta): 3.63798e-11
99 (QN/Block) 	Elapsed: 0.072	Loglikelihood: -44350	(delta): -7.27596e-12
100 (QN/Block) 	Elapsed: 0.073	Loglikelihood: -44350	(delta): 2.18279e-11
Summary: 
Converged in 100 iterations (7.663 sec)
Loglikelihood: -44350.013176
Fst divergences between estimated populations: 
	Pop0	Pop1	Pop2	Pop3	Pop4	Pop5	Pop6	
Pop0	
Pop1	0.829	
Pop2	0.859	0.361	
Pop3	0.289	0.822	0.854	
Pop4	0.884	0.834	0.886	0.890	
Pop5	0.874	0.817	0.868	0.879	0.507	
Pop6	0.360	0.829	0.859	0.317	0.888	0.876	
Pop7	0.882	0.827	0.881	0.887	0.584	0.450	0.884	
CV error (K=8): 0.08059
Writing output files.
