****                   ADMIXTURE Version 1.3.0                  ****
****                    Copyright 2008-2015                     ****
****           David Alexander, Suyash Shringarpure,            ****
****                John  Novembre, Ken Lange                   ****
****                                                            ****
****                 Please cite our paper!                     ****
****   Information at www.genetics.ucla.edu/software/admixture  ****

Parallel execution requested.  Will use 8 threads.
Cross-validation will be performed.  Folds=10.
Random seed: 43
Point estimation method: Block relaxation algorithm
Convergence acceleration algorithm: QuasiNewton, 3 secant conditions
Point estimation will terminate at 100 iterations
Estimation of standard errors disabled; will compute point estimates only.
Size of G: 335x1606
Performing five EM steps to prime main algorithm
1 (EM) 	Elapsed: 0.055	Loglikelihood: -229447	(delta): 516229
2 (EM) 	Elapsed: 0.056	Loglikelihood: -217434	(delta): 12013.4
3 (EM) 	Elapsed: 0.059	Loglikelihood: -215384	(delta): 2049.76
4 (EM) 	Elapsed: 0.059	Loglikelihood: -214172	(delta): 1212.44
5 (EM) 	Elapsed: 0.058	Loglikelihood: -213205	(delta): 967.096
Initial loglikelihood: -213205
Starting main algorithm
1 (QN/Block) 	Elapsed: 0.092	Loglikelihood: -191324	(delta): 21880.5
2 (QN/Block) 	Elapsed: 0.078	Loglikelihood: -185954	(delta): 5369.75
3 (QN/Block) 	Elapsed: 0.085	Loglikelihood: -184338	(delta): 1616.42
4 (QN/Block) 	Elapsed: 0.083	Loglikelihood: -183590	(delta): 747.94
5 (QN/Block) 	Elapsed: 0.082	Loglikelihood: -183173	(delta): 416.834
6 (QN/Block) 	Elapsed: 0.082	Loglikelihood: -182879	(delta): 294.155
7 (QN/Block) 	Elapsed: 0.082	Loglikelihood: -182679	(delta): 199.685
8 (QN/Block) 	Elapsed: 0.085	Loglikelihood: -182612	(delta): 67.0258
9 (QN/Block) 	Elapsed: 0.086	Loglikelihood: -182596	(delta): 16.6649
10 (QN/Block) 	Elapsed: 0.086	Loglikelihood: -182589	(delta): 6.63616
11 (QN/Block) 	Elapsed: 0.087	Loglikelihood: -182586	(delta): 2.94992
12 (QN/Block) 	Elapsed: 0.082	Loglikelihood: -182583	(delta): 3.11115
13 (QN/Block) 	Elapsed: 0.091	Loglikelihood: -182580	(delta): 2.4845
14 (QN/Block) 	Elapsed: 0.087	Loglikelihood: -182578	(delta): 2.18856
15 (QN/Block) 	Elapsed: 0.085	Loglikelihood: -182577	(delta): 1.41973
16 (QN/Block) 	Elapsed: 0.084	Loglikelihood: -182575	(delta): 1.42076
17 (QN/Block) 	Elapsed: 0.089	Loglikelihood: -182574	(delta): 1.57401
18 (QN/Block) 	Elapsed: 0.089	Loglikelihood: -182573	(delta): 0.975527
19 (QN/Block) 	Elapsed: 0.092	Loglikelihood: -182572	(delta): 1.00808
20 (QN/Block) 	Elapsed: 0.088	Loglikelihood: -182570	(delta): 1.40189
21 (QN/Block) 	Elapsed: 0.091	Loglikelihood: -182569	(delta): 1.83064
22 (QN/Block) 	Elapsed: 0.091	Loglikelihood: -182567	(delta): 2.13666
23 (QN/Block) 	Elapsed: 0.09	Loglikelihood: -182565	(delta): 1.06806
24 (QN/Block) 	Elapsed: 0.091	Loglikelihood: -182564	(delta): 0.943529
25 (QN/Block) 	Elapsed: 0.091	Loglikelihood: -182564	(delta): 0.699207
26 (QN/Block) 	Elapsed: 0.092	Loglikelihood: -182563	(delta): 0.343631
27 (QN/Block) 	Elapsed: 0.087	Loglikelihood: -182563	(delta): 0.197152
28 (QN/Block) 	Elapsed: 0.088	Loglikelihood: -182563	(delta): 0.149158
29 (QN/Block) 	Elapsed: 0.086	Loglikelihood: -182563	(delta): 0.139294
30 (QN/Block) 	Elapsed: 0.085	Loglikelihood: -182563	(delta): 0.428396
31 (QN/Block) 	Elapsed: 0.095	Loglikelihood: -182562	(delta): 0.410011
32 (QN/Block) 	Elapsed: 0.088	Loglikelihood: -182562	(delta): 0.366521
33 (QN/Block) 	Elapsed: 0.085	Loglikelihood: -182561	(delta): 0.831938
34 (QN/Block) 	Elapsed: 0.086	Loglikelihood: -182560	(delta): 0.984815
35 (QN/Block) 	Elapsed: 0.094	Loglikelihood: -182559	(delta): 0.718166
36 (QN/Block) 	Elapsed: 0.087	Loglikelihood: -182559	(delta): 0.380038
37 (QN/Block) 	Elapsed: 0.085	Loglikelihood: -182559	(delta): 0.278443
38 (QN/Block) 	Elapsed: 0.084	Loglikelihood: -182558	(delta): 0.143701
39 (QN/Block) 	Elapsed: 0.082	Loglikelihood: -182558	(delta): 0.0928478
40 (QN/Block) 	Elapsed: 0.085	Loglikelihood: -182558	(delta): 0.140578
41 (QN/Block) 	Elapsed: 0.083	Loglikelihood: -182558	(delta): 0.0683748
42 (QN/Block) 	Elapsed: 0.088	Loglikelihood: -182558	(delta): 0.143586
43 (QN/Block) 	Elapsed: 0.086	Loglikelihood: -182558	(delta): 0.0686022
44 (QN/Block) 	Elapsed: 0.086	Loglikelihood: -182558	(delta): 0.0330765
45 (QN/Block) 	Elapsed: 0.083	Loglikelihood: -182558	(delta): 0.0381903
46 (QN/Block) 	Elapsed: 0.089	Loglikelihood: -182558	(delta): 0.0257633
47 (QN/Block) 	Elapsed: 0.086	Loglikelihood: -182558	(delta): 0.0155709
48 (QN/Block) 	Elapsed: 0.087	Loglikelihood: -182558	(delta): 0.0120104
49 (QN/Block) 	Elapsed: 0.092	Loglikelihood: -182558	(delta): 0.00372754
50 (QN/Block) 	Elapsed: 0.089	Loglikelihood: -182558	(delta): 0.0033845
51 (QN/Block) 	Elapsed: 0.088	Loglikelihood: -182558	(delta): 0.00506029
52 (QN/Block) 	Elapsed: 0.087	Loglikelihood: -182558	(delta): 0.00311618
53 (QN/Block) 	Elapsed: 0.089	Loglikelihood: -182558	(delta): 0.000880283
54 (QN/Block) 	Elapsed: 0.085	Loglikelihood: -182558	(delta): 0.00131298
55 (QN/Block) 	Elapsed: 0.086	Loglikelihood: -182558	(delta): 0.000417721
56 (QN/Block) 	Elapsed: 0.089	Loglikelihood: -182558	(delta): 0.00072856
57 (QN/Block) 	Elapsed: 0.094	Loglikelihood: -182558	(delta): 0.000941233
58 (QN/Block) 	Elapsed: 0.092	Loglikelihood: -182558	(delta): 0.000621933
59 (QN/Block) 	Elapsed: 0.089	Loglikelihood: -182558	(delta): 0.000169043
60 (QN/Block) 	Elapsed: 0.082	Loglikelihood: -182558	(delta): 0.000121746
61 (QN/Block) 	Elapsed: 0.082	Loglikelihood: -182558	(delta): 1.68256e-05
62 (QN/Block) 	Elapsed: 0.082	Loglikelihood: -182558	(delta): 6.29199e-06
63 (QN/Block) 	Elapsed: 0.083	Loglikelihood: -182558	(delta): 7.46633e-06
64 (QN/Block) 	Elapsed: 0.082	Loglikelihood: -182558	(delta): 5.22076e-06
65 (QN/Block) 	Elapsed: 0.082	Loglikelihood: -182558	(delta): 2.42601e-06
66 (QN/Block) 	Elapsed: 0.082	Loglikelihood: -182558	(delta): 5.25644e-07
67 (QN/Block) 	Elapsed: 0.083	Loglikelihood: -182558	(delta): 1.88389e-07
68 (QN/Block) 	Elapsed: 0.084	Loglikelihood: -182558	(delta): 1.69413e-07
69 (QN/Block) 	Elapsed: 0.089	Loglikelihood: -182558	(delta): 1.63884e-07
70 (QN/Block) 	Elapsed: 0.088	Loglikelihood: -182558	(delta): 5.17175e-08
71 (QN/Block) 	Elapsed: 0.083	Loglikelihood: -182558	(delta): 2.22644e-08
72 (QN/Block) 	Elapsed: 0.083	Loglikelihood: -182558	(delta): 1.3737e-08
73 (QN/Block) 	Elapsed: 0.084	Loglikelihood: -182558	(delta): 1.7666e-08
74 (QN/Block) 	Elapsed: 0.082	Loglikelihood: -182558	(delta): 5.96629e-09
75 (QN/Block) 	Elapsed: 0.083	Loglikelihood: -182558	(delta): 2.91038e-09
76 (QN/Block) 	Elapsed: 0.082	Loglikelihood: -182558	(delta): 1.4843e-09
77 (QN/Block) 	Elapsed: 0.082	Loglikelihood: -182558	(delta): 2.09548e-09
78 (QN/Block) 	Elapsed: 0.082	Loglikelihood: -182558	(delta): 7.567e-10
79 (QN/Block) 	Elapsed: 0.085	Loglikelihood: -182558	(delta): 4.07454e-10
80 (QN/Block) 	Elapsed: 0.085	Loglikelihood: -182558	(delta): 2.03727e-10
81 (QN/Block) 	Elapsed: 0.088	Loglikelihood: -182558	(delta): 2.03727e-10
82 (QN/Block) 	Elapsed: 0.089	Loglikelihood: -182558	(delta): 5.82077e-11
83 (QN/Block) 	Elapsed: 0.088	Loglikelihood: -182558	(delta): 8.73115e-11
84 (QN/Block) 	Elapsed: 0.084	Loglikelihood: -182558	(delta): 0
85 (QN/Block) 	Elapsed: 0.085	Loglikelihood: -182558	(delta): 2.91038e-11
86 (QN/Block) 	Elapsed: 0.09	Loglikelihood: -182558	(delta): 5.82077e-11
87 (QN/Block) 	Elapsed: 0.088	Loglikelihood: -182558	(delta): 0
88 (QN/Block) 	Elapsed: 0.089	Loglikelihood: -182558	(delta): 0
89 (QN/Block) 	Elapsed: 0.089	Loglikelihood: -182558	(delta): -2.91038e-11
90 (QN/Block) 	Elapsed: 0.089	Loglikelihood: -182558	(delta): 2.91038e-11
91 (QN/Block) 	Elapsed: 0.088	Loglikelihood: -182558	(delta): -2.91038e-11
92 (QN/Block) 	Elapsed: 0.094	Loglikelihood: -182558	(delta): 5.82077e-11
93 (QN/Block) 	Elapsed: 0.089	Loglikelihood: -182558	(delta): -5.82077e-11
94 (QN/Block) 	Elapsed: 0.088	Loglikelihood: -182558	(delta): 2.91038e-11
95 (QN/Block) 	Elapsed: 0.087	Loglikelihood: -182558	(delta): 2.91038e-11
96 (QN/Block) 	Elapsed: 0.087	Loglikelihood: -182558	(delta): 2.91038e-11
97 (QN/Block) 	Elapsed: 0.088	Loglikelihood: -182558	(delta): 0
98 (QN/Block) 	Elapsed: 0.09	Loglikelihood: -182558	(delta): -2.91038e-11
99 (QN/Block) 	Elapsed: 0.088	Loglikelihood: -182558	(delta): 2.91038e-11
100 (QN/Block) 	Elapsed: 0.088	Loglikelihood: -182558	(delta): -8.73115e-11
Summary: 
Converged in 100 iterations (9.171 sec)
Loglikelihood: -182557.765188
Fst divergences between estimated populations: 
	Pop0	Pop1	Pop2	Pop3	Pop4	Pop5	
Pop0	
Pop1	0.067	
Pop2	0.072	0.051	
Pop3	0.367	0.341	0.358	
Pop4	0.383	0.359	0.379	0.119	
Pop5	0.115	0.086	0.101	0.360	0.375	
Pop6	0.047	0.069	0.072	0.371	0.387	0.113	
CV error (K=7): 0.23459
Writing output files.
