****                   ADMIXTURE Version 1.3.0                  ****
****                    Copyright 2008-2015                     ****
****           David Alexander, Suyash Shringarpure,            ****
****                John  Novembre, Ken Lange                   ****
****                                                            ****
****                 Please cite our paper!                     ****
****   Information at www.genetics.ucla.edu/software/admixture  ****

Parallel execution requested.  Will use 8 threads.
Cross-validation will be performed.  Folds=10.
Random seed: 43
Point estimation method: Block relaxation algorithm
Convergence acceleration algorithm: QuasiNewton, 3 secant conditions
Point estimation will terminate at 100 iterations
Estimation of standard errors disabled; will compute point estimates only.
Size of G: 335x1606
Performing five EM steps to prime main algorithm
1 (EM) 	Elapsed: 0.04	Loglikelihood: -230266	(delta): 536363
2 (EM) 	Elapsed: 0.041	Loglikelihood: -218387	(delta): 11878.8
3 (EM) 	Elapsed: 0.039	Loglikelihood: -216162	(delta): 2224.97
4 (EM) 	Elapsed: 0.041	Loglikelihood: -214820	(delta): 1342.71
5 (EM) 	Elapsed: 0.041	Loglikelihood: -213878	(delta): 941.525
Initial loglikelihood: -213878
Starting main algorithm
1 (QN/Block) 	Elapsed: 0.068	Loglikelihood: -195898	(delta): 17980
2 (QN/Block) 	Elapsed: 0.074	Loglikelihood: -189218	(delta): 6680.61
3 (QN/Block) 	Elapsed: 0.074	Loglikelihood: -187082	(delta): 2135.4
4 (QN/Block) 	Elapsed: 0.075	Loglikelihood: -185878	(delta): 1204.04
5 (QN/Block) 	Elapsed: 0.065	Loglikelihood: -185404	(delta): 474.675
6 (QN/Block) 	Elapsed: 0.071	Loglikelihood: -185231	(delta): 172.533
7 (QN/Block) 	Elapsed: 0.07	Loglikelihood: -185200	(delta): 31.2594
8 (QN/Block) 	Elapsed: 0.071	Loglikelihood: -185186	(delta): 13.6754
9 (QN/Block) 	Elapsed: 0.073	Loglikelihood: -185180	(delta): 6.21029
10 (QN/Block) 	Elapsed: 0.079	Loglikelihood: -185170	(delta): 9.61846
11 (QN/Block) 	Elapsed: 0.079	Loglikelihood: -185167	(delta): 2.81355
12 (QN/Block) 	Elapsed: 0.072	Loglikelihood: -185164	(delta): 3.07913
13 (QN/Block) 	Elapsed: 0.074	Loglikelihood: -185159	(delta): 5.37119
14 (QN/Block) 	Elapsed: 0.075	Loglikelihood: -185150	(delta): 9.37172
15 (QN/Block) 	Elapsed: 0.073	Loglikelihood: -185144	(delta): 5.28047
16 (QN/Block) 	Elapsed: 0.075	Loglikelihood: -185140	(delta): 4.02066
17 (QN/Block) 	Elapsed: 0.076	Loglikelihood: -185139	(delta): 1.76098
18 (QN/Block) 	Elapsed: 0.077	Loglikelihood: -185136	(delta): 2.3237
19 (QN/Block) 	Elapsed: 0.084	Loglikelihood: -185133	(delta): 3.65279
20 (QN/Block) 	Elapsed: 0.092	Loglikelihood: -185130	(delta): 2.82244
21 (QN/Block) 	Elapsed: 0.079	Loglikelihood: -185127	(delta): 2.83576
22 (QN/Block) 	Elapsed: 0.078	Loglikelihood: -185124	(delta): 3.04364
23 (QN/Block) 	Elapsed: 0.083	Loglikelihood: -185122	(delta): 2.16682
24 (QN/Block) 	Elapsed: 0.083	Loglikelihood: -185119	(delta): 2.33026
25 (QN/Block) 	Elapsed: 0.079	Loglikelihood: -185115	(delta): 4.0583
26 (QN/Block) 	Elapsed: 0.075	Loglikelihood: -185112	(delta): 2.82979
27 (QN/Block) 	Elapsed: 0.075	Loglikelihood: -185104	(delta): 8.41459
28 (QN/Block) 	Elapsed: 0.082	Loglikelihood: -185099	(delta): 4.54341
29 (QN/Block) 	Elapsed: 0.08	Loglikelihood: -185093	(delta): 6.20361
30 (QN/Block) 	Elapsed: 0.08	Loglikelihood: -185084	(delta): 8.82844
31 (QN/Block) 	Elapsed: 0.078	Loglikelihood: -185072	(delta): 12.8353
32 (QN/Block) 	Elapsed: 0.077	Loglikelihood: -185049	(delta): 22.8825
33 (QN/Block) 	Elapsed: 0.081	Loglikelihood: -184991	(delta): 57.7131
34 (QN/Block) 	Elapsed: 0.08	Loglikelihood: -184880	(delta): 111.003
35 (QN/Block) 	Elapsed: 0.079	Loglikelihood: -184775	(delta): 105.504
36 (QN/Block) 	Elapsed: 0.081	Loglikelihood: -184674	(delta): 100.202
37 (QN/Block) 	Elapsed: 0.078	Loglikelihood: -184613	(delta): 61.1363
38 (QN/Block) 	Elapsed: 0.08	Loglikelihood: -184553	(delta): 60.5783
39 (QN/Block) 	Elapsed: 0.079	Loglikelihood: -184525	(delta): 27.2218
40 (QN/Block) 	Elapsed: 0.087	Loglikelihood: -184516	(delta): 9.22767
41 (QN/Block) 	Elapsed: 0.081	Loglikelihood: -184513	(delta): 2.98087
42 (QN/Block) 	Elapsed: 0.082	Loglikelihood: -184511	(delta): 2.19153
43 (QN/Block) 	Elapsed: 0.085	Loglikelihood: -184511	(delta): 0.382434
44 (QN/Block) 	Elapsed: 0.079	Loglikelihood: -184511	(delta): 0.047292
45 (QN/Block) 	Elapsed: 0.082	Loglikelihood: -184511	(delta): 0.0239557
46 (QN/Block) 	Elapsed: 0.086	Loglikelihood: -184511	(delta): 0.0147887
47 (QN/Block) 	Elapsed: 0.086	Loglikelihood: -184511	(delta): 0.00429288
48 (QN/Block) 	Elapsed: 0.087	Loglikelihood: -184511	(delta): 0.000231643
49 (QN/Block) 	Elapsed: 0.077	Loglikelihood: -184511	(delta): 0.000148537
50 (QN/Block) 	Elapsed: 0.08	Loglikelihood: -184511	(delta): 4.25193e-05
51 (QN/Block) 	Elapsed: 0.08	Loglikelihood: -184511	(delta): 4.80827e-06
52 (QN/Block) 	Elapsed: 0.081	Loglikelihood: -184511	(delta): 1.74623e-06
53 (QN/Block) 	Elapsed: 0.081	Loglikelihood: -184511	(delta): 7.58155e-08
54 (QN/Block) 	Elapsed: 0.085	Loglikelihood: -184511	(delta): 9.77889e-09
55 (QN/Block) 	Elapsed: 0.078	Loglikelihood: -184511	(delta): 1.25146e-09
56 (QN/Block) 	Elapsed: 0.076	Loglikelihood: -184511	(delta): 2.91038e-10
57 (QN/Block) 	Elapsed: 0.078	Loglikelihood: -184511	(delta): 5.82077e-11
58 (QN/Block) 	Elapsed: 0.085	Loglikelihood: -184511	(delta): 0
59 (QN/Block) 	Elapsed: 0.08	Loglikelihood: -184511	(delta): 2.91038e-11
60 (QN/Block) 	Elapsed: 0.083	Loglikelihood: -184511	(delta): 2.91038e-11
61 (QN/Block) 	Elapsed: 0.077	Loglikelihood: -184511	(delta): 2.91038e-11
62 (QN/Block) 	Elapsed: 0.076	Loglikelihood: -184511	(delta): -2.91038e-11
63 (QN/Block) 	Elapsed: 0.076	Loglikelihood: -184511	(delta): -2.91038e-11
64 (QN/Block) 	Elapsed: 0.075	Loglikelihood: -184511	(delta): 0
65 (QN/Block) 	Elapsed: 0.076	Loglikelihood: -184511	(delta): 2.91038e-11
66 (QN/Block) 	Elapsed: 0.085	Loglikelihood: -184511	(delta): 2.91038e-11
67 (QN/Block) 	Elapsed: 0.085	Loglikelihood: -184511	(delta): -2.91038e-11
68 (QN/Block) 	Elapsed: 0.079	Loglikelihood: -184511	(delta): -2.91038e-11
69 (QN/Block) 	Elapsed: 0.079	Loglikelihood: -184511	(delta): 0
70 (QN/Block) 	Elapsed: 0.08	Loglikelihood: -184511	(delta): 2.91038e-11
71 (QN/Block) 	Elapsed: 0.08	Loglikelihood: -184511	(delta): -2.91038e-11
72 (QN/Block) 	Elapsed: 0.088	Loglikelihood: -184511	(delta): 0
73 (QN/Block) 	Elapsed: 0.084	Loglikelihood: -184511	(delta): 0
74 (QN/Block) 	Elapsed: 0.077	Loglikelihood: -184511	(delta): 2.91038e-11
75 (QN/Block) 	Elapsed: 0.078	Loglikelihood: -184511	(delta): -5.82077e-11
76 (QN/Block) 	Elapsed: 0.076	Loglikelihood: -184511	(delta): 2.91038e-11
77 (QN/Block) 	Elapsed: 0.075	Loglikelihood: -184511	(delta): 2.91038e-11
78 (QN/Block) 	Elapsed: 0.077	Loglikelihood: -184511	(delta): 0
79 (QN/Block) 	Elapsed: 0.073	Loglikelihood: -184511	(delta): -5.82077e-11
80 (QN/Block) 	Elapsed: 0.081	Loglikelihood: -184511	(delta): 0
81 (QN/Block) 	Elapsed: 0.074	Loglikelihood: -184511	(delta): 2.91038e-11
82 (QN/Block) 	Elapsed: 0.076	Loglikelihood: -184511	(delta): 0
83 (QN/Block) 	Elapsed: 0.076	Loglikelihood: -184511	(delta): 0
84 (QN/Block) 	Elapsed: 0.073	Loglikelihood: -184511	(delta): 0
85 (QN/Block) 	Elapsed: 0.08	Loglikelihood: -184511	(delta): 2.91038e-11
86 (QN/Block) 	Elapsed: 0.075	Loglikelihood: -184511	(delta): 0
87 (QN/Block) 	Elapsed: 0.075	Loglikelihood: -184511	(delta): -2.91038e-11
88 (QN/Block) 	Elapsed: 0.071	Loglikelihood: -184511	(delta): 0
89 (QN/Block) 	Elapsed: 0.076	Loglikelihood: -184511	(delta): -2.91038e-11
90 (QN/Block) 	Elapsed: 0.076	Loglikelihood: -184511	(delta): 2.91038e-11
91 (QN/Block) 	Elapsed: 0.071	Loglikelihood: -184511	(delta): 0
92 (QN/Block) 	Elapsed: 0.076	Loglikelihood: -184511	(delta): -2.91038e-11
93 (QN/Block) 	Elapsed: 0.072	Loglikelihood: -184511	(delta): 2.91038e-11
94 (QN/Block) 	Elapsed: 0.074	Loglikelihood: -184511	(delta): -5.82077e-11
95 (QN/Block) 	Elapsed: 0.073	Loglikelihood: -184511	(delta): 5.82077e-11
96 (QN/Block) 	Elapsed: 0.076	Loglikelihood: -184511	(delta): -2.91038e-11
97 (QN/Block) 	Elapsed: 0.077	Loglikelihood: -184511	(delta): 2.91038e-11
98 (QN/Block) 	Elapsed: 0.075	Loglikelihood: -184511	(delta): 0
99 (QN/Block) 	Elapsed: 0.074	Loglikelihood: -184511	(delta): 0
100 (QN/Block) 	Elapsed: 0.066	Loglikelihood: -184511	(delta): -2.91038e-11
Summary: 
Converged in 100 iterations (8.208 sec)
Loglikelihood: -184510.502983
Fst divergences between estimated populations: 
	Pop0	Pop1	Pop2	Pop3	
Pop0	
Pop1	0.355	
Pop2	0.337	0.084	
Pop3	0.355	0.099	0.048	
Pop4	0.357	0.104	0.055	0.059	
CV error (K=5): 0.23224
Writing output files.
