****                   ADMIXTURE Version 1.3.0                  ****
****                    Copyright 2008-2015                     ****
****           David Alexander, Suyash Shringarpure,            ****
****                John  Novembre, Ken Lange                   ****
****                                                            ****
****                 Please cite our paper!                     ****
****   Information at www.genetics.ucla.edu/software/admixture  ****

Parallel execution requested.  Will use 8 threads.
Cross-validation will be performed.  Folds=10.
Random seed: 43
Point estimation method: Block relaxation algorithm
Convergence acceleration algorithm: QuasiNewton, 3 secant conditions
Point estimation will terminate at 100 iterations
Estimation of standard errors disabled; will compute point estimates only.
Size of G: 335x1606
Performing five EM steps to prime main algorithm
1 (EM) 	Elapsed: 0.071	Loglikelihood: -224181	(delta): 516976
2 (EM) 	Elapsed: 0.075	Loglikelihood: -211362	(delta): 12819.1
3 (EM) 	Elapsed: 0.073	Loglikelihood: -209429	(delta): 1933.25
4 (EM) 	Elapsed: 0.076	Loglikelihood: -208304	(delta): 1124.34
5 (EM) 	Elapsed: 0.082	Loglikelihood: -207399	(delta): 905.149
Initial loglikelihood: -207399
Starting main algorithm
1 (QN/Block) 	Elapsed: 0.109	Loglikelihood: -185060	(delta): 22339.4
2 (QN/Block) 	Elapsed: 0.11	Loglikelihood: -178905	(delta): 6154.58
3 (QN/Block) 	Elapsed: 0.123	Loglikelihood: -177132	(delta): 1772.95
4 (QN/Block) 	Elapsed: 0.108	Loglikelihood: -176125	(delta): 1006.6
5 (QN/Block) 	Elapsed: 0.117	Loglikelihood: -175416	(delta): 709.445
6 (QN/Block) 	Elapsed: 0.114	Loglikelihood: -175070	(delta): 346.477
7 (QN/Block) 	Elapsed: 0.118	Loglikelihood: -174904	(delta): 165.065
8 (QN/Block) 	Elapsed: 0.12	Loglikelihood: -174837	(delta): 67.5645
9 (QN/Block) 	Elapsed: 0.115	Loglikelihood: -174623	(delta): 214.216
10 (QN/Block) 	Elapsed: 0.112	Loglikelihood: -174552	(delta): 70.2252
11 (QN/Block) 	Elapsed: 0.112	Loglikelihood: -174519	(delta): 33.6518
12 (QN/Block) 	Elapsed: 0.104	Loglikelihood: -174498	(delta): 20.661
13 (QN/Block) 	Elapsed: 0.109	Loglikelihood: -174488	(delta): 10.2494
14 (QN/Block) 	Elapsed: 0.108	Loglikelihood: -174483	(delta): 4.92815
15 (QN/Block) 	Elapsed: 0.106	Loglikelihood: -174481	(delta): 2.19935
16 (QN/Block) 	Elapsed: 0.107	Loglikelihood: -174476	(delta): 4.81738
17 (QN/Block) 	Elapsed: 0.116	Loglikelihood: -174475	(delta): 1.12343
18 (QN/Block) 	Elapsed: 0.108	Loglikelihood: -174474	(delta): 1.15512
19 (QN/Block) 	Elapsed: 0.109	Loglikelihood: -174473	(delta): 0.842804
20 (QN/Block) 	Elapsed: 0.105	Loglikelihood: -174472	(delta): 1.13974
21 (QN/Block) 	Elapsed: 0.104	Loglikelihood: -174470	(delta): 1.54638
22 (QN/Block) 	Elapsed: 0.107	Loglikelihood: -174468	(delta): 1.94091
23 (QN/Block) 	Elapsed: 0.106	Loglikelihood: -174466	(delta): 1.74761
24 (QN/Block) 	Elapsed: 0.107	Loglikelihood: -174465	(delta): 1.06863
25 (QN/Block) 	Elapsed: 0.104	Loglikelihood: -174465	(delta): 0.484585
26 (QN/Block) 	Elapsed: 0.104	Loglikelihood: -174465	(delta): 0.181416
27 (QN/Block) 	Elapsed: 0.103	Loglikelihood: -174465	(delta): 0.0293186
28 (QN/Block) 	Elapsed: 0.111	Loglikelihood: -174465	(delta): 0.0122462
29 (QN/Block) 	Elapsed: 0.104	Loglikelihood: -174465	(delta): 0.00727945
30 (QN/Block) 	Elapsed: 0.104	Loglikelihood: -174465	(delta): 0.00317831
31 (QN/Block) 	Elapsed: 0.097	Loglikelihood: -174465	(delta): 0.00243598
32 (QN/Block) 	Elapsed: 0.113	Loglikelihood: -174465	(delta): 0.0012964
33 (QN/Block) 	Elapsed: 0.113	Loglikelihood: -174465	(delta): 0.00132914
34 (QN/Block) 	Elapsed: 0.1	Loglikelihood: -174465	(delta): 0.00151568
35 (QN/Block) 	Elapsed: 0.107	Loglikelihood: -174465	(delta): 0.000904802
36 (QN/Block) 	Elapsed: 0.106	Loglikelihood: -174465	(delta): 0.000489894
37 (QN/Block) 	Elapsed: 0.108	Loglikelihood: -174465	(delta): 0.00012326
38 (QN/Block) 	Elapsed: 0.106	Loglikelihood: -174465	(delta): 3.54904e-05
39 (QN/Block) 	Elapsed: 0.108	Loglikelihood: -174465	(delta): 1.55163e-05
40 (QN/Block) 	Elapsed: 0.108	Loglikelihood: -174465	(delta): 3.92002e-06
41 (QN/Block) 	Elapsed: 0.112	Loglikelihood: -174465	(delta): 8.1741e-07
42 (QN/Block) 	Elapsed: 0.112	Loglikelihood: -174465	(delta): 2.19181e-07
43 (QN/Block) 	Elapsed: 0.119	Loglikelihood: -174465	(delta): 1.29308e-07
44 (QN/Block) 	Elapsed: 0.126	Loglikelihood: -174465	(delta): 2.43308e-08
45 (QN/Block) 	Elapsed: 0.107	Loglikelihood: -174465	(delta): 4.36557e-09
46 (QN/Block) 	Elapsed: 0.104	Loglikelihood: -174465	(delta): 1.36788e-09
47 (QN/Block) 	Elapsed: 0.101	Loglikelihood: -174465	(delta): 5.82077e-10
48 (QN/Block) 	Elapsed: 0.107	Loglikelihood: -174465	(delta): 2.03727e-10
49 (QN/Block) 	Elapsed: 0.114	Loglikelihood: -174465	(delta): 8.73115e-11
50 (QN/Block) 	Elapsed: 0.113	Loglikelihood: -174465	(delta): 2.91038e-11
51 (QN/Block) 	Elapsed: 0.117	Loglikelihood: -174465	(delta): 2.91038e-11
52 (QN/Block) 	Elapsed: 0.131	Loglikelihood: -174465	(delta): -2.91038e-11
53 (QN/Block) 	Elapsed: 0.126	Loglikelihood: -174465	(delta): -2.91038e-11
54 (QN/Block) 	Elapsed: 0.11	Loglikelihood: -174465	(delta): 0
55 (QN/Block) 	Elapsed: 0.109	Loglikelihood: -174465	(delta): 2.91038e-11
56 (QN/Block) 	Elapsed: 0.115	Loglikelihood: -174465	(delta): 0
57 (QN/Block) 	Elapsed: 0.115	Loglikelihood: -174465	(delta): -2.91038e-11
58 (QN/Block) 	Elapsed: 0.117	Loglikelihood: -174465	(delta): 2.91038e-11
59 (QN/Block) 	Elapsed: 0.123	Loglikelihood: -174465	(delta): 0
60 (QN/Block) 	Elapsed: 0.127	Loglikelihood: -174465	(delta): 0
61 (QN/Block) 	Elapsed: 0.124	Loglikelihood: -174465	(delta): -2.91038e-11
62 (QN/Block) 	Elapsed: 0.113	Loglikelihood: -174465	(delta): 5.82077e-11
63 (QN/Block) 	Elapsed: 0.102	Loglikelihood: -174465	(delta): -2.91038e-11
64 (QN/Block) 	Elapsed: 0.128	Loglikelihood: -174465	(delta): 2.91038e-11
65 (QN/Block) 	Elapsed: 0.119	Loglikelihood: -174465	(delta): 0
66 (QN/Block) 	Elapsed: 0.128	Loglikelihood: -174465	(delta): 2.91038e-11
67 (QN/Block) 	Elapsed: 0.115	Loglikelihood: -174465	(delta): -8.73115e-11
68 (QN/Block) 	Elapsed: 0.115	Loglikelihood: -174465	(delta): 2.91038e-11
69 (QN/Block) 	Elapsed: 0.109	Loglikelihood: -174465	(delta): 2.91038e-11
70 (QN/Block) 	Elapsed: 0.126	Loglikelihood: -174465	(delta): 0
71 (QN/Block) 	Elapsed: 0.12	Loglikelihood: -174465	(delta): 2.91038e-11
72 (QN/Block) 	Elapsed: 0.114	Loglikelihood: -174465	(delta): 0
73 (QN/Block) 	Elapsed: 0.115	Loglikelihood: -174465	(delta): 0
74 (QN/Block) 	Elapsed: 0.112	Loglikelihood: -174465	(delta): -5.82077e-11
75 (QN/Block) 	Elapsed: 0.118	Loglikelihood: -174465	(delta): 5.82077e-11
76 (QN/Block) 	Elapsed: 0.107	Loglikelihood: -174465	(delta): 0
77 (QN/Block) 	Elapsed: 0.141	Loglikelihood: -174465	(delta): -2.91038e-11
78 (QN/Block) 	Elapsed: 0.136	Loglikelihood: -174465	(delta): 2.91038e-11
79 (QN/Block) 	Elapsed: 0.123	Loglikelihood: -174465	(delta): -2.91038e-11
80 (QN/Block) 	Elapsed: 0.113	Loglikelihood: -174465	(delta): -2.91038e-11
81 (QN/Block) 	Elapsed: 0.111	Loglikelihood: -174465	(delta): 0
82 (QN/Block) 	Elapsed: 0.115	Loglikelihood: -174465	(delta): 0
83 (QN/Block) 	Elapsed: 0.112	Loglikelihood: -174465	(delta): 0
84 (QN/Block) 	Elapsed: 0.112	Loglikelihood: -174465	(delta): 0
85 (QN/Block) 	Elapsed: 0.114	Loglikelihood: -174465	(delta): 2.91038e-11
86 (QN/Block) 	Elapsed: 0.117	Loglikelihood: -174465	(delta): 0
87 (QN/Block) 	Elapsed: 0.103	Loglikelihood: -174465	(delta): -2.91038e-11
88 (QN/Block) 	Elapsed: 0.126	Loglikelihood: -174465	(delta): 0
89 (QN/Block) 	Elapsed: 0.121	Loglikelihood: -174465	(delta): -2.91038e-11
90 (QN/Block) 	Elapsed: 0.107	Loglikelihood: -174465	(delta): 2.91038e-11
91 (QN/Block) 	Elapsed: 0.115	Loglikelihood: -174465	(delta): 0
92 (QN/Block) 	Elapsed: 0.108	Loglikelihood: -174465	(delta): 0
93 (QN/Block) 	Elapsed: 0.113	Loglikelihood: -174465	(delta): 8.73115e-11
94 (QN/Block) 	Elapsed: 0.115	Loglikelihood: -174465	(delta): -5.82077e-11
95 (QN/Block) 	Elapsed: 0.125	Loglikelihood: -174465	(delta): 5.82077e-11
96 (QN/Block) 	Elapsed: 0.109	Loglikelihood: -174465	(delta): -2.91038e-11
97 (QN/Block) 	Elapsed: 0.112	Loglikelihood: -174465	(delta): 0
98 (QN/Block) 	Elapsed: 0.138	Loglikelihood: -174465	(delta): 0
99 (QN/Block) 	Elapsed: 0.114	Loglikelihood: -174465	(delta): 0
100 (QN/Block) 	Elapsed: 0.112	Loglikelihood: -174465	(delta): -2.91038e-11
Summary: 
Converged in 100 iterations (12.024 sec)
Loglikelihood: -174464.690998
Fst divergences between estimated populations: 
	Pop0	Pop1	Pop2	Pop3	Pop4	Pop5	Pop6	Pop7	
Pop0	
Pop1	0.162	
Pop2	0.106	0.099	
Pop3	0.148	0.131	0.090	
Pop4	0.140	0.131	0.079	0.077	
Pop5	0.172	0.158	0.116	0.134	0.104	
Pop6	0.399	0.376	0.361	0.393	0.387	0.422	
Pop7	0.122	0.106	0.061	0.096	0.088	0.117	0.373	
Pop8	0.424	0.405	0.386	0.420	0.416	0.448	0.121	0.404	
CV error (K=9): 0.23235
Writing output files.
