****                   ADMIXTURE Version 1.3.0                  ****
****                    Copyright 2008-2015                     ****
****           David Alexander, Suyash Shringarpure,            ****
****                John  Novembre, Ken Lange                   ****
****                                                            ****
****                 Please cite our paper!                     ****
****   Information at www.genetics.ucla.edu/software/admixture  ****

Parallel execution requested.  Will use 8 threads.
Cross-validation will be performed.  Folds=10.
Random seed: 43
Point estimation method: Block relaxation algorithm
Convergence acceleration algorithm: QuasiNewton, 3 secant conditions
Point estimation will terminate at 100 iterations
Estimation of standard errors disabled; will compute point estimates only.
Size of G: 335x1606
Performing five EM steps to prime main algorithm
1 (EM) 	Elapsed: 0.022	Loglikelihood: -229034	(delta): 578874
2 (EM) 	Elapsed: 0.024	Loglikelihood: -218016	(delta): 11018
3 (EM) 	Elapsed: 0.024	Loglikelihood: -215706	(delta): 2310.7
4 (EM) 	Elapsed: 0.024	Loglikelihood: -214429	(delta): 1276.3
5 (EM) 	Elapsed: 0.024	Loglikelihood: -213636	(delta): 793.195
Initial loglikelihood: -213636
Starting main algorithm
1 (QN/Block) 	Elapsed: 0.056	Loglikelihood: -201689	(delta): 11947.4
2 (QN/Block) 	Elapsed: 0.052	Loglikelihood: -192851	(delta): 8837.28
3 (QN/Block) 	Elapsed: 0.062	Loglikelihood: -190896	(delta): 1955.94
4 (QN/Block) 	Elapsed: 0.054	Loglikelihood: -189774	(delta): 1121.68
5 (QN/Block) 	Elapsed: 0.055	Loglikelihood: -189037	(delta): 736.493
6 (QN/Block) 	Elapsed: 0.057	Loglikelihood: -188845	(delta): 192.309
7 (QN/Block) 	Elapsed: 0.059	Loglikelihood: -188782	(delta): 63.459
8 (QN/Block) 	Elapsed: 0.059	Loglikelihood: -188774	(delta): 7.18575
9 (QN/Block) 	Elapsed: 0.065	Loglikelihood: -188774	(delta): 0.204446
10 (QN/Block) 	Elapsed: 0.063	Loglikelihood: -188774	(delta): 0.00200035
11 (QN/Block) 	Elapsed: 0.064	Loglikelihood: -188774	(delta): 0.000483891
12 (QN/Block) 	Elapsed: 0.06	Loglikelihood: -188774	(delta): 3.79721e-05
13 (QN/Block) 	Elapsed: 0.065	Loglikelihood: -188774	(delta): 1.20635e-07
14 (QN/Block) 	Elapsed: 0.054	Loglikelihood: -188774	(delta): 3.98722e-09
15 (QN/Block) 	Elapsed: 0.062	Loglikelihood: -188774	(delta): 8.73115e-11
16 (QN/Block) 	Elapsed: 0.068	Loglikelihood: -188774	(delta): 5.82077e-11
17 (QN/Block) 	Elapsed: 0.063	Loglikelihood: -188774	(delta): 0
18 (QN/Block) 	Elapsed: 0.062	Loglikelihood: -188774	(delta): 0
19 (QN/Block) 	Elapsed: 0.06	Loglikelihood: -188774	(delta): 0
20 (QN/Block) 	Elapsed: 0.063	Loglikelihood: -188774	(delta): 0
21 (QN/Block) 	Elapsed: 0.06	Loglikelihood: -188774	(delta): 2.91038e-11
22 (QN/Block) 	Elapsed: 0.06	Loglikelihood: -188774	(delta): 0
23 (QN/Block) 	Elapsed: 0.066	Loglikelihood: -188774	(delta): -5.82077e-11
24 (QN/Block) 	Elapsed: 0.069	Loglikelihood: -188774	(delta): 2.91038e-11
25 (QN/Block) 	Elapsed: 0.064	Loglikelihood: -188774	(delta): 5.82077e-11
26 (QN/Block) 	Elapsed: 0.068	Loglikelihood: -188774	(delta): -2.91038e-11
27 (QN/Block) 	Elapsed: 0.064	Loglikelihood: -188774	(delta): 0
28 (QN/Block) 	Elapsed: 0.065	Loglikelihood: -188774	(delta): 0
29 (QN/Block) 	Elapsed: 0.061	Loglikelihood: -188774	(delta): -5.82077e-11
30 (QN/Block) 	Elapsed: 0.063	Loglikelihood: -188774	(delta): -2.91038e-11
31 (QN/Block) 	Elapsed: 0.058	Loglikelihood: -188774	(delta): 5.82077e-11
32 (QN/Block) 	Elapsed: 0.062	Loglikelihood: -188774	(delta): -2.91038e-11
33 (QN/Block) 	Elapsed: 0.058	Loglikelihood: -188774	(delta): 0
34 (QN/Block) 	Elapsed: 0.065	Loglikelihood: -188774	(delta): 2.91038e-11
35 (QN/Block) 	Elapsed: 0.062	Loglikelihood: -188774	(delta): -2.91038e-11
36 (QN/Block) 	Elapsed: 0.059	Loglikelihood: -188774	(delta): 2.91038e-11
37 (QN/Block) 	Elapsed: 0.064	Loglikelihood: -188774	(delta): 0
38 (QN/Block) 	Elapsed: 0.062	Loglikelihood: -188774	(delta): -2.91038e-11
39 (QN/Block) 	Elapsed: 0.066	Loglikelihood: -188774	(delta): 0
40 (QN/Block) 	Elapsed: 0.063	Loglikelihood: -188774	(delta): 2.91038e-11
41 (QN/Block) 	Elapsed: 0.064	Loglikelihood: -188774	(delta): 0
42 (QN/Block) 	Elapsed: 0.062	Loglikelihood: -188774	(delta): -2.91038e-11
43 (QN/Block) 	Elapsed: 0.061	Loglikelihood: -188774	(delta): 2.91038e-11
44 (QN/Block) 	Elapsed: 0.067	Loglikelihood: -188774	(delta): -2.91038e-11
45 (QN/Block) 	Elapsed: 0.062	Loglikelihood: -188774	(delta): 2.91038e-11
46 (QN/Block) 	Elapsed: 0.061	Loglikelihood: -188774	(delta): 0
47 (QN/Block) 	Elapsed: 0.062	Loglikelihood: -188774	(delta): 0
48 (QN/Block) 	Elapsed: 0.057	Loglikelihood: -188774	(delta): 0
49 (QN/Block) 	Elapsed: 0.06	Loglikelihood: -188774	(delta): -2.91038e-11
50 (QN/Block) 	Elapsed: 0.056	Loglikelihood: -188774	(delta): 2.91038e-11
51 (QN/Block) 	Elapsed: 0.061	Loglikelihood: -188774	(delta): -2.91038e-11
52 (QN/Block) 	Elapsed: 0.06	Loglikelihood: -188774	(delta): -2.91038e-11
53 (QN/Block) 	Elapsed: 0.068	Loglikelihood: -188774	(delta): 5.82077e-11
54 (QN/Block) 	Elapsed: 0.07	Loglikelihood: -188774	(delta): 0
55 (QN/Block) 	Elapsed: 0.062	Loglikelihood: -188774	(delta): 0
56 (QN/Block) 	Elapsed: 0.067	Loglikelihood: -188774	(delta): -2.91038e-11
57 (QN/Block) 	Elapsed: 0.063	Loglikelihood: -188774	(delta): -2.91038e-11
58 (QN/Block) 	Elapsed: 0.067	Loglikelihood: -188774	(delta): 2.91038e-11
59 (QN/Block) 	Elapsed: 0.074	Loglikelihood: -188774	(delta): 2.91038e-11
60 (QN/Block) 	Elapsed: 0.071	Loglikelihood: -188774	(delta): -2.91038e-11
61 (QN/Block) 	Elapsed: 0.067	Loglikelihood: -188774	(delta): 0
62 (QN/Block) 	Elapsed: 0.068	Loglikelihood: -188774	(delta): 0
63 (QN/Block) 	Elapsed: 0.069	Loglikelihood: -188774	(delta): 0
64 (QN/Block) 	Elapsed: 0.066	Loglikelihood: -188774	(delta): 0
65 (QN/Block) 	Elapsed: 0.063	Loglikelihood: -188774	(delta): 0
66 (QN/Block) 	Elapsed: 0.063	Loglikelihood: -188774	(delta): 2.91038e-11
67 (QN/Block) 	Elapsed: 0.064	Loglikelihood: -188774	(delta): -2.91038e-11
68 (QN/Block) 	Elapsed: 0.062	Loglikelihood: -188774	(delta): -2.91038e-11
69 (QN/Block) 	Elapsed: 0.064	Loglikelihood: -188774	(delta): 2.91038e-11
70 (QN/Block) 	Elapsed: 0.065	Loglikelihood: -188774	(delta): -2.91038e-11
71 (QN/Block) 	Elapsed: 0.063	Loglikelihood: -188774	(delta): 0
72 (QN/Block) 	Elapsed: 0.061	Loglikelihood: -188774	(delta): 0
73 (QN/Block) 	Elapsed: 0.062	Loglikelihood: -188774	(delta): 2.91038e-11
74 (QN/Block) 	Elapsed: 0.065	Loglikelihood: -188774	(delta): 0
75 (QN/Block) 	Elapsed: 0.066	Loglikelihood: -188774	(delta): 0
76 (QN/Block) 	Elapsed: 0.057	Loglikelihood: -188774	(delta): 0
77 (QN/Block) 	Elapsed: 0.058	Loglikelihood: -188774	(delta): 0
78 (QN/Block) 	Elapsed: 0.061	Loglikelihood: -188774	(delta): 0
79 (QN/Block) 	Elapsed: 0.063	Loglikelihood: -188774	(delta): 0
80 (QN/Block) 	Elapsed: 0.058	Loglikelihood: -188774	(delta): 0
81 (QN/Block) 	Elapsed: 0.064	Loglikelihood: -188774	(delta): 0
82 (QN/Block) 	Elapsed: 0.065	Loglikelihood: -188774	(delta): 0
83 (QN/Block) 	Elapsed: 0.068	Loglikelihood: -188774	(delta): 0
84 (QN/Block) 	Elapsed: 0.068	Loglikelihood: -188774	(delta): 0
85 (QN/Block) 	Elapsed: 0.069	Loglikelihood: -188774	(delta): -2.91038e-11
86 (QN/Block) 	Elapsed: 0.068	Loglikelihood: -188774	(delta): -2.91038e-11
87 (QN/Block) 	Elapsed: 0.06	Loglikelihood: -188774	(delta): 5.82077e-11
88 (QN/Block) 	Elapsed: 0.064	Loglikelihood: -188774	(delta): 0
89 (QN/Block) 	Elapsed: 0.061	Loglikelihood: -188774	(delta): -2.91038e-11
90 (QN/Block) 	Elapsed: 0.069	Loglikelihood: -188774	(delta): -2.91038e-11
91 (QN/Block) 	Elapsed: 0.063	Loglikelihood: -188774	(delta): 2.91038e-11
92 (QN/Block) 	Elapsed: 0.067	Loglikelihood: -188774	(delta): 0
93 (QN/Block) 	Elapsed: 0.066	Loglikelihood: -188774	(delta): 0
94 (QN/Block) 	Elapsed: 0.065	Loglikelihood: -188774	(delta): 0
95 (QN/Block) 	Elapsed: 0.059	Loglikelihood: -188774	(delta): 0
96 (QN/Block) 	Elapsed: 0.06	Loglikelihood: -188774	(delta): 0
97 (QN/Block) 	Elapsed: 0.058	Loglikelihood: -188774	(delta): 0
98 (QN/Block) 	Elapsed: 0.062	Loglikelihood: -188774	(delta): 5.82077e-11
99 (QN/Block) 	Elapsed: 0.064	Loglikelihood: -188774	(delta): -5.82077e-11
100 (QN/Block) 	Elapsed: 0.062	Loglikelihood: -188774	(delta): 0
Summary: 
Converged in 100 iterations (6.609 sec)
Loglikelihood: -188774.209256
Fst divergences between estimated populations: 
	Pop0	Pop1	
Pop0	
Pop1	0.333	
Pop2	0.355	0.043	
CV error (K=3): 0.23343
Writing output files.
