****                   ADMIXTURE Version 1.3.0                  ****
****                    Copyright 2008-2015                     ****
****           David Alexander, Suyash Shringarpure,            ****
****                John  Novembre, Ken Lange                   ****
****                                                            ****
****                 Please cite our paper!                     ****
****   Information at www.genetics.ucla.edu/software/admixture  ****

Parallel execution requested.  Will use 8 threads.
Cross-validation will be performed.  Folds=10.
Random seed: 43
Point estimation method: Block relaxation algorithm
Convergence acceleration algorithm: QuasiNewton, 3 secant conditions
Point estimation will terminate at 100 iterations
Estimation of standard errors disabled; will compute point estimates only.
Size of G: 335x1606
Performing five EM steps to prime main algorithm
1 (EM) 	Elapsed: 0.03	Loglikelihood: -229169	(delta): 556391
2 (EM) 	Elapsed: 0.03	Loglikelihood: -217910	(delta): 11259.1
3 (EM) 	Elapsed: 0.032	Loglikelihood: -215726	(delta): 2184.56
4 (EM) 	Elapsed: 0.029	Loglikelihood: -214419	(delta): 1306.97
5 (EM) 	Elapsed: 0.03	Loglikelihood: -213488	(delta): 930.982
Initial loglikelihood: -213488
Starting main algorithm
1 (QN/Block) 	Elapsed: 0.071	Loglikelihood: -195330	(delta): 18157.7
2 (QN/Block) 	Elapsed: 0.083	Loglikelihood: -189621	(delta): 5708.86
3 (QN/Block) 	Elapsed: 0.073	Loglikelihood: -187711	(delta): 1909.82
4 (QN/Block) 	Elapsed: 0.073	Loglikelihood: -186689	(delta): 1022.16
5 (QN/Block) 	Elapsed: 0.067	Loglikelihood: -186378	(delta): 311.14
6 (QN/Block) 	Elapsed: 0.067	Loglikelihood: -186248	(delta): 130.392
7 (QN/Block) 	Elapsed: 0.066	Loglikelihood: -186229	(delta): 18.8648
8 (QN/Block) 	Elapsed: 0.062	Loglikelihood: -186227	(delta): 1.94773
9 (QN/Block) 	Elapsed: 0.065	Loglikelihood: -186227	(delta): 0.09758
10 (QN/Block) 	Elapsed: 0.064	Loglikelihood: -186227	(delta): 0.0131975
11 (QN/Block) 	Elapsed: 0.065	Loglikelihood: -186227	(delta): 0.00466975
12 (QN/Block) 	Elapsed: 0.069	Loglikelihood: -186227	(delta): 0.000583492
13 (QN/Block) 	Elapsed: 0.063	Loglikelihood: -186227	(delta): 0.000205311
14 (QN/Block) 	Elapsed: 0.063	Loglikelihood: -186227	(delta): 4.81606e-05
15 (QN/Block) 	Elapsed: 0.069	Loglikelihood: -186227	(delta): 2.90491e-06
16 (QN/Block) 	Elapsed: 0.076	Loglikelihood: -186227	(delta): 1.39495e-07
17 (QN/Block) 	Elapsed: 0.072	Loglikelihood: -186227	(delta): 4.87198e-08
18 (QN/Block) 	Elapsed: 0.069	Loglikelihood: -186227	(delta): 7.85803e-09
19 (QN/Block) 	Elapsed: 0.064	Loglikelihood: -186227	(delta): 3.49246e-10
20 (QN/Block) 	Elapsed: 0.07	Loglikelihood: -186227	(delta): 5.82077e-11
21 (QN/Block) 	Elapsed: 0.067	Loglikelihood: -186227	(delta): 2.91038e-11
22 (QN/Block) 	Elapsed: 0.066	Loglikelihood: -186227	(delta): -5.82077e-11
23 (QN/Block) 	Elapsed: 0.07	Loglikelihood: -186227	(delta): 0
24 (QN/Block) 	Elapsed: 0.061	Loglikelihood: -186227	(delta): 5.82077e-11
25 (QN/Block) 	Elapsed: 0.062	Loglikelihood: -186227	(delta): -2.91038e-11
26 (QN/Block) 	Elapsed: 0.067	Loglikelihood: -186227	(delta): 2.91038e-11
27 (QN/Block) 	Elapsed: 0.076	Loglikelihood: -186227	(delta): -2.91038e-11
28 (QN/Block) 	Elapsed: 0.063	Loglikelihood: -186227	(delta): -2.91038e-11
29 (QN/Block) 	Elapsed: 0.066	Loglikelihood: -186227	(delta): 0
30 (QN/Block) 	Elapsed: 0.065	Loglikelihood: -186227	(delta): 0
31 (QN/Block) 	Elapsed: 0.067	Loglikelihood: -186227	(delta): 2.91038e-11
32 (QN/Block) 	Elapsed: 0.063	Loglikelihood: -186227	(delta): 0
33 (QN/Block) 	Elapsed: 0.064	Loglikelihood: -186227	(delta): 0
34 (QN/Block) 	Elapsed: 0.069	Loglikelihood: -186227	(delta): -2.91038e-11
35 (QN/Block) 	Elapsed: 0.078	Loglikelihood: -186227	(delta): 0
36 (QN/Block) 	Elapsed: 0.066	Loglikelihood: -186227	(delta): 0
37 (QN/Block) 	Elapsed: 0.067	Loglikelihood: -186227	(delta): 2.91038e-11
38 (QN/Block) 	Elapsed: 0.071	Loglikelihood: -186227	(delta): 0
39 (QN/Block) 	Elapsed: 0.072	Loglikelihood: -186227	(delta): -2.91038e-11
40 (QN/Block) 	Elapsed: 0.068	Loglikelihood: -186227	(delta): 2.91038e-11
41 (QN/Block) 	Elapsed: 0.076	Loglikelihood: -186227	(delta): -2.91038e-11
42 (QN/Block) 	Elapsed: 0.07	Loglikelihood: -186227	(delta): 2.91038e-11
43 (QN/Block) 	Elapsed: 0.071	Loglikelihood: -186227	(delta): -2.91038e-11
44 (QN/Block) 	Elapsed: 0.071	Loglikelihood: -186227	(delta): 0
45 (QN/Block) 	Elapsed: 0.08	Loglikelihood: -186227	(delta): 2.91038e-11
46 (QN/Block) 	Elapsed: 0.075	Loglikelihood: -186227	(delta): -2.91038e-11
47 (QN/Block) 	Elapsed: 0.074	Loglikelihood: -186227	(delta): 0
48 (QN/Block) 	Elapsed: 0.075	Loglikelihood: -186227	(delta): 2.91038e-11
49 (QN/Block) 	Elapsed: 0.07	Loglikelihood: -186227	(delta): 0
50 (QN/Block) 	Elapsed: 0.076	Loglikelihood: -186227	(delta): 0
51 (QN/Block) 	Elapsed: 0.075	Loglikelihood: -186227	(delta): 0
52 (QN/Block) 	Elapsed: 0.075	Loglikelihood: -186227	(delta): 0
53 (QN/Block) 	Elapsed: 0.075	Loglikelihood: -186227	(delta): -2.91038e-11
54 (QN/Block) 	Elapsed: 0.069	Loglikelihood: -186227	(delta): 2.91038e-11
55 (QN/Block) 	Elapsed: 0.073	Loglikelihood: -186227	(delta): 0
56 (QN/Block) 	Elapsed: 0.075	Loglikelihood: -186227	(delta): 0
57 (QN/Block) 	Elapsed: 0.074	Loglikelihood: -186227	(delta): 0
58 (QN/Block) 	Elapsed: 0.079	Loglikelihood: -186227	(delta): 0
59 (QN/Block) 	Elapsed: 0.074	Loglikelihood: -186227	(delta): 2.91038e-11
60 (QN/Block) 	Elapsed: 0.074	Loglikelihood: -186227	(delta): -2.91038e-11
61 (QN/Block) 	Elapsed: 0.074	Loglikelihood: -186227	(delta): 0
62 (QN/Block) 	Elapsed: 0.074	Loglikelihood: -186227	(delta): -2.91038e-11
63 (QN/Block) 	Elapsed: 0.069	Loglikelihood: -186227	(delta): 2.91038e-11
64 (QN/Block) 	Elapsed: 0.069	Loglikelihood: -186227	(delta): 2.91038e-11
65 (QN/Block) 	Elapsed: 0.074	Loglikelihood: -186227	(delta): 0
66 (QN/Block) 	Elapsed: 0.074	Loglikelihood: -186227	(delta): -2.91038e-11
67 (QN/Block) 	Elapsed: 0.075	Loglikelihood: -186227	(delta): 0
68 (QN/Block) 	Elapsed: 0.073	Loglikelihood: -186227	(delta): 2.91038e-11
69 (QN/Block) 	Elapsed: 0.071	Loglikelihood: -186227	(delta): -2.91038e-11
70 (QN/Block) 	Elapsed: 0.074	Loglikelihood: -186227	(delta): 0
71 (QN/Block) 	Elapsed: 0.078	Loglikelihood: -186227	(delta): 0
72 (QN/Block) 	Elapsed: 0.068	Loglikelihood: -186227	(delta): 0
73 (QN/Block) 	Elapsed: 0.073	Loglikelihood: -186227	(delta): 0
74 (QN/Block) 	Elapsed: 0.073	Loglikelihood: -186227	(delta): 0
75 (QN/Block) 	Elapsed: 0.071	Loglikelihood: -186227	(delta): 2.91038e-11
76 (QN/Block) 	Elapsed: 0.073	Loglikelihood: -186227	(delta): -2.91038e-11
77 (QN/Block) 	Elapsed: 0.073	Loglikelihood: -186227	(delta): 0
78 (QN/Block) 	Elapsed: 0.068	Loglikelihood: -186227	(delta): 0
79 (QN/Block) 	Elapsed: 0.072	Loglikelihood: -186227	(delta): 0
80 (QN/Block) 	Elapsed: 0.074	Loglikelihood: -186227	(delta): 0
81 (QN/Block) 	Elapsed: 0.069	Loglikelihood: -186227	(delta): 0
82 (QN/Block) 	Elapsed: 0.07	Loglikelihood: -186227	(delta): 0
83 (QN/Block) 	Elapsed: 0.072	Loglikelihood: -186227	(delta): 0
84 (QN/Block) 	Elapsed: 0.069	Loglikelihood: -186227	(delta): 0
85 (QN/Block) 	Elapsed: 0.073	Loglikelihood: -186227	(delta): 0
86 (QN/Block) 	Elapsed: 0.066	Loglikelihood: -186227	(delta): -2.91038e-11
87 (QN/Block) 	Elapsed: 0.067	Loglikelihood: -186227	(delta): 2.91038e-11
88 (QN/Block) 	Elapsed: 0.068	Loglikelihood: -186227	(delta): 0
89 (QN/Block) 	Elapsed: 0.065	Loglikelihood: -186227	(delta): 2.91038e-11
90 (QN/Block) 	Elapsed: 0.06	Loglikelihood: -186227	(delta): 0
91 (QN/Block) 	Elapsed: 0.06	Loglikelihood: -186227	(delta): 0
92 (QN/Block) 	Elapsed: 0.068	Loglikelihood: -186227	(delta): -2.91038e-11
93 (QN/Block) 	Elapsed: 0.065	Loglikelihood: -186227	(delta): 0
94 (QN/Block) 	Elapsed: 0.072	Loglikelihood: -186227	(delta): 2.91038e-11
95 (QN/Block) 	Elapsed: 0.07	Loglikelihood: -186227	(delta): 0
96 (QN/Block) 	Elapsed: 0.07	Loglikelihood: -186227	(delta): -2.91038e-11
97 (QN/Block) 	Elapsed: 0.069	Loglikelihood: -186227	(delta): 0
98 (QN/Block) 	Elapsed: 0.069	Loglikelihood: -186227	(delta): -2.91038e-11
99 (QN/Block) 	Elapsed: 0.073	Loglikelihood: -186227	(delta): 2.91038e-11
100 (QN/Block) 	Elapsed: 0.065	Loglikelihood: -186227	(delta): 2.91038e-11
Summary: 
Converged in 100 iterations (7.378 sec)
Loglikelihood: -186226.827282
Fst divergences between estimated populations: 
	Pop0	Pop1	Pop2	
Pop0	
Pop1	0.355	
Pop2	0.356	0.057	
Pop3	0.332	0.047	0.053	
CV error (K=4): 0.23243
Writing output files.
