****                   ADMIXTURE Version 1.3.0                  ****
****                    Copyright 2008-2015                     ****
****           David Alexander, Suyash Shringarpure,            ****
****                John  Novembre, Ken Lange                   ****
****                                                            ****
****                 Please cite our paper!                     ****
****   Information at www.genetics.ucla.edu/software/admixture  ****

Parallel execution requested.  Will use 8 threads.
Cross-validation will be performed.  Folds=10.
Random seed: 43
Point estimation method: Block relaxation algorithm
Convergence acceleration algorithm: QuasiNewton, 3 secant conditions
Point estimation will terminate at 100 iterations
Estimation of standard errors disabled; will compute point estimates only.
Size of G: 335x1606
Performing five EM steps to prime main algorithm
1 (EM) 	Elapsed: 0.066	Loglikelihood: -224338	(delta): 518856
2 (EM) 	Elapsed: 0.064	Loglikelihood: -211856	(delta): 12482.3
3 (EM) 	Elapsed: 0.071	Loglikelihood: -209940	(delta): 1915.74
4 (EM) 	Elapsed: 0.07	Loglikelihood: -208813	(delta): 1127.12
5 (EM) 	Elapsed: 0.078	Loglikelihood: -207929	(delta): 883.953
Initial loglikelihood: -207929
Starting main algorithm
1 (QN/Block) 	Elapsed: 0.097	Loglikelihood: -184496	(delta): 23432.3
2 (QN/Block) 	Elapsed: 0.092	Loglikelihood: -179499	(delta): 4997.24
3 (QN/Block) 	Elapsed: 0.117	Loglikelihood: -177884	(delta): 1615.14
4 (QN/Block) 	Elapsed: 0.1	Loglikelihood: -177013	(delta): 870.935
5 (QN/Block) 	Elapsed: 0.11	Loglikelihood: -176472	(delta): 540.74
6 (QN/Block) 	Elapsed: 0.102	Loglikelihood: -176027	(delta): 445.883
7 (QN/Block) 	Elapsed: 0.106	Loglikelihood: -175812	(delta): 214.578
8 (QN/Block) 	Elapsed: 0.099	Loglikelihood: -175682	(delta): 130.238
9 (QN/Block) 	Elapsed: 0.096	Loglikelihood: -175563	(delta): 118.344
10 (QN/Block) 	Elapsed: 0.104	Loglikelihood: -175445	(delta): 118.081
11 (QN/Block) 	Elapsed: 0.097	Loglikelihood: -175344	(delta): 100.781
12 (QN/Block) 	Elapsed: 0.098	Loglikelihood: -175293	(delta): 51.8477
13 (QN/Block) 	Elapsed: 0.096	Loglikelihood: -175267	(delta): 25.3549
14 (QN/Block) 	Elapsed: 0.094	Loglikelihood: -175258	(delta): 9.54452
15 (QN/Block) 	Elapsed: 0.09	Loglikelihood: -175253	(delta): 4.85913
16 (QN/Block) 	Elapsed: 0.104	Loglikelihood: -175249	(delta): 3.73215
17 (QN/Block) 	Elapsed: 0.103	Loglikelihood: -175247	(delta): 2.1922
18 (QN/Block) 	Elapsed: 0.1	Loglikelihood: -175245	(delta): 1.68108
19 (QN/Block) 	Elapsed: 0.1	Loglikelihood: -175244	(delta): 1.44943
20 (QN/Block) 	Elapsed: 0.092	Loglikelihood: -175242	(delta): 1.34053
21 (QN/Block) 	Elapsed: 0.105	Loglikelihood: -175242	(delta): 0.60363
22 (QN/Block) 	Elapsed: 0.109	Loglikelihood: -175241	(delta): 0.496762
23 (QN/Block) 	Elapsed: 0.105	Loglikelihood: -175241	(delta): 0.492939
24 (QN/Block) 	Elapsed: 0.103	Loglikelihood: -175240	(delta): 0.918112
25 (QN/Block) 	Elapsed: 0.103	Loglikelihood: -175238	(delta): 1.80405
26 (QN/Block) 	Elapsed: 0.117	Loglikelihood: -175237	(delta): 1.21814
27 (QN/Block) 	Elapsed: 0.105	Loglikelihood: -175236	(delta): 0.749097
28 (QN/Block) 	Elapsed: 0.106	Loglikelihood: -175235	(delta): 0.727503
29 (QN/Block) 	Elapsed: 0.109	Loglikelihood: -175234	(delta): 0.990396
30 (QN/Block) 	Elapsed: 0.106	Loglikelihood: -175233	(delta): 1.30974
31 (QN/Block) 	Elapsed: 0.115	Loglikelihood: -175231	(delta): 1.76275
32 (QN/Block) 	Elapsed: 0.107	Loglikelihood: -175229	(delta): 2.29587
33 (QN/Block) 	Elapsed: 0.109	Loglikelihood: -175226	(delta): 2.7739
34 (QN/Block) 	Elapsed: 0.108	Loglikelihood: -175225	(delta): 1.57259
35 (QN/Block) 	Elapsed: 0.107	Loglikelihood: -175223	(delta): 1.54623
36 (QN/Block) 	Elapsed: 0.111	Loglikelihood: -175221	(delta): 2.13831
37 (QN/Block) 	Elapsed: 0.118	Loglikelihood: -175219	(delta): 2.29486
38 (QN/Block) 	Elapsed: 0.117	Loglikelihood: -175217	(delta): 2.19726
39 (QN/Block) 	Elapsed: 0.117	Loglikelihood: -175212	(delta): 4.55129
40 (QN/Block) 	Elapsed: 0.117	Loglikelihood: -175209	(delta): 3.5122
41 (QN/Block) 	Elapsed: 0.11	Loglikelihood: -175205	(delta): 3.9939
42 (QN/Block) 	Elapsed: 0.113	Loglikelihood: -175201	(delta): 3.1075
43 (QN/Block) 	Elapsed: 0.115	Loglikelihood: -175199	(delta): 2.18571
44 (QN/Block) 	Elapsed: 0.108	Loglikelihood: -175197	(delta): 1.96921
45 (QN/Block) 	Elapsed: 0.117	Loglikelihood: -175196	(delta): 1.44888
46 (QN/Block) 	Elapsed: 0.103	Loglikelihood: -175195	(delta): 0.407913
47 (QN/Block) 	Elapsed: 0.11	Loglikelihood: -175195	(delta): 0.162179
48 (QN/Block) 	Elapsed: 0.111	Loglikelihood: -175195	(delta): 0.400756
49 (QN/Block) 	Elapsed: 0.114	Loglikelihood: -175195	(delta): 0.212703
50 (QN/Block) 	Elapsed: 0.115	Loglikelihood: -175194	(delta): 0.203562
51 (QN/Block) 	Elapsed: 0.129	Loglikelihood: -175194	(delta): 0.275389
52 (QN/Block) 	Elapsed: 0.108	Loglikelihood: -175194	(delta): 0.434698
53 (QN/Block) 	Elapsed: 0.119	Loglikelihood: -175193	(delta): 0.367348
54 (QN/Block) 	Elapsed: 0.119	Loglikelihood: -175193	(delta): 0.311159
55 (QN/Block) 	Elapsed: 0.105	Loglikelihood: -175193	(delta): 0.120119
56 (QN/Block) 	Elapsed: 0.101	Loglikelihood: -175193	(delta): 0.0825381
57 (QN/Block) 	Elapsed: 0.107	Loglikelihood: -175193	(delta): 0.0265196
58 (QN/Block) 	Elapsed: 0.114	Loglikelihood: -175193	(delta): 0.0792369
59 (QN/Block) 	Elapsed: 0.108	Loglikelihood: -175193	(delta): 0.209861
60 (QN/Block) 	Elapsed: 0.118	Loglikelihood: -175193	(delta): 0.0262992
61 (QN/Block) 	Elapsed: 0.098	Loglikelihood: -175192	(delta): 0.0460635
62 (QN/Block) 	Elapsed: 0.11	Loglikelihood: -175192	(delta): 0.0575025
63 (QN/Block) 	Elapsed: 0.108	Loglikelihood: -175192	(delta): 0.0227091
64 (QN/Block) 	Elapsed: 0.106	Loglikelihood: -175192	(delta): 0.0295477
65 (QN/Block) 	Elapsed: 0.11	Loglikelihood: -175192	(delta): 0.0361449
66 (QN/Block) 	Elapsed: 0.109	Loglikelihood: -175192	(delta): 0.0129845
67 (QN/Block) 	Elapsed: 0.1	Loglikelihood: -175192	(delta): 0.0374821
68 (QN/Block) 	Elapsed: 0.104	Loglikelihood: -175192	(delta): 0.023183
69 (QN/Block) 	Elapsed: 0.109	Loglikelihood: -175192	(delta): 0.00554393
70 (QN/Block) 	Elapsed: 0.101	Loglikelihood: -175192	(delta): 0.00252155
71 (QN/Block) 	Elapsed: 0.114	Loglikelihood: -175192	(delta): 0.000677474
72 (QN/Block) 	Elapsed: 0.106	Loglikelihood: -175192	(delta): 0.00063694
73 (QN/Block) 	Elapsed: 0.101	Loglikelihood: -175192	(delta): 8.83146e-05
74 (QN/Block) 	Elapsed: 0.103	Loglikelihood: -175192	(delta): 6.40093e-05
75 (QN/Block) 	Elapsed: 0.118	Loglikelihood: -175192	(delta): 8.652e-05
76 (QN/Block) 	Elapsed: 0.1	Loglikelihood: -175192	(delta): 5.72173e-05
77 (QN/Block) 	Elapsed: 0.112	Loglikelihood: -175192	(delta): 2.61396e-05
78 (QN/Block) 	Elapsed: 0.106	Loglikelihood: -175192	(delta): 7.31295e-06
79 (QN/Block) 	Elapsed: 0.112	Loglikelihood: -175192	(delta): 3.07488e-06
80 (QN/Block) 	Elapsed: 0.11	Loglikelihood: -175192	(delta): 2.1458e-06
81 (QN/Block) 	Elapsed: 0.104	Loglikelihood: -175192	(delta): 9.43983e-07
82 (QN/Block) 	Elapsed: 0.101	Loglikelihood: -175192	(delta): 4.47151e-07
83 (QN/Block) 	Elapsed: 0.103	Loglikelihood: -175192	(delta): 1.04017e-07
84 (QN/Block) 	Elapsed: 0.117	Loglikelihood: -175192	(delta): 1.42318e-08
85 (QN/Block) 	Elapsed: 0.111	Loglikelihood: -175192	(delta): 6.31553e-09
86 (QN/Block) 	Elapsed: 0.104	Loglikelihood: -175192	(delta): 4.07454e-09
87 (QN/Block) 	Elapsed: 0.102	Loglikelihood: -175192	(delta): 1.92085e-09
88 (QN/Block) 	Elapsed: 0.101	Loglikelihood: -175192	(delta): 4.36557e-10
89 (QN/Block) 	Elapsed: 0.103	Loglikelihood: -175192	(delta): 1.45519e-10
90 (QN/Block) 	Elapsed: 0.108	Loglikelihood: -175192	(delta): 8.73115e-11
91 (QN/Block) 	Elapsed: 0.118	Loglikelihood: -175192	(delta): 5.82077e-11
92 (QN/Block) 	Elapsed: 0.107	Loglikelihood: -175192	(delta): 5.82077e-11
93 (QN/Block) 	Elapsed: 0.117	Loglikelihood: -175192	(delta): 0
94 (QN/Block) 	Elapsed: 0.106	Loglikelihood: -175192	(delta): 0
95 (QN/Block) 	Elapsed: 0.112	Loglikelihood: -175192	(delta): -2.91038e-11
96 (QN/Block) 	Elapsed: 0.112	Loglikelihood: -175192	(delta): -2.91038e-11
97 (QN/Block) 	Elapsed: 0.111	Loglikelihood: -175192	(delta): 2.91038e-11
98 (QN/Block) 	Elapsed: 0.109	Loglikelihood: -175192	(delta): 0
99 (QN/Block) 	Elapsed: 0.106	Loglikelihood: -175192	(delta): 0
100 (QN/Block) 	Elapsed: 0.134	Loglikelihood: -175192	(delta): 2.91038e-11
Summary: 
Converged in 100 iterations (11.413 sec)
Loglikelihood: -175192.241009
Fst divergences between estimated populations: 
	Pop0	Pop1	Pop2	Pop3	Pop4	Pop5	Pop6	
Pop0	
Pop1	0.064	
Pop2	0.088	0.079	
Pop3	0.087	0.091	0.069	
Pop4	0.080	0.072	0.093	0.095	
Pop5	0.085	0.080	0.060	0.060	0.088	
Pop6	0.389	0.393	0.375	0.365	0.394	0.362	
Pop7	0.154	0.147	0.134	0.118	0.152	0.131	0.378	
CV error (K=8): 0.23066
Writing output files.
