****                   ADMIXTURE Version 1.3.0                  ****
****                    Copyright 2008-2015                     ****
****           David Alexander, Suyash Shringarpure,            ****
****                John  Novembre, Ken Lange                   ****
****                                                            ****
****                 Please cite our paper!                     ****
****   Information at www.genetics.ucla.edu/software/admixture  ****

Parallel execution requested.  Will use 8 threads.
Cross-validation will be performed.  Folds=10.
Random seed: 43
Point estimation method: Block relaxation algorithm
Convergence acceleration algorithm: QuasiNewton, 3 secant conditions
Point estimation will terminate at 100 iterations
Estimation of standard errors disabled; will compute point estimates only.
Size of G: 142x1465
Performing five EM steps to prime main algorithm
1 (EM) 	Elapsed: 0.02	Loglikelihood: -136403	(delta): 144325
2 (EM) 	Elapsed: 0.019	Loglikelihood: -129816	(delta): 6586.98
3 (EM) 	Elapsed: 0.02	Loglikelihood: -127810	(delta): 2005.13
4 (EM) 	Elapsed: 0.018	Loglikelihood: -126055	(delta): 1755.83
5 (EM) 	Elapsed: 0.019	Loglikelihood: -124000	(delta): 2054.52
Initial loglikelihood: -124000
Starting main algorithm
1 (QN/Block) 	Elapsed: 0.032	Loglikelihood: -83437.5	(delta): 40562.6
2 (QN/Block) 	Elapsed: 0.028	Loglikelihood: -77963.9	(delta): 5473.57
3 (QN/Block) 	Elapsed: 0.032	Loglikelihood: -76210.6	(delta): 1753.28
4 (QN/Block) 	Elapsed: 0.028	Loglikelihood: -75243	(delta): 967.64
5 (QN/Block) 	Elapsed: 0.031	Loglikelihood: -74691.2	(delta): 551.761
6 (QN/Block) 	Elapsed: 0.032	Loglikelihood: -74474.6	(delta): 216.581
7 (QN/Block) 	Elapsed: 0.032	Loglikelihood: -74356.7	(delta): 117.888
8 (QN/Block) 	Elapsed: 0.032	Loglikelihood: -74188.5	(delta): 168.256
9 (QN/Block) 	Elapsed: 0.033	Loglikelihood: -73994.3	(delta): 194.179
10 (QN/Block) 	Elapsed: 0.033	Loglikelihood: -73938.4	(delta): 55.9072
11 (QN/Block) 	Elapsed: 0.034	Loglikelihood: -73932	(delta): 6.40146
12 (QN/Block) 	Elapsed: 0.036	Loglikelihood: -73927	(delta): 4.94882
13 (QN/Block) 	Elapsed: 0.038	Loglikelihood: -73923.7	(delta): 3.31417
14 (QN/Block) 	Elapsed: 0.033	Loglikelihood: -73922.8	(delta): 0.905378
15 (QN/Block) 	Elapsed: 0.031	Loglikelihood: -73921.7	(delta): 1.11844
16 (QN/Block) 	Elapsed: 0.031	Loglikelihood: -73921.3	(delta): 0.359057
17 (QN/Block) 	Elapsed: 0.029	Loglikelihood: -73921.2	(delta): 0.17724
18 (QN/Block) 	Elapsed: 0.029	Loglikelihood: -73921	(delta): 0.202058
19 (QN/Block) 	Elapsed: 0.03	Loglikelihood: -73919	(delta): 1.99622
20 (QN/Block) 	Elapsed: 0.03	Loglikelihood: -73918.7	(delta): 0.256064
21 (QN/Block) 	Elapsed: 0.029	Loglikelihood: -73918.6	(delta): 0.0660374
22 (QN/Block) 	Elapsed: 0.033	Loglikelihood: -73918.6	(delta): 0.0325903
23 (QN/Block) 	Elapsed: 0.031	Loglikelihood: -73918.3	(delta): 0.304458
24 (QN/Block) 	Elapsed: 0.032	Loglikelihood: -73918.1	(delta): 0.169959
25 (QN/Block) 	Elapsed: 0.031	Loglikelihood: -73917.9	(delta): 0.246217
26 (QN/Block) 	Elapsed: 0.031	Loglikelihood: -73917.5	(delta): 0.392246
27 (QN/Block) 	Elapsed: 0.03	Loglikelihood: -73916.8	(delta): 0.658031
28 (QN/Block) 	Elapsed: 0.031	Loglikelihood: -73915.8	(delta): 1.06699
29 (QN/Block) 	Elapsed: 0.03	Loglikelihood: -73915.5	(delta): 0.302502
30 (QN/Block) 	Elapsed: 0.03	Loglikelihood: -73915.4	(delta): 0.0601908
31 (QN/Block) 	Elapsed: 0.028	Loglikelihood: -73915.4	(delta): 0.00383484
32 (QN/Block) 	Elapsed: 0.031	Loglikelihood: -73915.4	(delta): 0.000234751
33 (QN/Block) 	Elapsed: 0.029	Loglikelihood: -73915.4	(delta): 3.51387e-05
34 (QN/Block) 	Elapsed: 0.03	Loglikelihood: -73915.4	(delta): 5.58517e-07
35 (QN/Block) 	Elapsed: 0.028	Loglikelihood: -73915.4	(delta): 3.94066e-08
36 (QN/Block) 	Elapsed: 0.03	Loglikelihood: -73915.4	(delta): 2.18279e-09
37 (QN/Block) 	Elapsed: 0.029	Loglikelihood: -73915.4	(delta): 7.27596e-11
38 (QN/Block) 	Elapsed: 0.033	Loglikelihood: -73915.4	(delta): 0
39 (QN/Block) 	Elapsed: 0.03	Loglikelihood: -73915.4	(delta): 2.91038e-11
40 (QN/Block) 	Elapsed: 0.037	Loglikelihood: -73915.4	(delta): -2.91038e-11
41 (QN/Block) 	Elapsed: 0.031	Loglikelihood: -73915.4	(delta): 1.45519e-11
42 (QN/Block) 	Elapsed: 0.036	Loglikelihood: -73915.4	(delta): 0
43 (QN/Block) 	Elapsed: 0.032	Loglikelihood: -73915.4	(delta): -1.45519e-11
44 (QN/Block) 	Elapsed: 0.032	Loglikelihood: -73915.4	(delta): 2.91038e-11
45 (QN/Block) 	Elapsed: 0.041	Loglikelihood: -73915.4	(delta): -1.45519e-11
46 (QN/Block) 	Elapsed: 0.034	Loglikelihood: -73915.4	(delta): 0
47 (QN/Block) 	Elapsed: 0.037	Loglikelihood: -73915.4	(delta): 0
48 (QN/Block) 	Elapsed: 0.035	Loglikelihood: -73915.4	(delta): 1.45519e-11
49 (QN/Block) 	Elapsed: 0.039	Loglikelihood: -73915.4	(delta): 0
50 (QN/Block) 	Elapsed: 0.033	Loglikelihood: -73915.4	(delta): -1.45519e-11
51 (QN/Block) 	Elapsed: 0.035	Loglikelihood: -73915.4	(delta): 0
52 (QN/Block) 	Elapsed: 0.033	Loglikelihood: -73915.4	(delta): 0
53 (QN/Block) 	Elapsed: 0.03	Loglikelihood: -73915.4	(delta): 1.45519e-11
54 (QN/Block) 	Elapsed: 0.037	Loglikelihood: -73915.4	(delta): 0
55 (QN/Block) 	Elapsed: 0.036	Loglikelihood: -73915.4	(delta): 0
56 (QN/Block) 	Elapsed: 0.031	Loglikelihood: -73915.4	(delta): -1.45519e-11
57 (QN/Block) 	Elapsed: 0.036	Loglikelihood: -73915.4	(delta): 1.45519e-11
58 (QN/Block) 	Elapsed: 0.038	Loglikelihood: -73915.4	(delta): 1.45519e-11
59 (QN/Block) 	Elapsed: 0.039	Loglikelihood: -73915.4	(delta): -1.45519e-11
60 (QN/Block) 	Elapsed: 0.032	Loglikelihood: -73915.4	(delta): 0
61 (QN/Block) 	Elapsed: 0.033	Loglikelihood: -73915.4	(delta): 0
62 (QN/Block) 	Elapsed: 0.032	Loglikelihood: -73915.4	(delta): -1.45519e-11
63 (QN/Block) 	Elapsed: 0.032	Loglikelihood: -73915.4	(delta): 1.45519e-11
64 (QN/Block) 	Elapsed: 0.03	Loglikelihood: -73915.4	(delta): 1.45519e-11
65 (QN/Block) 	Elapsed: 0.034	Loglikelihood: -73915.4	(delta): 0
66 (QN/Block) 	Elapsed: 0.031	Loglikelihood: -73915.4	(delta): 0
67 (QN/Block) 	Elapsed: 0.031	Loglikelihood: -73915.4	(delta): 0
68 (QN/Block) 	Elapsed: 0.029	Loglikelihood: -73915.4	(delta): -2.91038e-11
69 (QN/Block) 	Elapsed: 0.032	Loglikelihood: -73915.4	(delta): 2.91038e-11
70 (QN/Block) 	Elapsed: 0.029	Loglikelihood: -73915.4	(delta): -2.91038e-11
71 (QN/Block) 	Elapsed: 0.03	Loglikelihood: -73915.4	(delta): 2.91038e-11
72 (QN/Block) 	Elapsed: 0.035	Loglikelihood: -73915.4	(delta): -1.45519e-11
73 (QN/Block) 	Elapsed: 0.034	Loglikelihood: -73915.4	(delta): 0
74 (QN/Block) 	Elapsed: 0.035	Loglikelihood: -73915.4	(delta): 1.45519e-11
75 (QN/Block) 	Elapsed: 0.028	Loglikelihood: -73915.4	(delta): 1.45519e-11
76 (QN/Block) 	Elapsed: 0.038	Loglikelihood: -73915.4	(delta): -2.91038e-11
77 (QN/Block) 	Elapsed: 0.031	Loglikelihood: -73915.4	(delta): 1.45519e-11
78 (QN/Block) 	Elapsed: 0.032	Loglikelihood: -73915.4	(delta): 0
79 (QN/Block) 	Elapsed: 0.03	Loglikelihood: -73915.4	(delta): 0
80 (QN/Block) 	Elapsed: 0.032	Loglikelihood: -73915.4	(delta): -1.45519e-11
81 (QN/Block) 	Elapsed: 0.03	Loglikelihood: -73915.4	(delta): 1.45519e-11
82 (QN/Block) 	Elapsed: 0.032	Loglikelihood: -73915.4	(delta): -1.45519e-11
83 (QN/Block) 	Elapsed: 0.032	Loglikelihood: -73915.4	(delta): 1.45519e-11
84 (QN/Block) 	Elapsed: 0.034	Loglikelihood: -73915.4	(delta): 0
85 (QN/Block) 	Elapsed: 0.029	Loglikelihood: -73915.4	(delta): -1.45519e-11
86 (QN/Block) 	Elapsed: 0.031	Loglikelihood: -73915.4	(delta): 0
87 (QN/Block) 	Elapsed: 0.03	Loglikelihood: -73915.4	(delta): 2.91038e-11
88 (QN/Block) 	Elapsed: 0.031	Loglikelihood: -73915.4	(delta): -1.45519e-11
89 (QN/Block) 	Elapsed: 0.029	Loglikelihood: -73915.4	(delta): 0
90 (QN/Block) 	Elapsed: 0.032	Loglikelihood: -73915.4	(delta): 0
91 (QN/Block) 	Elapsed: 0.03	Loglikelihood: -73915.4	(delta): 0
92 (QN/Block) 	Elapsed: 0.031	Loglikelihood: -73915.4	(delta): 0
93 (QN/Block) 	Elapsed: 0.035	Loglikelihood: -73915.4	(delta): 0
94 (QN/Block) 	Elapsed: 0.035	Loglikelihood: -73915.4	(delta): 0
95 (QN/Block) 	Elapsed: 0.039	Loglikelihood: -73915.4	(delta): 0
96 (QN/Block) 	Elapsed: 0.03	Loglikelihood: -73915.4	(delta): 0
97 (QN/Block) 	Elapsed: 0.035	Loglikelihood: -73915.4	(delta): 0
98 (QN/Block) 	Elapsed: 0.038	Loglikelihood: -73915.4	(delta): 1.45519e-11
99 (QN/Block) 	Elapsed: 0.035	Loglikelihood: -73915.4	(delta): -1.45519e-11
100 (QN/Block) 	Elapsed: 0.037	Loglikelihood: -73915.4	(delta): -1.45519e-11
Summary: 
Converged in 100 iterations (3.459 sec)
Loglikelihood: -73915.405508
Fst divergences between estimated populations: 
	Pop0	Pop1	Pop2	Pop3	Pop4	
Pop0	
Pop1	0.441	
Pop2	0.749	0.654	
Pop3	0.184	0.421	0.728	
Pop4	0.566	0.475	0.440	0.548	
Pop5	0.278	0.464	0.774	0.225	0.590	
CV error (K=6): 0.38152
Writing output files.
