****                   ADMIXTURE Version 1.3.0                  ****
****                    Copyright 2008-2015                     ****
****           David Alexander, Suyash Shringarpure,            ****
****                John  Novembre, Ken Lange                   ****
****                                                            ****
****                 Please cite our paper!                     ****
****   Information at www.genetics.ucla.edu/software/admixture  ****

Parallel execution requested.  Will use 8 threads.
Cross-validation will be performed.  Folds=10.
Random seed: 43
Point estimation method: Block relaxation algorithm
Convergence acceleration algorithm: QuasiNewton, 3 secant conditions
Point estimation will terminate at 100 iterations
Estimation of standard errors disabled; will compute point estimates only.
Size of G: 142x1465
Performing five EM steps to prime main algorithm
1 (EM) 	Elapsed: 0.02	Loglikelihood: -136044	(delta): 141274
2 (EM) 	Elapsed: 0.019	Loglikelihood: -129131	(delta): 6912.69
3 (EM) 	Elapsed: 0.019	Loglikelihood: -126781	(delta): 2350.43
4 (EM) 	Elapsed: 0.02	Loglikelihood: -124505	(delta): 2275.39
5 (EM) 	Elapsed: 0.019	Loglikelihood: -121747	(delta): 2758.24
Initial loglikelihood: -121747
Starting main algorithm
1 (QN/Block) 	Elapsed: 0.037	Loglikelihood: -84085	(delta): 37662.1
2 (QN/Block) 	Elapsed: 0.032	Loglikelihood: -77529.8	(delta): 6555.25
3 (QN/Block) 	Elapsed: 0.035	Loglikelihood: -74971	(delta): 2558.82
4 (QN/Block) 	Elapsed: 0.04	Loglikelihood: -73467.3	(delta): 1503.64
5 (QN/Block) 	Elapsed: 0.038	Loglikelihood: -72824.6	(delta): 642.721
6 (QN/Block) 	Elapsed: 0.039	Loglikelihood: -72629.1	(delta): 195.498
7 (QN/Block) 	Elapsed: 0.035	Loglikelihood: -72542.5	(delta): 86.6057
8 (QN/Block) 	Elapsed: 0.041	Loglikelihood: -72474.1	(delta): 68.3899
9 (QN/Block) 	Elapsed: 0.033	Loglikelihood: -72401.6	(delta): 72.4831
10 (QN/Block) 	Elapsed: 0.036	Loglikelihood: -72367.5	(delta): 34.1763
11 (QN/Block) 	Elapsed: 0.035	Loglikelihood: -72338.4	(delta): 29.0226
12 (QN/Block) 	Elapsed: 0.034	Loglikelihood: -72326.7	(delta): 11.71
13 (QN/Block) 	Elapsed: 0.036	Loglikelihood: -72323.7	(delta): 3.01007
14 (QN/Block) 	Elapsed: 0.035	Loglikelihood: -72322.8	(delta): 0.869736
15 (QN/Block) 	Elapsed: 0.032	Loglikelihood: -72322.1	(delta): 0.711748
16 (QN/Block) 	Elapsed: 0.034	Loglikelihood: -72321.2	(delta): 0.952808
17 (QN/Block) 	Elapsed: 0.037	Loglikelihood: -72320.7	(delta): 0.429861
18 (QN/Block) 	Elapsed: 0.032	Loglikelihood: -72320.6	(delta): 0.134166
19 (QN/Block) 	Elapsed: 0.037	Loglikelihood: -72320.6	(delta): 0.0351881
20 (QN/Block) 	Elapsed: 0.032	Loglikelihood: -72320.6	(delta): 0.00477941
21 (QN/Block) 	Elapsed: 0.036	Loglikelihood: -72320.6	(delta): 0.000532775
22 (QN/Block) 	Elapsed: 0.031	Loglikelihood: -72320.6	(delta): 0.000140059
23 (QN/Block) 	Elapsed: 0.034	Loglikelihood: -72320.6	(delta): 3.74616e-06
24 (QN/Block) 	Elapsed: 0.032	Loglikelihood: -72320.6	(delta): 3.96511e-07
25 (QN/Block) 	Elapsed: 0.034	Loglikelihood: -72320.6	(delta): 3.56958e-08
26 (QN/Block) 	Elapsed: 0.032	Loglikelihood: -72320.6	(delta): 5.38421e-10
27 (QN/Block) 	Elapsed: 0.035	Loglikelihood: -72320.6	(delta): 4.36557e-11
28 (QN/Block) 	Elapsed: 0.039	Loglikelihood: -72320.6	(delta): -1.45519e-11
29 (QN/Block) 	Elapsed: 0.041	Loglikelihood: -72320.6	(delta): 1.45519e-11
30 (QN/Block) 	Elapsed: 0.038	Loglikelihood: -72320.6	(delta): 1.45519e-11
31 (QN/Block) 	Elapsed: 0.038	Loglikelihood: -72320.6	(delta): -1.45519e-11
32 (QN/Block) 	Elapsed: 0.039	Loglikelihood: -72320.6	(delta): 1.45519e-11
33 (QN/Block) 	Elapsed: 0.041	Loglikelihood: -72320.6	(delta): 0
34 (QN/Block) 	Elapsed: 0.041	Loglikelihood: -72320.6	(delta): 1.45519e-11
35 (QN/Block) 	Elapsed: 0.041	Loglikelihood: -72320.6	(delta): -1.45519e-11
36 (QN/Block) 	Elapsed: 0.036	Loglikelihood: -72320.6	(delta): 1.45519e-11
37 (QN/Block) 	Elapsed: 0.035	Loglikelihood: -72320.6	(delta): -1.45519e-11
38 (QN/Block) 	Elapsed: 0.044	Loglikelihood: -72320.6	(delta): 1.45519e-11
39 (QN/Block) 	Elapsed: 0.048	Loglikelihood: -72320.6	(delta): -1.45519e-11
40 (QN/Block) 	Elapsed: 0.04	Loglikelihood: -72320.6	(delta): -1.45519e-11
41 (QN/Block) 	Elapsed: 0.037	Loglikelihood: -72320.6	(delta): 2.91038e-11
42 (QN/Block) 	Elapsed: 0.038	Loglikelihood: -72320.6	(delta): -1.45519e-11
43 (QN/Block) 	Elapsed: 0.037	Loglikelihood: -72320.6	(delta): 1.45519e-11
44 (QN/Block) 	Elapsed: 0.037	Loglikelihood: -72320.6	(delta): 0
45 (QN/Block) 	Elapsed: 0.037	Loglikelihood: -72320.6	(delta): 1.45519e-11
46 (QN/Block) 	Elapsed: 0.037	Loglikelihood: -72320.6	(delta): -1.45519e-11
47 (QN/Block) 	Elapsed: 0.037	Loglikelihood: -72320.6	(delta): 0
48 (QN/Block) 	Elapsed: 0.036	Loglikelihood: -72320.6	(delta): 1.45519e-11
49 (QN/Block) 	Elapsed: 0.038	Loglikelihood: -72320.6	(delta): 0
50 (QN/Block) 	Elapsed: 0.034	Loglikelihood: -72320.6	(delta): 0
51 (QN/Block) 	Elapsed: 0.036	Loglikelihood: -72320.6	(delta): -1.45519e-11
52 (QN/Block) 	Elapsed: 0.036	Loglikelihood: -72320.6	(delta): 1.45519e-11
53 (QN/Block) 	Elapsed: 0.035	Loglikelihood: -72320.6	(delta): 1.45519e-11
54 (QN/Block) 	Elapsed: 0.044	Loglikelihood: -72320.6	(delta): 0
55 (QN/Block) 	Elapsed: 0.036	Loglikelihood: -72320.6	(delta): -1.45519e-11
56 (QN/Block) 	Elapsed: 0.034	Loglikelihood: -72320.6	(delta): 0
57 (QN/Block) 	Elapsed: 0.039	Loglikelihood: -72320.6	(delta): 1.45519e-11
58 (QN/Block) 	Elapsed: 0.041	Loglikelihood: -72320.6	(delta): 0
59 (QN/Block) 	Elapsed: 0.038	Loglikelihood: -72320.6	(delta): -1.45519e-11
60 (QN/Block) 	Elapsed: 0.032	Loglikelihood: -72320.6	(delta): 0
61 (QN/Block) 	Elapsed: 0.035	Loglikelihood: -72320.6	(delta): 0
62 (QN/Block) 	Elapsed: 0.034	Loglikelihood: -72320.6	(delta): 1.45519e-11
63 (QN/Block) 	Elapsed: 0.033	Loglikelihood: -72320.6	(delta): 0
64 (QN/Block) 	Elapsed: 0.036	Loglikelihood: -72320.6	(delta): 0
65 (QN/Block) 	Elapsed: 0.035	Loglikelihood: -72320.6	(delta): 0
66 (QN/Block) 	Elapsed: 0.035	Loglikelihood: -72320.6	(delta): -1.45519e-11
67 (QN/Block) 	Elapsed: 0.036	Loglikelihood: -72320.6	(delta): 1.45519e-11
68 (QN/Block) 	Elapsed: 0.034	Loglikelihood: -72320.6	(delta): 0
69 (QN/Block) 	Elapsed: 0.037	Loglikelihood: -72320.6	(delta): 1.45519e-11
70 (QN/Block) 	Elapsed: 0.036	Loglikelihood: -72320.6	(delta): -1.45519e-11
71 (QN/Block) 	Elapsed: 0.034	Loglikelihood: -72320.6	(delta): 0
72 (QN/Block) 	Elapsed: 0.036	Loglikelihood: -72320.6	(delta): 1.45519e-11
73 (QN/Block) 	Elapsed: 0.035	Loglikelihood: -72320.6	(delta): -1.45519e-11
74 (QN/Block) 	Elapsed: 0.032	Loglikelihood: -72320.6	(delta): 0
75 (QN/Block) 	Elapsed: 0.035	Loglikelihood: -72320.6	(delta): 0
76 (QN/Block) 	Elapsed: 0.038	Loglikelihood: -72320.6	(delta): 1.45519e-11
77 (QN/Block) 	Elapsed: 0.035	Loglikelihood: -72320.6	(delta): -1.45519e-11
78 (QN/Block) 	Elapsed: 0.036	Loglikelihood: -72320.6	(delta): 1.45519e-11
79 (QN/Block) 	Elapsed: 0.035	Loglikelihood: -72320.6	(delta): 0
80 (QN/Block) 	Elapsed: 0.035	Loglikelihood: -72320.6	(delta): 0
81 (QN/Block) 	Elapsed: 0.048	Loglikelihood: -72320.6	(delta): -1.45519e-11
82 (QN/Block) 	Elapsed: 0.036	Loglikelihood: -72320.6	(delta): 0
83 (QN/Block) 	Elapsed: 0.035	Loglikelihood: -72320.6	(delta): 0
84 (QN/Block) 	Elapsed: 0.037	Loglikelihood: -72320.6	(delta): 0
85 (QN/Block) 	Elapsed: 0.034	Loglikelihood: -72320.6	(delta): 1.45519e-11
86 (QN/Block) 	Elapsed: 0.034	Loglikelihood: -72320.6	(delta): -1.45519e-11
87 (QN/Block) 	Elapsed: 0.035	Loglikelihood: -72320.6	(delta): 0
88 (QN/Block) 	Elapsed: 0.035	Loglikelihood: -72320.6	(delta): -1.45519e-11
89 (QN/Block) 	Elapsed: 0.035	Loglikelihood: -72320.6	(delta): 1.45519e-11
90 (QN/Block) 	Elapsed: 0.035	Loglikelihood: -72320.6	(delta): 0
91 (QN/Block) 	Elapsed: 0.035	Loglikelihood: -72320.6	(delta): 0
92 (QN/Block) 	Elapsed: 0.037	Loglikelihood: -72320.6	(delta): 1.45519e-11
93 (QN/Block) 	Elapsed: 0.038	Loglikelihood: -72320.6	(delta): -1.45519e-11
94 (QN/Block) 	Elapsed: 0.038	Loglikelihood: -72320.6	(delta): 1.45519e-11
95 (QN/Block) 	Elapsed: 0.034	Loglikelihood: -72320.6	(delta): -1.45519e-11
96 (QN/Block) 	Elapsed: 0.036	Loglikelihood: -72320.6	(delta): 0
97 (QN/Block) 	Elapsed: 0.034	Loglikelihood: -72320.6	(delta): 0
98 (QN/Block) 	Elapsed: 0.033	Loglikelihood: -72320.6	(delta): 1.45519e-11
99 (QN/Block) 	Elapsed: 0.035	Loglikelihood: -72320.6	(delta): 0
100 (QN/Block) 	Elapsed: 0.036	Loglikelihood: -72320.6	(delta): 0
Summary: 
Converged in 100 iterations (3.858 sec)
Loglikelihood: -72320.574062
Fst divergences between estimated populations: 
	Pop0	Pop1	Pop2	Pop3	Pop4	Pop5	
Pop0	
Pop1	0.514	
Pop2	0.524	0.185	
Pop3	0.444	0.565	0.573	
Pop4	0.454	0.584	0.590	0.186	
Pop5	0.487	0.610	0.615	0.227	0.280	
Pop6	0.277	0.523	0.527	0.455	0.476	0.499	
CV error (K=7): 0.41588
Writing output files.
