****                   ADMIXTURE Version 1.3.0                  ****
****                    Copyright 2008-2015                     ****
****           David Alexander, Suyash Shringarpure,            ****
****                John  Novembre, Ken Lange                   ****
****                                                            ****
****                 Please cite our paper!                     ****
****   Information at www.genetics.ucla.edu/software/admixture  ****

Parallel execution requested.  Will use 8 threads.
Cross-validation will be performed.  Folds=10.
Random seed: 43
Point estimation method: Block relaxation algorithm
Convergence acceleration algorithm: QuasiNewton, 3 secant conditions
Point estimation will terminate at 100 iterations
Estimation of standard errors disabled; will compute point estimates only.
Size of G: 142x1465
Performing five EM steps to prime main algorithm
1 (EM) 	Elapsed: 0.014	Loglikelihood: -136821	(delta): 149872
2 (EM) 	Elapsed: 0.014	Loglikelihood: -130251	(delta): 6570.03
3 (EM) 	Elapsed: 0.014	Loglikelihood: -128289	(delta): 1962.02
4 (EM) 	Elapsed: 0.014	Loglikelihood: -126688	(delta): 1600.62
5 (EM) 	Elapsed: 0.014	Loglikelihood: -124898	(delta): 1789.77
Initial loglikelihood: -124898
Starting main algorithm
1 (QN/Block) 	Elapsed: 0.025	Loglikelihood: -87054.9	(delta): 37843.3
2 (QN/Block) 	Elapsed: 0.026	Loglikelihood: -81035.2	(delta): 6019.64
3 (QN/Block) 	Elapsed: 0.029	Loglikelihood: -78036.4	(delta): 2998.8
4 (QN/Block) 	Elapsed: 0.027	Loglikelihood: -76435.4	(delta): 1601.07
5 (QN/Block) 	Elapsed: 0.028	Loglikelihood: -75651.3	(delta): 784.016
6 (QN/Block) 	Elapsed: 0.026	Loglikelihood: -75419.9	(delta): 231.412
7 (QN/Block) 	Elapsed: 0.033	Loglikelihood: -75370.3	(delta): 49.6125
8 (QN/Block) 	Elapsed: 0.029	Loglikelihood: -75350	(delta): 20.3025
9 (QN/Block) 	Elapsed: 0.028	Loglikelihood: -75342.7	(delta): 7.36014
10 (QN/Block) 	Elapsed: 0.029	Loglikelihood: -75336	(delta): 6.65677
11 (QN/Block) 	Elapsed: 0.029	Loglikelihood: -75333.9	(delta): 2.10452
12 (QN/Block) 	Elapsed: 0.03	Loglikelihood: -75333.2	(delta): 0.694941
13 (QN/Block) 	Elapsed: 0.029	Loglikelihood: -75332.5	(delta): 0.680094
14 (QN/Block) 	Elapsed: 0.028	Loglikelihood: -75332	(delta): 0.51148
15 (QN/Block) 	Elapsed: 0.031	Loglikelihood: -75331.5	(delta): 0.539602
16 (QN/Block) 	Elapsed: 0.036	Loglikelihood: -75331.4	(delta): 0.0800421
17 (QN/Block) 	Elapsed: 0.035	Loglikelihood: -75331.3	(delta): 0.0912157
18 (QN/Block) 	Elapsed: 0.028	Loglikelihood: -75329.8	(delta): 1.47743
19 (QN/Block) 	Elapsed: 0.029	Loglikelihood: -75328.9	(delta): 0.874142
20 (QN/Block) 	Elapsed: 0.029	Loglikelihood: -75328.8	(delta): 0.128863
21 (QN/Block) 	Elapsed: 0.028	Loglikelihood: -75328.8	(delta): 0.0290066
22 (QN/Block) 	Elapsed: 0.028	Loglikelihood: -75328.8	(delta): 0.020586
23 (QN/Block) 	Elapsed: 0.028	Loglikelihood: -75328.7	(delta): 0.0243305
24 (QN/Block) 	Elapsed: 0.03	Loglikelihood: -75328.7	(delta): 0.0113363
25 (QN/Block) 	Elapsed: 0.03	Loglikelihood: -75328.7	(delta): 0.00275182
26 (QN/Block) 	Elapsed: 0.026	Loglikelihood: -75328.7	(delta): 3.5852e-05
27 (QN/Block) 	Elapsed: 0.028	Loglikelihood: -75328.7	(delta): 4.41608e-06
28 (QN/Block) 	Elapsed: 0.026	Loglikelihood: -75328.7	(delta): 1.90863e-07
29 (QN/Block) 	Elapsed: 0.028	Loglikelihood: -75328.7	(delta): 6.40284e-09
30 (QN/Block) 	Elapsed: 0.027	Loglikelihood: -75328.7	(delta): 7.27596e-11
31 (QN/Block) 	Elapsed: 0.03	Loglikelihood: -75328.7	(delta): 2.91038e-11
32 (QN/Block) 	Elapsed: 0.029	Loglikelihood: -75328.7	(delta): -1.45519e-11
33 (QN/Block) 	Elapsed: 0.032	Loglikelihood: -75328.7	(delta): 0
34 (QN/Block) 	Elapsed: 0.029	Loglikelihood: -75328.7	(delta): 0
35 (QN/Block) 	Elapsed: 0.033	Loglikelihood: -75328.7	(delta): 0
36 (QN/Block) 	Elapsed: 0.029	Loglikelihood: -75328.7	(delta): 0
37 (QN/Block) 	Elapsed: 0.033	Loglikelihood: -75328.7	(delta): -1.45519e-11
38 (QN/Block) 	Elapsed: 0.031	Loglikelihood: -75328.7	(delta): 1.45519e-11
39 (QN/Block) 	Elapsed: 0.036	Loglikelihood: -75328.7	(delta): 0
40 (QN/Block) 	Elapsed: 0.031	Loglikelihood: -75328.7	(delta): 0
41 (QN/Block) 	Elapsed: 0.033	Loglikelihood: -75328.7	(delta): -1.45519e-11
42 (QN/Block) 	Elapsed: 0.034	Loglikelihood: -75328.7	(delta): 1.45519e-11
43 (QN/Block) 	Elapsed: 0.031	Loglikelihood: -75328.7	(delta): 1.45519e-11
44 (QN/Block) 	Elapsed: 0.03	Loglikelihood: -75328.7	(delta): -1.45519e-11
45 (QN/Block) 	Elapsed: 0.029	Loglikelihood: -75328.7	(delta): 0
46 (QN/Block) 	Elapsed: 0.03	Loglikelihood: -75328.7	(delta): 0
47 (QN/Block) 	Elapsed: 0.028	Loglikelihood: -75328.7	(delta): 1.45519e-11
48 (QN/Block) 	Elapsed: 0.034	Loglikelihood: -75328.7	(delta): -1.45519e-11
49 (QN/Block) 	Elapsed: 0.037	Loglikelihood: -75328.7	(delta): 1.45519e-11
50 (QN/Block) 	Elapsed: 0.038	Loglikelihood: -75328.7	(delta): -1.45519e-11
51 (QN/Block) 	Elapsed: 0.031	Loglikelihood: -75328.7	(delta): 1.45519e-11
52 (QN/Block) 	Elapsed: 0.03	Loglikelihood: -75328.7	(delta): 0
53 (QN/Block) 	Elapsed: 0.028	Loglikelihood: -75328.7	(delta): 0
54 (QN/Block) 	Elapsed: 0.03	Loglikelihood: -75328.7	(delta): 0
55 (QN/Block) 	Elapsed: 0.03	Loglikelihood: -75328.7	(delta): 0
56 (QN/Block) 	Elapsed: 0.028	Loglikelihood: -75328.7	(delta): 0
57 (QN/Block) 	Elapsed: 0.029	Loglikelihood: -75328.7	(delta): 0
58 (QN/Block) 	Elapsed: 0.029	Loglikelihood: -75328.7	(delta): 0
59 (QN/Block) 	Elapsed: 0.026	Loglikelihood: -75328.7	(delta): 0
60 (QN/Block) 	Elapsed: 0.035	Loglikelihood: -75328.7	(delta): 0
61 (QN/Block) 	Elapsed: 0.032	Loglikelihood: -75328.7	(delta): -1.45519e-11
62 (QN/Block) 	Elapsed: 0.029	Loglikelihood: -75328.7	(delta): 0
63 (QN/Block) 	Elapsed: 0.031	Loglikelihood: -75328.7	(delta): 1.45519e-11
64 (QN/Block) 	Elapsed: 0.029	Loglikelihood: -75328.7	(delta): 0
65 (QN/Block) 	Elapsed: 0.028	Loglikelihood: -75328.7	(delta): 0
66 (QN/Block) 	Elapsed: 0.03	Loglikelihood: -75328.7	(delta): 0
67 (QN/Block) 	Elapsed: 0.029	Loglikelihood: -75328.7	(delta): 0
68 (QN/Block) 	Elapsed: 0.028	Loglikelihood: -75328.7	(delta): 0
69 (QN/Block) 	Elapsed: 0.029	Loglikelihood: -75328.7	(delta): -1.45519e-11
70 (QN/Block) 	Elapsed: 0.028	Loglikelihood: -75328.7	(delta): 1.45519e-11
71 (QN/Block) 	Elapsed: 0.027	Loglikelihood: -75328.7	(delta): 0
72 (QN/Block) 	Elapsed: 0.026	Loglikelihood: -75328.7	(delta): 1.45519e-11
73 (QN/Block) 	Elapsed: 0.033	Loglikelihood: -75328.7	(delta): -1.45519e-11
74 (QN/Block) 	Elapsed: 0.029	Loglikelihood: -75328.7	(delta): 0
75 (QN/Block) 	Elapsed: 0.03	Loglikelihood: -75328.7	(delta): 0
76 (QN/Block) 	Elapsed: 0.031	Loglikelihood: -75328.7	(delta): 0
77 (QN/Block) 	Elapsed: 0.03	Loglikelihood: -75328.7	(delta): 1.45519e-11
78 (QN/Block) 	Elapsed: 0.026	Loglikelihood: -75328.7	(delta): -1.45519e-11
79 (QN/Block) 	Elapsed: 0.028	Loglikelihood: -75328.7	(delta): 0
80 (QN/Block) 	Elapsed: 0.029	Loglikelihood: -75328.7	(delta): 0
81 (QN/Block) 	Elapsed: 0.034	Loglikelihood: -75328.7	(delta): 0
82 (QN/Block) 	Elapsed: 0.029	Loglikelihood: -75328.7	(delta): 1.45519e-11
83 (QN/Block) 	Elapsed: 0.031	Loglikelihood: -75328.7	(delta): -1.45519e-11
84 (QN/Block) 	Elapsed: 0.028	Loglikelihood: -75328.7	(delta): 0
85 (QN/Block) 	Elapsed: 0.032	Loglikelihood: -75328.7	(delta): 0
86 (QN/Block) 	Elapsed: 0.033	Loglikelihood: -75328.7	(delta): 0
87 (QN/Block) 	Elapsed: 0.031	Loglikelihood: -75328.7	(delta): 0
88 (QN/Block) 	Elapsed: 0.028	Loglikelihood: -75328.7	(delta): 1.45519e-11
89 (QN/Block) 	Elapsed: 0.029	Loglikelihood: -75328.7	(delta): -1.45519e-11
90 (QN/Block) 	Elapsed: 0.031	Loglikelihood: -75328.7	(delta): 0
91 (QN/Block) 	Elapsed: 0.03	Loglikelihood: -75328.7	(delta): 0
92 (QN/Block) 	Elapsed: 0.033	Loglikelihood: -75328.7	(delta): 0
93 (QN/Block) 	Elapsed: 0.032	Loglikelihood: -75328.7	(delta): 0
94 (QN/Block) 	Elapsed: 0.033	Loglikelihood: -75328.7	(delta): 0
95 (QN/Block) 	Elapsed: 0.031	Loglikelihood: -75328.7	(delta): 0
96 (QN/Block) 	Elapsed: 0.032	Loglikelihood: -75328.7	(delta): 0
97 (QN/Block) 	Elapsed: 0.029	Loglikelihood: -75328.7	(delta): 0
98 (QN/Block) 	Elapsed: 0.031	Loglikelihood: -75328.7	(delta): 0
99 (QN/Block) 	Elapsed: 0.03	Loglikelihood: -75328.7	(delta): 0
100 (QN/Block) 	Elapsed: 0.03	Loglikelihood: -75328.7	(delta): 0
Summary: 
Converged in 100 iterations (3.189 sec)
Loglikelihood: -75328.730009
Fst divergences between estimated populations: 
	Pop0	Pop1	Pop2	Pop3	
Pop0	
Pop1	0.183	
Pop2	0.280	0.226	
Pop3	0.441	0.420	0.465	
Pop4	0.564	0.545	0.589	0.473	
CV error (K=5): 0.38704
Writing output files.
