****                   ADMIXTURE Version 1.3.0                  ****
****                    Copyright 2008-2015                     ****
****           David Alexander, Suyash Shringarpure,            ****
****                John  Novembre, Ken Lange                   ****
****                                                            ****
****                 Please cite our paper!                     ****
****   Information at www.genetics.ucla.edu/software/admixture  ****

Parallel execution requested.  Will use 8 threads.
Cross-validation will be performed.  Folds=10.
Random seed: 43
Point estimation method: Block relaxation algorithm
Convergence acceleration algorithm: QuasiNewton, 3 secant conditions
Point estimation will terminate at 100 iterations
Estimation of standard errors disabled; will compute point estimates only.
Size of G: 142x1465
Performing five EM steps to prime main algorithm
1 (EM) 	Elapsed: 0.025	Loglikelihood: -135640	(delta): 139344
2 (EM) 	Elapsed: 0.024	Loglikelihood: -128192	(delta): 7447.72
3 (EM) 	Elapsed: 0.024	Loglikelihood: -125328	(delta): 2864.19
4 (EM) 	Elapsed: 0.03	Loglikelihood: -122348	(delta): 2979.93
5 (EM) 	Elapsed: 0.027	Loglikelihood: -118771	(delta): 3576.76
Initial loglikelihood: -118771
Starting main algorithm
1 (QN/Block) 	Elapsed: 0.042	Loglikelihood: -80968.8	(delta): 37802.4
2 (QN/Block) 	Elapsed: 0.041	Loglikelihood: -74893	(delta): 6075.86
3 (QN/Block) 	Elapsed: 0.047	Loglikelihood: -71828.2	(delta): 3064.76
4 (QN/Block) 	Elapsed: 0.04	Loglikelihood: -70152.4	(delta): 1675.83
5 (QN/Block) 	Elapsed: 0.042	Loglikelihood: -69448.2	(delta): 704.191
6 (QN/Block) 	Elapsed: 0.043	Loglikelihood: -69139.7	(delta): 308.429
7 (QN/Block) 	Elapsed: 0.04	Loglikelihood: -69035.1	(delta): 104.649
8 (QN/Block) 	Elapsed: 0.042	Loglikelihood: -68969	(delta): 66.0714
9 (QN/Block) 	Elapsed: 0.043	Loglikelihood: -68845.2	(delta): 123.773
10 (QN/Block) 	Elapsed: 0.04	Loglikelihood: -68780.5	(delta): 64.7056
11 (QN/Block) 	Elapsed: 0.042	Loglikelihood: -68765.6	(delta): 14.9855
12 (QN/Block) 	Elapsed: 0.039	Loglikelihood: -68752.9	(delta): 12.6589
13 (QN/Block) 	Elapsed: 0.04	Loglikelihood: -68745.6	(delta): 7.31237
14 (QN/Block) 	Elapsed: 0.041	Loglikelihood: -68743.1	(delta): 2.49565
15 (QN/Block) 	Elapsed: 0.04	Loglikelihood: -68740.5	(delta): 2.56532
16 (QN/Block) 	Elapsed: 0.044	Loglikelihood: -68738.2	(delta): 2.3576
17 (QN/Block) 	Elapsed: 0.041	Loglikelihood: -68735	(delta): 3.19175
18 (QN/Block) 	Elapsed: 0.042	Loglikelihood: -68732.4	(delta): 2.61297
19 (QN/Block) 	Elapsed: 0.039	Loglikelihood: -68731.5	(delta): 0.81444
20 (QN/Block) 	Elapsed: 0.039	Loglikelihood: -68731.1	(delta): 0.454766
21 (QN/Block) 	Elapsed: 0.039	Loglikelihood: -68730.4	(delta): 0.668694
22 (QN/Block) 	Elapsed: 0.05	Loglikelihood: -68730	(delta): 0.416127
23 (QN/Block) 	Elapsed: 0.039	Loglikelihood: -68729.9	(delta): 0.123139
24 (QN/Block) 	Elapsed: 0.04	Loglikelihood: -68729.9	(delta): 0.02184
25 (QN/Block) 	Elapsed: 0.04	Loglikelihood: -68729.9	(delta): 0.00412993
26 (QN/Block) 	Elapsed: 0.04	Loglikelihood: -68729.9	(delta): 0.000276531
27 (QN/Block) 	Elapsed: 0.042	Loglikelihood: -68729.9	(delta): 3.84752e-05
28 (QN/Block) 	Elapsed: 0.039	Loglikelihood: -68729.9	(delta): 3.4663e-06
29 (QN/Block) 	Elapsed: 0.041	Loglikelihood: -68729.9	(delta): 1.50641e-07
30 (QN/Block) 	Elapsed: 0.04	Loglikelihood: -68729.9	(delta): 1.46683e-08
31 (QN/Block) 	Elapsed: 0.04	Loglikelihood: -68729.9	(delta): 1.17871e-09
32 (QN/Block) 	Elapsed: 0.044	Loglikelihood: -68729.9	(delta): 4.36557e-11
33 (QN/Block) 	Elapsed: 0.046	Loglikelihood: -68729.9	(delta): 0
34 (QN/Block) 	Elapsed: 0.044	Loglikelihood: -68729.9	(delta): 0
35 (QN/Block) 	Elapsed: 0.049	Loglikelihood: -68729.9	(delta): 1.45519e-11
36 (QN/Block) 	Elapsed: 0.052	Loglikelihood: -68729.9	(delta): -1.45519e-11
37 (QN/Block) 	Elapsed: 0.057	Loglikelihood: -68729.9	(delta): 0
38 (QN/Block) 	Elapsed: 0.07	Loglikelihood: -68729.9	(delta): 1.45519e-11
39 (QN/Block) 	Elapsed: 0.052	Loglikelihood: -68729.9	(delta): -1.45519e-11
40 (QN/Block) 	Elapsed: 0.051	Loglikelihood: -68729.9	(delta): 1.45519e-11
41 (QN/Block) 	Elapsed: 0.044	Loglikelihood: -68729.9	(delta): -1.45519e-11
42 (QN/Block) 	Elapsed: 0.047	Loglikelihood: -68729.9	(delta): 1.45519e-11
43 (QN/Block) 	Elapsed: 0.052	Loglikelihood: -68729.9	(delta): 1.45519e-11
44 (QN/Block) 	Elapsed: 0.045	Loglikelihood: -68729.9	(delta): 0
45 (QN/Block) 	Elapsed: 0.05	Loglikelihood: -68729.9	(delta): 0
46 (QN/Block) 	Elapsed: 0.048	Loglikelihood: -68729.9	(delta): 0
47 (QN/Block) 	Elapsed: 0.041	Loglikelihood: -68729.9	(delta): 0
48 (QN/Block) 	Elapsed: 0.043	Loglikelihood: -68729.9	(delta): 0
49 (QN/Block) 	Elapsed: 0.043	Loglikelihood: -68729.9	(delta): 0
50 (QN/Block) 	Elapsed: 0.044	Loglikelihood: -68729.9	(delta): 0
51 (QN/Block) 	Elapsed: 0.045	Loglikelihood: -68729.9	(delta): 0
52 (QN/Block) 	Elapsed: 0.043	Loglikelihood: -68729.9	(delta): 2.91038e-11
53 (QN/Block) 	Elapsed: 0.044	Loglikelihood: -68729.9	(delta): 0
54 (QN/Block) 	Elapsed: 0.044	Loglikelihood: -68729.9	(delta): -1.45519e-11
55 (QN/Block) 	Elapsed: 0.04	Loglikelihood: -68729.9	(delta): 1.45519e-11
56 (QN/Block) 	Elapsed: 0.044	Loglikelihood: -68729.9	(delta): 0
57 (QN/Block) 	Elapsed: 0.043	Loglikelihood: -68729.9	(delta): -1.45519e-11
58 (QN/Block) 	Elapsed: 0.043	Loglikelihood: -68729.9	(delta): 1.45519e-11
59 (QN/Block) 	Elapsed: 0.043	Loglikelihood: -68729.9	(delta): 0
60 (QN/Block) 	Elapsed: 0.045	Loglikelihood: -68729.9	(delta): 0
61 (QN/Block) 	Elapsed: 0.044	Loglikelihood: -68729.9	(delta): 1.45519e-11
62 (QN/Block) 	Elapsed: 0.043	Loglikelihood: -68729.9	(delta): -1.45519e-11
63 (QN/Block) 	Elapsed: 0.043	Loglikelihood: -68729.9	(delta): 0
64 (QN/Block) 	Elapsed: 0.042	Loglikelihood: -68729.9	(delta): 1.45519e-11
65 (QN/Block) 	Elapsed: 0.056	Loglikelihood: -68729.9	(delta): 1.45519e-11
66 (QN/Block) 	Elapsed: 0.043	Loglikelihood: -68729.9	(delta): -1.45519e-11
67 (QN/Block) 	Elapsed: 0.043	Loglikelihood: -68729.9	(delta): 1.45519e-11
68 (QN/Block) 	Elapsed: 0.042	Loglikelihood: -68729.9	(delta): 0
69 (QN/Block) 	Elapsed: 0.045	Loglikelihood: -68729.9	(delta): -1.45519e-11
70 (QN/Block) 	Elapsed: 0.044	Loglikelihood: -68729.9	(delta): 1.45519e-11
71 (QN/Block) 	Elapsed: 0.043	Loglikelihood: -68729.9	(delta): 0
72 (QN/Block) 	Elapsed: 0.044	Loglikelihood: -68729.9	(delta): 0
73 (QN/Block) 	Elapsed: 0.042	Loglikelihood: -68729.9	(delta): 0
74 (QN/Block) 	Elapsed: 0.04	Loglikelihood: -68729.9	(delta): 0
75 (QN/Block) 	Elapsed: 0.04	Loglikelihood: -68729.9	(delta): -1.45519e-11
76 (QN/Block) 	Elapsed: 0.042	Loglikelihood: -68729.9	(delta): 1.45519e-11
77 (QN/Block) 	Elapsed: 0.047	Loglikelihood: -68729.9	(delta): 1.45519e-11
78 (QN/Block) 	Elapsed: 0.045	Loglikelihood: -68729.9	(delta): -1.45519e-11
79 (QN/Block) 	Elapsed: 0.043	Loglikelihood: -68729.9	(delta): 0
80 (QN/Block) 	Elapsed: 0.044	Loglikelihood: -68729.9	(delta): 0
81 (QN/Block) 	Elapsed: 0.044	Loglikelihood: -68729.9	(delta): 0
82 (QN/Block) 	Elapsed: 0.043	Loglikelihood: -68729.9	(delta): 0
83 (QN/Block) 	Elapsed: 0.042	Loglikelihood: -68729.9	(delta): 1.45519e-11
84 (QN/Block) 	Elapsed: 0.042	Loglikelihood: -68729.9	(delta): -1.45519e-11
85 (QN/Block) 	Elapsed: 0.041	Loglikelihood: -68729.9	(delta): 1.45519e-11
86 (QN/Block) 	Elapsed: 0.04	Loglikelihood: -68729.9	(delta): -1.45519e-11
87 (QN/Block) 	Elapsed: 0.047	Loglikelihood: -68729.9	(delta): 1.45519e-11
88 (QN/Block) 	Elapsed: 0.052	Loglikelihood: -68729.9	(delta): 0
89 (QN/Block) 	Elapsed: 0.043	Loglikelihood: -68729.9	(delta): 0
90 (QN/Block) 	Elapsed: 0.043	Loglikelihood: -68729.9	(delta): -1.45519e-11
91 (QN/Block) 	Elapsed: 0.043	Loglikelihood: -68729.9	(delta): 1.45519e-11
92 (QN/Block) 	Elapsed: 0.042	Loglikelihood: -68729.9	(delta): 1.45519e-11
93 (QN/Block) 	Elapsed: 0.041	Loglikelihood: -68729.9	(delta): 0
94 (QN/Block) 	Elapsed: 0.043	Loglikelihood: -68729.9	(delta): 0
95 (QN/Block) 	Elapsed: 0.042	Loglikelihood: -68729.9	(delta): 1.45519e-11
96 (QN/Block) 	Elapsed: 0.043	Loglikelihood: -68729.9	(delta): -2.91038e-11
97 (QN/Block) 	Elapsed: 0.046	Loglikelihood: -68729.9	(delta): 1.45519e-11
98 (QN/Block) 	Elapsed: 0.046	Loglikelihood: -68729.9	(delta): 0
99 (QN/Block) 	Elapsed: 0.042	Loglikelihood: -68729.9	(delta): 0
100 (QN/Block) 	Elapsed: 0.044	Loglikelihood: -68729.9	(delta): 1.45519e-11
Summary: 
Converged in 100 iterations (4.652 sec)
Loglikelihood: -68729.860583
Fst divergences between estimated populations: 
	Pop0	Pop1	Pop2	Pop3	Pop4	Pop5	Pop6	Pop7	
Pop0	
Pop1	0.284	
Pop2	0.466	0.465	
Pop3	0.477	0.481	0.275	
Pop4	0.521	0.522	0.586	0.585	
Pop5	0.531	0.527	0.593	0.593	0.183	
Pop6	0.540	0.539	0.409	0.369	0.648	0.653	
Pop7	0.467	0.478	0.287	0.230	0.588	0.594	0.383	
Pop8	0.519	0.527	0.319	0.279	0.630	0.638	0.383	0.291	
CV error (K=9): 0.41486
Writing output files.
