****                   ADMIXTURE Version 1.3.0                  ****
****                    Copyright 2008-2015                     ****
****           David Alexander, Suyash Shringarpure,            ****
****                John  Novembre, Ken Lange                   ****
****                                                            ****
****                 Please cite our paper!                     ****
****   Information at www.genetics.ucla.edu/software/admixture  ****

Parallel execution requested.  Will use 8 threads.
Cross-validation will be performed.  Folds=10.
Random seed: 43
Point estimation method: Block relaxation algorithm
Convergence acceleration algorithm: QuasiNewton, 3 secant conditions
Point estimation will terminate at 100 iterations
Estimation of standard errors disabled; will compute point estimates only.
Size of G: 142x1465
Performing five EM steps to prime main algorithm
1 (EM) 	Elapsed: 0.011	Loglikelihood: -136909	(delta): 155830
2 (EM) 	Elapsed: 0.011	Loglikelihood: -130507	(delta): 6401.89
3 (EM) 	Elapsed: 0.01	Loglikelihood: -128712	(delta): 1795.26
4 (EM) 	Elapsed: 0.011	Loglikelihood: -127530	(delta): 1181.38
5 (EM) 	Elapsed: 0.011	Loglikelihood: -126510	(delta): 1020.23
Initial loglikelihood: -126510
Starting main algorithm
1 (QN/Block) 	Elapsed: 0.022	Loglikelihood: -89453.4	(delta): 37056.5
2 (QN/Block) 	Elapsed: 0.025	Loglikelihood: -84086.1	(delta): 5367.3
3 (QN/Block) 	Elapsed: 0.024	Loglikelihood: -80957.8	(delta): 3128.3
4 (QN/Block) 	Elapsed: 0.027	Loglikelihood: -78943.7	(delta): 2014.15
5 (QN/Block) 	Elapsed: 0.027	Loglikelihood: -77894.4	(delta): 1049.27
6 (QN/Block) 	Elapsed: 0.028	Loglikelihood: -77463.2	(delta): 431.177
7 (QN/Block) 	Elapsed: 0.026	Loglikelihood: -77359.5	(delta): 103.714
8 (QN/Block) 	Elapsed: 0.027	Loglikelihood: -77341.1	(delta): 18.4361
9 (QN/Block) 	Elapsed: 0.023	Loglikelihood: -77340.3	(delta): 0.804465
10 (QN/Block) 	Elapsed: 0.025	Loglikelihood: -77340.2	(delta): 0.070991
11 (QN/Block) 	Elapsed: 0.024	Loglikelihood: -77340.2	(delta): 0.0284886
12 (QN/Block) 	Elapsed: 0.023	Loglikelihood: -77340.2	(delta): 0.00786793
13 (QN/Block) 	Elapsed: 0.025	Loglikelihood: -77340.2	(delta): 0.00105803
14 (QN/Block) 	Elapsed: 0.03	Loglikelihood: -77340.2	(delta): 3.75815e-05
15 (QN/Block) 	Elapsed: 0.025	Loglikelihood: -77340.2	(delta): 4.96737e-06
16 (QN/Block) 	Elapsed: 0.024	Loglikelihood: -77340.2	(delta): 1.38796e-07
17 (QN/Block) 	Elapsed: 0.028	Loglikelihood: -77340.2	(delta): 1.31113e-08
18 (QN/Block) 	Elapsed: 0.025	Loglikelihood: -77340.2	(delta): 1.92085e-09
19 (QN/Block) 	Elapsed: 0.026	Loglikelihood: -77340.2	(delta): 1.45519e-10
20 (QN/Block) 	Elapsed: 0.024	Loglikelihood: -77340.2	(delta): 2.91038e-11
21 (QN/Block) 	Elapsed: 0.025	Loglikelihood: -77340.2	(delta): 0
22 (QN/Block) 	Elapsed: 0.024	Loglikelihood: -77340.2	(delta): 1.45519e-11
23 (QN/Block) 	Elapsed: 0.025	Loglikelihood: -77340.2	(delta): -2.91038e-11
24 (QN/Block) 	Elapsed: 0.027	Loglikelihood: -77340.2	(delta): 2.91038e-11
25 (QN/Block) 	Elapsed: 0.027	Loglikelihood: -77340.2	(delta): -1.45519e-11
26 (QN/Block) 	Elapsed: 0.026	Loglikelihood: -77340.2	(delta): -1.45519e-11
27 (QN/Block) 	Elapsed: 0.025	Loglikelihood: -77340.2	(delta): 1.45519e-11
28 (QN/Block) 	Elapsed: 0.026	Loglikelihood: -77340.2	(delta): 1.45519e-11
29 (QN/Block) 	Elapsed: 0.025	Loglikelihood: -77340.2	(delta): -1.45519e-11
30 (QN/Block) 	Elapsed: 0.026	Loglikelihood: -77340.2	(delta): 0
31 (QN/Block) 	Elapsed: 0.025	Loglikelihood: -77340.2	(delta): 0
32 (QN/Block) 	Elapsed: 0.027	Loglikelihood: -77340.2	(delta): 1.45519e-11
33 (QN/Block) 	Elapsed: 0.03	Loglikelihood: -77340.2	(delta): -1.45519e-11
34 (QN/Block) 	Elapsed: 0.025	Loglikelihood: -77340.2	(delta): 0
35 (QN/Block) 	Elapsed: 0.026	Loglikelihood: -77340.2	(delta): 1.45519e-11
36 (QN/Block) 	Elapsed: 0.024	Loglikelihood: -77340.2	(delta): 0
37 (QN/Block) 	Elapsed: 0.026	Loglikelihood: -77340.2	(delta): 0
38 (QN/Block) 	Elapsed: 0.024	Loglikelihood: -77340.2	(delta): 0
39 (QN/Block) 	Elapsed: 0.025	Loglikelihood: -77340.2	(delta): -2.91038e-11
40 (QN/Block) 	Elapsed: 0.023	Loglikelihood: -77340.2	(delta): 1.45519e-11
41 (QN/Block) 	Elapsed: 0.025	Loglikelihood: -77340.2	(delta): 0
42 (QN/Block) 	Elapsed: 0.028	Loglikelihood: -77340.2	(delta): 0
43 (QN/Block) 	Elapsed: 0.035	Loglikelihood: -77340.2	(delta): 0
44 (QN/Block) 	Elapsed: 0.028	Loglikelihood: -77340.2	(delta): 2.91038e-11
45 (QN/Block) 	Elapsed: 0.026	Loglikelihood: -77340.2	(delta): -2.91038e-11
46 (QN/Block) 	Elapsed: 0.024	Loglikelihood: -77340.2	(delta): 0
47 (QN/Block) 	Elapsed: 0.031	Loglikelihood: -77340.2	(delta): 0
48 (QN/Block) 	Elapsed: 0.03	Loglikelihood: -77340.2	(delta): 1.45519e-11
49 (QN/Block) 	Elapsed: 0.031	Loglikelihood: -77340.2	(delta): -1.45519e-11
50 (QN/Block) 	Elapsed: 0.029	Loglikelihood: -77340.2	(delta): 0
51 (QN/Block) 	Elapsed: 0.027	Loglikelihood: -77340.2	(delta): 0
52 (QN/Block) 	Elapsed: 0.025	Loglikelihood: -77340.2	(delta): 0
53 (QN/Block) 	Elapsed: 0.027	Loglikelihood: -77340.2	(delta): 1.45519e-11
54 (QN/Block) 	Elapsed: 0.025	Loglikelihood: -77340.2	(delta): 0
55 (QN/Block) 	Elapsed: 0.026	Loglikelihood: -77340.2	(delta): 0
56 (QN/Block) 	Elapsed: 0.024	Loglikelihood: -77340.2	(delta): -1.45519e-11
57 (QN/Block) 	Elapsed: 0.026	Loglikelihood: -77340.2	(delta): 0
58 (QN/Block) 	Elapsed: 0.026	Loglikelihood: -77340.2	(delta): 1.45519e-11
59 (QN/Block) 	Elapsed: 0.027	Loglikelihood: -77340.2	(delta): -1.45519e-11
60 (QN/Block) 	Elapsed: 0.022	Loglikelihood: -77340.2	(delta): 0
61 (QN/Block) 	Elapsed: 0.026	Loglikelihood: -77340.2	(delta): 0
62 (QN/Block) 	Elapsed: 0.025	Loglikelihood: -77340.2	(delta): 0
63 (QN/Block) 	Elapsed: 0.028	Loglikelihood: -77340.2	(delta): 0
64 (QN/Block) 	Elapsed: 0.027	Loglikelihood: -77340.2	(delta): 0
65 (QN/Block) 	Elapsed: 0.027	Loglikelihood: -77340.2	(delta): 0
66 (QN/Block) 	Elapsed: 0.024	Loglikelihood: -77340.2	(delta): 0
67 (QN/Block) 	Elapsed: 0.025	Loglikelihood: -77340.2	(delta): 0
68 (QN/Block) 	Elapsed: 0.024	Loglikelihood: -77340.2	(delta): 0
69 (QN/Block) 	Elapsed: 0.025	Loglikelihood: -77340.2	(delta): 2.91038e-11
70 (QN/Block) 	Elapsed: 0.024	Loglikelihood: -77340.2	(delta): -2.91038e-11
71 (QN/Block) 	Elapsed: 0.027	Loglikelihood: -77340.2	(delta): 0
72 (QN/Block) 	Elapsed: 0.024	Loglikelihood: -77340.2	(delta): 0
73 (QN/Block) 	Elapsed: 0.025	Loglikelihood: -77340.2	(delta): 0
74 (QN/Block) 	Elapsed: 0.022	Loglikelihood: -77340.2	(delta): 0
75 (QN/Block) 	Elapsed: 0.026	Loglikelihood: -77340.2	(delta): 0
76 (QN/Block) 	Elapsed: 0.031	Loglikelihood: -77340.2	(delta): 0
77 (QN/Block) 	Elapsed: 0.033	Loglikelihood: -77340.2	(delta): 0
78 (QN/Block) 	Elapsed: 0.035	Loglikelihood: -77340.2	(delta): 0
79 (QN/Block) 	Elapsed: 0.034	Loglikelihood: -77340.2	(delta): 0
80 (QN/Block) 	Elapsed: 0.034	Loglikelihood: -77340.2	(delta): 0
81 (QN/Block) 	Elapsed: 0.03	Loglikelihood: -77340.2	(delta): 0
82 (QN/Block) 	Elapsed: 0.032	Loglikelihood: -77340.2	(delta): 2.91038e-11
83 (QN/Block) 	Elapsed: 0.029	Loglikelihood: -77340.2	(delta): -2.91038e-11
84 (QN/Block) 	Elapsed: 0.027	Loglikelihood: -77340.2	(delta): 1.45519e-11
85 (QN/Block) 	Elapsed: 0.027	Loglikelihood: -77340.2	(delta): -1.45519e-11
86 (QN/Block) 	Elapsed: 0.029	Loglikelihood: -77340.2	(delta): 0
87 (QN/Block) 	Elapsed: 0.027	Loglikelihood: -77340.2	(delta): 0
88 (QN/Block) 	Elapsed: 0.027	Loglikelihood: -77340.2	(delta): 1.45519e-11
89 (QN/Block) 	Elapsed: 0.025	Loglikelihood: -77340.2	(delta): -1.45519e-11
90 (QN/Block) 	Elapsed: 0.027	Loglikelihood: -77340.2	(delta): 1.45519e-11
91 (QN/Block) 	Elapsed: 0.029	Loglikelihood: -77340.2	(delta): 0
92 (QN/Block) 	Elapsed: 0.034	Loglikelihood: -77340.2	(delta): 0
93 (QN/Block) 	Elapsed: 0.032	Loglikelihood: -77340.2	(delta): -1.45519e-11
94 (QN/Block) 	Elapsed: 0.032	Loglikelihood: -77340.2	(delta): 0
95 (QN/Block) 	Elapsed: 0.028	Loglikelihood: -77340.2	(delta): 0
96 (QN/Block) 	Elapsed: 0.029	Loglikelihood: -77340.2	(delta): 0
97 (QN/Block) 	Elapsed: 0.03	Loglikelihood: -77340.2	(delta): 0
98 (QN/Block) 	Elapsed: 0.026	Loglikelihood: -77340.2	(delta): 0
99 (QN/Block) 	Elapsed: 0.024	Loglikelihood: -77340.2	(delta): 1.45519e-11
100 (QN/Block) 	Elapsed: 0.026	Loglikelihood: -77340.2	(delta): -1.45519e-11
Summary: 
Converged in 100 iterations (2.849 sec)
Loglikelihood: -77340.153321
Fst divergences between estimated populations: 
	Pop0	Pop1	Pop2	
Pop0	
Pop1	0.414	
Pop2	0.542	0.472	
Pop3	0.190	0.436	0.565	
CV error (K=4): 0.38468
Writing output files.
