****                   ADMIXTURE Version 1.3.0                  ****
****                    Copyright 2008-2015                     ****
****           David Alexander, Suyash Shringarpure,            ****
****                John  Novembre, Ken Lange                   ****
****                                                            ****
****                 Please cite our paper!                     ****
****   Information at www.genetics.ucla.edu/software/admixture  ****

Parallel execution requested.  Will use 8 threads.
Cross-validation will be performed.  Folds=10.
Random seed: 43
Point estimation method: Block relaxation algorithm
Convergence acceleration algorithm: QuasiNewton, 3 secant conditions
Point estimation will terminate at 100 iterations
Estimation of standard errors disabled; will compute point estimates only.
Size of G: 142x1465
Performing five EM steps to prime main algorithm
1 (EM) 	Elapsed: 0.023	Loglikelihood: -136333	(delta): 140917
2 (EM) 	Elapsed: 0.022	Loglikelihood: -129824	(delta): 6508.39
3 (EM) 	Elapsed: 0.023	Loglikelihood: -128050	(delta): 1774.31
4 (EM) 	Elapsed: 0.025	Loglikelihood: -126579	(delta): 1470.72
5 (EM) 	Elapsed: 0.025	Loglikelihood: -124906	(delta): 1673.57
Initial loglikelihood: -124906
Starting main algorithm
1 (QN/Block) 	Elapsed: 0.038	Loglikelihood: -83929.9	(delta): 40975.7
2 (QN/Block) 	Elapsed: 0.042	Loglikelihood: -77011.8	(delta): 6918.11
3 (QN/Block) 	Elapsed: 0.04	Loglikelihood: -74181.2	(delta): 2830.64
4 (QN/Block) 	Elapsed: 0.049	Loglikelihood: -72280.3	(delta): 1900.82
5 (QN/Block) 	Elapsed: 0.039	Loglikelihood: -71186.7	(delta): 1093.59
6 (QN/Block) 	Elapsed: 0.042	Loglikelihood: -70743.4	(delta): 443.383
7 (QN/Block) 	Elapsed: 0.041	Loglikelihood: -70577.7	(delta): 165.701
8 (QN/Block) 	Elapsed: 0.037	Loglikelihood: -70486.2	(delta): 91.4726
9 (QN/Block) 	Elapsed: 0.045	Loglikelihood: -70368.5	(delta): 117.715
10 (QN/Block) 	Elapsed: 0.044	Loglikelihood: -70300.9	(delta): 67.5597
11 (QN/Block) 	Elapsed: 0.043	Loglikelihood: -70265	(delta): 35.9478
12 (QN/Block) 	Elapsed: 0.04	Loglikelihood: -70240.6	(delta): 24.3476
13 (QN/Block) 	Elapsed: 0.038	Loglikelihood: -70233.6	(delta): 7.00379
14 (QN/Block) 	Elapsed: 0.037	Loglikelihood: -70230.9	(delta): 2.74287
15 (QN/Block) 	Elapsed: 0.036	Loglikelihood: -70229.4	(delta): 1.51714
16 (QN/Block) 	Elapsed: 0.036	Loglikelihood: -70228	(delta): 1.33605
17 (QN/Block) 	Elapsed: 0.046	Loglikelihood: -70227.2	(delta): 0.772601
18 (QN/Block) 	Elapsed: 0.036	Loglikelihood: -70226.6	(delta): 0.66578
19 (QN/Block) 	Elapsed: 0.038	Loglikelihood: -70225.6	(delta): 0.960036
20 (QN/Block) 	Elapsed: 0.038	Loglikelihood: -70225.5	(delta): 0.0782378
21 (QN/Block) 	Elapsed: 0.04	Loglikelihood: -70225.4	(delta): 0.0952686
22 (QN/Block) 	Elapsed: 0.038	Loglikelihood: -70225.4	(delta): 0.0345271
23 (QN/Block) 	Elapsed: 0.041	Loglikelihood: -70225.4	(delta): 0.0329378
24 (QN/Block) 	Elapsed: 0.038	Loglikelihood: -70225.4	(delta): 0.00896478
25 (QN/Block) 	Elapsed: 0.036	Loglikelihood: -70225.4	(delta): 0.00433256
26 (QN/Block) 	Elapsed: 0.035	Loglikelihood: -70225.4	(delta): 0.000354257
27 (QN/Block) 	Elapsed: 0.037	Loglikelihood: -70225.4	(delta): 8.66043e-05
28 (QN/Block) 	Elapsed: 0.038	Loglikelihood: -70225.4	(delta): 8.65596e-06
29 (QN/Block) 	Elapsed: 0.045	Loglikelihood: -70225.4	(delta): 4.90472e-07
30 (QN/Block) 	Elapsed: 0.039	Loglikelihood: -70225.4	(delta): 4.28408e-08
31 (QN/Block) 	Elapsed: 0.035	Loglikelihood: -70225.4	(delta): 3.76895e-09
32 (QN/Block) 	Elapsed: 0.038	Loglikelihood: -70225.4	(delta): 4.80213e-10
33 (QN/Block) 	Elapsed: 0.045	Loglikelihood: -70225.4	(delta): 2.91038e-11
34 (QN/Block) 	Elapsed: 0.042	Loglikelihood: -70225.4	(delta): 0
35 (QN/Block) 	Elapsed: 0.041	Loglikelihood: -70225.4	(delta): 1.45519e-11
36 (QN/Block) 	Elapsed: 0.042	Loglikelihood: -70225.4	(delta): -1.45519e-11
37 (QN/Block) 	Elapsed: 0.04	Loglikelihood: -70225.4	(delta): 0
38 (QN/Block) 	Elapsed: 0.042	Loglikelihood: -70225.4	(delta): 0
39 (QN/Block) 	Elapsed: 0.039	Loglikelihood: -70225.4	(delta): 2.91038e-11
40 (QN/Block) 	Elapsed: 0.041	Loglikelihood: -70225.4	(delta): -1.45519e-11
41 (QN/Block) 	Elapsed: 0.039	Loglikelihood: -70225.4	(delta): 1.45519e-11
42 (QN/Block) 	Elapsed: 0.04	Loglikelihood: -70225.4	(delta): 1.45519e-11
43 (QN/Block) 	Elapsed: 0.039	Loglikelihood: -70225.4	(delta): -1.45519e-11
44 (QN/Block) 	Elapsed: 0.039	Loglikelihood: -70225.4	(delta): 0
45 (QN/Block) 	Elapsed: 0.039	Loglikelihood: -70225.4	(delta): 0
46 (QN/Block) 	Elapsed: 0.04	Loglikelihood: -70225.4	(delta): 0
47 (QN/Block) 	Elapsed: 0.038	Loglikelihood: -70225.4	(delta): 0
48 (QN/Block) 	Elapsed: 0.04	Loglikelihood: -70225.4	(delta): 0
49 (QN/Block) 	Elapsed: 0.04	Loglikelihood: -70225.4	(delta): 0
50 (QN/Block) 	Elapsed: 0.039	Loglikelihood: -70225.4	(delta): 1.45519e-11
51 (QN/Block) 	Elapsed: 0.039	Loglikelihood: -70225.4	(delta): 0
52 (QN/Block) 	Elapsed: 0.039	Loglikelihood: -70225.4	(delta): 2.91038e-11
53 (QN/Block) 	Elapsed: 0.045	Loglikelihood: -70225.4	(delta): -1.45519e-11
54 (QN/Block) 	Elapsed: 0.04	Loglikelihood: -70225.4	(delta): -1.45519e-11
55 (QN/Block) 	Elapsed: 0.038	Loglikelihood: -70225.4	(delta): 0
56 (QN/Block) 	Elapsed: 0.041	Loglikelihood: -70225.4	(delta): 0
57 (QN/Block) 	Elapsed: 0.037	Loglikelihood: -70225.4	(delta): -1.45519e-11
58 (QN/Block) 	Elapsed: 0.039	Loglikelihood: -70225.4	(delta): 2.91038e-11
59 (QN/Block) 	Elapsed: 0.039	Loglikelihood: -70225.4	(delta): -1.45519e-11
60 (QN/Block) 	Elapsed: 0.039	Loglikelihood: -70225.4	(delta): 1.45519e-11
61 (QN/Block) 	Elapsed: 0.039	Loglikelihood: -70225.4	(delta): -1.45519e-11
62 (QN/Block) 	Elapsed: 0.04	Loglikelihood: -70225.4	(delta): 0
63 (QN/Block) 	Elapsed: 0.039	Loglikelihood: -70225.4	(delta): 1.45519e-11
64 (QN/Block) 	Elapsed: 0.039	Loglikelihood: -70225.4	(delta): 0
65 (QN/Block) 	Elapsed: 0.037	Loglikelihood: -70225.4	(delta): 1.45519e-11
66 (QN/Block) 	Elapsed: 0.041	Loglikelihood: -70225.4	(delta): 0
67 (QN/Block) 	Elapsed: 0.038	Loglikelihood: -70225.4	(delta): -1.45519e-11
68 (QN/Block) 	Elapsed: 0.039	Loglikelihood: -70225.4	(delta): 1.45519e-11
69 (QN/Block) 	Elapsed: 0.04	Loglikelihood: -70225.4	(delta): 0
70 (QN/Block) 	Elapsed: 0.039	Loglikelihood: -70225.4	(delta): 0
71 (QN/Block) 	Elapsed: 0.039	Loglikelihood: -70225.4	(delta): 0
72 (QN/Block) 	Elapsed: 0.04	Loglikelihood: -70225.4	(delta): 1.45519e-11
73 (QN/Block) 	Elapsed: 0.039	Loglikelihood: -70225.4	(delta): 0
74 (QN/Block) 	Elapsed: 0.039	Loglikelihood: -70225.4	(delta): 0
75 (QN/Block) 	Elapsed: 0.038	Loglikelihood: -70225.4	(delta): 0
76 (QN/Block) 	Elapsed: 0.038	Loglikelihood: -70225.4	(delta): 0
77 (QN/Block) 	Elapsed: 0.042	Loglikelihood: -70225.4	(delta): 0
78 (QN/Block) 	Elapsed: 0.051	Loglikelihood: -70225.4	(delta): -1.45519e-11
79 (QN/Block) 	Elapsed: 0.04	Loglikelihood: -70225.4	(delta): 1.45519e-11
80 (QN/Block) 	Elapsed: 0.039	Loglikelihood: -70225.4	(delta): 0
81 (QN/Block) 	Elapsed: 0.039	Loglikelihood: -70225.4	(delta): 0
82 (QN/Block) 	Elapsed: 0.039	Loglikelihood: -70225.4	(delta): 1.45519e-11
83 (QN/Block) 	Elapsed: 0.039	Loglikelihood: -70225.4	(delta): -1.45519e-11
84 (QN/Block) 	Elapsed: 0.036	Loglikelihood: -70225.4	(delta): 1.45519e-11
85 (QN/Block) 	Elapsed: 0.038	Loglikelihood: -70225.4	(delta): -1.45519e-11
86 (QN/Block) 	Elapsed: 0.039	Loglikelihood: -70225.4	(delta): 0
87 (QN/Block) 	Elapsed: 0.039	Loglikelihood: -70225.4	(delta): 1.45519e-11
88 (QN/Block) 	Elapsed: 0.039	Loglikelihood: -70225.4	(delta): -2.91038e-11
89 (QN/Block) 	Elapsed: 0.039	Loglikelihood: -70225.4	(delta): 1.45519e-11
90 (QN/Block) 	Elapsed: 0.046	Loglikelihood: -70225.4	(delta): 1.45519e-11
91 (QN/Block) 	Elapsed: 0.038	Loglikelihood: -70225.4	(delta): 1.45519e-11
92 (QN/Block) 	Elapsed: 0.039	Loglikelihood: -70225.4	(delta): -1.45519e-11
93 (QN/Block) 	Elapsed: 0.04	Loglikelihood: -70225.4	(delta): 1.45519e-11
94 (QN/Block) 	Elapsed: 0.039	Loglikelihood: -70225.4	(delta): -1.45519e-11
95 (QN/Block) 	Elapsed: 0.038	Loglikelihood: -70225.4	(delta): 0
96 (QN/Block) 	Elapsed: 0.039	Loglikelihood: -70225.4	(delta): -1.45519e-11
97 (QN/Block) 	Elapsed: 0.04	Loglikelihood: -70225.4	(delta): 1.45519e-11
98 (QN/Block) 	Elapsed: 0.039	Loglikelihood: -70225.4	(delta): -1.45519e-11
99 (QN/Block) 	Elapsed: 0.039	Loglikelihood: -70225.4	(delta): 0
100 (QN/Block) 	Elapsed: 0.036	Loglikelihood: -70225.4	(delta): -1.45519e-11
Summary: 
Converged in 100 iterations (4.229 sec)
Loglikelihood: -70225.365478
Fst divergences between estimated populations: 
	Pop0	Pop1	Pop2	Pop3	Pop4	Pop5	Pop6	
Pop0	
Pop1	0.448	
Pop2	0.465	0.211	
Pop3	0.526	0.355	0.372	
Pop4	0.280	0.456	0.482	0.530	
Pop5	0.518	0.565	0.591	0.643	0.525	
Pop6	0.527	0.571	0.596	0.646	0.528	0.189	
Pop7	0.491	0.223	0.242	0.330	0.499	0.606	0.613	
CV error (K=8): 0.41298
Writing output files.
