****                   ADMIXTURE Version 1.3.0                  ****
****                    Copyright 2008-2015                     ****
****           David Alexander, Suyash Shringarpure,            ****
****                John  Novembre, Ken Lange                   ****
****                                                            ****
****                 Please cite our paper!                     ****
****   Information at www.genetics.ucla.edu/software/admixture  ****

Parallel execution requested.  Will use 8 threads.
Cross-validation will be performed.  Folds=10.
Random seed: 43
Point estimation method: Block relaxation algorithm
Convergence acceleration algorithm: QuasiNewton, 3 secant conditions
Point estimation will terminate at 100 iterations
Estimation of standard errors disabled; will compute point estimates only.
Size of G: 98x940
Performing five EM steps to prime main algorithm
1 (EM) 	Elapsed: 0.017	Loglikelihood: -46715.6	(delta): 80688.4
2 (EM) 	Elapsed: 0.018	Loglikelihood: -43665.5	(delta): 3050.08
3 (EM) 	Elapsed: 0.018	Loglikelihood: -43036.6	(delta): 628.846
4 (EM) 	Elapsed: 0.017	Loglikelihood: -42637.3	(delta): 399.312
5 (EM) 	Elapsed: 0.016	Loglikelihood: -42312.2	(delta): 325.1
Initial loglikelihood: -42312.2
Starting main algorithm
1 (QN/Block) 	Elapsed: 0.023	Loglikelihood: -37284.7	(delta): 5027.53
2 (QN/Block) 	Elapsed: 0.03	Loglikelihood: -36145.3	(delta): 1139.43
3 (QN/Block) 	Elapsed: 0.027	Loglikelihood: -35530.1	(delta): 615.154
4 (QN/Block) 	Elapsed: 0.026	Loglikelihood: -35204.1	(delta): 325.991
5 (QN/Block) 	Elapsed: 0.034	Loglikelihood: -35047.3	(delta): 156.819
6 (QN/Block) 	Elapsed: 0.034	Loglikelihood: -34986.2	(delta): 61.1368
7 (QN/Block) 	Elapsed: 0.027	Loglikelihood: -34942.7	(delta): 43.5057
8 (QN/Block) 	Elapsed: 0.033	Loglikelihood: -34911.9	(delta): 30.8
9 (QN/Block) 	Elapsed: 0.032	Loglikelihood: -34865.7	(delta): 46.2095
10 (QN/Block) 	Elapsed: 0.03	Loglikelihood: -34833.5	(delta): 32.2054
11 (QN/Block) 	Elapsed: 0.027	Loglikelihood: -34817.5	(delta): 15.9666
12 (QN/Block) 	Elapsed: 0.029	Loglikelihood: -34802.1	(delta): 15.3433
13 (QN/Block) 	Elapsed: 0.023	Loglikelihood: -34787.8	(delta): 14.337
14 (QN/Block) 	Elapsed: 0.026	Loglikelihood: -34780.4	(delta): 7.40716
15 (QN/Block) 	Elapsed: 0.023	Loglikelihood: -34773.2	(delta): 7.19704
16 (QN/Block) 	Elapsed: 0.03	Loglikelihood: -34768.9	(delta): 4.33201
17 (QN/Block) 	Elapsed: 0.026	Loglikelihood: -34765.9	(delta): 3.01511
18 (QN/Block) 	Elapsed: 0.028	Loglikelihood: -34763.4	(delta): 2.41657
19 (QN/Block) 	Elapsed: 0.024	Loglikelihood: -34761.6	(delta): 1.84434
20 (QN/Block) 	Elapsed: 0.027	Loglikelihood: -34759.9	(delta): 1.65575
21 (QN/Block) 	Elapsed: 0.03	Loglikelihood: -34757.8	(delta): 2.15352
22 (QN/Block) 	Elapsed: 0.027	Loglikelihood: -34756.7	(delta): 1.04572
23 (QN/Block) 	Elapsed: 0.027	Loglikelihood: -34755.5	(delta): 1.19158
24 (QN/Block) 	Elapsed: 0.027	Loglikelihood: -34754.5	(delta): 1.0808
25 (QN/Block) 	Elapsed: 0.03	Loglikelihood: -34753.9	(delta): 0.533744
26 (QN/Block) 	Elapsed: 0.031	Loglikelihood: -34753.1	(delta): 0.843248
27 (QN/Block) 	Elapsed: 0.035	Loglikelihood: -34752.3	(delta): 0.754646
28 (QN/Block) 	Elapsed: 0.036	Loglikelihood: -34752.1	(delta): 0.234662
29 (QN/Block) 	Elapsed: 0.034	Loglikelihood: -34751.8	(delta): 0.328369
30 (QN/Block) 	Elapsed: 0.026	Loglikelihood: -34751.7	(delta): 0.0572241
31 (QN/Block) 	Elapsed: 0.038	Loglikelihood: -34751.7	(delta): 0.00624134
32 (QN/Block) 	Elapsed: 0.034	Loglikelihood: -34751.7	(delta): 0.00569206
33 (QN/Block) 	Elapsed: 0.034	Loglikelihood: -34751.7	(delta): 0.00623832
34 (QN/Block) 	Elapsed: 0.037	Loglikelihood: -34751.7	(delta): 0.00671919
35 (QN/Block) 	Elapsed: 0.039	Loglikelihood: -34751.7	(delta): 0.0076608
36 (QN/Block) 	Elapsed: 0.036	Loglikelihood: -34751.7	(delta): 0.00908917
37 (QN/Block) 	Elapsed: 0.047	Loglikelihood: -34751.7	(delta): 0.0113064
38 (QN/Block) 	Elapsed: 0.036	Loglikelihood: -34751.6	(delta): 0.0151504
39 (QN/Block) 	Elapsed: 0.033	Loglikelihood: -34751.6	(delta): 0.0220845
40 (QN/Block) 	Elapsed: 0.031	Loglikelihood: -34751.6	(delta): 0.0360245
41 (QN/Block) 	Elapsed: 0.026	Loglikelihood: -34751.5	(delta): 0.0666039
42 (QN/Block) 	Elapsed: 0.033	Loglikelihood: -34751.4	(delta): 0.12
43 (QN/Block) 	Elapsed: 0.027	Loglikelihood: -34750.8	(delta): 0.617344
44 (QN/Block) 	Elapsed: 0.034	Loglikelihood: -34750.1	(delta): 0.694523
45 (QN/Block) 	Elapsed: 0.036	Loglikelihood: -34750.1	(delta): 0.00229874
46 (QN/Block) 	Elapsed: 0.034	Loglikelihood: -34750.1	(delta): 0.00110546
47 (QN/Block) 	Elapsed: 0.032	Loglikelihood: -34750.1	(delta): 8.91044e-05
48 (QN/Block) 	Elapsed: 0.031	Loglikelihood: -34750.1	(delta): 3.73292e-05
49 (QN/Block) 	Elapsed: 0.032	Loglikelihood: -34750.1	(delta): 2.01385e-06
50 (QN/Block) 	Elapsed: 0.031	Loglikelihood: -34750.1	(delta): 1.21762e-06
51 (QN/Block) 	Elapsed: 0.031	Loglikelihood: -34750.1	(delta): 5.84696e-08
52 (QN/Block) 	Elapsed: 0.027	Loglikelihood: -34750.1	(delta): 2.4469e-08
53 (QN/Block) 	Elapsed: 0.033	Loglikelihood: -34750.1	(delta): 3.30328e-09
54 (QN/Block) 	Elapsed: 0.034	Loglikelihood: -34750.1	(delta): 5.16593e-10
55 (QN/Block) 	Elapsed: 0.034	Loglikelihood: -34750.1	(delta): 1.01863e-10
56 (QN/Block) 	Elapsed: 0.035	Loglikelihood: -34750.1	(delta): 1.45519e-11
57 (QN/Block) 	Elapsed: 0.034	Loglikelihood: -34750.1	(delta): 0
58 (QN/Block) 	Elapsed: 0.038	Loglikelihood: -34750.1	(delta): 7.27596e-12
59 (QN/Block) 	Elapsed: 0.042	Loglikelihood: -34750.1	(delta): -7.27596e-12
60 (QN/Block) 	Elapsed: 0.04	Loglikelihood: -34750.1	(delta): -7.27596e-12
61 (QN/Block) 	Elapsed: 0.036	Loglikelihood: -34750.1	(delta): 7.27596e-12
62 (QN/Block) 	Elapsed: 0.035	Loglikelihood: -34750.1	(delta): 0
63 (QN/Block) 	Elapsed: 0.031	Loglikelihood: -34750.1	(delta): 0
64 (QN/Block) 	Elapsed: 0.032	Loglikelihood: -34750.1	(delta): 7.27596e-12
65 (QN/Block) 	Elapsed: 0.039	Loglikelihood: -34750.1	(delta): 0
66 (QN/Block) 	Elapsed: 0.042	Loglikelihood: -34750.1	(delta): 0
67 (QN/Block) 	Elapsed: 0.038	Loglikelihood: -34750.1	(delta): 0
68 (QN/Block) 	Elapsed: 0.032	Loglikelihood: -34750.1	(delta): -7.27596e-12
69 (QN/Block) 	Elapsed: 0.036	Loglikelihood: -34750.1	(delta): 0
70 (QN/Block) 	Elapsed: 0.036	Loglikelihood: -34750.1	(delta): 0
71 (QN/Block) 	Elapsed: 0.033	Loglikelihood: -34750.1	(delta): 7.27596e-12
72 (QN/Block) 	Elapsed: 0.032	Loglikelihood: -34750.1	(delta): -7.27596e-12
73 (QN/Block) 	Elapsed: 0.032	Loglikelihood: -34750.1	(delta): 0
74 (QN/Block) 	Elapsed: 0.036	Loglikelihood: -34750.1	(delta): 0
75 (QN/Block) 	Elapsed: 0.037	Loglikelihood: -34750.1	(delta): 7.27596e-12
76 (QN/Block) 	Elapsed: 0.028	Loglikelihood: -34750.1	(delta): -7.27596e-12
77 (QN/Block) 	Elapsed: 0.029	Loglikelihood: -34750.1	(delta): 7.27596e-12
78 (QN/Block) 	Elapsed: 0.023	Loglikelihood: -34750.1	(delta): -1.45519e-11
79 (QN/Block) 	Elapsed: 0.032	Loglikelihood: -34750.1	(delta): 7.27596e-12
80 (QN/Block) 	Elapsed: 0.038	Loglikelihood: -34750.1	(delta): 0
81 (QN/Block) 	Elapsed: 0.037	Loglikelihood: -34750.1	(delta): 0
82 (QN/Block) 	Elapsed: 0.038	Loglikelihood: -34750.1	(delta): 0
83 (QN/Block) 	Elapsed: 0.037	Loglikelihood: -34750.1	(delta): 0
84 (QN/Block) 	Elapsed: 0.039	Loglikelihood: -34750.1	(delta): 0
85 (QN/Block) 	Elapsed: 0.039	Loglikelihood: -34750.1	(delta): 0
86 (QN/Block) 	Elapsed: 0.038	Loglikelihood: -34750.1	(delta): 0
87 (QN/Block) 	Elapsed: 0.034	Loglikelihood: -34750.1	(delta): -7.27596e-12
88 (QN/Block) 	Elapsed: 0.039	Loglikelihood: -34750.1	(delta): 7.27596e-12
89 (QN/Block) 	Elapsed: 0.037	Loglikelihood: -34750.1	(delta): 7.27596e-12
90 (QN/Block) 	Elapsed: 0.034	Loglikelihood: -34750.1	(delta): -7.27596e-12
91 (QN/Block) 	Elapsed: 0.031	Loglikelihood: -34750.1	(delta): 0
92 (QN/Block) 	Elapsed: 0.028	Loglikelihood: -34750.1	(delta): 0
93 (QN/Block) 	Elapsed: 0.035	Loglikelihood: -34750.1	(delta): 0
94 (QN/Block) 	Elapsed: 0.046	Loglikelihood: -34750.1	(delta): 0
95 (QN/Block) 	Elapsed: 0.043	Loglikelihood: -34750.1	(delta): 7.27596e-12
96 (QN/Block) 	Elapsed: 0.037	Loglikelihood: -34750.1	(delta): -7.27596e-12
97 (QN/Block) 	Elapsed: 0.038	Loglikelihood: -34750.1	(delta): 0
98 (QN/Block) 	Elapsed: 0.038	Loglikelihood: -34750.1	(delta): 0
99 (QN/Block) 	Elapsed: 0.042	Loglikelihood: -34750.1	(delta): -7.27596e-12
100 (QN/Block) 	Elapsed: 0.036	Loglikelihood: -34750.1	(delta): 7.27596e-12
Summary: 
Converged in 100 iterations (3.529 sec)
Loglikelihood: -34750.083907
Fst divergences between estimated populations: 
	Pop0	Pop1	Pop2	Pop3	Pop4	Pop5	Pop6	Pop7	Pop8	
Pop0	
Pop1	0.097	
Pop2	0.084	0.087	
Pop3	0.226	0.227	0.222	
Pop4	0.087	0.093	0.082	0.222	
Pop5	0.305	0.305	0.301	0.189	0.307	
Pop6	0.084	0.093	0.082	0.223	0.077	0.304	
Pop7	0.220	0.222	0.212	0.074	0.215	0.180	0.215	
Pop8	0.086	0.095	0.079	0.221	0.090	0.309	0.087	0.220	
Pop9	0.219	0.219	0.216	0.092	0.218	0.188	0.211	0.082	0.220	
CV error (K=10): 0.44335
Writing output files.
