****                   ADMIXTURE Version 1.3.0                  ****
****                    Copyright 2008-2015                     ****
****           David Alexander, Suyash Shringarpure,            ****
****                John  Novembre, Ken Lange                   ****
****                                                            ****
****                 Please cite our paper!                     ****
****   Information at www.genetics.ucla.edu/software/admixture  ****

Parallel execution requested.  Will use 8 threads.
Cross-validation will be performed.  Folds=10.
Random seed: 43
Point estimation method: Block relaxation algorithm
Convergence acceleration algorithm: QuasiNewton, 3 secant conditions
Point estimation will terminate at 100 iterations
Estimation of standard errors disabled; will compute point estimates only.
Size of G: 98x940
Performing five EM steps to prime main algorithm
1 (EM) 	Elapsed: 0.009	Loglikelihood: -46777.7	(delta): 84293
2 (EM) 	Elapsed: 0.01	Loglikelihood: -43976.8	(delta): 2800.94
3 (EM) 	Elapsed: 0.009	Loglikelihood: -43359.1	(delta): 617.631
4 (EM) 	Elapsed: 0.008	Loglikelihood: -42977.6	(delta): 381.529
5 (EM) 	Elapsed: 0.008	Loglikelihood: -42695.2	(delta): 282.346
Initial loglikelihood: -42695.2
Starting main algorithm
1 (QN/Block) 	Elapsed: 0.019	Loglikelihood: -38348.1	(delta): 4347.14
2 (QN/Block) 	Elapsed: 0.018	Loglikelihood: -37207.5	(delta): 1140.63
3 (QN/Block) 	Elapsed: 0.019	Loglikelihood: -36787.6	(delta): 419.869
4 (QN/Block) 	Elapsed: 0.019	Loglikelihood: -36601.9	(delta): 185.73
5 (QN/Block) 	Elapsed: 0.02	Loglikelihood: -36556	(delta): 45.879
6 (QN/Block) 	Elapsed: 0.019	Loglikelihood: -36535	(delta): 20.9678
7 (QN/Block) 	Elapsed: 0.02	Loglikelihood: -36522.9	(delta): 12.1161
8 (QN/Block) 	Elapsed: 0.017	Loglikelihood: -36517.3	(delta): 5.61074
9 (QN/Block) 	Elapsed: 0.019	Loglikelihood: -36511.5	(delta): 5.78744
10 (QN/Block) 	Elapsed: 0.016	Loglikelihood: -36509.5	(delta): 2.01782
11 (QN/Block) 	Elapsed: 0.014	Loglikelihood: -36508.1	(delta): 1.43364
12 (QN/Block) 	Elapsed: 0.019	Loglikelihood: -36506.9	(delta): 1.13277
13 (QN/Block) 	Elapsed: 0.017	Loglikelihood: -36505.2	(delta): 1.69362
14 (QN/Block) 	Elapsed: 0.019	Loglikelihood: -36502	(delta): 3.24095
15 (QN/Block) 	Elapsed: 0.018	Loglikelihood: -36497.8	(delta): 4.202
16 (QN/Block) 	Elapsed: 0.018	Loglikelihood: -36492.4	(delta): 5.3654
17 (QN/Block) 	Elapsed: 0.019	Loglikelihood: -36486.8	(delta): 5.60401
18 (QN/Block) 	Elapsed: 0.014	Loglikelihood: -36482.2	(delta): 4.61709
19 (QN/Block) 	Elapsed: 0.018	Loglikelihood: -36477.2	(delta): 4.97394
20 (QN/Block) 	Elapsed: 0.018	Loglikelihood: -36473.5	(delta): 3.70817
21 (QN/Block) 	Elapsed: 0.019	Loglikelihood: -36471.1	(delta): 2.42722
22 (QN/Block) 	Elapsed: 0.02	Loglikelihood: -36467.6	(delta): 3.48534
23 (QN/Block) 	Elapsed: 0.018	Loglikelihood: -36466.1	(delta): 1.51547
24 (QN/Block) 	Elapsed: 0.022	Loglikelihood: -36465.4	(delta): 0.729501
25 (QN/Block) 	Elapsed: 0.022	Loglikelihood: -36464.9	(delta): 0.440232
26 (QN/Block) 	Elapsed: 0.022	Loglikelihood: -36464.2	(delta): 0.747544
27 (QN/Block) 	Elapsed: 0.026	Loglikelihood: -36463.5	(delta): 0.64289
28 (QN/Block) 	Elapsed: 0.024	Loglikelihood: -36461.2	(delta): 2.36321
29 (QN/Block) 	Elapsed: 0.025	Loglikelihood: -36459	(delta): 2.18562
30 (QN/Block) 	Elapsed: 0.022	Loglikelihood: -36457	(delta): 2.03198
31 (QN/Block) 	Elapsed: 0.02	Loglikelihood: -36456.1	(delta): 0.833335
32 (QN/Block) 	Elapsed: 0.018	Loglikelihood: -36455.7	(delta): 0.443843
33 (QN/Block) 	Elapsed: 0.019	Loglikelihood: -36455.3	(delta): 0.425287
34 (QN/Block) 	Elapsed: 0.02	Loglikelihood: -36454.8	(delta): 0.448552
35 (QN/Block) 	Elapsed: 0.021	Loglikelihood: -36454.4	(delta): 0.448614
36 (QN/Block) 	Elapsed: 0.022	Loglikelihood: -36454.3	(delta): 0.0382246
37 (QN/Block) 	Elapsed: 0.02	Loglikelihood: -36454.3	(delta): 0.039558
38 (QN/Block) 	Elapsed: 0.022	Loglikelihood: -36454.3	(delta): 0.0307099
39 (QN/Block) 	Elapsed: 0.025	Loglikelihood: -36454.2	(delta): 0.0353431
40 (QN/Block) 	Elapsed: 0.023	Loglikelihood: -36454.1	(delta): 0.0906437
41 (QN/Block) 	Elapsed: 0.021	Loglikelihood: -36454.1	(delta): 0.0108298
42 (QN/Block) 	Elapsed: 0.018	Loglikelihood: -36454.1	(delta): 0.00170887
43 (QN/Block) 	Elapsed: 0.019	Loglikelihood: -36454.1	(delta): 0.000254403
44 (QN/Block) 	Elapsed: 0.016	Loglikelihood: -36454.1	(delta): 4.0524e-05
45 (QN/Block) 	Elapsed: 0.016	Loglikelihood: -36454.1	(delta): 7.78266e-07
46 (QN/Block) 	Elapsed: 0.019	Loglikelihood: -36454.1	(delta): 4.5562e-08
47 (QN/Block) 	Elapsed: 0.018	Loglikelihood: -36454.1	(delta): 5.40604e-09
48 (QN/Block) 	Elapsed: 0.019	Loglikelihood: -36454.1	(delta): 9.45874e-11
49 (QN/Block) 	Elapsed: 0.019	Loglikelihood: -36454.1	(delta): 7.27596e-12
50 (QN/Block) 	Elapsed: 0.02	Loglikelihood: -36454.1	(delta): 0
51 (QN/Block) 	Elapsed: 0.02	Loglikelihood: -36454.1	(delta): 0
52 (QN/Block) 	Elapsed: 0.019	Loglikelihood: -36454.1	(delta): 0
53 (QN/Block) 	Elapsed: 0.018	Loglikelihood: -36454.1	(delta): 0
54 (QN/Block) 	Elapsed: 0.022	Loglikelihood: -36454.1	(delta): 0
55 (QN/Block) 	Elapsed: 0.021	Loglikelihood: -36454.1	(delta): 0
56 (QN/Block) 	Elapsed: 0.021	Loglikelihood: -36454.1	(delta): 0
57 (QN/Block) 	Elapsed: 0.02	Loglikelihood: -36454.1	(delta): 0
58 (QN/Block) 	Elapsed: 0.019	Loglikelihood: -36454.1	(delta): -1.45519e-11
59 (QN/Block) 	Elapsed: 0.018	Loglikelihood: -36454.1	(delta): 1.45519e-11
60 (QN/Block) 	Elapsed: 0.019	Loglikelihood: -36454.1	(delta): 0
61 (QN/Block) 	Elapsed: 0.017	Loglikelihood: -36454.1	(delta): 0
62 (QN/Block) 	Elapsed: 0.021	Loglikelihood: -36454.1	(delta): 0
63 (QN/Block) 	Elapsed: 0.023	Loglikelihood: -36454.1	(delta): 7.27596e-12
64 (QN/Block) 	Elapsed: 0.021	Loglikelihood: -36454.1	(delta): -1.45519e-11
65 (QN/Block) 	Elapsed: 0.023	Loglikelihood: -36454.1	(delta): 0
66 (QN/Block) 	Elapsed: 0.02	Loglikelihood: -36454.1	(delta): 7.27596e-12
67 (QN/Block) 	Elapsed: 0.021	Loglikelihood: -36454.1	(delta): -7.27596e-12
68 (QN/Block) 	Elapsed: 0.021	Loglikelihood: -36454.1	(delta): 0
69 (QN/Block) 	Elapsed: 0.019	Loglikelihood: -36454.1	(delta): 0
70 (QN/Block) 	Elapsed: 0.024	Loglikelihood: -36454.1	(delta): 0
71 (QN/Block) 	Elapsed: 0.019	Loglikelihood: -36454.1	(delta): 0
72 (QN/Block) 	Elapsed: 0.019	Loglikelihood: -36454.1	(delta): 0
73 (QN/Block) 	Elapsed: 0.018	Loglikelihood: -36454.1	(delta): 0
74 (QN/Block) 	Elapsed: 0.019	Loglikelihood: -36454.1	(delta): 0
75 (QN/Block) 	Elapsed: 0.02	Loglikelihood: -36454.1	(delta): 7.27596e-12
76 (QN/Block) 	Elapsed: 0.018	Loglikelihood: -36454.1	(delta): -7.27596e-12
77 (QN/Block) 	Elapsed: 0.017	Loglikelihood: -36454.1	(delta): 0
78 (QN/Block) 	Elapsed: 0.018	Loglikelihood: -36454.1	(delta): 7.27596e-12
79 (QN/Block) 	Elapsed: 0.018	Loglikelihood: -36454.1	(delta): -7.27596e-12
80 (QN/Block) 	Elapsed: 0.018	Loglikelihood: -36454.1	(delta): 7.27596e-12
81 (QN/Block) 	Elapsed: 0.019	Loglikelihood: -36454.1	(delta): -1.45519e-11
82 (QN/Block) 	Elapsed: 0.018	Loglikelihood: -36454.1	(delta): 7.27596e-12
83 (QN/Block) 	Elapsed: 0.017	Loglikelihood: -36454.1	(delta): 0
84 (QN/Block) 	Elapsed: 0.02	Loglikelihood: -36454.1	(delta): 7.27596e-12
85 (QN/Block) 	Elapsed: 0.022	Loglikelihood: -36454.1	(delta): -7.27596e-12
86 (QN/Block) 	Elapsed: 0.023	Loglikelihood: -36454.1	(delta): 7.27596e-12
87 (QN/Block) 	Elapsed: 0.02	Loglikelihood: -36454.1	(delta): -7.27596e-12
88 (QN/Block) 	Elapsed: 0.019	Loglikelihood: -36454.1	(delta): 7.27596e-12
89 (QN/Block) 	Elapsed: 0.019	Loglikelihood: -36454.1	(delta): 0
90 (QN/Block) 	Elapsed: 0.017	Loglikelihood: -36454.1	(delta): -7.27596e-12
91 (QN/Block) 	Elapsed: 0.017	Loglikelihood: -36454.1	(delta): 0
92 (QN/Block) 	Elapsed: 0.016	Loglikelihood: -36454.1	(delta): 0
93 (QN/Block) 	Elapsed: 0.015	Loglikelihood: -36454.1	(delta): 0
94 (QN/Block) 	Elapsed: 0.014	Loglikelihood: -36454.1	(delta): 7.27596e-12
95 (QN/Block) 	Elapsed: 0.017	Loglikelihood: -36454.1	(delta): -7.27596e-12
96 (QN/Block) 	Elapsed: 0.015	Loglikelihood: -36454.1	(delta): 0
97 (QN/Block) 	Elapsed: 0.019	Loglikelihood: -36454.1	(delta): 0
98 (QN/Block) 	Elapsed: 0.024	Loglikelihood: -36454.1	(delta): 0
99 (QN/Block) 	Elapsed: 0.022	Loglikelihood: -36454.1	(delta): 0
100 (QN/Block) 	Elapsed: 0.022	Loglikelihood: -36454.1	(delta): 0
Summary: 
Converged in 100 iterations (2.092 sec)
Loglikelihood: -36454.114285
Fst divergences between estimated populations: 
	Pop0	Pop1	Pop2	Pop3	Pop4	
Pop0	
Pop1	0.208	
Pop2	0.072	0.219	
Pop3	0.055	0.210	0.073	
Pop4	0.188	0.074	0.205	0.189	
Pop5	0.048	0.215	0.073	0.052	0.194	
CV error (K=6): 0.37224
Writing output files.
