****                   ADMIXTURE Version 1.3.0                  ****
****                    Copyright 2008-2015                     ****
****           David Alexander, Suyash Shringarpure,            ****
****                John  Novembre, Ken Lange                   ****
****                                                            ****
****                 Please cite our paper!                     ****
****   Information at www.genetics.ucla.edu/software/admixture  ****

Parallel execution requested.  Will use 8 threads.
Cross-validation will be performed.  Folds=10.
Random seed: 43
Point estimation method: Block relaxation algorithm
Convergence acceleration algorithm: QuasiNewton, 3 secant conditions
Point estimation will terminate at 100 iterations
Estimation of standard errors disabled; will compute point estimates only.
Size of G: 98x940
Performing five EM steps to prime main algorithm
1 (EM) 	Elapsed: 0.016	Loglikelihood: -46835.8	(delta): 80964.2
2 (EM) 	Elapsed: 0.015	Loglikelihood: -43779	(delta): 3056.81
3 (EM) 	Elapsed: 0.014	Loglikelihood: -43165.8	(delta): 613.173
4 (EM) 	Elapsed: 0.017	Loglikelihood: -42785.7	(delta): 380.039
5 (EM) 	Elapsed: 0.015	Loglikelihood: -42493	(delta): 292.749
Initial loglikelihood: -42493
Starting main algorithm
1 (QN/Block) 	Elapsed: 0.03	Loglikelihood: -37583.6	(delta): 4909.35
2 (QN/Block) 	Elapsed: 0.029	Loglikelihood: -36440.2	(delta): 1143.43
3 (QN/Block) 	Elapsed: 0.038	Loglikelihood: -35968.3	(delta): 471.92
4 (QN/Block) 	Elapsed: 0.031	Loglikelihood: -35699.8	(delta): 268.543
5 (QN/Block) 	Elapsed: 0.027	Loglikelihood: -35530.7	(delta): 169.076
6 (QN/Block) 	Elapsed: 0.03	Loglikelihood: -35450.7	(delta): 80.0017
7 (QN/Block) 	Elapsed: 0.031	Loglikelihood: -35411.9	(delta): 38.809
8 (QN/Block) 	Elapsed: 0.028	Loglikelihood: -35391.5	(delta): 20.329
9 (QN/Block) 	Elapsed: 0.037	Loglikelihood: -35369.2	(delta): 22.3398
10 (QN/Block) 	Elapsed: 0.032	Loglikelihood: -35360.5	(delta): 8.67549
11 (QN/Block) 	Elapsed: 0.027	Loglikelihood: -35354.9	(delta): 5.57375
12 (QN/Block) 	Elapsed: 0.028	Loglikelihood: -35348.6	(delta): 6.33984
13 (QN/Block) 	Elapsed: 0.023	Loglikelihood: -35341	(delta): 7.58276
14 (QN/Block) 	Elapsed: 0.03	Loglikelihood: -35338.5	(delta): 2.47765
15 (QN/Block) 	Elapsed: 0.029	Loglikelihood: -35335.6	(delta): 2.95329
16 (QN/Block) 	Elapsed: 0.025	Loglikelihood: -35332.3	(delta): 3.32047
17 (QN/Block) 	Elapsed: 0.028	Loglikelihood: -35330.6	(delta): 1.62684
18 (QN/Block) 	Elapsed: 0.03	Loglikelihood: -35329.9	(delta): 0.747601
19 (QN/Block) 	Elapsed: 0.03	Loglikelihood: -35328.8	(delta): 1.1021
20 (QN/Block) 	Elapsed: 0.034	Loglikelihood: -35327.5	(delta): 1.29928
21 (QN/Block) 	Elapsed: 0.035	Loglikelihood: -35326.3	(delta): 1.15786
22 (QN/Block) 	Elapsed: 0.031	Loglikelihood: -35326	(delta): 0.291185
23 (QN/Block) 	Elapsed: 0.03	Loglikelihood: -35325.7	(delta): 0.334242
24 (QN/Block) 	Elapsed: 0.032	Loglikelihood: -35325.3	(delta): 0.444564
25 (QN/Block) 	Elapsed: 0.033	Loglikelihood: -35324.6	(delta): 0.71245
26 (QN/Block) 	Elapsed: 0.033	Loglikelihood: -35323.9	(delta): 0.629548
27 (QN/Block) 	Elapsed: 0.03	Loglikelihood: -35323.4	(delta): 0.480502
28 (QN/Block) 	Elapsed: 0.03	Loglikelihood: -35322.7	(delta): 0.783439
29 (QN/Block) 	Elapsed: 0.034	Loglikelihood: -35322.2	(delta): 0.487827
30 (QN/Block) 	Elapsed: 0.037	Loglikelihood: -35321.7	(delta): 0.433592
31 (QN/Block) 	Elapsed: 0.033	Loglikelihood: -35320.8	(delta): 0.917016
32 (QN/Block) 	Elapsed: 0.033	Loglikelihood: -35320.4	(delta): 0.39863
33 (QN/Block) 	Elapsed: 0.032	Loglikelihood: -35320.3	(delta): 0.0893568
34 (QN/Block) 	Elapsed: 0.031	Loglikelihood: -35320.3	(delta): 0.0556469
35 (QN/Block) 	Elapsed: 0.033	Loglikelihood: -35320.2	(delta): 0.0371248
36 (QN/Block) 	Elapsed: 0.032	Loglikelihood: -35320.2	(delta): 0.0896421
37 (QN/Block) 	Elapsed: 0.028	Loglikelihood: -35320.1	(delta): 0.0952453
38 (QN/Block) 	Elapsed: 0.027	Loglikelihood: -35320	(delta): 0.0370649
39 (QN/Block) 	Elapsed: 0.025	Loglikelihood: -35320	(delta): 0.0393867
40 (QN/Block) 	Elapsed: 0.031	Loglikelihood: -35319.8	(delta): 0.161982
41 (QN/Block) 	Elapsed: 0.032	Loglikelihood: -35319.8	(delta): 0.0326776
42 (QN/Block) 	Elapsed: 0.031	Loglikelihood: -35319.7	(delta): 0.0472609
43 (QN/Block) 	Elapsed: 0.028	Loglikelihood: -35319.5	(delta): 0.189892
44 (QN/Block) 	Elapsed: 0.026	Loglikelihood: -35319.3	(delta): 0.27062
45 (QN/Block) 	Elapsed: 0.025	Loglikelihood: -35319.1	(delta): 0.149818
46 (QN/Block) 	Elapsed: 0.026	Loglikelihood: -35319.1	(delta): 0.0378609
47 (QN/Block) 	Elapsed: 0.031	Loglikelihood: -35319.1	(delta): 0.020642
48 (QN/Block) 	Elapsed: 0.035	Loglikelihood: -35319.1	(delta): 0.0024038
49 (QN/Block) 	Elapsed: 0.031	Loglikelihood: -35319.1	(delta): 0.000878599
50 (QN/Block) 	Elapsed: 0.026	Loglikelihood: -35319.1	(delta): 0.000369515
51 (QN/Block) 	Elapsed: 0.027	Loglikelihood: -35319.1	(delta): 0.000123308
52 (QN/Block) 	Elapsed: 0.025	Loglikelihood: -35319.1	(delta): 2.03749e-05
53 (QN/Block) 	Elapsed: 0.03	Loglikelihood: -35319.1	(delta): 5.0661e-05
54 (QN/Block) 	Elapsed: 0.035	Loglikelihood: -35319.1	(delta): 2.22792e-05
55 (QN/Block) 	Elapsed: 0.035	Loglikelihood: -35319.1	(delta): 2.29962e-05
56 (QN/Block) 	Elapsed: 0.023	Loglikelihood: -35319.1	(delta): 2.68078e-05
57 (QN/Block) 	Elapsed: 0.021	Loglikelihood: -35319.1	(delta): 3.24784e-05
58 (QN/Block) 	Elapsed: 0.02	Loglikelihood: -35319.1	(delta): 3.99803e-05
59 (QN/Block) 	Elapsed: 0.029	Loglikelihood: -35319.1	(delta): 4.9546e-05
60 (QN/Block) 	Elapsed: 0.032	Loglikelihood: -35319.1	(delta): 6.15762e-05
61 (QN/Block) 	Elapsed: 0.031	Loglikelihood: -35319.1	(delta): 7.66286e-05
62 (QN/Block) 	Elapsed: 0.03	Loglikelihood: -35319.1	(delta): 9.54135e-05
63 (QN/Block) 	Elapsed: 0.029	Loglikelihood: -35319.1	(delta): 0.000118829
64 (QN/Block) 	Elapsed: 0.029	Loglikelihood: -35319.1	(delta): 0.000148004
65 (QN/Block) 	Elapsed: 0.032	Loglikelihood: -35319.1	(delta): 0.000184379
66 (QN/Block) 	Elapsed: 0.033	Loglikelihood: -35319.1	(delta): 0.000229748
67 (QN/Block) 	Elapsed: 0.033	Loglikelihood: -35319.1	(delta): 0.000286325
68 (QN/Block) 	Elapsed: 0.029	Loglikelihood: -35319.1	(delta): 0.000356869
69 (QN/Block) 	Elapsed: 0.019	Loglikelihood: -35319.1	(delta): 0.000444823
70 (QN/Block) 	Elapsed: 0.023	Loglikelihood: -35319.1	(delta): 0.000554473
71 (QN/Block) 	Elapsed: 0.032	Loglikelihood: -35319.1	(delta): 0.000691164
72 (QN/Block) 	Elapsed: 0.032	Loglikelihood: -35319.1	(delta): 0.000861559
73 (QN/Block) 	Elapsed: 0.028	Loglikelihood: -35319.1	(delta): 0.00107397
74 (QN/Block) 	Elapsed: 0.029	Loglikelihood: -35319.1	(delta): 0.00133874
75 (QN/Block) 	Elapsed: 0.029	Loglikelihood: -35319.1	(delta): 0.00166882
76 (QN/Block) 	Elapsed: 0.032	Loglikelihood: -35319.1	(delta): 0.00208035
77 (QN/Block) 	Elapsed: 0.028	Loglikelihood: -35319.1	(delta): 0.00259353
78 (QN/Block) 	Elapsed: 0.027	Loglikelihood: -35319.1	(delta): 0.00323402
79 (QN/Block) 	Elapsed: 0.028	Loglikelihood: -35319	(delta): 0.00406277
80 (QN/Block) 	Elapsed: 0.029	Loglikelihood: -35319	(delta): 0.00513065
81 (QN/Block) 	Elapsed: 0.03	Loglikelihood: -35319	(delta): 0.00648749
82 (QN/Block) 	Elapsed: 0.03	Loglikelihood: -35319	(delta): 0.0099139
83 (QN/Block) 	Elapsed: 0.028	Loglikelihood: -35319	(delta): 0.0120903
84 (QN/Block) 	Elapsed: 0.03	Loglikelihood: -35319	(delta): 0.00489933
85 (QN/Block) 	Elapsed: 0.028	Loglikelihood: -35319	(delta): 0.00169231
86 (QN/Block) 	Elapsed: 0.03	Loglikelihood: -35319	(delta): 0.000142588
87 (QN/Block) 	Elapsed: 0.029	Loglikelihood: -35319	(delta): 0.00129977
88 (QN/Block) 	Elapsed: 0.026	Loglikelihood: -35319	(delta): 0.000999051
89 (QN/Block) 	Elapsed: 0.025	Loglikelihood: -35319	(delta): 0.000252817
90 (QN/Block) 	Elapsed: 0.024	Loglikelihood: -35319	(delta): 0.000169521
91 (QN/Block) 	Elapsed: 0.022	Loglikelihood: -35319	(delta): 0.000166284
92 (QN/Block) 	Elapsed: 0.025	Loglikelihood: -35319	(delta): 0.000114852
93 (QN/Block) 	Elapsed: 0.027	Loglikelihood: -35319	(delta): 7.34625e-05
94 (QN/Block) 	Elapsed: 0.031	Loglikelihood: -35319	(delta): 1.53886e-05
95 (QN/Block) 	Elapsed: 0.026	Loglikelihood: -35319	(delta): 1.94535e-05
96 (QN/Block) 	Elapsed: 0.025	Loglikelihood: -35319	(delta): 8.12298e-06
97 (QN/Block) 	Elapsed: 0.026	Loglikelihood: -35319	(delta): 2.2584e-05
98 (QN/Block) 	Elapsed: 0.026	Loglikelihood: -35319	(delta): 5.08386e-07
99 (QN/Block) 	Elapsed: 0.027	Loglikelihood: -35319	(delta): 2.90078e-07
100 (QN/Block) 	Elapsed: 0.029	Loglikelihood: -35319	(delta): 4.20405e-08
Summary: 
Converged in 100 iterations (3.124 sec)
Loglikelihood: -35319.003291
Fst divergences between estimated populations: 
	Pop0	Pop1	Pop2	Pop3	Pop4	Pop5	Pop6	Pop7	
Pop0	
Pop1	0.104	
Pop2	0.224	0.217	
Pop3	0.115	0.123	0.226	
Pop4	0.229	0.221	0.081	0.231	
Pop5	0.232	0.225	0.083	0.234	0.088	
Pop6	0.124	0.110	0.231	0.123	0.240	0.236	
Pop7	0.090	0.103	0.221	0.106	0.229	0.226	0.102	
Pop8	0.091	0.095	0.222	0.091	0.229	0.224	0.091	0.079	
CV error (K=9): 0.42311
Writing output files.
