****                   ADMIXTURE Version 1.3.0                  ****
****                    Copyright 2008-2015                     ****
****           David Alexander, Suyash Shringarpure,            ****
****                John  Novembre, Ken Lange                   ****
****                                                            ****
****                 Please cite our paper!                     ****
****   Information at www.genetics.ucla.edu/software/admixture  ****

Parallel execution requested.  Will use 8 threads.
Cross-validation will be performed.  Folds=10.
Random seed: 43
Point estimation method: Block relaxation algorithm
Convergence acceleration algorithm: QuasiNewton, 3 secant conditions
Point estimation will terminate at 100 iterations
Estimation of standard errors disabled; will compute point estimates only.
Size of G: 98x940
Performing five EM steps to prime main algorithm
1 (EM) 	Elapsed: 0.01	Loglikelihood: -46828.6	(delta): 87233.2
2 (EM) 	Elapsed: 0.01	Loglikelihood: -43933.2	(delta): 2895.38
3 (EM) 	Elapsed: 0.009	Loglikelihood: -43347.1	(delta): 586.088
4 (EM) 	Elapsed: 0.009	Loglikelihood: -43007.3	(delta): 339.862
5 (EM) 	Elapsed: 0.009	Loglikelihood: -42756.2	(delta): 251.044
Initial loglikelihood: -42756.2
Starting main algorithm
1 (QN/Block) 	Elapsed: 0.017	Loglikelihood: -38835.4	(delta): 3920.84
2 (QN/Block) 	Elapsed: 0.019	Loglikelihood: -37743.3	(delta): 1092.07
3 (QN/Block) 	Elapsed: 0.017	Loglikelihood: -37303.2	(delta): 440.151
4 (QN/Block) 	Elapsed: 0.016	Loglikelihood: -37015.4	(delta): 287.77
5 (QN/Block) 	Elapsed: 0.015	Loglikelihood: -36913.2	(delta): 102.207
6 (QN/Block) 	Elapsed: 0.017	Loglikelihood: -36872.8	(delta): 40.4486
7 (QN/Block) 	Elapsed: 0.018	Loglikelihood: -36858.7	(delta): 14.0351
8 (QN/Block) 	Elapsed: 0.015	Loglikelihood: -36853.1	(delta): 5.61193
9 (QN/Block) 	Elapsed: 0.014	Loglikelihood: -36848.5	(delta): 4.5924
10 (QN/Block) 	Elapsed: 0.02	Loglikelihood: -36844.5	(delta): 4.0399
11 (QN/Block) 	Elapsed: 0.025	Loglikelihood: -36843.1	(delta): 1.4045
12 (QN/Block) 	Elapsed: 0.022	Loglikelihood: -36841.7	(delta): 1.33789
13 (QN/Block) 	Elapsed: 0.024	Loglikelihood: -36840.7	(delta): 1.02874
14 (QN/Block) 	Elapsed: 0.02	Loglikelihood: -36839.8	(delta): 0.941008
15 (QN/Block) 	Elapsed: 0.018	Loglikelihood: -36839.3	(delta): 0.44714
16 (QN/Block) 	Elapsed: 0.02	Loglikelihood: -36838.2	(delta): 1.11809
17 (QN/Block) 	Elapsed: 0.02	Loglikelihood: -36838	(delta): 0.1757
18 (QN/Block) 	Elapsed: 0.019	Loglikelihood: -36838	(delta): 0.0542781
19 (QN/Block) 	Elapsed: 0.016	Loglikelihood: -36837.9	(delta): 0.0834429
20 (QN/Block) 	Elapsed: 0.018	Loglikelihood: -36837.8	(delta): 0.056242
21 (QN/Block) 	Elapsed: 0.019	Loglikelihood: -36837.7	(delta): 0.114123
22 (QN/Block) 	Elapsed: 0.018	Loglikelihood: -36837.5	(delta): 0.24171
23 (QN/Block) 	Elapsed: 0.018	Loglikelihood: -36837.1	(delta): 0.419261
24 (QN/Block) 	Elapsed: 0.018	Loglikelihood: -36836.9	(delta): 0.166958
25 (QN/Block) 	Elapsed: 0.018	Loglikelihood: -36836.7	(delta): 0.23913
26 (QN/Block) 	Elapsed: 0.016	Loglikelihood: -36836.5	(delta): 0.141812
27 (QN/Block) 	Elapsed: 0.017	Loglikelihood: -36836.4	(delta): 0.0852494
28 (QN/Block) 	Elapsed: 0.018	Loglikelihood: -36836.4	(delta): 0.0511618
29 (QN/Block) 	Elapsed: 0.019	Loglikelihood: -36836.3	(delta): 0.105472
30 (QN/Block) 	Elapsed: 0.022	Loglikelihood: -36836	(delta): 0.27447
31 (QN/Block) 	Elapsed: 0.018	Loglikelihood: -36835.9	(delta): 0.0980919
32 (QN/Block) 	Elapsed: 0.019	Loglikelihood: -36835.9	(delta): 0.00776902
33 (QN/Block) 	Elapsed: 0.017	Loglikelihood: -36835.9	(delta): 0.00714113
34 (QN/Block) 	Elapsed: 0.015	Loglikelihood: -36835.9	(delta): 0.00236874
35 (QN/Block) 	Elapsed: 0.016	Loglikelihood: -36835.9	(delta): 0.00086876
36 (QN/Block) 	Elapsed: 0.018	Loglikelihood: -36835.9	(delta): 0.000210435
37 (QN/Block) 	Elapsed: 0.018	Loglikelihood: -36835.9	(delta): 3.02716e-05
38 (QN/Block) 	Elapsed: 0.016	Loglikelihood: -36835.9	(delta): 2.79868e-06
39 (QN/Block) 	Elapsed: 0.015	Loglikelihood: -36835.9	(delta): 9.71362e-07
40 (QN/Block) 	Elapsed: 0.016	Loglikelihood: -36835.9	(delta): 9.2994e-08
41 (QN/Block) 	Elapsed: 0.015	Loglikelihood: -36835.9	(delta): 3.85844e-08
42 (QN/Block) 	Elapsed: 0.014	Loglikelihood: -36835.9	(delta): 3.90719e-09
43 (QN/Block) 	Elapsed: 0.017	Loglikelihood: -36835.9	(delta): 5.45697e-10
44 (QN/Block) 	Elapsed: 0.018	Loglikelihood: -36835.9	(delta): 8.73115e-11
45 (QN/Block) 	Elapsed: 0.016	Loglikelihood: -36835.9	(delta): 2.91038e-11
46 (QN/Block) 	Elapsed: 0.019	Loglikelihood: -36835.9	(delta): 7.27596e-12
47 (QN/Block) 	Elapsed: 0.017	Loglikelihood: -36835.9	(delta): -7.27596e-12
48 (QN/Block) 	Elapsed: 0.022	Loglikelihood: -36835.9	(delta): 7.27596e-12
49 (QN/Block) 	Elapsed: 0.018	Loglikelihood: -36835.9	(delta): -7.27596e-12
50 (QN/Block) 	Elapsed: 0.022	Loglikelihood: -36835.9	(delta): 7.27596e-12
51 (QN/Block) 	Elapsed: 0.02	Loglikelihood: -36835.9	(delta): -7.27596e-12
52 (QN/Block) 	Elapsed: 0.021	Loglikelihood: -36835.9	(delta): 7.27596e-12
53 (QN/Block) 	Elapsed: 0.022	Loglikelihood: -36835.9	(delta): -7.27596e-12
54 (QN/Block) 	Elapsed: 0.021	Loglikelihood: -36835.9	(delta): 7.27596e-12
55 (QN/Block) 	Elapsed: 0.021	Loglikelihood: -36835.9	(delta): 0
56 (QN/Block) 	Elapsed: 0.019	Loglikelihood: -36835.9	(delta): 0
57 (QN/Block) 	Elapsed: 0.019	Loglikelihood: -36835.9	(delta): -7.27596e-12
58 (QN/Block) 	Elapsed: 0.019	Loglikelihood: -36835.9	(delta): 7.27596e-12
59 (QN/Block) 	Elapsed: 0.024	Loglikelihood: -36835.9	(delta): 0
60 (QN/Block) 	Elapsed: 0.02	Loglikelihood: -36835.9	(delta): 0
61 (QN/Block) 	Elapsed: 0.02	Loglikelihood: -36835.9	(delta): 0
62 (QN/Block) 	Elapsed: 0.021	Loglikelihood: -36835.9	(delta): 0
63 (QN/Block) 	Elapsed: 0.022	Loglikelihood: -36835.9	(delta): 0
64 (QN/Block) 	Elapsed: 0.022	Loglikelihood: -36835.9	(delta): 0
65 (QN/Block) 	Elapsed: 0.023	Loglikelihood: -36835.9	(delta): 0
66 (QN/Block) 	Elapsed: 0.02	Loglikelihood: -36835.9	(delta): 0
67 (QN/Block) 	Elapsed: 0.02	Loglikelihood: -36835.9	(delta): -7.27596e-12
68 (QN/Block) 	Elapsed: 0.016	Loglikelihood: -36835.9	(delta): 7.27596e-12
69 (QN/Block) 	Elapsed: 0.021	Loglikelihood: -36835.9	(delta): 0
70 (QN/Block) 	Elapsed: 0.017	Loglikelihood: -36835.9	(delta): 0
71 (QN/Block) 	Elapsed: 0.016	Loglikelihood: -36835.9	(delta): -7.27596e-12
72 (QN/Block) 	Elapsed: 0.019	Loglikelihood: -36835.9	(delta): 7.27596e-12
73 (QN/Block) 	Elapsed: 0.02	Loglikelihood: -36835.9	(delta): 0
74 (QN/Block) 	Elapsed: 0.022	Loglikelihood: -36835.9	(delta): -7.27596e-12
75 (QN/Block) 	Elapsed: 0.021	Loglikelihood: -36835.9	(delta): -7.27596e-12
76 (QN/Block) 	Elapsed: 0.022	Loglikelihood: -36835.9	(delta): 7.27596e-12
77 (QN/Block) 	Elapsed: 0.021	Loglikelihood: -36835.9	(delta): 7.27596e-12
78 (QN/Block) 	Elapsed: 0.022	Loglikelihood: -36835.9	(delta): -7.27596e-12
79 (QN/Block) 	Elapsed: 0.02	Loglikelihood: -36835.9	(delta): 0
80 (QN/Block) 	Elapsed: 0.018	Loglikelihood: -36835.9	(delta): -7.27596e-12
81 (QN/Block) 	Elapsed: 0.016	Loglikelihood: -36835.9	(delta): 7.27596e-12
82 (QN/Block) 	Elapsed: 0.014	Loglikelihood: -36835.9	(delta): 0
83 (QN/Block) 	Elapsed: 0.019	Loglikelihood: -36835.9	(delta): 7.27596e-12
84 (QN/Block) 	Elapsed: 0.017	Loglikelihood: -36835.9	(delta): -7.27596e-12
85 (QN/Block) 	Elapsed: 0.019	Loglikelihood: -36835.9	(delta): 0
86 (QN/Block) 	Elapsed: 0.02	Loglikelihood: -36835.9	(delta): -7.27596e-12
87 (QN/Block) 	Elapsed: 0.019	Loglikelihood: -36835.9	(delta): 7.27596e-12
88 (QN/Block) 	Elapsed: 0.021	Loglikelihood: -36835.9	(delta): 0
89 (QN/Block) 	Elapsed: 0.019	Loglikelihood: -36835.9	(delta): 0
90 (QN/Block) 	Elapsed: 0.02	Loglikelihood: -36835.9	(delta): 7.27596e-12
91 (QN/Block) 	Elapsed: 0.02	Loglikelihood: -36835.9	(delta): -7.27596e-12
92 (QN/Block) 	Elapsed: 0.019	Loglikelihood: -36835.9	(delta): 7.27596e-12
93 (QN/Block) 	Elapsed: 0.016	Loglikelihood: -36835.9	(delta): 0
94 (QN/Block) 	Elapsed: 0.017	Loglikelihood: -36835.9	(delta): -7.27596e-12
95 (QN/Block) 	Elapsed: 0.018	Loglikelihood: -36835.9	(delta): 7.27596e-12
96 (QN/Block) 	Elapsed: 0.016	Loglikelihood: -36835.9	(delta): 0
97 (QN/Block) 	Elapsed: 0.019	Loglikelihood: -36835.9	(delta): -7.27596e-12
98 (QN/Block) 	Elapsed: 0.015	Loglikelihood: -36835.9	(delta): 7.27596e-12
99 (QN/Block) 	Elapsed: 0.019	Loglikelihood: -36835.9	(delta): 0
100 (QN/Block) 	Elapsed: 0.017	Loglikelihood: -36835.9	(delta): -7.27596e-12
Summary: 
Converged in 100 iterations (2.022 sec)
Loglikelihood: -36835.876884
Fst divergences between estimated populations: 
	Pop0	Pop1	Pop2	Pop3	
Pop0	
Pop1	0.195	
Pop2	0.058	0.195	
Pop3	0.197	0.060	0.197	
Pop4	0.067	0.202	0.062	0.202	
CV error (K=5): 0.35449
Writing output files.
