****                   ADMIXTURE Version 1.3.0                  ****
****                    Copyright 2008-2015                     ****
****           David Alexander, Suyash Shringarpure,            ****
****                John  Novembre, Ken Lange                   ****
****                                                            ****
****                 Please cite our paper!                     ****
****   Information at www.genetics.ucla.edu/software/admixture  ****

Parallel execution requested.  Will use 8 threads.
Cross-validation will be performed.  Folds=10.
Random seed: 43
Point estimation method: Block relaxation algorithm
Convergence acceleration algorithm: QuasiNewton, 3 secant conditions
Point estimation will terminate at 100 iterations
Estimation of standard errors disabled; will compute point estimates only.
Size of G: 98x940
Performing five EM steps to prime main algorithm
1 (EM) 	Elapsed: 0.004	Loglikelihood: -46325.9	(delta): 93904.4
2 (EM) 	Elapsed: 0.004	Loglikelihood: -44035.3	(delta): 2290.67
3 (EM) 	Elapsed: 0.004	Loglikelihood: -43490.5	(delta): 544.72
4 (EM) 	Elapsed: 0.004	Loglikelihood: -43187.9	(delta): 302.597
5 (EM) 	Elapsed: 0.004	Loglikelihood: -42991.6	(delta): 196.33
Initial loglikelihood: -42991.6
Starting main algorithm
1 (QN/Block) 	Elapsed: 0.01	Loglikelihood: -39477.8	(delta): 3513.86
2 (QN/Block) 	Elapsed: 0.01	Loglikelihood: -38605.4	(delta): 872.381
3 (QN/Block) 	Elapsed: 0.012	Loglikelihood: -38188.2	(delta): 417.127
4 (QN/Block) 	Elapsed: 0.011	Loglikelihood: -37993.6	(delta): 194.638
5 (QN/Block) 	Elapsed: 0.011	Loglikelihood: -37918.5	(delta): 75.1536
6 (QN/Block) 	Elapsed: 0.013	Loglikelihood: -37900.2	(delta): 18.3001
7 (QN/Block) 	Elapsed: 0.015	Loglikelihood: -37895.8	(delta): 4.35661
8 (QN/Block) 	Elapsed: 0.012	Loglikelihood: -37892.8	(delta): 2.9493
9 (QN/Block) 	Elapsed: 0.015	Loglikelihood: -37891.1	(delta): 1.78604
10 (QN/Block) 	Elapsed: 0.015	Loglikelihood: -37890	(delta): 1.052
11 (QN/Block) 	Elapsed: 0.016	Loglikelihood: -37889.7	(delta): 0.332319
12 (QN/Block) 	Elapsed: 0.017	Loglikelihood: -37889.4	(delta): 0.305218
13 (QN/Block) 	Elapsed: 0.015	Loglikelihood: -37889.1	(delta): 0.268422
14 (QN/Block) 	Elapsed: 0.015	Loglikelihood: -37889	(delta): 0.0918814
15 (QN/Block) 	Elapsed: 0.017	Loglikelihood: -37889	(delta): 0.0127231
16 (QN/Block) 	Elapsed: 0.017	Loglikelihood: -37889	(delta): 0.0123702
17 (QN/Block) 	Elapsed: 0.018	Loglikelihood: -37889	(delta): 0.0140619
18 (QN/Block) 	Elapsed: 0.015	Loglikelihood: -37889	(delta): 0.0164015
19 (QN/Block) 	Elapsed: 0.016	Loglikelihood: -37888.9	(delta): 0.0196119
20 (QN/Block) 	Elapsed: 0.017	Loglikelihood: -37888.9	(delta): 0.0240052
21 (QN/Block) 	Elapsed: 0.02	Loglikelihood: -37888.9	(delta): 0.0292778
22 (QN/Block) 	Elapsed: 0.019	Loglikelihood: -37888.9	(delta): 0.00909395
23 (QN/Block) 	Elapsed: 0.013	Loglikelihood: -37888.9	(delta): 0.00347707
24 (QN/Block) 	Elapsed: 0.012	Loglikelihood: -37888.9	(delta): 0.00174346
25 (QN/Block) 	Elapsed: 0.011	Loglikelihood: -37888.9	(delta): 0.00208089
26 (QN/Block) 	Elapsed: 0.013	Loglikelihood: -37888.9	(delta): 0.000486984
27 (QN/Block) 	Elapsed: 0.015	Loglikelihood: -37888.9	(delta): 0.00103847
28 (QN/Block) 	Elapsed: 0.016	Loglikelihood: -37888.9	(delta): 0.00341456
29 (QN/Block) 	Elapsed: 0.017	Loglikelihood: -37888.9	(delta): 0.0118694
30 (QN/Block) 	Elapsed: 0.016	Loglikelihood: -37888.8	(delta): 0.0409179
31 (QN/Block) 	Elapsed: 0.017	Loglikelihood: -37888.7	(delta): 0.0656357
32 (QN/Block) 	Elapsed: 0.017	Loglikelihood: -37888.7	(delta): 0.00603356
33 (QN/Block) 	Elapsed: 0.015	Loglikelihood: -37888.7	(delta): 0.000630096
34 (QN/Block) 	Elapsed: 0.014	Loglikelihood: -37888.7	(delta): 0.000225926
35 (QN/Block) 	Elapsed: 0.014	Loglikelihood: -37888.7	(delta): 0.000127691
36 (QN/Block) 	Elapsed: 0.014	Loglikelihood: -37888.7	(delta): 4.58045e-05
37 (QN/Block) 	Elapsed: 0.013	Loglikelihood: -37888.7	(delta): 9.96957e-06
38 (QN/Block) 	Elapsed: 0.015	Loglikelihood: -37888.7	(delta): 1.19941e-06
39 (QN/Block) 	Elapsed: 0.014	Loglikelihood: -37888.7	(delta): 4.81399e-07
40 (QN/Block) 	Elapsed: 0.014	Loglikelihood: -37888.7	(delta): 8.28804e-08
41 (QN/Block) 	Elapsed: 0.014	Loglikelihood: -37888.7	(delta): 1.90485e-08
42 (QN/Block) 	Elapsed: 0.015	Loglikelihood: -37888.7	(delta): 1.97178e-09
43 (QN/Block) 	Elapsed: 0.015	Loglikelihood: -37888.7	(delta): 2.40107e-10
44 (QN/Block) 	Elapsed: 0.016	Loglikelihood: -37888.7	(delta): 1.38243e-10
45 (QN/Block) 	Elapsed: 0.018	Loglikelihood: -37888.7	(delta): 2.18279e-11
46 (QN/Block) 	Elapsed: 0.015	Loglikelihood: -37888.7	(delta): -1.45519e-11
47 (QN/Block) 	Elapsed: 0.018	Loglikelihood: -37888.7	(delta): 2.18279e-11
48 (QN/Block) 	Elapsed: 0.013	Loglikelihood: -37888.7	(delta): 0
49 (QN/Block) 	Elapsed: 0.015	Loglikelihood: -37888.7	(delta): -7.27596e-12
50 (QN/Block) 	Elapsed: 0.015	Loglikelihood: -37888.7	(delta): 7.27596e-12
51 (QN/Block) 	Elapsed: 0.015	Loglikelihood: -37888.7	(delta): -7.27596e-12
52 (QN/Block) 	Elapsed: 0.016	Loglikelihood: -37888.7	(delta): 7.27596e-12
53 (QN/Block) 	Elapsed: 0.016	Loglikelihood: -37888.7	(delta): 0
54 (QN/Block) 	Elapsed: 0.015	Loglikelihood: -37888.7	(delta): 0
55 (QN/Block) 	Elapsed: 0.015	Loglikelihood: -37888.7	(delta): 0
56 (QN/Block) 	Elapsed: 0.015	Loglikelihood: -37888.7	(delta): -7.27596e-12
57 (QN/Block) 	Elapsed: 0.015	Loglikelihood: -37888.7	(delta): 0
58 (QN/Block) 	Elapsed: 0.014	Loglikelihood: -37888.7	(delta): 0
59 (QN/Block) 	Elapsed: 0.015	Loglikelihood: -37888.7	(delta): 7.27596e-12
60 (QN/Block) 	Elapsed: 0.014	Loglikelihood: -37888.7	(delta): -7.27596e-12
61 (QN/Block) 	Elapsed: 0.016	Loglikelihood: -37888.7	(delta): 0
62 (QN/Block) 	Elapsed: 0.016	Loglikelihood: -37888.7	(delta): 7.27596e-12
63 (QN/Block) 	Elapsed: 0.016	Loglikelihood: -37888.7	(delta): 0
64 (QN/Block) 	Elapsed: 0.019	Loglikelihood: -37888.7	(delta): -7.27596e-12
65 (QN/Block) 	Elapsed: 0.016	Loglikelihood: -37888.7	(delta): 7.27596e-12
66 (QN/Block) 	Elapsed: 0.015	Loglikelihood: -37888.7	(delta): -7.27596e-12
67 (QN/Block) 	Elapsed: 0.013	Loglikelihood: -37888.7	(delta): 0
68 (QN/Block) 	Elapsed: 0.012	Loglikelihood: -37888.7	(delta): 7.27596e-12
69 (QN/Block) 	Elapsed: 0.014	Loglikelihood: -37888.7	(delta): 0
70 (QN/Block) 	Elapsed: 0.012	Loglikelihood: -37888.7	(delta): 0
71 (QN/Block) 	Elapsed: 0.014	Loglikelihood: -37888.7	(delta): -7.27596e-12
72 (QN/Block) 	Elapsed: 0.015	Loglikelihood: -37888.7	(delta): 0
73 (QN/Block) 	Elapsed: 0.013	Loglikelihood: -37888.7	(delta): 0
74 (QN/Block) 	Elapsed: 0.013	Loglikelihood: -37888.7	(delta): 0
75 (QN/Block) 	Elapsed: 0.015	Loglikelihood: -37888.7	(delta): 0
76 (QN/Block) 	Elapsed: 0.015	Loglikelihood: -37888.7	(delta): 0
77 (QN/Block) 	Elapsed: 0.014	Loglikelihood: -37888.7	(delta): 0
78 (QN/Block) 	Elapsed: 0.018	Loglikelihood: -37888.7	(delta): 7.27596e-12
79 (QN/Block) 	Elapsed: 0.014	Loglikelihood: -37888.7	(delta): -7.27596e-12
80 (QN/Block) 	Elapsed: 0.014	Loglikelihood: -37888.7	(delta): 0
81 (QN/Block) 	Elapsed: 0.015	Loglikelihood: -37888.7	(delta): 0
82 (QN/Block) 	Elapsed: 0.013	Loglikelihood: -37888.7	(delta): 7.27596e-12
83 (QN/Block) 	Elapsed: 0.014	Loglikelihood: -37888.7	(delta): -7.27596e-12
84 (QN/Block) 	Elapsed: 0.014	Loglikelihood: -37888.7	(delta): 0
85 (QN/Block) 	Elapsed: 0.013	Loglikelihood: -37888.7	(delta): 0
86 (QN/Block) 	Elapsed: 0.015	Loglikelihood: -37888.7	(delta): 0
87 (QN/Block) 	Elapsed: 0.015	Loglikelihood: -37888.7	(delta): 0
88 (QN/Block) 	Elapsed: 0.013	Loglikelihood: -37888.7	(delta): 0
89 (QN/Block) 	Elapsed: 0.013	Loglikelihood: -37888.7	(delta): 0
90 (QN/Block) 	Elapsed: 0.012	Loglikelihood: -37888.7	(delta): 0
91 (QN/Block) 	Elapsed: 0.01	Loglikelihood: -37888.7	(delta): 0
92 (QN/Block) 	Elapsed: 0.012	Loglikelihood: -37888.7	(delta): 7.27596e-12
93 (QN/Block) 	Elapsed: 0.012	Loglikelihood: -37888.7	(delta): -7.27596e-12
94 (QN/Block) 	Elapsed: 0.014	Loglikelihood: -37888.7	(delta): 0
95 (QN/Block) 	Elapsed: 0.012	Loglikelihood: -37888.7	(delta): 0
96 (QN/Block) 	Elapsed: 0.012	Loglikelihood: -37888.7	(delta): 0
97 (QN/Block) 	Elapsed: 0.012	Loglikelihood: -37888.7	(delta): 0
98 (QN/Block) 	Elapsed: 0.014	Loglikelihood: -37888.7	(delta): 7.27596e-12
99 (QN/Block) 	Elapsed: 0.012	Loglikelihood: -37888.7	(delta): -7.27596e-12
100 (QN/Block) 	Elapsed: 0.013	Loglikelihood: -37888.7	(delta): 7.27596e-12
Summary: 
Converged in 100 iterations (1.564 sec)
Loglikelihood: -37888.737101
Fst divergences between estimated populations: 
	Pop0	Pop1	
Pop0	
Pop1	0.179	
Pop2	0.179	0.041	
CV error (K=3): 0.32095
Writing output files.
