****                   ADMIXTURE Version 1.3.0                  ****
****                    Copyright 2008-2015                     ****
****           David Alexander, Suyash Shringarpure,            ****
****                John  Novembre, Ken Lange                   ****
****                                                            ****
****                 Please cite our paper!                     ****
****   Information at www.genetics.ucla.edu/software/admixture  ****

Parallel execution requested.  Will use 8 threads.
Cross-validation will be performed.  Folds=10.
Random seed: 43
Point estimation method: Block relaxation algorithm
Convergence acceleration algorithm: QuasiNewton, 3 secant conditions
Point estimation will terminate at 100 iterations
Estimation of standard errors disabled; will compute point estimates only.
Size of G: 121x1282
Performing five EM steps to prime main algorithm
1 (EM) 	Elapsed: 0.025	Loglikelihood: -107251	(delta): 104064
2 (EM) 	Elapsed: 0.025	Loglikelihood: -101803	(delta): 5447.88
3 (EM) 	Elapsed: 0.025	Loglikelihood: -100148	(delta): 1655.68
4 (EM) 	Elapsed: 0.023	Loglikelihood: -98591.7	(delta): 1555.83
5 (EM) 	Elapsed: 0.023	Loglikelihood: -96709.7	(delta): 1881.97
Initial loglikelihood: -96709.7
Starting main algorithm
1 (QN/Block) 	Elapsed: 0.048	Loglikelihood: -66249.1	(delta): 30460.6
2 (QN/Block) 	Elapsed: 0.044	Loglikelihood: -60059.3	(delta): 6189.74
3 (QN/Block) 	Elapsed: 0.047	Loglikelihood: -57806.7	(delta): 2252.6
4 (QN/Block) 	Elapsed: 0.036	Loglikelihood: -56392.8	(delta): 1413.94
5 (QN/Block) 	Elapsed: 0.041	Loglikelihood: -55772	(delta): 620.794
6 (QN/Block) 	Elapsed: 0.038	Loglikelihood: -55460.7	(delta): 311.27
7 (QN/Block) 	Elapsed: 0.033	Loglikelihood: -55331.6	(delta): 129.181
8 (QN/Block) 	Elapsed: 0.036	Loglikelihood: -55266.1	(delta): 65.4991
9 (QN/Block) 	Elapsed: 0.04	Loglikelihood: -55203.8	(delta): 62.2964
10 (QN/Block) 	Elapsed: 0.036	Loglikelihood: -55140.9	(delta): 62.8469
11 (QN/Block) 	Elapsed: 0.043	Loglikelihood: -55087.5	(delta): 53.3695
12 (QN/Block) 	Elapsed: 0.048	Loglikelihood: -55043.9	(delta): 43.6372
13 (QN/Block) 	Elapsed: 0.054	Loglikelihood: -55013.1	(delta): 30.7621
14 (QN/Block) 	Elapsed: 0.045	Loglikelihood: -55002.9	(delta): 10.2144
15 (QN/Block) 	Elapsed: 0.043	Loglikelihood: -54999.6	(delta): 3.34602
16 (QN/Block) 	Elapsed: 0.04	Loglikelihood: -54998.3	(delta): 1.23991
17 (QN/Block) 	Elapsed: 0.046	Loglikelihood: -54997.6	(delta): 0.764622
18 (QN/Block) 	Elapsed: 0.049	Loglikelihood: -54997	(delta): 0.572918
19 (QN/Block) 	Elapsed: 0.048	Loglikelihood: -54996.7	(delta): 0.277299
20 (QN/Block) 	Elapsed: 0.048	Loglikelihood: -54996.5	(delta): 0.193802
21 (QN/Block) 	Elapsed: 0.044	Loglikelihood: -54996.4	(delta): 0.110599
22 (QN/Block) 	Elapsed: 0.036	Loglikelihood: -54996.4	(delta): 0.00782595
23 (QN/Block) 	Elapsed: 0.036	Loglikelihood: -54996.4	(delta): 0.00386667
24 (QN/Block) 	Elapsed: 0.038	Loglikelihood: -54996.4	(delta): 0.0247088
25 (QN/Block) 	Elapsed: 0.046	Loglikelihood: -54996.1	(delta): 0.279784
26 (QN/Block) 	Elapsed: 0.039	Loglikelihood: -54993.1	(delta): 2.97809
27 (QN/Block) 	Elapsed: 0.105	Loglikelihood: -54985.2	(delta): 7.97135
28 (QN/Block) 	Elapsed: 0.051	Loglikelihood: -54984.9	(delta): 0.230968
29 (QN/Block) 	Elapsed: 0.049	Loglikelihood: -54984.6	(delta): 0.318053
30 (QN/Block) 	Elapsed: 0.045	Loglikelihood: -54983.9	(delta): 0.662544
31 (QN/Block) 	Elapsed: 0.046	Loglikelihood: -54982.4	(delta): 1.51467
32 (QN/Block) 	Elapsed: 0.051	Loglikelihood: -54981.6	(delta): 0.812212
33 (QN/Block) 	Elapsed: 0.05	Loglikelihood: -54980.8	(delta): 0.86972
34 (QN/Block) 	Elapsed: 0.043	Loglikelihood: -54977.7	(delta): 3.08403
35 (QN/Block) 	Elapsed: 0.04	Loglikelihood: -54970.9	(delta): 6.72458
36 (QN/Block) 	Elapsed: 0.04	Loglikelihood: -54958.4	(delta): 12.5134
37 (QN/Block) 	Elapsed: 0.033	Loglikelihood: -54951.6	(delta): 6.84488
38 (QN/Block) 	Elapsed: 0.041	Loglikelihood: -54943.4	(delta): 8.18598
39 (QN/Block) 	Elapsed: 0.058	Loglikelihood: -54940.6	(delta): 2.81587
40 (QN/Block) 	Elapsed: 0.05	Loglikelihood: -54940.5	(delta): 0.0511174
41 (QN/Block) 	Elapsed: 0.051	Loglikelihood: -54940.4	(delta): 0.139186
42 (QN/Block) 	Elapsed: 0.049	Loglikelihood: -54940.1	(delta): 0.335113
43 (QN/Block) 	Elapsed: 0.05	Loglikelihood: -54939.8	(delta): 0.282026
44 (QN/Block) 	Elapsed: 0.046	Loglikelihood: -54939.4	(delta): 0.369014
45 (QN/Block) 	Elapsed: 0.039	Loglikelihood: -54938.9	(delta): 0.476369
46 (QN/Block) 	Elapsed: 0.041	Loglikelihood: -54938.6	(delta): 0.345826
47 (QN/Block) 	Elapsed: 0.038	Loglikelihood: -54938.5	(delta): 0.0554752
48 (QN/Block) 	Elapsed: 0.04	Loglikelihood: -54938.5	(delta): 0.0250208
49 (QN/Block) 	Elapsed: 0.047	Loglikelihood: -54938.5	(delta): 0.010364
50 (QN/Block) 	Elapsed: 0.053	Loglikelihood: -54938.5	(delta): 0.00721166
51 (QN/Block) 	Elapsed: 0.049	Loglikelihood: -54938.5	(delta): 0.00119533
52 (QN/Block) 	Elapsed: 0.047	Loglikelihood: -54938.5	(delta): 0.000168459
53 (QN/Block) 	Elapsed: 0.052	Loglikelihood: -54938.5	(delta): 5.48189e-05
54 (QN/Block) 	Elapsed: 0.052	Loglikelihood: -54938.5	(delta): 6.40369e-05
55 (QN/Block) 	Elapsed: 0.047	Loglikelihood: -54938.5	(delta): 4.81858e-06
56 (QN/Block) 	Elapsed: 0.047	Loglikelihood: -54938.5	(delta): 4.83997e-07
57 (QN/Block) 	Elapsed: 0.044	Loglikelihood: -54938.5	(delta): 2.07729e-08
58 (QN/Block) 	Elapsed: 0.045	Loglikelihood: -54938.5	(delta): 1.43991e-08
59 (QN/Block) 	Elapsed: 0.035	Loglikelihood: -54938.5	(delta): 2.51748e-09
60 (QN/Block) 	Elapsed: 0.043	Loglikelihood: -54938.5	(delta): 9.45874e-11
61 (QN/Block) 	Elapsed: 0.045	Loglikelihood: -54938.5	(delta): 2.91038e-11
62 (QN/Block) 	Elapsed: 0.049	Loglikelihood: -54938.5	(delta): 2.18279e-11
63 (QN/Block) 	Elapsed: 0.045	Loglikelihood: -54938.5	(delta): 0
64 (QN/Block) 	Elapsed: 0.044	Loglikelihood: -54938.5	(delta): -1.45519e-11
65 (QN/Block) 	Elapsed: 0.043	Loglikelihood: -54938.5	(delta): 7.27596e-12
66 (QN/Block) 	Elapsed: 0.04	Loglikelihood: -54938.5	(delta): 1.45519e-11
67 (QN/Block) 	Elapsed: 0.042	Loglikelihood: -54938.5	(delta): 0
68 (QN/Block) 	Elapsed: 0.042	Loglikelihood: -54938.5	(delta): 0
69 (QN/Block) 	Elapsed: 0.045	Loglikelihood: -54938.5	(delta): 7.27596e-12
70 (QN/Block) 	Elapsed: 0.051	Loglikelihood: -54938.5	(delta): 0
71 (QN/Block) 	Elapsed: 0.052	Loglikelihood: -54938.5	(delta): 1.45519e-11
72 (QN/Block) 	Elapsed: 0.056	Loglikelihood: -54938.5	(delta): -7.27596e-12
73 (QN/Block) 	Elapsed: 0.054	Loglikelihood: -54938.5	(delta): 0
74 (QN/Block) 	Elapsed: 0.048	Loglikelihood: -54938.5	(delta): 0
75 (QN/Block) 	Elapsed: 0.041	Loglikelihood: -54938.5	(delta): 0
76 (QN/Block) 	Elapsed: 0.041	Loglikelihood: -54938.5	(delta): 7.27596e-12
77 (QN/Block) 	Elapsed: 0.052	Loglikelihood: -54938.5	(delta): -7.27596e-12
78 (QN/Block) 	Elapsed: 0.053	Loglikelihood: -54938.5	(delta): 0
79 (QN/Block) 	Elapsed: 0.048	Loglikelihood: -54938.5	(delta): 1.45519e-11
80 (QN/Block) 	Elapsed: 0.046	Loglikelihood: -54938.5	(delta): -7.27596e-12
81 (QN/Block) 	Elapsed: 0.041	Loglikelihood: -54938.5	(delta): 7.27596e-12
82 (QN/Block) 	Elapsed: 0.05	Loglikelihood: -54938.5	(delta): 1.45519e-11
83 (QN/Block) 	Elapsed: 0.045	Loglikelihood: -54938.5	(delta): -7.27596e-12
84 (QN/Block) 	Elapsed: 0.047	Loglikelihood: -54938.5	(delta): 2.18279e-11
85 (QN/Block) 	Elapsed: 0.058	Loglikelihood: -54938.5	(delta): -7.27596e-12
86 (QN/Block) 	Elapsed: 0.056	Loglikelihood: -54938.5	(delta): 1.45519e-11
87 (QN/Block) 	Elapsed: 0.053	Loglikelihood: -54938.5	(delta): -7.27596e-12
88 (QN/Block) 	Elapsed: 0.058	Loglikelihood: -54938.5	(delta): 7.27596e-12
89 (QN/Block) 	Elapsed: 0.049	Loglikelihood: -54938.5	(delta): -7.27596e-12
90 (QN/Block) 	Elapsed: 0.046	Loglikelihood: -54938.5	(delta): 1.45519e-11
91 (QN/Block) 	Elapsed: 0.045	Loglikelihood: -54938.5	(delta): 0
92 (QN/Block) 	Elapsed: 0.05	Loglikelihood: -54938.5	(delta): 0
93 (QN/Block) 	Elapsed: 0.049	Loglikelihood: -54938.5	(delta): 0
94 (QN/Block) 	Elapsed: 0.047	Loglikelihood: -54938.5	(delta): 7.27596e-12
95 (QN/Block) 	Elapsed: 0.049	Loglikelihood: -54938.5	(delta): 1.45519e-11
96 (QN/Block) 	Elapsed: 0.049	Loglikelihood: -54938.5	(delta): -7.27596e-12
97 (QN/Block) 	Elapsed: 0.048	Loglikelihood: -54938.5	(delta): -7.27596e-12
98 (QN/Block) 	Elapsed: 0.049	Loglikelihood: -54938.5	(delta): -7.27596e-12
99 (QN/Block) 	Elapsed: 0.043	Loglikelihood: -54938.5	(delta): 1.45519e-11
100 (QN/Block) 	Elapsed: 0.045	Loglikelihood: -54938.5	(delta): 7.27596e-12
Summary: 
Converged in 100 iterations (4.907 sec)
Loglikelihood: -54938.485079
Fst divergences between estimated populations: 
	Pop0	Pop1	Pop2	Pop3	Pop4	Pop5	Pop6	Pop7	Pop8	
Pop0	
Pop1	0.159	
Pop2	0.590	0.560	
Pop3	0.538	0.509	0.480	
Pop4	0.551	0.522	0.501	0.226	
Pop5	0.591	0.561	0.243	0.483	0.494	
Pop6	0.602	0.571	0.238	0.496	0.501	0.214	
Pop7	0.534	0.504	0.469	0.202	0.231	0.463	0.477	
Pop8	0.636	0.608	0.346	0.532	0.551	0.357	0.324	0.521	
Pop9	0.569	0.539	0.257	0.443	0.443	0.230	0.222	0.409	0.338	
CV error (K=10): 0.50003
Writing output files.
