****                   ADMIXTURE Version 1.3.0                  ****
****                    Copyright 2008-2015                     ****
****           David Alexander, Suyash Shringarpure,            ****
****                John  Novembre, Ken Lange                   ****
****                                                            ****
****                 Please cite our paper!                     ****
****   Information at www.genetics.ucla.edu/software/admixture  ****

Parallel execution requested.  Will use 8 threads.
Cross-validation will be performed.  Folds=10.
Random seed: 43
Point estimation method: Block relaxation algorithm
Convergence acceleration algorithm: QuasiNewton, 3 secant conditions
Point estimation will terminate at 100 iterations
Estimation of standard errors disabled; will compute point estimates only.
Size of G: 121x1282
Performing five EM steps to prime main algorithm
1 (EM) 	Elapsed: 0.01	Loglikelihood: -107398	(delta): 113077
2 (EM) 	Elapsed: 0.01	Loglikelihood: -102336	(delta): 5062.09
3 (EM) 	Elapsed: 0.01	Loglikelihood: -100654	(delta): 1682.13
4 (EM) 	Elapsed: 0.011	Loglikelihood: -99128.5	(delta): 1525.75
5 (EM) 	Elapsed: 0.01	Loglikelihood: -97380.9	(delta): 1747.6
Initial loglikelihood: -97380.9
Starting main algorithm
1 (QN/Block) 	Elapsed: 0.02	Loglikelihood: -68713	(delta): 28668
2 (QN/Block) 	Elapsed: 0.022	Loglikelihood: -63830.5	(delta): 4882.47
3 (QN/Block) 	Elapsed: 0.023	Loglikelihood: -61959.4	(delta): 1871.13
4 (QN/Block) 	Elapsed: 0.022	Loglikelihood: -60904.8	(delta): 1054.53
5 (QN/Block) 	Elapsed: 0.025	Loglikelihood: -60617.5	(delta): 287.357
6 (QN/Block) 	Elapsed: 0.023	Loglikelihood: -60537.8	(delta): 79.6732
7 (QN/Block) 	Elapsed: 0.023	Loglikelihood: -60516.5	(delta): 21.2909
8 (QN/Block) 	Elapsed: 0.027	Loglikelihood: -60513.4	(delta): 3.15234
9 (QN/Block) 	Elapsed: 0.025	Loglikelihood: -60512.2	(delta): 1.13427
10 (QN/Block) 	Elapsed: 0.026	Loglikelihood: -60512.1	(delta): 0.111811
11 (QN/Block) 	Elapsed: 0.024	Loglikelihood: -60512.1	(delta): 0.014003
12 (QN/Block) 	Elapsed: 0.023	Loglikelihood: -60512.1	(delta): 0.00115781
13 (QN/Block) 	Elapsed: 0.024	Loglikelihood: -60512.1	(delta): 0.00105628
14 (QN/Block) 	Elapsed: 0.022	Loglikelihood: -60512.1	(delta): 0.00118611
15 (QN/Block) 	Elapsed: 0.024	Loglikelihood: -60512.1	(delta): 0.00328531
16 (QN/Block) 	Elapsed: 0.019	Loglikelihood: -60512.1	(delta): 0.000729247
17 (QN/Block) 	Elapsed: 0.02	Loglikelihood: -60512.1	(delta): 0.000883361
18 (QN/Block) 	Elapsed: 0.021	Loglikelihood: -60512.1	(delta): 0.000128085
19 (QN/Block) 	Elapsed: 0.028	Loglikelihood: -60512.1	(delta): 9.29799e-05
20 (QN/Block) 	Elapsed: 0.021	Loglikelihood: -60512.1	(delta): 1.68253e-05
21 (QN/Block) 	Elapsed: 0.024	Loglikelihood: -60512.1	(delta): 9.04045e-07
22 (QN/Block) 	Elapsed: 0.024	Loglikelihood: -60512.1	(delta): 5.57484e-08
23 (QN/Block) 	Elapsed: 0.025	Loglikelihood: -60512.1	(delta): 1.93977e-08
24 (QN/Block) 	Elapsed: 0.024	Loglikelihood: -60512.1	(delta): 1.7717e-08
25 (QN/Block) 	Elapsed: 0.024	Loglikelihood: -60512.1	(delta): 3.59432e-09
26 (QN/Block) 	Elapsed: 0.025	Loglikelihood: -60512.1	(delta): 6.54836e-11
27 (QN/Block) 	Elapsed: 0.025	Loglikelihood: -60512.1	(delta): 7.27596e-12
28 (QN/Block) 	Elapsed: 0.029	Loglikelihood: -60512.1	(delta): 0
29 (QN/Block) 	Elapsed: 0.026	Loglikelihood: -60512.1	(delta): 7.27596e-12
30 (QN/Block) 	Elapsed: 0.026	Loglikelihood: -60512.1	(delta): 7.27596e-12
31 (QN/Block) 	Elapsed: 0.024	Loglikelihood: -60512.1	(delta): 0
32 (QN/Block) 	Elapsed: 0.024	Loglikelihood: -60512.1	(delta): 7.27596e-12
33 (QN/Block) 	Elapsed: 0.024	Loglikelihood: -60512.1	(delta): -1.45519e-11
34 (QN/Block) 	Elapsed: 0.023	Loglikelihood: -60512.1	(delta): 0
35 (QN/Block) 	Elapsed: 0.025	Loglikelihood: -60512.1	(delta): 7.27596e-12
36 (QN/Block) 	Elapsed: 0.022	Loglikelihood: -60512.1	(delta): -7.27596e-12
37 (QN/Block) 	Elapsed: 0.024	Loglikelihood: -60512.1	(delta): 1.45519e-11
38 (QN/Block) 	Elapsed: 0.028	Loglikelihood: -60512.1	(delta): 0
39 (QN/Block) 	Elapsed: 0.026	Loglikelihood: -60512.1	(delta): 0
40 (QN/Block) 	Elapsed: 0.026	Loglikelihood: -60512.1	(delta): 0
41 (QN/Block) 	Elapsed: 0.026	Loglikelihood: -60512.1	(delta): 7.27596e-12
42 (QN/Block) 	Elapsed: 0.026	Loglikelihood: -60512.1	(delta): -1.45519e-11
43 (QN/Block) 	Elapsed: 0.026	Loglikelihood: -60512.1	(delta): 7.27596e-12
44 (QN/Block) 	Elapsed: 0.027	Loglikelihood: -60512.1	(delta): -7.27596e-12
45 (QN/Block) 	Elapsed: 0.027	Loglikelihood: -60512.1	(delta): 0
46 (QN/Block) 	Elapsed: 0.026	Loglikelihood: -60512.1	(delta): 7.27596e-12
47 (QN/Block) 	Elapsed: 0.026	Loglikelihood: -60512.1	(delta): 0
48 (QN/Block) 	Elapsed: 0.025	Loglikelihood: -60512.1	(delta): 7.27596e-12
49 (QN/Block) 	Elapsed: 0.024	Loglikelihood: -60512.1	(delta): -7.27596e-12
50 (QN/Block) 	Elapsed: 0.025	Loglikelihood: -60512.1	(delta): 0
51 (QN/Block) 	Elapsed: 0.023	Loglikelihood: -60512.1	(delta): 7.27596e-12
52 (QN/Block) 	Elapsed: 0.022	Loglikelihood: -60512.1	(delta): 0
53 (QN/Block) 	Elapsed: 0.023	Loglikelihood: -60512.1	(delta): -7.27596e-12
54 (QN/Block) 	Elapsed: 0.022	Loglikelihood: -60512.1	(delta): 7.27596e-12
55 (QN/Block) 	Elapsed: 0.024	Loglikelihood: -60512.1	(delta): 7.27596e-12
56 (QN/Block) 	Elapsed: 0.026	Loglikelihood: -60512.1	(delta): 0
57 (QN/Block) 	Elapsed: 0.029	Loglikelihood: -60512.1	(delta): -1.45519e-11
58 (QN/Block) 	Elapsed: 0.027	Loglikelihood: -60512.1	(delta): 0
59 (QN/Block) 	Elapsed: 0.028	Loglikelihood: -60512.1	(delta): 0
60 (QN/Block) 	Elapsed: 0.027	Loglikelihood: -60512.1	(delta): 0
61 (QN/Block) 	Elapsed: 0.025	Loglikelihood: -60512.1	(delta): 7.27596e-12
62 (QN/Block) 	Elapsed: 0.025	Loglikelihood: -60512.1	(delta): 7.27596e-12
63 (QN/Block) 	Elapsed: 0.025	Loglikelihood: -60512.1	(delta): 0
64 (QN/Block) 	Elapsed: 0.024	Loglikelihood: -60512.1	(delta): -7.27596e-12
65 (QN/Block) 	Elapsed: 0.024	Loglikelihood: -60512.1	(delta): 7.27596e-12
66 (QN/Block) 	Elapsed: 0.027	Loglikelihood: -60512.1	(delta): -7.27596e-12
67 (QN/Block) 	Elapsed: 0.031	Loglikelihood: -60512.1	(delta): 0
68 (QN/Block) 	Elapsed: 0.027	Loglikelihood: -60512.1	(delta): 7.27596e-12
69 (QN/Block) 	Elapsed: 0.026	Loglikelihood: -60512.1	(delta): -7.27596e-12
70 (QN/Block) 	Elapsed: 0.022	Loglikelihood: -60512.1	(delta): 7.27596e-12
71 (QN/Block) 	Elapsed: 0.024	Loglikelihood: -60512.1	(delta): 0
72 (QN/Block) 	Elapsed: 0.024	Loglikelihood: -60512.1	(delta): -7.27596e-12
73 (QN/Block) 	Elapsed: 0.025	Loglikelihood: -60512.1	(delta): 1.45519e-11
74 (QN/Block) 	Elapsed: 0.024	Loglikelihood: -60512.1	(delta): -1.45519e-11
75 (QN/Block) 	Elapsed: 0.027	Loglikelihood: -60512.1	(delta): 1.45519e-11
76 (QN/Block) 	Elapsed: 0.027	Loglikelihood: -60512.1	(delta): -7.27596e-12
77 (QN/Block) 	Elapsed: 0.029	Loglikelihood: -60512.1	(delta): 7.27596e-12
78 (QN/Block) 	Elapsed: 0.025	Loglikelihood: -60512.1	(delta): -7.27596e-12
79 (QN/Block) 	Elapsed: 0.026	Loglikelihood: -60512.1	(delta): 0
80 (QN/Block) 	Elapsed: 0.023	Loglikelihood: -60512.1	(delta): 0
81 (QN/Block) 	Elapsed: 0.025	Loglikelihood: -60512.1	(delta): 0
82 (QN/Block) 	Elapsed: 0.025	Loglikelihood: -60512.1	(delta): -7.27596e-12
83 (QN/Block) 	Elapsed: 0.024	Loglikelihood: -60512.1	(delta): 7.27596e-12
84 (QN/Block) 	Elapsed: 0.021	Loglikelihood: -60512.1	(delta): -7.27596e-12
85 (QN/Block) 	Elapsed: 0.023	Loglikelihood: -60512.1	(delta): -7.27596e-12
86 (QN/Block) 	Elapsed: 0.021	Loglikelihood: -60512.1	(delta): 2.18279e-11
87 (QN/Block) 	Elapsed: 0.025	Loglikelihood: -60512.1	(delta): -7.27596e-12
88 (QN/Block) 	Elapsed: 0.024	Loglikelihood: -60512.1	(delta): 7.27596e-12
89 (QN/Block) 	Elapsed: 0.027	Loglikelihood: -60512.1	(delta): 7.27596e-12
90 (QN/Block) 	Elapsed: 0.024	Loglikelihood: -60512.1	(delta): -1.45519e-11
91 (QN/Block) 	Elapsed: 0.022	Loglikelihood: -60512.1	(delta): 0
92 (QN/Block) 	Elapsed: 0.027	Loglikelihood: -60512.1	(delta): 7.27596e-12
93 (QN/Block) 	Elapsed: 0.028	Loglikelihood: -60512.1	(delta): -7.27596e-12
94 (QN/Block) 	Elapsed: 0.029	Loglikelihood: -60512.1	(delta): -7.27596e-12
95 (QN/Block) 	Elapsed: 0.027	Loglikelihood: -60512.1	(delta): 7.27596e-12
96 (QN/Block) 	Elapsed: 0.027	Loglikelihood: -60512.1	(delta): 0
97 (QN/Block) 	Elapsed: 0.023	Loglikelihood: -60512.1	(delta): 0
98 (QN/Block) 	Elapsed: 0.021	Loglikelihood: -60512.1	(delta): 0
99 (QN/Block) 	Elapsed: 0.028	Loglikelihood: -60512.1	(delta): 0
100 (QN/Block) 	Elapsed: 0.023	Loglikelihood: -60512.1	(delta): 7.27596e-12
Summary: 
Converged in 100 iterations (2.642 sec)
Loglikelihood: -60512.098296
Fst divergences between estimated populations: 
	Pop0	Pop1	Pop2	Pop3	
Pop0	
Pop1	0.531	
Pop2	0.561	0.159	
Pop3	0.398	0.470	0.497	
Pop4	0.161	0.548	0.578	0.417	
CV error (K=5): 0.42076
Writing output files.
