****                   ADMIXTURE Version 1.3.0                  ****
****                    Copyright 2008-2015                     ****
****           David Alexander, Suyash Shringarpure,            ****
****                John  Novembre, Ken Lange                   ****
****                                                            ****
****                 Please cite our paper!                     ****
****   Information at www.genetics.ucla.edu/software/admixture  ****

Parallel execution requested.  Will use 8 threads.
Cross-validation will be performed.  Folds=10.
Random seed: 43
Point estimation method: Block relaxation algorithm
Convergence acceleration algorithm: QuasiNewton, 3 secant conditions
Point estimation will terminate at 100 iterations
Estimation of standard errors disabled; will compute point estimates only.
Size of G: 121x1282
Performing five EM steps to prime main algorithm
1 (EM) 	Elapsed: 0.018	Loglikelihood: -107435	(delta): 105633
2 (EM) 	Elapsed: 0.018	Loglikelihood: -102216	(delta): 5218.42
3 (EM) 	Elapsed: 0.017	Loglikelihood: -100698	(delta): 1518.16
4 (EM) 	Elapsed: 0.019	Loglikelihood: -99454.5	(delta): 1243.53
5 (EM) 	Elapsed: 0.019	Loglikelihood: -98111.6	(delta): 1342.95
Initial loglikelihood: -98111.6
Starting main algorithm
1 (QN/Block) 	Elapsed: 0.026	Loglikelihood: -65994.7	(delta): 32116.9
2 (QN/Block) 	Elapsed: 0.025	Loglikelihood: -62059.9	(delta): 3934.74
3 (QN/Block) 	Elapsed: 0.028	Loglikelihood: -59679.4	(delta): 2380.56
4 (QN/Block) 	Elapsed: 0.027	Loglikelihood: -58233.4	(delta): 1446.02
5 (QN/Block) 	Elapsed: 0.036	Loglikelihood: -57578.9	(delta): 654.46
6 (QN/Block) 	Elapsed: 0.036	Loglikelihood: -57284.4	(delta): 294.509
7 (QN/Block) 	Elapsed: 0.032	Loglikelihood: -57129.7	(delta): 154.726
8 (QN/Block) 	Elapsed: 0.031	Loglikelihood: -57036.5	(delta): 93.1488
9 (QN/Block) 	Elapsed: 0.029	Loglikelihood: -57008.3	(delta): 28.2146
10 (QN/Block) 	Elapsed: 0.03	Loglikelihood: -57000.7	(delta): 7.6228
11 (QN/Block) 	Elapsed: 0.027	Loglikelihood: -56998.8	(delta): 1.84251
12 (QN/Block) 	Elapsed: 0.028	Loglikelihood: -56997.9	(delta): 0.904146
13 (QN/Block) 	Elapsed: 0.027	Loglikelihood: -56997.3	(delta): 0.608326
14 (QN/Block) 	Elapsed: 0.035	Loglikelihood: -56996.8	(delta): 0.551397
15 (QN/Block) 	Elapsed: 0.03	Loglikelihood: -56995.5	(delta): 1.26455
16 (QN/Block) 	Elapsed: 0.039	Loglikelihood: -56992.1	(delta): 3.43237
17 (QN/Block) 	Elapsed: 0.036	Loglikelihood: -56990.8	(delta): 1.22527
18 (QN/Block) 	Elapsed: 0.04	Loglikelihood: -56990.6	(delta): 0.211371
19 (QN/Block) 	Elapsed: 0.041	Loglikelihood: -56990.4	(delta): 0.205386
20 (QN/Block) 	Elapsed: 0.033	Loglikelihood: -56990.1	(delta): 0.321001
21 (QN/Block) 	Elapsed: 0.03	Loglikelihood: -56990	(delta): 0.072752
22 (QN/Block) 	Elapsed: 0.033	Loglikelihood: -56990	(delta): 0.0575484
23 (QN/Block) 	Elapsed: 0.034	Loglikelihood: -56990	(delta): 0.0217674
24 (QN/Block) 	Elapsed: 0.037	Loglikelihood: -56989.9	(delta): 0.00460311
25 (QN/Block) 	Elapsed: 0.035	Loglikelihood: -56989.9	(delta): 0.00697303
26 (QN/Block) 	Elapsed: 0.03	Loglikelihood: -56989.9	(delta): 0.00477968
27 (QN/Block) 	Elapsed: 0.03	Loglikelihood: -56989.9	(delta): 0.00718998
28 (QN/Block) 	Elapsed: 0.029	Loglikelihood: -56989.9	(delta): 0.0115669
29 (QN/Block) 	Elapsed: 0.033	Loglikelihood: -56989.9	(delta): 0.010183
30 (QN/Block) 	Elapsed: 0.034	Loglikelihood: -56989.9	(delta): 0.00361979
31 (QN/Block) 	Elapsed: 0.041	Loglikelihood: -56989.9	(delta): 0.00267292
32 (QN/Block) 	Elapsed: 0.033	Loglikelihood: -56989.9	(delta): 0.000464906
33 (QN/Block) 	Elapsed: 0.037	Loglikelihood: -56989.9	(delta): 0.000100512
34 (QN/Block) 	Elapsed: 0.038	Loglikelihood: -56989.9	(delta): 9.35247e-06
35 (QN/Block) 	Elapsed: 0.032	Loglikelihood: -56989.9	(delta): 2.36093e-06
36 (QN/Block) 	Elapsed: 0.032	Loglikelihood: -56989.9	(delta): 3.01014e-07
37 (QN/Block) 	Elapsed: 0.04	Loglikelihood: -56989.9	(delta): 6.99874e-08
38 (QN/Block) 	Elapsed: 0.036	Loglikelihood: -56989.9	(delta): 5.63159e-09
39 (QN/Block) 	Elapsed: 0.036	Loglikelihood: -56989.9	(delta): 1.18598e-09
40 (QN/Block) 	Elapsed: 0.035	Loglikelihood: -56989.9	(delta): 2.11003e-10
41 (QN/Block) 	Elapsed: 0.037	Loglikelihood: -56989.9	(delta): 1.45519e-11
42 (QN/Block) 	Elapsed: 0.039	Loglikelihood: -56989.9	(delta): 0
43 (QN/Block) 	Elapsed: 0.034	Loglikelihood: -56989.9	(delta): 0
44 (QN/Block) 	Elapsed: 0.036	Loglikelihood: -56989.9	(delta): 2.18279e-11
45 (QN/Block) 	Elapsed: 0.034	Loglikelihood: -56989.9	(delta): -7.27596e-12
46 (QN/Block) 	Elapsed: 0.039	Loglikelihood: -56989.9	(delta): 0
47 (QN/Block) 	Elapsed: 0.04	Loglikelihood: -56989.9	(delta): 1.45519e-11
48 (QN/Block) 	Elapsed: 0.039	Loglikelihood: -56989.9	(delta): -7.27596e-12
49 (QN/Block) 	Elapsed: 0.037	Loglikelihood: -56989.9	(delta): 7.27596e-12
50 (QN/Block) 	Elapsed: 0.038	Loglikelihood: -56989.9	(delta): 7.27596e-12
51 (QN/Block) 	Elapsed: 0.04	Loglikelihood: -56989.9	(delta): 0
52 (QN/Block) 	Elapsed: 0.039	Loglikelihood: -56989.9	(delta): 1.45519e-11
53 (QN/Block) 	Elapsed: 0.035	Loglikelihood: -56989.9	(delta): -7.27596e-12
54 (QN/Block) 	Elapsed: 0.035	Loglikelihood: -56989.9	(delta): 7.27596e-12
55 (QN/Block) 	Elapsed: 0.029	Loglikelihood: -56989.9	(delta): -7.27596e-12
56 (QN/Block) 	Elapsed: 0.033	Loglikelihood: -56989.9	(delta): 1.45519e-11
57 (QN/Block) 	Elapsed: 0.029	Loglikelihood: -56989.9	(delta): 1.45519e-11
58 (QN/Block) 	Elapsed: 0.031	Loglikelihood: -56989.9	(delta): -7.27596e-12
59 (QN/Block) 	Elapsed: 0.028	Loglikelihood: -56989.9	(delta): 0
60 (QN/Block) 	Elapsed: 0.038	Loglikelihood: -56989.9	(delta): 0
61 (QN/Block) 	Elapsed: 0.038	Loglikelihood: -56989.9	(delta): -7.27596e-12
62 (QN/Block) 	Elapsed: 0.042	Loglikelihood: -56989.9	(delta): 7.27596e-12
63 (QN/Block) 	Elapsed: 0.039	Loglikelihood: -56989.9	(delta): 0
64 (QN/Block) 	Elapsed: 0.041	Loglikelihood: -56989.9	(delta): 0
65 (QN/Block) 	Elapsed: 0.037	Loglikelihood: -56989.9	(delta): 1.45519e-11
66 (QN/Block) 	Elapsed: 0.041	Loglikelihood: -56989.9	(delta): -2.18279e-11
67 (QN/Block) 	Elapsed: 0.038	Loglikelihood: -56989.9	(delta): 7.27596e-12
68 (QN/Block) 	Elapsed: 0.037	Loglikelihood: -56989.9	(delta): 0
69 (QN/Block) 	Elapsed: 0.031	Loglikelihood: -56989.9	(delta): 7.27596e-12
70 (QN/Block) 	Elapsed: 0.033	Loglikelihood: -56989.9	(delta): -7.27596e-12
71 (QN/Block) 	Elapsed: 0.031	Loglikelihood: -56989.9	(delta): -7.27596e-12
72 (QN/Block) 	Elapsed: 0.036	Loglikelihood: -56989.9	(delta): 7.27596e-12
73 (QN/Block) 	Elapsed: 0.037	Loglikelihood: -56989.9	(delta): 0
74 (QN/Block) 	Elapsed: 0.035	Loglikelihood: -56989.9	(delta): 0
75 (QN/Block) 	Elapsed: 0.041	Loglikelihood: -56989.9	(delta): 1.45519e-11
76 (QN/Block) 	Elapsed: 0.038	Loglikelihood: -56989.9	(delta): -7.27596e-12
77 (QN/Block) 	Elapsed: 0.039	Loglikelihood: -56989.9	(delta): 0
78 (QN/Block) 	Elapsed: 0.038	Loglikelihood: -56989.9	(delta): 0
79 (QN/Block) 	Elapsed: 0.039	Loglikelihood: -56989.9	(delta): 0
80 (QN/Block) 	Elapsed: 0.04	Loglikelihood: -56989.9	(delta): 0
81 (QN/Block) 	Elapsed: 0.037	Loglikelihood: -56989.9	(delta): -7.27596e-12
82 (QN/Block) 	Elapsed: 0.033	Loglikelihood: -56989.9	(delta): 7.27596e-12
83 (QN/Block) 	Elapsed: 0.037	Loglikelihood: -56989.9	(delta): 0
84 (QN/Block) 	Elapsed: 0.032	Loglikelihood: -56989.9	(delta): 0
85 (QN/Block) 	Elapsed: 0.034	Loglikelihood: -56989.9	(delta): 0
86 (QN/Block) 	Elapsed: 0.043	Loglikelihood: -56989.9	(delta): -7.27596e-12
87 (QN/Block) 	Elapsed: 0.038	Loglikelihood: -56989.9	(delta): 7.27596e-12
88 (QN/Block) 	Elapsed: 0.039	Loglikelihood: -56989.9	(delta): 7.27596e-12
89 (QN/Block) 	Elapsed: 0.034	Loglikelihood: -56989.9	(delta): 1.45519e-11
90 (QN/Block) 	Elapsed: 0.036	Loglikelihood: -56989.9	(delta): -1.45519e-11
91 (QN/Block) 	Elapsed: 0.036	Loglikelihood: -56989.9	(delta): 0
92 (QN/Block) 	Elapsed: 0.036	Loglikelihood: -56989.9	(delta): 7.27596e-12
93 (QN/Block) 	Elapsed: 0.035	Loglikelihood: -56989.9	(delta): -7.27596e-12
94 (QN/Block) 	Elapsed: 0.033	Loglikelihood: -56989.9	(delta): -7.27596e-12
95 (QN/Block) 	Elapsed: 0.035	Loglikelihood: -56989.9	(delta): 1.45519e-11
96 (QN/Block) 	Elapsed: 0.037	Loglikelihood: -56989.9	(delta): 0
97 (QN/Block) 	Elapsed: 0.036	Loglikelihood: -56989.9	(delta): 7.27596e-12
98 (QN/Block) 	Elapsed: 0.043	Loglikelihood: -56989.9	(delta): 0
99 (QN/Block) 	Elapsed: 0.04	Loglikelihood: -56989.9	(delta): -7.27596e-12
100 (QN/Block) 	Elapsed: 0.038	Loglikelihood: -56989.9	(delta): 7.27596e-12
Summary: 
Converged in 100 iterations (3.738 sec)
Loglikelihood: -56989.900493
Fst divergences between estimated populations: 
	Pop0	Pop1	Pop2	Pop3	Pop4	Pop5	Pop6	
Pop0	
Pop1	0.441	
Pop2	0.499	0.593	
Pop3	0.430	0.211	0.586	
Pop4	0.484	0.585	0.188	0.574	
Pop5	0.503	0.605	0.181	0.594	0.183	
Pop6	0.420	0.222	0.572	0.231	0.563	0.581	
Pop7	0.476	0.314	0.626	0.345	0.617	0.634	0.321	
CV error (K=8): 0.45508
Writing output files.
