****                   ADMIXTURE Version 1.3.0                  ****
****                    Copyright 2008-2015                     ****
****           David Alexander, Suyash Shringarpure,            ****
****                John  Novembre, Ken Lange                   ****
****                                                            ****
****                 Please cite our paper!                     ****
****   Information at www.genetics.ucla.edu/software/admixture  ****

Parallel execution requested.  Will use 8 threads.
Cross-validation will be performed.  Folds=10.
Random seed: 43
Point estimation method: Block relaxation algorithm
Convergence acceleration algorithm: QuasiNewton, 3 secant conditions
Point estimation will terminate at 100 iterations
Estimation of standard errors disabled; will compute point estimates only.
Size of G: 121x1282
Performing five EM steps to prime main algorithm
1 (EM) 	Elapsed: 0.025	Loglikelihood: -107305	(delta): 104735
2 (EM) 	Elapsed: 0.025	Loglikelihood: -101828	(delta): 5476.06
3 (EM) 	Elapsed: 0.026	Loglikelihood: -100079	(delta): 1749.29
4 (EM) 	Elapsed: 0.02	Loglikelihood: -98447.2	(delta): 1631.95
5 (EM) 	Elapsed: 0.023	Loglikelihood: -96514.4	(delta): 1932.78
Initial loglikelihood: -96514.4
Starting main algorithm
1 (QN/Block) 	Elapsed: 0.034	Loglikelihood: -66489.7	(delta): 30024.8
2 (QN/Block) 	Elapsed: 0.034	Loglikelihood: -60936.2	(delta): 5553.47
3 (QN/Block) 	Elapsed: 0.041	Loglikelihood: -58660.9	(delta): 2275.3
4 (QN/Block) 	Elapsed: 0.043	Loglikelihood: -57024.9	(delta): 1635.98
5 (QN/Block) 	Elapsed: 0.04	Loglikelihood: -56423.7	(delta): 601.24
6 (QN/Block) 	Elapsed: 0.04	Loglikelihood: -56276.1	(delta): 147.638
7 (QN/Block) 	Elapsed: 0.037	Loglikelihood: -56233.1	(delta): 42.9139
8 (QN/Block) 	Elapsed: 0.04	Loglikelihood: -56220.2	(delta): 12.8936
9 (QN/Block) 	Elapsed: 0.04	Loglikelihood: -56216.7	(delta): 3.52942
10 (QN/Block) 	Elapsed: 0.038	Loglikelihood: -56214.6	(delta): 2.14956
11 (QN/Block) 	Elapsed: 0.037	Loglikelihood: -56211.9	(delta): 2.63858
12 (QN/Block) 	Elapsed: 0.035	Loglikelihood: -56207.9	(delta): 4.04616
13 (QN/Block) 	Elapsed: 0.033	Loglikelihood: -56205.8	(delta): 2.08367
14 (QN/Block) 	Elapsed: 0.034	Loglikelihood: -56202.7	(delta): 3.12379
15 (QN/Block) 	Elapsed: 0.039	Loglikelihood: -56195.6	(delta): 7.09474
16 (QN/Block) 	Elapsed: 0.045	Loglikelihood: -56187.5	(delta): 8.05767
17 (QN/Block) 	Elapsed: 0.037	Loglikelihood: -56178	(delta): 9.50371
18 (QN/Block) 	Elapsed: 0.04	Loglikelihood: -56159.7	(delta): 18.2788
19 (QN/Block) 	Elapsed: 0.046	Loglikelihood: -56140	(delta): 19.7496
20 (QN/Block) 	Elapsed: 0.041	Loglikelihood: -56135.3	(delta): 4.70406
21 (QN/Block) 	Elapsed: 0.041	Loglikelihood: -56130.9	(delta): 4.34958
22 (QN/Block) 	Elapsed: 0.045	Loglikelihood: -56128.2	(delta): 2.78163
23 (QN/Block) 	Elapsed: 0.041	Loglikelihood: -56122.4	(delta): 5.71034
24 (QN/Block) 	Elapsed: 0.044	Loglikelihood: -56111.8	(delta): 10.6905
25 (QN/Block) 	Elapsed: 0.042	Loglikelihood: -56103.5	(delta): 8.20321
26 (QN/Block) 	Elapsed: 0.043	Loglikelihood: -56097.5	(delta): 6.07163
27 (QN/Block) 	Elapsed: 0.04	Loglikelihood: -56095.1	(delta): 2.38399
28 (QN/Block) 	Elapsed: 0.038	Loglikelihood: -56094.7	(delta): 0.436744
29 (QN/Block) 	Elapsed: 0.033	Loglikelihood: -56094.6	(delta): 0.0346961
30 (QN/Block) 	Elapsed: 0.037	Loglikelihood: -56094.6	(delta): 0.01862
31 (QN/Block) 	Elapsed: 0.036	Loglikelihood: -56094.6	(delta): 0.00189398
32 (QN/Block) 	Elapsed: 0.034	Loglikelihood: -56094.6	(delta): 0.00128824
33 (QN/Block) 	Elapsed: 0.032	Loglikelihood: -56094.6	(delta): 0.000169303
34 (QN/Block) 	Elapsed: 0.038	Loglikelihood: -56094.6	(delta): 7.70684e-05
35 (QN/Block) 	Elapsed: 0.039	Loglikelihood: -56094.6	(delta): 4.08128e-06
36 (QN/Block) 	Elapsed: 0.041	Loglikelihood: -56094.6	(delta): 1.03837e-06
37 (QN/Block) 	Elapsed: 0.04	Loglikelihood: -56094.6	(delta): 1.39844e-08
38 (QN/Block) 	Elapsed: 0.041	Loglikelihood: -56094.6	(delta): 4.62023e-09
39 (QN/Block) 	Elapsed: 0.042	Loglikelihood: -56094.6	(delta): 7.2032e-10
40 (QN/Block) 	Elapsed: 0.044	Loglikelihood: -56094.6	(delta): 5.82077e-11
41 (QN/Block) 	Elapsed: 0.042	Loglikelihood: -56094.6	(delta): 1.45519e-11
42 (QN/Block) 	Elapsed: 0.035	Loglikelihood: -56094.6	(delta): 1.45519e-11
43 (QN/Block) 	Elapsed: 0.036	Loglikelihood: -56094.6	(delta): 0
44 (QN/Block) 	Elapsed: 0.034	Loglikelihood: -56094.6	(delta): 0
45 (QN/Block) 	Elapsed: 0.032	Loglikelihood: -56094.6	(delta): -7.27596e-12
46 (QN/Block) 	Elapsed: 0.045	Loglikelihood: -56094.6	(delta): 1.45519e-11
47 (QN/Block) 	Elapsed: 0.044	Loglikelihood: -56094.6	(delta): 0
48 (QN/Block) 	Elapsed: 0.047	Loglikelihood: -56094.6	(delta): 0
49 (QN/Block) 	Elapsed: 0.05	Loglikelihood: -56094.6	(delta): 0
50 (QN/Block) 	Elapsed: 0.045	Loglikelihood: -56094.6	(delta): 7.27596e-12
51 (QN/Block) 	Elapsed: 0.04	Loglikelihood: -56094.6	(delta): -7.27596e-12
52 (QN/Block) 	Elapsed: 0.045	Loglikelihood: -56094.6	(delta): 7.27596e-12
53 (QN/Block) 	Elapsed: 0.04	Loglikelihood: -56094.6	(delta): 0
54 (QN/Block) 	Elapsed: 0.035	Loglikelihood: -56094.6	(delta): -7.27596e-12
55 (QN/Block) 	Elapsed: 0.037	Loglikelihood: -56094.6	(delta): 0
56 (QN/Block) 	Elapsed: 0.036	Loglikelihood: -56094.6	(delta): 0
57 (QN/Block) 	Elapsed: 0.048	Loglikelihood: -56094.6	(delta): -7.27596e-12
58 (QN/Block) 	Elapsed: 0.05	Loglikelihood: -56094.6	(delta): 7.27596e-12
59 (QN/Block) 	Elapsed: 0.049	Loglikelihood: -56094.6	(delta): 0
60 (QN/Block) 	Elapsed: 0.036	Loglikelihood: -56094.6	(delta): -7.27596e-12
61 (QN/Block) 	Elapsed: 0.037	Loglikelihood: -56094.6	(delta): 7.27596e-12
62 (QN/Block) 	Elapsed: 0.038	Loglikelihood: -56094.6	(delta): 0
63 (QN/Block) 	Elapsed: 0.047	Loglikelihood: -56094.6	(delta): -7.27596e-12
64 (QN/Block) 	Elapsed: 0.044	Loglikelihood: -56094.6	(delta): 0
65 (QN/Block) 	Elapsed: 0.046	Loglikelihood: -56094.6	(delta): -7.27596e-12
66 (QN/Block) 	Elapsed: 0.039	Loglikelihood: -56094.6	(delta): 1.45519e-11
67 (QN/Block) 	Elapsed: 0.037	Loglikelihood: -56094.6	(delta): -1.45519e-11
68 (QN/Block) 	Elapsed: 0.032	Loglikelihood: -56094.6	(delta): 1.45519e-11
69 (QN/Block) 	Elapsed: 0.041	Loglikelihood: -56094.6	(delta): 0
70 (QN/Block) 	Elapsed: 0.032	Loglikelihood: -56094.6	(delta): -1.45519e-11
71 (QN/Block) 	Elapsed: 0.045	Loglikelihood: -56094.6	(delta): 0
72 (QN/Block) 	Elapsed: 0.048	Loglikelihood: -56094.6	(delta): 0
73 (QN/Block) 	Elapsed: 0.046	Loglikelihood: -56094.6	(delta): 0
74 (QN/Block) 	Elapsed: 0.045	Loglikelihood: -56094.6	(delta): 0
75 (QN/Block) 	Elapsed: 0.043	Loglikelihood: -56094.6	(delta): 0
76 (QN/Block) 	Elapsed: 0.043	Loglikelihood: -56094.6	(delta): 7.27596e-12
77 (QN/Block) 	Elapsed: 0.046	Loglikelihood: -56094.6	(delta): 7.27596e-12
78 (QN/Block) 	Elapsed: 0.038	Loglikelihood: -56094.6	(delta): -1.45519e-11
79 (QN/Block) 	Elapsed: 0.036	Loglikelihood: -56094.6	(delta): 2.91038e-11
80 (QN/Block) 	Elapsed: 0.038	Loglikelihood: -56094.6	(delta): -1.45519e-11
81 (QN/Block) 	Elapsed: 0.045	Loglikelihood: -56094.6	(delta): -1.45519e-11
82 (QN/Block) 	Elapsed: 0.047	Loglikelihood: -56094.6	(delta): 2.18279e-11
83 (QN/Block) 	Elapsed: 0.046	Loglikelihood: -56094.6	(delta): 0
84 (QN/Block) 	Elapsed: 0.034	Loglikelihood: -56094.6	(delta): -1.45519e-11
85 (QN/Block) 	Elapsed: 0.039	Loglikelihood: -56094.6	(delta): 1.45519e-11
86 (QN/Block) 	Elapsed: 0.041	Loglikelihood: -56094.6	(delta): -7.27596e-12
87 (QN/Block) 	Elapsed: 0.049	Loglikelihood: -56094.6	(delta): 7.27596e-12
88 (QN/Block) 	Elapsed: 0.047	Loglikelihood: -56094.6	(delta): 7.27596e-12
89 (QN/Block) 	Elapsed: 0.033	Loglikelihood: -56094.6	(delta): 0
90 (QN/Block) 	Elapsed: 0.033	Loglikelihood: -56094.6	(delta): 0
91 (QN/Block) 	Elapsed: 0.038	Loglikelihood: -56094.6	(delta): -1.45519e-11
92 (QN/Block) 	Elapsed: 0.033	Loglikelihood: -56094.6	(delta): 0
93 (QN/Block) 	Elapsed: 0.033	Loglikelihood: -56094.6	(delta): 0
94 (QN/Block) 	Elapsed: 0.041	Loglikelihood: -56094.6	(delta): 0
95 (QN/Block) 	Elapsed: 0.044	Loglikelihood: -56094.6	(delta): 1.45519e-11
96 (QN/Block) 	Elapsed: 0.045	Loglikelihood: -56094.6	(delta): -7.27596e-12
97 (QN/Block) 	Elapsed: 0.039	Loglikelihood: -56094.6	(delta): -7.27596e-12
98 (QN/Block) 	Elapsed: 0.034	Loglikelihood: -56094.6	(delta): 1.45519e-11
99 (QN/Block) 	Elapsed: 0.047	Loglikelihood: -56094.6	(delta): -7.27596e-12
100 (QN/Block) 	Elapsed: 0.045	Loglikelihood: -56094.6	(delta): 7.27596e-12
Summary: 
Converged in 100 iterations (4.291 sec)
Loglikelihood: -56094.599833
Fst divergences between estimated populations: 
	Pop0	Pop1	Pop2	Pop3	Pop4	Pop5	Pop6	Pop7	
Pop0	
Pop1	0.349	
Pop2	0.244	0.363	
Pop3	0.445	0.495	0.440	
Pop4	0.238	0.331	0.213	0.450	
Pop5	0.268	0.343	0.247	0.376	0.245	
Pop6	0.593	0.641	0.594	0.507	0.603	0.557	
Pop7	0.569	0.617	0.570	0.487	0.578	0.532	0.150	
Pop8	0.591	0.641	0.592	0.503	0.597	0.554	0.201	0.176	
CV error (K=9): 0.47781
Writing output files.
