****                   ADMIXTURE Version 1.3.0                  ****
****                    Copyright 2008-2015                     ****
****           David Alexander, Suyash Shringarpure,            ****
****                John  Novembre, Ken Lange                   ****
****                                                            ****
****                 Please cite our paper!                     ****
****   Information at www.genetics.ucla.edu/software/admixture  ****

Parallel execution requested.  Will use 8 threads.
Cross-validation will be performed.  Folds=10.
Random seed: 43
Point estimation method: Block relaxation algorithm
Convergence acceleration algorithm: QuasiNewton, 3 secant conditions
Point estimation will terminate at 100 iterations
Estimation of standard errors disabled; will compute point estimates only.
Size of G: 121x1282
Performing five EM steps to prime main algorithm
1 (EM) 	Elapsed: 0.016	Loglikelihood: -107581	(delta): 106948
2 (EM) 	Elapsed: 0.017	Loglikelihood: -102159	(delta): 5422.47
3 (EM) 	Elapsed: 0.016	Loglikelihood: -100343	(delta): 1815.51
4 (EM) 	Elapsed: 0.017	Loglikelihood: -98750.6	(delta): 1592.5
5 (EM) 	Elapsed: 0.019	Loglikelihood: -97023.6	(delta): 1726.98
Initial loglikelihood: -97023.6
Starting main algorithm
1 (QN/Block) 	Elapsed: 0.03	Loglikelihood: -66993.9	(delta): 30029.7
2 (QN/Block) 	Elapsed: 0.029	Loglikelihood: -61781	(delta): 5212.89
3 (QN/Block) 	Elapsed: 0.031	Loglikelihood: -59618.2	(delta): 2162.79
4 (QN/Block) 	Elapsed: 0.028	Loglikelihood: -58509.8	(delta): 1108.47
5 (QN/Block) 	Elapsed: 0.03	Loglikelihood: -58113.7	(delta): 396.088
6 (QN/Block) 	Elapsed: 0.031	Loglikelihood: -57985	(delta): 128.683
7 (QN/Block) 	Elapsed: 0.032	Loglikelihood: -57929.1	(delta): 55.8732
8 (QN/Block) 	Elapsed: 0.033	Loglikelihood: -57904.9	(delta): 24.1902
9 (QN/Block) 	Elapsed: 0.032	Loglikelihood: -57886.6	(delta): 18.3813
10 (QN/Block) 	Elapsed: 0.031	Loglikelihood: -57868.5	(delta): 18.087
11 (QN/Block) 	Elapsed: 0.029	Loglikelihood: -57848.5	(delta): 20.0154
12 (QN/Block) 	Elapsed: 0.029	Loglikelihood: -57841.5	(delta): 6.99359
13 (QN/Block) 	Elapsed: 0.029	Loglikelihood: -57838.3	(delta): 3.12905
14 (QN/Block) 	Elapsed: 0.026	Loglikelihood: -57834.7	(delta): 3.61159
15 (QN/Block) 	Elapsed: 0.028	Loglikelihood: -57830.5	(delta): 4.25879
16 (QN/Block) 	Elapsed: 0.032	Loglikelihood: -57824.5	(delta): 6.01413
17 (QN/Block) 	Elapsed: 0.033	Loglikelihood: -57820.2	(delta): 4.2402
18 (QN/Block) 	Elapsed: 0.032	Loglikelihood: -57816.2	(delta): 4.03301
19 (QN/Block) 	Elapsed: 0.034	Loglikelihood: -57810.5	(delta): 5.6325
20 (QN/Block) 	Elapsed: 0.031	Loglikelihood: -57806.8	(delta): 3.79261
21 (QN/Block) 	Elapsed: 0.031	Loglikelihood: -57804.2	(delta): 2.57063
22 (QN/Block) 	Elapsed: 0.033	Loglikelihood: -57802.6	(delta): 1.60112
23 (QN/Block) 	Elapsed: 0.031	Loglikelihood: -57798.1	(delta): 4.46512
24 (QN/Block) 	Elapsed: 0.029	Loglikelihood: -57797	(delta): 1.08423
25 (QN/Block) 	Elapsed: 0.027	Loglikelihood: -57796.8	(delta): 0.187919
26 (QN/Block) 	Elapsed: 0.029	Loglikelihood: -57796.8	(delta): 0.0228038
27 (QN/Block) 	Elapsed: 0.025	Loglikelihood: -57796.8	(delta): 0.00581339
28 (QN/Block) 	Elapsed: 0.025	Loglikelihood: -57796.8	(delta): 0.00208165
29 (QN/Block) 	Elapsed: 0.03	Loglikelihood: -57796.8	(delta): 0.000228275
30 (QN/Block) 	Elapsed: 0.032	Loglikelihood: -57796.8	(delta): 5.8632e-05
31 (QN/Block) 	Elapsed: 0.028	Loglikelihood: -57796.8	(delta): 7.80524e-06
32 (QN/Block) 	Elapsed: 0.027	Loglikelihood: -57796.8	(delta): 6.74675e-06
33 (QN/Block) 	Elapsed: 0.033	Loglikelihood: -57796.8	(delta): 2.95753e-06
34 (QN/Block) 	Elapsed: 0.034	Loglikelihood: -57796.8	(delta): 3.18367e-06
35 (QN/Block) 	Elapsed: 0.035	Loglikelihood: -57796.8	(delta): 3.45137e-06
36 (QN/Block) 	Elapsed: 0.035	Loglikelihood: -57796.8	(delta): 3.74419e-06
37 (QN/Block) 	Elapsed: 0.036	Loglikelihood: -57796.8	(delta): 4.06073e-06
38 (QN/Block) 	Elapsed: 0.036	Loglikelihood: -57796.8	(delta): 4.41109e-06
39 (QN/Block) 	Elapsed: 0.032	Loglikelihood: -57796.8	(delta): 4.86454e-06
40 (QN/Block) 	Elapsed: 0.033	Loglikelihood: -57796.8	(delta): 5.38457e-06
41 (QN/Block) 	Elapsed: 0.032	Loglikelihood: -57796.8	(delta): 5.95666e-06
42 (QN/Block) 	Elapsed: 0.029	Loglikelihood: -57796.8	(delta): 6.58439e-06
43 (QN/Block) 	Elapsed: 0.029	Loglikelihood: -57796.8	(delta): 7.27221e-06
44 (QN/Block) 	Elapsed: 0.03	Loglikelihood: -57796.8	(delta): 8.02481e-06
45 (QN/Block) 	Elapsed: 0.029	Loglikelihood: -57796.8	(delta): 8.84706e-06
46 (QN/Block) 	Elapsed: 0.029	Loglikelihood: -57796.8	(delta): 9.74409e-06
47 (QN/Block) 	Elapsed: 0.03	Loglikelihood: -57796.8	(delta): 1.07211e-05
48 (QN/Block) 	Elapsed: 0.032	Loglikelihood: -57796.8	(delta): 1.17835e-05
49 (QN/Block) 	Elapsed: 0.029	Loglikelihood: -57796.8	(delta): 1.29367e-05
50 (QN/Block) 	Elapsed: 0.03	Loglikelihood: -57796.8	(delta): 1.4186e-05
51 (QN/Block) 	Elapsed: 0.031	Loglikelihood: -57796.8	(delta): 1.55369e-05
52 (QN/Block) 	Elapsed: 0.036	Loglikelihood: -57796.8	(delta): 1.69947e-05
53 (QN/Block) 	Elapsed: 0.034	Loglikelihood: -57796.8	(delta): 1.85643e-05
54 (QN/Block) 	Elapsed: 0.033	Loglikelihood: -57796.8	(delta): 2.02505e-05
55 (QN/Block) 	Elapsed: 0.034	Loglikelihood: -57796.8	(delta): 2.20576e-05
56 (QN/Block) 	Elapsed: 0.038	Loglikelihood: -57796.8	(delta): 2.39894e-05
57 (QN/Block) 	Elapsed: 0.03	Loglikelihood: -57796.8	(delta): 2.60491e-05
58 (QN/Block) 	Elapsed: 0.027	Loglikelihood: -57796.8	(delta): 2.82391e-05
59 (QN/Block) 	Elapsed: 0.03	Loglikelihood: -57796.8	(delta): 3.05607e-05
60 (QN/Block) 	Elapsed: 0.034	Loglikelihood: -57796.8	(delta): 3.30143e-05
61 (QN/Block) 	Elapsed: 0.035	Loglikelihood: -57796.8	(delta): 3.5599e-05
62 (QN/Block) 	Elapsed: 0.033	Loglikelihood: -57796.8	(delta): 3.83126e-05
63 (QN/Block) 	Elapsed: 0.036	Loglikelihood: -57796.8	(delta): 4.11514e-05
64 (QN/Block) 	Elapsed: 0.036	Loglikelihood: -57796.8	(delta): 4.41099e-05
65 (QN/Block) 	Elapsed: 0.035	Loglikelihood: -57796.8	(delta): 4.7181e-05
66 (QN/Block) 	Elapsed: 0.032	Loglikelihood: -57796.8	(delta): 5.03556e-05
67 (QN/Block) 	Elapsed: 0.028	Loglikelihood: -57796.8	(delta): 5.36228e-05
68 (QN/Block) 	Elapsed: 0.029	Loglikelihood: -57796.8	(delta): 5.69696e-05
69 (QN/Block) 	Elapsed: 0.029	Loglikelihood: -57796.8	(delta): 6.03811e-05
70 (QN/Block) 	Elapsed: 0.032	Loglikelihood: -57796.8	(delta): 6.38403e-05
71 (QN/Block) 	Elapsed: 0.033	Loglikelihood: -57796.8	(delta): 6.73284e-05
72 (QN/Block) 	Elapsed: 0.032	Loglikelihood: -57796.8	(delta): 7.08247e-05
73 (QN/Block) 	Elapsed: 0.033	Loglikelihood: -57796.8	(delta): 7.4307e-05
74 (QN/Block) 	Elapsed: 0.035	Loglikelihood: -57796.8	(delta): 7.77516e-05
75 (QN/Block) 	Elapsed: 0.032	Loglikelihood: -57796.8	(delta): 8.89387e-05
76 (QN/Block) 	Elapsed: 0.028	Loglikelihood: -57796.8	(delta): 0.000137952
77 (QN/Block) 	Elapsed: 0.033	Loglikelihood: -57796.8	(delta): 0.000224351
78 (QN/Block) 	Elapsed: 0.035	Loglikelihood: -57796.8	(delta): 0.00036683
79 (QN/Block) 	Elapsed: 0.036	Loglikelihood: -57796.8	(delta): 0.00060009
80 (QN/Block) 	Elapsed: 0.035	Loglikelihood: -57796.8	(delta): 0.000980948
81 (QN/Block) 	Elapsed: 0.037	Loglikelihood: -57796.8	(delta): 0.0016015
82 (QN/Block) 	Elapsed: 0.036	Loglikelihood: -57796.8	(delta): 0.00261025
83 (QN/Block) 	Elapsed: 0.035	Loglikelihood: -57796.8	(delta): 0.0042453
84 (QN/Block) 	Elapsed: 0.036	Loglikelihood: -57796.8	(delta): 0.0068865
85 (QN/Block) 	Elapsed: 0.036	Loglikelihood: -57796.8	(delta): 0.0111358
86 (QN/Block) 	Elapsed: 0.029	Loglikelihood: -57796.8	(delta): 0.0179397
87 (QN/Block) 	Elapsed: 0.031	Loglikelihood: -57796.7	(delta): 0.0287737
88 (QN/Block) 	Elapsed: 0.033	Loglikelihood: -57796.7	(delta): 0.0459206
89 (QN/Block) 	Elapsed: 0.035	Loglikelihood: -57796.6	(delta): 0.0728293
90 (QN/Block) 	Elapsed: 0.04	Loglikelihood: -57796.6	(delta): 0.048055
91 (QN/Block) 	Elapsed: 0.038	Loglikelihood: -57796.6	(delta): 0.0086401
92 (QN/Block) 	Elapsed: 0.036	Loglikelihood: -57796.6	(delta): 0.00741565
93 (QN/Block) 	Elapsed: 0.034	Loglikelihood: -57796.6	(delta): 0.000143662
94 (QN/Block) 	Elapsed: 0.034	Loglikelihood: -57796.6	(delta): 1.67518e-05
95 (QN/Block) 	Elapsed: 0.035	Loglikelihood: -57796.6	(delta): 4.76047e-06
96 (QN/Block) 	Elapsed: 0.034	Loglikelihood: -57796.6	(delta): 9.41036e-07
97 (QN/Block) 	Elapsed: 0.034	Loglikelihood: -57796.6	(delta): 1.27817e-07
98 (QN/Block) 	Elapsed: 0.034	Loglikelihood: -57796.6	(delta): 1.26383e-08
99 (QN/Block) 	Elapsed: 0.033	Loglikelihood: -57796.6	(delta): 3.73984e-09
100 (QN/Block) 	Elapsed: 0.032	Loglikelihood: -57796.6	(delta): 7.27596e-10
Summary: 
Converged in 100 iterations (3.423 sec)
Loglikelihood: -57796.556257
Fst divergences between estimated populations: 
	Pop0	Pop1	Pop2	Pop3	Pop4	Pop5	
Pop0	
Pop1	0.386	
Pop2	0.444	0.234	
Pop3	0.535	0.481	0.502	
Pop4	0.565	0.513	0.528	0.159	
Pop5	0.170	0.427	0.476	0.565	0.597	
Pop6	0.267	0.449	0.498	0.587	0.615	0.278	
CV error (K=7): 0.44431
Writing output files.
