****                   ADMIXTURE Version 1.3.0                  ****
****                    Copyright 2008-2015                     ****
****           David Alexander, Suyash Shringarpure,            ****
****                John  Novembre, Ken Lange                   ****
****                                                            ****
****                 Please cite our paper!                     ****
****   Information at www.genetics.ucla.edu/software/admixture  ****

Parallel execution requested.  Will use 8 threads.
Cross-validation will be performed.  Folds=10.
Random seed: 43
Point estimation method: Block relaxation algorithm
Convergence acceleration algorithm: QuasiNewton, 3 secant conditions
Point estimation will terminate at 100 iterations
Estimation of standard errors disabled; will compute point estimates only.
Size of G: 335x1606
Performing five EM steps to prime main algorithm
1 (EM) 	Elapsed: 0.074	Loglikelihood: -231051	(delta): 507631
2 (EM) 	Elapsed: 0.083	Loglikelihood: -217582	(delta): 13469.2
3 (EM) 	Elapsed: 0.093	Loglikelihood: -215546	(delta): 2036.45
4 (EM) 	Elapsed: 0.099	Loglikelihood: -214370	(delta): 1175.63
5 (EM) 	Elapsed: 0.096	Loglikelihood: -213441	(delta): 929.617
Initial loglikelihood: -213441
Starting main algorithm
1 (QN/Block) 	Elapsed: 0.126	Loglikelihood: -191943	(delta): 21497.6
2 (QN/Block) 	Elapsed: 0.125	Loglikelihood: -184758	(delta): 7185.23
3 (QN/Block) 	Elapsed: 0.131	Loglikelihood: -183047	(delta): 1710.8
4 (QN/Block) 	Elapsed: 0.101	Loglikelihood: -181751	(delta): 1296.33
5 (QN/Block) 	Elapsed: 0.108	Loglikelihood: -181104	(delta): 646.431
6 (QN/Block) 	Elapsed: 0.118	Loglikelihood: -180791	(delta): 313.148
7 (QN/Block) 	Elapsed: 0.121	Loglikelihood: -180653	(delta): 137.974
8 (QN/Block) 	Elapsed: 0.121	Loglikelihood: -180545	(delta): 107.875
9 (QN/Block) 	Elapsed: 0.14	Loglikelihood: -180480	(delta): 65.2768
10 (QN/Block) 	Elapsed: 0.132	Loglikelihood: -180443	(delta): 36.7194
11 (QN/Block) 	Elapsed: 0.129	Loglikelihood: -180396	(delta): 47.549
12 (QN/Block) 	Elapsed: 0.146	Loglikelihood: -180359	(delta): 36.2957
13 (QN/Block) 	Elapsed: 0.153	Loglikelihood: -180318	(delta): 41.5629
14 (QN/Block) 	Elapsed: 0.127	Loglikelihood: -180234	(delta): 83.7905
15 (QN/Block) 	Elapsed: 0.131	Loglikelihood: -180215	(delta): 19.2839
16 (QN/Block) 	Elapsed: 0.13	Loglikelihood: -180199	(delta): 15.1705
17 (QN/Block) 	Elapsed: 0.125	Loglikelihood: -180186	(delta): 13.8476
18 (QN/Block) 	Elapsed: 0.125	Loglikelihood: -180169	(delta): 16.2102
19 (QN/Block) 	Elapsed: 0.125	Loglikelihood: -180158	(delta): 11.838
20 (QN/Block) 	Elapsed: 0.127	Loglikelihood: -180151	(delta): 7.00366
21 (QN/Block) 	Elapsed: 0.13	Loglikelihood: -180143	(delta): 7.48842
22 (QN/Block) 	Elapsed: 0.138	Loglikelihood: -180138	(delta): 5.20454
23 (QN/Block) 	Elapsed: 0.148	Loglikelihood: -180135	(delta): 2.56877
24 (QN/Block) 	Elapsed: 0.126	Loglikelihood: -180134	(delta): 1.06182
25 (QN/Block) 	Elapsed: 0.127	Loglikelihood: -180133	(delta): 0.850306
26 (QN/Block) 	Elapsed: 0.12	Loglikelihood: -180133	(delta): 0.366465
27 (QN/Block) 	Elapsed: 0.126	Loglikelihood: -180132	(delta): 0.761822
28 (QN/Block) 	Elapsed: 0.132	Loglikelihood: -180132	(delta): 0.562446
29 (QN/Block) 	Elapsed: 0.134	Loglikelihood: -180131	(delta): 0.338541
30 (QN/Block) 	Elapsed: 0.149	Loglikelihood: -180131	(delta): 0.177945
31 (QN/Block) 	Elapsed: 0.131	Loglikelihood: -180131	(delta): 0.0911254
32 (QN/Block) 	Elapsed: 0.139	Loglikelihood: -180131	(delta): 0.0607832
33 (QN/Block) 	Elapsed: 0.155	Loglikelihood: -180131	(delta): 0.0622332
34 (QN/Block) 	Elapsed: 0.139	Loglikelihood: -180131	(delta): 0.190811
35 (QN/Block) 	Elapsed: 0.145	Loglikelihood: -180129	(delta): 1.61553
36 (QN/Block) 	Elapsed: 0.126	Loglikelihood: -180129	(delta): 0.433937
37 (QN/Block) 	Elapsed: 0.135	Loglikelihood: -180129	(delta): 0.19816
38 (QN/Block) 	Elapsed: 0.152	Loglikelihood: -180128	(delta): 0.453527
39 (QN/Block) 	Elapsed: 0.133	Loglikelihood: -180127	(delta): 0.604897
40 (QN/Block) 	Elapsed: 0.135	Loglikelihood: -180127	(delta): 0.119442
41 (QN/Block) 	Elapsed: 0.125	Loglikelihood: -180127	(delta): 0.0912534
42 (QN/Block) 	Elapsed: 0.131	Loglikelihood: -180127	(delta): 0.0512482
43 (QN/Block) 	Elapsed: 0.182	Loglikelihood: -180127	(delta): 0.0221995
44 (QN/Block) 	Elapsed: 0.158	Loglikelihood: -180127	(delta): 0.0180154
45 (QN/Block) 	Elapsed: 0.204	Loglikelihood: -180127	(delta): 0.021672
46 (QN/Block) 	Elapsed: 0.153	Loglikelihood: -180127	(delta): 0.0349554
47 (QN/Block) 	Elapsed: 0.15	Loglikelihood: -180127	(delta): 0.159223
48 (QN/Block) 	Elapsed: 0.142	Loglikelihood: -180127	(delta): 0.0621071
49 (QN/Block) 	Elapsed: 0.135	Loglikelihood: -180127	(delta): 0.0123622
50 (QN/Block) 	Elapsed: 0.15	Loglikelihood: -180127	(delta): 0.00586998
51 (QN/Block) 	Elapsed: 0.124	Loglikelihood: -180127	(delta): 0.00153272
52 (QN/Block) 	Elapsed: 0.124	Loglikelihood: -180127	(delta): 0.000172301
53 (QN/Block) 	Elapsed: 0.122	Loglikelihood: -180127	(delta): 3.3492e-05
54 (QN/Block) 	Elapsed: 0.122	Loglikelihood: -180127	(delta): 2.69767e-05
55 (QN/Block) 	Elapsed: 0.125	Loglikelihood: -180127	(delta): 3.65046e-05
56 (QN/Block) 	Elapsed: 0.12	Loglikelihood: -180127	(delta): 0.000303476
57 (QN/Block) 	Elapsed: 0.12	Loglikelihood: -180127	(delta): 0.000295406
58 (QN/Block) 	Elapsed: 0.14	Loglikelihood: -180127	(delta): 0.00010752
59 (QN/Block) 	Elapsed: 0.139	Loglikelihood: -180127	(delta): 8.26989e-05
60 (QN/Block) 	Elapsed: 0.126	Loglikelihood: -180127	(delta): 8.61383e-05
61 (QN/Block) 	Elapsed: 0.134	Loglikelihood: -180127	(delta): 9.34428e-05
62 (QN/Block) 	Elapsed: 0.129	Loglikelihood: -180127	(delta): 0.00010243
63 (QN/Block) 	Elapsed: 0.131	Loglikelihood: -180127	(delta): 0.000112711
64 (QN/Block) 	Elapsed: 0.13	Loglikelihood: -180127	(delta): 0.000124275
65 (QN/Block) 	Elapsed: 0.126	Loglikelihood: -180127	(delta): 0.00013723
66 (QN/Block) 	Elapsed: 0.14	Loglikelihood: -180127	(delta): 0.000130786
67 (QN/Block) 	Elapsed: 0.133	Loglikelihood: -180127	(delta): 6.46998e-05
68 (QN/Block) 	Elapsed: 0.124	Loglikelihood: -180127	(delta): 0.000109229
69 (QN/Block) 	Elapsed: 0.122	Loglikelihood: -180127	(delta): 9.77743e-06
70 (QN/Block) 	Elapsed: 0.122	Loglikelihood: -180127	(delta): 1.77018e-06
71 (QN/Block) 	Elapsed: 0.124	Loglikelihood: -180127	(delta): 1.74972e-07
72 (QN/Block) 	Elapsed: 0.12	Loglikelihood: -180127	(delta): 2.40107e-08
73 (QN/Block) 	Elapsed: 0.122	Loglikelihood: -180127	(delta): 5.03496e-09
74 (QN/Block) 	Elapsed: 0.122	Loglikelihood: -180127	(delta): 8.73115e-10
75 (QN/Block) 	Elapsed: 0.132	Loglikelihood: -180127	(delta): 5.82077e-11
76 (QN/Block) 	Elapsed: 0.122	Loglikelihood: -180127	(delta): 5.82077e-11
77 (QN/Block) 	Elapsed: 0.136	Loglikelihood: -180127	(delta): 2.91038e-11
78 (QN/Block) 	Elapsed: 0.13	Loglikelihood: -180127	(delta): 2.91038e-11
79 (QN/Block) 	Elapsed: 0.131	Loglikelihood: -180127	(delta): 0
80 (QN/Block) 	Elapsed: 0.135	Loglikelihood: -180127	(delta): 0
81 (QN/Block) 	Elapsed: 0.147	Loglikelihood: -180127	(delta): -5.82077e-11
82 (QN/Block) 	Elapsed: 0.143	Loglikelihood: -180127	(delta): 2.91038e-11
83 (QN/Block) 	Elapsed: 0.137	Loglikelihood: -180127	(delta): 5.82077e-11
84 (QN/Block) 	Elapsed: 0.138	Loglikelihood: -180127	(delta): -2.91038e-11
85 (QN/Block) 	Elapsed: 0.132	Loglikelihood: -180127	(delta): -2.91038e-11
86 (QN/Block) 	Elapsed: 0.135	Loglikelihood: -180127	(delta): 2.91038e-11
87 (QN/Block) 	Elapsed: 0.137	Loglikelihood: -180127	(delta): 0
88 (QN/Block) 	Elapsed: 0.135	Loglikelihood: -180127	(delta): -5.82077e-11
89 (QN/Block) 	Elapsed: 0.129	Loglikelihood: -180127	(delta): 5.82077e-11
90 (QN/Block) 	Elapsed: 0.125	Loglikelihood: -180127	(delta): 0
91 (QN/Block) 	Elapsed: 0.133	Loglikelihood: -180127	(delta): 0
92 (QN/Block) 	Elapsed: 0.138	Loglikelihood: -180127	(delta): 0
93 (QN/Block) 	Elapsed: 0.142	Loglikelihood: -180127	(delta): 0
94 (QN/Block) 	Elapsed: 0.135	Loglikelihood: -180127	(delta): 0
95 (QN/Block) 	Elapsed: 0.134	Loglikelihood: -180127	(delta): 0
96 (QN/Block) 	Elapsed: 0.131	Loglikelihood: -180127	(delta): 2.91038e-11
97 (QN/Block) 	Elapsed: 0.138	Loglikelihood: -180127	(delta): -2.91038e-11
98 (QN/Block) 	Elapsed: 0.136	Loglikelihood: -180127	(delta): 0
99 (QN/Block) 	Elapsed: 0.131	Loglikelihood: -180127	(delta): -2.91038e-11
100 (QN/Block) 	Elapsed: 0.129	Loglikelihood: -180127	(delta): 2.91038e-11
Summary: 
Converged in 100 iterations (14.136 sec)
Loglikelihood: -180126.885094
Fst divergences between estimated populations: 
	Pop0	Pop1	Pop2	Pop3	Pop4	Pop5	Pop6	Pop7	
Pop0	
Pop1	0.145	
Pop2	0.150	0.058	
Pop3	0.234	0.148	0.156	
Pop4	0.176	0.079	0.076	0.144	
Pop5	0.185	0.085	0.097	0.161	0.064	
Pop6	0.454	0.389	0.386	0.420	0.398	0.415	
Pop7	0.157	0.072	0.062	0.155	0.075	0.085	0.398	
Pop8	0.425	0.359	0.354	0.389	0.368	0.382	0.146	0.364	
CV error (K=9): 0.23714
Writing output files.
