****                   ADMIXTURE Version 1.3.0                  ****
****                    Copyright 2008-2015                     ****
****           David Alexander, Suyash Shringarpure,            ****
****                John  Novembre, Ken Lange                   ****
****                                                            ****
****                 Please cite our paper!                     ****
****   Information at www.genetics.ucla.edu/software/admixture  ****

Parallel execution requested.  Will use 8 threads.
Cross-validation will be performed.  Folds=10.
Random seed: 43
Point estimation method: Block relaxation algorithm
Convergence acceleration algorithm: QuasiNewton, 3 secant conditions
Point estimation will terminate at 100 iterations
Estimation of standard errors disabled; will compute point estimates only.
Size of G: 335x1606
Performing five EM steps to prime main algorithm
1 (EM) 	Elapsed: 0.074	Loglikelihood: -230473	(delta): 514049
2 (EM) 	Elapsed: 0.096	Loglikelihood: -218170	(delta): 12303.1
3 (EM) 	Elapsed: 0.105	Loglikelihood: -216118	(delta): 2052.37
4 (EM) 	Elapsed: 0.11	Loglikelihood: -214941	(delta): 1176.75
5 (EM) 	Elapsed: 0.097	Loglikelihood: -214023	(delta): 918.337
Initial loglikelihood: -214023
Starting main algorithm
1 (QN/Block) 	Elapsed: 0.167	Loglikelihood: -189928	(delta): 24094.5
2 (QN/Block) 	Elapsed: 0.154	Loglikelihood: -185038	(delta): 4889.97
3 (QN/Block) 	Elapsed: 0.144	Loglikelihood: -183676	(delta): 1361.58
4 (QN/Block) 	Elapsed: 0.132	Loglikelihood: -183042	(delta): 634.024
5 (QN/Block) 	Elapsed: 0.142	Loglikelihood: -182648	(delta): 394.625
6 (QN/Block) 	Elapsed: 0.164	Loglikelihood: -182387	(delta): 260.689
7 (QN/Block) 	Elapsed: 0.166	Loglikelihood: -181858	(delta): 529.006
8 (QN/Block) 	Elapsed: 0.145	Loglikelihood: -181670	(delta): 188.015
9 (QN/Block) 	Elapsed: 0.127	Loglikelihood: -181598	(delta): 72.5946
10 (QN/Block) 	Elapsed: 0.133	Loglikelihood: -181540	(delta): 57.0695
11 (QN/Block) 	Elapsed: 0.116	Loglikelihood: -181498	(delta): 42.3277
12 (QN/Block) 	Elapsed: 0.119	Loglikelihood: -181446	(delta): 52.1709
13 (QN/Block) 	Elapsed: 0.121	Loglikelihood: -181407	(delta): 38.851
14 (QN/Block) 	Elapsed: 0.12	Loglikelihood: -181367	(delta): 40.0614
15 (QN/Block) 	Elapsed: 0.131	Loglikelihood: -181298	(delta): 68.5935
16 (QN/Block) 	Elapsed: 0.163	Loglikelihood: -181223	(delta): 75.6941
17 (QN/Block) 	Elapsed: 0.187	Loglikelihood: -181153	(delta): 69.8053
18 (QN/Block) 	Elapsed: 0.142	Loglikelihood: -181082	(delta): 71.3897
19 (QN/Block) 	Elapsed: 0.144	Loglikelihood: -181033	(delta): 48.7122
20 (QN/Block) 	Elapsed: 0.137	Loglikelihood: -181007	(delta): 25.9351
21 (QN/Block) 	Elapsed: 0.153	Loglikelihood: -180979	(delta): 27.9314
22 (QN/Block) 	Elapsed: 0.142	Loglikelihood: -180962	(delta): 17.107
23 (QN/Block) 	Elapsed: 0.137	Loglikelihood: -180947	(delta): 14.97
24 (QN/Block) 	Elapsed: 0.153	Loglikelihood: -180942	(delta): 5.41844
25 (QN/Block) 	Elapsed: 0.194	Loglikelihood: -180940	(delta): 1.95427
26 (QN/Block) 	Elapsed: 0.158	Loglikelihood: -180939	(delta): 0.871104
27 (QN/Block) 	Elapsed: 0.147	Loglikelihood: -180937	(delta): 1.40674
28 (QN/Block) 	Elapsed: 0.155	Loglikelihood: -180936	(delta): 0.788886
29 (QN/Block) 	Elapsed: 0.14	Loglikelihood: -180935	(delta): 1.09062
30 (QN/Block) 	Elapsed: 0.126	Loglikelihood: -180935	(delta): 0.83004
31 (QN/Block) 	Elapsed: 0.134	Loglikelihood: -180934	(delta): 0.643136
32 (QN/Block) 	Elapsed: 0.13	Loglikelihood: -180933	(delta): 0.655721
33 (QN/Block) 	Elapsed: 0.121	Loglikelihood: -180933	(delta): 0.571587
34 (QN/Block) 	Elapsed: 0.119	Loglikelihood: -180932	(delta): 0.83129
35 (QN/Block) 	Elapsed: 0.118	Loglikelihood: -180931	(delta): 0.610956
36 (QN/Block) 	Elapsed: 0.117	Loglikelihood: -180931	(delta): 0.312786
37 (QN/Block) 	Elapsed: 0.134	Loglikelihood: -180930	(delta): 1.08814
38 (QN/Block) 	Elapsed: 0.131	Loglikelihood: -180930	(delta): 0.209646
39 (QN/Block) 	Elapsed: 0.146	Loglikelihood: -180929	(delta): 0.163449
40 (QN/Block) 	Elapsed: 0.147	Loglikelihood: -180929	(delta): 0.304932
41 (QN/Block) 	Elapsed: 0.171	Loglikelihood: -180929	(delta): 0.28371
42 (QN/Block) 	Elapsed: 0.147	Loglikelihood: -180929	(delta): 0.169958
43 (QN/Block) 	Elapsed: 0.144	Loglikelihood: -180929	(delta): 0.120723
44 (QN/Block) 	Elapsed: 0.136	Loglikelihood: -180928	(delta): 0.128896
45 (QN/Block) 	Elapsed: 0.178	Loglikelihood: -180928	(delta): 0.0601143
46 (QN/Block) 	Elapsed: 0.142	Loglikelihood: -180928	(delta): 0.0490375
47 (QN/Block) 	Elapsed: 0.154	Loglikelihood: -180928	(delta): 0.0297706
48 (QN/Block) 	Elapsed: 0.169	Loglikelihood: -180928	(delta): 0.0234139
49 (QN/Block) 	Elapsed: 0.138	Loglikelihood: -180928	(delta): 0.0136572
50 (QN/Block) 	Elapsed: 0.145	Loglikelihood: -180928	(delta): 0.00379865
51 (QN/Block) 	Elapsed: 0.142	Loglikelihood: -180928	(delta): 0.0012536
52 (QN/Block) 	Elapsed: 0.135	Loglikelihood: -180928	(delta): 0.00318589
53 (QN/Block) 	Elapsed: 0.147	Loglikelihood: -180928	(delta): 0.0245412
54 (QN/Block) 	Elapsed: 0.136	Loglikelihood: -180928	(delta): 0.0846146
55 (QN/Block) 	Elapsed: 0.136	Loglikelihood: -180928	(delta): 0.00478556
56 (QN/Block) 	Elapsed: 0.127	Loglikelihood: -180928	(delta): 0.0021775
57 (QN/Block) 	Elapsed: 0.129	Loglikelihood: -180928	(delta): 0.000785954
58 (QN/Block) 	Elapsed: 0.133	Loglikelihood: -180928	(delta): 0.000325752
59 (QN/Block) 	Elapsed: 0.121	Loglikelihood: -180928	(delta): 5.74219e-05
60 (QN/Block) 	Elapsed: 0.11	Loglikelihood: -180928	(delta): 1.95709e-05
61 (QN/Block) 	Elapsed: 0.133	Loglikelihood: -180928	(delta): 1.12923e-05
62 (QN/Block) 	Elapsed: 0.128	Loglikelihood: -180928	(delta): 2.37033e-06
63 (QN/Block) 	Elapsed: 0.124	Loglikelihood: -180928	(delta): 4.9427e-07
64 (QN/Block) 	Elapsed: 0.125	Loglikelihood: -180928	(delta): 1.93046e-07
65 (QN/Block) 	Elapsed: 0.13	Loglikelihood: -180928	(delta): 5.20085e-08
66 (QN/Block) 	Elapsed: 0.126	Loglikelihood: -180928	(delta): 2.14786e-08
67 (QN/Block) 	Elapsed: 0.124	Loglikelihood: -180928	(delta): 5.00586e-09
68 (QN/Block) 	Elapsed: 0.131	Loglikelihood: -180928	(delta): 1.60071e-09
69 (QN/Block) 	Elapsed: 0.126	Loglikelihood: -180928	(delta): 3.7835e-10
70 (QN/Block) 	Elapsed: 0.165	Loglikelihood: -180928	(delta): 1.45519e-10
71 (QN/Block) 	Elapsed: 0.162	Loglikelihood: -180928	(delta): 2.91038e-11
72 (QN/Block) 	Elapsed: 0.161	Loglikelihood: -180928	(delta): 2.91038e-11
73 (QN/Block) 	Elapsed: 0.152	Loglikelihood: -180928	(delta): 0
74 (QN/Block) 	Elapsed: 0.167	Loglikelihood: -180928	(delta): -2.91038e-11
75 (QN/Block) 	Elapsed: 0.145	Loglikelihood: -180928	(delta): 2.91038e-11
76 (QN/Block) 	Elapsed: 0.16	Loglikelihood: -180928	(delta): -2.91038e-11
77 (QN/Block) 	Elapsed: 0.148	Loglikelihood: -180928	(delta): 5.82077e-11
78 (QN/Block) 	Elapsed: 0.129	Loglikelihood: -180928	(delta): -2.91038e-11
79 (QN/Block) 	Elapsed: 0.131	Loglikelihood: -180928	(delta): 5.82077e-11
80 (QN/Block) 	Elapsed: 0.129	Loglikelihood: -180928	(delta): -5.82077e-11
81 (QN/Block) 	Elapsed: 0.131	Loglikelihood: -180928	(delta): 2.91038e-11
82 (QN/Block) 	Elapsed: 0.131	Loglikelihood: -180928	(delta): -2.91038e-11
83 (QN/Block) 	Elapsed: 0.129	Loglikelihood: -180928	(delta): 2.91038e-11
84 (QN/Block) 	Elapsed: 0.119	Loglikelihood: -180928	(delta): -2.91038e-11
85 (QN/Block) 	Elapsed: 0.117	Loglikelihood: -180928	(delta): 2.91038e-11
86 (QN/Block) 	Elapsed: 0.129	Loglikelihood: -180928	(delta): -2.91038e-11
87 (QN/Block) 	Elapsed: 0.125	Loglikelihood: -180928	(delta): 0
88 (QN/Block) 	Elapsed: 0.118	Loglikelihood: -180928	(delta): 5.82077e-11
89 (QN/Block) 	Elapsed: 0.117	Loglikelihood: -180928	(delta): -5.82077e-11
90 (QN/Block) 	Elapsed: 0.132	Loglikelihood: -180928	(delta): 0
91 (QN/Block) 	Elapsed: 0.121	Loglikelihood: -180928	(delta): 2.91038e-11
92 (QN/Block) 	Elapsed: 0.128	Loglikelihood: -180928	(delta): 2.91038e-11
93 (QN/Block) 	Elapsed: 0.118	Loglikelihood: -180928	(delta): -5.82077e-11
94 (QN/Block) 	Elapsed: 0.117	Loglikelihood: -180928	(delta): 2.91038e-11
95 (QN/Block) 	Elapsed: 0.123	Loglikelihood: -180928	(delta): -2.91038e-11
96 (QN/Block) 	Elapsed: 0.12	Loglikelihood: -180928	(delta): 5.82077e-11
97 (QN/Block) 	Elapsed: 0.126	Loglikelihood: -180928	(delta): 0
98 (QN/Block) 	Elapsed: 0.129	Loglikelihood: -180928	(delta): -5.82077e-11
99 (QN/Block) 	Elapsed: 0.14	Loglikelihood: -180928	(delta): 2.91038e-11
100 (QN/Block) 	Elapsed: 0.123	Loglikelihood: -180928	(delta): -2.91038e-11
Summary: 
Converged in 100 iterations (14.667 sec)
Loglikelihood: -180928.164471
Fst divergences between estimated populations: 
	Pop0	Pop1	Pop2	Pop3	Pop4	Pop5	Pop6	
Pop0	
Pop1	0.087	
Pop2	0.064	0.078	
Pop3	0.054	0.077	0.071	
Pop4	0.097	0.089	0.097	0.100	
Pop5	0.141	0.170	0.157	0.141	0.184	
Pop6	0.352	0.377	0.364	0.355	0.371	0.388	
Pop7	0.136	0.153	0.145	0.131	0.178	0.209	0.410	
CV error (K=8): 0.23795
Writing output files.
