****                   ADMIXTURE Version 1.3.0                  ****
****                    Copyright 2008-2015                     ****
****           David Alexander, Suyash Shringarpure,            ****
****                John  Novembre, Ken Lange                   ****
****                                                            ****
****                 Please cite our paper!                     ****
****   Information at www.genetics.ucla.edu/software/admixture  ****

Parallel execution requested.  Will use 8 threads.
Cross-validation will be performed.  Folds=10.
Random seed: 43
Point estimation method: Block relaxation algorithm
Convergence acceleration algorithm: QuasiNewton, 3 secant conditions
Point estimation will terminate at 100 iterations
Estimation of standard errors disabled; will compute point estimates only.
Size of G: 335x1606
Performing five EM steps to prime main algorithm
1 (EM) 	Elapsed: 0.03	Loglikelihood: -230306	(delta): 553880
2 (EM) 	Elapsed: 0.029	Loglikelihood: -218726	(delta): 11579.5
3 (EM) 	Elapsed: 0.033	Loglikelihood: -216344	(delta): 2382.07
4 (EM) 	Elapsed: 0.035	Loglikelihood: -215024	(delta): 1320.7
5 (EM) 	Elapsed: 0.031	Loglikelihood: -214141	(delta): 882.661
Initial loglikelihood: -214141
Starting main algorithm
1 (QN/Block) 	Elapsed: 0.064	Loglikelihood: -196091	(delta): 18050.4
2 (QN/Block) 	Elapsed: 0.058	Loglikelihood: -189309	(delta): 6781.27
3 (QN/Block) 	Elapsed: 0.063	Loglikelihood: -187213	(delta): 2096.21
4 (QN/Block) 	Elapsed: 0.059	Loglikelihood: -186280	(delta): 932.766
5 (QN/Block) 	Elapsed: 0.059	Loglikelihood: -185969	(delta): 311.117
6 (QN/Block) 	Elapsed: 0.06	Loglikelihood: -185841	(delta): 128.196
7 (QN/Block) 	Elapsed: 0.06	Loglikelihood: -185821	(delta): 20.2231
8 (QN/Block) 	Elapsed: 0.064	Loglikelihood: -185819	(delta): 1.84183
9 (QN/Block) 	Elapsed: 0.062	Loglikelihood: -185819	(delta): 0.261861
10 (QN/Block) 	Elapsed: 0.074	Loglikelihood: -185819	(delta): 0.0978425
11 (QN/Block) 	Elapsed: 0.074	Loglikelihood: -185819	(delta): 0.0197861
12 (QN/Block) 	Elapsed: 0.071	Loglikelihood: -185819	(delta): 0.0135463
13 (QN/Block) 	Elapsed: 0.07	Loglikelihood: -185819	(delta): 0.00384098
14 (QN/Block) 	Elapsed: 0.068	Loglikelihood: -185819	(delta): 0.000716707
15 (QN/Block) 	Elapsed: 0.07	Loglikelihood: -185819	(delta): 0.000515086
16 (QN/Block) 	Elapsed: 0.073	Loglikelihood: -185819	(delta): 0.000200817
17 (QN/Block) 	Elapsed: 0.074	Loglikelihood: -185819	(delta): 0.000527107
18 (QN/Block) 	Elapsed: 0.068	Loglikelihood: -185819	(delta): 1.53155e-05
19 (QN/Block) 	Elapsed: 0.073	Loglikelihood: -185819	(delta): 2.8433e-06
20 (QN/Block) 	Elapsed: 0.07	Loglikelihood: -185819	(delta): 2.41032e-06
21 (QN/Block) 	Elapsed: 0.068	Loglikelihood: -185819	(delta): 1.86003e-07
22 (QN/Block) 	Elapsed: 0.067	Loglikelihood: -185819	(delta): 1.39989e-08
23 (QN/Block) 	Elapsed: 0.07	Loglikelihood: -185819	(delta): 7.21775e-09
24 (QN/Block) 	Elapsed: 0.068	Loglikelihood: -185819	(delta): 2.50293e-09
25 (QN/Block) 	Elapsed: 0.069	Loglikelihood: -185819	(delta): 9.31323e-10
26 (QN/Block) 	Elapsed: 0.075	Loglikelihood: -185819	(delta): 8.73115e-11
27 (QN/Block) 	Elapsed: 0.069	Loglikelihood: -185819	(delta): 5.82077e-11
28 (QN/Block) 	Elapsed: 0.075	Loglikelihood: -185819	(delta): 2.91038e-11
29 (QN/Block) 	Elapsed: 0.072	Loglikelihood: -185819	(delta): 0
30 (QN/Block) 	Elapsed: 0.07	Loglikelihood: -185819	(delta): -2.91038e-11
31 (QN/Block) 	Elapsed: 0.077	Loglikelihood: -185819	(delta): 5.82077e-11
32 (QN/Block) 	Elapsed: 0.075	Loglikelihood: -185819	(delta): 0
33 (QN/Block) 	Elapsed: 0.069	Loglikelihood: -185819	(delta): -2.91038e-11
34 (QN/Block) 	Elapsed: 0.072	Loglikelihood: -185819	(delta): 5.82077e-11
35 (QN/Block) 	Elapsed: 0.073	Loglikelihood: -185819	(delta): -5.82077e-11
36 (QN/Block) 	Elapsed: 0.076	Loglikelihood: -185819	(delta): 5.82077e-11
37 (QN/Block) 	Elapsed: 0.083	Loglikelihood: -185819	(delta): 0
38 (QN/Block) 	Elapsed: 0.079	Loglikelihood: -185819	(delta): -2.91038e-11
39 (QN/Block) 	Elapsed: 0.078	Loglikelihood: -185819	(delta): 0
40 (QN/Block) 	Elapsed: 0.073	Loglikelihood: -185819	(delta): 0
41 (QN/Block) 	Elapsed: 0.073	Loglikelihood: -185819	(delta): 2.91038e-11
42 (QN/Block) 	Elapsed: 0.071	Loglikelihood: -185819	(delta): -5.82077e-11
43 (QN/Block) 	Elapsed: 0.077	Loglikelihood: -185819	(delta): 0
44 (QN/Block) 	Elapsed: 0.078	Loglikelihood: -185819	(delta): 5.82077e-11
45 (QN/Block) 	Elapsed: 0.08	Loglikelihood: -185819	(delta): -2.91038e-11
46 (QN/Block) 	Elapsed: 0.074	Loglikelihood: -185819	(delta): 0
47 (QN/Block) 	Elapsed: 0.076	Loglikelihood: -185819	(delta): -2.91038e-11
48 (QN/Block) 	Elapsed: 0.076	Loglikelihood: -185819	(delta): 2.91038e-11
49 (QN/Block) 	Elapsed: 0.066	Loglikelihood: -185819	(delta): 0
50 (QN/Block) 	Elapsed: 0.067	Loglikelihood: -185819	(delta): -5.82077e-11
51 (QN/Block) 	Elapsed: 0.074	Loglikelihood: -185819	(delta): 2.91038e-11
52 (QN/Block) 	Elapsed: 0.073	Loglikelihood: -185819	(delta): 0
53 (QN/Block) 	Elapsed: 0.067	Loglikelihood: -185819	(delta): 0
54 (QN/Block) 	Elapsed: 0.069	Loglikelihood: -185819	(delta): 2.91038e-11
55 (QN/Block) 	Elapsed: 0.068	Loglikelihood: -185819	(delta): 0
56 (QN/Block) 	Elapsed: 0.074	Loglikelihood: -185819	(delta): -2.91038e-11
57 (QN/Block) 	Elapsed: 0.073	Loglikelihood: -185819	(delta): 0
58 (QN/Block) 	Elapsed: 0.075	Loglikelihood: -185819	(delta): -2.91038e-11
59 (QN/Block) 	Elapsed: 0.074	Loglikelihood: -185819	(delta): 0
60 (QN/Block) 	Elapsed: 0.08	Loglikelihood: -185819	(delta): 0
61 (QN/Block) 	Elapsed: 0.073	Loglikelihood: -185819	(delta): 2.91038e-11
62 (QN/Block) 	Elapsed: 0.069	Loglikelihood: -185819	(delta): -5.82077e-11
63 (QN/Block) 	Elapsed: 0.072	Loglikelihood: -185819	(delta): 5.82077e-11
64 (QN/Block) 	Elapsed: 0.073	Loglikelihood: -185819	(delta): -2.91038e-11
65 (QN/Block) 	Elapsed: 0.074	Loglikelihood: -185819	(delta): 0
66 (QN/Block) 	Elapsed: 0.075	Loglikelihood: -185819	(delta): 2.91038e-11
67 (QN/Block) 	Elapsed: 0.07	Loglikelihood: -185819	(delta): 0
68 (QN/Block) 	Elapsed: 0.074	Loglikelihood: -185819	(delta): 0
69 (QN/Block) 	Elapsed: 0.074	Loglikelihood: -185819	(delta): -2.91038e-11
70 (QN/Block) 	Elapsed: 0.076	Loglikelihood: -185819	(delta): 2.91038e-11
71 (QN/Block) 	Elapsed: 0.077	Loglikelihood: -185819	(delta): 0
72 (QN/Block) 	Elapsed: 0.076	Loglikelihood: -185819	(delta): 2.91038e-11
73 (QN/Block) 	Elapsed: 0.076	Loglikelihood: -185819	(delta): -2.91038e-11
74 (QN/Block) 	Elapsed: 0.071	Loglikelihood: -185819	(delta): 0
75 (QN/Block) 	Elapsed: 0.067	Loglikelihood: -185819	(delta): 2.91038e-11
76 (QN/Block) 	Elapsed: 0.072	Loglikelihood: -185819	(delta): -5.82077e-11
77 (QN/Block) 	Elapsed: 0.068	Loglikelihood: -185819	(delta): 2.91038e-11
78 (QN/Block) 	Elapsed: 0.078	Loglikelihood: -185819	(delta): -2.91038e-11
79 (QN/Block) 	Elapsed: 0.062	Loglikelihood: -185819	(delta): 0
80 (QN/Block) 	Elapsed: 0.069	Loglikelihood: -185819	(delta): 2.91038e-11
81 (QN/Block) 	Elapsed: 0.073	Loglikelihood: -185819	(delta): -2.91038e-11
82 (QN/Block) 	Elapsed: 0.07	Loglikelihood: -185819	(delta): 0
83 (QN/Block) 	Elapsed: 0.076	Loglikelihood: -185819	(delta): 0
84 (QN/Block) 	Elapsed: 0.078	Loglikelihood: -185819	(delta): 0
85 (QN/Block) 	Elapsed: 0.076	Loglikelihood: -185819	(delta): -2.91038e-11
86 (QN/Block) 	Elapsed: 0.076	Loglikelihood: -185819	(delta): 0
87 (QN/Block) 	Elapsed: 0.078	Loglikelihood: -185819	(delta): 2.91038e-11
88 (QN/Block) 	Elapsed: 0.077	Loglikelihood: -185819	(delta): 0
89 (QN/Block) 	Elapsed: 0.074	Loglikelihood: -185819	(delta): -2.91038e-11
90 (QN/Block) 	Elapsed: 0.071	Loglikelihood: -185819	(delta): 2.91038e-11
91 (QN/Block) 	Elapsed: 0.076	Loglikelihood: -185819	(delta): 0
92 (QN/Block) 	Elapsed: 0.079	Loglikelihood: -185819	(delta): 0
93 (QN/Block) 	Elapsed: 0.069	Loglikelihood: -185819	(delta): 0
94 (QN/Block) 	Elapsed: 0.066	Loglikelihood: -185819	(delta): 0
95 (QN/Block) 	Elapsed: 0.07	Loglikelihood: -185819	(delta): 0
96 (QN/Block) 	Elapsed: 0.068	Loglikelihood: -185819	(delta): 0
97 (QN/Block) 	Elapsed: 0.068	Loglikelihood: -185819	(delta): 0
98 (QN/Block) 	Elapsed: 0.067	Loglikelihood: -185819	(delta): 0
99 (QN/Block) 	Elapsed: 0.067	Loglikelihood: -185819	(delta): -2.91038e-11
100 (QN/Block) 	Elapsed: 0.077	Loglikelihood: -185819	(delta): 2.91038e-11
Summary: 
Converged in 100 iterations (7.566 sec)
Loglikelihood: -185818.681823
Fst divergences between estimated populations: 
	Pop0	Pop1	Pop2	
Pop0	
Pop1	0.343	
Pop2	0.359	0.053	
Pop3	0.352	0.043	0.056	
CV error (K=4): 0.23222
Writing output files.
