****                   ADMIXTURE Version 1.3.0                  ****
****                    Copyright 2008-2015                     ****
****           David Alexander, Suyash Shringarpure,            ****
****                John  Novembre, Ken Lange                   ****
****                                                            ****
****                 Please cite our paper!                     ****
****   Information at www.genetics.ucla.edu/software/admixture  ****

Parallel execution requested.  Will use 8 threads.
Cross-validation will be performed.  Folds=10.
Random seed: 43
Point estimation method: Block relaxation algorithm
Convergence acceleration algorithm: QuasiNewton, 3 secant conditions
Point estimation will terminate at 100 iterations
Estimation of standard errors disabled; will compute point estimates only.
Size of G: 335x1606
Performing five EM steps to prime main algorithm
1 (EM) 	Elapsed: 0.06	Loglikelihood: -230438	(delta): 516821
2 (EM) 	Elapsed: 0.066	Loglikelihood: -218162	(delta): 12276.1
3 (EM) 	Elapsed: 0.066	Loglikelihood: -216037	(delta): 2124.12
4 (EM) 	Elapsed: 0.063	Loglikelihood: -214809	(delta): 1228.42
5 (EM) 	Elapsed: 0.074	Loglikelihood: -213856	(delta): 953.062
Initial loglikelihood: -213856
Starting main algorithm
1 (QN/Block) 	Elapsed: 0.088	Loglikelihood: -191318	(delta): 22538.3
2 (QN/Block) 	Elapsed: 0.096	Loglikelihood: -185915	(delta): 5402.49
3 (QN/Block) 	Elapsed: 0.092	Loglikelihood: -184377	(delta): 1538.57
4 (QN/Block) 	Elapsed: 0.113	Loglikelihood: -183436	(delta): 940.665
5 (QN/Block) 	Elapsed: 0.099	Loglikelihood: -183039	(delta): 397.462
6 (QN/Block) 	Elapsed: 0.104	Loglikelihood: -182858	(delta): 180.404
7 (QN/Block) 	Elapsed: 0.108	Loglikelihood: -182694	(delta): 164.279
8 (QN/Block) 	Elapsed: 0.104	Loglikelihood: -182443	(delta): 251.07
9 (QN/Block) 	Elapsed: 0.103	Loglikelihood: -182342	(delta): 101.022
10 (QN/Block) 	Elapsed: 0.098	Loglikelihood: -182297	(delta): 45.0294
11 (QN/Block) 	Elapsed: 0.096	Loglikelihood: -182281	(delta): 15.9372
12 (QN/Block) 	Elapsed: 0.098	Loglikelihood: -182269	(delta): 12.0489
13 (QN/Block) 	Elapsed: 0.096	Loglikelihood: -182262	(delta): 6.66545
14 (QN/Block) 	Elapsed: 0.093	Loglikelihood: -182260	(delta): 1.73799
15 (QN/Block) 	Elapsed: 0.107	Loglikelihood: -182260	(delta): 0.662007
16 (QN/Block) 	Elapsed: 0.112	Loglikelihood: -182259	(delta): 0.594487
17 (QN/Block) 	Elapsed: 0.098	Loglikelihood: -182258	(delta): 0.809347
18 (QN/Block) 	Elapsed: 0.183	Loglikelihood: -182257	(delta): 1.55807
19 (QN/Block) 	Elapsed: 0.163	Loglikelihood: -182256	(delta): 0.758456
20 (QN/Block) 	Elapsed: 0.103	Loglikelihood: -182255	(delta): 0.941699
21 (QN/Block) 	Elapsed: 0.159	Loglikelihood: -182253	(delta): 2.36694
22 (QN/Block) 	Elapsed: 0.129	Loglikelihood: -182252	(delta): 0.555412
23 (QN/Block) 	Elapsed: 0.116	Loglikelihood: -182252	(delta): 0.581971
24 (QN/Block) 	Elapsed: 0.148	Loglikelihood: -182250	(delta): 1.28639
25 (QN/Block) 	Elapsed: 0.107	Loglikelihood: -182250	(delta): 0.283648
26 (QN/Block) 	Elapsed: 0.1	Loglikelihood: -182249	(delta): 0.458521
27 (QN/Block) 	Elapsed: 0.111	Loglikelihood: -182249	(delta): 0.19342
28 (QN/Block) 	Elapsed: 0.099	Loglikelihood: -182249	(delta): 0.137305
29 (QN/Block) 	Elapsed: 0.115	Loglikelihood: -182249	(delta): 0.0434073
30 (QN/Block) 	Elapsed: 0.11	Loglikelihood: -182249	(delta): 0.0106015
31 (QN/Block) 	Elapsed: 0.123	Loglikelihood: -182249	(delta): 0.0032826
32 (QN/Block) 	Elapsed: 0.109	Loglikelihood: -182249	(delta): 0.000897086
33 (QN/Block) 	Elapsed: 0.132	Loglikelihood: -182249	(delta): 0.000108932
34 (QN/Block) 	Elapsed: 0.105	Loglikelihood: -182249	(delta): 8.45423e-06
35 (QN/Block) 	Elapsed: 0.114	Loglikelihood: -182249	(delta): 1.60796e-06
36 (QN/Block) 	Elapsed: 0.124	Loglikelihood: -182249	(delta): 1.49972e-07
37 (QN/Block) 	Elapsed: 0.143	Loglikelihood: -182249	(delta): 7.30506e-09
38 (QN/Block) 	Elapsed: 0.132	Loglikelihood: -182249	(delta): 1.42609e-09
39 (QN/Block) 	Elapsed: 0.13	Loglikelihood: -182249	(delta): 8.73115e-11
40 (QN/Block) 	Elapsed: 0.155	Loglikelihood: -182249	(delta): 5.82077e-11
41 (QN/Block) 	Elapsed: 0.137	Loglikelihood: -182249	(delta): 2.91038e-11
42 (QN/Block) 	Elapsed: 0.14	Loglikelihood: -182249	(delta): 2.91038e-11
43 (QN/Block) 	Elapsed: 0.144	Loglikelihood: -182249	(delta): -2.91038e-11
44 (QN/Block) 	Elapsed: 0.136	Loglikelihood: -182249	(delta): -2.91038e-11
45 (QN/Block) 	Elapsed: 0.136	Loglikelihood: -182249	(delta): 0
46 (QN/Block) 	Elapsed: 0.182	Loglikelihood: -182249	(delta): 2.91038e-11
47 (QN/Block) 	Elapsed: 0.138	Loglikelihood: -182249	(delta): -5.82077e-11
48 (QN/Block) 	Elapsed: 0.18	Loglikelihood: -182249	(delta): 2.91038e-11
49 (QN/Block) 	Elapsed: 0.142	Loglikelihood: -182249	(delta): 5.82077e-11
50 (QN/Block) 	Elapsed: 0.137	Loglikelihood: -182249	(delta): -5.82077e-11
51 (QN/Block) 	Elapsed: 0.15	Loglikelihood: -182249	(delta): 2.91038e-11
52 (QN/Block) 	Elapsed: 0.136	Loglikelihood: -182249	(delta): 0
53 (QN/Block) 	Elapsed: 0.161	Loglikelihood: -182249	(delta): -2.91038e-11
54 (QN/Block) 	Elapsed: 0.184	Loglikelihood: -182249	(delta): 0
55 (QN/Block) 	Elapsed: 0.145	Loglikelihood: -182249	(delta): 2.91038e-11
56 (QN/Block) 	Elapsed: 0.171	Loglikelihood: -182249	(delta): 0
57 (QN/Block) 	Elapsed: 0.136	Loglikelihood: -182249	(delta): 2.91038e-11
58 (QN/Block) 	Elapsed: 0.181	Loglikelihood: -182249	(delta): -5.82077e-11
59 (QN/Block) 	Elapsed: 0.149	Loglikelihood: -182249	(delta): 5.82077e-11
60 (QN/Block) 	Elapsed: 0.132	Loglikelihood: -182249	(delta): -2.91038e-11
61 (QN/Block) 	Elapsed: 0.131	Loglikelihood: -182249	(delta): 0
62 (QN/Block) 	Elapsed: 0.147	Loglikelihood: -182249	(delta): -2.91038e-11
63 (QN/Block) 	Elapsed: 0.135	Loglikelihood: -182249	(delta): 2.91038e-11
64 (QN/Block) 	Elapsed: 0.127	Loglikelihood: -182249	(delta): 0
65 (QN/Block) 	Elapsed: 0.125	Loglikelihood: -182249	(delta): -5.82077e-11
66 (QN/Block) 	Elapsed: 0.127	Loglikelihood: -182249	(delta): 5.82077e-11
67 (QN/Block) 	Elapsed: 0.123	Loglikelihood: -182249	(delta): 2.91038e-11
68 (QN/Block) 	Elapsed: 0.12	Loglikelihood: -182249	(delta): -5.82077e-11
69 (QN/Block) 	Elapsed: 0.149	Loglikelihood: -182249	(delta): 2.91038e-11
70 (QN/Block) 	Elapsed: 0.155	Loglikelihood: -182249	(delta): 0
71 (QN/Block) 	Elapsed: 0.123	Loglikelihood: -182249	(delta): 0
72 (QN/Block) 	Elapsed: 0.148	Loglikelihood: -182249	(delta): 0
73 (QN/Block) 	Elapsed: 0.155	Loglikelihood: -182249	(delta): 0
74 (QN/Block) 	Elapsed: 0.142	Loglikelihood: -182249	(delta): -2.91038e-11
75 (QN/Block) 	Elapsed: 0.147	Loglikelihood: -182249	(delta): 0
76 (QN/Block) 	Elapsed: 0.141	Loglikelihood: -182249	(delta): 2.91038e-11
77 (QN/Block) 	Elapsed: 0.137	Loglikelihood: -182249	(delta): 0
78 (QN/Block) 	Elapsed: 0.13	Loglikelihood: -182249	(delta): 0
79 (QN/Block) 	Elapsed: 0.117	Loglikelihood: -182249	(delta): -2.91038e-11
80 (QN/Block) 	Elapsed: 0.136	Loglikelihood: -182249	(delta): 2.91038e-11
81 (QN/Block) 	Elapsed: 0.13	Loglikelihood: -182249	(delta): -2.91038e-11
82 (QN/Block) 	Elapsed: 0.208	Loglikelihood: -182249	(delta): 2.91038e-11
83 (QN/Block) 	Elapsed: 0.113	Loglikelihood: -182249	(delta): -2.91038e-11
84 (QN/Block) 	Elapsed: 0.107	Loglikelihood: -182249	(delta): 2.91038e-11
85 (QN/Block) 	Elapsed: 0.107	Loglikelihood: -182249	(delta): -2.91038e-11
86 (QN/Block) 	Elapsed: 0.107	Loglikelihood: -182249	(delta): 0
87 (QN/Block) 	Elapsed: 0.121	Loglikelihood: -182249	(delta): 0
88 (QN/Block) 	Elapsed: 0.151	Loglikelihood: -182249	(delta): 0
89 (QN/Block) 	Elapsed: 0.107	Loglikelihood: -182249	(delta): 0
90 (QN/Block) 	Elapsed: 0.109	Loglikelihood: -182249	(delta): 2.91038e-11
91 (QN/Block) 	Elapsed: 0.115	Loglikelihood: -182249	(delta): 0
92 (QN/Block) 	Elapsed: 0.1	Loglikelihood: -182249	(delta): 0
93 (QN/Block) 	Elapsed: 0.111	Loglikelihood: -182249	(delta): 0
94 (QN/Block) 	Elapsed: 0.108	Loglikelihood: -182249	(delta): 0
95 (QN/Block) 	Elapsed: 0.11	Loglikelihood: -182249	(delta): 0
96 (QN/Block) 	Elapsed: 0.112	Loglikelihood: -182249	(delta): -2.91038e-11
97 (QN/Block) 	Elapsed: 0.138	Loglikelihood: -182249	(delta): 2.91038e-11
98 (QN/Block) 	Elapsed: 0.128	Loglikelihood: -182249	(delta): 0
99 (QN/Block) 	Elapsed: 0.104	Loglikelihood: -182249	(delta): -2.91038e-11
100 (QN/Block) 	Elapsed: 0.12	Loglikelihood: -182249	(delta): 2.91038e-11
Summary: 
Converged in 100 iterations (13.461 sec)
Loglikelihood: -182249.085990
Fst divergences between estimated populations: 
	Pop0	Pop1	Pop2	Pop3	Pop4	Pop5	
Pop0	
Pop1	0.099	
Pop2	0.115	0.075	
Pop3	0.434	0.381	0.400	
Pop4	0.397	0.350	0.366	0.156	
Pop5	0.142	0.098	0.120	0.396	0.366	
Pop6	0.100	0.064	0.078	0.395	0.363	0.117	
CV error (K=7): 0.23365
Writing output files.
