****                   ADMIXTURE Version 1.3.0                  ****
****                    Copyright 2008-2015                     ****
****           David Alexander, Suyash Shringarpure,            ****
****                John  Novembre, Ken Lange                   ****
****                                                            ****
****                 Please cite our paper!                     ****
****   Information at www.genetics.ucla.edu/software/admixture  ****

Parallel execution requested.  Will use 8 threads.
Cross-validation will be performed.  Folds=10.
Random seed: 43
Point estimation method: Block relaxation algorithm
Convergence acceleration algorithm: QuasiNewton, 3 secant conditions
Point estimation will terminate at 100 iterations
Estimation of standard errors disabled; will compute point estimates only.
Size of G: 335x1606
Performing five EM steps to prime main algorithm
1 (EM) 	Elapsed: 0.091	Loglikelihood: -230208	(delta): 504181
2 (EM) 	Elapsed: 0.171	Loglikelihood: -217474	(delta): 12733.6
3 (EM) 	Elapsed: 0.094	Loglikelihood: -215499	(delta): 1975.5
4 (EM) 	Elapsed: 0.094	Loglikelihood: -214369	(delta): 1130.33
5 (EM) 	Elapsed: 0.093	Loglikelihood: -213451	(delta): 917.903
Initial loglikelihood: -213451
Starting main algorithm
1 (QN/Block) 	Elapsed: 0.127	Loglikelihood: -189347	(delta): 24103.3
2 (QN/Block) 	Elapsed: 0.14	Loglikelihood: -184024	(delta): 5323.78
3 (QN/Block) 	Elapsed: 0.361	Loglikelihood: -182232	(delta): 1791.87
4 (QN/Block) 	Elapsed: 0.171	Loglikelihood: -180993	(delta): 1238.31
5 (QN/Block) 	Elapsed: 0.159	Loglikelihood: -180138	(delta): 855.697
6 (QN/Block) 	Elapsed: 0.192	Loglikelihood: -179688	(delta): 449.7
7 (QN/Block) 	Elapsed: 0.197	Loglikelihood: -179460	(delta): 228.207
8 (QN/Block) 	Elapsed: 0.162	Loglikelihood: -179350	(delta): 109.551
9 (QN/Block) 	Elapsed: 0.159	Loglikelihood: -179288	(delta): 62.5241
10 (QN/Block) 	Elapsed: 0.155	Loglikelihood: -179224	(delta): 64.1624
11 (QN/Block) 	Elapsed: 0.16	Loglikelihood: -179173	(delta): 51.0136
12 (QN/Block) 	Elapsed: 0.182	Loglikelihood: -179144	(delta): 28.6286
13 (QN/Block) 	Elapsed: 0.179	Loglikelihood: -179125	(delta): 18.5859
14 (QN/Block) 	Elapsed: 0.163	Loglikelihood: -179110	(delta): 15.2013
15 (QN/Block) 	Elapsed: 0.152	Loglikelihood: -179103	(delta): 7.17694
16 (QN/Block) 	Elapsed: 0.159	Loglikelihood: -179087	(delta): 16.047
17 (QN/Block) 	Elapsed: 0.187	Loglikelihood: -179082	(delta): 4.66557
18 (QN/Block) 	Elapsed: 0.172	Loglikelihood: -179079	(delta): 2.86914
19 (QN/Block) 	Elapsed: 0.168	Loglikelihood: -179077	(delta): 2.22109
20 (QN/Block) 	Elapsed: 0.165	Loglikelihood: -179075	(delta): 2.03549
21 (QN/Block) 	Elapsed: 0.171	Loglikelihood: -179074	(delta): 1.65996
22 (QN/Block) 	Elapsed: 0.163	Loglikelihood: -179072	(delta): 1.16887
23 (QN/Block) 	Elapsed: 0.164	Loglikelihood: -179071	(delta): 1.18825
24 (QN/Block) 	Elapsed: 0.154	Loglikelihood: -179069	(delta): 1.80472
25 (QN/Block) 	Elapsed: 0.139	Loglikelihood: -179068	(delta): 1.40202
26 (QN/Block) 	Elapsed: 0.144	Loglikelihood: -179067	(delta): 1.28754
27 (QN/Block) 	Elapsed: 0.142	Loglikelihood: -179066	(delta): 0.335157
28 (QN/Block) 	Elapsed: 0.145	Loglikelihood: -179066	(delta): 0.357669
29 (QN/Block) 	Elapsed: 0.161	Loglikelihood: -179066	(delta): 0.392147
30 (QN/Block) 	Elapsed: 0.173	Loglikelihood: -179065	(delta): 0.676405
31 (QN/Block) 	Elapsed: 0.215	Loglikelihood: -179065	(delta): 0.345322
32 (QN/Block) 	Elapsed: 0.196	Loglikelihood: -179064	(delta): 0.3656
33 (QN/Block) 	Elapsed: 0.169	Loglikelihood: -179064	(delta): 0.262066
34 (QN/Block) 	Elapsed: 0.144	Loglikelihood: -179064	(delta): 0.198945
35 (QN/Block) 	Elapsed: 0.14	Loglikelihood: -179063	(delta): 0.485136
36 (QN/Block) 	Elapsed: 0.156	Loglikelihood: -179063	(delta): 0.181169
37 (QN/Block) 	Elapsed: 0.134	Loglikelihood: -179063	(delta): 0.215398
38 (QN/Block) 	Elapsed: 0.15	Loglikelihood: -179063	(delta): 0.150541
39 (QN/Block) 	Elapsed: 0.179	Loglikelihood: -179063	(delta): 0.110307
40 (QN/Block) 	Elapsed: 0.162	Loglikelihood: -179062	(delta): 0.156558
41 (QN/Block) 	Elapsed: 0.134	Loglikelihood: -179062	(delta): 0.2294
42 (QN/Block) 	Elapsed: 0.148	Loglikelihood: -179062	(delta): 0.353886
43 (QN/Block) 	Elapsed: 0.148	Loglikelihood: -179062	(delta): 0.229335
44 (QN/Block) 	Elapsed: 0.16	Loglikelihood: -179060	(delta): 1.52629
45 (QN/Block) 	Elapsed: 0.163	Loglikelihood: -179060	(delta): 0.276596
46 (QN/Block) 	Elapsed: 0.143	Loglikelihood: -179059	(delta): 0.531425
47 (QN/Block) 	Elapsed: 0.144	Loglikelihood: -179058	(delta): 0.817931
48 (QN/Block) 	Elapsed: 0.142	Loglikelihood: -179057	(delta): 1.79887
49 (QN/Block) 	Elapsed: 0.14	Loglikelihood: -179055	(delta): 2.16702
50 (QN/Block) 	Elapsed: 0.146	Loglikelihood: -179052	(delta): 2.10997
51 (QN/Block) 	Elapsed: 0.132	Loglikelihood: -179051	(delta): 1.69858
52 (QN/Block) 	Elapsed: 0.14	Loglikelihood: -179050	(delta): 1.1487
53 (QN/Block) 	Elapsed: 0.138	Loglikelihood: -179049	(delta): 0.562214
54 (QN/Block) 	Elapsed: 0.155	Loglikelihood: -179049	(delta): 0.395796
55 (QN/Block) 	Elapsed: 0.151	Loglikelihood: -179048	(delta): 0.396808
56 (QN/Block) 	Elapsed: 0.165	Loglikelihood: -179048	(delta): 0.591822
57 (QN/Block) 	Elapsed: 0.167	Loglikelihood: -179047	(delta): 0.417264
58 (QN/Block) 	Elapsed: 0.193	Loglikelihood: -179047	(delta): 0.335352
59 (QN/Block) 	Elapsed: 0.194	Loglikelihood: -179047	(delta): 0.213887
60 (QN/Block) 	Elapsed: 0.179	Loglikelihood: -179046	(delta): 0.299976
61 (QN/Block) 	Elapsed: 0.226	Loglikelihood: -179046	(delta): 0.149271
62 (QN/Block) 	Elapsed: 0.18	Loglikelihood: -179046	(delta): 0.165895
63 (QN/Block) 	Elapsed: 0.179	Loglikelihood: -179046	(delta): 0.211929
64 (QN/Block) 	Elapsed: 0.156	Loglikelihood: -179046	(delta): 0.22784
65 (QN/Block) 	Elapsed: 0.165	Loglikelihood: -179045	(delta): 0.235042
66 (QN/Block) 	Elapsed: 0.146	Loglikelihood: -179045	(delta): 0.2004
67 (QN/Block) 	Elapsed: 0.157	Loglikelihood: -179044	(delta): 1.20469
68 (QN/Block) 	Elapsed: 0.156	Loglikelihood: -179043	(delta): 1.44912
69 (QN/Block) 	Elapsed: 0.188	Loglikelihood: -179041	(delta): 1.01948
70 (QN/Block) 	Elapsed: 0.163	Loglikelihood: -179041	(delta): 0.651802
71 (QN/Block) 	Elapsed: 0.158	Loglikelihood: -179040	(delta): 0.82638
72 (QN/Block) 	Elapsed: 0.174	Loglikelihood: -179039	(delta): 0.694334
73 (QN/Block) 	Elapsed: 0.15	Loglikelihood: -179039	(delta): 0.585603
74 (QN/Block) 	Elapsed: 0.15	Loglikelihood: -179038	(delta): 0.415664
75 (QN/Block) 	Elapsed: 0.18	Loglikelihood: -179038	(delta): 0.798233
76 (QN/Block) 	Elapsed: 0.16	Loglikelihood: -179037	(delta): 0.348627
77 (QN/Block) 	Elapsed: 0.163	Loglikelihood: -179037	(delta): 0.165941
78 (QN/Block) 	Elapsed: 0.183	Loglikelihood: -179037	(delta): 0.140222
79 (QN/Block) 	Elapsed: 0.177	Loglikelihood: -179037	(delta): 0.350171
80 (QN/Block) 	Elapsed: 0.338	Loglikelihood: -179036	(delta): 0.168845
81 (QN/Block) 	Elapsed: 0.184	Loglikelihood: -179036	(delta): 0.153265
82 (QN/Block) 	Elapsed: 0.179	Loglikelihood: -179036	(delta): 0.092842
83 (QN/Block) 	Elapsed: 0.178	Loglikelihood: -179036	(delta): 0.0491643
84 (QN/Block) 	Elapsed: 0.187	Loglikelihood: -179036	(delta): 0.030525
85 (QN/Block) 	Elapsed: 0.149	Loglikelihood: -179036	(delta): 0.0543737
86 (QN/Block) 	Elapsed: 0.152	Loglikelihood: -179036	(delta): 0.0198041
87 (QN/Block) 	Elapsed: 0.148	Loglikelihood: -179036	(delta): 0.00452211
88 (QN/Block) 	Elapsed: 0.155	Loglikelihood: -179036	(delta): 0.00278005
89 (QN/Block) 	Elapsed: 0.16	Loglikelihood: -179036	(delta): 0.00107412
90 (QN/Block) 	Elapsed: 0.164	Loglikelihood: -179036	(delta): 0.00114686
91 (QN/Block) 	Elapsed: 0.157	Loglikelihood: -179036	(delta): 0.000510029
92 (QN/Block) 	Elapsed: 0.147	Loglikelihood: -179036	(delta): 0.00046326
93 (QN/Block) 	Elapsed: 0.163	Loglikelihood: -179036	(delta): 0.000126817
94 (QN/Block) 	Elapsed: 0.148	Loglikelihood: -179036	(delta): 0.000112227
95 (QN/Block) 	Elapsed: 0.14	Loglikelihood: -179036	(delta): 3.78777e-05
96 (QN/Block) 	Elapsed: 0.151	Loglikelihood: -179036	(delta): 7.46111e-05
97 (QN/Block) 	Elapsed: 0.155	Loglikelihood: -179036	(delta): 1.06999e-05
98 (QN/Block) 	Elapsed: 0.144	Loglikelihood: -179036	(delta): 9.03729e-06
99 (QN/Block) 	Elapsed: 0.149	Loglikelihood: -179036	(delta): 1.80351e-06
100 (QN/Block) 	Elapsed: 0.149	Loglikelihood: -179036	(delta): 2.31841e-07
Summary: 
Converged in 100 iterations (17.471 sec)
Loglikelihood: -179035.934981
Fst divergences between estimated populations: 
	Pop0	Pop1	Pop2	Pop3	Pop4	Pop5	Pop6	Pop7	Pop8	
Pop0	
Pop1	0.383	
Pop2	0.356	0.101	
Pop3	0.371	0.099	0.072	
Pop4	0.395	0.144	0.132	0.140	
Pop5	0.394	0.123	0.131	0.145	0.185	
Pop6	0.150	0.416	0.386	0.400	0.427	0.421	
Pop7	0.380	0.062	0.088	0.099	0.143	0.118	0.408	
Pop8	0.388	0.182	0.148	0.164	0.198	0.200	0.412	0.178	
Pop9	0.376	0.098	0.074	0.099	0.129	0.128	0.410	0.093	0.166	
CV error (K=10): 0.23819
Writing output files.
