****                   ADMIXTURE Version 1.3.0                  ****
****                    Copyright 2008-2015                     ****
****           David Alexander, Suyash Shringarpure,            ****
****                John  Novembre, Ken Lange                   ****
****                                                            ****
****                 Please cite our paper!                     ****
****   Information at www.genetics.ucla.edu/software/admixture  ****

Parallel execution requested.  Will use 8 threads.
Cross-validation will be performed.  Folds=10.
Random seed: 43
Point estimation method: Block relaxation algorithm
Convergence acceleration algorithm: QuasiNewton, 3 secant conditions
Point estimation will terminate at 100 iterations
Estimation of standard errors disabled; will compute point estimates only.
Size of G: 98x940
Performing five EM steps to prime main algorithm
1 (EM) 	Elapsed: 0.014	Loglikelihood: -48377.1	(delta): 78751.6
2 (EM) 	Elapsed: 0.013	Loglikelihood: -45313.4	(delta): 3063.7
3 (EM) 	Elapsed: 0.013	Loglikelihood: -44671.5	(delta): 641.963
4 (EM) 	Elapsed: 0.013	Loglikelihood: -44264	(delta): 407.466
5 (EM) 	Elapsed: 0.014	Loglikelihood: -43931.5	(delta): 332.48
Initial loglikelihood: -43931.5
Starting main algorithm
1 (QN/Block) 	Elapsed: 0.019	Loglikelihood: -38702.8	(delta): 5228.7
2 (QN/Block) 	Elapsed: 0.021	Loglikelihood: -37548	(delta): 1154.85
3 (QN/Block) 	Elapsed: 0.022	Loglikelihood: -37050	(delta): 497.946
4 (QN/Block) 	Elapsed: 0.021	Loglikelihood: -36660.1	(delta): 389.883
5 (QN/Block) 	Elapsed: 0.023	Loglikelihood: -36475.2	(delta): 184.941
6 (QN/Block) 	Elapsed: 0.021	Loglikelihood: -36412.5	(delta): 62.6731
7 (QN/Block) 	Elapsed: 0.024	Loglikelihood: -36381.6	(delta): 30.9237
8 (QN/Block) 	Elapsed: 0.031	Loglikelihood: -36362.4	(delta): 19.2081
9 (QN/Block) 	Elapsed: 0.032	Loglikelihood: -36342.1	(delta): 20.2711
10 (QN/Block) 	Elapsed: 0.03	Loglikelihood: -36326.3	(delta): 15.7859
11 (QN/Block) 	Elapsed: 0.035	Loglikelihood: -36313.9	(delta): 12.475
12 (QN/Block) 	Elapsed: 0.031	Loglikelihood: -36303.4	(delta): 10.4966
13 (QN/Block) 	Elapsed: 0.025	Loglikelihood: -36296.2	(delta): 7.21947
14 (QN/Block) 	Elapsed: 0.033	Loglikelihood: -36288.4	(delta): 7.70378
15 (QN/Block) 	Elapsed: 0.035	Loglikelihood: -36283.8	(delta): 4.67858
16 (QN/Block) 	Elapsed: 0.031	Loglikelihood: -36278.5	(delta): 5.23773
17 (QN/Block) 	Elapsed: 0.033	Loglikelihood: -36271.7	(delta): 6.79162
18 (QN/Block) 	Elapsed: 0.032	Loglikelihood: -36264	(delta): 7.71167
19 (QN/Block) 	Elapsed: 0.033	Loglikelihood: -36258.6	(delta): 5.4211
20 (QN/Block) 	Elapsed: 0.031	Loglikelihood: -36256.4	(delta): 2.20541
21 (QN/Block) 	Elapsed: 0.026	Loglikelihood: -36255.9	(delta): 0.52339
22 (QN/Block) 	Elapsed: 0.028	Loglikelihood: -36255.5	(delta): 0.406676
23 (QN/Block) 	Elapsed: 0.029	Loglikelihood: -36255.3	(delta): 0.20164
24 (QN/Block) 	Elapsed: 0.031	Loglikelihood: -36255	(delta): 0.237655
25 (QN/Block) 	Elapsed: 0.032	Loglikelihood: -36254.5	(delta): 0.556117
26 (QN/Block) 	Elapsed: 0.033	Loglikelihood: -36253.9	(delta): 0.544394
27 (QN/Block) 	Elapsed: 0.033	Loglikelihood: -36253.9	(delta): 0.0251487
28 (QN/Block) 	Elapsed: 0.034	Loglikelihood: -36253.8	(delta): 0.060861
29 (QN/Block) 	Elapsed: 0.035	Loglikelihood: -36253.8	(delta): 0.0167797
30 (QN/Block) 	Elapsed: 0.033	Loglikelihood: -36253.8	(delta): 0.00413799
31 (QN/Block) 	Elapsed: 0.033	Loglikelihood: -36253.8	(delta): 0.000372014
32 (QN/Block) 	Elapsed: 0.025	Loglikelihood: -36253.8	(delta): 0.000157095
33 (QN/Block) 	Elapsed: 0.025	Loglikelihood: -36253.8	(delta): 5.07036e-05
34 (QN/Block) 	Elapsed: 0.026	Loglikelihood: -36253.8	(delta): 1.75807e-05
35 (QN/Block) 	Elapsed: 0.026	Loglikelihood: -36253.8	(delta): 3.6142e-06
36 (QN/Block) 	Elapsed: 0.026	Loglikelihood: -36253.8	(delta): 3.43774e-07
37 (QN/Block) 	Elapsed: 0.024	Loglikelihood: -36253.8	(delta): 5.2758e-08
38 (QN/Block) 	Elapsed: 0.04	Loglikelihood: -36253.8	(delta): 1.41663e-08
39 (QN/Block) 	Elapsed: 0.034	Loglikelihood: -36253.8	(delta): 9.60426e-10
40 (QN/Block) 	Elapsed: 0.037	Loglikelihood: -36253.8	(delta): 9.45874e-11
41 (QN/Block) 	Elapsed: 0.038	Loglikelihood: -36253.8	(delta): 7.27596e-12
42 (QN/Block) 	Elapsed: 0.034	Loglikelihood: -36253.8	(delta): 0
43 (QN/Block) 	Elapsed: 0.034	Loglikelihood: -36253.8	(delta): 1.45519e-11
44 (QN/Block) 	Elapsed: 0.035	Loglikelihood: -36253.8	(delta): 0
45 (QN/Block) 	Elapsed: 0.036	Loglikelihood: -36253.8	(delta): -7.27596e-12
46 (QN/Block) 	Elapsed: 0.039	Loglikelihood: -36253.8	(delta): 0
47 (QN/Block) 	Elapsed: 0.031	Loglikelihood: -36253.8	(delta): 7.27596e-12
48 (QN/Block) 	Elapsed: 0.037	Loglikelihood: -36253.8	(delta): 0
49 (QN/Block) 	Elapsed: 0.035	Loglikelihood: -36253.8	(delta): -7.27596e-12
50 (QN/Block) 	Elapsed: 0.037	Loglikelihood: -36253.8	(delta): 7.27596e-12
51 (QN/Block) 	Elapsed: 0.034	Loglikelihood: -36253.8	(delta): 0
52 (QN/Block) 	Elapsed: 0.03	Loglikelihood: -36253.8	(delta): 0
53 (QN/Block) 	Elapsed: 0.033	Loglikelihood: -36253.8	(delta): 0
54 (QN/Block) 	Elapsed: 0.03	Loglikelihood: -36253.8	(delta): 7.27596e-12
55 (QN/Block) 	Elapsed: 0.033	Loglikelihood: -36253.8	(delta): -7.27596e-12
56 (QN/Block) 	Elapsed: 0.03	Loglikelihood: -36253.8	(delta): 0
57 (QN/Block) 	Elapsed: 0.035	Loglikelihood: -36253.8	(delta): 0
58 (QN/Block) 	Elapsed: 0.034	Loglikelihood: -36253.8	(delta): 0
59 (QN/Block) 	Elapsed: 0.028	Loglikelihood: -36253.8	(delta): 0
60 (QN/Block) 	Elapsed: 0.032	Loglikelihood: -36253.8	(delta): -7.27596e-12
61 (QN/Block) 	Elapsed: 0.028	Loglikelihood: -36253.8	(delta): 1.45519e-11
62 (QN/Block) 	Elapsed: 0.029	Loglikelihood: -36253.8	(delta): -7.27596e-12
63 (QN/Block) 	Elapsed: 0.028	Loglikelihood: -36253.8	(delta): 0
64 (QN/Block) 	Elapsed: 0.032	Loglikelihood: -36253.8	(delta): 0
65 (QN/Block) 	Elapsed: 0.035	Loglikelihood: -36253.8	(delta): 0
66 (QN/Block) 	Elapsed: 0.034	Loglikelihood: -36253.8	(delta): -7.27596e-12
67 (QN/Block) 	Elapsed: 0.034	Loglikelihood: -36253.8	(delta): 7.27596e-12
68 (QN/Block) 	Elapsed: 0.037	Loglikelihood: -36253.8	(delta): 0
69 (QN/Block) 	Elapsed: 0.04	Loglikelihood: -36253.8	(delta): -7.27596e-12
70 (QN/Block) 	Elapsed: 0.038	Loglikelihood: -36253.8	(delta): 7.27596e-12
71 (QN/Block) 	Elapsed: 0.037	Loglikelihood: -36253.8	(delta): -7.27596e-12
72 (QN/Block) 	Elapsed: 0.036	Loglikelihood: -36253.8	(delta): 0
73 (QN/Block) 	Elapsed: 0.04	Loglikelihood: -36253.8	(delta): 0
74 (QN/Block) 	Elapsed: 0.037	Loglikelihood: -36253.8	(delta): 7.27596e-12
75 (QN/Block) 	Elapsed: 0.038	Loglikelihood: -36253.8	(delta): 0
76 (QN/Block) 	Elapsed: 0.039	Loglikelihood: -36253.8	(delta): 0
77 (QN/Block) 	Elapsed: 0.038	Loglikelihood: -36253.8	(delta): -7.27596e-12
78 (QN/Block) 	Elapsed: 0.037	Loglikelihood: -36253.8	(delta): 7.27596e-12
79 (QN/Block) 	Elapsed: 0.034	Loglikelihood: -36253.8	(delta): 0
80 (QN/Block) 	Elapsed: 0.031	Loglikelihood: -36253.8	(delta): 0
81 (QN/Block) 	Elapsed: 0.03	Loglikelihood: -36253.8	(delta): -7.27596e-12
82 (QN/Block) 	Elapsed: 0.035	Loglikelihood: -36253.8	(delta): 7.27596e-12
83 (QN/Block) 	Elapsed: 0.031	Loglikelihood: -36253.8	(delta): 0
84 (QN/Block) 	Elapsed: 0.033	Loglikelihood: -36253.8	(delta): -7.27596e-12
85 (QN/Block) 	Elapsed: 0.034	Loglikelihood: -36253.8	(delta): 7.27596e-12
86 (QN/Block) 	Elapsed: 0.035	Loglikelihood: -36253.8	(delta): 0
87 (QN/Block) 	Elapsed: 0.033	Loglikelihood: -36253.8	(delta): 0
88 (QN/Block) 	Elapsed: 0.034	Loglikelihood: -36253.8	(delta): -7.27596e-12
89 (QN/Block) 	Elapsed: 0.034	Loglikelihood: -36253.8	(delta): 7.27596e-12
90 (QN/Block) 	Elapsed: 0.033	Loglikelihood: -36253.8	(delta): 0
91 (QN/Block) 	Elapsed: 0.033	Loglikelihood: -36253.8	(delta): 0
92 (QN/Block) 	Elapsed: 0.031	Loglikelihood: -36253.8	(delta): -7.27596e-12
93 (QN/Block) 	Elapsed: 0.033	Loglikelihood: -36253.8	(delta): 0
94 (QN/Block) 	Elapsed: 0.03	Loglikelihood: -36253.8	(delta): 7.27596e-12
95 (QN/Block) 	Elapsed: 0.031	Loglikelihood: -36253.8	(delta): 0
96 (QN/Block) 	Elapsed: 0.036	Loglikelihood: -36253.8	(delta): -7.27596e-12
97 (QN/Block) 	Elapsed: 0.033	Loglikelihood: -36253.8	(delta): 0
98 (QN/Block) 	Elapsed: 0.038	Loglikelihood: -36253.8	(delta): 7.27596e-12
99 (QN/Block) 	Elapsed: 0.034	Loglikelihood: -36253.8	(delta): 0
100 (QN/Block) 	Elapsed: 0.033	Loglikelihood: -36253.8	(delta): 0
Summary: 
Converged in 100 iterations (3.409 sec)
Loglikelihood: -36253.826193
Fst divergences between estimated populations: 
	Pop0	Pop1	Pop2	Pop3	Pop4	Pop5	Pop6	Pop7	Pop8	
Pop0	
Pop1	0.108	
Pop2	0.096	0.095	
Pop3	0.251	0.261	0.258	
Pop4	0.089	0.111	0.088	0.270	
Pop5	0.222	0.234	0.236	0.119	0.238	
Pop6	0.094	0.110	0.101	0.259	0.105	0.234	
Pop7	0.222	0.243	0.239	0.129	0.237	0.104	0.236	
Pop8	0.229	0.248	0.248	0.163	0.242	0.113	0.238	0.131	
Pop9	0.094	0.108	0.094	0.253	0.110	0.230	0.099	0.229	0.240	
CV error (K=10): 0.43855
Writing output files.
