****                   ADMIXTURE Version 1.3.0                  ****
****                    Copyright 2008-2015                     ****
****           David Alexander, Suyash Shringarpure,            ****
****                John  Novembre, Ken Lange                   ****
****                                                            ****
****                 Please cite our paper!                     ****
****   Information at www.genetics.ucla.edu/software/admixture  ****

Parallel execution requested.  Will use 8 threads.
Cross-validation will be performed.  Folds=10.
Random seed: 43
Point estimation method: Block relaxation algorithm
Convergence acceleration algorithm: QuasiNewton, 3 secant conditions
Point estimation will terminate at 100 iterations
Estimation of standard errors disabled; will compute point estimates only.
Size of G: 98x940
Performing five EM steps to prime main algorithm
1 (EM) 	Elapsed: 0.007	Loglikelihood: -48560.7	(delta): 84987
2 (EM) 	Elapsed: 0.007	Loglikelihood: -45699.8	(delta): 2860.91
3 (EM) 	Elapsed: 0.006	Loglikelihood: -45061.6	(delta): 638.232
4 (EM) 	Elapsed: 0.007	Loglikelihood: -44687.9	(delta): 373.68
5 (EM) 	Elapsed: 0.006	Loglikelihood: -44412.2	(delta): 275.713
Initial loglikelihood: -44412.2
Starting main algorithm
1 (QN/Block) 	Elapsed: 0.012	Loglikelihood: -40202	(delta): 4210.18
2 (QN/Block) 	Elapsed: 0.013	Loglikelihood: -39171.6	(delta): 1030.4
3 (QN/Block) 	Elapsed: 0.016	Loglikelihood: -38713	(delta): 458.591
4 (QN/Block) 	Elapsed: 0.012	Loglikelihood: -38477.9	(delta): 235.054
5 (QN/Block) 	Elapsed: 0.014	Loglikelihood: -38390.5	(delta): 87.4565
6 (QN/Block) 	Elapsed: 0.014	Loglikelihood: -38360.1	(delta): 30.4048
7 (QN/Block) 	Elapsed: 0.015	Loglikelihood: -38349.9	(delta): 10.1787
8 (QN/Block) 	Elapsed: 0.013	Loglikelihood: -38346.1	(delta): 3.83432
9 (QN/Block) 	Elapsed: 0.014	Loglikelihood: -38344.3	(delta): 1.75816
10 (QN/Block) 	Elapsed: 0.013	Loglikelihood: -38343.4	(delta): 0.886504
11 (QN/Block) 	Elapsed: 0.014	Loglikelihood: -38341.8	(delta): 1.58434
12 (QN/Block) 	Elapsed: 0.014	Loglikelihood: -38339.9	(delta): 1.98046
13 (QN/Block) 	Elapsed: 0.018	Loglikelihood: -38338.3	(delta): 1.50787
14 (QN/Block) 	Elapsed: 0.018	Loglikelihood: -38337.8	(delta): 0.507115
15 (QN/Block) 	Elapsed: 0.019	Loglikelihood: -38337.6	(delta): 0.188628
16 (QN/Block) 	Elapsed: 0.019	Loglikelihood: -38337.6	(delta): 0.041959
17 (QN/Block) 	Elapsed: 0.016	Loglikelihood: -38337.6	(delta): 0.0122188
18 (QN/Block) 	Elapsed: 0.017	Loglikelihood: -38337.6	(delta): 0.0234938
19 (QN/Block) 	Elapsed: 0.017	Loglikelihood: -38337.5	(delta): 0.0324926
20 (QN/Block) 	Elapsed: 0.017	Loglikelihood: -38337.4	(delta): 0.121171
21 (QN/Block) 	Elapsed: 0.017	Loglikelihood: -38337.3	(delta): 0.131509
22 (QN/Block) 	Elapsed: 0.015	Loglikelihood: -38337.2	(delta): 0.0766555
23 (QN/Block) 	Elapsed: 0.016	Loglikelihood: -38337.2	(delta): 0.0390891
24 (QN/Block) 	Elapsed: 0.016	Loglikelihood: -38337.1	(delta): 0.0561259
25 (QN/Block) 	Elapsed: 0.016	Loglikelihood: -38337	(delta): 0.114055
26 (QN/Block) 	Elapsed: 0.015	Loglikelihood: -38336.8	(delta): 0.238683
27 (QN/Block) 	Elapsed: 0.015	Loglikelihood: -38336.5	(delta): 0.264341
28 (QN/Block) 	Elapsed: 0.015	Loglikelihood: -38336.3	(delta): 0.191701
29 (QN/Block) 	Elapsed: 0.017	Loglikelihood: -38336.2	(delta): 0.101095
30 (QN/Block) 	Elapsed: 0.019	Loglikelihood: -38336.1	(delta): 0.113156
31 (QN/Block) 	Elapsed: 0.019	Loglikelihood: -38335.9	(delta): 0.223821
32 (QN/Block) 	Elapsed: 0.018	Loglikelihood: -38335.4	(delta): 0.457155
33 (QN/Block) 	Elapsed: 0.019	Loglikelihood: -38334.8	(delta): 0.616618
34 (QN/Block) 	Elapsed: 0.017	Loglikelihood: -38334.7	(delta): 0.0766561
35 (QN/Block) 	Elapsed: 0.017	Loglikelihood: -38334.6	(delta): 0.0797313
36 (QN/Block) 	Elapsed: 0.015	Loglikelihood: -38334.5	(delta): 0.182623
37 (QN/Block) 	Elapsed: 0.018	Loglikelihood: -38334.2	(delta): 0.266015
38 (QN/Block) 	Elapsed: 0.019	Loglikelihood: -38333.8	(delta): 0.400328
39 (QN/Block) 	Elapsed: 0.017	Loglikelihood: -38333.5	(delta): 0.328804
40 (QN/Block) 	Elapsed: 0.018	Loglikelihood: -38333.3	(delta): 0.119752
41 (QN/Block) 	Elapsed: 0.017	Loglikelihood: -38333.3	(delta): 0.0736193
42 (QN/Block) 	Elapsed: 0.017	Loglikelihood: -38333.2	(delta): 0.0535781
43 (QN/Block) 	Elapsed: 0.018	Loglikelihood: -38333.2	(delta): 0.024319
44 (QN/Block) 	Elapsed: 0.018	Loglikelihood: -38333.2	(delta): 0.0107108
45 (QN/Block) 	Elapsed: 0.017	Loglikelihood: -38333.2	(delta): 0.00651267
46 (QN/Block) 	Elapsed: 0.016	Loglikelihood: -38333.2	(delta): 0.000297959
47 (QN/Block) 	Elapsed: 0.017	Loglikelihood: -38333.2	(delta): 2.1134e-05
48 (QN/Block) 	Elapsed: 0.017	Loglikelihood: -38333.2	(delta): 2.56603e-06
49 (QN/Block) 	Elapsed: 0.017	Loglikelihood: -38333.2	(delta): 2.05961e-06
50 (QN/Block) 	Elapsed: 0.017	Loglikelihood: -38333.2	(delta): 5.47851e-07
51 (QN/Block) 	Elapsed: 0.015	Loglikelihood: -38333.2	(delta): 6.54763e-08
52 (QN/Block) 	Elapsed: 0.016	Loglikelihood: -38333.2	(delta): 1.79207e-08
53 (QN/Block) 	Elapsed: 0.017	Loglikelihood: -38333.2	(delta): 5.96629e-09
54 (QN/Block) 	Elapsed: 0.017	Loglikelihood: -38333.2	(delta): 9.38599e-10
55 (QN/Block) 	Elapsed: 0.018	Loglikelihood: -38333.2	(delta): 3.56522e-10
56 (QN/Block) 	Elapsed: 0.019	Loglikelihood: -38333.2	(delta): 1.16415e-10
57 (QN/Block) 	Elapsed: 0.017	Loglikelihood: -38333.2	(delta): 3.63798e-11
58 (QN/Block) 	Elapsed: 0.02	Loglikelihood: -38333.2	(delta): 0
59 (QN/Block) 	Elapsed: 0.021	Loglikelihood: -38333.2	(delta): 7.27596e-12
60 (QN/Block) 	Elapsed: 0.021	Loglikelihood: -38333.2	(delta): 0
61 (QN/Block) 	Elapsed: 0.02	Loglikelihood: -38333.2	(delta): 0
62 (QN/Block) 	Elapsed: 0.019	Loglikelihood: -38333.2	(delta): 0
63 (QN/Block) 	Elapsed: 0.017	Loglikelihood: -38333.2	(delta): 0
64 (QN/Block) 	Elapsed: 0.016	Loglikelihood: -38333.2	(delta): 0
65 (QN/Block) 	Elapsed: 0.019	Loglikelihood: -38333.2	(delta): -7.27596e-12
66 (QN/Block) 	Elapsed: 0.018	Loglikelihood: -38333.2	(delta): 7.27596e-12
67 (QN/Block) 	Elapsed: 0.015	Loglikelihood: -38333.2	(delta): -7.27596e-12
68 (QN/Block) 	Elapsed: 0.018	Loglikelihood: -38333.2	(delta): 7.27596e-12
69 (QN/Block) 	Elapsed: 0.016	Loglikelihood: -38333.2	(delta): 0
70 (QN/Block) 	Elapsed: 0.018	Loglikelihood: -38333.2	(delta): -7.27596e-12
71 (QN/Block) 	Elapsed: 0.019	Loglikelihood: -38333.2	(delta): 0
72 (QN/Block) 	Elapsed: 0.018	Loglikelihood: -38333.2	(delta): 0
73 (QN/Block) 	Elapsed: 0.017	Loglikelihood: -38333.2	(delta): 7.27596e-12
74 (QN/Block) 	Elapsed: 0.019	Loglikelihood: -38333.2	(delta): 0
75 (QN/Block) 	Elapsed: 0.018	Loglikelihood: -38333.2	(delta): 0
76 (QN/Block) 	Elapsed: 0.019	Loglikelihood: -38333.2	(delta): -7.27596e-12
77 (QN/Block) 	Elapsed: 0.019	Loglikelihood: -38333.2	(delta): 0
78 (QN/Block) 	Elapsed: 0.019	Loglikelihood: -38333.2	(delta): 0
79 (QN/Block) 	Elapsed: 0.018	Loglikelihood: -38333.2	(delta): 0
80 (QN/Block) 	Elapsed: 0.019	Loglikelihood: -38333.2	(delta): 7.27596e-12
81 (QN/Block) 	Elapsed: 0.02	Loglikelihood: -38333.2	(delta): 0
82 (QN/Block) 	Elapsed: 0.021	Loglikelihood: -38333.2	(delta): 0
83 (QN/Block) 	Elapsed: 0.018	Loglikelihood: -38333.2	(delta): -7.27596e-12
84 (QN/Block) 	Elapsed: 0.019	Loglikelihood: -38333.2	(delta): 0
85 (QN/Block) 	Elapsed: 0.017	Loglikelihood: -38333.2	(delta): 0
86 (QN/Block) 	Elapsed: 0.016	Loglikelihood: -38333.2	(delta): 7.27596e-12
87 (QN/Block) 	Elapsed: 0.016	Loglikelihood: -38333.2	(delta): 0
88 (QN/Block) 	Elapsed: 0.016	Loglikelihood: -38333.2	(delta): -1.45519e-11
89 (QN/Block) 	Elapsed: 0.018	Loglikelihood: -38333.2	(delta): 1.45519e-11
90 (QN/Block) 	Elapsed: 0.02	Loglikelihood: -38333.2	(delta): 0
91 (QN/Block) 	Elapsed: 0.021	Loglikelihood: -38333.2	(delta): -7.27596e-12
92 (QN/Block) 	Elapsed: 0.019	Loglikelihood: -38333.2	(delta): 7.27596e-12
93 (QN/Block) 	Elapsed: 0.019	Loglikelihood: -38333.2	(delta): 0
94 (QN/Block) 	Elapsed: 0.019	Loglikelihood: -38333.2	(delta): 0
95 (QN/Block) 	Elapsed: 0.021	Loglikelihood: -38333.2	(delta): 0
96 (QN/Block) 	Elapsed: 0.02	Loglikelihood: -38333.2	(delta): 0
97 (QN/Block) 	Elapsed: 0.022	Loglikelihood: -38333.2	(delta): -7.27596e-12
98 (QN/Block) 	Elapsed: 0.021	Loglikelihood: -38333.2	(delta): 0
99 (QN/Block) 	Elapsed: 0.022	Loglikelihood: -38333.2	(delta): 0
100 (QN/Block) 	Elapsed: 0.02	Loglikelihood: -38333.2	(delta): 7.27596e-12
Summary: 
Converged in 100 iterations (1.878 sec)
Loglikelihood: -38333.171166
Fst divergences between estimated populations: 
	Pop0	Pop1	Pop2	Pop3	
Pop0	
Pop1	0.197	
Pop2	0.058	0.203	
Pop3	0.194	0.069	0.200	
Pop4	0.061	0.205	0.065	0.203	
CV error (K=5): 0.36158
Writing output files.
