****                   ADMIXTURE Version 1.3.0                  ****
****                    Copyright 2008-2015                     ****
****           David Alexander, Suyash Shringarpure,            ****
****                John  Novembre, Ken Lange                   ****
****                                                            ****
****                 Please cite our paper!                     ****
****   Information at www.genetics.ucla.edu/software/admixture  ****

Parallel execution requested.  Will use 8 threads.
Cross-validation will be performed.  Folds=10.
Random seed: 43
Point estimation method: Block relaxation algorithm
Convergence acceleration algorithm: QuasiNewton, 3 secant conditions
Point estimation will terminate at 100 iterations
Estimation of standard errors disabled; will compute point estimates only.
Size of G: 98x940
Performing five EM steps to prime main algorithm
1 (EM) 	Elapsed: 0.005	Loglikelihood: -48484.5	(delta): 86918.5
2 (EM) 	Elapsed: 0.005	Loglikelihood: -45753.2	(delta): 2731.3
3 (EM) 	Elapsed: 0.005	Loglikelihood: -45164.9	(delta): 588.297
4 (EM) 	Elapsed: 0.005	Loglikelihood: -44807	(delta): 357.994
5 (EM) 	Elapsed: 0.005	Loglikelihood: -44562.3	(delta): 244.678
Initial loglikelihood: -44562.3
Starting main algorithm
1 (QN/Block) 	Elapsed: 0.011	Loglikelihood: -40832.1	(delta): 3730.17
2 (QN/Block) 	Elapsed: 0.011	Loglikelihood: -39795.7	(delta): 1036.4
3 (QN/Block) 	Elapsed: 0.015	Loglikelihood: -39352.5	(delta): 443.179
4 (QN/Block) 	Elapsed: 0.013	Loglikelihood: -39047.1	(delta): 305.451
5 (QN/Block) 	Elapsed: 0.013	Loglikelihood: -38932.4	(delta): 114.703
6 (QN/Block) 	Elapsed: 0.012	Loglikelihood: -38894.8	(delta): 37.5365
7 (QN/Block) 	Elapsed: 0.012	Loglikelihood: -38869.1	(delta): 25.7261
8 (QN/Block) 	Elapsed: 0.012	Loglikelihood: -38849.8	(delta): 19.3303
9 (QN/Block) 	Elapsed: 0.013	Loglikelihood: -38842.6	(delta): 7.15814
10 (QN/Block) 	Elapsed: 0.013	Loglikelihood: -38840.2	(delta): 2.38604
11 (QN/Block) 	Elapsed: 0.012	Loglikelihood: -38838.1	(delta): 2.13367
12 (QN/Block) 	Elapsed: 0.013	Loglikelihood: -38834.1	(delta): 3.98957
13 (QN/Block) 	Elapsed: 0.014	Loglikelihood: -38831.1	(delta): 3.0517
14 (QN/Block) 	Elapsed: 0.016	Loglikelihood: -38830.4	(delta): 0.699682
15 (QN/Block) 	Elapsed: 0.014	Loglikelihood: -38830.1	(delta): 0.219911
16 (QN/Block) 	Elapsed: 0.015	Loglikelihood: -38829.7	(delta): 0.439522
17 (QN/Block) 	Elapsed: 0.013	Loglikelihood: -38829	(delta): 0.742453
18 (QN/Block) 	Elapsed: 0.014	Loglikelihood: -38828.7	(delta): 0.22888
19 (QN/Block) 	Elapsed: 0.015	Loglikelihood: -38828.7	(delta): 0.0742455
20 (QN/Block) 	Elapsed: 0.016	Loglikelihood: -38828.6	(delta): 0.0212579
21 (QN/Block) 	Elapsed: 0.016	Loglikelihood: -38828.6	(delta): 0.0229118
22 (QN/Block) 	Elapsed: 0.016	Loglikelihood: -38828.6	(delta): 0.0265965
23 (QN/Block) 	Elapsed: 0.019	Loglikelihood: -38828.6	(delta): 0.0322634
24 (QN/Block) 	Elapsed: 0.014	Loglikelihood: -38828.5	(delta): 0.0317924
25 (QN/Block) 	Elapsed: 0.016	Loglikelihood: -38828.5	(delta): 0.0112308
26 (QN/Block) 	Elapsed: 0.021	Loglikelihood: -38828.5	(delta): 0.0237809
27 (QN/Block) 	Elapsed: 0.018	Loglikelihood: -38828.4	(delta): 0.0574298
28 (QN/Block) 	Elapsed: 0.017	Loglikelihood: -38828.3	(delta): 0.137761
29 (QN/Block) 	Elapsed: 0.017	Loglikelihood: -38828	(delta): 0.314788
30 (QN/Block) 	Elapsed: 0.016	Loglikelihood: -38827.5	(delta): 0.507509
31 (QN/Block) 	Elapsed: 0.015	Loglikelihood: -38827.4	(delta): 0.0543775
32 (QN/Block) 	Elapsed: 0.016	Loglikelihood: -38827.3	(delta): 0.088467
33 (QN/Block) 	Elapsed: 0.021	Loglikelihood: -38827.2	(delta): 0.147673
34 (QN/Block) 	Elapsed: 0.017	Loglikelihood: -38827.1	(delta): 0.0482779
35 (QN/Block) 	Elapsed: 0.017	Loglikelihood: -38827.1	(delta): 0.0186427
36 (QN/Block) 	Elapsed: 0.016	Loglikelihood: -38827.1	(delta): 0.0178129
37 (QN/Block) 	Elapsed: 0.015	Loglikelihood: -38827.1	(delta): 0.00375115
38 (QN/Block) 	Elapsed: 0.015	Loglikelihood: -38827.1	(delta): 0.000750086
39 (QN/Block) 	Elapsed: 0.015	Loglikelihood: -38827.1	(delta): 0.000253852
40 (QN/Block) 	Elapsed: 0.015	Loglikelihood: -38827.1	(delta): 6.75401e-05
41 (QN/Block) 	Elapsed: 0.015	Loglikelihood: -38827.1	(delta): 4.62606e-05
42 (QN/Block) 	Elapsed: 0.016	Loglikelihood: -38827.1	(delta): 1.2024e-05
43 (QN/Block) 	Elapsed: 0.016	Loglikelihood: -38827.1	(delta): 5.26826e-06
44 (QN/Block) 	Elapsed: 0.016	Loglikelihood: -38827.1	(delta): 9.8595e-07
45 (QN/Block) 	Elapsed: 0.017	Loglikelihood: -38827.1	(delta): 2.29506e-07
46 (QN/Block) 	Elapsed: 0.015	Loglikelihood: -38827.1	(delta): 3.98068e-08
47 (QN/Block) 	Elapsed: 0.014	Loglikelihood: -38827.1	(delta): 1.89539e-08
48 (QN/Block) 	Elapsed: 0.015	Loglikelihood: -38827.1	(delta): 9.77889e-09
49 (QN/Block) 	Elapsed: 0.015	Loglikelihood: -38827.1	(delta): 3.9945e-09
50 (QN/Block) 	Elapsed: 0.016	Loglikelihood: -38827.1	(delta): 8.44011e-10
51 (QN/Block) 	Elapsed: 0.015	Loglikelihood: -38827.1	(delta): 2.03727e-10
52 (QN/Block) 	Elapsed: 0.014	Loglikelihood: -38827.1	(delta): 6.54836e-11
53 (QN/Block) 	Elapsed: 0.014	Loglikelihood: -38827.1	(delta): 4.36557e-11
54 (QN/Block) 	Elapsed: 0.013	Loglikelihood: -38827.1	(delta): 7.27596e-12
55 (QN/Block) 	Elapsed: 0.015	Loglikelihood: -38827.1	(delta): 7.27596e-12
56 (QN/Block) 	Elapsed: 0.014	Loglikelihood: -38827.1	(delta): 0
57 (QN/Block) 	Elapsed: 0.016	Loglikelihood: -38827.1	(delta): 0
58 (QN/Block) 	Elapsed: 0.014	Loglikelihood: -38827.1	(delta): 7.27596e-12
59 (QN/Block) 	Elapsed: 0.013	Loglikelihood: -38827.1	(delta): 0
60 (QN/Block) 	Elapsed: 0.015	Loglikelihood: -38827.1	(delta): -7.27596e-12
61 (QN/Block) 	Elapsed: 0.02	Loglikelihood: -38827.1	(delta): 7.27596e-12
62 (QN/Block) 	Elapsed: 0.017	Loglikelihood: -38827.1	(delta): 0
63 (QN/Block) 	Elapsed: 0.014	Loglikelihood: -38827.1	(delta): 0
64 (QN/Block) 	Elapsed: 0.022	Loglikelihood: -38827.1	(delta): -7.27596e-12
65 (QN/Block) 	Elapsed: 0.02	Loglikelihood: -38827.1	(delta): 7.27596e-12
66 (QN/Block) 	Elapsed: 0.017	Loglikelihood: -38827.1	(delta): 0
67 (QN/Block) 	Elapsed: 0.025	Loglikelihood: -38827.1	(delta): 0
68 (QN/Block) 	Elapsed: 0.015	Loglikelihood: -38827.1	(delta): 0
69 (QN/Block) 	Elapsed: 0.016	Loglikelihood: -38827.1	(delta): 0
70 (QN/Block) 	Elapsed: 0.02	Loglikelihood: -38827.1	(delta): 0
71 (QN/Block) 	Elapsed: 0.017	Loglikelihood: -38827.1	(delta): -7.27596e-12
72 (QN/Block) 	Elapsed: 0.024	Loglikelihood: -38827.1	(delta): -7.27596e-12
73 (QN/Block) 	Elapsed: 0.017	Loglikelihood: -38827.1	(delta): 0
74 (QN/Block) 	Elapsed: 0.016	Loglikelihood: -38827.1	(delta): 7.27596e-12
75 (QN/Block) 	Elapsed: 0.018	Loglikelihood: -38827.1	(delta): 0
76 (QN/Block) 	Elapsed: 0.016	Loglikelihood: -38827.1	(delta): 0
77 (QN/Block) 	Elapsed: 0.016	Loglikelihood: -38827.1	(delta): 0
78 (QN/Block) 	Elapsed: 0.016	Loglikelihood: -38827.1	(delta): 0
79 (QN/Block) 	Elapsed: 0.017	Loglikelihood: -38827.1	(delta): -7.27596e-12
80 (QN/Block) 	Elapsed: 0.022	Loglikelihood: -38827.1	(delta): 0
81 (QN/Block) 	Elapsed: 0.018	Loglikelihood: -38827.1	(delta): 0
82 (QN/Block) 	Elapsed: 0.015	Loglikelihood: -38827.1	(delta): 7.27596e-12
83 (QN/Block) 	Elapsed: 0.015	Loglikelihood: -38827.1	(delta): -7.27596e-12
84 (QN/Block) 	Elapsed: 0.014	Loglikelihood: -38827.1	(delta): 7.27596e-12
85 (QN/Block) 	Elapsed: 0.014	Loglikelihood: -38827.1	(delta): -7.27596e-12
86 (QN/Block) 	Elapsed: 0.017	Loglikelihood: -38827.1	(delta): 7.27596e-12
87 (QN/Block) 	Elapsed: 0.017	Loglikelihood: -38827.1	(delta): 0
88 (QN/Block) 	Elapsed: 0.018	Loglikelihood: -38827.1	(delta): -7.27596e-12
89 (QN/Block) 	Elapsed: 0.019	Loglikelihood: -38827.1	(delta): 7.27596e-12
90 (QN/Block) 	Elapsed: 0.017	Loglikelihood: -38827.1	(delta): -7.27596e-12
91 (QN/Block) 	Elapsed: 0.017	Loglikelihood: -38827.1	(delta): 0
92 (QN/Block) 	Elapsed: 0.017	Loglikelihood: -38827.1	(delta): 7.27596e-12
93 (QN/Block) 	Elapsed: 0.016	Loglikelihood: -38827.1	(delta): -7.27596e-12
94 (QN/Block) 	Elapsed: 0.016	Loglikelihood: -38827.1	(delta): 7.27596e-12
95 (QN/Block) 	Elapsed: 0.015	Loglikelihood: -38827.1	(delta): 0
96 (QN/Block) 	Elapsed: 0.015	Loglikelihood: -38827.1	(delta): 0
97 (QN/Block) 	Elapsed: 0.016	Loglikelihood: -38827.1	(delta): -7.27596e-12
98 (QN/Block) 	Elapsed: 0.016	Loglikelihood: -38827.1	(delta): 7.27596e-12
99 (QN/Block) 	Elapsed: 0.016	Loglikelihood: -38827.1	(delta): 0
100 (QN/Block) 	Elapsed: 0.016	Loglikelihood: -38827.1	(delta): 7.27596e-12
Summary: 
Converged in 100 iterations (1.714 sec)
Loglikelihood: -38827.092236
Fst divergences between estimated populations: 
	Pop0	Pop1	Pop2	
Pop0	
Pop1	0.187	
Pop2	0.047	0.187	
Pop3	0.067	0.182	0.066	
CV error (K=4): 0.34613
Writing output files.
