****                   ADMIXTURE Version 1.3.0                  ****
****                    Copyright 2008-2015                     ****
****           David Alexander, Suyash Shringarpure,            ****
****                John  Novembre, Ken Lange                   ****
****                                                            ****
****                 Please cite our paper!                     ****
****   Information at www.genetics.ucla.edu/software/admixture  ****

Parallel execution requested.  Will use 8 threads.
Cross-validation will be performed.  Folds=10.
Random seed: 43
Point estimation method: Block relaxation algorithm
Convergence acceleration algorithm: QuasiNewton, 3 secant conditions
Point estimation will terminate at 100 iterations
Estimation of standard errors disabled; will compute point estimates only.
Size of G: 335x1606
Performing five EM steps to prime main algorithm
1 (EM) 	Elapsed: 0.061	Loglikelihood: -225268	(delta): 518223
2 (EM) 	Elapsed: 0.06	Loglikelihood: -212134	(delta): 13134.6
3 (EM) 	Elapsed: 0.065	Loglikelihood: -210102	(delta): 2031.88
4 (EM) 	Elapsed: 0.069	Loglikelihood: -208934	(delta): 1167.59
5 (EM) 	Elapsed: 0.067	Loglikelihood: -207988	(delta): 946.493
Initial loglikelihood: -207988
Starting main algorithm
1 (QN/Block) 	Elapsed: 0.094	Loglikelihood: -183917	(delta): 24070.3
2 (QN/Block) 	Elapsed: 0.088	Loglikelihood: -179042	(delta): 4874.95
3 (QN/Block) 	Elapsed: 0.104	Loglikelihood: -177261	(delta): 1781.92
4 (QN/Block) 	Elapsed: 0.103	Loglikelihood: -176257	(delta): 1003.18
5 (QN/Block) 	Elapsed: 0.089	Loglikelihood: -175806	(delta): 451.601
6 (QN/Block) 	Elapsed: 0.1	Loglikelihood: -175589	(delta): 216.799
7 (QN/Block) 	Elapsed: 0.121	Loglikelihood: -175227	(delta): 362.304
8 (QN/Block) 	Elapsed: 0.1	Loglikelihood: -175063	(delta): 163.331
9 (QN/Block) 	Elapsed: 0.104	Loglikelihood: -174985	(delta): 77.9311
10 (QN/Block) 	Elapsed: 0.104	Loglikelihood: -174944	(delta): 41.2831
11 (QN/Block) 	Elapsed: 0.113	Loglikelihood: -174898	(delta): 45.7188
12 (QN/Block) 	Elapsed: 0.096	Loglikelihood: -174873	(delta): 25.7276
13 (QN/Block) 	Elapsed: 0.099	Loglikelihood: -174861	(delta): 11.8361
14 (QN/Block) 	Elapsed: 0.102	Loglikelihood: -174852	(delta): 8.49836
15 (QN/Block) 	Elapsed: 0.101	Loglikelihood: -174847	(delta): 5.35935
16 (QN/Block) 	Elapsed: 0.108	Loglikelihood: -174842	(delta): 4.6865
17 (QN/Block) 	Elapsed: 0.112	Loglikelihood: -174840	(delta): 2.38995
18 (QN/Block) 	Elapsed: 0.108	Loglikelihood: -174835	(delta): 4.57392
19 (QN/Block) 	Elapsed: 0.109	Loglikelihood: -174830	(delta): 5.53799
20 (QN/Block) 	Elapsed: 0.113	Loglikelihood: -174826	(delta): 4.2765
21 (QN/Block) 	Elapsed: 0.111	Loglikelihood: -174817	(delta): 8.29149
22 (QN/Block) 	Elapsed: 0.108	Loglikelihood: -174809	(delta): 8.42043
23 (QN/Block) 	Elapsed: 0.117	Loglikelihood: -174802	(delta): 6.35691
24 (QN/Block) 	Elapsed: 0.102	Loglikelihood: -174799	(delta): 3.46058
25 (QN/Block) 	Elapsed: 0.104	Loglikelihood: -174794	(delta): 5.5031
26 (QN/Block) 	Elapsed: 0.103	Loglikelihood: -174789	(delta): 4.43886
27 (QN/Block) 	Elapsed: 0.116	Loglikelihood: -174781	(delta): 7.62611
28 (QN/Block) 	Elapsed: 0.111	Loglikelihood: -174775	(delta): 6.17095
29 (QN/Block) 	Elapsed: 0.11	Loglikelihood: -174769	(delta): 6.41259
30 (QN/Block) 	Elapsed: 0.108	Loglikelihood: -174766	(delta): 3.0785
31 (QN/Block) 	Elapsed: 0.11	Loglikelihood: -174764	(delta): 1.65436
32 (QN/Block) 	Elapsed: 0.103	Loglikelihood: -174763	(delta): 0.864509
33 (QN/Block) 	Elapsed: 0.115	Loglikelihood: -174762	(delta): 0.756992
34 (QN/Block) 	Elapsed: 0.122	Loglikelihood: -174761	(delta): 1.90322
35 (QN/Block) 	Elapsed: 0.114	Loglikelihood: -174759	(delta): 1.88675
36 (QN/Block) 	Elapsed: 0.114	Loglikelihood: -174757	(delta): 1.51987
37 (QN/Block) 	Elapsed: 0.111	Loglikelihood: -174756	(delta): 0.89029
38 (QN/Block) 	Elapsed: 0.124	Loglikelihood: -174755	(delta): 1.73097
39 (QN/Block) 	Elapsed: 0.108	Loglikelihood: -174754	(delta): 0.853466
40 (QN/Block) 	Elapsed: 0.111	Loglikelihood: -174754	(delta): -0.716108
41 (QN/Block) 	Elapsed: 0.102	Loglikelihood: -174753	(delta): 1.08303
42 (QN/Block) 	Elapsed: 0.117	Loglikelihood: -174748	(delta): 5.52209
43 (QN/Block) 	Elapsed: 0.1	Loglikelihood: -174744	(delta): 3.4156
44 (QN/Block) 	Elapsed: 0.1	Loglikelihood: -174743	(delta): 1.55326
45 (QN/Block) 	Elapsed: 0.103	Loglikelihood: -174742	(delta): 0.80148
46 (QN/Block) 	Elapsed: 0.11	Loglikelihood: -174741	(delta): 0.884093
47 (QN/Block) 	Elapsed: 0.123	Loglikelihood: -174740	(delta): 0.815367
48 (QN/Block) 	Elapsed: 0.111	Loglikelihood: -174739	(delta): 0.893018
49 (QN/Block) 	Elapsed: 0.101	Loglikelihood: -174739	(delta): 0.406409
50 (QN/Block) 	Elapsed: 0.113	Loglikelihood: -174738	(delta): 0.687836
51 (QN/Block) 	Elapsed: 0.119	Loglikelihood: -174738	(delta): 0.485927
52 (QN/Block) 	Elapsed: 0.107	Loglikelihood: -174738	(delta): 0.25477
53 (QN/Block) 	Elapsed: 0.121	Loglikelihood: -174737	(delta): 0.144641
54 (QN/Block) 	Elapsed: 0.111	Loglikelihood: -174737	(delta): 0.104329
55 (QN/Block) 	Elapsed: 0.113	Loglikelihood: -174737	(delta): 0.100837
56 (QN/Block) 	Elapsed: 0.11	Loglikelihood: -174737	(delta): 0.133396
57 (QN/Block) 	Elapsed: 0.098	Loglikelihood: -174737	(delta): 0.111523
58 (QN/Block) 	Elapsed: 0.1	Loglikelihood: -174737	(delta): 0.122463
59 (QN/Block) 	Elapsed: 0.102	Loglikelihood: -174737	(delta): 0.0849066
60 (QN/Block) 	Elapsed: 0.106	Loglikelihood: -174736	(delta): 0.689117
61 (QN/Block) 	Elapsed: 0.106	Loglikelihood: -174735	(delta): 0.89843
62 (QN/Block) 	Elapsed: 0.108	Loglikelihood: -174734	(delta): 0.744273
63 (QN/Block) 	Elapsed: 0.104	Loglikelihood: -174734	(delta): 0.54629
64 (QN/Block) 	Elapsed: 0.096	Loglikelihood: -174733	(delta): 0.703497
65 (QN/Block) 	Elapsed: 0.118	Loglikelihood: -174732	(delta): 1.11235
66 (QN/Block) 	Elapsed: 0.123	Loglikelihood: -174731	(delta): 0.813557
67 (QN/Block) 	Elapsed: 0.099	Loglikelihood: -174730	(delta): 0.890983
68 (QN/Block) 	Elapsed: 0.095	Loglikelihood: -174730	(delta): 0.897233
69 (QN/Block) 	Elapsed: 0.097	Loglikelihood: -174729	(delta): 0.281601
70 (QN/Block) 	Elapsed: 0.097	Loglikelihood: -174729	(delta): 0.361819
71 (QN/Block) 	Elapsed: 0.106	Loglikelihood: -174729	(delta): 0.184379
72 (QN/Block) 	Elapsed: 0.105	Loglikelihood: -174729	(delta): 0.13265
73 (QN/Block) 	Elapsed: 0.104	Loglikelihood: -174728	(delta): 0.108872
74 (QN/Block) 	Elapsed: 0.098	Loglikelihood: -174728	(delta): 0.110877
75 (QN/Block) 	Elapsed: 0.116	Loglikelihood: -174728	(delta): 0.114825
76 (QN/Block) 	Elapsed: 0.123	Loglikelihood: -174728	(delta): 0.106809
77 (QN/Block) 	Elapsed: 0.112	Loglikelihood: -174728	(delta): 0.1155
78 (QN/Block) 	Elapsed: 0.101	Loglikelihood: -174728	(delta): 0.11322
79 (QN/Block) 	Elapsed: 0.103	Loglikelihood: -174728	(delta): 0.108008
80 (QN/Block) 	Elapsed: 0.103	Loglikelihood: -174728	(delta): 0.123234
81 (QN/Block) 	Elapsed: 0.114	Loglikelihood: -174727	(delta): 0.189259
82 (QN/Block) 	Elapsed: 0.105	Loglikelihood: -174727	(delta): 0.220481
83 (QN/Block) 	Elapsed: 0.104	Loglikelihood: -174727	(delta): 0.139054
84 (QN/Block) 	Elapsed: 0.104	Loglikelihood: -174727	(delta): 0.229621
85 (QN/Block) 	Elapsed: 0.104	Loglikelihood: -174727	(delta): 0.131591
86 (QN/Block) 	Elapsed: 0.112	Loglikelihood: -174727	(delta): 0.18323
87 (QN/Block) 	Elapsed: 0.106	Loglikelihood: -174726	(delta): 0.253784
88 (QN/Block) 	Elapsed: 0.105	Loglikelihood: -174726	(delta): 0.320845
89 (QN/Block) 	Elapsed: 0.092	Loglikelihood: -174726	(delta): 0.100854
90 (QN/Block) 	Elapsed: 0.09	Loglikelihood: -174726	(delta): 0.0714228
91 (QN/Block) 	Elapsed: 0.094	Loglikelihood: -174726	(delta): 0.0403682
92 (QN/Block) 	Elapsed: 0.091	Loglikelihood: -174726	(delta): 0.0258495
93 (QN/Block) 	Elapsed: 0.094	Loglikelihood: -174726	(delta): 0.0181116
94 (QN/Block) 	Elapsed: 0.089	Loglikelihood: -174726	(delta): 0.00665646
95 (QN/Block) 	Elapsed: 0.102	Loglikelihood: -174726	(delta): 0.00469542
96 (QN/Block) 	Elapsed: 0.11	Loglikelihood: -174726	(delta): 0.00293933
97 (QN/Block) 	Elapsed: 0.109	Loglikelihood: -174726	(delta): 0.0023425
98 (QN/Block) 	Elapsed: 0.09	Loglikelihood: -174726	(delta): 0.00930799
99 (QN/Block) 	Elapsed: 0.099	Loglikelihood: -174726	(delta): 0.00404454
100 (QN/Block) 	Elapsed: 0.101	Loglikelihood: -174726	(delta): 0.00541646
Summary: 
Converged in 100 iterations (11.213 sec)
Loglikelihood: -174725.707403
Fst divergences between estimated populations: 
	Pop0	Pop1	Pop2	Pop3	Pop4	Pop5	Pop6	
Pop0	
Pop1	0.090	
Pop2	0.093	0.089	
Pop3	0.087	0.087	0.065	
Pop4	0.071	0.065	0.074	0.079	
Pop5	0.085	0.096	0.057	0.049	0.078	
Pop6	0.385	0.393	0.372	0.364	0.384	0.355	
Pop7	0.147	0.152	0.122	0.100	0.140	0.113	0.379	
CV error (K=8): 0.23080
Writing output files.
