****                   ADMIXTURE Version 1.3.0                  ****
****                    Copyright 2008-2015                     ****
****           David Alexander, Suyash Shringarpure,            ****
****                John  Novembre, Ken Lange                   ****
****                                                            ****
****                 Please cite our paper!                     ****
****   Information at www.genetics.ucla.edu/software/admixture  ****

Parallel execution requested.  Will use 8 threads.
Cross-validation will be performed.  Folds=10.
Random seed: 43
Point estimation method: Block relaxation algorithm
Convergence acceleration algorithm: QuasiNewton, 3 secant conditions
Point estimation will terminate at 100 iterations
Estimation of standard errors disabled; will compute point estimates only.
Size of G: 121x1282
Performing five EM steps to prime main algorithm
1 (EM) 	Elapsed: 0.006	Loglikelihood: -104554	(delta): 129101
2 (EM) 	Elapsed: 0.006	Loglikelihood: -100467	(delta): 4086.36
3 (EM) 	Elapsed: 0.006	Loglikelihood: -99271.4	(delta): 1195.84
4 (EM) 	Elapsed: 0.006	Loglikelihood: -98515.1	(delta): 756.256
5 (EM) 	Elapsed: 0.006	Loglikelihood: -97901.1	(delta): 614.043
Initial loglikelihood: -97901.1
Starting main algorithm
1 (QN/Block) 	Elapsed: 0.014	Loglikelihood: -76565	(delta): 21336
2 (QN/Block) 	Elapsed: 0.015	Loglikelihood: -70277.5	(delta): 6287.59
3 (QN/Block) 	Elapsed: 0.019	Loglikelihood: -66469	(delta): 3808.49
4 (QN/Block) 	Elapsed: 0.018	Loglikelihood: -64021.4	(delta): 2447.55
5 (QN/Block) 	Elapsed: 0.02	Loglikelihood: -62764.5	(delta): 1256.92
6 (QN/Block) 	Elapsed: 0.018	Loglikelihood: -62420.1	(delta): 344.36
7 (QN/Block) 	Elapsed: 0.017	Loglikelihood: -62315.1	(delta): 105.072
8 (QN/Block) 	Elapsed: 0.021	Loglikelihood: -62293.2	(delta): 21.8402
9 (QN/Block) 	Elapsed: 0.022	Loglikelihood: -62291.3	(delta): 1.93096
10 (QN/Block) 	Elapsed: 0.02	Loglikelihood: -62291.3	(delta): 0.00294617
11 (QN/Block) 	Elapsed: 0.017	Loglikelihood: -62291.3	(delta): 0.000225882
12 (QN/Block) 	Elapsed: 0.019	Loglikelihood: -62291.3	(delta): 1.22808e-05
13 (QN/Block) 	Elapsed: 0.018	Loglikelihood: -62291.3	(delta): 9.88621e-07
14 (QN/Block) 	Elapsed: 0.017	Loglikelihood: -62291.3	(delta): 7.567e-10
15 (QN/Block) 	Elapsed: 0.02	Loglikelihood: -62291.3	(delta): 1.45519e-11
16 (QN/Block) 	Elapsed: 0.021	Loglikelihood: -62291.3	(delta): 7.27596e-12
17 (QN/Block) 	Elapsed: 0.019	Loglikelihood: -62291.3	(delta): -7.27596e-12
18 (QN/Block) 	Elapsed: 0.017	Loglikelihood: -62291.3	(delta): 7.27596e-12
19 (QN/Block) 	Elapsed: 0.017	Loglikelihood: -62291.3	(delta): 0
20 (QN/Block) 	Elapsed: 0.018	Loglikelihood: -62291.3	(delta): -1.45519e-11
21 (QN/Block) 	Elapsed: 0.023	Loglikelihood: -62291.3	(delta): 1.45519e-11
22 (QN/Block) 	Elapsed: 0.019	Loglikelihood: -62291.3	(delta): 0
23 (QN/Block) 	Elapsed: 0.015	Loglikelihood: -62291.3	(delta): 0
24 (QN/Block) 	Elapsed: 0.019	Loglikelihood: -62291.3	(delta): -7.27596e-12
25 (QN/Block) 	Elapsed: 0.021	Loglikelihood: -62291.3	(delta): 0
26 (QN/Block) 	Elapsed: 0.023	Loglikelihood: -62291.3	(delta): 0
27 (QN/Block) 	Elapsed: 0.02	Loglikelihood: -62291.3	(delta): 0
28 (QN/Block) 	Elapsed: 0.017	Loglikelihood: -62291.3	(delta): 7.27596e-12
29 (QN/Block) 	Elapsed: 0.021	Loglikelihood: -62291.3	(delta): 0
30 (QN/Block) 	Elapsed: 0.021	Loglikelihood: -62291.3	(delta): 0
31 (QN/Block) 	Elapsed: 0.019	Loglikelihood: -62291.3	(delta): 0
32 (QN/Block) 	Elapsed: 0.019	Loglikelihood: -62291.3	(delta): -7.27596e-12
33 (QN/Block) 	Elapsed: 0.019	Loglikelihood: -62291.3	(delta): 0
34 (QN/Block) 	Elapsed: 0.018	Loglikelihood: -62291.3	(delta): 0
35 (QN/Block) 	Elapsed: 0.02	Loglikelihood: -62291.3	(delta): 7.27596e-12
36 (QN/Block) 	Elapsed: 0.021	Loglikelihood: -62291.3	(delta): 0
37 (QN/Block) 	Elapsed: 0.022	Loglikelihood: -62291.3	(delta): -7.27596e-12
38 (QN/Block) 	Elapsed: 0.023	Loglikelihood: -62291.3	(delta): 7.27596e-12
39 (QN/Block) 	Elapsed: 0.021	Loglikelihood: -62291.3	(delta): -7.27596e-12
40 (QN/Block) 	Elapsed: 0.019	Loglikelihood: -62291.3	(delta): 7.27596e-12
41 (QN/Block) 	Elapsed: 0.02	Loglikelihood: -62291.3	(delta): -7.27596e-12
42 (QN/Block) 	Elapsed: 0.02	Loglikelihood: -62291.3	(delta): 7.27596e-12
43 (QN/Block) 	Elapsed: 0.02	Loglikelihood: -62291.3	(delta): 0
44 (QN/Block) 	Elapsed: 0.02	Loglikelihood: -62291.3	(delta): -7.27596e-12
45 (QN/Block) 	Elapsed: 0.016	Loglikelihood: -62291.3	(delta): 0
46 (QN/Block) 	Elapsed: 0.018	Loglikelihood: -62291.3	(delta): 0
47 (QN/Block) 	Elapsed: 0.018	Loglikelihood: -62291.3	(delta): 7.27596e-12
48 (QN/Block) 	Elapsed: 0.02	Loglikelihood: -62291.3	(delta): -7.27596e-12
49 (QN/Block) 	Elapsed: 0.021	Loglikelihood: -62291.3	(delta): 0
50 (QN/Block) 	Elapsed: 0.021	Loglikelihood: -62291.3	(delta): 0
51 (QN/Block) 	Elapsed: 0.019	Loglikelihood: -62291.3	(delta): 0
52 (QN/Block) 	Elapsed: 0.021	Loglikelihood: -62291.3	(delta): 0
53 (QN/Block) 	Elapsed: 0.018	Loglikelihood: -62291.3	(delta): 7.27596e-12
54 (QN/Block) 	Elapsed: 0.02	Loglikelihood: -62291.3	(delta): -1.45519e-11
55 (QN/Block) 	Elapsed: 0.021	Loglikelihood: -62291.3	(delta): 7.27596e-12
56 (QN/Block) 	Elapsed: 0.022	Loglikelihood: -62291.3	(delta): 0
57 (QN/Block) 	Elapsed: 0.019	Loglikelihood: -62291.3	(delta): 0
58 (QN/Block) 	Elapsed: 0.02	Loglikelihood: -62291.3	(delta): 7.27596e-12
59 (QN/Block) 	Elapsed: 0.02	Loglikelihood: -62291.3	(delta): -7.27596e-12
60 (QN/Block) 	Elapsed: 0.021	Loglikelihood: -62291.3	(delta): 0
61 (QN/Block) 	Elapsed: 0.019	Loglikelihood: -62291.3	(delta): 0
62 (QN/Block) 	Elapsed: 0.02	Loglikelihood: -62291.3	(delta): 0
63 (QN/Block) 	Elapsed: 0.018	Loglikelihood: -62291.3	(delta): 7.27596e-12
64 (QN/Block) 	Elapsed: 0.018	Loglikelihood: -62291.3	(delta): -1.45519e-11
65 (QN/Block) 	Elapsed: 0.02	Loglikelihood: -62291.3	(delta): 7.27596e-12
66 (QN/Block) 	Elapsed: 0.021	Loglikelihood: -62291.3	(delta): 0
67 (QN/Block) 	Elapsed: 0.024	Loglikelihood: -62291.3	(delta): 0
68 (QN/Block) 	Elapsed: 0.02	Loglikelihood: -62291.3	(delta): 0
69 (QN/Block) 	Elapsed: 0.019	Loglikelihood: -62291.3	(delta): 7.27596e-12
70 (QN/Block) 	Elapsed: 0.021	Loglikelihood: -62291.3	(delta): 0
71 (QN/Block) 	Elapsed: 0.023	Loglikelihood: -62291.3	(delta): -7.27596e-12
72 (QN/Block) 	Elapsed: 0.024	Loglikelihood: -62291.3	(delta): 7.27596e-12
73 (QN/Block) 	Elapsed: 0.02	Loglikelihood: -62291.3	(delta): -1.45519e-11
74 (QN/Block) 	Elapsed: 0.024	Loglikelihood: -62291.3	(delta): 7.27596e-12
75 (QN/Block) 	Elapsed: 0.021	Loglikelihood: -62291.3	(delta): 0
76 (QN/Block) 	Elapsed: 0.023	Loglikelihood: -62291.3	(delta): 0
77 (QN/Block) 	Elapsed: 0.02	Loglikelihood: -62291.3	(delta): 7.27596e-12
78 (QN/Block) 	Elapsed: 0.02	Loglikelihood: -62291.3	(delta): -7.27596e-12
79 (QN/Block) 	Elapsed: 0.021	Loglikelihood: -62291.3	(delta): 7.27596e-12
80 (QN/Block) 	Elapsed: 0.019	Loglikelihood: -62291.3	(delta): -7.27596e-12
81 (QN/Block) 	Elapsed: 0.02	Loglikelihood: -62291.3	(delta): 0
82 (QN/Block) 	Elapsed: 0.022	Loglikelihood: -62291.3	(delta): 0
83 (QN/Block) 	Elapsed: 0.02	Loglikelihood: -62291.3	(delta): 7.27596e-12
84 (QN/Block) 	Elapsed: 0.019	Loglikelihood: -62291.3	(delta): -7.27596e-12
85 (QN/Block) 	Elapsed: 0.02	Loglikelihood: -62291.3	(delta): 7.27596e-12
86 (QN/Block) 	Elapsed: 0.019	Loglikelihood: -62291.3	(delta): 0
87 (QN/Block) 	Elapsed: 0.02	Loglikelihood: -62291.3	(delta): -7.27596e-12
88 (QN/Block) 	Elapsed: 0.02	Loglikelihood: -62291.3	(delta): 0
89 (QN/Block) 	Elapsed: 0.02	Loglikelihood: -62291.3	(delta): 0
90 (QN/Block) 	Elapsed: 0.019	Loglikelihood: -62291.3	(delta): 7.27596e-12
91 (QN/Block) 	Elapsed: 0.024	Loglikelihood: -62291.3	(delta): -7.27596e-12
92 (QN/Block) 	Elapsed: 0.022	Loglikelihood: -62291.3	(delta): 0
93 (QN/Block) 	Elapsed: 0.021	Loglikelihood: -62291.3	(delta): 0
94 (QN/Block) 	Elapsed: 0.02	Loglikelihood: -62291.3	(delta): 0
95 (QN/Block) 	Elapsed: 0.02	Loglikelihood: -62291.3	(delta): 0
96 (QN/Block) 	Elapsed: 0.019	Loglikelihood: -62291.3	(delta): -7.27596e-12
97 (QN/Block) 	Elapsed: 0.019	Loglikelihood: -62291.3	(delta): 7.27596e-12
98 (QN/Block) 	Elapsed: 0.02	Loglikelihood: -62291.3	(delta): 0
99 (QN/Block) 	Elapsed: 0.021	Loglikelihood: -62291.3	(delta): 0
100 (QN/Block) 	Elapsed: 0.022	Loglikelihood: -62291.3	(delta): -7.27596e-12
Summary: 
Converged in 100 iterations (2.13 sec)
Loglikelihood: -62291.280014
Fst divergences between estimated populations: 
	Pop0	Pop1	
Pop0	
Pop1	0.518	
Pop2	0.402	0.467	
CV error (K=3): 0.40441
Writing output files.
