****                   ADMIXTURE Version 1.3.0                  ****
****                    Copyright 2008-2015                     ****
****           David Alexander, Suyash Shringarpure,            ****
****                John  Novembre, Ken Lange                   ****
****                                                            ****
****                 Please cite our paper!                     ****
****   Information at www.genetics.ucla.edu/software/admixture  ****

Parallel execution requested.  Will use 8 threads.
Cross-validation will be performed.  Folds=10.
Random seed: 43
Point estimation method: Block relaxation algorithm
Convergence acceleration algorithm: QuasiNewton, 3 secant conditions
Point estimation will terminate at 100 iterations
Estimation of standard errors disabled; will compute point estimates only.
Size of G: 121x1282
Performing five EM steps to prime main algorithm
1 (EM) 	Elapsed: 0.011	Loglikelihood: -104921	(delta): 116062
2 (EM) 	Elapsed: 0.011	Loglikelihood: -99881.4	(delta): 5039.69
3 (EM) 	Elapsed: 0.011	Loglikelihood: -98249.8	(delta): 1631.59
4 (EM) 	Elapsed: 0.011	Loglikelihood: -96842.9	(delta): 1406.96
5 (EM) 	Elapsed: 0.01	Loglikelihood: -95238.2	(delta): 1604.72
Initial loglikelihood: -95238.2
Starting main algorithm
1 (QN/Block) 	Elapsed: 0.02	Loglikelihood: -67029.5	(delta): 28208.7
2 (QN/Block) 	Elapsed: 0.019	Loglikelihood: -62255.4	(delta): 4774.09
3 (QN/Block) 	Elapsed: 0.021	Loglikelihood: -60433.3	(delta): 1822.06
4 (QN/Block) 	Elapsed: 0.02	Loglikelihood: -59420.3	(delta): 1013.02
5 (QN/Block) 	Elapsed: 0.02	Loglikelihood: -59076.2	(delta): 344.138
6 (QN/Block) 	Elapsed: 0.022	Loglikelihood: -58981.2	(delta): 94.9413
7 (QN/Block) 	Elapsed: 0.025	Loglikelihood: -58964.2	(delta): 17.0927
8 (QN/Block) 	Elapsed: 0.025	Loglikelihood: -58962.7	(delta): 1.40517
9 (QN/Block) 	Elapsed: 0.024	Loglikelihood: -58962.3	(delta): 0.419898
10 (QN/Block) 	Elapsed: 0.023	Loglikelihood: -58962.1	(delta): 0.198328
11 (QN/Block) 	Elapsed: 0.025	Loglikelihood: -58962.1	(delta): 0.0448129
12 (QN/Block) 	Elapsed: 0.023	Loglikelihood: -58962.1	(delta): 0.0100151
13 (QN/Block) 	Elapsed: 0.025	Loglikelihood: -58962.1	(delta): 0.00149803
14 (QN/Block) 	Elapsed: 0.024	Loglikelihood: -58962.1	(delta): 0.000134374
15 (QN/Block) 	Elapsed: 0.023	Loglikelihood: -58962.1	(delta): 3.08515e-05
16 (QN/Block) 	Elapsed: 0.022	Loglikelihood: -58962.1	(delta): 1.55564e-06
17 (QN/Block) 	Elapsed: 0.025	Loglikelihood: -58962.1	(delta): 3.27178e-07
18 (QN/Block) 	Elapsed: 0.023	Loglikelihood: -58962.1	(delta): 3.28582e-08
19 (QN/Block) 	Elapsed: 0.024	Loglikelihood: -58962.1	(delta): 1.52795e-09
20 (QN/Block) 	Elapsed: 0.023	Loglikelihood: -58962.1	(delta): 2.32831e-10
21 (QN/Block) 	Elapsed: 0.022	Loglikelihood: -58962.1	(delta): 2.91038e-11
22 (QN/Block) 	Elapsed: 0.022	Loglikelihood: -58962.1	(delta): 7.27596e-12
23 (QN/Block) 	Elapsed: 0.026	Loglikelihood: -58962.1	(delta): -7.27596e-12
24 (QN/Block) 	Elapsed: 0.027	Loglikelihood: -58962.1	(delta): 7.27596e-12
25 (QN/Block) 	Elapsed: 0.026	Loglikelihood: -58962.1	(delta): -7.27596e-12
26 (QN/Block) 	Elapsed: 0.028	Loglikelihood: -58962.1	(delta): 0
27 (QN/Block) 	Elapsed: 0.027	Loglikelihood: -58962.1	(delta): 0
28 (QN/Block) 	Elapsed: 0.026	Loglikelihood: -58962.1	(delta): 0
29 (QN/Block) 	Elapsed: 0.027	Loglikelihood: -58962.1	(delta): 7.27596e-12
30 (QN/Block) 	Elapsed: 0.026	Loglikelihood: -58962.1	(delta): -7.27596e-12
31 (QN/Block) 	Elapsed: 0.027	Loglikelihood: -58962.1	(delta): 0
32 (QN/Block) 	Elapsed: 0.027	Loglikelihood: -58962.1	(delta): 0
33 (QN/Block) 	Elapsed: 0.026	Loglikelihood: -58962.1	(delta): -7.27596e-12
34 (QN/Block) 	Elapsed: 0.025	Loglikelihood: -58962.1	(delta): 7.27596e-12
35 (QN/Block) 	Elapsed: 0.026	Loglikelihood: -58962.1	(delta): -7.27596e-12
36 (QN/Block) 	Elapsed: 0.024	Loglikelihood: -58962.1	(delta): 7.27596e-12
37 (QN/Block) 	Elapsed: 0.024	Loglikelihood: -58962.1	(delta): -7.27596e-12
38 (QN/Block) 	Elapsed: 0.022	Loglikelihood: -58962.1	(delta): 7.27596e-12
39 (QN/Block) 	Elapsed: 0.027	Loglikelihood: -58962.1	(delta): 0
40 (QN/Block) 	Elapsed: 0.026	Loglikelihood: -58962.1	(delta): 7.27596e-12
41 (QN/Block) 	Elapsed: 0.028	Loglikelihood: -58962.1	(delta): -7.27596e-12
42 (QN/Block) 	Elapsed: 0.027	Loglikelihood: -58962.1	(delta): -7.27596e-12
43 (QN/Block) 	Elapsed: 0.026	Loglikelihood: -58962.1	(delta): 7.27596e-12
44 (QN/Block) 	Elapsed: 0.026	Loglikelihood: -58962.1	(delta): 0
45 (QN/Block) 	Elapsed: 0.031	Loglikelihood: -58962.1	(delta): -7.27596e-12
46 (QN/Block) 	Elapsed: 0.028	Loglikelihood: -58962.1	(delta): 0
47 (QN/Block) 	Elapsed: 0.028	Loglikelihood: -58962.1	(delta): -7.27596e-12
48 (QN/Block) 	Elapsed: 0.027	Loglikelihood: -58962.1	(delta): 7.27596e-12
49 (QN/Block) 	Elapsed: 0.029	Loglikelihood: -58962.1	(delta): 1.45519e-11
50 (QN/Block) 	Elapsed: 0.028	Loglikelihood: -58962.1	(delta): -7.27596e-12
51 (QN/Block) 	Elapsed: 0.027	Loglikelihood: -58962.1	(delta): -7.27596e-12
52 (QN/Block) 	Elapsed: 0.027	Loglikelihood: -58962.1	(delta): 0
53 (QN/Block) 	Elapsed: 0.023	Loglikelihood: -58962.1	(delta): 0
54 (QN/Block) 	Elapsed: 0.022	Loglikelihood: -58962.1	(delta): 7.27596e-12
55 (QN/Block) 	Elapsed: 0.025	Loglikelihood: -58962.1	(delta): 0
56 (QN/Block) 	Elapsed: 0.025	Loglikelihood: -58962.1	(delta): 0
57 (QN/Block) 	Elapsed: 0.025	Loglikelihood: -58962.1	(delta): -7.27596e-12
58 (QN/Block) 	Elapsed: 0.025	Loglikelihood: -58962.1	(delta): 7.27596e-12
59 (QN/Block) 	Elapsed: 0.025	Loglikelihood: -58962.1	(delta): 7.27596e-12
60 (QN/Block) 	Elapsed: 0.023	Loglikelihood: -58962.1	(delta): -2.18279e-11
61 (QN/Block) 	Elapsed: 0.028	Loglikelihood: -58962.1	(delta): 1.45519e-11
62 (QN/Block) 	Elapsed: 0.027	Loglikelihood: -58962.1	(delta): 0
63 (QN/Block) 	Elapsed: 0.028	Loglikelihood: -58962.1	(delta): -7.27596e-12
64 (QN/Block) 	Elapsed: 0.028	Loglikelihood: -58962.1	(delta): 7.27596e-12
65 (QN/Block) 	Elapsed: 0.028	Loglikelihood: -58962.1	(delta): 0
66 (QN/Block) 	Elapsed: 0.028	Loglikelihood: -58962.1	(delta): 0
67 (QN/Block) 	Elapsed: 0.028	Loglikelihood: -58962.1	(delta): 0
68 (QN/Block) 	Elapsed: 0.028	Loglikelihood: -58962.1	(delta): 0
69 (QN/Block) 	Elapsed: 0.029	Loglikelihood: -58962.1	(delta): 7.27596e-12
70 (QN/Block) 	Elapsed: 0.029	Loglikelihood: -58962.1	(delta): -1.45519e-11
71 (QN/Block) 	Elapsed: 0.029	Loglikelihood: -58962.1	(delta): 7.27596e-12
72 (QN/Block) 	Elapsed: 0.026	Loglikelihood: -58962.1	(delta): -7.27596e-12
73 (QN/Block) 	Elapsed: 0.026	Loglikelihood: -58962.1	(delta): -7.27596e-12
74 (QN/Block) 	Elapsed: 0.025	Loglikelihood: -58962.1	(delta): 0
75 (QN/Block) 	Elapsed: 0.025	Loglikelihood: -58962.1	(delta): 7.27596e-12
76 (QN/Block) 	Elapsed: 0.027	Loglikelihood: -58962.1	(delta): -7.27596e-12
77 (QN/Block) 	Elapsed: 0.024	Loglikelihood: -58962.1	(delta): 7.27596e-12
78 (QN/Block) 	Elapsed: 0.022	Loglikelihood: -58962.1	(delta): 0
79 (QN/Block) 	Elapsed: 0.024	Loglikelihood: -58962.1	(delta): -7.27596e-12
80 (QN/Block) 	Elapsed: 0.023	Loglikelihood: -58962.1	(delta): 0
81 (QN/Block) 	Elapsed: 0.027	Loglikelihood: -58962.1	(delta): 7.27596e-12
82 (QN/Block) 	Elapsed: 0.027	Loglikelihood: -58962.1	(delta): -7.27596e-12
83 (QN/Block) 	Elapsed: 0.028	Loglikelihood: -58962.1	(delta): 0
84 (QN/Block) 	Elapsed: 0.025	Loglikelihood: -58962.1	(delta): -7.27596e-12
85 (QN/Block) 	Elapsed: 0.027	Loglikelihood: -58962.1	(delta): 0
86 (QN/Block) 	Elapsed: 0.028	Loglikelihood: -58962.1	(delta): 0
87 (QN/Block) 	Elapsed: 0.029	Loglikelihood: -58962.1	(delta): 0
88 (QN/Block) 	Elapsed: 0.028	Loglikelihood: -58962.1	(delta): 7.27596e-12
89 (QN/Block) 	Elapsed: 0.026	Loglikelihood: -58962.1	(delta): -7.27596e-12
90 (QN/Block) 	Elapsed: 0.028	Loglikelihood: -58962.1	(delta): 7.27596e-12
91 (QN/Block) 	Elapsed: 0.025	Loglikelihood: -58962.1	(delta): 0
92 (QN/Block) 	Elapsed: 0.025	Loglikelihood: -58962.1	(delta): -7.27596e-12
93 (QN/Block) 	Elapsed: 0.025	Loglikelihood: -58962.1	(delta): 7.27596e-12
94 (QN/Block) 	Elapsed: 0.023	Loglikelihood: -58962.1	(delta): -7.27596e-12
95 (QN/Block) 	Elapsed: 0.026	Loglikelihood: -58962.1	(delta): 0
96 (QN/Block) 	Elapsed: 0.022	Loglikelihood: -58962.1	(delta): 0
97 (QN/Block) 	Elapsed: 0.024	Loglikelihood: -58962.1	(delta): 0
98 (QN/Block) 	Elapsed: 0.023	Loglikelihood: -58962.1	(delta): 0
99 (QN/Block) 	Elapsed: 0.023	Loglikelihood: -58962.1	(delta): 0
100 (QN/Block) 	Elapsed: 0.022	Loglikelihood: -58962.1	(delta): 0
Summary: 
Converged in 100 iterations (2.712 sec)
Loglikelihood: -58962.072177
Fst divergences between estimated populations: 
	Pop0	Pop1	Pop2	Pop3	
Pop0	
Pop1	0.530	
Pop2	0.555	0.150	
Pop3	0.411	0.472	0.496	
Pop4	0.163	0.548	0.571	0.428	
CV error (K=5): 0.41556
Writing output files.
