****                   ADMIXTURE Version 1.3.0                  ****
****                    Copyright 2008-2015                     ****
****           David Alexander, Suyash Shringarpure,            ****
****                John  Novembre, Ken Lange                   ****
****                                                            ****
****                 Please cite our paper!                     ****
****   Information at www.genetics.ucla.edu/software/admixture  ****

Parallel execution requested.  Will use 8 threads.
Cross-validation will be performed.  Folds=10.
Random seed: 43
Point estimation method: Block relaxation algorithm
Convergence acceleration algorithm: QuasiNewton, 3 secant conditions
Point estimation will terminate at 100 iterations
Estimation of standard errors disabled; will compute point estimates only.
Size of G: 121x1282
Performing five EM steps to prime main algorithm
1 (EM) 	Elapsed: 0.003	Loglikelihood: -102650	(delta): 152872
2 (EM) 	Elapsed: 0.003	Loglikelihood: -98151.7	(delta): 4498.46
3 (EM) 	Elapsed: 0.004	Loglikelihood: -96269.7	(delta): 1882.06
4 (EM) 	Elapsed: 0.004	Loglikelihood: -94650.9	(delta): 1618.79
5 (EM) 	Elapsed: 0.003	Loglikelihood: -92962.2	(delta): 1688.72
Initial loglikelihood: -92962.2
Starting main algorithm
1 (QN/Block) 	Elapsed: 0.014	Loglikelihood: -75081.3	(delta): 17880.9
2 (QN/Block) 	Elapsed: 0.012	Loglikelihood: -73537.8	(delta): 1543.52
3 (QN/Block) 	Elapsed: 0.014	Loglikelihood: -72922.9	(delta): 614.858
4 (QN/Block) 	Elapsed: 0.017	Loglikelihood: -72600	(delta): 322.886
5 (QN/Block) 	Elapsed: 0.014	Loglikelihood: -72590.7	(delta): 9.29404
6 (QN/Block) 	Elapsed: 0.015	Loglikelihood: -72503.1	(delta): 87.6504
7 (QN/Block) 	Elapsed: 0.012	Loglikelihood: -72463.8	(delta): 39.2507
8 (QN/Block) 	Elapsed: 0.018	Loglikelihood: -72437.1	(delta): 26.6956
9 (QN/Block) 	Elapsed: 0.017	Loglikelihood: -72426.9	(delta): 10.209
10 (QN/Block) 	Elapsed: 0.015	Loglikelihood: -72424.5	(delta): 2.39027
11 (QN/Block) 	Elapsed: 0.014	Loglikelihood: -72424.4	(delta): 0.0832173
12 (QN/Block) 	Elapsed: 0.015	Loglikelihood: -72424.4	(delta): 1.46988e-05
13 (QN/Block) 	Elapsed: 0.017	Loglikelihood: -72424.4	(delta): 2.33267e-08
14 (QN/Block) 	Elapsed: 0.017	Loglikelihood: -72424.4	(delta): 1.45519e-11
15 (QN/Block) 	Elapsed: 0.017	Loglikelihood: -72424.4	(delta): 1.45519e-11
16 (QN/Block) 	Elapsed: 0.018	Loglikelihood: -72424.4	(delta): 0
17 (QN/Block) 	Elapsed: 0.015	Loglikelihood: -72424.4	(delta): -1.45519e-11
18 (QN/Block) 	Elapsed: 0.015	Loglikelihood: -72424.4	(delta): 0
19 (QN/Block) 	Elapsed: 0.019	Loglikelihood: -72424.4	(delta): 1.45519e-11
20 (QN/Block) 	Elapsed: 0.016	Loglikelihood: -72424.4	(delta): 1.45519e-11
21 (QN/Block) 	Elapsed: 0.016	Loglikelihood: -72424.4	(delta): -1.45519e-11
22 (QN/Block) 	Elapsed: 0.016	Loglikelihood: -72424.4	(delta): 0
23 (QN/Block) 	Elapsed: 0.016	Loglikelihood: -72424.4	(delta): 0
24 (QN/Block) 	Elapsed: 0.014	Loglikelihood: -72424.4	(delta): 0
25 (QN/Block) 	Elapsed: 0.015	Loglikelihood: -72424.4	(delta): 0
26 (QN/Block) 	Elapsed: 0.015	Loglikelihood: -72424.4	(delta): 1.45519e-11
27 (QN/Block) 	Elapsed: 0.018	Loglikelihood: -72424.4	(delta): 0
28 (QN/Block) 	Elapsed: 0.02	Loglikelihood: -72424.4	(delta): -1.45519e-11
29 (QN/Block) 	Elapsed: 0.018	Loglikelihood: -72424.4	(delta): 0
30 (QN/Block) 	Elapsed: 0.015	Loglikelihood: -72424.4	(delta): 0
31 (QN/Block) 	Elapsed: 0.018	Loglikelihood: -72424.4	(delta): 0
32 (QN/Block) 	Elapsed: 0.015	Loglikelihood: -72424.4	(delta): 0
33 (QN/Block) 	Elapsed: 0.017	Loglikelihood: -72424.4	(delta): 0
34 (QN/Block) 	Elapsed: 0.016	Loglikelihood: -72424.4	(delta): 0
35 (QN/Block) 	Elapsed: 0.015	Loglikelihood: -72424.4	(delta): 0
36 (QN/Block) 	Elapsed: 0.018	Loglikelihood: -72424.4	(delta): 0
37 (QN/Block) 	Elapsed: 0.017	Loglikelihood: -72424.4	(delta): 0
38 (QN/Block) 	Elapsed: 0.016	Loglikelihood: -72424.4	(delta): 0
39 (QN/Block) 	Elapsed: 0.016	Loglikelihood: -72424.4	(delta): 1.45519e-11
40 (QN/Block) 	Elapsed: 0.017	Loglikelihood: -72424.4	(delta): -1.45519e-11
41 (QN/Block) 	Elapsed: 0.018	Loglikelihood: -72424.4	(delta): 0
42 (QN/Block) 	Elapsed: 0.02	Loglikelihood: -72424.4	(delta): 0
43 (QN/Block) 	Elapsed: 0.017	Loglikelihood: -72424.4	(delta): 1.45519e-11
44 (QN/Block) 	Elapsed: 0.015	Loglikelihood: -72424.4	(delta): 0
45 (QN/Block) 	Elapsed: 0.013	Loglikelihood: -72424.4	(delta): -1.45519e-11
46 (QN/Block) 	Elapsed: 0.013	Loglikelihood: -72424.4	(delta): 0
47 (QN/Block) 	Elapsed: 0.012	Loglikelihood: -72424.4	(delta): 0
48 (QN/Block) 	Elapsed: 0.014	Loglikelihood: -72424.4	(delta): 0
49 (QN/Block) 	Elapsed: 0.014	Loglikelihood: -72424.4	(delta): -1.45519e-11
50 (QN/Block) 	Elapsed: 0.016	Loglikelihood: -72424.4	(delta): 1.45519e-11
51 (QN/Block) 	Elapsed: 0.015	Loglikelihood: -72424.4	(delta): 0
52 (QN/Block) 	Elapsed: 0.015	Loglikelihood: -72424.4	(delta): 0
53 (QN/Block) 	Elapsed: 0.013	Loglikelihood: -72424.4	(delta): 0
54 (QN/Block) 	Elapsed: 0.016	Loglikelihood: -72424.4	(delta): 0
55 (QN/Block) 	Elapsed: 0.015	Loglikelihood: -72424.4	(delta): 0
56 (QN/Block) 	Elapsed: 0.018	Loglikelihood: -72424.4	(delta): 0
57 (QN/Block) 	Elapsed: 0.016	Loglikelihood: -72424.4	(delta): -1.45519e-11
58 (QN/Block) 	Elapsed: 0.017	Loglikelihood: -72424.4	(delta): 1.45519e-11
59 (QN/Block) 	Elapsed: 0.013	Loglikelihood: -72424.4	(delta): 1.45519e-11
60 (QN/Block) 	Elapsed: 0.016	Loglikelihood: -72424.4	(delta): -1.45519e-11
61 (QN/Block) 	Elapsed: 0.016	Loglikelihood: -72424.4	(delta): 0
62 (QN/Block) 	Elapsed: 0.018	Loglikelihood: -72424.4	(delta): 0
63 (QN/Block) 	Elapsed: 0.017	Loglikelihood: -72424.4	(delta): 0
64 (QN/Block) 	Elapsed: 0.015	Loglikelihood: -72424.4	(delta): 0
65 (QN/Block) 	Elapsed: 0.015	Loglikelihood: -72424.4	(delta): 0
66 (QN/Block) 	Elapsed: 0.017	Loglikelihood: -72424.4	(delta): 0
67 (QN/Block) 	Elapsed: 0.017	Loglikelihood: -72424.4	(delta): 0
68 (QN/Block) 	Elapsed: 0.018	Loglikelihood: -72424.4	(delta): 0
69 (QN/Block) 	Elapsed: 0.017	Loglikelihood: -72424.4	(delta): 0
70 (QN/Block) 	Elapsed: 0.016	Loglikelihood: -72424.4	(delta): 0
71 (QN/Block) 	Elapsed: 0.018	Loglikelihood: -72424.4	(delta): 0
72 (QN/Block) 	Elapsed: 0.017	Loglikelihood: -72424.4	(delta): 0
73 (QN/Block) 	Elapsed: 0.017	Loglikelihood: -72424.4	(delta): 0
74 (QN/Block) 	Elapsed: 0.017	Loglikelihood: -72424.4	(delta): 1.45519e-11
75 (QN/Block) 	Elapsed: 0.015	Loglikelihood: -72424.4	(delta): -1.45519e-11
76 (QN/Block) 	Elapsed: 0.017	Loglikelihood: -72424.4	(delta): 0
77 (QN/Block) 	Elapsed: 0.017	Loglikelihood: -72424.4	(delta): 0
78 (QN/Block) 	Elapsed: 0.016	Loglikelihood: -72424.4	(delta): 0
79 (QN/Block) 	Elapsed: 0.016	Loglikelihood: -72424.4	(delta): 0
80 (QN/Block) 	Elapsed: 0.019	Loglikelihood: -72424.4	(delta): 0
81 (QN/Block) 	Elapsed: 0.016	Loglikelihood: -72424.4	(delta): 0
82 (QN/Block) 	Elapsed: 0.02	Loglikelihood: -72424.4	(delta): 0
83 (QN/Block) 	Elapsed: 0.015	Loglikelihood: -72424.4	(delta): 0
84 (QN/Block) 	Elapsed: 0.016	Loglikelihood: -72424.4	(delta): 0
85 (QN/Block) 	Elapsed: 0.017	Loglikelihood: -72424.4	(delta): 1.45519e-11
86 (QN/Block) 	Elapsed: 0.016	Loglikelihood: -72424.4	(delta): -1.45519e-11
87 (QN/Block) 	Elapsed: 0.02	Loglikelihood: -72424.4	(delta): 0
88 (QN/Block) 	Elapsed: 0.014	Loglikelihood: -72424.4	(delta): 0
89 (QN/Block) 	Elapsed: 0.017	Loglikelihood: -72424.4	(delta): 0
90 (QN/Block) 	Elapsed: 0.018	Loglikelihood: -72424.4	(delta): 0
91 (QN/Block) 	Elapsed: 0.017	Loglikelihood: -72424.4	(delta): 0
92 (QN/Block) 	Elapsed: 0.017	Loglikelihood: -72424.4	(delta): 0
93 (QN/Block) 	Elapsed: 0.018	Loglikelihood: -72424.4	(delta): 0
94 (QN/Block) 	Elapsed: 0.019	Loglikelihood: -72424.4	(delta): 1.45519e-11
95 (QN/Block) 	Elapsed: 0.016	Loglikelihood: -72424.4	(delta): -1.45519e-11
96 (QN/Block) 	Elapsed: 0.016	Loglikelihood: -72424.4	(delta): 0
97 (QN/Block) 	Elapsed: 0.014	Loglikelihood: -72424.4	(delta): 0
98 (QN/Block) 	Elapsed: 0.016	Loglikelihood: -72424.4	(delta): 0
99 (QN/Block) 	Elapsed: 0.014	Loglikelihood: -72424.4	(delta): 0
100 (QN/Block) 	Elapsed: 0.014	Loglikelihood: -72424.4	(delta): 1.45519e-11
Summary: 
Converged in 100 iterations (1.75 sec)
Loglikelihood: -72424.446780
Fst divergences between estimated populations: 
	Pop0	
Pop0	
Pop1	0.454	
CV error (K=2): 0.45131
Writing output files.
