****                   ADMIXTURE Version 1.3.0                  ****
****                    Copyright 2008-2015                     ****
****           David Alexander, Suyash Shringarpure,            ****
****                John  Novembre, Ken Lange                   ****
****                                                            ****
****                 Please cite our paper!                     ****
****   Information at www.genetics.ucla.edu/software/admixture  ****

Parallel execution requested.  Will use 8 threads.
Cross-validation will be performed.  Folds=10.
Random seed: 43
Point estimation method: Block relaxation algorithm
Convergence acceleration algorithm: QuasiNewton, 3 secant conditions
Point estimation will terminate at 100 iterations
Estimation of standard errors disabled; will compute point estimates only.
Size of G: 121x1282
Performing five EM steps to prime main algorithm
1 (EM) 	Elapsed: 0.022	Loglikelihood: -104787	(delta): 106419
2 (EM) 	Elapsed: 0.023	Loglikelihood: -99547.1	(delta): 5239.67
3 (EM) 	Elapsed: 0.023	Loglikelihood: -97890.4	(delta): 1656.75
4 (EM) 	Elapsed: 0.023	Loglikelihood: -96420.4	(delta): 1469.91
5 (EM) 	Elapsed: 0.022	Loglikelihood: -94720.2	(delta): 1700.22
Initial loglikelihood: -94720.2
Starting main algorithm
1 (QN/Block) 	Elapsed: 0.03	Loglikelihood: -65026.2	(delta): 29694.1
2 (QN/Block) 	Elapsed: 0.031	Loglikelihood: -59344.7	(delta): 5681.46
3 (QN/Block) 	Elapsed: 0.028	Loglikelihood: -56909.3	(delta): 2435.43
4 (QN/Block) 	Elapsed: 0.029	Loglikelihood: -55489.2	(delta): 1420.03
5 (QN/Block) 	Elapsed: 0.028	Loglikelihood: -54924.7	(delta): 564.543
6 (QN/Block) 	Elapsed: 0.041	Loglikelihood: -54719.3	(delta): 205.355
7 (QN/Block) 	Elapsed: 0.04	Loglikelihood: -54622.2	(delta): 97.1097
8 (QN/Block) 	Elapsed: 0.035	Loglikelihood: -54581.1	(delta): 41.1043
9 (QN/Block) 	Elapsed: 0.038	Loglikelihood: -54557.4	(delta): 23.7612
10 (QN/Block) 	Elapsed: 0.042	Loglikelihood: -54543.7	(delta): 13.6827
11 (QN/Block) 	Elapsed: 0.041	Loglikelihood: -54533.5	(delta): 10.181
12 (QN/Block) 	Elapsed: 0.04	Loglikelihood: -54519.1	(delta): 14.4392
13 (QN/Block) 	Elapsed: 0.039	Loglikelihood: -54510.4	(delta): 8.6467
14 (QN/Block) 	Elapsed: 0.04	Loglikelihood: -54492	(delta): 18.3706
15 (QN/Block) 	Elapsed: 0.037	Loglikelihood: -54457	(delta): 35.0525
16 (QN/Block) 	Elapsed: 0.04	Loglikelihood: -54422.6	(delta): 34.3832
17 (QN/Block) 	Elapsed: 0.031	Loglikelihood: -54397.9	(delta): 24.7403
18 (QN/Block) 	Elapsed: 0.035	Loglikelihood: -54391.3	(delta): 6.54184
19 (QN/Block) 	Elapsed: 0.036	Loglikelihood: -54375.6	(delta): 15.7646
20 (QN/Block) 	Elapsed: 0.038	Loglikelihood: -54367	(delta): 8.58586
21 (QN/Block) 	Elapsed: 0.04	Loglikelihood: -54365.5	(delta): 1.4422
22 (QN/Block) 	Elapsed: 0.038	Loglikelihood: -54363.3	(delta): 2.27068
23 (QN/Block) 	Elapsed: 0.041	Loglikelihood: -54361.6	(delta): 1.67729
24 (QN/Block) 	Elapsed: 0.037	Loglikelihood: -54360.2	(delta): 1.39307
25 (QN/Block) 	Elapsed: 0.038	Loglikelihood: -54359.1	(delta): 1.06742
26 (QN/Block) 	Elapsed: 0.042	Loglikelihood: -54357.8	(delta): 1.32866
27 (QN/Block) 	Elapsed: 0.043	Loglikelihood: -54357.3	(delta): 0.480108
28 (QN/Block) 	Elapsed: 0.039	Loglikelihood: -54357.3	(delta): 0.0309185
29 (QN/Block) 	Elapsed: 0.036	Loglikelihood: -54357.2	(delta): 0.0333511
30 (QN/Block) 	Elapsed: 0.036	Loglikelihood: -54357.2	(delta): 0.0822058
31 (QN/Block) 	Elapsed: 0.038	Loglikelihood: -54357.1	(delta): 0.0935543
32 (QN/Block) 	Elapsed: 0.04	Loglikelihood: -54357	(delta): 0.0321937
33 (QN/Block) 	Elapsed: 0.034	Loglikelihood: -54357	(delta): 0.0565704
34 (QN/Block) 	Elapsed: 0.032	Loglikelihood: -54356.9	(delta): 0.090296
35 (QN/Block) 	Elapsed: 0.043	Loglikelihood: -54356.7	(delta): 0.146571
36 (QN/Block) 	Elapsed: 0.04	Loglikelihood: -54356.5	(delta): 0.262651
37 (QN/Block) 	Elapsed: 0.041	Loglikelihood: -54356	(delta): 0.454981
38 (QN/Block) 	Elapsed: 0.039	Loglikelihood: -54355.4	(delta): 0.593294
39 (QN/Block) 	Elapsed: 0.038	Loglikelihood: -54355.4	(delta): 0.0859258
40 (QN/Block) 	Elapsed: 0.032	Loglikelihood: -54355.3	(delta): 0.00662657
41 (QN/Block) 	Elapsed: 0.038	Loglikelihood: -54355.3	(delta): 0.00144854
42 (QN/Block) 	Elapsed: 0.033	Loglikelihood: -54355.3	(delta): 0.000181299
43 (QN/Block) 	Elapsed: 0.037	Loglikelihood: -54355.3	(delta): 2.4434e-05
44 (QN/Block) 	Elapsed: 0.034	Loglikelihood: -54355.3	(delta): 1.71274e-06
45 (QN/Block) 	Elapsed: 0.042	Loglikelihood: -54355.3	(delta): 1.44471e-07
46 (QN/Block) 	Elapsed: 0.036	Loglikelihood: -54355.3	(delta): 4.27826e-09
47 (QN/Block) 	Elapsed: 0.033	Loglikelihood: -54355.3	(delta): 4.58385e-10
48 (QN/Block) 	Elapsed: 0.034	Loglikelihood: -54355.3	(delta): 8.00355e-11
49 (QN/Block) 	Elapsed: 0.035	Loglikelihood: -54355.3	(delta): 1.45519e-11
50 (QN/Block) 	Elapsed: 0.033	Loglikelihood: -54355.3	(delta): 0
51 (QN/Block) 	Elapsed: 0.035	Loglikelihood: -54355.3	(delta): 0
52 (QN/Block) 	Elapsed: 0.044	Loglikelihood: -54355.3	(delta): 7.27596e-12
53 (QN/Block) 	Elapsed: 0.038	Loglikelihood: -54355.3	(delta): 0
54 (QN/Block) 	Elapsed: 0.037	Loglikelihood: -54355.3	(delta): -1.45519e-11
55 (QN/Block) 	Elapsed: 0.048	Loglikelihood: -54355.3	(delta): 7.27596e-12
56 (QN/Block) 	Elapsed: 0.048	Loglikelihood: -54355.3	(delta): 7.27596e-12
57 (QN/Block) 	Elapsed: 0.046	Loglikelihood: -54355.3	(delta): 0
58 (QN/Block) 	Elapsed: 0.05	Loglikelihood: -54355.3	(delta): 0
59 (QN/Block) 	Elapsed: 0.047	Loglikelihood: -54355.3	(delta): 0
60 (QN/Block) 	Elapsed: 0.044	Loglikelihood: -54355.3	(delta): 0
61 (QN/Block) 	Elapsed: 0.045	Loglikelihood: -54355.3	(delta): -7.27596e-12
62 (QN/Block) 	Elapsed: 0.039	Loglikelihood: -54355.3	(delta): 1.45519e-11
63 (QN/Block) 	Elapsed: 0.037	Loglikelihood: -54355.3	(delta): -1.45519e-11
64 (QN/Block) 	Elapsed: 0.041	Loglikelihood: -54355.3	(delta): 7.27596e-12
65 (QN/Block) 	Elapsed: 0.035	Loglikelihood: -54355.3	(delta): -1.45519e-11
66 (QN/Block) 	Elapsed: 0.035	Loglikelihood: -54355.3	(delta): 2.18279e-11
67 (QN/Block) 	Elapsed: 0.047	Loglikelihood: -54355.3	(delta): -2.18279e-11
68 (QN/Block) 	Elapsed: 0.047	Loglikelihood: -54355.3	(delta): 7.27596e-12
69 (QN/Block) 	Elapsed: 0.048	Loglikelihood: -54355.3	(delta): 7.27596e-12
70 (QN/Block) 	Elapsed: 0.043	Loglikelihood: -54355.3	(delta): -7.27596e-12
71 (QN/Block) 	Elapsed: 0.044	Loglikelihood: -54355.3	(delta): 7.27596e-12
72 (QN/Block) 	Elapsed: 0.044	Loglikelihood: -54355.3	(delta): 7.27596e-12
73 (QN/Block) 	Elapsed: 0.044	Loglikelihood: -54355.3	(delta): -7.27596e-12
74 (QN/Block) 	Elapsed: 0.045	Loglikelihood: -54355.3	(delta): 7.27596e-12
75 (QN/Block) 	Elapsed: 0.034	Loglikelihood: -54355.3	(delta): -7.27596e-12
76 (QN/Block) 	Elapsed: 0.041	Loglikelihood: -54355.3	(delta): 7.27596e-12
77 (QN/Block) 	Elapsed: 0.04	Loglikelihood: -54355.3	(delta): -2.18279e-11
78 (QN/Block) 	Elapsed: 0.041	Loglikelihood: -54355.3	(delta): 7.27596e-12
79 (QN/Block) 	Elapsed: 0.051	Loglikelihood: -54355.3	(delta): 0
80 (QN/Block) 	Elapsed: 0.048	Loglikelihood: -54355.3	(delta): -7.27596e-12
81 (QN/Block) 	Elapsed: 0.047	Loglikelihood: -54355.3	(delta): 1.45519e-11
82 (QN/Block) 	Elapsed: 0.042	Loglikelihood: -54355.3	(delta): -7.27596e-12
83 (QN/Block) 	Elapsed: 0.046	Loglikelihood: -54355.3	(delta): 1.45519e-11
84 (QN/Block) 	Elapsed: 0.046	Loglikelihood: -54355.3	(delta): 0
85 (QN/Block) 	Elapsed: 0.044	Loglikelihood: -54355.3	(delta): -1.45519e-11
86 (QN/Block) 	Elapsed: 0.045	Loglikelihood: -54355.3	(delta): 1.45519e-11
87 (QN/Block) 	Elapsed: 0.046	Loglikelihood: -54355.3	(delta): 0
88 (QN/Block) 	Elapsed: 0.042	Loglikelihood: -54355.3	(delta): -7.27596e-12
89 (QN/Block) 	Elapsed: 0.042	Loglikelihood: -54355.3	(delta): 7.27596e-12
90 (QN/Block) 	Elapsed: 0.036	Loglikelihood: -54355.3	(delta): -7.27596e-12
91 (QN/Block) 	Elapsed: 0.038	Loglikelihood: -54355.3	(delta): 7.27596e-12
92 (QN/Block) 	Elapsed: 0.042	Loglikelihood: -54355.3	(delta): 0
93 (QN/Block) 	Elapsed: 0.046	Loglikelihood: -54355.3	(delta): -7.27596e-12
94 (QN/Block) 	Elapsed: 0.042	Loglikelihood: -54355.3	(delta): 0
95 (QN/Block) 	Elapsed: 0.039	Loglikelihood: -54355.3	(delta): 1.45519e-11
96 (QN/Block) 	Elapsed: 0.038	Loglikelihood: -54355.3	(delta): -7.27596e-12
97 (QN/Block) 	Elapsed: 0.038	Loglikelihood: -54355.3	(delta): 0
98 (QN/Block) 	Elapsed: 0.038	Loglikelihood: -54355.3	(delta): 7.27596e-12
99 (QN/Block) 	Elapsed: 0.036	Loglikelihood: -54355.3	(delta): -7.27596e-12
100 (QN/Block) 	Elapsed: 0.04	Loglikelihood: -54355.3	(delta): 0
Summary: 
Converged in 100 iterations (4.22 sec)
Loglikelihood: -54355.343399
Fst divergences between estimated populations: 
	Pop0	Pop1	Pop2	Pop3	Pop4	Pop5	Pop6	Pop7	
Pop0	
Pop1	0.348	
Pop2	0.239	0.306	
Pop3	0.479	0.510	0.494	
Pop4	0.214	0.322	0.209	0.449	
Pop5	0.205	0.368	0.235	0.480	0.221	
Pop6	0.589	0.623	0.604	0.526	0.564	0.603	
Pop7	0.560	0.597	0.578	0.499	0.535	0.577	0.161	
Pop8	0.490	0.528	0.510	0.239	0.461	0.496	0.544	0.516	
CV error (K=9): 0.46426
Writing output files.
