****                   ADMIXTURE Version 1.3.0                  ****
****                    Copyright 2008-2015                     ****
****           David Alexander, Suyash Shringarpure,            ****
****                John  Novembre, Ken Lange                   ****
****                                                            ****
****                 Please cite our paper!                     ****
****   Information at www.genetics.ucla.edu/software/admixture  ****

Parallel execution requested.  Will use 8 threads.
Cross-validation will be performed.  Folds=10.
Random seed: 43
Point estimation method: Block relaxation algorithm
Convergence acceleration algorithm: QuasiNewton, 3 secant conditions
Point estimation will terminate at 100 iterations
Estimation of standard errors disabled; will compute point estimates only.
Size of G: 121x1282
Performing five EM steps to prime main algorithm
1 (EM) 	Elapsed: 0.018	Loglikelihood: -104918	(delta): 108540
2 (EM) 	Elapsed: 0.018	Loglikelihood: -99743.3	(delta): 5175.11
3 (EM) 	Elapsed: 0.019	Loglikelihood: -98311.1	(delta): 1432.26
4 (EM) 	Elapsed: 0.019	Loglikelihood: -97157.3	(delta): 1153.8
5 (EM) 	Elapsed: 0.019	Loglikelihood: -95932.5	(delta): 1224.73
Initial loglikelihood: -95932.5
Starting main algorithm
1 (QN/Block) 	Elapsed: 0.029	Loglikelihood: -65120.4	(delta): 30812.1
2 (QN/Block) 	Elapsed: 0.025	Loglikelihood: -60793.2	(delta): 4327.2
3 (QN/Block) 	Elapsed: 0.029	Loglikelihood: -58459	(delta): 2334.26
4 (QN/Block) 	Elapsed: 0.027	Loglikelihood: -57030	(delta): 1428.95
5 (QN/Block) 	Elapsed: 0.034	Loglikelihood: -56313.2	(delta): 716.847
6 (QN/Block) 	Elapsed: 0.038	Loglikelihood: -56020.5	(delta): 292.683
7 (QN/Block) 	Elapsed: 0.033	Loglikelihood: -55901.4	(delta): 119.064
8 (QN/Block) 	Elapsed: 0.034	Loglikelihood: -55839.2	(delta): 62.2155
9 (QN/Block) 	Elapsed: 0.033	Loglikelihood: -55809	(delta): 30.1465
10 (QN/Block) 	Elapsed: 0.033	Loglikelihood: -55795	(delta): 14.0342
11 (QN/Block) 	Elapsed: 0.03	Loglikelihood: -55785.2	(delta): 9.80772
12 (QN/Block) 	Elapsed: 0.037	Loglikelihood: -55779.4	(delta): 5.84838
13 (QN/Block) 	Elapsed: 0.038	Loglikelihood: -55776.6	(delta): 2.7509
14 (QN/Block) 	Elapsed: 0.037	Loglikelihood: -55771	(delta): 5.65615
15 (QN/Block) 	Elapsed: 0.035	Loglikelihood: -55763	(delta): 7.9339
16 (QN/Block) 	Elapsed: 0.033	Loglikelihood: -55758.6	(delta): 4.4464
17 (QN/Block) 	Elapsed: 0.027	Loglikelihood: -55756.3	(delta): 2.25281
18 (QN/Block) 	Elapsed: 0.032	Loglikelihood: -55755	(delta): 1.30664
19 (QN/Block) 	Elapsed: 0.03	Loglikelihood: -55751.8	(delta): 3.17736
20 (QN/Block) 	Elapsed: 0.039	Loglikelihood: -55749.8	(delta): 1.98659
21 (QN/Block) 	Elapsed: 0.042	Loglikelihood: -55748.4	(delta): 1.47147
22 (QN/Block) 	Elapsed: 0.037	Loglikelihood: -55747.4	(delta): 0.982116
23 (QN/Block) 	Elapsed: 0.033	Loglikelihood: -55747.2	(delta): 0.219579
24 (QN/Block) 	Elapsed: 0.033	Loglikelihood: -55747.1	(delta): 0.103663
25 (QN/Block) 	Elapsed: 0.033	Loglikelihood: -55747.1	(delta): 0.00464213
26 (QN/Block) 	Elapsed: 0.033	Loglikelihood: -55747.1	(delta): 0.000987715
27 (QN/Block) 	Elapsed: 0.033	Loglikelihood: -55747.1	(delta): 0.000424823
28 (QN/Block) 	Elapsed: 0.032	Loglikelihood: -55747.1	(delta): 7.3549e-05
29 (QN/Block) 	Elapsed: 0.034	Loglikelihood: -55747.1	(delta): 7.99381e-05
30 (QN/Block) 	Elapsed: 0.041	Loglikelihood: -55747.1	(delta): 5.3323e-05
31 (QN/Block) 	Elapsed: 0.034	Loglikelihood: -55747.1	(delta): 0.000187427
32 (QN/Block) 	Elapsed: 0.033	Loglikelihood: -55747.1	(delta): 0.00051204
33 (QN/Block) 	Elapsed: 0.03	Loglikelihood: -55747.1	(delta): 0.000271435
34 (QN/Block) 	Elapsed: 0.028	Loglikelihood: -55747.1	(delta): 0.000330982
35 (QN/Block) 	Elapsed: 0.03	Loglikelihood: -55747.1	(delta): 0.000441799
36 (QN/Block) 	Elapsed: 0.04	Loglikelihood: -55747.1	(delta): 0.000590383
37 (QN/Block) 	Elapsed: 0.044	Loglikelihood: -55747.1	(delta): 0.000775941
38 (QN/Block) 	Elapsed: 0.04	Loglikelihood: -55747.1	(delta): 0.000996774
39 (QN/Block) 	Elapsed: 0.04	Loglikelihood: -55747.1	(delta): 0.00124665
40 (QN/Block) 	Elapsed: 0.04	Loglikelihood: -55747.1	(delta): 0.00151151
41 (QN/Block) 	Elapsed: 0.038	Loglikelihood: -55747.1	(delta): 0.00169618
42 (QN/Block) 	Elapsed: 0.037	Loglikelihood: -55747.1	(delta): 0.00181096
43 (QN/Block) 	Elapsed: 0.038	Loglikelihood: -55747.1	(delta): 0.00199894
44 (QN/Block) 	Elapsed: 0.04	Loglikelihood: -55747	(delta): 0.00274359
45 (QN/Block) 	Elapsed: 0.036	Loglikelihood: -55747	(delta): 0.0043224
46 (QN/Block) 	Elapsed: 0.033	Loglikelihood: -55747	(delta): 0.00706639
47 (QN/Block) 	Elapsed: 0.032	Loglikelihood: -55747	(delta): 0.0116487
48 (QN/Block) 	Elapsed: 0.033	Loglikelihood: -55747	(delta): 0.00900504
49 (QN/Block) 	Elapsed: 0.031	Loglikelihood: -55747	(delta): 0.00379851
50 (QN/Block) 	Elapsed: 0.031	Loglikelihood: -55747	(delta): 0.000602578
51 (QN/Block) 	Elapsed: 0.03	Loglikelihood: -55747	(delta): 1.1171e-05
52 (QN/Block) 	Elapsed: 0.03	Loglikelihood: -55747	(delta): 4.58359e-06
53 (QN/Block) 	Elapsed: 0.03	Loglikelihood: -55747	(delta): 1.75329e-07
54 (QN/Block) 	Elapsed: 0.039	Loglikelihood: -55747	(delta): 9.98261e-09
55 (QN/Block) 	Elapsed: 0.039	Loglikelihood: -55747	(delta): 4.65661e-10
56 (QN/Block) 	Elapsed: 0.038	Loglikelihood: -55747	(delta): 4.36557e-11
57 (QN/Block) 	Elapsed: 0.037	Loglikelihood: -55747	(delta): 2.91038e-11
58 (QN/Block) 	Elapsed: 0.038	Loglikelihood: -55747	(delta): 0
59 (QN/Block) 	Elapsed: 0.039	Loglikelihood: -55747	(delta): 0
60 (QN/Block) 	Elapsed: 0.037	Loglikelihood: -55747	(delta): 7.27596e-12
61 (QN/Block) 	Elapsed: 0.033	Loglikelihood: -55747	(delta): -7.27596e-12
62 (QN/Block) 	Elapsed: 0.033	Loglikelihood: -55747	(delta): 0
63 (QN/Block) 	Elapsed: 0.033	Loglikelihood: -55747	(delta): 7.27596e-12
64 (QN/Block) 	Elapsed: 0.031	Loglikelihood: -55747	(delta): 0
65 (QN/Block) 	Elapsed: 0.038	Loglikelihood: -55747	(delta): 7.27596e-12
66 (QN/Block) 	Elapsed: 0.041	Loglikelihood: -55747	(delta): -7.27596e-12
67 (QN/Block) 	Elapsed: 0.04	Loglikelihood: -55747	(delta): -7.27596e-12
68 (QN/Block) 	Elapsed: 0.039	Loglikelihood: -55747	(delta): 1.45519e-11
69 (QN/Block) 	Elapsed: 0.042	Loglikelihood: -55747	(delta): 0
70 (QN/Block) 	Elapsed: 0.04	Loglikelihood: -55747	(delta): -7.27596e-12
71 (QN/Block) 	Elapsed: 0.034	Loglikelihood: -55747	(delta): -7.27596e-12
72 (QN/Block) 	Elapsed: 0.037	Loglikelihood: -55747	(delta): 7.27596e-12
73 (QN/Block) 	Elapsed: 0.036	Loglikelihood: -55747	(delta): 0
74 (QN/Block) 	Elapsed: 0.035	Loglikelihood: -55747	(delta): 7.27596e-12
75 (QN/Block) 	Elapsed: 0.035	Loglikelihood: -55747	(delta): -7.27596e-12
76 (QN/Block) 	Elapsed: 0.033	Loglikelihood: -55747	(delta): 1.45519e-11
77 (QN/Block) 	Elapsed: 0.036	Loglikelihood: -55747	(delta): -7.27596e-12
78 (QN/Block) 	Elapsed: 0.036	Loglikelihood: -55747	(delta): 7.27596e-12
79 (QN/Block) 	Elapsed: 0.035	Loglikelihood: -55747	(delta): 0
80 (QN/Block) 	Elapsed: 0.04	Loglikelihood: -55747	(delta): 0
81 (QN/Block) 	Elapsed: 0.043	Loglikelihood: -55747	(delta): 7.27596e-12
82 (QN/Block) 	Elapsed: 0.031	Loglikelihood: -55747	(delta): 0
83 (QN/Block) 	Elapsed: 0.039	Loglikelihood: -55747	(delta): -7.27596e-12
84 (QN/Block) 	Elapsed: 0.043	Loglikelihood: -55747	(delta): 7.27596e-12
85 (QN/Block) 	Elapsed: 0.043	Loglikelihood: -55747	(delta): 7.27596e-12
86 (QN/Block) 	Elapsed: 0.042	Loglikelihood: -55747	(delta): -2.18279e-11
87 (QN/Block) 	Elapsed: 0.043	Loglikelihood: -55747	(delta): 7.27596e-12
88 (QN/Block) 	Elapsed: 0.042	Loglikelihood: -55747	(delta): 1.45519e-11
89 (QN/Block) 	Elapsed: 0.041	Loglikelihood: -55747	(delta): -7.27596e-12
90 (QN/Block) 	Elapsed: 0.042	Loglikelihood: -55747	(delta): 0
91 (QN/Block) 	Elapsed: 0.039	Loglikelihood: -55747	(delta): 7.27596e-12
92 (QN/Block) 	Elapsed: 0.037	Loglikelihood: -55747	(delta): -7.27596e-12
93 (QN/Block) 	Elapsed: 0.035	Loglikelihood: -55747	(delta): 0
94 (QN/Block) 	Elapsed: 0.036	Loglikelihood: -55747	(delta): -7.27596e-12
95 (QN/Block) 	Elapsed: 0.04	Loglikelihood: -55747	(delta): 1.45519e-11
96 (QN/Block) 	Elapsed: 0.045	Loglikelihood: -55747	(delta): -7.27596e-12
97 (QN/Block) 	Elapsed: 0.041	Loglikelihood: -55747	(delta): 7.27596e-12
98 (QN/Block) 	Elapsed: 0.042	Loglikelihood: -55747	(delta): 7.27596e-12
99 (QN/Block) 	Elapsed: 0.042	Loglikelihood: -55747	(delta): -7.27596e-12
100 (QN/Block) 	Elapsed: 0.041	Loglikelihood: -55747	(delta): -7.27596e-12
Summary: 
Converged in 100 iterations (3.83 sec)
Loglikelihood: -55747.012166
Fst divergences between estimated populations: 
	Pop0	Pop1	Pop2	Pop3	Pop4	Pop5	Pop6	
Pop0	
Pop1	0.488	
Pop2	0.540	0.610	
Pop3	0.447	0.258	0.567	
Pop4	0.512	0.591	0.213	0.549	
Pop5	0.527	0.602	0.166	0.560	0.196	
Pop6	0.492	0.261	0.607	0.170	0.588	0.600	
Pop7	0.241	0.499	0.553	0.452	0.525	0.541	0.502	
CV error (K=8): 0.46193
Writing output files.
