****                   ADMIXTURE Version 1.3.0                  ****
****                    Copyright 2008-2015                     ****
****           David Alexander, Suyash Shringarpure,            ****
****                John  Novembre, Ken Lange                   ****
****                                                            ****
****                 Please cite our paper!                     ****
****   Information at www.genetics.ucla.edu/software/admixture  ****

Parallel execution requested.  Will use 8 threads.
Cross-validation will be performed.  Folds=10.
Random seed: 43
Point estimation method: Block relaxation algorithm
Convergence acceleration algorithm: QuasiNewton, 3 secant conditions
Point estimation will terminate at 100 iterations
Estimation of standard errors disabled; will compute point estimates only.
Size of G: 121x1282
Performing five EM steps to prime main algorithm
1 (EM) 	Elapsed: 0.013	Loglikelihood: -104872	(delta): 112495
2 (EM) 	Elapsed: 0.013	Loglikelihood: -99613.7	(delta): 5258.6
3 (EM) 	Elapsed: 0.013	Loglikelihood: -97944.1	(delta): 1669.69
4 (EM) 	Elapsed: 0.013	Loglikelihood: -96468.6	(delta): 1475.5
5 (EM) 	Elapsed: 0.016	Loglikelihood: -94777.1	(delta): 1691.47
Initial loglikelihood: -94777.1
Starting main algorithm
1 (QN/Block) 	Elapsed: 0.025	Loglikelihood: -67170.3	(delta): 27606.8
2 (QN/Block) 	Elapsed: 0.028	Loglikelihood: -62488.2	(delta): 4682.08
3 (QN/Block) 	Elapsed: 0.03	Loglikelihood: -59993.4	(delta): 2494.8
4 (QN/Block) 	Elapsed: 0.027	Loglikelihood: -58755.4	(delta): 1238.06
5 (QN/Block) 	Elapsed: 0.028	Loglikelihood: -58155.7	(delta): 599.709
6 (QN/Block) 	Elapsed: 0.03	Loglikelihood: -57955.6	(delta): 200.031
7 (QN/Block) 	Elapsed: 0.023	Loglikelihood: -57870.4	(delta): 85.207
8 (QN/Block) 	Elapsed: 0.023	Loglikelihood: -57841.5	(delta): 28.9522
9 (QN/Block) 	Elapsed: 0.024	Loglikelihood: -57830.2	(delta): 11.2817
10 (QN/Block) 	Elapsed: 0.027	Loglikelihood: -57823.9	(delta): 6.34304
11 (QN/Block) 	Elapsed: 0.029	Loglikelihood: -57817.2	(delta): 6.6153
12 (QN/Block) 	Elapsed: 0.029	Loglikelihood: -57813.4	(delta): 3.8859
13 (QN/Block) 	Elapsed: 0.029	Loglikelihood: -57811.3	(delta): 2.01355
14 (QN/Block) 	Elapsed: 0.027	Loglikelihood: -57810.5	(delta): 0.802689
15 (QN/Block) 	Elapsed: 0.029	Loglikelihood: -57809.5	(delta): 1.05422
16 (QN/Block) 	Elapsed: 0.033	Loglikelihood: -57808.8	(delta): 0.704145
17 (QN/Block) 	Elapsed: 0.031	Loglikelihood: -57808.3	(delta): 0.434072
18 (QN/Block) 	Elapsed: 0.027	Loglikelihood: -57808.2	(delta): 0.135409
19 (QN/Block) 	Elapsed: 0.028	Loglikelihood: -57807.9	(delta): 0.301617
20 (QN/Block) 	Elapsed: 0.03	Loglikelihood: -57807.8	(delta): 0.10468
21 (QN/Block) 	Elapsed: 0.027	Loglikelihood: -57807.8	(delta): 0.0114771
22 (QN/Block) 	Elapsed: 0.025	Loglikelihood: -57807.8	(delta): 0.0017787
23 (QN/Block) 	Elapsed: 0.024	Loglikelihood: -57807.8	(delta): 0.000130253
24 (QN/Block) 	Elapsed: 0.027	Loglikelihood: -57807.8	(delta): 1.01116e-05
25 (QN/Block) 	Elapsed: 0.025	Loglikelihood: -57807.8	(delta): 6.66216e-07
26 (QN/Block) 	Elapsed: 0.03	Loglikelihood: -57807.8	(delta): 1.20439e-07
27 (QN/Block) 	Elapsed: 0.03	Loglikelihood: -57807.8	(delta): 7.07223e-08
28 (QN/Block) 	Elapsed: 0.03	Loglikelihood: -57807.8	(delta): 2.83035e-09
29 (QN/Block) 	Elapsed: 0.031	Loglikelihood: -57807.8	(delta): 9.45874e-11
30 (QN/Block) 	Elapsed: 0.033	Loglikelihood: -57807.8	(delta): 2.18279e-11
31 (QN/Block) 	Elapsed: 0.033	Loglikelihood: -57807.8	(delta): 7.27596e-12
32 (QN/Block) 	Elapsed: 0.034	Loglikelihood: -57807.8	(delta): 7.27596e-12
33 (QN/Block) 	Elapsed: 0.033	Loglikelihood: -57807.8	(delta): 0
34 (QN/Block) 	Elapsed: 0.03	Loglikelihood: -57807.8	(delta): 0
35 (QN/Block) 	Elapsed: 0.03	Loglikelihood: -57807.8	(delta): 7.27596e-12
36 (QN/Block) 	Elapsed: 0.03	Loglikelihood: -57807.8	(delta): 0
37 (QN/Block) 	Elapsed: 0.03	Loglikelihood: -57807.8	(delta): 0
38 (QN/Block) 	Elapsed: 0.031	Loglikelihood: -57807.8	(delta): -7.27596e-12
39 (QN/Block) 	Elapsed: 0.029	Loglikelihood: -57807.8	(delta): 7.27596e-12
40 (QN/Block) 	Elapsed: 0.024	Loglikelihood: -57807.8	(delta): 7.27596e-12
41 (QN/Block) 	Elapsed: 0.029	Loglikelihood: -57807.8	(delta): -1.45519e-11
42 (QN/Block) 	Elapsed: 0.031	Loglikelihood: -57807.8	(delta): 7.27596e-12
43 (QN/Block) 	Elapsed: 0.031	Loglikelihood: -57807.8	(delta): 7.27596e-12
44 (QN/Block) 	Elapsed: 0.028	Loglikelihood: -57807.8	(delta): -7.27596e-12
45 (QN/Block) 	Elapsed: 0.027	Loglikelihood: -57807.8	(delta): 0
46 (QN/Block) 	Elapsed: 0.031	Loglikelihood: -57807.8	(delta): 0
47 (QN/Block) 	Elapsed: 0.033	Loglikelihood: -57807.8	(delta): 1.45519e-11
48 (QN/Block) 	Elapsed: 0.03	Loglikelihood: -57807.8	(delta): -1.45519e-11
49 (QN/Block) 	Elapsed: 0.031	Loglikelihood: -57807.8	(delta): 0
50 (QN/Block) 	Elapsed: 0.031	Loglikelihood: -57807.8	(delta): 0
51 (QN/Block) 	Elapsed: 0.032	Loglikelihood: -57807.8	(delta): 0
52 (QN/Block) 	Elapsed: 0.03	Loglikelihood: -57807.8	(delta): 7.27596e-12
53 (QN/Block) 	Elapsed: 0.032	Loglikelihood: -57807.8	(delta): -2.18279e-11
54 (QN/Block) 	Elapsed: 0.026	Loglikelihood: -57807.8	(delta): 7.27596e-12
55 (QN/Block) 	Elapsed: 0.027	Loglikelihood: -57807.8	(delta): 1.45519e-11
56 (QN/Block) 	Elapsed: 0.026	Loglikelihood: -57807.8	(delta): -7.27596e-12
57 (QN/Block) 	Elapsed: 0.026	Loglikelihood: -57807.8	(delta): 0
58 (QN/Block) 	Elapsed: 0.026	Loglikelihood: -57807.8	(delta): 0
59 (QN/Block) 	Elapsed: 0.027	Loglikelihood: -57807.8	(delta): 1.45519e-11
60 (QN/Block) 	Elapsed: 0.04	Loglikelihood: -57807.8	(delta): -1.45519e-11
61 (QN/Block) 	Elapsed: 0.03	Loglikelihood: -57807.8	(delta): 7.27596e-12
62 (QN/Block) 	Elapsed: 0.032	Loglikelihood: -57807.8	(delta): 7.27596e-12
63 (QN/Block) 	Elapsed: 0.032	Loglikelihood: -57807.8	(delta): -7.27596e-12
64 (QN/Block) 	Elapsed: 0.031	Loglikelihood: -57807.8	(delta): 0
65 (QN/Block) 	Elapsed: 0.031	Loglikelihood: -57807.8	(delta): 0
66 (QN/Block) 	Elapsed: 0.032	Loglikelihood: -57807.8	(delta): 0
67 (QN/Block) 	Elapsed: 0.031	Loglikelihood: -57807.8	(delta): 7.27596e-12
68 (QN/Block) 	Elapsed: 0.031	Loglikelihood: -57807.8	(delta): -1.45519e-11
69 (QN/Block) 	Elapsed: 0.03	Loglikelihood: -57807.8	(delta): 7.27596e-12
70 (QN/Block) 	Elapsed: 0.029	Loglikelihood: -57807.8	(delta): -7.27596e-12
71 (QN/Block) 	Elapsed: 0.027	Loglikelihood: -57807.8	(delta): -7.27596e-12
72 (QN/Block) 	Elapsed: 0.029	Loglikelihood: -57807.8	(delta): 7.27596e-12
73 (QN/Block) 	Elapsed: 0.029	Loglikelihood: -57807.8	(delta): 0
74 (QN/Block) 	Elapsed: 0.029	Loglikelihood: -57807.8	(delta): 7.27596e-12
75 (QN/Block) 	Elapsed: 0.025	Loglikelihood: -57807.8	(delta): -7.27596e-12
76 (QN/Block) 	Elapsed: 0.028	Loglikelihood: -57807.8	(delta): 0
77 (QN/Block) 	Elapsed: 0.026	Loglikelihood: -57807.8	(delta): 7.27596e-12
78 (QN/Block) 	Elapsed: 0.031	Loglikelihood: -57807.8	(delta): 0
79 (QN/Block) 	Elapsed: 0.031	Loglikelihood: -57807.8	(delta): 0
80 (QN/Block) 	Elapsed: 0.032	Loglikelihood: -57807.8	(delta): 0
81 (QN/Block) 	Elapsed: 0.032	Loglikelihood: -57807.8	(delta): -1.45519e-11
82 (QN/Block) 	Elapsed: 0.032	Loglikelihood: -57807.8	(delta): 1.45519e-11
83 (QN/Block) 	Elapsed: 0.033	Loglikelihood: -57807.8	(delta): 0
84 (QN/Block) 	Elapsed: 0.032	Loglikelihood: -57807.8	(delta): 0
85 (QN/Block) 	Elapsed: 0.031	Loglikelihood: -57807.8	(delta): -7.27596e-12
86 (QN/Block) 	Elapsed: 0.033	Loglikelihood: -57807.8	(delta): 0
87 (QN/Block) 	Elapsed: 0.03	Loglikelihood: -57807.8	(delta): 0
88 (QN/Block) 	Elapsed: 0.029	Loglikelihood: -57807.8	(delta): 0
89 (QN/Block) 	Elapsed: 0.03	Loglikelihood: -57807.8	(delta): -1.45519e-11
90 (QN/Block) 	Elapsed: 0.03	Loglikelihood: -57807.8	(delta): 7.27596e-12
91 (QN/Block) 	Elapsed: 0.026	Loglikelihood: -57807.8	(delta): 7.27596e-12
92 (QN/Block) 	Elapsed: 0.031	Loglikelihood: -57807.8	(delta): -7.27596e-12
93 (QN/Block) 	Elapsed: 0.032	Loglikelihood: -57807.8	(delta): 0
94 (QN/Block) 	Elapsed: 0.031	Loglikelihood: -57807.8	(delta): 0
95 (QN/Block) 	Elapsed: 0.032	Loglikelihood: -57807.8	(delta): -7.27596e-12
96 (QN/Block) 	Elapsed: 0.033	Loglikelihood: -57807.8	(delta): 1.45519e-11
97 (QN/Block) 	Elapsed: 0.03	Loglikelihood: -57807.8	(delta): -7.27596e-12
98 (QN/Block) 	Elapsed: 0.031	Loglikelihood: -57807.8	(delta): 7.27596e-12
99 (QN/Block) 	Elapsed: 0.03	Loglikelihood: -57807.8	(delta): -7.27596e-12
100 (QN/Block) 	Elapsed: 0.03	Loglikelihood: -57807.8	(delta): 0
Summary: 
Converged in 100 iterations (3.147 sec)
Loglikelihood: -57807.789248
Fst divergences between estimated populations: 
	Pop0	Pop1	Pop2	Pop3	Pop4	
Pop0	
Pop1	0.498	
Pop2	0.165	0.469	
Pop3	0.530	0.204	0.502	
Pop4	0.576	0.417	0.549	0.461	
Pop5	0.562	0.394	0.533	0.448	0.164	
CV error (K=6): 0.43874
Writing output files.
