****                   ADMIXTURE Version 1.3.0                  ****
****                    Copyright 2008-2015                     ****
****           David Alexander, Suyash Shringarpure,            ****
****                John  Novembre, Ken Lange                   ****
****                                                            ****
****                 Please cite our paper!                     ****
****   Information at www.genetics.ucla.edu/software/admixture  ****

Parallel execution requested.  Will use 8 threads.
Cross-validation will be performed.  Folds=10.
Random seed: 43
Point estimation method: Block relaxation algorithm
Convergence acceleration algorithm: QuasiNewton, 3 secant conditions
Point estimation will terminate at 100 iterations
Estimation of standard errors disabled; will compute point estimates only.
Size of G: 121x1282
Performing five EM steps to prime main algorithm
1 (EM) 	Elapsed: 0.008	Loglikelihood: -104937	(delta): 122824
2 (EM) 	Elapsed: 0.009	Loglikelihood: -99832.4	(delta): 5104.7
3 (EM) 	Elapsed: 0.009	Loglikelihood: -97990.5	(delta): 1841.91
4 (EM) 	Elapsed: 0.009	Loglikelihood: -96370.9	(delta): 1619.55
5 (EM) 	Elapsed: 0.009	Loglikelihood: -94484.1	(delta): 1886.87
Initial loglikelihood: -94484.1
Starting main algorithm
1 (QN/Block) 	Elapsed: 0.019	Loglikelihood: -69756.3	(delta): 24727.7
2 (QN/Block) 	Elapsed: 0.019	Loglikelihood: -64094.7	(delta): 5661.64
3 (QN/Block) 	Elapsed: 0.021	Loglikelihood: -62036.1	(delta): 2058.64
4 (QN/Block) 	Elapsed: 0.019	Loglikelihood: -60800.7	(delta): 1235.33
5 (QN/Block) 	Elapsed: 0.021	Loglikelihood: -60268	(delta): 532.697
6 (QN/Block) 	Elapsed: 0.022	Loglikelihood: -60035.7	(delta): 232.286
7 (QN/Block) 	Elapsed: 0.024	Loglikelihood: -60018.5	(delta): 17.2615
8 (QN/Block) 	Elapsed: 0.023	Loglikelihood: -60018.3	(delta): 0.186181
9 (QN/Block) 	Elapsed: 0.026	Loglikelihood: -60018.2	(delta): 0.0592165
10 (QN/Block) 	Elapsed: 0.023	Loglikelihood: -60018.2	(delta): 0.00739766
11 (QN/Block) 	Elapsed: 0.023	Loglikelihood: -60018.2	(delta): 0.00235143
12 (QN/Block) 	Elapsed: 0.023	Loglikelihood: -60018.2	(delta): 0.00137761
13 (QN/Block) 	Elapsed: 0.022	Loglikelihood: -60018.2	(delta): 0.000119969
14 (QN/Block) 	Elapsed: 0.02	Loglikelihood: -60018.2	(delta): 8.42616e-06
15 (QN/Block) 	Elapsed: 0.021	Loglikelihood: -60018.2	(delta): 5.92991e-08
16 (QN/Block) 	Elapsed: 0.02	Loglikelihood: -60018.2	(delta): 3.94357e-09
17 (QN/Block) 	Elapsed: 0.022	Loglikelihood: -60018.2	(delta): 6.4756e-10
18 (QN/Block) 	Elapsed: 0.021	Loglikelihood: -60018.2	(delta): 2.91038e-11
19 (QN/Block) 	Elapsed: 0.021	Loglikelihood: -60018.2	(delta): 7.27596e-12
20 (QN/Block) 	Elapsed: 0.021	Loglikelihood: -60018.2	(delta): 7.27596e-12
21 (QN/Block) 	Elapsed: 0.021	Loglikelihood: -60018.2	(delta): -7.27596e-12
22 (QN/Block) 	Elapsed: 0.021	Loglikelihood: -60018.2	(delta): 1.45519e-11
23 (QN/Block) 	Elapsed: 0.022	Loglikelihood: -60018.2	(delta): -7.27596e-12
24 (QN/Block) 	Elapsed: 0.022	Loglikelihood: -60018.2	(delta): 0
25 (QN/Block) 	Elapsed: 0.022	Loglikelihood: -60018.2	(delta): 7.27596e-12
26 (QN/Block) 	Elapsed: 0.021	Loglikelihood: -60018.2	(delta): -1.45519e-11
27 (QN/Block) 	Elapsed: 0.021	Loglikelihood: -60018.2	(delta): 7.27596e-12
28 (QN/Block) 	Elapsed: 0.026	Loglikelihood: -60018.2	(delta): 7.27596e-12
29 (QN/Block) 	Elapsed: 0.026	Loglikelihood: -60018.2	(delta): -7.27596e-12
30 (QN/Block) 	Elapsed: 0.024	Loglikelihood: -60018.2	(delta): -7.27596e-12
31 (QN/Block) 	Elapsed: 0.026	Loglikelihood: -60018.2	(delta): 1.45519e-11
32 (QN/Block) 	Elapsed: 0.026	Loglikelihood: -60018.2	(delta): -7.27596e-12
33 (QN/Block) 	Elapsed: 0.025	Loglikelihood: -60018.2	(delta): 7.27596e-12
34 (QN/Block) 	Elapsed: 0.023	Loglikelihood: -60018.2	(delta): 0
35 (QN/Block) 	Elapsed: 0.024	Loglikelihood: -60018.2	(delta): -1.45519e-11
36 (QN/Block) 	Elapsed: 0.023	Loglikelihood: -60018.2	(delta): 1.45519e-11
37 (QN/Block) 	Elapsed: 0.024	Loglikelihood: -60018.2	(delta): 0
38 (QN/Block) 	Elapsed: 0.026	Loglikelihood: -60018.2	(delta): 0
39 (QN/Block) 	Elapsed: 0.024	Loglikelihood: -60018.2	(delta): -7.27596e-12
40 (QN/Block) 	Elapsed: 0.024	Loglikelihood: -60018.2	(delta): 1.45519e-11
41 (QN/Block) 	Elapsed: 0.023	Loglikelihood: -60018.2	(delta): -1.45519e-11
42 (QN/Block) 	Elapsed: 0.022	Loglikelihood: -60018.2	(delta): 7.27596e-12
43 (QN/Block) 	Elapsed: 0.025	Loglikelihood: -60018.2	(delta): 0
44 (QN/Block) 	Elapsed: 0.022	Loglikelihood: -60018.2	(delta): 1.45519e-11
45 (QN/Block) 	Elapsed: 0.026	Loglikelihood: -60018.2	(delta): -1.45519e-11
46 (QN/Block) 	Elapsed: 0.022	Loglikelihood: -60018.2	(delta): 7.27596e-12
47 (QN/Block) 	Elapsed: 0.022	Loglikelihood: -60018.2	(delta): 0
48 (QN/Block) 	Elapsed: 0.023	Loglikelihood: -60018.2	(delta): 0
49 (QN/Block) 	Elapsed: 0.024	Loglikelihood: -60018.2	(delta): 7.27596e-12
50 (QN/Block) 	Elapsed: 0.024	Loglikelihood: -60018.2	(delta): -1.45519e-11
51 (QN/Block) 	Elapsed: 0.024	Loglikelihood: -60018.2	(delta): 7.27596e-12
52 (QN/Block) 	Elapsed: 0.025	Loglikelihood: -60018.2	(delta): -7.27596e-12
53 (QN/Block) 	Elapsed: 0.025	Loglikelihood: -60018.2	(delta): 0
54 (QN/Block) 	Elapsed: 0.025	Loglikelihood: -60018.2	(delta): 0
55 (QN/Block) 	Elapsed: 0.025	Loglikelihood: -60018.2	(delta): 0
56 (QN/Block) 	Elapsed: 0.024	Loglikelihood: -60018.2	(delta): -7.27596e-12
57 (QN/Block) 	Elapsed: 0.025	Loglikelihood: -60018.2	(delta): 0
58 (QN/Block) 	Elapsed: 0.021	Loglikelihood: -60018.2	(delta): 0
59 (QN/Block) 	Elapsed: 0.024	Loglikelihood: -60018.2	(delta): 7.27596e-12
60 (QN/Block) 	Elapsed: 0.022	Loglikelihood: -60018.2	(delta): 0
61 (QN/Block) 	Elapsed: 0.023	Loglikelihood: -60018.2	(delta): 0
62 (QN/Block) 	Elapsed: 0.022	Loglikelihood: -60018.2	(delta): 0
63 (QN/Block) 	Elapsed: 0.02	Loglikelihood: -60018.2	(delta): 7.27596e-12
64 (QN/Block) 	Elapsed: 0.02	Loglikelihood: -60018.2	(delta): -7.27596e-12
65 (QN/Block) 	Elapsed: 0.021	Loglikelihood: -60018.2	(delta): -7.27596e-12
66 (QN/Block) 	Elapsed: 0.022	Loglikelihood: -60018.2	(delta): 7.27596e-12
67 (QN/Block) 	Elapsed: 0.02	Loglikelihood: -60018.2	(delta): 0
68 (QN/Block) 	Elapsed: 0.02	Loglikelihood: -60018.2	(delta): 0
69 (QN/Block) 	Elapsed: 0.021	Loglikelihood: -60018.2	(delta): -7.27596e-12
70 (QN/Block) 	Elapsed: 0.021	Loglikelihood: -60018.2	(delta): 1.45519e-11
71 (QN/Block) 	Elapsed: 0.02	Loglikelihood: -60018.2	(delta): -7.27596e-12
72 (QN/Block) 	Elapsed: 0.022	Loglikelihood: -60018.2	(delta): 0
73 (QN/Block) 	Elapsed: 0.025	Loglikelihood: -60018.2	(delta): 0
74 (QN/Block) 	Elapsed: 0.023	Loglikelihood: -60018.2	(delta): 7.27596e-12
75 (QN/Block) 	Elapsed: 0.024	Loglikelihood: -60018.2	(delta): -7.27596e-12
76 (QN/Block) 	Elapsed: 0.025	Loglikelihood: -60018.2	(delta): 7.27596e-12
77 (QN/Block) 	Elapsed: 0.024	Loglikelihood: -60018.2	(delta): -7.27596e-12
78 (QN/Block) 	Elapsed: 0.024	Loglikelihood: -60018.2	(delta): 0
79 (QN/Block) 	Elapsed: 0.022	Loglikelihood: -60018.2	(delta): 7.27596e-12
80 (QN/Block) 	Elapsed: 0.023	Loglikelihood: -60018.2	(delta): 0
81 (QN/Block) 	Elapsed: 0.026	Loglikelihood: -60018.2	(delta): -7.27596e-12
82 (QN/Block) 	Elapsed: 0.021	Loglikelihood: -60018.2	(delta): 7.27596e-12
83 (QN/Block) 	Elapsed: 0.022	Loglikelihood: -60018.2	(delta): 0
84 (QN/Block) 	Elapsed: 0.023	Loglikelihood: -60018.2	(delta): -7.27596e-12
85 (QN/Block) 	Elapsed: 0.021	Loglikelihood: -60018.2	(delta): 0
86 (QN/Block) 	Elapsed: 0.021	Loglikelihood: -60018.2	(delta): 7.27596e-12
87 (QN/Block) 	Elapsed: 0.024	Loglikelihood: -60018.2	(delta): -1.45519e-11
88 (QN/Block) 	Elapsed: 0.023	Loglikelihood: -60018.2	(delta): 7.27596e-12
89 (QN/Block) 	Elapsed: 0.023	Loglikelihood: -60018.2	(delta): 0
90 (QN/Block) 	Elapsed: 0.02	Loglikelihood: -60018.2	(delta): 0
91 (QN/Block) 	Elapsed: 0.022	Loglikelihood: -60018.2	(delta): 0
92 (QN/Block) 	Elapsed: 0.021	Loglikelihood: -60018.2	(delta): 7.27596e-12
93 (QN/Block) 	Elapsed: 0.024	Loglikelihood: -60018.2	(delta): 0
94 (QN/Block) 	Elapsed: 0.024	Loglikelihood: -60018.2	(delta): -7.27596e-12
95 (QN/Block) 	Elapsed: 0.026	Loglikelihood: -60018.2	(delta): 0
96 (QN/Block) 	Elapsed: 0.023	Loglikelihood: -60018.2	(delta): -7.27596e-12
97 (QN/Block) 	Elapsed: 0.023	Loglikelihood: -60018.2	(delta): 2.18279e-11
98 (QN/Block) 	Elapsed: 0.024	Loglikelihood: -60018.2	(delta): -1.45519e-11
99 (QN/Block) 	Elapsed: 0.026	Loglikelihood: -60018.2	(delta): 7.27596e-12
100 (QN/Block) 	Elapsed: 0.022	Loglikelihood: -60018.2	(delta): 0
Summary: 
Converged in 100 iterations (2.44 sec)
Loglikelihood: -60018.231322
Fst divergences between estimated populations: 
	Pop0	Pop1	Pop2	
Pop0	
Pop1	0.411	
Pop2	0.163	0.428	
Pop3	0.526	0.469	0.542	
CV error (K=4): 0.40430
Writing output files.
