****                   ADMIXTURE Version 1.3.0                  ****
****                    Copyright 2008-2015                     ****
****           David Alexander, Suyash Shringarpure,            ****
****                John  Novembre, Ken Lange                   ****
****                                                            ****
****                 Please cite our paper!                     ****
****   Information at www.genetics.ucla.edu/software/admixture  ****

Parallel execution requested.  Will use 8 threads.
Cross-validation will be performed.  Folds=10.
Random seed: 43
Point estimation method: Block relaxation algorithm
Convergence acceleration algorithm: QuasiNewton, 3 secant conditions
Point estimation will terminate at 100 iterations
Estimation of standard errors disabled; will compute point estimates only.
Size of G: 121x1282
Performing five EM steps to prime main algorithm
1 (EM) 	Elapsed: 0.002	Loglikelihood: -99381.5	(delta): 193416
2 (EM) 	Elapsed: 0.002	Loglikelihood: -99381.5	(delta): 0
3 (EM) 	Elapsed: 0.002	Loglikelihood: -99381.5	(delta): -1.45519e-11
4 (EM) 	Elapsed: 0.002	Loglikelihood: -99381.5	(delta): 0
5 (EM) 	Elapsed: 0.002	Loglikelihood: -99381.5	(delta): 1.45519e-11
Initial loglikelihood: -99381.5
Starting main algorithm
1 (QN/Block) 	Elapsed: 0.009	Loglikelihood: -99381.5	(delta): 0
2 (QN/Block) 	Elapsed: 0.008	Loglikelihood: -99381.5	(delta): 0
3 (QN/Block) 	Elapsed: 0.011	Loglikelihood: -99381.5	(delta): 0
PROBLEM INVERTING MATRIX!
4 (QN/Block) 	Elapsed: 0.011	Loglikelihood: -99381.5	(delta): 0
5 (QN/Block) 	Elapsed: 0.009	Loglikelihood: -99381.5	(delta): -1.45519e-11
6 (QN/Block) 	Elapsed: 0.01	Loglikelihood: -99381.5	(delta): 1.45519e-11
7 (QN/Block) 	Elapsed: 0.01	Loglikelihood: -99381.5	(delta): -1.45519e-11
PROBLEM INVERTING MATRIX!
8 (QN/Block) 	Elapsed: 0.01	Loglikelihood: -99381.5	(delta): 2.91038e-11
PROBLEM INVERTING MATRIX!
9 (QN/Block) 	Elapsed: 0.011	Loglikelihood: -99381.5	(delta): -1.45519e-11
PROBLEM INVERTING MATRIX!
10 (QN/Block) 	Elapsed: 0.01	Loglikelihood: -99381.5	(delta): -1.45519e-11
PROBLEM INVERTING MATRIX!
11 (QN/Block) 	Elapsed: 0.011	Loglikelihood: -99381.5	(delta): 1.45519e-11
PROBLEM INVERTING MATRIX!
12 (QN/Block) 	Elapsed: 0.01	Loglikelihood: -99381.5	(delta): 0
PROBLEM INVERTING MATRIX!
13 (QN/Block) 	Elapsed: 0.01	Loglikelihood: -99381.5	(delta): -1.45519e-11
PROBLEM INVERTING MATRIX!
14 (QN/Block) 	Elapsed: 0.01	Loglikelihood: -99381.5	(delta): 1.45519e-11
PROBLEM INVERTING MATRIX!
15 (QN/Block) 	Elapsed: 0.01	Loglikelihood: -99381.5	(delta): 0
16 (QN/Block) 	Elapsed: 0.01	Loglikelihood: -99381.5	(delta): 0
PROBLEM INVERTING MATRIX!
17 (QN/Block) 	Elapsed: 0.009	Loglikelihood: -99381.5	(delta): 0
18 (QN/Block) 	Elapsed: 0.01	Loglikelihood: -99381.5	(delta): 0
PROBLEM INVERTING MATRIX!
19 (QN/Block) 	Elapsed: 0.01	Loglikelihood: -99381.5	(delta): -1.45519e-11
20 (QN/Block) 	Elapsed: 0.01	Loglikelihood: -99381.5	(delta): 2.91038e-11
PROBLEM INVERTING MATRIX!
21 (QN/Block) 	Elapsed: 0.009	Loglikelihood: -99381.5	(delta): -1.45519e-11
22 (QN/Block) 	Elapsed: 0.011	Loglikelihood: -99381.5	(delta): 0
PROBLEM INVERTING MATRIX!
23 (QN/Block) 	Elapsed: 0.009	Loglikelihood: -99381.5	(delta): 0
24 (QN/Block) 	Elapsed: 0.009	Loglikelihood: -99381.5	(delta): 0
25 (QN/Block) 	Elapsed: 0.012	Loglikelihood: -99381.5	(delta): 0
26 (QN/Block) 	Elapsed: 0.011	Loglikelihood: -99381.5	(delta): -1.45519e-11
27 (QN/Block) 	Elapsed: 0.01	Loglikelihood: -99381.5	(delta): 0
PROBLEM INVERTING MATRIX!
28 (QN/Block) 	Elapsed: 0.01	Loglikelihood: -99381.5	(delta): 0
PROBLEM INVERTING MATRIX!
29 (QN/Block) 	Elapsed: 0.011	Loglikelihood: -99381.5	(delta): 1.45519e-11
30 (QN/Block) 	Elapsed: 0.012	Loglikelihood: -99381.5	(delta): -1.45519e-11
31 (QN/Block) 	Elapsed: 0.011	Loglikelihood: -99381.5	(delta): 2.91038e-11
32 (QN/Block) 	Elapsed: 0.01	Loglikelihood: -99381.5	(delta): -1.45519e-11
33 (QN/Block) 	Elapsed: 0.011	Loglikelihood: -99381.5	(delta): 0
34 (QN/Block) 	Elapsed: 0.012	Loglikelihood: -99381.5	(delta): 0
35 (QN/Block) 	Elapsed: 0.011	Loglikelihood: -99381.5	(delta): -1.45519e-11
36 (QN/Block) 	Elapsed: 0.013	Loglikelihood: -99381.5	(delta): 1.45519e-11
37 (QN/Block) 	Elapsed: 0.012	Loglikelihood: -99381.5	(delta): 0
38 (QN/Block) 	Elapsed: 0.012	Loglikelihood: -99381.5	(delta): -1.45519e-11
PROBLEM INVERTING MATRIX!
39 (QN/Block) 	Elapsed: 0.01	Loglikelihood: -99381.5	(delta): 0
PROBLEM INVERTING MATRIX!
40 (QN/Block) 	Elapsed: 0.012	Loglikelihood: -99381.5	(delta): 1.45519e-11
41 (QN/Block) 	Elapsed: 0.011	Loglikelihood: -99381.5	(delta): 0
42 (QN/Block) 	Elapsed: 0.012	Loglikelihood: -99381.5	(delta): -1.45519e-11
43 (QN/Block) 	Elapsed: 0.012	Loglikelihood: -99381.5	(delta): 1.45519e-11
PROBLEM INVERTING MATRIX!
44 (QN/Block) 	Elapsed: 0.013	Loglikelihood: -99381.5	(delta): -1.45519e-11
PROBLEM INVERTING MATRIX!
45 (QN/Block) 	Elapsed: 0.011	Loglikelihood: -99381.5	(delta): 1.45519e-11
46 (QN/Block) 	Elapsed: 0.012	Loglikelihood: -99381.5	(delta): 0
47 (QN/Block) 	Elapsed: 0.013	Loglikelihood: -99381.5	(delta): -1.45519e-11
48 (QN/Block) 	Elapsed: 0.011	Loglikelihood: -99381.5	(delta): 0
49 (QN/Block) 	Elapsed: 0.013	Loglikelihood: -99381.5	(delta): 1.45519e-11
50 (QN/Block) 	Elapsed: 0.011	Loglikelihood: -99381.5	(delta): 0
51 (QN/Block) 	Elapsed: 0.013	Loglikelihood: -99381.5	(delta): 0
52 (QN/Block) 	Elapsed: 0.012	Loglikelihood: -99381.5	(delta): -1.45519e-11
53 (QN/Block) 	Elapsed: 0.012	Loglikelihood: -99381.5	(delta): 2.91038e-11
54 (QN/Block) 	Elapsed: 0.012	Loglikelihood: -99381.5	(delta): -1.45519e-11
55 (QN/Block) 	Elapsed: 0.01	Loglikelihood: -99381.5	(delta): 0
56 (QN/Block) 	Elapsed: 0.01	Loglikelihood: -99381.5	(delta): 0
PROBLEM INVERTING MATRIX!
57 (QN/Block) 	Elapsed: 0.01	Loglikelihood: -99381.5	(delta): 0
58 (QN/Block) 	Elapsed: 0.012	Loglikelihood: -99381.5	(delta): -1.45519e-11
PROBLEM INVERTING MATRIX!
59 (QN/Block) 	Elapsed: 0.01	Loglikelihood: -99381.5	(delta): 1.45519e-11
60 (QN/Block) 	Elapsed: 0.009	Loglikelihood: -99381.5	(delta): -1.45519e-11
61 (QN/Block) 	Elapsed: 0.012	Loglikelihood: -99381.5	(delta): 1.45519e-11
62 (QN/Block) 	Elapsed: 0.011	Loglikelihood: -99381.5	(delta): -1.45519e-11
63 (QN/Block) 	Elapsed: 0.013	Loglikelihood: -99381.5	(delta): 1.45519e-11
PROBLEM INVERTING MATRIX!
64 (QN/Block) 	Elapsed: 0.009	Loglikelihood: -99381.5	(delta): 0
65 (QN/Block) 	Elapsed: 0.008	Loglikelihood: -99381.5	(delta): 0
66 (QN/Block) 	Elapsed: 0.009	Loglikelihood: -99381.5	(delta): 0
67 (QN/Block) 	Elapsed: 0.01	Loglikelihood: -99381.5	(delta): -1.45519e-11
68 (QN/Block) 	Elapsed: 0.01	Loglikelihood: -99381.5	(delta): 1.45519e-11
69 (QN/Block) 	Elapsed: 0.011	Loglikelihood: -99381.5	(delta): 0
70 (QN/Block) 	Elapsed: 0.011	Loglikelihood: -99381.5	(delta): -1.45519e-11
71 (QN/Block) 	Elapsed: 0.011	Loglikelihood: -99381.5	(delta): 2.91038e-11
72 (QN/Block) 	Elapsed: 0.011	Loglikelihood: -99381.5	(delta): -1.45519e-11
73 (QN/Block) 	Elapsed: 0.012	Loglikelihood: -99381.5	(delta): -1.45519e-11
74 (QN/Block) 	Elapsed: 0.012	Loglikelihood: -99381.5	(delta): 0
75 (QN/Block) 	Elapsed: 0.013	Loglikelihood: -99381.5	(delta): 2.91038e-11
PROBLEM INVERTING MATRIX!
76 (QN/Block) 	Elapsed: 0.012	Loglikelihood: -99381.5	(delta): -2.91038e-11
77 (QN/Block) 	Elapsed: 0.011	Loglikelihood: -99381.5	(delta): 2.91038e-11
78 (QN/Block) 	Elapsed: 0.012	Loglikelihood: -99381.5	(delta): -1.45519e-11
PROBLEM INVERTING MATRIX!
79 (QN/Block) 	Elapsed: 0.011	Loglikelihood: -99381.5	(delta): -1.45519e-11
PROBLEM INVERTING MATRIX!
80 (QN/Block) 	Elapsed: 0.011	Loglikelihood: -99381.5	(delta): 0
PROBLEM INVERTING MATRIX!
81 (QN/Block) 	Elapsed: 0.012	Loglikelihood: -99381.5	(delta): 2.91038e-11
82 (QN/Block) 	Elapsed: 0.012	Loglikelihood: -99381.5	(delta): -1.45519e-11
PROBLEM INVERTING MATRIX!
83 (QN/Block) 	Elapsed: 0.012	Loglikelihood: -99381.5	(delta): -1.45519e-11
PROBLEM INVERTING MATRIX!
84 (QN/Block) 	Elapsed: 0.013	Loglikelihood: -99381.5	(delta): 0
PROBLEM INVERTING MATRIX!
85 (QN/Block) 	Elapsed: 0.012	Loglikelihood: -99381.5	(delta): 1.45519e-11
PROBLEM INVERTING MATRIX!
86 (QN/Block) 	Elapsed: 0.014	Loglikelihood: -99381.5	(delta): -1.45519e-11
PROBLEM INVERTING MATRIX!
87 (QN/Block) 	Elapsed: 0.012	Loglikelihood: -99381.5	(delta): 1.45519e-11
PROBLEM INVERTING MATRIX!
88 (QN/Block) 	Elapsed: 0.011	Loglikelihood: -99381.5	(delta): 0
PROBLEM INVERTING MATRIX!
89 (QN/Block) 	Elapsed: 0.01	Loglikelihood: -99381.5	(delta): -1.45519e-11
PROBLEM INVERTING MATRIX!
90 (QN/Block) 	Elapsed: 0.01	Loglikelihood: -99381.5	(delta): 1.45519e-11
91 (QN/Block) 	Elapsed: 0.011	Loglikelihood: -99381.5	(delta): -1.45519e-11
92 (QN/Block) 	Elapsed: 0.012	Loglikelihood: -99381.5	(delta): 1.45519e-11
93 (QN/Block) 	Elapsed: 0.011	Loglikelihood: -99381.5	(delta): 0
94 (QN/Block) 	Elapsed: 0.011	Loglikelihood: -99381.5	(delta): -1.45519e-11
95 (QN/Block) 	Elapsed: 0.012	Loglikelihood: -99381.5	(delta): 1.45519e-11
96 (QN/Block) 	Elapsed: 0.012	Loglikelihood: -99381.5	(delta): 0
97 (QN/Block) 	Elapsed: 0.012	Loglikelihood: -99381.5	(delta): 0
98 (QN/Block) 	Elapsed: 0.012	Loglikelihood: -99381.5	(delta): -1.45519e-11
99 (QN/Block) 	Elapsed: 0.01	Loglikelihood: -99381.5	(delta): 1.45519e-11
100 (QN/Block) 	Elapsed: 0.01	Loglikelihood: -99381.5	(delta): -1.45519e-11
Summary: 
Converged in 100 iterations (1.207 sec)
Loglikelihood: -99381.497446
CV error (K=1): 0.62636
Writing output files.
