****                   ADMIXTURE Version 1.3.0                  ****
****                    Copyright 2008-2015                     ****
****           David Alexander, Suyash Shringarpure,            ****
****                John  Novembre, Ken Lange                   ****
****                                                            ****
****                 Please cite our paper!                     ****
****   Information at www.genetics.ucla.edu/software/admixture  ****

Parallel execution requested.  Will use 8 threads.
Cross-validation will be performed.  Folds=10.
Random seed: 43
Point estimation method: Block relaxation algorithm
Convergence acceleration algorithm: QuasiNewton, 3 secant conditions
Point estimation will terminate at 100 iterations
Estimation of standard errors disabled; will compute point estimates only.
Size of G: 557x751
Performing five EM steps to prime main algorithm
1 (EM) 	Elapsed: 0.043	Loglikelihood: -241832	(delta): 314561
2 (EM) 	Elapsed: 0.045	Loglikelihood: -230694	(delta): 11138.2
3 (EM) 	Elapsed: 0.047	Loglikelihood: -227764	(delta): 2929.91
4 (EM) 	Elapsed: 0.046	Loglikelihood: -224346	(delta): 3417.79
5 (EM) 	Elapsed: 0.049	Loglikelihood: -218638	(delta): 5708.57
Initial loglikelihood: -218638
Starting main algorithm
1 (QN/Block) 	Elapsed: 0.062	Loglikelihood: -64028.5	(delta): 154609
2 (QN/Block) 	Elapsed: 0.066	Loglikelihood: -55013.8	(delta): 9014.73
3 (QN/Block) 	Elapsed: 0.074	Loglikelihood: -51370.2	(delta): 3643.59
4 (QN/Block) 	Elapsed: 0.071	Loglikelihood: -48887.1	(delta): 2483.06
5 (QN/Block) 	Elapsed: 0.071	Loglikelihood: -47743	(delta): 1144.11
6 (QN/Block) 	Elapsed: 0.066	Loglikelihood: -47180.3	(delta): 562.783
7 (QN/Block) 	Elapsed: 0.066	Loglikelihood: -46702.5	(delta): 477.764
8 (QN/Block) 	Elapsed: 0.069	Loglikelihood: -46528.1	(delta): 174.413
9 (QN/Block) 	Elapsed: 0.069	Loglikelihood: -46476.1	(delta): 51.952
10 (QN/Block) 	Elapsed: 0.064	Loglikelihood: -46451.2	(delta): 24.9163
11 (QN/Block) 	Elapsed: 0.066	Loglikelihood: -46436.3	(delta): 14.8732
12 (QN/Block) 	Elapsed: 0.067	Loglikelihood: -46423.5	(delta): 12.7961
13 (QN/Block) 	Elapsed: 0.064	Loglikelihood: -46417.4	(delta): 6.16692
14 (QN/Block) 	Elapsed: 0.069	Loglikelihood: -46412.9	(delta): 4.50125
15 (QN/Block) 	Elapsed: 0.069	Loglikelihood: -46410.4	(delta): 2.48705
16 (QN/Block) 	Elapsed: 0.071	Loglikelihood: -46408.3	(delta): 2.11961
17 (QN/Block) 	Elapsed: 0.065	Loglikelihood: -46408	(delta): 0.216171
18 (QN/Block) 	Elapsed: 0.065	Loglikelihood: -46408	(delta): 0.0690183
19 (QN/Block) 	Elapsed: 0.072	Loglikelihood: -46408	(delta): 0.0233112
20 (QN/Block) 	Elapsed: 0.069	Loglikelihood: -46407.9	(delta): 0.0328985
21 (QN/Block) 	Elapsed: 0.066	Loglikelihood: -46407.9	(delta): 0.00644173
22 (QN/Block) 	Elapsed: 0.075	Loglikelihood: -46407.9	(delta): 0.00399449
23 (QN/Block) 	Elapsed: 0.069	Loglikelihood: -46407.9	(delta): 0.00823078
24 (QN/Block) 	Elapsed: 0.068	Loglikelihood: -46407.9	(delta): 0.0016246
25 (QN/Block) 	Elapsed: 0.068	Loglikelihood: -46407.9	(delta): 0.00160775
26 (QN/Block) 	Elapsed: 0.077	Loglikelihood: -46407.9	(delta): 0.000564061
27 (QN/Block) 	Elapsed: 0.068	Loglikelihood: -46407.9	(delta): 0.000150542
28 (QN/Block) 	Elapsed: 0.074	Loglikelihood: -46407.9	(delta): 3.76813e-05
29 (QN/Block) 	Elapsed: 0.072	Loglikelihood: -46407.9	(delta): 6.42215e-05
30 (QN/Block) 	Elapsed: 0.069	Loglikelihood: -46407.9	(delta): 2.92644e-05
31 (QN/Block) 	Elapsed: 0.073	Loglikelihood: -46407.9	(delta): 2.0074e-05
32 (QN/Block) 	Elapsed: 0.075	Loglikelihood: -46407.9	(delta): 7.20318e-06
33 (QN/Block) 	Elapsed: 0.07	Loglikelihood: -46407.9	(delta): 7.35236e-06
34 (QN/Block) 	Elapsed: 0.071	Loglikelihood: -46407.9	(delta): 1.20969e-05
35 (QN/Block) 	Elapsed: 0.073	Loglikelihood: -46407.9	(delta): 1.53643e-06
36 (QN/Block) 	Elapsed: 0.072	Loglikelihood: -46407.9	(delta): 5.01605e-08
37 (QN/Block) 	Elapsed: 0.069	Loglikelihood: -46407.9	(delta): 1.17871e-09
38 (QN/Block) 	Elapsed: 0.075	Loglikelihood: -46407.9	(delta): 4.94765e-10
39 (QN/Block) 	Elapsed: 0.073	Loglikelihood: -46407.9	(delta): 1.52795e-10
40 (QN/Block) 	Elapsed: 0.073	Loglikelihood: -46407.9	(delta): 1.52795e-10
41 (QN/Block) 	Elapsed: 0.076	Loglikelihood: -46407.9	(delta): 8.73115e-11
42 (QN/Block) 	Elapsed: 0.078	Loglikelihood: -46407.9	(delta): 2.18279e-10
43 (QN/Block) 	Elapsed: 0.074	Loglikelihood: -46407.9	(delta): 2.03727e-10
44 (QN/Block) 	Elapsed: 0.075	Loglikelihood: -46407.9	(delta): 1.38243e-10
45 (QN/Block) 	Elapsed: 0.074	Loglikelihood: -46407.9	(delta): 2.91038e-11
46 (QN/Block) 	Elapsed: 0.073	Loglikelihood: -46407.9	(delta): 5.09317e-11
47 (QN/Block) 	Elapsed: 0.075	Loglikelihood: -46407.9	(delta): 7.27596e-11
48 (QN/Block) 	Elapsed: 0.072	Loglikelihood: -46407.9	(delta): 1.67347e-10
49 (QN/Block) 	Elapsed: 0.073	Loglikelihood: -46407.9	(delta): 2.91038e-11
50 (QN/Block) 	Elapsed: 0.073	Loglikelihood: -46407.9	(delta): 1.38243e-10
51 (QN/Block) 	Elapsed: 0.071	Loglikelihood: -46407.9	(delta): 7.27596e-11
52 (QN/Block) 	Elapsed: 0.072	Loglikelihood: -46407.9	(delta): 2.18279e-11
53 (QN/Block) 	Elapsed: 0.076	Loglikelihood: -46407.9	(delta): 8.00355e-11
54 (QN/Block) 	Elapsed: 0.083	Loglikelihood: -46407.9	(delta): 1.45519e-11
55 (QN/Block) 	Elapsed: 0.083	Loglikelihood: -46407.9	(delta): 4.36557e-11
56 (QN/Block) 	Elapsed: 0.081	Loglikelihood: -46407.9	(delta): 1.52795e-10
57 (QN/Block) 	Elapsed: 0.079	Loglikelihood: -46407.9	(delta): -6.54836e-11
58 (QN/Block) 	Elapsed: 0.079	Loglikelihood: -46407.9	(delta): 5.82077e-11
59 (QN/Block) 	Elapsed: 0.08	Loglikelihood: -46407.9	(delta): 7.27596e-11
60 (QN/Block) 	Elapsed: 0.076	Loglikelihood: -46407.9	(delta): 1.01863e-10
61 (QN/Block) 	Elapsed: 0.079	Loglikelihood: -46407.9	(delta): 7.27596e-11
62 (QN/Block) 	Elapsed: 0.075	Loglikelihood: -46407.9	(delta): 1.09139e-10
63 (QN/Block) 	Elapsed: 0.076	Loglikelihood: -46407.9	(delta): 6.54836e-11
64 (QN/Block) 	Elapsed: 0.08	Loglikelihood: -46407.9	(delta): 8.73115e-11
65 (QN/Block) 	Elapsed: 0.078	Loglikelihood: -46407.9	(delta): 8.73115e-11
66 (QN/Block) 	Elapsed: 0.078	Loglikelihood: -46407.9	(delta): 2.18279e-11
67 (QN/Block) 	Elapsed: 0.082	Loglikelihood: -46407.9	(delta): 8.00355e-11
68 (QN/Block) 	Elapsed: 0.079	Loglikelihood: -46407.9	(delta): 1.01863e-10
69 (QN/Block) 	Elapsed: 0.08	Loglikelihood: -46407.9	(delta): 1.45519e-11
70 (QN/Block) 	Elapsed: 0.076	Loglikelihood: -46407.9	(delta): 8.00355e-11
71 (QN/Block) 	Elapsed: 0.076	Loglikelihood: -46407.9	(delta): -7.27596e-12
72 (QN/Block) 	Elapsed: 0.077	Loglikelihood: -46407.9	(delta): 1.52795e-10
73 (QN/Block) 	Elapsed: 0.075	Loglikelihood: -46407.9	(delta): -7.27596e-12
74 (QN/Block) 	Elapsed: 0.075	Loglikelihood: -46407.9	(delta): 8.73115e-11
75 (QN/Block) 	Elapsed: 0.078	Loglikelihood: -46407.9	(delta): 4.36557e-11
76 (QN/Block) 	Elapsed: 0.075	Loglikelihood: -46407.9	(delta): 0
77 (QN/Block) 	Elapsed: 0.076	Loglikelihood: -46407.9	(delta): 1.09139e-10
78 (QN/Block) 	Elapsed: 0.074	Loglikelihood: -46407.9	(delta): -9.45874e-11
79 (QN/Block) 	Elapsed: 0.076	Loglikelihood: -46407.9	(delta): -7.27596e-11
80 (QN/Block) 	Elapsed: 0.08	Loglikelihood: -46407.9	(delta): 1.38243e-10
81 (QN/Block) 	Elapsed: 0.073	Loglikelihood: -46407.9	(delta): -7.27596e-12
82 (QN/Block) 	Elapsed: 0.076	Loglikelihood: -46407.9	(delta): -2.91038e-11
83 (QN/Block) 	Elapsed: 0.073	Loglikelihood: -46407.9	(delta): 1.09139e-10
84 (QN/Block) 	Elapsed: 0.072	Loglikelihood: -46407.9	(delta): -1.45519e-11
85 (QN/Block) 	Elapsed: 0.074	Loglikelihood: -46407.9	(delta): -2.18279e-11
86 (QN/Block) 	Elapsed: 0.072	Loglikelihood: -46407.9	(delta): -1.45519e-11
87 (QN/Block) 	Elapsed: 0.075	Loglikelihood: -46407.9	(delta): 1.16415e-10
88 (QN/Block) 	Elapsed: 0.075	Loglikelihood: -46407.9	(delta): 4.36557e-11
89 (QN/Block) 	Elapsed: 0.073	Loglikelihood: -46407.9	(delta): -2.18279e-11
90 (QN/Block) 	Elapsed: 0.071	Loglikelihood: -46407.9	(delta): 2.18279e-11
91 (QN/Block) 	Elapsed: 0.074	Loglikelihood: -46407.9	(delta): -2.91038e-11
92 (QN/Block) 	Elapsed: 0.072	Loglikelihood: -46407.9	(delta): 2.18279e-11
93 (QN/Block) 	Elapsed: 0.082	Loglikelihood: -46407.9	(delta): 5.09317e-11
94 (QN/Block) 	Elapsed: 0.072	Loglikelihood: -46407.9	(delta): 9.45874e-11
95 (QN/Block) 	Elapsed: 0.073	Loglikelihood: -46407.9	(delta): -9.45874e-11
96 (QN/Block) 	Elapsed: 0.074	Loglikelihood: -46407.9	(delta): 2.32831e-10
97 (QN/Block) 	Elapsed: 0.069	Loglikelihood: -46407.9	(delta): 2.91038e-11
98 (QN/Block) 	Elapsed: 0.072	Loglikelihood: -46407.9	(delta): -2.91038e-11
99 (QN/Block) 	Elapsed: 0.07	Loglikelihood: -46407.9	(delta): 2.91038e-11
100 (QN/Block) 	Elapsed: 0.071	Loglikelihood: -46407.9	(delta): 0
Summary: 
Converged in 100 iterations (7.735 sec)
Loglikelihood: -46407.896644
Fst divergences between estimated populations: 
	Pop0	Pop1	Pop2	Pop3	Pop4	Pop5	Pop6	
Pop0	
Pop1	0.829	
Pop2	0.823	0.084	
Pop3	0.271	0.814	0.809	
Pop4	0.881	0.832	0.823	0.878	
Pop5	0.879	0.825	0.817	0.875	0.523	
Pop6	0.355	0.832	0.827	0.373	0.887	0.884	
Pop7	0.851	0.359	0.342	0.839	0.865	0.859	0.856	
CV error (K=8): 0.08546
Writing output files.
