****                   ADMIXTURE Version 1.3.0                  ****
****                    Copyright 2008-2015                     ****
****           David Alexander, Suyash Shringarpure,            ****
****                John  Novembre, Ken Lange                   ****
****                                                            ****
****                 Please cite our paper!                     ****
****   Information at www.genetics.ucla.edu/software/admixture  ****

Parallel execution requested.  Will use 8 threads.
Cross-validation will be performed.  Folds=10.
Random seed: 43
Point estimation method: Block relaxation algorithm
Convergence acceleration algorithm: QuasiNewton, 3 secant conditions
Point estimation will terminate at 100 iterations
Estimation of standard errors disabled; will compute point estimates only.
Size of G: 557x751
Performing five EM steps to prime main algorithm
1 (EM) 	Elapsed: 0.034	Loglikelihood: -241632	(delta): 328290
2 (EM) 	Elapsed: 0.034	Loglikelihood: -230509	(delta): 11123.5
3 (EM) 	Elapsed: 0.038	Loglikelihood: -226586	(delta): 3922.94
4 (EM) 	Elapsed: 0.035	Loglikelihood: -221480	(delta): 5105.42
5 (EM) 	Elapsed: 0.038	Loglikelihood: -212715	(delta): 8765.25
Initial loglikelihood: -212715
Starting main algorithm
1 (QN/Block) 	Elapsed: 0.061	Loglikelihood: -76717.1	(delta): 135998
2 (QN/Block) 	Elapsed: 0.058	Loglikelihood: -56309.9	(delta): 20407.3
3 (QN/Block) 	Elapsed: 0.061	Loglikelihood: -53193.3	(delta): 3116.58
4 (QN/Block) 	Elapsed: 0.055	Loglikelihood: -51076.6	(delta): 2116.68
5 (QN/Block) 	Elapsed: 0.054	Loglikelihood: -50005.3	(delta): 1071.27
6 (QN/Block) 	Elapsed: 0.057	Loglikelihood: -49224.3	(delta): 780.998
7 (QN/Block) 	Elapsed: 0.054	Loglikelihood: -49078.9	(delta): 145.4
8 (QN/Block) 	Elapsed: 0.055	Loglikelihood: -49043.3	(delta): 35.6205
9 (QN/Block) 	Elapsed: 0.056	Loglikelihood: -49022.9	(delta): 20.3562
10 (QN/Block) 	Elapsed: 0.054	Loglikelihood: -49016.8	(delta): 6.19071
11 (QN/Block) 	Elapsed: 0.053	Loglikelihood: -49016.2	(delta): 0.592903
12 (QN/Block) 	Elapsed: 0.054	Loglikelihood: -49016	(delta): 0.161374
13 (QN/Block) 	Elapsed: 0.063	Loglikelihood: -49015.9	(delta): 0.0577125
14 (QN/Block) 	Elapsed: 0.058	Loglikelihood: -49015.9	(delta): 0.0588389
15 (QN/Block) 	Elapsed: 0.057	Loglikelihood: -49015.8	(delta): 0.100127
16 (QN/Block) 	Elapsed: 0.055	Loglikelihood: -49015.6	(delta): 0.157208
17 (QN/Block) 	Elapsed: 0.054	Loglikelihood: -49015.5	(delta): 0.0964534
18 (QN/Block) 	Elapsed: 0.06	Loglikelihood: -49015.5	(delta): 0.017076
19 (QN/Block) 	Elapsed: 0.054	Loglikelihood: -49015.5	(delta): 0.016133
20 (QN/Block) 	Elapsed: 0.053	Loglikelihood: -49015.5	(delta): 0.00359325
21 (QN/Block) 	Elapsed: 0.052	Loglikelihood: -49015.5	(delta): 0.00323514
22 (QN/Block) 	Elapsed: 0.055	Loglikelihood: -49015.5	(delta): 0.00126607
23 (QN/Block) 	Elapsed: 0.058	Loglikelihood: -49015.5	(delta): 0.000712176
24 (QN/Block) 	Elapsed: 0.056	Loglikelihood: -49015.5	(delta): 0.000536237
25 (QN/Block) 	Elapsed: 0.055	Loglikelihood: -49015.5	(delta): 0.000398532
26 (QN/Block) 	Elapsed: 0.056	Loglikelihood: -49015.5	(delta): 0.000603867
27 (QN/Block) 	Elapsed: 0.06	Loglikelihood: -49015.5	(delta): 0.000924071
28 (QN/Block) 	Elapsed: 0.059	Loglikelihood: -49015.5	(delta): 0.000108035
29 (QN/Block) 	Elapsed: 0.057	Loglikelihood: -49015.5	(delta): 1.0018e-05
30 (QN/Block) 	Elapsed: 0.059	Loglikelihood: -49015.5	(delta): 4.22248e-05
31 (QN/Block) 	Elapsed: 0.06	Loglikelihood: -49015.5	(delta): 6.19539e-05
32 (QN/Block) 	Elapsed: 0.055	Loglikelihood: -49015.5	(delta): 6.09516e-06
33 (QN/Block) 	Elapsed: 0.054	Loglikelihood: -49015.5	(delta): 1.84826e-06
34 (QN/Block) 	Elapsed: 0.054	Loglikelihood: -49015.5	(delta): 1.35425e-06
35 (QN/Block) 	Elapsed: 0.054	Loglikelihood: -49015.5	(delta): 2.76441e-06
36 (QN/Block) 	Elapsed: 0.058	Loglikelihood: -49015.5	(delta): 2.15638e-07
37 (QN/Block) 	Elapsed: 0.055	Loglikelihood: -49015.5	(delta): 5.7531e-08
38 (QN/Block) 	Elapsed: 0.056	Loglikelihood: -49015.5	(delta): 3.75221e-08
39 (QN/Block) 	Elapsed: 0.059	Loglikelihood: -49015.5	(delta): 9.19899e-08
40 (QN/Block) 	Elapsed: 0.056	Loglikelihood: -49015.5	(delta): 9.53878e-09
41 (QN/Block) 	Elapsed: 0.054	Loglikelihood: -49015.5	(delta): 1.7244e-09
42 (QN/Block) 	Elapsed: 0.054	Loglikelihood: -49015.5	(delta): 9.96806e-10
43 (QN/Block) 	Elapsed: 0.06	Loglikelihood: -49015.5	(delta): 8.07631e-10
44 (QN/Block) 	Elapsed: 0.054	Loglikelihood: -49015.5	(delta): 6.98492e-10
45 (QN/Block) 	Elapsed: 0.059	Loglikelihood: -49015.5	(delta): 1.36788e-09
46 (QN/Block) 	Elapsed: 0.057	Loglikelihood: -49015.5	(delta): 5.82077e-11
47 (QN/Block) 	Elapsed: 0.067	Loglikelihood: -49015.5	(delta): 9.45874e-11
48 (QN/Block) 	Elapsed: 0.057	Loglikelihood: -49015.5	(delta): 1.23691e-10
49 (QN/Block) 	Elapsed: 0.062	Loglikelihood: -49015.5	(delta): 3.63798e-11
50 (QN/Block) 	Elapsed: 0.06	Loglikelihood: -49015.5	(delta): 9.45874e-11
51 (QN/Block) 	Elapsed: 0.058	Loglikelihood: -49015.5	(delta): 1.30967e-10
52 (QN/Block) 	Elapsed: 0.058	Loglikelihood: -49015.5	(delta): 8.73115e-11
53 (QN/Block) 	Elapsed: 0.058	Loglikelihood: -49015.5	(delta): 1.45519e-10
54 (QN/Block) 	Elapsed: 0.061	Loglikelihood: -49015.5	(delta): 1.60071e-10
55 (QN/Block) 	Elapsed: 0.058	Loglikelihood: -49015.5	(delta): 1.01863e-10
56 (QN/Block) 	Elapsed: 0.056	Loglikelihood: -49015.5	(delta): 1.09139e-10
57 (QN/Block) 	Elapsed: 0.059	Loglikelihood: -49015.5	(delta): 1.09139e-10
58 (QN/Block) 	Elapsed: 0.065	Loglikelihood: -49015.5	(delta): 1.30967e-10
59 (QN/Block) 	Elapsed: 0.067	Loglikelihood: -49015.5	(delta): 6.54836e-11
60 (QN/Block) 	Elapsed: 0.058	Loglikelihood: -49015.5	(delta): 5.09317e-11
61 (QN/Block) 	Elapsed: 0.058	Loglikelihood: -49015.5	(delta): 8.00355e-11
62 (QN/Block) 	Elapsed: 0.062	Loglikelihood: -49015.5	(delta): 6.54836e-11
63 (QN/Block) 	Elapsed: 0.066	Loglikelihood: -49015.5	(delta): 2.18279e-11
64 (QN/Block) 	Elapsed: 0.068	Loglikelihood: -49015.5	(delta): 8.00355e-11
65 (QN/Block) 	Elapsed: 0.063	Loglikelihood: -49015.5	(delta): 7.27596e-11
66 (QN/Block) 	Elapsed: 0.064	Loglikelihood: -49015.5	(delta): 6.54836e-11
67 (QN/Block) 	Elapsed: 0.061	Loglikelihood: -49015.5	(delta): 3.63798e-11
68 (QN/Block) 	Elapsed: 0.061	Loglikelihood: -49015.5	(delta): 2.91038e-11
69 (QN/Block) 	Elapsed: 0.059	Loglikelihood: -49015.5	(delta): -1.45519e-11
70 (QN/Block) 	Elapsed: 0.059	Loglikelihood: -49015.5	(delta): 1.23691e-10
71 (QN/Block) 	Elapsed: 0.058	Loglikelihood: -49015.5	(delta): 7.27596e-12
72 (QN/Block) 	Elapsed: 0.06	Loglikelihood: -49015.5	(delta): 8.73115e-11
73 (QN/Block) 	Elapsed: 0.06	Loglikelihood: -49015.5	(delta): 4.36557e-11
74 (QN/Block) 	Elapsed: 0.06	Loglikelihood: -49015.5	(delta): 2.91038e-11
75 (QN/Block) 	Elapsed: 0.062	Loglikelihood: -49015.5	(delta): 6.54836e-11
76 (QN/Block) 	Elapsed: 0.061	Loglikelihood: -49015.5	(delta): 4.36557e-11
77 (QN/Block) 	Elapsed: 0.059	Loglikelihood: -49015.5	(delta): 5.09317e-11
78 (QN/Block) 	Elapsed: 0.059	Loglikelihood: -49015.5	(delta): 5.09317e-11
79 (QN/Block) 	Elapsed: 0.066	Loglikelihood: -49015.5	(delta): 7.27596e-11
80 (QN/Block) 	Elapsed: 0.062	Loglikelihood: -49015.5	(delta): 0
81 (QN/Block) 	Elapsed: 0.059	Loglikelihood: -49015.5	(delta): 5.09317e-11
82 (QN/Block) 	Elapsed: 0.058	Loglikelihood: -49015.5	(delta): 1.45519e-11
83 (QN/Block) 	Elapsed: 0.06	Loglikelihood: -49015.5	(delta): -1.45519e-11
84 (QN/Block) 	Elapsed: 0.059	Loglikelihood: -49015.5	(delta): 6.54836e-11
85 (QN/Block) 	Elapsed: 0.059	Loglikelihood: -49015.5	(delta): 3.63798e-11
86 (QN/Block) 	Elapsed: 0.059	Loglikelihood: -49015.5	(delta): 7.27596e-11
87 (QN/Block) 	Elapsed: 0.06	Loglikelihood: -49015.5	(delta): -4.36557e-11
88 (QN/Block) 	Elapsed: 0.059	Loglikelihood: -49015.5	(delta): 7.27596e-11
89 (QN/Block) 	Elapsed: 0.057	Loglikelihood: -49015.5	(delta): -1.45519e-11
90 (QN/Block) 	Elapsed: 0.061	Loglikelihood: -49015.5	(delta): 4.36557e-11
91 (QN/Block) 	Elapsed: 0.059	Loglikelihood: -49015.5	(delta): 8.00355e-11
92 (QN/Block) 	Elapsed: 0.061	Loglikelihood: -49015.5	(delta): -7.27596e-12
93 (QN/Block) 	Elapsed: 0.061	Loglikelihood: -49015.5	(delta): 5.82077e-11
94 (QN/Block) 	Elapsed: 0.062	Loglikelihood: -49015.5	(delta): 4.36557e-11
95 (QN/Block) 	Elapsed: 0.059	Loglikelihood: -49015.5	(delta): -8.00355e-11
96 (QN/Block) 	Elapsed: 0.069	Loglikelihood: -49015.5	(delta): -8.73115e-11
97 (QN/Block) 	Elapsed: 0.06	Loglikelihood: -49015.5	(delta): 9.45874e-11
98 (QN/Block) 	Elapsed: 0.061	Loglikelihood: -49015.5	(delta): 0
99 (QN/Block) 	Elapsed: 0.063	Loglikelihood: -49015.5	(delta): -1.45519e-11
100 (QN/Block) 	Elapsed: 0.059	Loglikelihood: -49015.5	(delta): 1.45519e-11
Summary: 
Converged in 100 iterations (6.223 sec)
Loglikelihood: -49015.486950
Fst divergences between estimated populations: 
	Pop0	Pop1	Pop2	Pop3	Pop4	
Pop0	
Pop1	0.827	
Pop2	0.799	0.351	
Pop3	0.342	0.853	0.830	
Pop4	0.790	0.859	0.848	0.831	
Pop5	0.084	0.831	0.805	0.359	0.798	
CV error (K=6): 0.09025
Writing output files.
