****                   ADMIXTURE Version 1.3.0                  ****
****                    Copyright 2008-2015                     ****
****           David Alexander, Suyash Shringarpure,            ****
****                John  Novembre, Ken Lange                   ****
****                                                            ****
****                 Please cite our paper!                     ****
****   Information at www.genetics.ucla.edu/software/admixture  ****

Parallel execution requested.  Will use 8 threads.
Cross-validation will be performed.  Folds=10.
Random seed: 43
Point estimation method: Block relaxation algorithm
Convergence acceleration algorithm: QuasiNewton, 3 secant conditions
Point estimation will terminate at 100 iterations
Estimation of standard errors disabled; will compute point estimates only.
Size of G: 557x751
Performing five EM steps to prime main algorithm
1 (EM) 	Elapsed: 0.026	Loglikelihood: -243178	(delta): 340479
2 (EM) 	Elapsed: 0.025	Loglikelihood: -232150	(delta): 11028
3 (EM) 	Elapsed: 0.026	Loglikelihood: -229170	(delta): 2979.73
4 (EM) 	Elapsed: 0.025	Loglikelihood: -226810	(delta): 2360.34
5 (EM) 	Elapsed: 0.025	Loglikelihood: -223801	(delta): 3008.29
Initial loglikelihood: -223801
Starting main algorithm
1 (QN/Block) 	Elapsed: 0.046	Loglikelihood: -76724.3	(delta): 147077
2 (QN/Block) 	Elapsed: 0.049	Loglikelihood: -58582.9	(delta): 18141.4
3 (QN/Block) 	Elapsed: 0.053	Loglikelihood: -56412.9	(delta): 2169.95
4 (QN/Block) 	Elapsed: 0.055	Loglikelihood: -54259	(delta): 2153.89
5 (QN/Block) 	Elapsed: 0.049	Loglikelihood: -53414.8	(delta): 844.285
6 (QN/Block) 	Elapsed: 0.058	Loglikelihood: -53267.3	(delta): 147.461
7 (QN/Block) 	Elapsed: 0.048	Loglikelihood: -53246.1	(delta): 21.1926
8 (QN/Block) 	Elapsed: 0.048	Loglikelihood: -53241.2	(delta): 4.93896
9 (QN/Block) 	Elapsed: 0.048	Loglikelihood: -53240.8	(delta): 0.392697
10 (QN/Block) 	Elapsed: 0.049	Loglikelihood: -53240.7	(delta): 0.0350959
11 (QN/Block) 	Elapsed: 0.05	Loglikelihood: -53240.7	(delta): 0.00652263
12 (QN/Block) 	Elapsed: 0.056	Loglikelihood: -53240.7	(delta): 0.00038089
13 (QN/Block) 	Elapsed: 0.048	Loglikelihood: -53240.7	(delta): 2.98412e-06
14 (QN/Block) 	Elapsed: 0.052	Loglikelihood: -53240.7	(delta): 7.12389e-08
15 (QN/Block) 	Elapsed: 0.045	Loglikelihood: -53240.7	(delta): 1.23764e-08
16 (QN/Block) 	Elapsed: 0.048	Loglikelihood: -53240.7	(delta): 1.23691e-10
17 (QN/Block) 	Elapsed: 0.048	Loglikelihood: -53240.7	(delta): 2.91038e-11
18 (QN/Block) 	Elapsed: 0.048	Loglikelihood: -53240.7	(delta): 0
19 (QN/Block) 	Elapsed: 0.046	Loglikelihood: -53240.7	(delta): 1.45519e-11
20 (QN/Block) 	Elapsed: 0.044	Loglikelihood: -53240.7	(delta): -7.27596e-12
21 (QN/Block) 	Elapsed: 0.047	Loglikelihood: -53240.7	(delta): 7.27596e-12
22 (QN/Block) 	Elapsed: 0.048	Loglikelihood: -53240.7	(delta): -7.27596e-12
23 (QN/Block) 	Elapsed: 0.048	Loglikelihood: -53240.7	(delta): 0
24 (QN/Block) 	Elapsed: 0.049	Loglikelihood: -53240.7	(delta): 0
25 (QN/Block) 	Elapsed: 0.049	Loglikelihood: -53240.7	(delta): 0
26 (QN/Block) 	Elapsed: 0.052	Loglikelihood: -53240.7	(delta): 0
27 (QN/Block) 	Elapsed: 0.048	Loglikelihood: -53240.7	(delta): 0
28 (QN/Block) 	Elapsed: 0.07	Loglikelihood: -53240.7	(delta): 7.27596e-12
29 (QN/Block) 	Elapsed: 0.064	Loglikelihood: -53240.7	(delta): -1.45519e-11
30 (QN/Block) 	Elapsed: 0.052	Loglikelihood: -53240.7	(delta): 7.27596e-12
31 (QN/Block) 	Elapsed: 0.048	Loglikelihood: -53240.7	(delta): 0
32 (QN/Block) 	Elapsed: 0.052	Loglikelihood: -53240.7	(delta): 0
33 (QN/Block) 	Elapsed: 0.056	Loglikelihood: -53240.7	(delta): 7.27596e-12
34 (QN/Block) 	Elapsed: 0.052	Loglikelihood: -53240.7	(delta): 7.27596e-12
35 (QN/Block) 	Elapsed: 0.049	Loglikelihood: -53240.7	(delta): -7.27596e-12
36 (QN/Block) 	Elapsed: 0.048	Loglikelihood: -53240.7	(delta): 0
37 (QN/Block) 	Elapsed: 0.052	Loglikelihood: -53240.7	(delta): -7.27596e-12
38 (QN/Block) 	Elapsed: 0.046	Loglikelihood: -53240.7	(delta): 0
39 (QN/Block) 	Elapsed: 0.048	Loglikelihood: -53240.7	(delta): 0
40 (QN/Block) 	Elapsed: 0.049	Loglikelihood: -53240.7	(delta): 7.27596e-12
41 (QN/Block) 	Elapsed: 0.05	Loglikelihood: -53240.7	(delta): -1.45519e-11
42 (QN/Block) 	Elapsed: 0.049	Loglikelihood: -53240.7	(delta): 1.45519e-11
43 (QN/Block) 	Elapsed: 0.059	Loglikelihood: -53240.7	(delta): 0
44 (QN/Block) 	Elapsed: 0.062	Loglikelihood: -53240.7	(delta): -1.45519e-11
45 (QN/Block) 	Elapsed: 0.048	Loglikelihood: -53240.7	(delta): 0
46 (QN/Block) 	Elapsed: 0.046	Loglikelihood: -53240.7	(delta): 7.27596e-12
47 (QN/Block) 	Elapsed: 0.048	Loglikelihood: -53240.7	(delta): 0
48 (QN/Block) 	Elapsed: 0.047	Loglikelihood: -53240.7	(delta): 7.27596e-12
49 (QN/Block) 	Elapsed: 0.046	Loglikelihood: -53240.7	(delta): -7.27596e-12
50 (QN/Block) 	Elapsed: 0.045	Loglikelihood: -53240.7	(delta): 0
51 (QN/Block) 	Elapsed: 0.05	Loglikelihood: -53240.7	(delta): 0
52 (QN/Block) 	Elapsed: 0.045	Loglikelihood: -53240.7	(delta): 0
53 (QN/Block) 	Elapsed: 0.044	Loglikelihood: -53240.7	(delta): -7.27596e-12
54 (QN/Block) 	Elapsed: 0.045	Loglikelihood: -53240.7	(delta): 0
55 (QN/Block) 	Elapsed: 0.045	Loglikelihood: -53240.7	(delta): 7.27596e-12
56 (QN/Block) 	Elapsed: 0.047	Loglikelihood: -53240.7	(delta): 0
57 (QN/Block) 	Elapsed: 0.045	Loglikelihood: -53240.7	(delta): -1.45519e-11
58 (QN/Block) 	Elapsed: 0.043	Loglikelihood: -53240.7	(delta): 2.18279e-11
59 (QN/Block) 	Elapsed: 0.044	Loglikelihood: -53240.7	(delta): 7.27596e-12
60 (QN/Block) 	Elapsed: 0.045	Loglikelihood: -53240.7	(delta): -7.27596e-12
61 (QN/Block) 	Elapsed: 0.047	Loglikelihood: -53240.7	(delta): -7.27596e-12
62 (QN/Block) 	Elapsed: 0.047	Loglikelihood: -53240.7	(delta): 7.27596e-12
63 (QN/Block) 	Elapsed: 0.049	Loglikelihood: -53240.7	(delta): -7.27596e-12
64 (QN/Block) 	Elapsed: 0.052	Loglikelihood: -53240.7	(delta): -7.27596e-12
65 (QN/Block) 	Elapsed: 0.048	Loglikelihood: -53240.7	(delta): 7.27596e-12
66 (QN/Block) 	Elapsed: 0.055	Loglikelihood: -53240.7	(delta): 0
67 (QN/Block) 	Elapsed: 0.045	Loglikelihood: -53240.7	(delta): -7.27596e-12
68 (QN/Block) 	Elapsed: 0.044	Loglikelihood: -53240.7	(delta): 1.45519e-11
69 (QN/Block) 	Elapsed: 0.047	Loglikelihood: -53240.7	(delta): -2.18279e-11
70 (QN/Block) 	Elapsed: 0.044	Loglikelihood: -53240.7	(delta): 0
71 (QN/Block) 	Elapsed: 0.047	Loglikelihood: -53240.7	(delta): 7.27596e-12
72 (QN/Block) 	Elapsed: 0.047	Loglikelihood: -53240.7	(delta): 1.45519e-11
73 (QN/Block) 	Elapsed: 0.047	Loglikelihood: -53240.7	(delta): 0
74 (QN/Block) 	Elapsed: 0.048	Loglikelihood: -53240.7	(delta): -2.18279e-11
75 (QN/Block) 	Elapsed: 0.048	Loglikelihood: -53240.7	(delta): 1.45519e-11
76 (QN/Block) 	Elapsed: 0.045	Loglikelihood: -53240.7	(delta): -1.45519e-11
77 (QN/Block) 	Elapsed: 0.044	Loglikelihood: -53240.7	(delta): 1.45519e-11
78 (QN/Block) 	Elapsed: 0.042	Loglikelihood: -53240.7	(delta): 0
79 (QN/Block) 	Elapsed: 0.046	Loglikelihood: -53240.7	(delta): -7.27596e-12
80 (QN/Block) 	Elapsed: 0.044	Loglikelihood: -53240.7	(delta): 7.27596e-12
81 (QN/Block) 	Elapsed: 0.049	Loglikelihood: -53240.7	(delta): -7.27596e-12
82 (QN/Block) 	Elapsed: 0.049	Loglikelihood: -53240.7	(delta): 7.27596e-12
83 (QN/Block) 	Elapsed: 0.049	Loglikelihood: -53240.7	(delta): 0
84 (QN/Block) 	Elapsed: 0.053	Loglikelihood: -53240.7	(delta): -1.45519e-11
85 (QN/Block) 	Elapsed: 0.062	Loglikelihood: -53240.7	(delta): 0
86 (QN/Block) 	Elapsed: 0.046	Loglikelihood: -53240.7	(delta): 2.18279e-11
87 (QN/Block) 	Elapsed: 0.047	Loglikelihood: -53240.7	(delta): -2.18279e-11
88 (QN/Block) 	Elapsed: 0.045	Loglikelihood: -53240.7	(delta): 1.45519e-11
89 (QN/Block) 	Elapsed: 0.044	Loglikelihood: -53240.7	(delta): 0
90 (QN/Block) 	Elapsed: 0.045	Loglikelihood: -53240.7	(delta): 7.27596e-12
91 (QN/Block) 	Elapsed: 0.044	Loglikelihood: -53240.7	(delta): -7.27596e-12
92 (QN/Block) 	Elapsed: 0.048	Loglikelihood: -53240.7	(delta): 0
93 (QN/Block) 	Elapsed: 0.047	Loglikelihood: -53240.7	(delta): -1.45519e-11
94 (QN/Block) 	Elapsed: 0.042	Loglikelihood: -53240.7	(delta): 7.27596e-12
95 (QN/Block) 	Elapsed: 0.048	Loglikelihood: -53240.7	(delta): 7.27596e-12
96 (QN/Block) 	Elapsed: 0.046	Loglikelihood: -53240.7	(delta): 0
97 (QN/Block) 	Elapsed: 0.049	Loglikelihood: -53240.7	(delta): -7.27596e-12
98 (QN/Block) 	Elapsed: 0.052	Loglikelihood: -53240.7	(delta): -7.27596e-12
99 (QN/Block) 	Elapsed: 0.048	Loglikelihood: -53240.7	(delta): 0
100 (QN/Block) 	Elapsed: 0.044	Loglikelihood: -53240.7	(delta): 7.27596e-12
Summary: 
Converged in 100 iterations (5.157 sec)
Loglikelihood: -53240.733716
Fst divergences between estimated populations: 
	Pop0	Pop1	Pop2	
Pop0	
Pop1	0.780	
Pop2	0.846	0.794	
Pop3	0.865	0.818	0.369	
CV error (K=4): 0.09753
Writing output files.
