****                   ADMIXTURE Version 1.3.0                  ****
****                    Copyright 2008-2015                     ****
****           David Alexander, Suyash Shringarpure,            ****
****                John  Novembre, Ken Lange                   ****
****                                                            ****
****                 Please cite our paper!                     ****
****   Information at www.genetics.ucla.edu/software/admixture  ****

Parallel execution requested.  Will use 8 threads.
Cross-validation will be performed.  Folds=10.
Random seed: 43
Point estimation method: Block relaxation algorithm
Convergence acceleration algorithm: QuasiNewton, 3 secant conditions
Point estimation will terminate at 100 iterations
Estimation of standard errors disabled; will compute point estimates only.
Size of G: 557x751
Performing five EM steps to prime main algorithm
1 (EM) 	Elapsed: 0.066	Loglikelihood: -241131	(delta): 306955
2 (EM) 	Elapsed: 0.067	Loglikelihood: -229553	(delta): 11577.1
3 (EM) 	Elapsed: 0.07	Loglikelihood: -226048	(delta): 3505.25
4 (EM) 	Elapsed: 0.067	Loglikelihood: -221632	(delta): 4416.38
5 (EM) 	Elapsed: 0.067	Loglikelihood: -214492	(delta): 7139.27
Initial loglikelihood: -214492
Starting main algorithm
1 (QN/Block) 	Elapsed: 0.089	Loglikelihood: -59907.3	(delta): 154585
2 (QN/Block) 	Elapsed: 0.084	Loglikelihood: -49840	(delta): 10067.3
3 (QN/Block) 	Elapsed: 0.079	Loglikelihood: -47327.4	(delta): 2512.66
4 (QN/Block) 	Elapsed: 0.085	Loglikelihood: -46119.5	(delta): 1207.81
5 (QN/Block) 	Elapsed: 0.08	Loglikelihood: -45556.1	(delta): 563.449
6 (QN/Block) 	Elapsed: 0.088	Loglikelihood: -45375.2	(delta): 180.904
7 (QN/Block) 	Elapsed: 0.084	Loglikelihood: -45328.7	(delta): 46.4982
8 (QN/Block) 	Elapsed: 0.088	Loglikelihood: -45319	(delta): 9.68497
9 (QN/Block) 	Elapsed: 0.088	Loglikelihood: -45315.1	(delta): 3.94136
10 (QN/Block) 	Elapsed: 0.084	Loglikelihood: -45313.9	(delta): 1.19238
11 (QN/Block) 	Elapsed: 0.081	Loglikelihood: -45312.8	(delta): 1.07662
12 (QN/Block) 	Elapsed: 0.087	Loglikelihood: -45310.4	(delta): 2.38494
13 (QN/Block) 	Elapsed: 0.082	Loglikelihood: -45309.7	(delta): 0.703553
14 (QN/Block) 	Elapsed: 0.084	Loglikelihood: -45309.3	(delta): 0.359517
15 (QN/Block) 	Elapsed: 0.088	Loglikelihood: -45309	(delta): 0.317459
16 (QN/Block) 	Elapsed: 0.081	Loglikelihood: -45309	(delta): 0.0732654
17 (QN/Block) 	Elapsed: 0.088	Loglikelihood: -45308.9	(delta): 0.034946
18 (QN/Block) 	Elapsed: 0.083	Loglikelihood: -45308.9	(delta): 0.0180657
19 (QN/Block) 	Elapsed: 0.083	Loglikelihood: -45308.8	(delta): 0.136995
20 (QN/Block) 	Elapsed: 0.089	Loglikelihood: -45308.7	(delta): 0.0147171
21 (QN/Block) 	Elapsed: 0.082	Loglikelihood: -45308.7	(delta): 0.0173262
22 (QN/Block) 	Elapsed: 0.082	Loglikelihood: -45308.7	(delta): 0.00138936
23 (QN/Block) 	Elapsed: 0.087	Loglikelihood: -45308.7	(delta): 0.000345637
24 (QN/Block) 	Elapsed: 0.087	Loglikelihood: -45308.7	(delta): 0.000430384
25 (QN/Block) 	Elapsed: 0.085	Loglikelihood: -45308.7	(delta): 0.000172688
26 (QN/Block) 	Elapsed: 0.082	Loglikelihood: -45308.7	(delta): 0.0001049
27 (QN/Block) 	Elapsed: 0.084	Loglikelihood: -45308.7	(delta): 0.000112661
28 (QN/Block) 	Elapsed: 0.085	Loglikelihood: -45308.7	(delta): 8.80761e-05
29 (QN/Block) 	Elapsed: 0.095	Loglikelihood: -45308.7	(delta): 6.31296e-06
30 (QN/Block) 	Elapsed: 0.089	Loglikelihood: -45308.7	(delta): 1.86889e-05
31 (QN/Block) 	Elapsed: 0.084	Loglikelihood: -45308.7	(delta): 4.75293e-05
32 (QN/Block) 	Elapsed: 0.084	Loglikelihood: -45308.7	(delta): 5.50123e-06
33 (QN/Block) 	Elapsed: 0.093	Loglikelihood: -45308.7	(delta): 2.31645e-07
34 (QN/Block) 	Elapsed: 0.085	Loglikelihood: -45308.7	(delta): 4.66891e-07
35 (QN/Block) 	Elapsed: 0.085	Loglikelihood: -45308.7	(delta): 3.34454e-07
36 (QN/Block) 	Elapsed: 0.09	Loglikelihood: -45308.7	(delta): 1.80582e-07
37 (QN/Block) 	Elapsed: 0.09	Loglikelihood: -45308.7	(delta): 1.39262e-08
38 (QN/Block) 	Elapsed: 0.09	Loglikelihood: -45308.7	(delta): 2.76996e-08
39 (QN/Block) 	Elapsed: 0.088	Loglikelihood: -45308.7	(delta): 1.18889e-08
40 (QN/Block) 	Elapsed: 0.111	Loglikelihood: -45308.7	(delta): 1.61162e-08
41 (QN/Block) 	Elapsed: 0.099	Loglikelihood: -45308.7	(delta): 4.46016e-09
42 (QN/Block) 	Elapsed: 0.094	Loglikelihood: -45308.7	(delta): 2.35013e-09
43 (QN/Block) 	Elapsed: 0.092	Loglikelihood: -45308.7	(delta): 3.20142e-10
44 (QN/Block) 	Elapsed: 0.096	Loglikelihood: -45308.7	(delta): 3.71074e-10
45 (QN/Block) 	Elapsed: 0.099	Loglikelihood: -45308.7	(delta): 2.6921e-10
46 (QN/Block) 	Elapsed: 0.094	Loglikelihood: -45308.7	(delta): 1.74623e-10
47 (QN/Block) 	Elapsed: 0.095	Loglikelihood: -45308.7	(delta): 1.96451e-10
48 (QN/Block) 	Elapsed: 0.093	Loglikelihood: -45308.7	(delta): 3.0559e-10
49 (QN/Block) 	Elapsed: 0.094	Loglikelihood: -45308.7	(delta): 2.25555e-10
50 (QN/Block) 	Elapsed: 0.102	Loglikelihood: -45308.7	(delta): 1.16415e-10
51 (QN/Block) 	Elapsed: 0.098	Loglikelihood: -45308.7	(delta): 1.60071e-10
52 (QN/Block) 	Elapsed: 0.094	Loglikelihood: -45308.7	(delta): -4.36557e-11
53 (QN/Block) 	Elapsed: 0.091	Loglikelihood: -45308.7	(delta): 1.74623e-10
54 (QN/Block) 	Elapsed: 0.093	Loglikelihood: -45308.7	(delta): 2.76486e-10
55 (QN/Block) 	Elapsed: 0.093	Loglikelihood: -45308.7	(delta): 8.73115e-11
56 (QN/Block) 	Elapsed: 0.095	Loglikelihood: -45308.7	(delta): 4.36557e-11
57 (QN/Block) 	Elapsed: 0.094	Loglikelihood: -45308.7	(delta): 2.76486e-10
58 (QN/Block) 	Elapsed: 0.093	Loglikelihood: -45308.7	(delta): 5.09317e-11
59 (QN/Block) 	Elapsed: 0.106	Loglikelihood: -45308.7	(delta): 1.01863e-10
60 (QN/Block) 	Elapsed: 0.105	Loglikelihood: -45308.7	(delta): -6.54836e-11
61 (QN/Block) 	Elapsed: 0.096	Loglikelihood: -45308.7	(delta): 3.0559e-10
62 (QN/Block) 	Elapsed: 0.091	Loglikelihood: -45308.7	(delta): 2.98314e-10
63 (QN/Block) 	Elapsed: 0.089	Loglikelihood: -45308.7	(delta): -7.27596e-12
64 (QN/Block) 	Elapsed: 0.097	Loglikelihood: -45308.7	(delta): 1.52795e-10
65 (QN/Block) 	Elapsed: 0.092	Loglikelihood: -45308.7	(delta): 1.60071e-10
66 (QN/Block) 	Elapsed: 0.108	Loglikelihood: -45308.7	(delta): 5.82077e-11
67 (QN/Block) 	Elapsed: 0.088	Loglikelihood: -45308.7	(delta): 1.01863e-10
68 (QN/Block) 	Elapsed: 0.091	Loglikelihood: -45308.7	(delta): 1.96451e-10
69 (QN/Block) 	Elapsed: 0.095	Loglikelihood: -45308.7	(delta): -1.45519e-11
70 (QN/Block) 	Elapsed: 0.091	Loglikelihood: -45308.7	(delta): 1.38243e-10
71 (QN/Block) 	Elapsed: 0.096	Loglikelihood: -45308.7	(delta): 1.52795e-10
72 (QN/Block) 	Elapsed: 0.085	Loglikelihood: -45308.7	(delta): 9.45874e-11
73 (QN/Block) 	Elapsed: 0.085	Loglikelihood: -45308.7	(delta): 1.89175e-10
74 (QN/Block) 	Elapsed: 0.09	Loglikelihood: -45308.7	(delta): 1.16415e-10
75 (QN/Block) 	Elapsed: 0.085	Loglikelihood: -45308.7	(delta): 3.63798e-11
76 (QN/Block) 	Elapsed: 0.088	Loglikelihood: -45308.7	(delta): 8.00355e-11
77 (QN/Block) 	Elapsed: 0.087	Loglikelihood: -45308.7	(delta): 1.45519e-11
78 (QN/Block) 	Elapsed: 0.086	Loglikelihood: -45308.7	(delta): 2.76486e-10
79 (QN/Block) 	Elapsed: 0.089	Loglikelihood: -45308.7	(delta): 7.27596e-12
80 (QN/Block) 	Elapsed: 0.087	Loglikelihood: -45308.7	(delta): -5.09317e-11
81 (QN/Block) 	Elapsed: 0.084	Loglikelihood: -45308.7	(delta): -5.82077e-11
82 (QN/Block) 	Elapsed: 0.096	Loglikelihood: -45308.7	(delta): 1.23691e-10
83 (QN/Block) 	Elapsed: 0.085	Loglikelihood: -45308.7	(delta): 0
84 (QN/Block) 	Elapsed: 0.089	Loglikelihood: -45308.7	(delta): 1.89175e-10
85 (QN/Block) 	Elapsed: 0.087	Loglikelihood: -45308.7	(delta): 1.38243e-10
86 (QN/Block) 	Elapsed: 0.086	Loglikelihood: -45308.7	(delta): -4.36557e-11
87 (QN/Block) 	Elapsed: 0.09	Loglikelihood: -45308.7	(delta): 3.63798e-11
88 (QN/Block) 	Elapsed: 0.085	Loglikelihood: -45308.7	(delta): 7.27596e-12
89 (QN/Block) 	Elapsed: 0.087	Loglikelihood: -45308.7	(delta): 8.00355e-11
90 (QN/Block) 	Elapsed: 0.089	Loglikelihood: -45308.7	(delta): -8.73115e-11
91 (QN/Block) 	Elapsed: 0.087	Loglikelihood: -45308.7	(delta): 1.67347e-10
92 (QN/Block) 	Elapsed: 0.084	Loglikelihood: -45308.7	(delta): 8.00355e-11
93 (QN/Block) 	Elapsed: 0.095	Loglikelihood: -45308.7	(delta): 1.01863e-10
94 (QN/Block) 	Elapsed: 0.087	Loglikelihood: -45308.7	(delta): 1.74623e-10
95 (QN/Block) 	Elapsed: 0.088	Loglikelihood: -45308.7	(delta): 1.16415e-10
96 (QN/Block) 	Elapsed: 0.084	Loglikelihood: -45308.7	(delta): 0
97 (QN/Block) 	Elapsed: 0.084	Loglikelihood: -45308.7	(delta): 1.45519e-10
98 (QN/Block) 	Elapsed: 0.09	Loglikelihood: -45308.7	(delta): 6.54836e-11
99 (QN/Block) 	Elapsed: 0.087	Loglikelihood: -45308.7	(delta): 2.03727e-10
100 (QN/Block) 	Elapsed: 0.086	Loglikelihood: -45308.7	(delta): 3.63798e-11
Summary: 
Converged in 100 iterations (9.49 sec)
Loglikelihood: -45308.729232
Fst divergences between estimated populations: 
	Pop0	Pop1	Pop2	Pop3	Pop4	Pop5	Pop6	Pop7	Pop8	
Pop0	
Pop1	0.876	
Pop2	0.465	0.877	
Pop3	0.835	0.811	0.835	
Pop4	0.844	0.815	0.846	0.212	
Pop5	0.839	0.811	0.839	0.152	0.134	
Pop6	0.888	0.355	0.890	0.829	0.839	0.834	
Pop7	0.485	0.875	0.589	0.834	0.842	0.838	0.888	
Pop8	0.870	0.835	0.871	0.372	0.381	0.365	0.853	0.868	
Pop9	0.880	0.396	0.881	0.824	0.830	0.827	0.437	0.879	0.847	
CV error (K=10): 0.08575
Writing output files.
