****                   ADMIXTURE Version 1.3.0                  ****
****                    Copyright 2008-2015                     ****
****           David Alexander, Suyash Shringarpure,            ****
****                John  Novembre, Ken Lange                   ****
****                                                            ****
****                 Please cite our paper!                     ****
****   Information at www.genetics.ucla.edu/software/admixture  ****

Parallel execution requested.  Will use 8 threads.
Cross-validation will be performed.  Folds=10.
Random seed: 43
Point estimation method: Block relaxation algorithm
Convergence acceleration algorithm: QuasiNewton, 3 secant conditions
Point estimation will terminate at 100 iterations
Estimation of standard errors disabled; will compute point estimates only.
Size of G: 557x751
Performing five EM steps to prime main algorithm
1 (EM) 	Elapsed: 0.047	Loglikelihood: -241949	(delta): 321121
2 (EM) 	Elapsed: 0.046	Loglikelihood: -230119	(delta): 11829.7
3 (EM) 	Elapsed: 0.044	Loglikelihood: -225883	(delta): 4236.18
4 (EM) 	Elapsed: 0.044	Loglikelihood: -219761	(delta): 6121.5
5 (EM) 	Elapsed: 0.046	Loglikelihood: -209109	(delta): 10652.5
Initial loglikelihood: -209109
Starting main algorithm
1 (QN/Block) 	Elapsed: 0.058	Loglikelihood: -60942.5	(delta): 148166
2 (QN/Block) 	Elapsed: 0.062	Loglikelihood: -54274.3	(delta): 6668.19
3 (QN/Block) 	Elapsed: 0.063	Loglikelihood: -51531.9	(delta): 2742.4
4 (QN/Block) 	Elapsed: 0.066	Loglikelihood: -49152.3	(delta): 2379.59
5 (QN/Block) 	Elapsed: 0.063	Loglikelihood: -47802.1	(delta): 1350.21
6 (QN/Block) 	Elapsed: 0.06	Loglikelihood: -47085.5	(delta): 716.644
7 (QN/Block) 	Elapsed: 0.062	Loglikelihood: -46870.4	(delta): 215.04
8 (QN/Block) 	Elapsed: 0.066	Loglikelihood: -46762.4	(delta): 107.997
9 (QN/Block) 	Elapsed: 0.063	Loglikelihood: -46725.4	(delta): 37.049
10 (QN/Block) 	Elapsed: 0.064	Loglikelihood: -46712.3	(delta): 13.1239
11 (QN/Block) 	Elapsed: 0.063	Loglikelihood: -46703.9	(delta): 8.35409
12 (QN/Block) 	Elapsed: 0.075	Loglikelihood: -46698.3	(delta): 5.63213
13 (QN/Block) 	Elapsed: 0.069	Loglikelihood: -46696.5	(delta): 1.8214
14 (QN/Block) 	Elapsed: 0.068	Loglikelihood: -46695.9	(delta): 0.548729
15 (QN/Block) 	Elapsed: 0.068	Loglikelihood: -46695.7	(delta): 0.18051
16 (QN/Block) 	Elapsed: 0.065	Loglikelihood: -46695.6	(delta): 0.114368
17 (QN/Block) 	Elapsed: 0.064	Loglikelihood: -46695.5	(delta): 0.0706035
18 (QN/Block) 	Elapsed: 0.064	Loglikelihood: -46695.5	(delta): 0.0157526
19 (QN/Block) 	Elapsed: 0.062	Loglikelihood: -46695.5	(delta): 0.00968408
20 (QN/Block) 	Elapsed: 0.061	Loglikelihood: -46695.5	(delta): 0.00536197
21 (QN/Block) 	Elapsed: 0.061	Loglikelihood: -46695.5	(delta): 0.00297138
22 (QN/Block) 	Elapsed: 0.069	Loglikelihood: -46695.5	(delta): 0.00113821
23 (QN/Block) 	Elapsed: 0.067	Loglikelihood: -46695.5	(delta): 0.000474568
24 (QN/Block) 	Elapsed: 0.064	Loglikelihood: -46695.5	(delta): 4.38706e-05
25 (QN/Block) 	Elapsed: 0.062	Loglikelihood: -46695.5	(delta): 4.51267e-05
26 (QN/Block) 	Elapsed: 0.067	Loglikelihood: -46695.5	(delta): 0.000177092
27 (QN/Block) 	Elapsed: 0.064	Loglikelihood: -46695.5	(delta): 7.78798e-05
28 (QN/Block) 	Elapsed: 0.066	Loglikelihood: -46695.5	(delta): 8.18513e-06
29 (QN/Block) 	Elapsed: 0.059	Loglikelihood: -46695.5	(delta): 5.30286e-07
30 (QN/Block) 	Elapsed: 0.062	Loglikelihood: -46695.5	(delta): 8.84014e-07
31 (QN/Block) 	Elapsed: 0.059	Loglikelihood: -46695.5	(delta): 1.39773e-06
32 (QN/Block) 	Elapsed: 0.06	Loglikelihood: -46695.5	(delta): 3.33894e-07
33 (QN/Block) 	Elapsed: 0.061	Loglikelihood: -46695.5	(delta): 3.09956e-08
34 (QN/Block) 	Elapsed: 0.06	Loglikelihood: -46695.5	(delta): 3.76531e-08
35 (QN/Block) 	Elapsed: 0.062	Loglikelihood: -46695.5	(delta): 5.15938e-08
36 (QN/Block) 	Elapsed: 0.062	Loglikelihood: -46695.5	(delta): 2.63244e-08
37 (QN/Block) 	Elapsed: 0.06	Loglikelihood: -46695.5	(delta): 4.70027e-09
38 (QN/Block) 	Elapsed: 0.063	Loglikelihood: -46695.5	(delta): 2.37924e-09
39 (QN/Block) 	Elapsed: 0.062	Loglikelihood: -46695.5	(delta): 1.68075e-09
40 (QN/Block) 	Elapsed: 0.066	Loglikelihood: -46695.5	(delta): 2.86673e-09
41 (QN/Block) 	Elapsed: 0.064	Loglikelihood: -46695.5	(delta): 2.54659e-10
42 (QN/Block) 	Elapsed: 0.063	Loglikelihood: -46695.5	(delta): 3.27418e-10
43 (QN/Block) 	Elapsed: 0.069	Loglikelihood: -46695.5	(delta): 1.74623e-10
44 (QN/Block) 	Elapsed: 0.069	Loglikelihood: -46695.5	(delta): 3.27418e-10
45 (QN/Block) 	Elapsed: 0.066	Loglikelihood: -46695.5	(delta): 8.00355e-11
46 (QN/Block) 	Elapsed: 0.062	Loglikelihood: -46695.5	(delta): 7.27596e-11
47 (QN/Block) 	Elapsed: 0.063	Loglikelihood: -46695.5	(delta): 2.6921e-10
48 (QN/Block) 	Elapsed: 0.066	Loglikelihood: -46695.5	(delta): 2.47383e-10
49 (QN/Block) 	Elapsed: 0.065	Loglikelihood: -46695.5	(delta): 3.7835e-10
50 (QN/Block) 	Elapsed: 0.066	Loglikelihood: -46695.5	(delta): 2.25555e-10
51 (QN/Block) 	Elapsed: 0.064	Loglikelihood: -46695.5	(delta): 1.89175e-10
52 (QN/Block) 	Elapsed: 0.07	Loglikelihood: -46695.5	(delta): 1.96451e-10
53 (QN/Block) 	Elapsed: 0.069	Loglikelihood: -46695.5	(delta): 1.45519e-11
54 (QN/Block) 	Elapsed: 0.066	Loglikelihood: -46695.5	(delta): 1.81899e-10
55 (QN/Block) 	Elapsed: 0.068	Loglikelihood: -46695.5	(delta): 2.6921e-10
56 (QN/Block) 	Elapsed: 0.066	Loglikelihood: -46695.5	(delta): 1.96451e-10
57 (QN/Block) 	Elapsed: 0.066	Loglikelihood: -46695.5	(delta): 9.45874e-11
58 (QN/Block) 	Elapsed: 0.077	Loglikelihood: -46695.5	(delta): 1.67347e-10
59 (QN/Block) 	Elapsed: 0.068	Loglikelihood: -46695.5	(delta): 2.32831e-10
60 (QN/Block) 	Elapsed: 0.068	Loglikelihood: -46695.5	(delta): 2.91038e-11
61 (QN/Block) 	Elapsed: 0.066	Loglikelihood: -46695.5	(delta): 1.96451e-10
62 (QN/Block) 	Elapsed: 0.071	Loglikelihood: -46695.5	(delta): -7.27596e-12
63 (QN/Block) 	Elapsed: 0.067	Loglikelihood: -46695.5	(delta): 1.09139e-10
64 (QN/Block) 	Elapsed: 0.067	Loglikelihood: -46695.5	(delta): 1.30967e-10
65 (QN/Block) 	Elapsed: 0.067	Loglikelihood: -46695.5	(delta): -2.18279e-11
66 (QN/Block) 	Elapsed: 0.068	Loglikelihood: -46695.5	(delta): -6.54836e-11
67 (QN/Block) 	Elapsed: 0.067	Loglikelihood: -46695.5	(delta): -2.18279e-11
68 (QN/Block) 	Elapsed: 0.067	Loglikelihood: -46695.5	(delta): 8.00355e-11
69 (QN/Block) 	Elapsed: 0.068	Loglikelihood: -46695.5	(delta): 1.01863e-10
70 (QN/Block) 	Elapsed: 0.066	Loglikelihood: -46695.5	(delta): 1.89175e-10
71 (QN/Block) 	Elapsed: 0.068	Loglikelihood: -46695.5	(delta): 5.82077e-11
72 (QN/Block) 	Elapsed: 0.078	Loglikelihood: -46695.5	(delta): 7.27596e-12
73 (QN/Block) 	Elapsed: 0.081	Loglikelihood: -46695.5	(delta): 1.23691e-10
74 (QN/Block) 	Elapsed: 0.066	Loglikelihood: -46695.5	(delta): 2.18279e-11
75 (QN/Block) 	Elapsed: 0.07	Loglikelihood: -46695.5	(delta): 2.03727e-10
76 (QN/Block) 	Elapsed: 0.067	Loglikelihood: -46695.5	(delta): 3.63798e-11
77 (QN/Block) 	Elapsed: 0.067	Loglikelihood: -46695.5	(delta): 5.09317e-11
78 (QN/Block) 	Elapsed: 0.072	Loglikelihood: -46695.5	(delta): 2.03727e-10
79 (QN/Block) 	Elapsed: 0.069	Loglikelihood: -46695.5	(delta): -1.09139e-10
80 (QN/Block) 	Elapsed: 0.071	Loglikelihood: -46695.5	(delta): 1.23691e-10
81 (QN/Block) 	Elapsed: 0.08	Loglikelihood: -46695.5	(delta): -8.00355e-11
82 (QN/Block) 	Elapsed: 0.072	Loglikelihood: -46695.5	(delta): -7.27596e-12
83 (QN/Block) 	Elapsed: 0.069	Loglikelihood: -46695.5	(delta): 2.91038e-11
84 (QN/Block) 	Elapsed: 0.073	Loglikelihood: -46695.5	(delta): 1.67347e-10
85 (QN/Block) 	Elapsed: 0.07	Loglikelihood: -46695.5	(delta): -9.45874e-11
86 (QN/Block) 	Elapsed: 0.073	Loglikelihood: -46695.5	(delta): 1.38243e-10
87 (QN/Block) 	Elapsed: 0.074	Loglikelihood: -46695.5	(delta): 7.27596e-11
88 (QN/Block) 	Elapsed: 0.072	Loglikelihood: -46695.5	(delta): 4.36557e-11
89 (QN/Block) 	Elapsed: 0.069	Loglikelihood: -46695.5	(delta): 5.82077e-11
90 (QN/Block) 	Elapsed: 0.072	Loglikelihood: -46695.5	(delta): -7.27596e-12
91 (QN/Block) 	Elapsed: 0.067	Loglikelihood: -46695.5	(delta): 1.30967e-10
92 (QN/Block) 	Elapsed: 0.067	Loglikelihood: -46695.5	(delta): -8.73115e-11
93 (QN/Block) 	Elapsed: 0.07	Loglikelihood: -46695.5	(delta): 2.18279e-11
94 (QN/Block) 	Elapsed: 0.067	Loglikelihood: -46695.5	(delta): -7.27596e-11
95 (QN/Block) 	Elapsed: 0.069	Loglikelihood: -46695.5	(delta): 1.52795e-10
96 (QN/Block) 	Elapsed: 0.068	Loglikelihood: -46695.5	(delta): -1.89175e-10
97 (QN/Block) 	Elapsed: 0.069	Loglikelihood: -46695.5	(delta): 1.45519e-10
98 (QN/Block) 	Elapsed: 0.07	Loglikelihood: -46695.5	(delta): -1.38243e-10
99 (QN/Block) 	Elapsed: 0.073	Loglikelihood: -46695.5	(delta): 6.54836e-11
100 (QN/Block) 	Elapsed: 0.072	Loglikelihood: -46695.5	(delta): -9.45874e-11
Summary: 
Converged in 100 iterations (7.088 sec)
Loglikelihood: -46695.510729
Fst divergences between estimated populations: 
	Pop0	Pop1	Pop2	Pop3	Pop4	Pop5	
Pop0	
Pop1	0.084	
Pop2	0.342	0.359	
Pop3	0.827	0.832	0.853	
Pop4	0.799	0.805	0.830	0.351	
Pop5	0.818	0.825	0.859	0.877	0.864	
Pop6	0.823	0.832	0.865	0.880	0.868	0.523	
CV error (K=7): 0.08413
Writing output files.
