****                   ADMIXTURE Version 1.3.0                  ****
****                    Copyright 2008-2015                     ****
****           David Alexander, Suyash Shringarpure,            ****
****                John  Novembre, Ken Lange                   ****
****                                                            ****
****                 Please cite our paper!                     ****
****   Information at www.genetics.ucla.edu/software/admixture  ****

Parallel execution requested.  Will use 8 threads.
Cross-validation will be performed.  Folds=10.
Random seed: 43
Point estimation method: Block relaxation algorithm
Convergence acceleration algorithm: QuasiNewton, 3 secant conditions
Point estimation will terminate at 100 iterations
Estimation of standard errors disabled; will compute point estimates only.
Size of G: 557x751
Performing five EM steps to prime main algorithm
1 (EM) 	Elapsed: 0.025	Loglikelihood: -238199	(delta): 347714
2 (EM) 	Elapsed: 0.024	Loglikelihood: -227192	(delta): 11007.3
3 (EM) 	Elapsed: 0.026	Loglikelihood: -223956	(delta): 3235.86
4 (EM) 	Elapsed: 0.026	Loglikelihood: -220943	(delta): 3013.08
5 (EM) 	Elapsed: 0.03	Loglikelihood: -216262	(delta): 4681.65
Initial loglikelihood: -216262
Starting main algorithm
1 (QN/Block) 	Elapsed: 0.046	Loglikelihood: -67283.4	(delta): 148978
2 (QN/Block) 	Elapsed: 0.045	Loglikelihood: -51865.1	(delta): 15418.3
3 (QN/Block) 	Elapsed: 0.049	Loglikelihood: -50264.3	(delta): 1600.75
4 (QN/Block) 	Elapsed: 0.051	Loglikelihood: -48954.7	(delta): 1309.57
5 (QN/Block) 	Elapsed: 0.051	Loglikelihood: -48082.6	(delta): 872.188
6 (QN/Block) 	Elapsed: 0.048	Loglikelihood: -47801.9	(delta): 280.618
7 (QN/Block) 	Elapsed: 0.056	Loglikelihood: -47732.5	(delta): 69.4847
8 (QN/Block) 	Elapsed: 0.061	Loglikelihood: -47721.8	(delta): 10.7007
9 (QN/Block) 	Elapsed: 0.052	Loglikelihood: -47720.2	(delta): 1.56391
10 (QN/Block) 	Elapsed: 0.056	Loglikelihood: -47720.2	(delta): 0.0263109
11 (QN/Block) 	Elapsed: 0.047	Loglikelihood: -47720.2	(delta): 0.00173315
12 (QN/Block) 	Elapsed: 0.048	Loglikelihood: -47720.2	(delta): 1.19121e-05
13 (QN/Block) 	Elapsed: 0.054	Loglikelihood: -47720.2	(delta): 2.93367e-08
14 (QN/Block) 	Elapsed: 0.064	Loglikelihood: -47720.2	(delta): 1.52795e-10
15 (QN/Block) 	Elapsed: 0.057	Loglikelihood: -47720.2	(delta): 4.36557e-11
16 (QN/Block) 	Elapsed: 0.06	Loglikelihood: -47720.2	(delta): 2.18279e-11
17 (QN/Block) 	Elapsed: 0.05	Loglikelihood: -47720.2	(delta): 1.45519e-11
18 (QN/Block) 	Elapsed: 0.051	Loglikelihood: -47720.2	(delta): -7.27596e-12
19 (QN/Block) 	Elapsed: 0.048	Loglikelihood: -47720.2	(delta): 1.45519e-11
20 (QN/Block) 	Elapsed: 0.052	Loglikelihood: -47720.2	(delta): 7.27596e-12
21 (QN/Block) 	Elapsed: 0.058	Loglikelihood: -47720.2	(delta): -1.45519e-11
22 (QN/Block) 	Elapsed: 0.056	Loglikelihood: -47720.2	(delta): 7.27596e-12
23 (QN/Block) 	Elapsed: 0.05	Loglikelihood: -47720.2	(delta): 7.27596e-12
24 (QN/Block) 	Elapsed: 0.049	Loglikelihood: -47720.2	(delta): 7.27596e-12
25 (QN/Block) 	Elapsed: 0.054	Loglikelihood: -47720.2	(delta): 7.27596e-12
26 (QN/Block) 	Elapsed: 0.052	Loglikelihood: -47720.2	(delta): -2.18279e-11
27 (QN/Block) 	Elapsed: 0.05	Loglikelihood: -47720.2	(delta): 7.27596e-12
28 (QN/Block) 	Elapsed: 0.05	Loglikelihood: -47720.2	(delta): -7.27596e-12
29 (QN/Block) 	Elapsed: 0.051	Loglikelihood: -47720.2	(delta): 7.27596e-12
30 (QN/Block) 	Elapsed: 0.05	Loglikelihood: -47720.2	(delta): 7.27596e-12
31 (QN/Block) 	Elapsed: 0.054	Loglikelihood: -47720.2	(delta): 7.27596e-12
32 (QN/Block) 	Elapsed: 0.059	Loglikelihood: -47720.2	(delta): -2.18279e-11
33 (QN/Block) 	Elapsed: 0.07	Loglikelihood: -47720.2	(delta): 7.27596e-12
34 (QN/Block) 	Elapsed: 0.055	Loglikelihood: -47720.2	(delta): 0
35 (QN/Block) 	Elapsed: 0.05	Loglikelihood: -47720.2	(delta): 7.27596e-12
36 (QN/Block) 	Elapsed: 0.05	Loglikelihood: -47720.2	(delta): 0
37 (QN/Block) 	Elapsed: 0.052	Loglikelihood: -47720.2	(delta): 1.45519e-11
38 (QN/Block) 	Elapsed: 0.052	Loglikelihood: -47720.2	(delta): -7.27596e-12
39 (QN/Block) 	Elapsed: 0.052	Loglikelihood: -47720.2	(delta): 7.27596e-12
40 (QN/Block) 	Elapsed: 0.057	Loglikelihood: -47720.2	(delta): 7.27596e-12
41 (QN/Block) 	Elapsed: 0.052	Loglikelihood: -47720.2	(delta): -2.18279e-11
42 (QN/Block) 	Elapsed: 0.052	Loglikelihood: -47720.2	(delta): -7.27596e-12
43 (QN/Block) 	Elapsed: 0.052	Loglikelihood: -47720.2	(delta): 2.18279e-11
44 (QN/Block) 	Elapsed: 0.052	Loglikelihood: -47720.2	(delta): -1.45519e-11
45 (QN/Block) 	Elapsed: 0.052	Loglikelihood: -47720.2	(delta): 2.18279e-11
46 (QN/Block) 	Elapsed: 0.052	Loglikelihood: -47720.2	(delta): -2.18279e-11
47 (QN/Block) 	Elapsed: 0.052	Loglikelihood: -47720.2	(delta): 7.27596e-12
48 (QN/Block) 	Elapsed: 0.049	Loglikelihood: -47720.2	(delta): 7.27596e-12
49 (QN/Block) 	Elapsed: 0.053	Loglikelihood: -47720.2	(delta): 1.45519e-11
50 (QN/Block) 	Elapsed: 0.055	Loglikelihood: -47720.2	(delta): 0
51 (QN/Block) 	Elapsed: 0.054	Loglikelihood: -47720.2	(delta): 0
52 (QN/Block) 	Elapsed: 0.049	Loglikelihood: -47720.2	(delta): 0
53 (QN/Block) 	Elapsed: 0.047	Loglikelihood: -47720.2	(delta): 7.27596e-12
54 (QN/Block) 	Elapsed: 0.049	Loglikelihood: -47720.2	(delta): -2.18279e-11
55 (QN/Block) 	Elapsed: 0.053	Loglikelihood: -47720.2	(delta): -1.45519e-11
56 (QN/Block) 	Elapsed: 0.051	Loglikelihood: -47720.2	(delta): 7.27596e-12
57 (QN/Block) 	Elapsed: 0.051	Loglikelihood: -47720.2	(delta): 0
58 (QN/Block) 	Elapsed: 0.049	Loglikelihood: -47720.2	(delta): 0
59 (QN/Block) 	Elapsed: 0.052	Loglikelihood: -47720.2	(delta): 2.18279e-11
60 (QN/Block) 	Elapsed: 0.051	Loglikelihood: -47720.2	(delta): -7.27596e-12
61 (QN/Block) 	Elapsed: 0.049	Loglikelihood: -47720.2	(delta): 1.45519e-11
62 (QN/Block) 	Elapsed: 0.048	Loglikelihood: -47720.2	(delta): 0
63 (QN/Block) 	Elapsed: 0.047	Loglikelihood: -47720.2	(delta): 7.27596e-12
64 (QN/Block) 	Elapsed: 0.048	Loglikelihood: -47720.2	(delta): -7.27596e-12
65 (QN/Block) 	Elapsed: 0.048	Loglikelihood: -47720.2	(delta): 0
66 (QN/Block) 	Elapsed: 0.052	Loglikelihood: -47720.2	(delta): 0
67 (QN/Block) 	Elapsed: 0.052	Loglikelihood: -47720.2	(delta): -7.27596e-12
68 (QN/Block) 	Elapsed: 0.053	Loglikelihood: -47720.2	(delta): 0
69 (QN/Block) 	Elapsed: 0.064	Loglikelihood: -47720.2	(delta): 7.27596e-12
70 (QN/Block) 	Elapsed: 0.055	Loglikelihood: -47720.2	(delta): 7.27596e-12
71 (QN/Block) 	Elapsed: 0.049	Loglikelihood: -47720.2	(delta): 0
72 (QN/Block) 	Elapsed: 0.045	Loglikelihood: -47720.2	(delta): 0
73 (QN/Block) 	Elapsed: 0.048	Loglikelihood: -47720.2	(delta): 1.45519e-11
74 (QN/Block) 	Elapsed: 0.051	Loglikelihood: -47720.2	(delta): 0
75 (QN/Block) 	Elapsed: 0.052	Loglikelihood: -47720.2	(delta): 0
76 (QN/Block) 	Elapsed: 0.05	Loglikelihood: -47720.2	(delta): 1.45519e-11
77 (QN/Block) 	Elapsed: 0.054	Loglikelihood: -47720.2	(delta): -2.18279e-11
78 (QN/Block) 	Elapsed: 0.05	Loglikelihood: -47720.2	(delta): 1.45519e-11
79 (QN/Block) 	Elapsed: 0.053	Loglikelihood: -47720.2	(delta): -7.27596e-12
80 (QN/Block) 	Elapsed: 0.048	Loglikelihood: -47720.2	(delta): -7.27596e-12
81 (QN/Block) 	Elapsed: 0.053	Loglikelihood: -47720.2	(delta): 1.45519e-11
82 (QN/Block) 	Elapsed: 0.054	Loglikelihood: -47720.2	(delta): 0
83 (QN/Block) 	Elapsed: 0.047	Loglikelihood: -47720.2	(delta): 7.27596e-12
84 (QN/Block) 	Elapsed: 0.048	Loglikelihood: -47720.2	(delta): -1.45519e-11
85 (QN/Block) 	Elapsed: 0.054	Loglikelihood: -47720.2	(delta): 7.27596e-12
86 (QN/Block) 	Elapsed: 0.049	Loglikelihood: -47720.2	(delta): 0
87 (QN/Block) 	Elapsed: 0.047	Loglikelihood: -47720.2	(delta): -7.27596e-12
88 (QN/Block) 	Elapsed: 0.047	Loglikelihood: -47720.2	(delta): 1.45519e-11
89 (QN/Block) 	Elapsed: 0.048	Loglikelihood: -47720.2	(delta): -7.27596e-12
90 (QN/Block) 	Elapsed: 0.053	Loglikelihood: -47720.2	(delta): 7.27596e-12
91 (QN/Block) 	Elapsed: 0.049	Loglikelihood: -47720.2	(delta): 0
92 (QN/Block) 	Elapsed: 0.048	Loglikelihood: -47720.2	(delta): 7.27596e-12
93 (QN/Block) 	Elapsed: 0.05	Loglikelihood: -47720.2	(delta): -7.27596e-12
94 (QN/Block) 	Elapsed: 0.049	Loglikelihood: -47720.2	(delta): 0
95 (QN/Block) 	Elapsed: 0.051	Loglikelihood: -47720.2	(delta): 7.27596e-12
96 (QN/Block) 	Elapsed: 0.053	Loglikelihood: -47720.2	(delta): 0
97 (QN/Block) 	Elapsed: 0.055	Loglikelihood: -47720.2	(delta): 0
98 (QN/Block) 	Elapsed: 0.052	Loglikelihood: -47720.2	(delta): -1.45519e-11
99 (QN/Block) 	Elapsed: 0.049	Loglikelihood: -47720.2	(delta): 7.27596e-12
100 (QN/Block) 	Elapsed: 0.051	Loglikelihood: -47720.2	(delta): 0
Summary: 
Converged in 100 iterations (5.483 sec)
Loglikelihood: -47720.158295
Fst divergences between estimated populations: 
	Pop0	Pop1	Pop2	
Pop0	
Pop1	0.799	
Pop2	0.842	0.818	
Pop3	0.842	0.804	0.289	
CV error (K=4): 0.08694
Writing output files.
