****                   ADMIXTURE Version 1.3.0                  ****
****                    Copyright 2008-2015                     ****
****           David Alexander, Suyash Shringarpure,            ****
****                John  Novembre, Ken Lange                   ****
****                                                            ****
****                 Please cite our paper!                     ****
****   Information at www.genetics.ucla.edu/software/admixture  ****

Parallel execution requested.  Will use 8 threads.
Cross-validation will be performed.  Folds=10.
Random seed: 43
Point estimation method: Block relaxation algorithm
Convergence acceleration algorithm: QuasiNewton, 3 secant conditions
Point estimation will terminate at 100 iterations
Estimation of standard errors disabled; will compute point estimates only.
Size of G: 98x940
Performing five EM steps to prime main algorithm
1 (EM) 	Elapsed: 0.011	Loglikelihood: -49239.7	(delta): 80150.1
2 (EM) 	Elapsed: 0.011	Loglikelihood: -46214.8	(delta): 3024.89
3 (EM) 	Elapsed: 0.011	Loglikelihood: -45600.6	(delta): 614.202
4 (EM) 	Elapsed: 0.01	Loglikelihood: -45189.4	(delta): 411.249
5 (EM) 	Elapsed: 0.012	Loglikelihood: -44852.7	(delta): 336.633
Initial loglikelihood: -44852.7
Starting main algorithm
1 (QN/Block) 	Elapsed: 0.021	Loglikelihood: -39514.8	(delta): 5337.97
2 (QN/Block) 	Elapsed: 0.016	Loglikelihood: -38507.6	(delta): 1007.19
3 (QN/Block) 	Elapsed: 0.018	Loglikelihood: -37992.5	(delta): 515.093
4 (QN/Block) 	Elapsed: 0.02	Loglikelihood: -37721.4	(delta): 271.112
5 (QN/Block) 	Elapsed: 0.021	Loglikelihood: -37590.3	(delta): 131.063
6 (QN/Block) 	Elapsed: 0.024	Loglikelihood: -37535.5	(delta): 54.789
7 (QN/Block) 	Elapsed: 0.018	Loglikelihood: -37503.6	(delta): 31.9272
8 (QN/Block) 	Elapsed: 0.02	Loglikelihood: -37480.6	(delta): 23.0215
9 (QN/Block) 	Elapsed: 0.02	Loglikelihood: -37466.8	(delta): 13.7653
10 (QN/Block) 	Elapsed: 0.017	Loglikelihood: -37460.3	(delta): 6.5105
11 (QN/Block) 	Elapsed: 0.02	Loglikelihood: -37454.8	(delta): 5.52862
12 (QN/Block) 	Elapsed: 0.017	Loglikelihood: -37450.2	(delta): 4.56537
13 (QN/Block) 	Elapsed: 0.023	Loglikelihood: -37446.1	(delta): 4.09841
14 (QN/Block) 	Elapsed: 0.021	Loglikelihood: -37439.8	(delta): 6.28094
15 (QN/Block) 	Elapsed: 0.02	Loglikelihood: -37435.7	(delta): 4.15534
16 (QN/Block) 	Elapsed: 0.019	Loglikelihood: -37433	(delta): 2.71077
17 (QN/Block) 	Elapsed: 0.016	Loglikelihood: -37429.5	(delta): 3.50483
18 (QN/Block) 	Elapsed: 0.018	Loglikelihood: -37427.5	(delta): 1.92938
19 (QN/Block) 	Elapsed: 0.019	Loglikelihood: -37425.1	(delta): 2.38987
20 (QN/Block) 	Elapsed: 0.02	Loglikelihood: -37420.6	(delta): 4.4973
21 (QN/Block) 	Elapsed: 0.024	Loglikelihood: -37417.8	(delta): 2.86268
22 (QN/Block) 	Elapsed: 0.018	Loglikelihood: -37416.2	(delta): 1.55989
23 (QN/Block) 	Elapsed: 0.02	Loglikelihood: -37415.1	(delta): 1.08466
24 (QN/Block) 	Elapsed: 0.018	Loglikelihood: -37413.2	(delta): 1.95
25 (QN/Block) 	Elapsed: 0.022	Loglikelihood: -37411.4	(delta): 1.76302
26 (QN/Block) 	Elapsed: 0.021	Loglikelihood: -37409	(delta): 2.43888
27 (QN/Block) 	Elapsed: 0.021	Loglikelihood: -37407.8	(delta): 1.16479
28 (QN/Block) 	Elapsed: 0.018	Loglikelihood: -37406.2	(delta): 1.64546
29 (QN/Block) 	Elapsed: 0.019	Loglikelihood: -37403.6	(delta): 2.60249
30 (QN/Block) 	Elapsed: 0.022	Loglikelihood: -37403	(delta): 0.559756
31 (QN/Block) 	Elapsed: 0.023	Loglikelihood: -37402.4	(delta): 0.567642
32 (QN/Block) 	Elapsed: 0.026	Loglikelihood: -37400	(delta): 2.48744
33 (QN/Block) 	Elapsed: 0.024	Loglikelihood: -37397.8	(delta): 2.16562
34 (QN/Block) 	Elapsed: 0.025	Loglikelihood: -37395.9	(delta): 1.85198
35 (QN/Block) 	Elapsed: 0.024	Loglikelihood: -37395	(delta): 0.903202
36 (QN/Block) 	Elapsed: 0.025	Loglikelihood: -37394.4	(delta): 0.632818
37 (QN/Block) 	Elapsed: 0.025	Loglikelihood: -37393.7	(delta): 0.654681
38 (QN/Block) 	Elapsed: 0.025	Loglikelihood: -37392.6	(delta): 1.15523
39 (QN/Block) 	Elapsed: 0.025	Loglikelihood: -37391.6	(delta): 0.941688
40 (QN/Block) 	Elapsed: 0.022	Loglikelihood: -37390.1	(delta): 1.52436
41 (QN/Block) 	Elapsed: 0.024	Loglikelihood: -37389	(delta): 1.13523
42 (QN/Block) 	Elapsed: 0.025	Loglikelihood: -37387.9	(delta): 1.11126
43 (QN/Block) 	Elapsed: 0.024	Loglikelihood: -37386.3	(delta): 1.58139
44 (QN/Block) 	Elapsed: 0.024	Loglikelihood: -37385.8	(delta): 0.455462
45 (QN/Block) 	Elapsed: 0.025	Loglikelihood: -37385.1	(delta): 0.705451
46 (QN/Block) 	Elapsed: 0.024	Loglikelihood: -37384.8	(delta): 0.360025
47 (QN/Block) 	Elapsed: 0.023	Loglikelihood: -37384.7	(delta): 0.0492478
48 (QN/Block) 	Elapsed: 0.022	Loglikelihood: -37384.7	(delta): 0.030116
49 (QN/Block) 	Elapsed: 0.022	Loglikelihood: -37384.7	(delta): 0.00428567
50 (QN/Block) 	Elapsed: 0.024	Loglikelihood: -37384.7	(delta): 0.000501093
51 (QN/Block) 	Elapsed: 0.024	Loglikelihood: -37384.7	(delta): 0.00101547
52 (QN/Block) 	Elapsed: 0.026	Loglikelihood: -37384.7	(delta): 0.000657676
53 (QN/Block) 	Elapsed: 0.025	Loglikelihood: -37384.7	(delta): 0.000230252
54 (QN/Block) 	Elapsed: 0.026	Loglikelihood: -37384.7	(delta): 0.00103778
55 (QN/Block) 	Elapsed: 0.022	Loglikelihood: -37384.7	(delta): 0.00175177
56 (QN/Block) 	Elapsed: 0.022	Loglikelihood: -37384.7	(delta): 0.000293901
57 (QN/Block) 	Elapsed: 0.023	Loglikelihood: -37384.7	(delta): 0.000204753
58 (QN/Block) 	Elapsed: 0.023	Loglikelihood: -37384.7	(delta): 1.13193e-05
59 (QN/Block) 	Elapsed: 0.023	Loglikelihood: -37384.7	(delta): 1.18141e-05
60 (QN/Block) 	Elapsed: 0.022	Loglikelihood: -37384.7	(delta): 9.76797e-07
61 (QN/Block) 	Elapsed: 0.023	Loglikelihood: -37384.7	(delta): 1.80153e-07
62 (QN/Block) 	Elapsed: 0.024	Loglikelihood: -37384.7	(delta): 1.56891e-07
63 (QN/Block) 	Elapsed: 0.023	Loglikelihood: -37384.7	(delta): 1.45737e-08
64 (QN/Block) 	Elapsed: 0.023	Loglikelihood: -37384.7	(delta): 7.27596e-10
65 (QN/Block) 	Elapsed: 0.021	Loglikelihood: -37384.7	(delta): 9.45874e-11
66 (QN/Block) 	Elapsed: 0.023	Loglikelihood: -37384.7	(delta): 8.73115e-11
67 (QN/Block) 	Elapsed: 0.022	Loglikelihood: -37384.7	(delta): 2.18279e-11
68 (QN/Block) 	Elapsed: 0.024	Loglikelihood: -37384.7	(delta): 0
69 (QN/Block) 	Elapsed: 0.023	Loglikelihood: -37384.7	(delta): 0
70 (QN/Block) 	Elapsed: 0.025	Loglikelihood: -37384.7	(delta): -7.27596e-12
71 (QN/Block) 	Elapsed: 0.023	Loglikelihood: -37384.7	(delta): 7.27596e-12
72 (QN/Block) 	Elapsed: 0.019	Loglikelihood: -37384.7	(delta): 7.27596e-12
73 (QN/Block) 	Elapsed: 0.017	Loglikelihood: -37384.7	(delta): -7.27596e-12
74 (QN/Block) 	Elapsed: 0.023	Loglikelihood: -37384.7	(delta): 7.27596e-12
75 (QN/Block) 	Elapsed: 0.027	Loglikelihood: -37384.7	(delta): -1.45519e-11
76 (QN/Block) 	Elapsed: 0.022	Loglikelihood: -37384.7	(delta): 7.27596e-12
77 (QN/Block) 	Elapsed: 0.023	Loglikelihood: -37384.7	(delta): 0
78 (QN/Block) 	Elapsed: 0.022	Loglikelihood: -37384.7	(delta): 0
79 (QN/Block) 	Elapsed: 0.022	Loglikelihood: -37384.7	(delta): 0
80 (QN/Block) 	Elapsed: 0.021	Loglikelihood: -37384.7	(delta): 0
81 (QN/Block) 	Elapsed: 0.024	Loglikelihood: -37384.7	(delta): 7.27596e-12
82 (QN/Block) 	Elapsed: 0.022	Loglikelihood: -37384.7	(delta): -7.27596e-12
83 (QN/Block) 	Elapsed: 0.024	Loglikelihood: -37384.7	(delta): 0
84 (QN/Block) 	Elapsed: 0.022	Loglikelihood: -37384.7	(delta): 0
85 (QN/Block) 	Elapsed: 0.024	Loglikelihood: -37384.7	(delta): 0
86 (QN/Block) 	Elapsed: 0.022	Loglikelihood: -37384.7	(delta): 0
87 (QN/Block) 	Elapsed: 0.022	Loglikelihood: -37384.7	(delta): 0
88 (QN/Block) 	Elapsed: 0.021	Loglikelihood: -37384.7	(delta): 0
89 (QN/Block) 	Elapsed: 0.023	Loglikelihood: -37384.7	(delta): 7.27596e-12
90 (QN/Block) 	Elapsed: 0.024	Loglikelihood: -37384.7	(delta): -7.27596e-12
91 (QN/Block) 	Elapsed: 0.017	Loglikelihood: -37384.7	(delta): -7.27596e-12
92 (QN/Block) 	Elapsed: 0.021	Loglikelihood: -37384.7	(delta): 1.45519e-11
93 (QN/Block) 	Elapsed: 0.021	Loglikelihood: -37384.7	(delta): -7.27596e-12
94 (QN/Block) 	Elapsed: 0.023	Loglikelihood: -37384.7	(delta): 7.27596e-12
95 (QN/Block) 	Elapsed: 0.022	Loglikelihood: -37384.7	(delta): 0
96 (QN/Block) 	Elapsed: 0.02	Loglikelihood: -37384.7	(delta): -7.27596e-12
97 (QN/Block) 	Elapsed: 0.02	Loglikelihood: -37384.7	(delta): 0
98 (QN/Block) 	Elapsed: 0.021	Loglikelihood: -37384.7	(delta): 7.27596e-12
99 (QN/Block) 	Elapsed: 0.023	Loglikelihood: -37384.7	(delta): -1.45519e-11
100 (QN/Block) 	Elapsed: 0.021	Loglikelihood: -37384.7	(delta): 1.45519e-11
Summary: 
Converged in 100 iterations (2.355 sec)
Loglikelihood: -37384.686158
Fst divergences between estimated populations: 
	Pop0	Pop1	Pop2	Pop3	Pop4	Pop5	Pop6	
Pop0	
Pop1	0.098	
Pop2	0.078	0.091	
Pop3	0.082	0.102	0.085	
Pop4	0.232	0.239	0.234	0.235	
Pop5	0.072	0.086	0.071	0.068	0.226	
Pop6	0.223	0.232	0.227	0.223	0.078	0.216	
Pop7	0.236	0.239	0.239	0.240	0.075	0.229	0.067	
CV error (K=8): 0.40432
Writing output files.
