****                   ADMIXTURE Version 1.3.0                  ****
****                    Copyright 2008-2015                     ****
****           David Alexander, Suyash Shringarpure,            ****
****                John  Novembre, Ken Lange                   ****
****                                                            ****
****                 Please cite our paper!                     ****
****   Information at www.genetics.ucla.edu/software/admixture  ****

Parallel execution requested.  Will use 8 threads.
Cross-validation will be performed.  Folds=10.
Random seed: 43
Point estimation method: Block relaxation algorithm
Convergence acceleration algorithm: QuasiNewton, 3 secant conditions
Point estimation will terminate at 100 iterations
Estimation of standard errors disabled; will compute point estimates only.
Size of G: 98x940
Performing five EM steps to prime main algorithm
1 (EM) 	Elapsed: 0.01	Loglikelihood: -49117.1	(delta): 81178.8
2 (EM) 	Elapsed: 0.01	Loglikelihood: -46283	(delta): 2834.05
3 (EM) 	Elapsed: 0.01	Loglikelihood: -45626.4	(delta): 656.692
4 (EM) 	Elapsed: 0.01	Loglikelihood: -45208	(delta): 418.32
5 (EM) 	Elapsed: 0.01	Loglikelihood: -44881.7	(delta): 326.297
Initial loglikelihood: -44881.7
Starting main algorithm
1 (QN/Block) 	Elapsed: 0.017	Loglikelihood: -39771	(delta): 5110.77
2 (QN/Block) 	Elapsed: 0.016	Loglikelihood: -38760	(delta): 1011
3 (QN/Block) 	Elapsed: 0.017	Loglikelihood: -38388	(delta): 371.929
4 (QN/Block) 	Elapsed: 0.015	Loglikelihood: -38183.4	(delta): 204.649
5 (QN/Block) 	Elapsed: 0.016	Loglikelihood: -38040.9	(delta): 142.515
6 (QN/Block) 	Elapsed: 0.015	Loglikelihood: -37963.4	(delta): 77.4888
7 (QN/Block) 	Elapsed: 0.016	Loglikelihood: -37926.3	(delta): 37.1272
8 (QN/Block) 	Elapsed: 0.015	Loglikelihood: -37890	(delta): 36.2499
9 (QN/Block) 	Elapsed: 0.019	Loglikelihood: -37857.7	(delta): 32.2862
10 (QN/Block) 	Elapsed: 0.02	Loglikelihood: -37835.6	(delta): 22.0898
11 (QN/Block) 	Elapsed: 0.016	Loglikelihood: -37824.4	(delta): 11.2148
12 (QN/Block) 	Elapsed: 0.02	Loglikelihood: -37819.9	(delta): 4.56595
13 (QN/Block) 	Elapsed: 0.016	Loglikelihood: -37816.9	(delta): 2.92407
14 (QN/Block) 	Elapsed: 0.018	Loglikelihood: -37811.8	(delta): 5.08661
15 (QN/Block) 	Elapsed: 0.02	Loglikelihood: -37810.5	(delta): 1.31617
16 (QN/Block) 	Elapsed: 0.02	Loglikelihood: -37809.1	(delta): 1.38875
17 (QN/Block) 	Elapsed: 0.023	Loglikelihood: -37808	(delta): 1.10217
18 (QN/Block) 	Elapsed: 0.02	Loglikelihood: -37804	(delta): 4.00629
19 (QN/Block) 	Elapsed: 0.023	Loglikelihood: -37801.9	(delta): 2.13474
20 (QN/Block) 	Elapsed: 0.017	Loglikelihood: -37799.4	(delta): 2.46126
21 (QN/Block) 	Elapsed: 0.016	Loglikelihood: -37797.9	(delta): 1.58206
22 (QN/Block) 	Elapsed: 0.017	Loglikelihood: -37796	(delta): 1.83293
23 (QN/Block) 	Elapsed: 0.021	Loglikelihood: -37794.1	(delta): 1.9309
24 (QN/Block) 	Elapsed: 0.019	Loglikelihood: -37791.8	(delta): 2.25983
25 (QN/Block) 	Elapsed: 0.021	Loglikelihood: -37789.3	(delta): 2.56864
26 (QN/Block) 	Elapsed: 0.019	Loglikelihood: -37787.5	(delta): 1.76746
27 (QN/Block) 	Elapsed: 0.021	Loglikelihood: -37784.7	(delta): 2.8003
28 (QN/Block) 	Elapsed: 0.021	Loglikelihood: -37780.4	(delta): 4.27921
29 (QN/Block) 	Elapsed: 0.019	Loglikelihood: -37779.2	(delta): 1.22751
30 (QN/Block) 	Elapsed: 0.02	Loglikelihood: -37778.6	(delta): 0.616443
31 (QN/Block) 	Elapsed: 0.019	Loglikelihood: -37778.3	(delta): 0.246027
32 (QN/Block) 	Elapsed: 0.021	Loglikelihood: -37777.4	(delta): 0.905499
33 (QN/Block) 	Elapsed: 0.019	Loglikelihood: -37776.7	(delta): 0.689099
34 (QN/Block) 	Elapsed: 0.019	Loglikelihood: -37775.7	(delta): 1.00969
35 (QN/Block) 	Elapsed: 0.019	Loglikelihood: -37775.2	(delta): 0.516848
36 (QN/Block) 	Elapsed: 0.019	Loglikelihood: -37775.1	(delta): 0.100489
37 (QN/Block) 	Elapsed: 0.019	Loglikelihood: -37775.1	(delta): 0.0446408
38 (QN/Block) 	Elapsed: 0.019	Loglikelihood: -37775	(delta): 0.0395196
39 (QN/Block) 	Elapsed: 0.019	Loglikelihood: -37775	(delta): 0.0615709
40 (QN/Block) 	Elapsed: 0.018	Loglikelihood: -37774.9	(delta): 0.104716
41 (QN/Block) 	Elapsed: 0.018	Loglikelihood: -37774.7	(delta): 0.153187
42 (QN/Block) 	Elapsed: 0.02	Loglikelihood: -37774.2	(delta): 0.47239
43 (QN/Block) 	Elapsed: 0.02	Loglikelihood: -37773.8	(delta): 0.425997
44 (QN/Block) 	Elapsed: 0.021	Loglikelihood: -37773	(delta): 0.768103
45 (QN/Block) 	Elapsed: 0.022	Loglikelihood: -37772.5	(delta): 0.489688
46 (QN/Block) 	Elapsed: 0.02	Loglikelihood: -37772.4	(delta): 0.152219
47 (QN/Block) 	Elapsed: 0.019	Loglikelihood: -37772.3	(delta): 0.0516479
48 (QN/Block) 	Elapsed: 0.019	Loglikelihood: -37772.3	(delta): 0.0112768
49 (QN/Block) 	Elapsed: 0.018	Loglikelihood: -37772.3	(delta): 0.00275999
50 (QN/Block) 	Elapsed: 0.019	Loglikelihood: -37772.3	(delta): 0.00156475
51 (QN/Block) 	Elapsed: 0.018	Loglikelihood: -37772.3	(delta): 0.000381477
52 (QN/Block) 	Elapsed: 0.018	Loglikelihood: -37772.3	(delta): 0.000295909
53 (QN/Block) 	Elapsed: 0.018	Loglikelihood: -37772.3	(delta): 9.87835e-05
54 (QN/Block) 	Elapsed: 0.018	Loglikelihood: -37772.3	(delta): 0.000134985
55 (QN/Block) 	Elapsed: 0.018	Loglikelihood: -37772.3	(delta): 0.000172677
56 (QN/Block) 	Elapsed: 0.018	Loglikelihood: -37772.3	(delta): 1.9588e-05
57 (QN/Block) 	Elapsed: 0.018	Loglikelihood: -37772.3	(delta): 3.48272e-06
58 (QN/Block) 	Elapsed: 0.018	Loglikelihood: -37772.3	(delta): 1.13552e-06
59 (QN/Block) 	Elapsed: 0.019	Loglikelihood: -37772.3	(delta): 6.21825e-07
60 (QN/Block) 	Elapsed: 0.018	Loglikelihood: -37772.3	(delta): 1.6213e-07
61 (QN/Block) 	Elapsed: 0.018	Loglikelihood: -37772.3	(delta): 1.7909e-07
62 (QN/Block) 	Elapsed: 0.018	Loglikelihood: -37772.3	(delta): 1.58107e-08
63 (QN/Block) 	Elapsed: 0.018	Loglikelihood: -37772.3	(delta): 4.27826e-09
64 (QN/Block) 	Elapsed: 0.018	Loglikelihood: -37772.3	(delta): 9.45874e-10
65 (QN/Block) 	Elapsed: 0.018	Loglikelihood: -37772.3	(delta): 3.27418e-10
66 (QN/Block) 	Elapsed: 0.019	Loglikelihood: -37772.3	(delta): 2.91038e-10
67 (QN/Block) 	Elapsed: 0.021	Loglikelihood: -37772.3	(delta): 8.73115e-11
68 (QN/Block) 	Elapsed: 0.024	Loglikelihood: -37772.3	(delta): 1.45519e-11
69 (QN/Block) 	Elapsed: 0.018	Loglikelihood: -37772.3	(delta): 1.45519e-11
70 (QN/Block) 	Elapsed: 0.019	Loglikelihood: -37772.3	(delta): 0
71 (QN/Block) 	Elapsed: 0.018	Loglikelihood: -37772.3	(delta): 0
72 (QN/Block) 	Elapsed: 0.019	Loglikelihood: -37772.3	(delta): 7.27596e-12
73 (QN/Block) 	Elapsed: 0.02	Loglikelihood: -37772.3	(delta): 0
74 (QN/Block) 	Elapsed: 0.018	Loglikelihood: -37772.3	(delta): 0
75 (QN/Block) 	Elapsed: 0.019	Loglikelihood: -37772.3	(delta): 0
76 (QN/Block) 	Elapsed: 0.02	Loglikelihood: -37772.3	(delta): -7.27596e-12
77 (QN/Block) 	Elapsed: 0.017	Loglikelihood: -37772.3	(delta): 1.45519e-11
78 (QN/Block) 	Elapsed: 0.018	Loglikelihood: -37772.3	(delta): 0
79 (QN/Block) 	Elapsed: 0.019	Loglikelihood: -37772.3	(delta): -7.27596e-12
80 (QN/Block) 	Elapsed: 0.02	Loglikelihood: -37772.3	(delta): 0
81 (QN/Block) 	Elapsed: 0.018	Loglikelihood: -37772.3	(delta): 0
82 (QN/Block) 	Elapsed: 0.02	Loglikelihood: -37772.3	(delta): 0
83 (QN/Block) 	Elapsed: 0.019	Loglikelihood: -37772.3	(delta): 7.27596e-12
84 (QN/Block) 	Elapsed: 0.019	Loglikelihood: -37772.3	(delta): -7.27596e-12
85 (QN/Block) 	Elapsed: 0.019	Loglikelihood: -37772.3	(delta): 7.27596e-12
86 (QN/Block) 	Elapsed: 0.018	Loglikelihood: -37772.3	(delta): -7.27596e-12
87 (QN/Block) 	Elapsed: 0.019	Loglikelihood: -37772.3	(delta): 0
88 (QN/Block) 	Elapsed: 0.018	Loglikelihood: -37772.3	(delta): -7.27596e-12
89 (QN/Block) 	Elapsed: 0.019	Loglikelihood: -37772.3	(delta): 1.45519e-11
90 (QN/Block) 	Elapsed: 0.02	Loglikelihood: -37772.3	(delta): -7.27596e-12
91 (QN/Block) 	Elapsed: 0.02	Loglikelihood: -37772.3	(delta): 7.27596e-12
92 (QN/Block) 	Elapsed: 0.02	Loglikelihood: -37772.3	(delta): -7.27596e-12
93 (QN/Block) 	Elapsed: 0.02	Loglikelihood: -37772.3	(delta): 7.27596e-12
94 (QN/Block) 	Elapsed: 0.02	Loglikelihood: -37772.3	(delta): -7.27596e-12
95 (QN/Block) 	Elapsed: 0.02	Loglikelihood: -37772.3	(delta): 7.27596e-12
96 (QN/Block) 	Elapsed: 0.021	Loglikelihood: -37772.3	(delta): -7.27596e-12
97 (QN/Block) 	Elapsed: 0.021	Loglikelihood: -37772.3	(delta): 7.27596e-12
98 (QN/Block) 	Elapsed: 0.02	Loglikelihood: -37772.3	(delta): 0
99 (QN/Block) 	Elapsed: 0.022	Loglikelihood: -37772.3	(delta): -7.27596e-12
100 (QN/Block) 	Elapsed: 0.022	Loglikelihood: -37772.3	(delta): 7.27596e-12
Summary: 
Converged in 100 iterations (2.046 sec)
Loglikelihood: -37772.321159
Fst divergences between estimated populations: 
	Pop0	Pop1	Pop2	Pop3	Pop4	Pop5	
Pop0	
Pop1	0.083	
Pop2	0.098	0.094	
Pop3	0.248	0.243	0.260	
Pop4	0.088	0.083	0.099	0.256	
Pop5	0.220	0.219	0.229	0.094	0.230	
Pop6	0.072	0.081	0.095	0.245	0.084	0.218	
CV error (K=7): 0.39315
Writing output files.
