****                   ADMIXTURE Version 1.3.0                  ****
****                    Copyright 2008-2015                     ****
****           David Alexander, Suyash Shringarpure,            ****
****                John  Novembre, Ken Lange                   ****
****                                                            ****
****                 Please cite our paper!                     ****
****   Information at www.genetics.ucla.edu/software/admixture  ****

Parallel execution requested.  Will use 8 threads.
Cross-validation will be performed.  Folds=10.
Random seed: 43
Point estimation method: Block relaxation algorithm
Convergence acceleration algorithm: QuasiNewton, 3 secant conditions
Point estimation will terminate at 100 iterations
Estimation of standard errors disabled; will compute point estimates only.
Size of G: 98x940
Performing five EM steps to prime main algorithm
1 (EM) 	Elapsed: 0.005	Loglikelihood: -49238.7	(delta): 86019.4
2 (EM) 	Elapsed: 0.005	Loglikelihood: -46589.2	(delta): 2649.45
3 (EM) 	Elapsed: 0.005	Loglikelihood: -45975	(delta): 614.209
4 (EM) 	Elapsed: 0.004	Loglikelihood: -45627.1	(delta): 347.902
5 (EM) 	Elapsed: 0.004	Loglikelihood: -45392.6	(delta): 234.462
Initial loglikelihood: -45392.6
Starting main algorithm
1 (QN/Block) 	Elapsed: 0.011	Loglikelihood: -41511.8	(delta): 3880.88
2 (QN/Block) 	Elapsed: 0.014	Loglikelihood: -40385	(delta): 1126.76
3 (QN/Block) 	Elapsed: 0.015	Loglikelihood: -39885.5	(delta): 499.494
4 (QN/Block) 	Elapsed: 0.013	Loglikelihood: -39565.9	(delta): 319.566
5 (QN/Block) 	Elapsed: 0.014	Loglikelihood: -39374.1	(delta): 191.853
6 (QN/Block) 	Elapsed: 0.015	Loglikelihood: -39282	(delta): 92.1032
7 (QN/Block) 	Elapsed: 0.015	Loglikelihood: -39252	(delta): 29.9655
8 (QN/Block) 	Elapsed: 0.011	Loglikelihood: -39232.3	(delta): 19.7248
9 (QN/Block) 	Elapsed: 0.011	Loglikelihood: -39218.2	(delta): 14.1011
10 (QN/Block) 	Elapsed: 0.014	Loglikelihood: -39213.2	(delta): 4.97699
11 (QN/Block) 	Elapsed: 0.016	Loglikelihood: -39211.5	(delta): 1.69741
12 (QN/Block) 	Elapsed: 0.016	Loglikelihood: -39209.7	(delta): 1.83518
13 (QN/Block) 	Elapsed: 0.018	Loglikelihood: -39204.1	(delta): 5.61136
14 (QN/Block) 	Elapsed: 0.016	Loglikelihood: -39200.4	(delta): 3.62791
15 (QN/Block) 	Elapsed: 0.015	Loglikelihood: -39198.4	(delta): 2.07568
16 (QN/Block) 	Elapsed: 0.014	Loglikelihood: -39197.9	(delta): 0.473985
17 (QN/Block) 	Elapsed: 0.014	Loglikelihood: -39197.8	(delta): 0.0706321
18 (QN/Block) 	Elapsed: 0.014	Loglikelihood: -39197.8	(delta): 0.0507916
19 (QN/Block) 	Elapsed: 0.015	Loglikelihood: -39197.7	(delta): 0.0711751
20 (QN/Block) 	Elapsed: 0.016	Loglikelihood: -39197.6	(delta): 0.102892
21 (QN/Block) 	Elapsed: 0.016	Loglikelihood: -39197.5	(delta): 0.111408
22 (QN/Block) 	Elapsed: 0.014	Loglikelihood: -39197.4	(delta): 0.0973167
23 (QN/Block) 	Elapsed: 0.016	Loglikelihood: -39197.3	(delta): 0.0734013
24 (QN/Block) 	Elapsed: 0.015	Loglikelihood: -39197.3	(delta): 0.00131657
25 (QN/Block) 	Elapsed: 0.014	Loglikelihood: -39197.3	(delta): 0.000297619
26 (QN/Block) 	Elapsed: 0.016	Loglikelihood: -39197.3	(delta): 3.7749e-05
27 (QN/Block) 	Elapsed: 0.013	Loglikelihood: -39197.3	(delta): 2.10824e-06
28 (QN/Block) 	Elapsed: 0.014	Loglikelihood: -39197.3	(delta): 1.13052e-06
29 (QN/Block) 	Elapsed: 0.013	Loglikelihood: -39197.3	(delta): 3.71292e-08
30 (QN/Block) 	Elapsed: 0.014	Loglikelihood: -39197.3	(delta): 6.33008e-10
31 (QN/Block) 	Elapsed: 0.014	Loglikelihood: -39197.3	(delta): 2.18279e-11
32 (QN/Block) 	Elapsed: 0.015	Loglikelihood: -39197.3	(delta): -7.27596e-12
33 (QN/Block) 	Elapsed: 0.013	Loglikelihood: -39197.3	(delta): 7.27596e-12
34 (QN/Block) 	Elapsed: 0.014	Loglikelihood: -39197.3	(delta): 0
35 (QN/Block) 	Elapsed: 0.014	Loglikelihood: -39197.3	(delta): -1.45519e-11
36 (QN/Block) 	Elapsed: 0.014	Loglikelihood: -39197.3	(delta): 7.27596e-12
37 (QN/Block) 	Elapsed: 0.015	Loglikelihood: -39197.3	(delta): 7.27596e-12
38 (QN/Block) 	Elapsed: 0.015	Loglikelihood: -39197.3	(delta): -7.27596e-12
39 (QN/Block) 	Elapsed: 0.017	Loglikelihood: -39197.3	(delta): 7.27596e-12
40 (QN/Block) 	Elapsed: 0.015	Loglikelihood: -39197.3	(delta): -1.45519e-11
41 (QN/Block) 	Elapsed: 0.014	Loglikelihood: -39197.3	(delta): 0
42 (QN/Block) 	Elapsed: 0.016	Loglikelihood: -39197.3	(delta): 7.27596e-12
43 (QN/Block) 	Elapsed: 0.018	Loglikelihood: -39197.3	(delta): 0
44 (QN/Block) 	Elapsed: 0.019	Loglikelihood: -39197.3	(delta): 0
45 (QN/Block) 	Elapsed: 0.019	Loglikelihood: -39197.3	(delta): 0
46 (QN/Block) 	Elapsed: 0.018	Loglikelihood: -39197.3	(delta): 0
47 (QN/Block) 	Elapsed: 0.014	Loglikelihood: -39197.3	(delta): 0
48 (QN/Block) 	Elapsed: 0.017	Loglikelihood: -39197.3	(delta): -7.27596e-12
49 (QN/Block) 	Elapsed: 0.016	Loglikelihood: -39197.3	(delta): 0
50 (QN/Block) 	Elapsed: 0.019	Loglikelihood: -39197.3	(delta): 7.27596e-12
51 (QN/Block) 	Elapsed: 0.016	Loglikelihood: -39197.3	(delta): -7.27596e-12
52 (QN/Block) 	Elapsed: 0.019	Loglikelihood: -39197.3	(delta): 7.27596e-12
53 (QN/Block) 	Elapsed: 0.018	Loglikelihood: -39197.3	(delta): -7.27596e-12
54 (QN/Block) 	Elapsed: 0.019	Loglikelihood: -39197.3	(delta): 0
55 (QN/Block) 	Elapsed: 0.015	Loglikelihood: -39197.3	(delta): 0
56 (QN/Block) 	Elapsed: 0.016	Loglikelihood: -39197.3	(delta): 7.27596e-12
57 (QN/Block) 	Elapsed: 0.013	Loglikelihood: -39197.3	(delta): -7.27596e-12
58 (QN/Block) 	Elapsed: 0.016	Loglikelihood: -39197.3	(delta): 0
59 (QN/Block) 	Elapsed: 0.015	Loglikelihood: -39197.3	(delta): 0
60 (QN/Block) 	Elapsed: 0.017	Loglikelihood: -39197.3	(delta): 7.27596e-12
61 (QN/Block) 	Elapsed: 0.018	Loglikelihood: -39197.3	(delta): 0
62 (QN/Block) 	Elapsed: 0.019	Loglikelihood: -39197.3	(delta): 0
63 (QN/Block) 	Elapsed: 0.016	Loglikelihood: -39197.3	(delta): 0
64 (QN/Block) 	Elapsed: 0.017	Loglikelihood: -39197.3	(delta): 0
65 (QN/Block) 	Elapsed: 0.016	Loglikelihood: -39197.3	(delta): 0
66 (QN/Block) 	Elapsed: 0.016	Loglikelihood: -39197.3	(delta): -7.27596e-12
67 (QN/Block) 	Elapsed: 0.018	Loglikelihood: -39197.3	(delta): 0
68 (QN/Block) 	Elapsed: 0.015	Loglikelihood: -39197.3	(delta): 0
69 (QN/Block) 	Elapsed: 0.019	Loglikelihood: -39197.3	(delta): 0
70 (QN/Block) 	Elapsed: 0.018	Loglikelihood: -39197.3	(delta): 7.27596e-12
71 (QN/Block) 	Elapsed: 0.014	Loglikelihood: -39197.3	(delta): -7.27596e-12
72 (QN/Block) 	Elapsed: 0.018	Loglikelihood: -39197.3	(delta): 0
73 (QN/Block) 	Elapsed: 0.016	Loglikelihood: -39197.3	(delta): 0
74 (QN/Block) 	Elapsed: 0.015	Loglikelihood: -39197.3	(delta): 7.27596e-12
75 (QN/Block) 	Elapsed: 0.014	Loglikelihood: -39197.3	(delta): -7.27596e-12
76 (QN/Block) 	Elapsed: 0.014	Loglikelihood: -39197.3	(delta): 0
77 (QN/Block) 	Elapsed: 0.012	Loglikelihood: -39197.3	(delta): 0
78 (QN/Block) 	Elapsed: 0.014	Loglikelihood: -39197.3	(delta): 7.27596e-12
79 (QN/Block) 	Elapsed: 0.013	Loglikelihood: -39197.3	(delta): 0
80 (QN/Block) 	Elapsed: 0.015	Loglikelihood: -39197.3	(delta): 0
81 (QN/Block) 	Elapsed: 0.015	Loglikelihood: -39197.3	(delta): 0
82 (QN/Block) 	Elapsed: 0.013	Loglikelihood: -39197.3	(delta): 0
83 (QN/Block) 	Elapsed: 0.015	Loglikelihood: -39197.3	(delta): 0
84 (QN/Block) 	Elapsed: 0.014	Loglikelihood: -39197.3	(delta): -7.27596e-12
85 (QN/Block) 	Elapsed: 0.015	Loglikelihood: -39197.3	(delta): 7.27596e-12
86 (QN/Block) 	Elapsed: 0.014	Loglikelihood: -39197.3	(delta): -7.27596e-12
87 (QN/Block) 	Elapsed: 0.014	Loglikelihood: -39197.3	(delta): 0
88 (QN/Block) 	Elapsed: 0.014	Loglikelihood: -39197.3	(delta): 7.27596e-12
89 (QN/Block) 	Elapsed: 0.015	Loglikelihood: -39197.3	(delta): -7.27596e-12
90 (QN/Block) 	Elapsed: 0.015	Loglikelihood: -39197.3	(delta): 0
91 (QN/Block) 	Elapsed: 0.014	Loglikelihood: -39197.3	(delta): 7.27596e-12
92 (QN/Block) 	Elapsed: 0.015	Loglikelihood: -39197.3	(delta): 0
93 (QN/Block) 	Elapsed: 0.014	Loglikelihood: -39197.3	(delta): 0
94 (QN/Block) 	Elapsed: 0.015	Loglikelihood: -39197.3	(delta): 0
95 (QN/Block) 	Elapsed: 0.014	Loglikelihood: -39197.3	(delta): 0
96 (QN/Block) 	Elapsed: 0.014	Loglikelihood: -39197.3	(delta): 0
97 (QN/Block) 	Elapsed: 0.015	Loglikelihood: -39197.3	(delta): 0
98 (QN/Block) 	Elapsed: 0.014	Loglikelihood: -39197.3	(delta): 0
99 (QN/Block) 	Elapsed: 0.014	Loglikelihood: -39197.3	(delta): 0
100 (QN/Block) 	Elapsed: 0.015	Loglikelihood: -39197.3	(delta): 0
Summary: 
Converged in 100 iterations (1.647 sec)
Loglikelihood: -39197.304342
Fst divergences between estimated populations: 
	Pop0	Pop1	Pop2	
Pop0	
Pop1	0.201	
Pop2	0.044	0.205	
Pop3	0.176	0.273	0.179	
CV error (K=4): 0.35308
Writing output files.
