****                   ADMIXTURE Version 1.3.0                  ****
****                    Copyright 2008-2015                     ****
****           David Alexander, Suyash Shringarpure,            ****
****                John  Novembre, Ken Lange                   ****
****                                                            ****
****                 Please cite our paper!                     ****
****   Information at www.genetics.ucla.edu/software/admixture  ****

Parallel execution requested.  Will use 8 threads.
Cross-validation will be performed.  Folds=10.
Random seed: 43
Point estimation method: Block relaxation algorithm
Convergence acceleration algorithm: QuasiNewton, 3 secant conditions
Point estimation will terminate at 100 iterations
Estimation of standard errors disabled; will compute point estimates only.
Size of G: 98x940
Performing five EM steps to prime main algorithm
1 (EM) 	Elapsed: 0.008	Loglikelihood: -49189.2	(delta): 82486.3
2 (EM) 	Elapsed: 0.008	Loglikelihood: -46401.9	(delta): 2787.29
3 (EM) 	Elapsed: 0.008	Loglikelihood: -45785	(delta): 616.926
4 (EM) 	Elapsed: 0.008	Loglikelihood: -45394.8	(delta): 390.213
5 (EM) 	Elapsed: 0.008	Loglikelihood: -45097.3	(delta): 297.472
Initial loglikelihood: -45097.3
Starting main algorithm
1 (QN/Block) 	Elapsed: 0.013	Loglikelihood: -40304.4	(delta): 4792.94
2 (QN/Block) 	Elapsed: 0.014	Loglikelihood: -39268.7	(delta): 1035.73
3 (QN/Block) 	Elapsed: 0.015	Loglikelihood: -38852.4	(delta): 416.257
4 (QN/Block) 	Elapsed: 0.013	Loglikelihood: -38601	(delta): 251.432
5 (QN/Block) 	Elapsed: 0.015	Loglikelihood: -38463.6	(delta): 137.349
6 (QN/Block) 	Elapsed: 0.013	Loglikelihood: -38385.3	(delta): 78.3068
7 (QN/Block) 	Elapsed: 0.013	Loglikelihood: -38339.4	(delta): 45.9115
8 (QN/Block) 	Elapsed: 0.014	Loglikelihood: -38312.1	(delta): 27.2707
9 (QN/Block) 	Elapsed: 0.013	Loglikelihood: -38289.5	(delta): 22.6511
10 (QN/Block) 	Elapsed: 0.015	Loglikelihood: -38274.9	(delta): 14.5477
11 (QN/Block) 	Elapsed: 0.014	Loglikelihood: -38262.2	(delta): 12.7325
12 (QN/Block) 	Elapsed: 0.014	Loglikelihood: -38248.8	(delta): 13.4058
13 (QN/Block) 	Elapsed: 0.014	Loglikelihood: -38241.3	(delta): 7.46694
14 (QN/Block) 	Elapsed: 0.018	Loglikelihood: -38236.4	(delta): 4.93204
15 (QN/Block) 	Elapsed: 0.023	Loglikelihood: -38232.1	(delta): 4.33774
16 (QN/Block) 	Elapsed: 0.02	Loglikelihood: -38228.2	(delta): 3.86899
17 (QN/Block) 	Elapsed: 0.02	Loglikelihood: -38227.3	(delta): 0.853275
18 (QN/Block) 	Elapsed: 0.018	Loglikelihood: -38227.1	(delta): 0.240688
19 (QN/Block) 	Elapsed: 0.02	Loglikelihood: -38227	(delta): 0.139809
20 (QN/Block) 	Elapsed: 0.019	Loglikelihood: -38226.8	(delta): 0.136477
21 (QN/Block) 	Elapsed: 0.02	Loglikelihood: -38226.6	(delta): 0.184319
22 (QN/Block) 	Elapsed: 0.02	Loglikelihood: -38226.2	(delta): 0.408838
23 (QN/Block) 	Elapsed: 0.019	Loglikelihood: -38225.5	(delta): 0.710069
24 (QN/Block) 	Elapsed: 0.017	Loglikelihood: -38225.5	(delta): 0.0379682
25 (QN/Block) 	Elapsed: 0.02	Loglikelihood: -38225.5	(delta): 0.019156
26 (QN/Block) 	Elapsed: 0.021	Loglikelihood: -38225.4	(delta): 0.0214838
27 (QN/Block) 	Elapsed: 0.017	Loglikelihood: -38225.4	(delta): 0.0287844
28 (QN/Block) 	Elapsed: 0.017	Loglikelihood: -38225.3	(delta): 0.150398
29 (QN/Block) 	Elapsed: 0.019	Loglikelihood: -38224.8	(delta): 0.478331
30 (QN/Block) 	Elapsed: 0.018	Loglikelihood: -38224.7	(delta): 0.135905
31 (QN/Block) 	Elapsed: 0.018	Loglikelihood: -38224.5	(delta): 0.19708
32 (QN/Block) 	Elapsed: 0.018	Loglikelihood: -38224.2	(delta): 0.255218
33 (QN/Block) 	Elapsed: 0.02	Loglikelihood: -38224	(delta): 0.191705
34 (QN/Block) 	Elapsed: 0.021	Loglikelihood: -38223.9	(delta): 0.13348
35 (QN/Block) 	Elapsed: 0.021	Loglikelihood: -38223.8	(delta): 0.0718599
36 (QN/Block) 	Elapsed: 0.022	Loglikelihood: -38223.6	(delta): 0.201682
37 (QN/Block) 	Elapsed: 0.02	Loglikelihood: -38223.5	(delta): 0.11225
38 (QN/Block) 	Elapsed: 0.019	Loglikelihood: -38223.4	(delta): 0.122739
39 (QN/Block) 	Elapsed: 0.021	Loglikelihood: -38223.3	(delta): 0.0726624
40 (QN/Block) 	Elapsed: 0.02	Loglikelihood: -38223.2	(delta): 0.0943763
41 (QN/Block) 	Elapsed: 0.02	Loglikelihood: -38223.1	(delta): 0.134923
42 (QN/Block) 	Elapsed: 0.02	Loglikelihood: -38223	(delta): 0.0376989
43 (QN/Block) 	Elapsed: 0.019	Loglikelihood: -38223	(delta): 0.00522619
44 (QN/Block) 	Elapsed: 0.018	Loglikelihood: -38223	(delta): 0.00958274
45 (QN/Block) 	Elapsed: 0.018	Loglikelihood: -38223	(delta): 0.0126355
46 (QN/Block) 	Elapsed: 0.016	Loglikelihood: -38222.9	(delta): 0.146495
47 (QN/Block) 	Elapsed: 0.018	Loglikelihood: -38222.7	(delta): 0.103619
48 (QN/Block) 	Elapsed: 0.021	Loglikelihood: -38222.7	(delta): 0.00432777
49 (QN/Block) 	Elapsed: 0.018	Loglikelihood: -38222.7	(delta): 0.00338662
50 (QN/Block) 	Elapsed: 0.016	Loglikelihood: -38222.7	(delta): 0.000508352
51 (QN/Block) 	Elapsed: 0.019	Loglikelihood: -38222.7	(delta): 0.000123757
52 (QN/Block) 	Elapsed: 0.02	Loglikelihood: -38222.7	(delta): 1.85661e-05
53 (QN/Block) 	Elapsed: 0.02	Loglikelihood: -38222.7	(delta): 6.17466e-06
54 (QN/Block) 	Elapsed: 0.021	Loglikelihood: -38222.7	(delta): 1.45695e-06
55 (QN/Block) 	Elapsed: 0.019	Loglikelihood: -38222.7	(delta): 1.00998e-07
56 (QN/Block) 	Elapsed: 0.017	Loglikelihood: -38222.7	(delta): 4.14002e-09
57 (QN/Block) 	Elapsed: 0.018	Loglikelihood: -38222.7	(delta): 4.87489e-10
58 (QN/Block) 	Elapsed: 0.02	Loglikelihood: -38222.7	(delta): 7.27596e-12
59 (QN/Block) 	Elapsed: 0.021	Loglikelihood: -38222.7	(delta): 7.27596e-12
60 (QN/Block) 	Elapsed: 0.024	Loglikelihood: -38222.7	(delta): 0
61 (QN/Block) 	Elapsed: 0.024	Loglikelihood: -38222.7	(delta): 7.27596e-12
62 (QN/Block) 	Elapsed: 0.02	Loglikelihood: -38222.7	(delta): -7.27596e-12
63 (QN/Block) 	Elapsed: 0.018	Loglikelihood: -38222.7	(delta): 7.27596e-12
64 (QN/Block) 	Elapsed: 0.019	Loglikelihood: -38222.7	(delta): -7.27596e-12
65 (QN/Block) 	Elapsed: 0.02	Loglikelihood: -38222.7	(delta): 0
66 (QN/Block) 	Elapsed: 0.018	Loglikelihood: -38222.7	(delta): 0
67 (QN/Block) 	Elapsed: 0.02	Loglikelihood: -38222.7	(delta): 0
68 (QN/Block) 	Elapsed: 0.019	Loglikelihood: -38222.7	(delta): -7.27596e-12
69 (QN/Block) 	Elapsed: 0.023	Loglikelihood: -38222.7	(delta): 0
70 (QN/Block) 	Elapsed: 0.018	Loglikelihood: -38222.7	(delta): 0
71 (QN/Block) 	Elapsed: 0.024	Loglikelihood: -38222.7	(delta): 7.27596e-12
72 (QN/Block) 	Elapsed: 0.019	Loglikelihood: -38222.7	(delta): 0
73 (QN/Block) 	Elapsed: 0.019	Loglikelihood: -38222.7	(delta): -7.27596e-12
74 (QN/Block) 	Elapsed: 0.021	Loglikelihood: -38222.7	(delta): 0
75 (QN/Block) 	Elapsed: 0.02	Loglikelihood: -38222.7	(delta): 7.27596e-12
76 (QN/Block) 	Elapsed: 0.02	Loglikelihood: -38222.7	(delta): -7.27596e-12
77 (QN/Block) 	Elapsed: 0.018	Loglikelihood: -38222.7	(delta): 7.27596e-12
78 (QN/Block) 	Elapsed: 0.017	Loglikelihood: -38222.7	(delta): -1.45519e-11
79 (QN/Block) 	Elapsed: 0.02	Loglikelihood: -38222.7	(delta): 1.45519e-11
80 (QN/Block) 	Elapsed: 0.019	Loglikelihood: -38222.7	(delta): -7.27596e-12
81 (QN/Block) 	Elapsed: 0.019	Loglikelihood: -38222.7	(delta): 0
82 (QN/Block) 	Elapsed: 0.022	Loglikelihood: -38222.7	(delta): 0
83 (QN/Block) 	Elapsed: 0.019	Loglikelihood: -38222.7	(delta): 7.27596e-12
84 (QN/Block) 	Elapsed: 0.019	Loglikelihood: -38222.7	(delta): -7.27596e-12
85 (QN/Block) 	Elapsed: 0.019	Loglikelihood: -38222.7	(delta): 7.27596e-12
86 (QN/Block) 	Elapsed: 0.018	Loglikelihood: -38222.7	(delta): 0
87 (QN/Block) 	Elapsed: 0.017	Loglikelihood: -38222.7	(delta): 0
88 (QN/Block) 	Elapsed: 0.021	Loglikelihood: -38222.7	(delta): 0
89 (QN/Block) 	Elapsed: 0.02	Loglikelihood: -38222.7	(delta): -1.45519e-11
90 (QN/Block) 	Elapsed: 0.018	Loglikelihood: -38222.7	(delta): 1.45519e-11
91 (QN/Block) 	Elapsed: 0.017	Loglikelihood: -38222.7	(delta): -7.27596e-12
92 (QN/Block) 	Elapsed: 0.021	Loglikelihood: -38222.7	(delta): 0
93 (QN/Block) 	Elapsed: 0.016	Loglikelihood: -38222.7	(delta): 7.27596e-12
94 (QN/Block) 	Elapsed: 0.018	Loglikelihood: -38222.7	(delta): 0
95 (QN/Block) 	Elapsed: 0.019	Loglikelihood: -38222.7	(delta): -7.27596e-12
96 (QN/Block) 	Elapsed: 0.02	Loglikelihood: -38222.7	(delta): 0
97 (QN/Block) 	Elapsed: 0.022	Loglikelihood: -38222.7	(delta): 0
98 (QN/Block) 	Elapsed: 0.024	Loglikelihood: -38222.7	(delta): 0
99 (QN/Block) 	Elapsed: 0.017	Loglikelihood: -38222.7	(delta): 0
100 (QN/Block) 	Elapsed: 0.017	Loglikelihood: -38222.7	(delta): 0
Summary: 
Converged in 100 iterations (2.013 sec)
Loglikelihood: -38222.741535
Fst divergences between estimated populations: 
	Pop0	Pop1	Pop2	Pop3	Pop4	
Pop0	
Pop1	0.220	
Pop2	0.103	0.227	
Pop3	0.058	0.218	0.104	
Pop4	0.213	0.080	0.224	0.217	
Pop5	0.063	0.224	0.101	0.066	0.220	
CV error (K=6): 0.38039
Writing output files.
