****                   ADMIXTURE Version 1.3.0                  ****
****                    Copyright 2008-2015                     ****
****           David Alexander, Suyash Shringarpure,            ****
****                John  Novembre, Ken Lange                   ****
****                                                            ****
****                 Please cite our paper!                     ****
****   Information at www.genetics.ucla.edu/software/admixture  ****

Parallel execution requested.  Will use 8 threads.
Cross-validation will be performed.  Folds=10.
Random seed: 43
Point estimation method: Block relaxation algorithm
Convergence acceleration algorithm: QuasiNewton, 3 secant conditions
Point estimation will terminate at 100 iterations
Estimation of standard errors disabled; will compute point estimates only.
Size of G: 98x940
Performing five EM steps to prime main algorithm
1 (EM) 	Elapsed: 0.015	Loglikelihood: -49106.1	(delta): 77829.8
2 (EM) 	Elapsed: 0.015	Loglikelihood: -46123.5	(delta): 2982.63
3 (EM) 	Elapsed: 0.015	Loglikelihood: -45519.6	(delta): 603.83
4 (EM) 	Elapsed: 0.015	Loglikelihood: -45118.2	(delta): 401.452
5 (EM) 	Elapsed: 0.016	Loglikelihood: -44791.7	(delta): 326.507
Initial loglikelihood: -44791.7
Starting main algorithm
1 (QN/Block) 	Elapsed: 0.021	Loglikelihood: -39301.9	(delta): 5489.79
2 (QN/Block) 	Elapsed: 0.019	Loglikelihood: -38073.4	(delta): 1228.52
3 (QN/Block) 	Elapsed: 0.023	Loglikelihood: -37489.4	(delta): 583.946
4 (QN/Block) 	Elapsed: 0.02	Loglikelihood: -37109.5	(delta): 379.903
5 (QN/Block) 	Elapsed: 0.019	Loglikelihood: -36899.2	(delta): 210.338
6 (QN/Block) 	Elapsed: 0.02	Loglikelihood: -36824.3	(delta): 74.8911
7 (QN/Block) 	Elapsed: 0.027	Loglikelihood: -36789.6	(delta): 34.704
8 (QN/Block) 	Elapsed: 0.022	Loglikelihood: -36768.5	(delta): 21.1292
9 (QN/Block) 	Elapsed: 0.027	Loglikelihood: -36738.6	(delta): 29.8631
10 (QN/Block) 	Elapsed: 0.031	Loglikelihood: -36707.3	(delta): 31.2657
11 (QN/Block) 	Elapsed: 0.022	Loglikelihood: -36698.6	(delta): 8.76179
12 (QN/Block) 	Elapsed: 0.028	Loglikelihood: -36694.1	(delta): 4.46293
13 (QN/Block) 	Elapsed: 0.032	Loglikelihood: -36689.2	(delta): 4.87022
14 (QN/Block) 	Elapsed: 0.027	Loglikelihood: -36686.4	(delta): 2.89105
15 (QN/Block) 	Elapsed: 0.024	Loglikelihood: -36685.1	(delta): 1.25481
16 (QN/Block) 	Elapsed: 0.03	Loglikelihood: -36682.6	(delta): 2.4608
17 (QN/Block) 	Elapsed: 0.026	Loglikelihood: -36679.5	(delta): 3.15562
18 (QN/Block) 	Elapsed: 0.021	Loglikelihood: -36678.1	(delta): 1.35994
19 (QN/Block) 	Elapsed: 0.025	Loglikelihood: -36676	(delta): 2.11885
20 (QN/Block) 	Elapsed: 0.03	Loglikelihood: -36674.9	(delta): 1.0534
21 (QN/Block) 	Elapsed: 0.028	Loglikelihood: -36674.7	(delta): 0.249807
22 (QN/Block) 	Elapsed: 0.026	Loglikelihood: -36674.6	(delta): 0.119038
23 (QN/Block) 	Elapsed: 0.023	Loglikelihood: -36674.5	(delta): 0.100641
24 (QN/Block) 	Elapsed: 0.025	Loglikelihood: -36674.2	(delta): 0.308631
25 (QN/Block) 	Elapsed: 0.022	Loglikelihood: -36674	(delta): 0.178712
26 (QN/Block) 	Elapsed: 0.02	Loglikelihood: -36674	(delta): 0.00568776
27 (QN/Block) 	Elapsed: 0.028	Loglikelihood: -36674	(delta): 0.000932462
28 (QN/Block) 	Elapsed: 0.029	Loglikelihood: -36674	(delta): 0.000630532
29 (QN/Block) 	Elapsed: 0.024	Loglikelihood: -36674	(delta): 0.000338612
30 (QN/Block) 	Elapsed: 0.023	Loglikelihood: -36674	(delta): 7.85951e-05
31 (QN/Block) 	Elapsed: 0.025	Loglikelihood: -36674	(delta): 2.9394e-05
32 (QN/Block) 	Elapsed: 0.021	Loglikelihood: -36674	(delta): 3.45989e-06
33 (QN/Block) 	Elapsed: 0.03	Loglikelihood: -36674	(delta): 8.43465e-07
34 (QN/Block) 	Elapsed: 0.023	Loglikelihood: -36674	(delta): 1.90761e-07
35 (QN/Block) 	Elapsed: 0.025	Loglikelihood: -36674	(delta): 2.39525e-08
36 (QN/Block) 	Elapsed: 0.028	Loglikelihood: -36674	(delta): 1.99361e-09
37 (QN/Block) 	Elapsed: 0.022	Loglikelihood: -36674	(delta): 3.0559e-10
38 (QN/Block) 	Elapsed: 0.028	Loglikelihood: -36674	(delta): 5.82077e-11
39 (QN/Block) 	Elapsed: 0.029	Loglikelihood: -36674	(delta): 1.45519e-11
40 (QN/Block) 	Elapsed: 0.03	Loglikelihood: -36674	(delta): 7.27596e-12
41 (QN/Block) 	Elapsed: 0.031	Loglikelihood: -36674	(delta): 0
42 (QN/Block) 	Elapsed: 0.031	Loglikelihood: -36674	(delta): 7.27596e-12
43 (QN/Block) 	Elapsed: 0.031	Loglikelihood: -36674	(delta): -7.27596e-12
44 (QN/Block) 	Elapsed: 0.031	Loglikelihood: -36674	(delta): 7.27596e-12
45 (QN/Block) 	Elapsed: 0.031	Loglikelihood: -36674	(delta): 7.27596e-12
46 (QN/Block) 	Elapsed: 0.031	Loglikelihood: -36674	(delta): -1.45519e-11
47 (QN/Block) 	Elapsed: 0.032	Loglikelihood: -36674	(delta): 0
48 (QN/Block) 	Elapsed: 0.033	Loglikelihood: -36674	(delta): 7.27596e-12
49 (QN/Block) 	Elapsed: 0.033	Loglikelihood: -36674	(delta): 0
50 (QN/Block) 	Elapsed: 0.032	Loglikelihood: -36674	(delta): 7.27596e-12
51 (QN/Block) 	Elapsed: 0.032	Loglikelihood: -36674	(delta): -7.27596e-12
52 (QN/Block) 	Elapsed: 0.031	Loglikelihood: -36674	(delta): 0
53 (QN/Block) 	Elapsed: 0.031	Loglikelihood: -36674	(delta): -7.27596e-12
54 (QN/Block) 	Elapsed: 0.03	Loglikelihood: -36674	(delta): 7.27596e-12
55 (QN/Block) 	Elapsed: 0.031	Loglikelihood: -36674	(delta): 0
56 (QN/Block) 	Elapsed: 0.032	Loglikelihood: -36674	(delta): 7.27596e-12
57 (QN/Block) 	Elapsed: 0.031	Loglikelihood: -36674	(delta): 0
58 (QN/Block) 	Elapsed: 0.031	Loglikelihood: -36674	(delta): -7.27596e-12
59 (QN/Block) 	Elapsed: 0.031	Loglikelihood: -36674	(delta): 0
60 (QN/Block) 	Elapsed: 0.027	Loglikelihood: -36674	(delta): -7.27596e-12
61 (QN/Block) 	Elapsed: 0.028	Loglikelihood: -36674	(delta): 7.27596e-12
62 (QN/Block) 	Elapsed: 0.029	Loglikelihood: -36674	(delta): 7.27596e-12
63 (QN/Block) 	Elapsed: 0.028	Loglikelihood: -36674	(delta): -7.27596e-12
64 (QN/Block) 	Elapsed: 0.028	Loglikelihood: -36674	(delta): 0
65 (QN/Block) 	Elapsed: 0.028	Loglikelihood: -36674	(delta): 0
66 (QN/Block) 	Elapsed: 0.029	Loglikelihood: -36674	(delta): 0
67 (QN/Block) 	Elapsed: 0.028	Loglikelihood: -36674	(delta): 0
68 (QN/Block) 	Elapsed: 0.026	Loglikelihood: -36674	(delta): 0
69 (QN/Block) 	Elapsed: 0.021	Loglikelihood: -36674	(delta): 0
70 (QN/Block) 	Elapsed: 0.026	Loglikelihood: -36674	(delta): 0
71 (QN/Block) 	Elapsed: 0.024	Loglikelihood: -36674	(delta): 0
72 (QN/Block) 	Elapsed: 0.028	Loglikelihood: -36674	(delta): 0
73 (QN/Block) 	Elapsed: 0.034	Loglikelihood: -36674	(delta): 0
74 (QN/Block) 	Elapsed: 0.032	Loglikelihood: -36674	(delta): -7.27596e-12
75 (QN/Block) 	Elapsed: 0.032	Loglikelihood: -36674	(delta): 7.27596e-12
76 (QN/Block) 	Elapsed: 0.032	Loglikelihood: -36674	(delta): -7.27596e-12
77 (QN/Block) 	Elapsed: 0.031	Loglikelihood: -36674	(delta): 1.45519e-11
78 (QN/Block) 	Elapsed: 0.032	Loglikelihood: -36674	(delta): -7.27596e-12
79 (QN/Block) 	Elapsed: 0.029	Loglikelihood: -36674	(delta): -7.27596e-12
80 (QN/Block) 	Elapsed: 0.033	Loglikelihood: -36674	(delta): 7.27596e-12
81 (QN/Block) 	Elapsed: 0.032	Loglikelihood: -36674	(delta): -7.27596e-12
82 (QN/Block) 	Elapsed: 0.032	Loglikelihood: -36674	(delta): 7.27596e-12
83 (QN/Block) 	Elapsed: 0.033	Loglikelihood: -36674	(delta): 0
84 (QN/Block) 	Elapsed: 0.029	Loglikelihood: -36674	(delta): 0
85 (QN/Block) 	Elapsed: 0.022	Loglikelihood: -36674	(delta): 0
86 (QN/Block) 	Elapsed: 0.022	Loglikelihood: -36674	(delta): 0
87 (QN/Block) 	Elapsed: 0.024	Loglikelihood: -36674	(delta): 0
88 (QN/Block) 	Elapsed: 0.031	Loglikelihood: -36674	(delta): 0
89 (QN/Block) 	Elapsed: 0.031	Loglikelihood: -36674	(delta): 0
90 (QN/Block) 	Elapsed: 0.024	Loglikelihood: -36674	(delta): 0
91 (QN/Block) 	Elapsed: 0.028	Loglikelihood: -36674	(delta): 0
92 (QN/Block) 	Elapsed: 0.031	Loglikelihood: -36674	(delta): 0
93 (QN/Block) 	Elapsed: 0.029	Loglikelihood: -36674	(delta): 0
94 (QN/Block) 	Elapsed: 0.029	Loglikelihood: -36674	(delta): -7.27596e-12
95 (QN/Block) 	Elapsed: 0.03	Loglikelihood: -36674	(delta): 7.27596e-12
96 (QN/Block) 	Elapsed: 0.029	Loglikelihood: -36674	(delta): -7.27596e-12
97 (QN/Block) 	Elapsed: 0.027	Loglikelihood: -36674	(delta): -7.27596e-12
98 (QN/Block) 	Elapsed: 0.026	Loglikelihood: -36674	(delta): 7.27596e-12
99 (QN/Block) 	Elapsed: 0.027	Loglikelihood: -36674	(delta): 0
100 (QN/Block) 	Elapsed: 0.025	Loglikelihood: -36674	(delta): 0
Summary: 
Converged in 100 iterations (2.951 sec)
Loglikelihood: -36673.983192
Fst divergences between estimated populations: 
	Pop0	Pop1	Pop2	Pop3	Pop4	Pop5	Pop6	Pop7	Pop8	
Pop0	
Pop1	0.146	
Pop2	0.097	0.138	
Pop3	0.249	0.281	0.262	
Pop4	0.081	0.150	0.098	0.255	
Pop5	0.269	0.295	0.280	0.182	0.272	
Pop6	0.088	0.146	0.093	0.247	0.094	0.274	
Pop7	0.230	0.266	0.249	0.082	0.238	0.149	0.235	
Pop8	0.092	0.157	0.102	0.259	0.097	0.271	0.082	0.235	
Pop9	0.233	0.269	0.250	0.105	0.239	0.167	0.237	0.089	0.237	
CV error (K=10): 0.45447
Writing output files.
