****                   ADMIXTURE Version 1.3.0                  ****
****                    Copyright 2008-2015                     ****
****           David Alexander, Suyash Shringarpure,            ****
****                John  Novembre, Ken Lange                   ****
****                                                            ****
****                 Please cite our paper!                     ****
****   Information at www.genetics.ucla.edu/software/admixture  ****

Parallel execution requested.  Will use 8 threads.
Cross-validation will be performed.  Folds=10.
Random seed: 43
Point estimation method: Block relaxation algorithm
Convergence acceleration algorithm: QuasiNewton, 3 secant conditions
Point estimation will terminate at 100 iterations
Estimation of standard errors disabled; will compute point estimates only.
Size of G: 335x1606
Performing five EM steps to prime main algorithm
1 (EM) 	Elapsed: 0.055	Loglikelihood: -218930	(delta): 529038
2 (EM) 	Elapsed: 0.056	Loglikelihood: -206236	(delta): 12694.3
3 (EM) 	Elapsed: 0.059	Loglikelihood: -204168	(delta): 2067.56
4 (EM) 	Elapsed: 0.065	Loglikelihood: -202994	(delta): 1173.82
5 (EM) 	Elapsed: 0.062	Loglikelihood: -202083	(delta): 911.601
Initial loglikelihood: -202083
Starting main algorithm
1 (QN/Block) 	Elapsed: 0.086	Loglikelihood: -182166	(delta): 19916.7
2 (QN/Block) 	Elapsed: 0.083	Loglikelihood: -176902	(delta): 5264.21
3 (QN/Block) 	Elapsed: 0.094	Loglikelihood: -175021	(delta): 1880.91
4 (QN/Block) 	Elapsed: 0.093	Loglikelihood: -174024	(delta): 996.978
5 (QN/Block) 	Elapsed: 0.083	Loglikelihood: -173608	(delta): 416.526
6 (QN/Block) 	Elapsed: 0.095	Loglikelihood: -173405	(delta): 202.103
7 (QN/Block) 	Elapsed: 0.092	Loglikelihood: -173322	(delta): 83.4781
8 (QN/Block) 	Elapsed: 0.09	Loglikelihood: -173284	(delta): 37.9071
9 (QN/Block) 	Elapsed: 0.099	Loglikelihood: -173245	(delta): 38.6135
10 (QN/Block) 	Elapsed: 0.092	Loglikelihood: -173223	(delta): 22.5398
11 (QN/Block) 	Elapsed: 0.09	Loglikelihood: -173206	(delta): 16.8864
12 (QN/Block) 	Elapsed: 0.094	Loglikelihood: -173198	(delta): 7.76313
13 (QN/Block) 	Elapsed: 0.105	Loglikelihood: -173190	(delta): 8.27318
14 (QN/Block) 	Elapsed: 0.097	Loglikelihood: -173182	(delta): 7.83622
15 (QN/Block) 	Elapsed: 0.085	Loglikelihood: -173176	(delta): 5.86995
16 (QN/Block) 	Elapsed: 0.093	Loglikelihood: -173170	(delta): 6.14192
17 (QN/Block) 	Elapsed: 0.094	Loglikelihood: -173163	(delta): 6.64892
18 (QN/Block) 	Elapsed: 0.098	Loglikelihood: -173158	(delta): 5.50226
19 (QN/Block) 	Elapsed: 0.1	Loglikelihood: -173151	(delta): 6.46884
20 (QN/Block) 	Elapsed: 0.097	Loglikelihood: -173149	(delta): 2.80276
21 (QN/Block) 	Elapsed: 0.091	Loglikelihood: -173147	(delta): 2.05947
22 (QN/Block) 	Elapsed: 0.089	Loglikelihood: -173144	(delta): 2.17513
23 (QN/Block) 	Elapsed: 0.082	Loglikelihood: -173144	(delta): 0.759947
24 (QN/Block) 	Elapsed: 0.094	Loglikelihood: -173143	(delta): 0.766357
25 (QN/Block) 	Elapsed: 0.094	Loglikelihood: -173143	(delta): 0.320226
26 (QN/Block) 	Elapsed: 0.084	Loglikelihood: -173142	(delta): 0.20484
27 (QN/Block) 	Elapsed: 0.104	Loglikelihood: -173142	(delta): 0.893936
28 (QN/Block) 	Elapsed: 0.095	Loglikelihood: -173141	(delta): 0.38882
29 (QN/Block) 	Elapsed: 0.091	Loglikelihood: -173141	(delta): 0.52731
30 (QN/Block) 	Elapsed: 0.093	Loglikelihood: -173140	(delta): 0.697115
31 (QN/Block) 	Elapsed: 0.094	Loglikelihood: -173139	(delta): 0.597999
32 (QN/Block) 	Elapsed: 0.083	Loglikelihood: -173138	(delta): 1.00255
33 (QN/Block) 	Elapsed: 0.091	Loglikelihood: -173138	(delta): 0.564127
34 (QN/Block) 	Elapsed: 0.088	Loglikelihood: -173137	(delta): 0.49635
35 (QN/Block) 	Elapsed: 0.086	Loglikelihood: -173137	(delta): 0.178554
36 (QN/Block) 	Elapsed: 0.083	Loglikelihood: -173137	(delta): 0.135435
37 (QN/Block) 	Elapsed: 0.103	Loglikelihood: -173137	(delta): 0.0750104
38 (QN/Block) 	Elapsed: 0.112	Loglikelihood: -173137	(delta): 0.310424
39 (QN/Block) 	Elapsed: 0.106	Loglikelihood: -173136	(delta): 0.376403
40 (QN/Block) 	Elapsed: 0.096	Loglikelihood: -173136	(delta): 0.18809
41 (QN/Block) 	Elapsed: 0.092	Loglikelihood: -173136	(delta): 0.146207
42 (QN/Block) 	Elapsed: 0.097	Loglikelihood: -173136	(delta): 0.081404
43 (QN/Block) 	Elapsed: 0.096	Loglikelihood: -173136	(delta): 0.0574537
44 (QN/Block) 	Elapsed: 0.098	Loglikelihood: -173135	(delta): 0.204533
45 (QN/Block) 	Elapsed: 0.098	Loglikelihood: -173135	(delta): 0.0583611
46 (QN/Block) 	Elapsed: 0.091	Loglikelihood: -173135	(delta): 0.0530452
47 (QN/Block) 	Elapsed: 0.1	Loglikelihood: -173135	(delta): 0.0641273
48 (QN/Block) 	Elapsed: 0.104	Loglikelihood: -173135	(delta): 0.0694462
49 (QN/Block) 	Elapsed: 0.097	Loglikelihood: -173135	(delta): 0.0898405
50 (QN/Block) 	Elapsed: 0.111	Loglikelihood: -173135	(delta): 0.058106
51 (QN/Block) 	Elapsed: 0.11	Loglikelihood: -173135	(delta): 0.0479808
52 (QN/Block) 	Elapsed: 0.099	Loglikelihood: -173135	(delta): 0.0258148
53 (QN/Block) 	Elapsed: 0.107	Loglikelihood: -173135	(delta): 0.0177806
54 (QN/Block) 	Elapsed: 0.099	Loglikelihood: -173135	(delta): 0.0165454
55 (QN/Block) 	Elapsed: 0.102	Loglikelihood: -173135	(delta): 0.0207062
56 (QN/Block) 	Elapsed: 0.102	Loglikelihood: -173135	(delta): 0.0879155
57 (QN/Block) 	Elapsed: 0.096	Loglikelihood: -173135	(delta): 0.15345
58 (QN/Block) 	Elapsed: 0.105	Loglikelihood: -173135	(delta): 0.0392741
59 (QN/Block) 	Elapsed: 0.091	Loglikelihood: -173135	(delta): 0.00825241
60 (QN/Block) 	Elapsed: 0.091	Loglikelihood: -173135	(delta): 0.00420969
61 (QN/Block) 	Elapsed: 0.088	Loglikelihood: -173135	(delta): 0.00157779
62 (QN/Block) 	Elapsed: 0.097	Loglikelihood: -173135	(delta): 0.000259599
63 (QN/Block) 	Elapsed: 0.096	Loglikelihood: -173135	(delta): 0.000108474
64 (QN/Block) 	Elapsed: 0.086	Loglikelihood: -173135	(delta): 4.54202e-05
65 (QN/Block) 	Elapsed: 0.087	Loglikelihood: -173135	(delta): 2.18005e-05
66 (QN/Block) 	Elapsed: 0.088	Loglikelihood: -173135	(delta): 4.07521e-06
67 (QN/Block) 	Elapsed: 0.085	Loglikelihood: -173135	(delta): 3.44793e-07
68 (QN/Block) 	Elapsed: 0.097	Loglikelihood: -173135	(delta): 4.87489e-08
69 (QN/Block) 	Elapsed: 0.098	Loglikelihood: -173135	(delta): 8.44011e-09
70 (QN/Block) 	Elapsed: 0.104	Loglikelihood: -173135	(delta): 1.62981e-09
71 (QN/Block) 	Elapsed: 0.096	Loglikelihood: -173135	(delta): 2.61934e-10
72 (QN/Block) 	Elapsed: 0.095	Loglikelihood: -173135	(delta): 8.73115e-11
73 (QN/Block) 	Elapsed: 0.095	Loglikelihood: -173135	(delta): 2.91038e-11
74 (QN/Block) 	Elapsed: 0.1	Loglikelihood: -173135	(delta): -5.82077e-11
75 (QN/Block) 	Elapsed: 0.097	Loglikelihood: -173135	(delta): 2.91038e-11
76 (QN/Block) 	Elapsed: 0.096	Loglikelihood: -173135	(delta): 2.91038e-11
77 (QN/Block) 	Elapsed: 0.1	Loglikelihood: -173135	(delta): 0
78 (QN/Block) 	Elapsed: 0.1	Loglikelihood: -173135	(delta): -5.82077e-11
79 (QN/Block) 	Elapsed: 0.098	Loglikelihood: -173135	(delta): 8.73115e-11
80 (QN/Block) 	Elapsed: 0.103	Loglikelihood: -173135	(delta): -5.82077e-11
81 (QN/Block) 	Elapsed: 0.097	Loglikelihood: -173135	(delta): 2.91038e-11
82 (QN/Block) 	Elapsed: 0.088	Loglikelihood: -173135	(delta): 0
83 (QN/Block) 	Elapsed: 0.103	Loglikelihood: -173135	(delta): 0
84 (QN/Block) 	Elapsed: 0.106	Loglikelihood: -173135	(delta): 0
85 (QN/Block) 	Elapsed: 0.102	Loglikelihood: -173135	(delta): 0
86 (QN/Block) 	Elapsed: 0.095	Loglikelihood: -173135	(delta): 0
87 (QN/Block) 	Elapsed: 0.097	Loglikelihood: -173135	(delta): -5.82077e-11
88 (QN/Block) 	Elapsed: 0.104	Loglikelihood: -173135	(delta): 2.91038e-11
89 (QN/Block) 	Elapsed: 0.104	Loglikelihood: -173135	(delta): 2.91038e-11
90 (QN/Block) 	Elapsed: 0.097	Loglikelihood: -173135	(delta): 2.91038e-11
91 (QN/Block) 	Elapsed: 0.102	Loglikelihood: -173135	(delta): 2.91038e-11
92 (QN/Block) 	Elapsed: 0.095	Loglikelihood: -173135	(delta): -5.82077e-11
93 (QN/Block) 	Elapsed: 0.088	Loglikelihood: -173135	(delta): -2.91038e-11
94 (QN/Block) 	Elapsed: 0.102	Loglikelihood: -173135	(delta): 0
95 (QN/Block) 	Elapsed: 0.107	Loglikelihood: -173135	(delta): -2.91038e-11
96 (QN/Block) 	Elapsed: 0.106	Loglikelihood: -173135	(delta): 0
97 (QN/Block) 	Elapsed: 0.095	Loglikelihood: -173135	(delta): 2.91038e-11
98 (QN/Block) 	Elapsed: 0.099	Loglikelihood: -173135	(delta): -5.82077e-11
99 (QN/Block) 	Elapsed: 0.101	Loglikelihood: -173135	(delta): 2.91038e-11
100 (QN/Block) 	Elapsed: 0.099	Loglikelihood: -173135	(delta): -2.91038e-11
Summary: 
Converged in 100 iterations (10.18 sec)
Loglikelihood: -173134.671610
Fst divergences between estimated populations: 
	Pop0	Pop1	Pop2	Pop3	Pop4	Pop5	
Pop0	
Pop1	0.077	
Pop2	0.082	0.048	
Pop3	0.364	0.342	0.358	
Pop4	0.387	0.364	0.378	0.130	
Pop5	0.136	0.103	0.123	0.368	0.381	
Pop6	0.072	0.062	0.071	0.364	0.386	0.139	
CV error (K=7): 0.22588
Writing output files.
