****                   ADMIXTURE Version 1.3.0                  ****
****                    Copyright 2008-2015                     ****
****           David Alexander, Suyash Shringarpure,            ****
****                John  Novembre, Ken Lange                   ****
****                                                            ****
****                 Please cite our paper!                     ****
****   Information at www.genetics.ucla.edu/software/admixture  ****

Parallel execution requested.  Will use 8 threads.
Cross-validation will be performed.  Folds=10.
Random seed: 43
Point estimation method: Block relaxation algorithm
Convergence acceleration algorithm: QuasiNewton, 3 secant conditions
Point estimation will terminate at 100 iterations
Estimation of standard errors disabled; will compute point estimates only.
Size of G: 335x1606
Performing five EM steps to prime main algorithm
1 (EM) 	Elapsed: 0.06	Loglikelihood: -221099	(delta): 524508
2 (EM) 	Elapsed: 0.062	Loglikelihood: -208219	(delta): 12880.3
3 (EM) 	Elapsed: 0.066	Loglikelihood: -206129	(delta): 2089.8
4 (EM) 	Elapsed: 0.061	Loglikelihood: -204964	(delta): 1164.84
5 (EM) 	Elapsed: 0.063	Loglikelihood: -204043	(delta): 921.077
Initial loglikelihood: -204043
Starting main algorithm
1 (QN/Block) 	Elapsed: 0.088	Loglikelihood: -180563	(delta): 23479.7
2 (QN/Block) 	Elapsed: 0.084	Loglikelihood: -175501	(delta): 5062.54
3 (QN/Block) 	Elapsed: 0.092	Loglikelihood: -173862	(delta): 1639.03
4 (QN/Block) 	Elapsed: 0.092	Loglikelihood: -172794	(delta): 1067.47
5 (QN/Block) 	Elapsed: 0.088	Loglikelihood: -172194	(delta): 600.459
6 (QN/Block) 	Elapsed: 0.103	Loglikelihood: -171836	(delta): 357.89
7 (QN/Block) 	Elapsed: 0.091	Loglikelihood: -171595	(delta): 240.925
8 (QN/Block) 	Elapsed: 0.09	Loglikelihood: -171380	(delta): 215.071
9 (QN/Block) 	Elapsed: 0.092	Loglikelihood: -171278	(delta): 101.845
10 (QN/Block) 	Elapsed: 0.091	Loglikelihood: -171234	(delta): 43.6885
11 (QN/Block) 	Elapsed: 0.092	Loglikelihood: -171219	(delta): 15.0166
12 (QN/Block) 	Elapsed: 0.09	Loglikelihood: -171211	(delta): 8.33447
13 (QN/Block) 	Elapsed: 0.093	Loglikelihood: -171207	(delta): 4.44818
14 (QN/Block) 	Elapsed: 0.098	Loglikelihood: -171203	(delta): 3.10844
15 (QN/Block) 	Elapsed: 0.098	Loglikelihood: -171202	(delta): 1.6651
16 (QN/Block) 	Elapsed: 0.099	Loglikelihood: -171200	(delta): 2.10488
17 (QN/Block) 	Elapsed: 0.101	Loglikelihood: -171198	(delta): 1.55372
18 (QN/Block) 	Elapsed: 0.099	Loglikelihood: -171197	(delta): 1.47051
19 (QN/Block) 	Elapsed: 0.098	Loglikelihood: -171194	(delta): 3.12427
20 (QN/Block) 	Elapsed: 0.139	Loglikelihood: -171191	(delta): 2.56782
21 (QN/Block) 	Elapsed: 0.112	Loglikelihood: -171189	(delta): 1.82035
22 (QN/Block) 	Elapsed: 0.106	Loglikelihood: -171186	(delta): 2.89553
23 (QN/Block) 	Elapsed: 0.114	Loglikelihood: -171181	(delta): 5.22912
24 (QN/Block) 	Elapsed: 0.096	Loglikelihood: -171179	(delta): 2.45524
25 (QN/Block) 	Elapsed: 0.104	Loglikelihood: -171177	(delta): 1.21947
26 (QN/Block) 	Elapsed: 0.114	Loglikelihood: -171177	(delta): 0.6627
27 (QN/Block) 	Elapsed: 0.095	Loglikelihood: -171176	(delta): 0.580488
28 (QN/Block) 	Elapsed: 0.104	Loglikelihood: -171176	(delta): 0.411762
29 (QN/Block) 	Elapsed: 0.099	Loglikelihood: -171175	(delta): 0.411306
30 (QN/Block) 	Elapsed: 0.112	Loglikelihood: -171175	(delta): 0.241605
31 (QN/Block) 	Elapsed: 0.105	Loglikelihood: -171175	(delta): 0.164327
32 (QN/Block) 	Elapsed: 0.104	Loglikelihood: -171175	(delta): 0.152182
33 (QN/Block) 	Elapsed: 0.101	Loglikelihood: -171175	(delta): 0.169817
34 (QN/Block) 	Elapsed: 0.106	Loglikelihood: -171174	(delta): 0.213479
35 (QN/Block) 	Elapsed: 0.116	Loglikelihood: -171174	(delta): 0.27806
36 (QN/Block) 	Elapsed: 0.108	Loglikelihood: -171174	(delta): 0.42871
37 (QN/Block) 	Elapsed: 0.103	Loglikelihood: -171173	(delta): 0.281706
38 (QN/Block) 	Elapsed: 0.107	Loglikelihood: -171173	(delta): 0.401774
39 (QN/Block) 	Elapsed: 0.104	Loglikelihood: -171173	(delta): 0.142942
40 (QN/Block) 	Elapsed: 0.095	Loglikelihood: -171173	(delta): 0.0654443
41 (QN/Block) 	Elapsed: 0.107	Loglikelihood: -171173	(delta): 0.103386
42 (QN/Block) 	Elapsed: 0.096	Loglikelihood: -171173	(delta): 0.0327153
43 (QN/Block) 	Elapsed: 0.117	Loglikelihood: -171173	(delta): 0.0476446
44 (QN/Block) 	Elapsed: 0.116	Loglikelihood: -171173	(delta): 0.00854127
45 (QN/Block) 	Elapsed: 0.095	Loglikelihood: -171173	(delta): 0.00570042
46 (QN/Block) 	Elapsed: 0.095	Loglikelihood: -171173	(delta): 0.00554113
47 (QN/Block) 	Elapsed: 0.11	Loglikelihood: -171173	(delta): 0.00313613
48 (QN/Block) 	Elapsed: 0.107	Loglikelihood: -171173	(delta): 0.00133932
49 (QN/Block) 	Elapsed: 0.102	Loglikelihood: -171173	(delta): 0.00216117
50 (QN/Block) 	Elapsed: 0.096	Loglikelihood: -171173	(delta): 0.00682735
51 (QN/Block) 	Elapsed: 0.098	Loglikelihood: -171172	(delta): 0.134491
52 (QN/Block) 	Elapsed: 0.134	Loglikelihood: -171172	(delta): 0.0314442
53 (QN/Block) 	Elapsed: 0.101	Loglikelihood: -171172	(delta): 0.0258837
54 (QN/Block) 	Elapsed: 0.098	Loglikelihood: -171172	(delta): 0.00918398
55 (QN/Block) 	Elapsed: 0.094	Loglikelihood: -171172	(delta): 0.00268843
56 (QN/Block) 	Elapsed: 0.123	Loglikelihood: -171172	(delta): 0.00108083
57 (QN/Block) 	Elapsed: 0.106	Loglikelihood: -171172	(delta): 0.000375334
58 (QN/Block) 	Elapsed: 0.099	Loglikelihood: -171172	(delta): 0.00039324
59 (QN/Block) 	Elapsed: 0.095	Loglikelihood: -171172	(delta): 0.000559193
60 (QN/Block) 	Elapsed: 0.106	Loglikelihood: -171172	(delta): 0.00512197
61 (QN/Block) 	Elapsed: 0.1	Loglikelihood: -171172	(delta): 0.00195923
62 (QN/Block) 	Elapsed: 0.101	Loglikelihood: -171172	(delta): 0.00115192
63 (QN/Block) 	Elapsed: 0.131	Loglikelihood: -171172	(delta): 0.00338363
64 (QN/Block) 	Elapsed: 0.107	Loglikelihood: -171172	(delta): 0.00639128
65 (QN/Block) 	Elapsed: 0.096	Loglikelihood: -171172	(delta): 0.00243572
66 (QN/Block) 	Elapsed: 0.099	Loglikelihood: -171172	(delta): 0.0014409
67 (QN/Block) 	Elapsed: 0.094	Loglikelihood: -171172	(delta): 0.00139401
68 (QN/Block) 	Elapsed: 0.109	Loglikelihood: -171172	(delta): 0.000561203
69 (QN/Block) 	Elapsed: 0.122	Loglikelihood: -171172	(delta): 0.000645064
70 (QN/Block) 	Elapsed: 0.105	Loglikelihood: -171172	(delta): 0.000119498
71 (QN/Block) 	Elapsed: 0.111	Loglikelihood: -171172	(delta): 0.000180766
72 (QN/Block) 	Elapsed: 0.105	Loglikelihood: -171172	(delta): 8.39093e-06
73 (QN/Block) 	Elapsed: 0.103	Loglikelihood: -171172	(delta): 3.15634e-06
74 (QN/Block) 	Elapsed: 0.092	Loglikelihood: -171172	(delta): 6.35802e-07
75 (QN/Block) 	Elapsed: 0.094	Loglikelihood: -171172	(delta): 4.47908e-08
76 (QN/Block) 	Elapsed: 0.094	Loglikelihood: -171172	(delta): 5.18339e-08
77 (QN/Block) 	Elapsed: 0.091	Loglikelihood: -171172	(delta): 5.15138e-09
78 (QN/Block) 	Elapsed: 0.097	Loglikelihood: -171172	(delta): 2.18279e-09
79 (QN/Block) 	Elapsed: 0.088	Loglikelihood: -171172	(delta): 9.31323e-10
80 (QN/Block) 	Elapsed: 0.091	Loglikelihood: -171172	(delta): 4.07454e-10
81 (QN/Block) 	Elapsed: 0.095	Loglikelihood: -171172	(delta): 5.82077e-11
82 (QN/Block) 	Elapsed: 0.095	Loglikelihood: -171172	(delta): 5.82077e-11
83 (QN/Block) 	Elapsed: 0.097	Loglikelihood: -171172	(delta): 8.73115e-11
84 (QN/Block) 	Elapsed: 0.088	Loglikelihood: -171172	(delta): -5.82077e-11
85 (QN/Block) 	Elapsed: 0.092	Loglikelihood: -171172	(delta): 2.91038e-11
86 (QN/Block) 	Elapsed: 0.087	Loglikelihood: -171172	(delta): 2.91038e-11
87 (QN/Block) 	Elapsed: 0.099	Loglikelihood: -171172	(delta): -5.82077e-11
88 (QN/Block) 	Elapsed: 0.097	Loglikelihood: -171172	(delta): 0
89 (QN/Block) 	Elapsed: 0.095	Loglikelihood: -171172	(delta): 5.82077e-11
90 (QN/Block) 	Elapsed: 0.094	Loglikelihood: -171172	(delta): -2.91038e-11
91 (QN/Block) 	Elapsed: 0.094	Loglikelihood: -171172	(delta): -5.82077e-11
92 (QN/Block) 	Elapsed: 0.101	Loglikelihood: -171172	(delta): 5.82077e-11
93 (QN/Block) 	Elapsed: 0.094	Loglikelihood: -171172	(delta): 0
94 (QN/Block) 	Elapsed: 0.093	Loglikelihood: -171172	(delta): -2.91038e-11
95 (QN/Block) 	Elapsed: 0.094	Loglikelihood: -171172	(delta): 0
96 (QN/Block) 	Elapsed: 0.099	Loglikelihood: -171172	(delta): 2.91038e-11
97 (QN/Block) 	Elapsed: 0.094	Loglikelihood: -171172	(delta): -8.73115e-11
98 (QN/Block) 	Elapsed: 0.094	Loglikelihood: -171172	(delta): 5.82077e-11
99 (QN/Block) 	Elapsed: 0.096	Loglikelihood: -171172	(delta): 0
100 (QN/Block) 	Elapsed: 0.095	Loglikelihood: -171172	(delta): 0
Summary: 
Converged in 100 iterations (10.606 sec)
Loglikelihood: -171172.270247
Fst divergences between estimated populations: 
	Pop0	Pop1	Pop2	Pop3	Pop4	Pop5	Pop6	
Pop0	
Pop1	0.086	
Pop2	0.073	0.092	
Pop3	0.100	0.107	0.080	
Pop4	0.057	0.073	0.074	0.098	
Pop5	0.069	0.098	0.052	0.059	0.074	
Pop6	0.376	0.391	0.369	0.360	0.381	0.354	
Pop7	0.152	0.161	0.131	0.114	0.149	0.112	0.375	
CV error (K=8): 0.22859
Writing output files.
