****                   ADMIXTURE Version 1.3.0                  ****
****                    Copyright 2008-2015                     ****
****           David Alexander, Suyash Shringarpure,            ****
****                John  Novembre, Ken Lange                   ****
****                                                            ****
****                 Please cite our paper!                     ****
****   Information at www.genetics.ucla.edu/software/admixture  ****

Parallel execution requested.  Will use 8 threads.
Cross-validation will be performed.  Folds=10.
Random seed: 43
Point estimation method: Block relaxation algorithm
Convergence acceleration algorithm: QuasiNewton, 3 secant conditions
Point estimation will terminate at 100 iterations
Estimation of standard errors disabled; will compute point estimates only.
Size of G: 335x1606
Performing five EM steps to prime main algorithm
1 (EM) 	Elapsed: 0.029	Loglikelihood: -220214	(delta): 565094
2 (EM) 	Elapsed: 0.03	Loglikelihood: -208652	(delta): 11561.7
3 (EM) 	Elapsed: 0.033	Loglikelihood: -206475	(delta): 2176.84
4 (EM) 	Elapsed: 0.032	Loglikelihood: -205173	(delta): 1301.56
5 (EM) 	Elapsed: 0.031	Loglikelihood: -204243	(delta): 930.237
Initial loglikelihood: -204243
Starting main algorithm
1 (QN/Block) 	Elapsed: 0.062	Loglikelihood: -186439	(delta): 17804
2 (QN/Block) 	Elapsed: 0.057	Loglikelihood: -179862	(delta): 6577.63
3 (QN/Block) 	Elapsed: 0.062	Loglikelihood: -178253	(delta): 1608.86
4 (QN/Block) 	Elapsed: 0.064	Loglikelihood: -177387	(delta): 865.504
5 (QN/Block) 	Elapsed: 0.063	Loglikelihood: -176634	(delta): 752.974
6 (QN/Block) 	Elapsed: 0.062	Loglikelihood: -176273	(delta): 360.762
7 (QN/Block) 	Elapsed: 0.062	Loglikelihood: -176165	(delta): 108.645
8 (QN/Block) 	Elapsed: 0.06	Loglikelihood: -176135	(delta): 30.1506
9 (QN/Block) 	Elapsed: 0.061	Loglikelihood: -176113	(delta): 21.7321
10 (QN/Block) 	Elapsed: 0.059	Loglikelihood: -176108	(delta): 4.58767
11 (QN/Block) 	Elapsed: 0.066	Loglikelihood: -176107	(delta): 1.10512
12 (QN/Block) 	Elapsed: 0.061	Loglikelihood: -176107	(delta): 0.331191
13 (QN/Block) 	Elapsed: 0.065	Loglikelihood: -176107	(delta): 0.230785
14 (QN/Block) 	Elapsed: 0.069	Loglikelihood: -176107	(delta): 0.0223389
15 (QN/Block) 	Elapsed: 0.065	Loglikelihood: -176107	(delta): 0.0320386
16 (QN/Block) 	Elapsed: 0.064	Loglikelihood: -176106	(delta): 0.149308
17 (QN/Block) 	Elapsed: 0.066	Loglikelihood: -176106	(delta): 0.479557
18 (QN/Block) 	Elapsed: 0.063	Loglikelihood: -176106	(delta): 0.0102561
19 (QN/Block) 	Elapsed: 0.062	Loglikelihood: -176106	(delta): 0.00701767
20 (QN/Block) 	Elapsed: 0.061	Loglikelihood: -176106	(delta): 0.00105539
21 (QN/Block) 	Elapsed: 0.06	Loglikelihood: -176106	(delta): 0.000121172
22 (QN/Block) 	Elapsed: 0.062	Loglikelihood: -176106	(delta): 1.66406e-05
23 (QN/Block) 	Elapsed: 0.062	Loglikelihood: -176106	(delta): 2.14684e-06
24 (QN/Block) 	Elapsed: 0.065	Loglikelihood: -176106	(delta): 2.41445e-07
25 (QN/Block) 	Elapsed: 0.06	Loglikelihood: -176106	(delta): 4.52565e-08
26 (QN/Block) 	Elapsed: 0.061	Loglikelihood: -176106	(delta): 3.84171e-09
27 (QN/Block) 	Elapsed: 0.061	Loglikelihood: -176106	(delta): 2.91038e-10
28 (QN/Block) 	Elapsed: 0.062	Loglikelihood: -176106	(delta): 5.82077e-11
29 (QN/Block) 	Elapsed: 0.063	Loglikelihood: -176106	(delta): 2.91038e-11
30 (QN/Block) 	Elapsed: 0.068	Loglikelihood: -176106	(delta): -2.91038e-11
31 (QN/Block) 	Elapsed: 0.065	Loglikelihood: -176106	(delta): 0
32 (QN/Block) 	Elapsed: 0.066	Loglikelihood: -176106	(delta): 0
33 (QN/Block) 	Elapsed: 0.064	Loglikelihood: -176106	(delta): 0
34 (QN/Block) 	Elapsed: 0.065	Loglikelihood: -176106	(delta): 2.91038e-11
35 (QN/Block) 	Elapsed: 0.064	Loglikelihood: -176106	(delta): -2.91038e-11
36 (QN/Block) 	Elapsed: 0.064	Loglikelihood: -176106	(delta): -2.91038e-11
37 (QN/Block) 	Elapsed: 0.065	Loglikelihood: -176106	(delta): 0
38 (QN/Block) 	Elapsed: 0.062	Loglikelihood: -176106	(delta): 2.91038e-11
39 (QN/Block) 	Elapsed: 0.064	Loglikelihood: -176106	(delta): -5.82077e-11
40 (QN/Block) 	Elapsed: 0.062	Loglikelihood: -176106	(delta): 8.73115e-11
41 (QN/Block) 	Elapsed: 0.059	Loglikelihood: -176106	(delta): -5.82077e-11
42 (QN/Block) 	Elapsed: 0.063	Loglikelihood: -176106	(delta): 2.91038e-11
43 (QN/Block) 	Elapsed: 0.063	Loglikelihood: -176106	(delta): 0
44 (QN/Block) 	Elapsed: 0.064	Loglikelihood: -176106	(delta): -5.82077e-11
45 (QN/Block) 	Elapsed: 0.07	Loglikelihood: -176106	(delta): 2.91038e-11
46 (QN/Block) 	Elapsed: 0.062	Loglikelihood: -176106	(delta): 0
47 (QN/Block) 	Elapsed: 0.061	Loglikelihood: -176106	(delta): 5.82077e-11
48 (QN/Block) 	Elapsed: 0.061	Loglikelihood: -176106	(delta): -2.91038e-11
49 (QN/Block) 	Elapsed: 0.063	Loglikelihood: -176106	(delta): -5.82077e-11
50 (QN/Block) 	Elapsed: 0.061	Loglikelihood: -176106	(delta): 5.82077e-11
51 (QN/Block) 	Elapsed: 0.059	Loglikelihood: -176106	(delta): 0
52 (QN/Block) 	Elapsed: 0.062	Loglikelihood: -176106	(delta): -5.82077e-11
53 (QN/Block) 	Elapsed: 0.058	Loglikelihood: -176106	(delta): 8.73115e-11
54 (QN/Block) 	Elapsed: 0.06	Loglikelihood: -176106	(delta): -2.91038e-11
55 (QN/Block) 	Elapsed: 0.061	Loglikelihood: -176106	(delta): 0
56 (QN/Block) 	Elapsed: 0.065	Loglikelihood: -176106	(delta): -2.91038e-11
57 (QN/Block) 	Elapsed: 0.065	Loglikelihood: -176106	(delta): 0
58 (QN/Block) 	Elapsed: 0.062	Loglikelihood: -176106	(delta): 2.91038e-11
59 (QN/Block) 	Elapsed: 0.06	Loglikelihood: -176106	(delta): 0
60 (QN/Block) 	Elapsed: 0.064	Loglikelihood: -176106	(delta): 0
61 (QN/Block) 	Elapsed: 0.07	Loglikelihood: -176106	(delta): 0
62 (QN/Block) 	Elapsed: 0.068	Loglikelihood: -176106	(delta): 2.91038e-11
63 (QN/Block) 	Elapsed: 0.066	Loglikelihood: -176106	(delta): -2.91038e-11
64 (QN/Block) 	Elapsed: 0.06	Loglikelihood: -176106	(delta): 2.91038e-11
65 (QN/Block) 	Elapsed: 0.062	Loglikelihood: -176106	(delta): -2.91038e-11
66 (QN/Block) 	Elapsed: 0.068	Loglikelihood: -176106	(delta): 5.82077e-11
67 (QN/Block) 	Elapsed: 0.067	Loglikelihood: -176106	(delta): -2.91038e-11
68 (QN/Block) 	Elapsed: 0.071	Loglikelihood: -176106	(delta): 0
69 (QN/Block) 	Elapsed: 0.065	Loglikelihood: -176106	(delta): 0
70 (QN/Block) 	Elapsed: 0.064	Loglikelihood: -176106	(delta): 2.91038e-11
71 (QN/Block) 	Elapsed: 0.062	Loglikelihood: -176106	(delta): -2.91038e-11
72 (QN/Block) 	Elapsed: 0.065	Loglikelihood: -176106	(delta): 2.91038e-11
73 (QN/Block) 	Elapsed: 0.066	Loglikelihood: -176106	(delta): -5.82077e-11
74 (QN/Block) 	Elapsed: 0.067	Loglikelihood: -176106	(delta): 0
75 (QN/Block) 	Elapsed: 0.063	Loglikelihood: -176106	(delta): 5.82077e-11
76 (QN/Block) 	Elapsed: 0.069	Loglikelihood: -176106	(delta): -2.91038e-11
77 (QN/Block) 	Elapsed: 0.06	Loglikelihood: -176106	(delta): 2.91038e-11
78 (QN/Block) 	Elapsed: 0.063	Loglikelihood: -176106	(delta): -5.82077e-11
79 (QN/Block) 	Elapsed: 0.061	Loglikelihood: -176106	(delta): 0
80 (QN/Block) 	Elapsed: 0.067	Loglikelihood: -176106	(delta): 2.91038e-11
81 (QN/Block) 	Elapsed: 0.061	Loglikelihood: -176106	(delta): 0
82 (QN/Block) 	Elapsed: 0.068	Loglikelihood: -176106	(delta): 2.91038e-11
83 (QN/Block) 	Elapsed: 0.066	Loglikelihood: -176106	(delta): -2.91038e-11
84 (QN/Block) 	Elapsed: 0.06	Loglikelihood: -176106	(delta): -2.91038e-11
85 (QN/Block) 	Elapsed: 0.064	Loglikelihood: -176106	(delta): 2.91038e-11
86 (QN/Block) 	Elapsed: 0.065	Loglikelihood: -176106	(delta): 0
87 (QN/Block) 	Elapsed: 0.064	Loglikelihood: -176106	(delta): 2.91038e-11
88 (QN/Block) 	Elapsed: 0.066	Loglikelihood: -176106	(delta): 0
89 (QN/Block) 	Elapsed: 0.061	Loglikelihood: -176106	(delta): -2.91038e-11
90 (QN/Block) 	Elapsed: 0.065	Loglikelihood: -176106	(delta): -2.91038e-11
91 (QN/Block) 	Elapsed: 0.067	Loglikelihood: -176106	(delta): 0
92 (QN/Block) 	Elapsed: 0.061	Loglikelihood: -176106	(delta): 2.91038e-11
93 (QN/Block) 	Elapsed: 0.062	Loglikelihood: -176106	(delta): 0
94 (QN/Block) 	Elapsed: 0.066	Loglikelihood: -176106	(delta): 0
95 (QN/Block) 	Elapsed: 0.064	Loglikelihood: -176106	(delta): 0
96 (QN/Block) 	Elapsed: 0.063	Loglikelihood: -176106	(delta): -2.91038e-11
97 (QN/Block) 	Elapsed: 0.059	Loglikelihood: -176106	(delta): 5.82077e-11
98 (QN/Block) 	Elapsed: 0.062	Loglikelihood: -176106	(delta): 0
99 (QN/Block) 	Elapsed: 0.067	Loglikelihood: -176106	(delta): -2.91038e-11
100 (QN/Block) 	Elapsed: 0.065	Loglikelihood: -176106	(delta): 0
Summary: 
Converged in 100 iterations (6.688 sec)
Loglikelihood: -176105.971155
Fst divergences between estimated populations: 
	Pop0	Pop1	Pop2	
Pop0	
Pop1	0.368	
Pop2	0.369	0.051	
Pop3	0.345	0.049	0.055	
CV error (K=4): 0.22232
Writing output files.
