****                   ADMIXTURE Version 1.3.0                  ****
****                    Copyright 2008-2015                     ****
****           David Alexander, Suyash Shringarpure,            ****
****                John  Novembre, Ken Lange                   ****
****                                                            ****
****                 Please cite our paper!                     ****
****   Information at www.genetics.ucla.edu/software/admixture  ****

Parallel execution requested.  Will use 8 threads.
Cross-validation will be performed.  Folds=10.
Random seed: 43
Point estimation method: Block relaxation algorithm
Convergence acceleration algorithm: QuasiNewton, 3 secant conditions
Point estimation will terminate at 100 iterations
Estimation of standard errors disabled; will compute point estimates only.
Size of G: 335x1606
Performing five EM steps to prime main algorithm
1 (EM) 	Elapsed: 0.087	Loglikelihood: -220575	(delta): 516059
2 (EM) 	Elapsed: 0.083	Loglikelihood: -207550	(delta): 13024.7
3 (EM) 	Elapsed: 0.082	Loglikelihood: -205419	(delta): 2131.09
4 (EM) 	Elapsed: 0.088	Loglikelihood: -204206	(delta): 1213.36
5 (EM) 	Elapsed: 0.082	Loglikelihood: -203241	(delta): 964.901
Initial loglikelihood: -203241
Starting main algorithm
1 (QN/Block) 	Elapsed: 0.101	Loglikelihood: -179243	(delta): 23997.6
2 (QN/Block) 	Elapsed: 0.108	Loglikelihood: -173846	(delta): 5397.63
3 (QN/Block) 	Elapsed: 0.109	Loglikelihood: -171938	(delta): 1907.13
4 (QN/Block) 	Elapsed: 0.104	Loglikelihood: -170790	(delta): 1147.98
5 (QN/Block) 	Elapsed: 0.106	Loglikelihood: -170313	(delta): 477.05
6 (QN/Block) 	Elapsed: 0.117	Loglikelihood: -170110	(delta): 203.447
7 (QN/Block) 	Elapsed: 0.106	Loglikelihood: -169947	(delta): 163.193
8 (QN/Block) 	Elapsed: 0.107	Loglikelihood: -169873	(delta): 73.228
9 (QN/Block) 	Elapsed: 0.108	Loglikelihood: -169831	(delta): 42.4658
10 (QN/Block) 	Elapsed: 0.106	Loglikelihood: -169804	(delta): 27.3761
11 (QN/Block) 	Elapsed: 0.107	Loglikelihood: -169772	(delta): 31.1681
12 (QN/Block) 	Elapsed: 0.112	Loglikelihood: -169746	(delta): 26.6864
13 (QN/Block) 	Elapsed: 0.116	Loglikelihood: -169733	(delta): 12.9716
14 (QN/Block) 	Elapsed: 0.111	Loglikelihood: -169721	(delta): 11.5074
15 (QN/Block) 	Elapsed: 0.123	Loglikelihood: -169710	(delta): 11.5514
16 (QN/Block) 	Elapsed: 0.119	Loglikelihood: -169701	(delta): 9.00758
17 (QN/Block) 	Elapsed: 0.117	Loglikelihood: -169695	(delta): 6.20877
18 (QN/Block) 	Elapsed: 0.113	Loglikelihood: -169690	(delta): 4.86247
19 (QN/Block) 	Elapsed: 0.117	Loglikelihood: -169684	(delta): 5.4282
20 (QN/Block) 	Elapsed: 0.117	Loglikelihood: -169678	(delta): 6.17779
21 (QN/Block) 	Elapsed: 0.118	Loglikelihood: -169669	(delta): 8.97522
22 (QN/Block) 	Elapsed: 0.113	Loglikelihood: -169662	(delta): 6.60722
23 (QN/Block) 	Elapsed: 0.124	Loglikelihood: -169657	(delta): 5.39809
24 (QN/Block) 	Elapsed: 0.117	Loglikelihood: -169650	(delta): 7.00364
25 (QN/Block) 	Elapsed: 0.118	Loglikelihood: -169643	(delta): 6.67047
26 (QN/Block) 	Elapsed: 0.116	Loglikelihood: -169637	(delta): 6.34452
27 (QN/Block) 	Elapsed: 0.11	Loglikelihood: -169630	(delta): 6.7799
28 (QN/Block) 	Elapsed: 0.119	Loglikelihood: -169618	(delta): 12.5087
29 (QN/Block) 	Elapsed: 0.119	Loglikelihood: -169615	(delta): 3.17901
30 (QN/Block) 	Elapsed: 0.119	Loglikelihood: -169613	(delta): 1.7343
31 (QN/Block) 	Elapsed: 0.117	Loglikelihood: -169612	(delta): 0.790547
32 (QN/Block) 	Elapsed: 0.126	Loglikelihood: -169612	(delta): 0.565336
33 (QN/Block) 	Elapsed: 0.119	Loglikelihood: -169611	(delta): 0.730507
34 (QN/Block) 	Elapsed: 0.122	Loglikelihood: -169610	(delta): 0.690347
35 (QN/Block) 	Elapsed: 0.122	Loglikelihood: -169609	(delta): 0.680661
36 (QN/Block) 	Elapsed: 0.12	Loglikelihood: -169609	(delta): 0.363036
37 (QN/Block) 	Elapsed: 0.12	Loglikelihood: -169609	(delta): 0.361893
38 (QN/Block) 	Elapsed: 0.12	Loglikelihood: -169608	(delta): 0.429943
39 (QN/Block) 	Elapsed: 0.12	Loglikelihood: -169608	(delta): 0.435239
40 (QN/Block) 	Elapsed: 0.126	Loglikelihood: -169607	(delta): 0.345677
41 (QN/Block) 	Elapsed: 0.115	Loglikelihood: -169607	(delta): 0.47167
42 (QN/Block) 	Elapsed: 0.118	Loglikelihood: -169606	(delta): 0.924846
43 (QN/Block) 	Elapsed: 0.121	Loglikelihood: -169606	(delta): 0.527502
44 (QN/Block) 	Elapsed: 0.118	Loglikelihood: -169605	(delta): 0.481282
45 (QN/Block) 	Elapsed: 0.12	Loglikelihood: -169605	(delta): 0.253556
46 (QN/Block) 	Elapsed: 0.114	Loglikelihood: -169604	(delta): 0.383404
47 (QN/Block) 	Elapsed: 0.117	Loglikelihood: -169604	(delta): 0.632455
48 (QN/Block) 	Elapsed: 0.12	Loglikelihood: -169604	(delta): 0.309231
49 (QN/Block) 	Elapsed: 0.113	Loglikelihood: -169603	(delta): 0.187389
50 (QN/Block) 	Elapsed: 0.111	Loglikelihood: -169603	(delta): 0.467499
51 (QN/Block) 	Elapsed: 0.11	Loglikelihood: -169602	(delta): 0.627702
52 (QN/Block) 	Elapsed: 0.112	Loglikelihood: -169602	(delta): 0.330838
53 (QN/Block) 	Elapsed: 0.11	Loglikelihood: -169602	(delta): 0.118743
54 (QN/Block) 	Elapsed: 0.118	Loglikelihood: -169602	(delta): 0.0640662
55 (QN/Block) 	Elapsed: 0.115	Loglikelihood: -169602	(delta): 0.15456
56 (QN/Block) 	Elapsed: 0.118	Loglikelihood: -169601	(delta): 0.211773
57 (QN/Block) 	Elapsed: 0.125	Loglikelihood: -169601	(delta): 0.0845369
58 (QN/Block) 	Elapsed: 0.117	Loglikelihood: -169601	(delta): 0.059166
59 (QN/Block) 	Elapsed: 0.113	Loglikelihood: -169601	(delta): 0.0447552
60 (QN/Block) 	Elapsed: 0.118	Loglikelihood: -169601	(delta): 0.11853
61 (QN/Block) 	Elapsed: 0.117	Loglikelihood: -169601	(delta): 0.0534121
62 (QN/Block) 	Elapsed: 0.116	Loglikelihood: -169601	(delta): 0.0171604
63 (QN/Block) 	Elapsed: 0.12	Loglikelihood: -169601	(delta): 0.0130112
64 (QN/Block) 	Elapsed: 0.119	Loglikelihood: -169601	(delta): 0.023074
65 (QN/Block) 	Elapsed: 0.117	Loglikelihood: -169601	(delta): 0.0480619
66 (QN/Block) 	Elapsed: 0.12	Loglikelihood: -169601	(delta): 0.031397
67 (QN/Block) 	Elapsed: 0.113	Loglikelihood: -169601	(delta): 0.0113282
68 (QN/Block) 	Elapsed: 0.113	Loglikelihood: -169601	(delta): 0.0170955
69 (QN/Block) 	Elapsed: 0.117	Loglikelihood: -169601	(delta): 0.00245339
70 (QN/Block) 	Elapsed: 0.112	Loglikelihood: -169601	(delta): 0.00258398
71 (QN/Block) 	Elapsed: 0.111	Loglikelihood: -169601	(delta): 0.00172943
72 (QN/Block) 	Elapsed: 0.113	Loglikelihood: -169601	(delta): 0.000829445
73 (QN/Block) 	Elapsed: 0.113	Loglikelihood: -169601	(delta): 0.00026206
74 (QN/Block) 	Elapsed: 0.12	Loglikelihood: -169601	(delta): 0.000173887
75 (QN/Block) 	Elapsed: 0.114	Loglikelihood: -169601	(delta): 0.000118066
76 (QN/Block) 	Elapsed: 0.115	Loglikelihood: -169601	(delta): 3.82687e-05
77 (QN/Block) 	Elapsed: 0.109	Loglikelihood: -169601	(delta): 5.80786e-05
78 (QN/Block) 	Elapsed: 0.11	Loglikelihood: -169601	(delta): 1.9881e-05
79 (QN/Block) 	Elapsed: 0.111	Loglikelihood: -169601	(delta): 2.78398e-05
80 (QN/Block) 	Elapsed: 0.107	Loglikelihood: -169601	(delta): 7.87151e-06
81 (QN/Block) 	Elapsed: 0.108	Loglikelihood: -169601	(delta): 4.63013e-07
82 (QN/Block) 	Elapsed: 0.117	Loglikelihood: -169601	(delta): 1.19559e-07
83 (QN/Block) 	Elapsed: 0.108	Loglikelihood: -169601	(delta): 2.06928e-08
84 (QN/Block) 	Elapsed: 0.112	Loglikelihood: -169601	(delta): 9.83709e-09
85 (QN/Block) 	Elapsed: 0.107	Loglikelihood: -169601	(delta): 5.15138e-09
86 (QN/Block) 	Elapsed: 0.114	Loglikelihood: -169601	(delta): 1.33878e-09
87 (QN/Block) 	Elapsed: 0.109	Loglikelihood: -169601	(delta): 3.7835e-10
88 (QN/Block) 	Elapsed: 0.112	Loglikelihood: -169601	(delta): 1.16415e-10
89 (QN/Block) 	Elapsed: 0.109	Loglikelihood: -169601	(delta): 5.82077e-11
90 (QN/Block) 	Elapsed: 0.11	Loglikelihood: -169601	(delta): 0
91 (QN/Block) 	Elapsed: 0.121	Loglikelihood: -169601	(delta): 5.82077e-11
92 (QN/Block) 	Elapsed: 0.114	Loglikelihood: -169601	(delta): 0
93 (QN/Block) 	Elapsed: 0.114	Loglikelihood: -169601	(delta): 0
94 (QN/Block) 	Elapsed: 0.115	Loglikelihood: -169601	(delta): 0
95 (QN/Block) 	Elapsed: 0.116	Loglikelihood: -169601	(delta): 0
96 (QN/Block) 	Elapsed: 0.114	Loglikelihood: -169601	(delta): -2.91038e-11
97 (QN/Block) 	Elapsed: 0.114	Loglikelihood: -169601	(delta): 0
98 (QN/Block) 	Elapsed: 0.114	Loglikelihood: -169601	(delta): 2.91038e-11
99 (QN/Block) 	Elapsed: 0.113	Loglikelihood: -169601	(delta): 0
100 (QN/Block) 	Elapsed: 0.122	Loglikelihood: -169601	(delta): -2.91038e-11
Summary: 
Converged in 100 iterations (12.16 sec)
Loglikelihood: -169600.808518
Fst divergences between estimated populations: 
	Pop0	Pop1	Pop2	Pop3	Pop4	Pop5	Pop6	Pop7	Pop8	
Pop0	
Pop1	0.411	
Pop2	0.360	0.135	
Pop3	0.362	0.126	0.054	
Pop4	0.376	0.138	0.070	0.064	
Pop5	0.391	0.135	0.094	0.088	0.083	
Pop6	0.128	0.434	0.383	0.389	0.401	0.416	
Pop7	0.394	0.138	0.110	0.101	0.097	0.078	0.419	
Pop8	0.379	0.189	0.106	0.115	0.126	0.147	0.403	0.156	
Pop9	0.396	0.161	0.100	0.109	0.097	0.073	0.420	0.101	0.161	
CV error (K=10): 0.22939
Writing output files.
