****                   ADMIXTURE Version 1.3.0                  ****
****                    Copyright 2008-2015                     ****
****           David Alexander, Suyash Shringarpure,            ****
****                John  Novembre, Ken Lange                   ****
****                                                            ****
****                 Please cite our paper!                     ****
****   Information at www.genetics.ucla.edu/software/admixture  ****

Parallel execution requested.  Will use 8 threads.
Cross-validation will be performed.  Folds=10.
Random seed: 43
Point estimation method: Block relaxation algorithm
Convergence acceleration algorithm: QuasiNewton, 3 secant conditions
Point estimation will terminate at 100 iterations
Estimation of standard errors disabled; will compute point estimates only.
Size of G: 335x1606
Performing five EM steps to prime main algorithm
1 (EM) 	Elapsed: 0.008	Loglikelihood: -204501	(delta): 794251
2 (EM) 	Elapsed: 0.008	Loglikelihood: -204501	(delta): 2.91038e-11
3 (EM) 	Elapsed: 0.007	Loglikelihood: -204501	(delta): -2.91038e-11
4 (EM) 	Elapsed: 0.007	Loglikelihood: -204501	(delta): 2.91038e-11
5 (EM) 	Elapsed: 0.007	Loglikelihood: -204501	(delta): 0
Initial loglikelihood: -204501
Starting main algorithm
1 (QN/Block) 	Elapsed: 0.028	Loglikelihood: -204501	(delta): 0
2 (QN/Block) 	Elapsed: 0.027	Loglikelihood: -204501	(delta): 2.91038e-11
3 (QN/Block) 	Elapsed: 0.035	Loglikelihood: -204501	(delta): -2.91038e-11
4 (QN/Block) 	Elapsed: 0.032	Loglikelihood: -204501	(delta): 2.91038e-11
5 (QN/Block) 	Elapsed: 0.028	Loglikelihood: -204501	(delta): -5.82077e-11
6 (QN/Block) 	Elapsed: 0.028	Loglikelihood: -204501	(delta): 2.91038e-11
7 (QN/Block) 	Elapsed: 0.034	Loglikelihood: -204501	(delta): 0
8 (QN/Block) 	Elapsed: 0.03	Loglikelihood: -204501	(delta): 0
PROBLEM INVERTING MATRIX!
9 (QN/Block) 	Elapsed: 0.029	Loglikelihood: -204501	(delta): 0
PROBLEM INVERTING MATRIX!
10 (QN/Block) 	Elapsed: 0.028	Loglikelihood: -204501	(delta): 0
11 (QN/Block) 	Elapsed: 0.027	Loglikelihood: -204501	(delta): 2.91038e-11
12 (QN/Block) 	Elapsed: 0.027	Loglikelihood: -204501	(delta): -2.91038e-11
13 (QN/Block) 	Elapsed: 0.028	Loglikelihood: -204501	(delta): 0
14 (QN/Block) 	Elapsed: 0.026	Loglikelihood: -204501	(delta): 0
15 (QN/Block) 	Elapsed: 0.03	Loglikelihood: -204501	(delta): 0
16 (QN/Block) 	Elapsed: 0.027	Loglikelihood: -204501	(delta): 2.91038e-11
17 (QN/Block) 	Elapsed: 0.031	Loglikelihood: -204501	(delta): -2.91038e-11
18 (QN/Block) 	Elapsed: 0.031	Loglikelihood: -204501	(delta): 0
19 (QN/Block) 	Elapsed: 0.032	Loglikelihood: -204501	(delta): 0
20 (QN/Block) 	Elapsed: 0.029	Loglikelihood: -204501	(delta): 0
21 (QN/Block) 	Elapsed: 0.031	Loglikelihood: -204501	(delta): -2.91038e-11
22 (QN/Block) 	Elapsed: 0.027	Loglikelihood: -204501	(delta): 5.82077e-11
PROBLEM INVERTING MATRIX!
23 (QN/Block) 	Elapsed: 0.031	Loglikelihood: -204501	(delta): -2.91038e-11
24 (QN/Block) 	Elapsed: 0.028	Loglikelihood: -204501	(delta): 0
25 (QN/Block) 	Elapsed: 0.029	Loglikelihood: -204501	(delta): 2.91038e-11
26 (QN/Block) 	Elapsed: 0.028	Loglikelihood: -204501	(delta): -5.82077e-11
27 (QN/Block) 	Elapsed: 0.033	Loglikelihood: -204501	(delta): 2.91038e-11
28 (QN/Block) 	Elapsed: 0.028	Loglikelihood: -204501	(delta): 0
29 (QN/Block) 	Elapsed: 0.03	Loglikelihood: -204501	(delta): 2.91038e-11
30 (QN/Block) 	Elapsed: 0.031	Loglikelihood: -204501	(delta): -2.91038e-11
31 (QN/Block) 	Elapsed: 0.03	Loglikelihood: -204501	(delta): 0
32 (QN/Block) 	Elapsed: 0.032	Loglikelihood: -204501	(delta): 0
33 (QN/Block) 	Elapsed: 0.031	Loglikelihood: -204501	(delta): 0
34 (QN/Block) 	Elapsed: 0.03	Loglikelihood: -204501	(delta): 2.91038e-11
PROBLEM INVERTING MATRIX!
35 (QN/Block) 	Elapsed: 0.034	Loglikelihood: -204501	(delta): -2.91038e-11
PROBLEM INVERTING MATRIX!
36 (QN/Block) 	Elapsed: 0.028	Loglikelihood: -204501	(delta): 0
PROBLEM INVERTING MATRIX!
37 (QN/Block) 	Elapsed: 0.033	Loglikelihood: -204501	(delta): 2.91038e-11
38 (QN/Block) 	Elapsed: 0.028	Loglikelihood: -204501	(delta): -2.91038e-11
39 (QN/Block) 	Elapsed: 0.028	Loglikelihood: -204501	(delta): 2.91038e-11
40 (QN/Block) 	Elapsed: 0.032	Loglikelihood: -204501	(delta): 0
41 (QN/Block) 	Elapsed: 0.029	Loglikelihood: -204501	(delta): -2.91038e-11
42 (QN/Block) 	Elapsed: 0.033	Loglikelihood: -204501	(delta): 0
PROBLEM INVERTING MATRIX!
43 (QN/Block) 	Elapsed: 0.031	Loglikelihood: -204501	(delta): -2.91038e-11
44 (QN/Block) 	Elapsed: 0.029	Loglikelihood: -204501	(delta): 2.91038e-11
45 (QN/Block) 	Elapsed: 0.032	Loglikelihood: -204501	(delta): 2.91038e-11
46 (QN/Block) 	Elapsed: 0.033	Loglikelihood: -204501	(delta): -2.91038e-11
47 (QN/Block) 	Elapsed: 0.028	Loglikelihood: -204501	(delta): 2.91038e-11
48 (QN/Block) 	Elapsed: 0.032	Loglikelihood: -204501	(delta): -2.91038e-11
49 (QN/Block) 	Elapsed: 0.029	Loglikelihood: -204501	(delta): 2.91038e-11
50 (QN/Block) 	Elapsed: 0.033	Loglikelihood: -204501	(delta): -2.91038e-11
51 (QN/Block) 	Elapsed: 0.033	Loglikelihood: -204501	(delta): 2.91038e-11
52 (QN/Block) 	Elapsed: 0.049	Loglikelihood: -204501	(delta): -5.82077e-11
53 (QN/Block) 	Elapsed: 0.067	Loglikelihood: -204501	(delta): 5.82077e-11
PROBLEM INVERTING MATRIX!
54 (QN/Block) 	Elapsed: 0.041	Loglikelihood: -204501	(delta): -2.91038e-11
PROBLEM INVERTING MATRIX!
55 (QN/Block) 	Elapsed: 0.03	Loglikelihood: -204501	(delta): 0
PROBLEM INVERTING MATRIX!
56 (QN/Block) 	Elapsed: 0.034	Loglikelihood: -204501	(delta): 0
57 (QN/Block) 	Elapsed: 0.034	Loglikelihood: -204501	(delta): 2.91038e-11
58 (QN/Block) 	Elapsed: 0.035	Loglikelihood: -204501	(delta): -5.82077e-11
59 (QN/Block) 	Elapsed: 0.035	Loglikelihood: -204501	(delta): 2.91038e-11
60 (QN/Block) 	Elapsed: 0.036	Loglikelihood: -204501	(delta): 0
PROBLEM INVERTING MATRIX!
61 (QN/Block) 	Elapsed: 0.035	Loglikelihood: -204501	(delta): 0
62 (QN/Block) 	Elapsed: 0.032	Loglikelihood: -204501	(delta): 0
63 (QN/Block) 	Elapsed: 0.033	Loglikelihood: -204501	(delta): 0
64 (QN/Block) 	Elapsed: 0.036	Loglikelihood: -204501	(delta): 2.91038e-11
65 (QN/Block) 	Elapsed: 0.036	Loglikelihood: -204501	(delta): -2.91038e-11
66 (QN/Block) 	Elapsed: 0.034	Loglikelihood: -204501	(delta): -2.91038e-11
67 (QN/Block) 	Elapsed: 0.033	Loglikelihood: -204501	(delta): 5.82077e-11
68 (QN/Block) 	Elapsed: 0.038	Loglikelihood: -204501	(delta): 0
69 (QN/Block) 	Elapsed: 0.033	Loglikelihood: -204501	(delta): -2.91038e-11
70 (QN/Block) 	Elapsed: 0.032	Loglikelihood: -204501	(delta): 0
71 (QN/Block) 	Elapsed: 0.035	Loglikelihood: -204501	(delta): 0
72 (QN/Block) 	Elapsed: 0.032	Loglikelihood: -204501	(delta): 0
73 (QN/Block) 	Elapsed: 0.036	Loglikelihood: -204501	(delta): 0
PROBLEM INVERTING MATRIX!
74 (QN/Block) 	Elapsed: 0.033	Loglikelihood: -204501	(delta): 0
PROBLEM INVERTING MATRIX!
75 (QN/Block) 	Elapsed: 0.03	Loglikelihood: -204501	(delta): 2.91038e-11
PROBLEM INVERTING MATRIX!
76 (QN/Block) 	Elapsed: 0.036	Loglikelihood: -204501	(delta): -2.91038e-11
77 (QN/Block) 	Elapsed: 0.035	Loglikelihood: -204501	(delta): -2.91038e-11
78 (QN/Block) 	Elapsed: 0.036	Loglikelihood: -204501	(delta): 5.82077e-11
79 (QN/Block) 	Elapsed: 0.035	Loglikelihood: -204501	(delta): -2.91038e-11
80 (QN/Block) 	Elapsed: 0.038	Loglikelihood: -204501	(delta): 0
81 (QN/Block) 	Elapsed: 0.034	Loglikelihood: -204501	(delta): 0
82 (QN/Block) 	Elapsed: 0.032	Loglikelihood: -204501	(delta): 0
83 (QN/Block) 	Elapsed: 0.032	Loglikelihood: -204501	(delta): 0
PROBLEM INVERTING MATRIX!
84 (QN/Block) 	Elapsed: 0.029	Loglikelihood: -204501	(delta): 0
85 (QN/Block) 	Elapsed: 0.033	Loglikelihood: -204501	(delta): 2.91038e-11
86 (QN/Block) 	Elapsed: 0.032	Loglikelihood: -204501	(delta): -2.91038e-11
87 (QN/Block) 	Elapsed: 0.033	Loglikelihood: -204501	(delta): 2.91038e-11
88 (QN/Block) 	Elapsed: 0.038	Loglikelihood: -204501	(delta): -2.91038e-11
89 (QN/Block) 	Elapsed: 0.036	Loglikelihood: -204501	(delta): 0
90 (QN/Block) 	Elapsed: 0.032	Loglikelihood: -204501	(delta): 2.91038e-11
91 (QN/Block) 	Elapsed: 0.038	Loglikelihood: -204501	(delta): -2.91038e-11
PROBLEM INVERTING MATRIX!
92 (QN/Block) 	Elapsed: 0.034	Loglikelihood: -204501	(delta): -2.91038e-11
PROBLEM INVERTING MATRIX!
93 (QN/Block) 	Elapsed: 0.031	Loglikelihood: -204501	(delta): 5.82077e-11
94 (QN/Block) 	Elapsed: 0.035	Loglikelihood: -204501	(delta): -2.91038e-11
95 (QN/Block) 	Elapsed: 0.034	Loglikelihood: -204501	(delta): 2.91038e-11
96 (QN/Block) 	Elapsed: 0.032	Loglikelihood: -204501	(delta): 0
97 (QN/Block) 	Elapsed: 0.033	Loglikelihood: -204501	(delta): -2.91038e-11
98 (QN/Block) 	Elapsed: 0.032	Loglikelihood: -204501	(delta): 2.91038e-11
99 (QN/Block) 	Elapsed: 0.034	Loglikelihood: -204501	(delta): 0
100 (QN/Block) 	Elapsed: 0.033	Loglikelihood: -204501	(delta): -2.91038e-11
Summary: 
Converged in 100 iterations (3.449 sec)
Loglikelihood: -204501.399268
CV error (K=1): 0.26859
Writing output files.
