****                   ADMIXTURE Version 1.3.0                  ****
****                    Copyright 2008-2015                     ****
****           David Alexander, Suyash Shringarpure,            ****
****                John  Novembre, Ken Lange                   ****
****                                                            ****
****                 Please cite our paper!                     ****
****   Information at www.genetics.ucla.edu/software/admixture  ****

Parallel execution requested.  Will use 8 threads.
Cross-validation will be performed.  Folds=10.
Random seed: 43
Point estimation method: Block relaxation algorithm
Convergence acceleration algorithm: QuasiNewton, 3 secant conditions
Point estimation will terminate at 100 iterations
Estimation of standard errors disabled; will compute point estimates only.
Size of G: 92x945
Performing five EM steps to prime main algorithm
1 (EM) 	Elapsed: 0.007	Loglikelihood: -45725.6	(delta): 80064.4
2 (EM) 	Elapsed: 0.006	Loglikelihood: -43054	(delta): 2671.59
3 (EM) 	Elapsed: 0.006	Loglikelihood: -42447.1	(delta): 606.947
4 (EM) 	Elapsed: 0.007	Loglikelihood: -42084.4	(delta): 362.69
5 (EM) 	Elapsed: 0.007	Loglikelihood: -41816.8	(delta): 267.608
Initial loglikelihood: -41816.8
Starting main algorithm
1 (QN/Block) 	Elapsed: 0.013	Loglikelihood: -37955.8	(delta): 3861
2 (QN/Block) 	Elapsed: 0.017	Loglikelihood: -36872.7	(delta): 1083.1
3 (QN/Block) 	Elapsed: 0.017	Loglikelihood: -36485.5	(delta): 387.187
4 (QN/Block) 	Elapsed: 0.017	Loglikelihood: -36329.1	(delta): 156.363
5 (QN/Block) 	Elapsed: 0.019	Loglikelihood: -36268.7	(delta): 60.3775
6 (QN/Block) 	Elapsed: 0.019	Loglikelihood: -36249.6	(delta): 19.1412
7 (QN/Block) 	Elapsed: 0.016	Loglikelihood: -36235.7	(delta): 13.8943
8 (QN/Block) 	Elapsed: 0.014	Loglikelihood: -36225.8	(delta): 9.90806
9 (QN/Block) 	Elapsed: 0.015	Loglikelihood: -36216.6	(delta): 9.16854
10 (QN/Block) 	Elapsed: 0.014	Loglikelihood: -36211.6	(delta): 5.0063
11 (QN/Block) 	Elapsed: 0.014	Loglikelihood: -36207.9	(delta): 3.68027
12 (QN/Block) 	Elapsed: 0.016	Loglikelihood: -36206	(delta): 1.95248
13 (QN/Block) 	Elapsed: 0.015	Loglikelihood: -36201.9	(delta): 4.07921
14 (QN/Block) 	Elapsed: 0.016	Loglikelihood: -36200.4	(delta): 1.4603
15 (QN/Block) 	Elapsed: 0.019	Loglikelihood: -36199.4	(delta): 1.02166
16 (QN/Block) 	Elapsed: 0.016	Loglikelihood: -36198.9	(delta): 0.474674
17 (QN/Block) 	Elapsed: 0.016	Loglikelihood: -36198.1	(delta): 0.849342
18 (QN/Block) 	Elapsed: 0.018	Loglikelihood: -36197.3	(delta): 0.759452
19 (QN/Block) 	Elapsed: 0.016	Loglikelihood: -36195.9	(delta): 1.39278
20 (QN/Block) 	Elapsed: 0.015	Loglikelihood: -36195.5	(delta): 0.496449
21 (QN/Block) 	Elapsed: 0.017	Loglikelihood: -36194.9	(delta): 0.564866
22 (QN/Block) 	Elapsed: 0.015	Loglikelihood: -36193.3	(delta): 1.5619
23 (QN/Block) 	Elapsed: 0.019	Loglikelihood: -36191.8	(delta): 1.5536
24 (QN/Block) 	Elapsed: 0.014	Loglikelihood: -36191.5	(delta): 0.31722
25 (QN/Block) 	Elapsed: 0.016	Loglikelihood: -36190.8	(delta): 0.606026
26 (QN/Block) 	Elapsed: 0.019	Loglikelihood: -36190.4	(delta): 0.466512
27 (QN/Block) 	Elapsed: 0.017	Loglikelihood: -36189.4	(delta): 0.935614
28 (QN/Block) 	Elapsed: 0.015	Loglikelihood: -36189.3	(delta): 0.105382
29 (QN/Block) 	Elapsed: 0.018	Loglikelihood: -36189.3	(delta): 0.0696702
30 (QN/Block) 	Elapsed: 0.016	Loglikelihood: -36189.1	(delta): 0.17591
31 (QN/Block) 	Elapsed: 0.017	Loglikelihood: -36188.5	(delta): 0.580809
32 (QN/Block) 	Elapsed: 0.017	Loglikelihood: -36188.3	(delta): 0.223676
33 (QN/Block) 	Elapsed: 0.016	Loglikelihood: -36188.1	(delta): 0.185801
34 (QN/Block) 	Elapsed: 0.016	Loglikelihood: -36188.1	(delta): 0.0538695
35 (QN/Block) 	Elapsed: 0.017	Loglikelihood: -36188	(delta): 0.0193705
36 (QN/Block) 	Elapsed: 0.017	Loglikelihood: -36188	(delta): 0.0050359
37 (QN/Block) 	Elapsed: 0.016	Loglikelihood: -36188	(delta): 0.00494323
38 (QN/Block) 	Elapsed: 0.017	Loglikelihood: -36188	(delta): 0.00226374
39 (QN/Block) 	Elapsed: 0.018	Loglikelihood: -36188	(delta): 0.00100561
40 (QN/Block) 	Elapsed: 0.015	Loglikelihood: -36188	(delta): 0.000199157
41 (QN/Block) 	Elapsed: 0.016	Loglikelihood: -36188	(delta): 0.000190208
42 (QN/Block) 	Elapsed: 0.014	Loglikelihood: -36188	(delta): 0.000120548
43 (QN/Block) 	Elapsed: 0.016	Loglikelihood: -36188	(delta): 0.000140547
44 (QN/Block) 	Elapsed: 0.017	Loglikelihood: -36188	(delta): 1.46574e-05
45 (QN/Block) 	Elapsed: 0.013	Loglikelihood: -36188	(delta): 4.37764e-06
46 (QN/Block) 	Elapsed: 0.014	Loglikelihood: -36188	(delta): 2.44364e-06
47 (QN/Block) 	Elapsed: 0.014	Loglikelihood: -36188	(delta): 2.73696e-06
48 (QN/Block) 	Elapsed: 0.014	Loglikelihood: -36188	(delta): 1.27987e-06
49 (QN/Block) 	Elapsed: 0.013	Loglikelihood: -36188	(delta): 9.10722e-06
50 (QN/Block) 	Elapsed: 0.02	Loglikelihood: -36188	(delta): 2.13174e-05
51 (QN/Block) 	Elapsed: 0.021	Loglikelihood: -36188	(delta): 2.23977e-05
52 (QN/Block) 	Elapsed: 0.02	Loglikelihood: -36188	(delta): 1.435e-05
53 (QN/Block) 	Elapsed: 0.019	Loglikelihood: -36188	(delta): 5.60822e-06
54 (QN/Block) 	Elapsed: 0.018	Loglikelihood: -36188	(delta): 4.05289e-06
55 (QN/Block) 	Elapsed: 0.017	Loglikelihood: -36188	(delta): 4.47399e-08
56 (QN/Block) 	Elapsed: 0.014	Loglikelihood: -36188	(delta): 2.89074e-08
57 (QN/Block) 	Elapsed: 0.017	Loglikelihood: -36188	(delta): 1.06666e-08
58 (QN/Block) 	Elapsed: 0.017	Loglikelihood: -36188	(delta): 7.85803e-10
59 (QN/Block) 	Elapsed: 0.019	Loglikelihood: -36188	(delta): 1.45519e-11
60 (QN/Block) 	Elapsed: 0.02	Loglikelihood: -36188	(delta): 7.27596e-12
61 (QN/Block) 	Elapsed: 0.02	Loglikelihood: -36188	(delta): 7.27596e-12
62 (QN/Block) 	Elapsed: 0.019	Loglikelihood: -36188	(delta): -1.45519e-11
63 (QN/Block) 	Elapsed: 0.019	Loglikelihood: -36188	(delta): 7.27596e-12
64 (QN/Block) 	Elapsed: 0.017	Loglikelihood: -36188	(delta): -7.27596e-12
65 (QN/Block) 	Elapsed: 0.019	Loglikelihood: -36188	(delta): 7.27596e-12
66 (QN/Block) 	Elapsed: 0.017	Loglikelihood: -36188	(delta): 7.27596e-12
67 (QN/Block) 	Elapsed: 0.016	Loglikelihood: -36188	(delta): 0
68 (QN/Block) 	Elapsed: 0.019	Loglikelihood: -36188	(delta): -1.45519e-11
69 (QN/Block) 	Elapsed: 0.018	Loglikelihood: -36188	(delta): 1.45519e-11
70 (QN/Block) 	Elapsed: 0.017	Loglikelihood: -36188	(delta): -7.27596e-12
71 (QN/Block) 	Elapsed: 0.017	Loglikelihood: -36188	(delta): 0
72 (QN/Block) 	Elapsed: 0.018	Loglikelihood: -36188	(delta): 0
73 (QN/Block) 	Elapsed: 0.017	Loglikelihood: -36188	(delta): -7.27596e-12
74 (QN/Block) 	Elapsed: 0.018	Loglikelihood: -36188	(delta): 0
75 (QN/Block) 	Elapsed: 0.019	Loglikelihood: -36188	(delta): 7.27596e-12
76 (QN/Block) 	Elapsed: 0.017	Loglikelihood: -36188	(delta): -7.27596e-12
77 (QN/Block) 	Elapsed: 0.019	Loglikelihood: -36188	(delta): 7.27596e-12
78 (QN/Block) 	Elapsed: 0.018	Loglikelihood: -36188	(delta): 0
79 (QN/Block) 	Elapsed: 0.021	Loglikelihood: -36188	(delta): 0
80 (QN/Block) 	Elapsed: 0.016	Loglikelihood: -36188	(delta): -7.27596e-12
81 (QN/Block) 	Elapsed: 0.015	Loglikelihood: -36188	(delta): 7.27596e-12
82 (QN/Block) 	Elapsed: 0.018	Loglikelihood: -36188	(delta): 0
83 (QN/Block) 	Elapsed: 0.017	Loglikelihood: -36188	(delta): 0
84 (QN/Block) 	Elapsed: 0.018	Loglikelihood: -36188	(delta): -7.27596e-12
85 (QN/Block) 	Elapsed: 0.017	Loglikelihood: -36188	(delta): 0
86 (QN/Block) 	Elapsed: 0.019	Loglikelihood: -36188	(delta): 0
87 (QN/Block) 	Elapsed: 0.02	Loglikelihood: -36188	(delta): 0
88 (QN/Block) 	Elapsed: 0.018	Loglikelihood: -36188	(delta): 0
89 (QN/Block) 	Elapsed: 0.019	Loglikelihood: -36188	(delta): 7.27596e-12
90 (QN/Block) 	Elapsed: 0.018	Loglikelihood: -36188	(delta): 0
91 (QN/Block) 	Elapsed: 0.018	Loglikelihood: -36188	(delta): 0
92 (QN/Block) 	Elapsed: 0.017	Loglikelihood: -36188	(delta): -7.27596e-12
93 (QN/Block) 	Elapsed: 0.018	Loglikelihood: -36188	(delta): 7.27596e-12
94 (QN/Block) 	Elapsed: 0.019	Loglikelihood: -36188	(delta): -7.27596e-12
95 (QN/Block) 	Elapsed: 0.018	Loglikelihood: -36188	(delta): 0
96 (QN/Block) 	Elapsed: 0.019	Loglikelihood: -36188	(delta): 7.27596e-12
97 (QN/Block) 	Elapsed: 0.019	Loglikelihood: -36188	(delta): -7.27596e-12
98 (QN/Block) 	Elapsed: 0.017	Loglikelihood: -36188	(delta): 7.27596e-12
99 (QN/Block) 	Elapsed: 0.019	Loglikelihood: -36188	(delta): -7.27596e-12
100 (QN/Block) 	Elapsed: 0.018	Loglikelihood: -36188	(delta): 7.27596e-12
Summary: 
Converged in 100 iterations (1.844 sec)
Loglikelihood: -36188.016640
Fst divergences between estimated populations: 
	Pop0	Pop1	Pop2	Pop3	
Pop0	
Pop1	0.198	
Pop2	0.069	0.212	
Pop3	0.198	0.070	0.215	
Pop4	0.057	0.202	0.083	0.207	
CV error (K=5): 0.36953
Writing output files.
