****                   ADMIXTURE Version 1.3.0                  ****
****                    Copyright 2008-2015                     ****
****           David Alexander, Suyash Shringarpure,            ****
****                John  Novembre, Ken Lange                   ****
****                                                            ****
****                 Please cite our paper!                     ****
****   Information at www.genetics.ucla.edu/software/admixture  ****

Parallel execution requested.  Will use 8 threads.
Cross-validation will be performed.  Folds=10.
Random seed: 43
Point estimation method: Block relaxation algorithm
Convergence acceleration algorithm: QuasiNewton, 3 secant conditions
Point estimation will terminate at 100 iterations
Estimation of standard errors disabled; will compute point estimates only.
Size of G: 92x945
Performing five EM steps to prime main algorithm
1 (EM) 	Elapsed: 0.011	Loglikelihood: -45506.4	(delta): 75705
2 (EM) 	Elapsed: 0.011	Loglikelihood: -42848.7	(delta): 2657.77
3 (EM) 	Elapsed: 0.011	Loglikelihood: -42257.7	(delta): 591.002
4 (EM) 	Elapsed: 0.011	Loglikelihood: -41873.9	(delta): 383.737
5 (EM) 	Elapsed: 0.011	Loglikelihood: -41563	(delta): 310.917
Initial loglikelihood: -41563
Starting main algorithm
1 (QN/Block) 	Elapsed: 0.025	Loglikelihood: -36948.2	(delta): 4614.81
2 (QN/Block) 	Elapsed: 0.018	Loglikelihood: -35883.7	(delta): 1064.48
3 (QN/Block) 	Elapsed: 0.022	Loglikelihood: -35397.5	(delta): 486.242
4 (QN/Block) 	Elapsed: 0.022	Loglikelihood: -35056.7	(delta): 340.805
5 (QN/Block) 	Elapsed: 0.023	Loglikelihood: -34950.3	(delta): 106.378
6 (QN/Block) 	Elapsed: 0.026	Loglikelihood: -34922.9	(delta): 27.3466
7 (QN/Block) 	Elapsed: 0.023	Loglikelihood: -34903.1	(delta): 19.8477
8 (QN/Block) 	Elapsed: 0.02	Loglikelihood: -34880.2	(delta): 22.904
9 (QN/Block) 	Elapsed: 0.02	Loglikelihood: -34865.6	(delta): 14.5631
10 (QN/Block) 	Elapsed: 0.02	Loglikelihood: -34855.5	(delta): 10.1254
11 (QN/Block) 	Elapsed: 0.017	Loglikelihood: -34851.5	(delta): 3.99569
12 (QN/Block) 	Elapsed: 0.02	Loglikelihood: -34847.8	(delta): 3.6826
13 (QN/Block) 	Elapsed: 0.022	Loglikelihood: -34843.9	(delta): 3.93534
14 (QN/Block) 	Elapsed: 0.021	Loglikelihood: -34841.2	(delta): 2.71459
15 (QN/Block) 	Elapsed: 0.022	Loglikelihood: -34840.3	(delta): 0.868237
16 (QN/Block) 	Elapsed: 0.024	Loglikelihood: -34839.2	(delta): 1.1031
17 (QN/Block) 	Elapsed: 0.027	Loglikelihood: -34838.7	(delta): 0.494873
18 (QN/Block) 	Elapsed: 0.033	Loglikelihood: -34838.5	(delta): 0.223022
19 (QN/Block) 	Elapsed: 0.028	Loglikelihood: -34838.4	(delta): 0.0821648
20 (QN/Block) 	Elapsed: 0.024	Loglikelihood: -34838.2	(delta): 0.201919
21 (QN/Block) 	Elapsed: 0.018	Loglikelihood: -34837.7	(delta): 0.530357
22 (QN/Block) 	Elapsed: 0.024	Loglikelihood: -34837.4	(delta): 0.310823
23 (QN/Block) 	Elapsed: 0.025	Loglikelihood: -34836.7	(delta): 0.631014
24 (QN/Block) 	Elapsed: 0.025	Loglikelihood: -34836.4	(delta): 0.31934
25 (QN/Block) 	Elapsed: 0.024	Loglikelihood: -34836.2	(delta): 0.170802
26 (QN/Block) 	Elapsed: 0.025	Loglikelihood: -34836.1	(delta): 0.137696
27 (QN/Block) 	Elapsed: 0.021	Loglikelihood: -34836	(delta): 0.09162
28 (QN/Block) 	Elapsed: 0.024	Loglikelihood: -34835.9	(delta): 0.0887203
29 (QN/Block) 	Elapsed: 0.026	Loglikelihood: -34835.9	(delta): 0.0527957
30 (QN/Block) 	Elapsed: 0.027	Loglikelihood: -34835.8	(delta): 0.0867573
31 (QN/Block) 	Elapsed: 0.023	Loglikelihood: -34835.7	(delta): 0.0540618
32 (QN/Block) 	Elapsed: 0.026	Loglikelihood: -34835.7	(delta): 0.0146487
33 (QN/Block) 	Elapsed: 0.022	Loglikelihood: -34835.7	(delta): 0.00600711
34 (QN/Block) 	Elapsed: 0.019	Loglikelihood: -34835.7	(delta): 0.00725708
35 (QN/Block) 	Elapsed: 0.019	Loglikelihood: -34835.7	(delta): 0.00385776
36 (QN/Block) 	Elapsed: 0.017	Loglikelihood: -34835.7	(delta): 0.00395831
37 (QN/Block) 	Elapsed: 0.025	Loglikelihood: -34835.7	(delta): 0.00929583
38 (QN/Block) 	Elapsed: 0.028	Loglikelihood: -34835.7	(delta): 0.0209328
39 (QN/Block) 	Elapsed: 0.028	Loglikelihood: -34835.6	(delta): 0.0594233
40 (QN/Block) 	Elapsed: 0.028	Loglikelihood: -34835.5	(delta): 0.0696105
41 (QN/Block) 	Elapsed: 0.022	Loglikelihood: -34835.5	(delta): 0.0490757
42 (QN/Block) 	Elapsed: 0.018	Loglikelihood: -34835.4	(delta): 0.0861528
43 (QN/Block) 	Elapsed: 0.018	Loglikelihood: -34835.2	(delta): 0.175895
44 (QN/Block) 	Elapsed: 0.019	Loglikelihood: -34835	(delta): 0.245072
45 (QN/Block) 	Elapsed: 0.022	Loglikelihood: -34834.6	(delta): 0.332286
46 (QN/Block) 	Elapsed: 0.022	Loglikelihood: -34834.5	(delta): 0.159005
47 (QN/Block) 	Elapsed: 0.025	Loglikelihood: -34834.5	(delta): 0.0203823
48 (QN/Block) 	Elapsed: 0.026	Loglikelihood: -34834.4	(delta): 0.0173404
49 (QN/Block) 	Elapsed: 0.025	Loglikelihood: -34834.4	(delta): 0.00528461
50 (QN/Block) 	Elapsed: 0.022	Loglikelihood: -34834.4	(delta): 0.00176788
51 (QN/Block) 	Elapsed: 0.024	Loglikelihood: -34834.4	(delta): 0.00198619
52 (QN/Block) 	Elapsed: 0.019	Loglikelihood: -34834.4	(delta): 0.0011325
53 (QN/Block) 	Elapsed: 0.028	Loglikelihood: -34834.4	(delta): 0.000256313
54 (QN/Block) 	Elapsed: 0.025	Loglikelihood: -34834.4	(delta): 0.000100611
55 (QN/Block) 	Elapsed: 0.024	Loglikelihood: -34834.4	(delta): 6.35862e-05
56 (QN/Block) 	Elapsed: 0.024	Loglikelihood: -34834.4	(delta): 2.31981e-05
57 (QN/Block) 	Elapsed: 0.022	Loglikelihood: -34834.4	(delta): 4.47485e-06
58 (QN/Block) 	Elapsed: 0.019	Loglikelihood: -34834.4	(delta): 5.97267e-06
59 (QN/Block) 	Elapsed: 0.023	Loglikelihood: -34834.4	(delta): 1.48805e-06
60 (QN/Block) 	Elapsed: 0.026	Loglikelihood: -34834.4	(delta): 1.26165e-07
61 (QN/Block) 	Elapsed: 0.028	Loglikelihood: -34834.4	(delta): 1.4792e-08
62 (QN/Block) 	Elapsed: 0.025	Loglikelihood: -34834.4	(delta): 4.30009e-09
63 (QN/Block) 	Elapsed: 0.026	Loglikelihood: -34834.4	(delta): 1.17871e-09
64 (QN/Block) 	Elapsed: 0.024	Loglikelihood: -34834.4	(delta): 5.60249e-10
65 (QN/Block) 	Elapsed: 0.023	Loglikelihood: -34834.4	(delta): 1.16415e-10
66 (QN/Block) 	Elapsed: 0.02	Loglikelihood: -34834.4	(delta): 1.45519e-11
67 (QN/Block) 	Elapsed: 0.023	Loglikelihood: -34834.4	(delta): 1.45519e-11
68 (QN/Block) 	Elapsed: 0.025	Loglikelihood: -34834.4	(delta): 0
69 (QN/Block) 	Elapsed: 0.026	Loglikelihood: -34834.4	(delta): 0
70 (QN/Block) 	Elapsed: 0.023	Loglikelihood: -34834.4	(delta): 0
71 (QN/Block) 	Elapsed: 0.026	Loglikelihood: -34834.4	(delta): 0
72 (QN/Block) 	Elapsed: 0.027	Loglikelihood: -34834.4	(delta): 0
73 (QN/Block) 	Elapsed: 0.029	Loglikelihood: -34834.4	(delta): 0
74 (QN/Block) 	Elapsed: 0.028	Loglikelihood: -34834.4	(delta): 0
75 (QN/Block) 	Elapsed: 0.023	Loglikelihood: -34834.4	(delta): 0
76 (QN/Block) 	Elapsed: 0.025	Loglikelihood: -34834.4	(delta): 0
77 (QN/Block) 	Elapsed: 0.024	Loglikelihood: -34834.4	(delta): 0
78 (QN/Block) 	Elapsed: 0.026	Loglikelihood: -34834.4	(delta): 0
79 (QN/Block) 	Elapsed: 0.027	Loglikelihood: -34834.4	(delta): 0
80 (QN/Block) 	Elapsed: 0.026	Loglikelihood: -34834.4	(delta): -7.27596e-12
81 (QN/Block) 	Elapsed: 0.027	Loglikelihood: -34834.4	(delta): 7.27596e-12
82 (QN/Block) 	Elapsed: 0.028	Loglikelihood: -34834.4	(delta): 0
83 (QN/Block) 	Elapsed: 0.028	Loglikelihood: -34834.4	(delta): 0
84 (QN/Block) 	Elapsed: 0.027	Loglikelihood: -34834.4	(delta): 0
85 (QN/Block) 	Elapsed: 0.025	Loglikelihood: -34834.4	(delta): 0
86 (QN/Block) 	Elapsed: 0.023	Loglikelihood: -34834.4	(delta): 0
87 (QN/Block) 	Elapsed: 0.025	Loglikelihood: -34834.4	(delta): 0
88 (QN/Block) 	Elapsed: 0.024	Loglikelihood: -34834.4	(delta): -7.27596e-12
89 (QN/Block) 	Elapsed: 0.025	Loglikelihood: -34834.4	(delta): 0
90 (QN/Block) 	Elapsed: 0.025	Loglikelihood: -34834.4	(delta): 7.27596e-12
91 (QN/Block) 	Elapsed: 0.024	Loglikelihood: -34834.4	(delta): -7.27596e-12
92 (QN/Block) 	Elapsed: 0.024	Loglikelihood: -34834.4	(delta): 7.27596e-12
93 (QN/Block) 	Elapsed: 0.025	Loglikelihood: -34834.4	(delta): 0
94 (QN/Block) 	Elapsed: 0.023	Loglikelihood: -34834.4	(delta): 0
95 (QN/Block) 	Elapsed: 0.023	Loglikelihood: -34834.4	(delta): 0
96 (QN/Block) 	Elapsed: 0.026	Loglikelihood: -34834.4	(delta): 7.27596e-12
97 (QN/Block) 	Elapsed: 0.029	Loglikelihood: -34834.4	(delta): 0
98 (QN/Block) 	Elapsed: 0.02	Loglikelihood: -34834.4	(delta): -7.27596e-12
99 (QN/Block) 	Elapsed: 0.022	Loglikelihood: -34834.4	(delta): 0
100 (QN/Block) 	Elapsed: 0.026	Loglikelihood: -34834.4	(delta): 0
Summary: 
Converged in 100 iterations (2.552 sec)
Loglikelihood: -34834.438575
Fst divergences between estimated populations: 
	Pop0	Pop1	Pop2	Pop3	Pop4	Pop5	Pop6	
Pop0	
Pop1	0.099	
Pop2	0.085	0.092	
Pop3	0.098	0.101	0.088	
Pop4	0.224	0.238	0.225	0.228	
Pop5	0.101	0.118	0.104	0.113	0.233	
Pop6	0.220	0.231	0.220	0.227	0.085	0.223	
Pop7	0.219	0.237	0.230	0.236	0.089	0.224	0.102	
CV error (K=8): 0.41903
Writing output files.
