****                   ADMIXTURE Version 1.3.0                  ****
****                    Copyright 2008-2015                     ****
****           David Alexander, Suyash Shringarpure,            ****
****                John  Novembre, Ken Lange                   ****
****                                                            ****
****                 Please cite our paper!                     ****
****   Information at www.genetics.ucla.edu/software/admixture  ****

Parallel execution requested.  Will use 8 threads.
Cross-validation will be performed.  Folds=10.
Random seed: 43
Point estimation method: Block relaxation algorithm
Convergence acceleration algorithm: QuasiNewton, 3 secant conditions
Point estimation will terminate at 100 iterations
Estimation of standard errors disabled; will compute point estimates only.
Size of G: 92x945
Performing five EM steps to prime main algorithm
1 (EM) 	Elapsed: 0.008	Loglikelihood: -45620.1	(delta): 77989
2 (EM) 	Elapsed: 0.007	Loglikelihood: -43020.5	(delta): 2599.66
3 (EM) 	Elapsed: 0.007	Loglikelihood: -42441.6	(delta): 578.851
4 (EM) 	Elapsed: 0.007	Loglikelihood: -42087.8	(delta): 353.771
5 (EM) 	Elapsed: 0.008	Loglikelihood: -41831.2	(delta): 256.644
Initial loglikelihood: -41831.2
Starting main algorithm
1 (QN/Block) 	Elapsed: 0.014	Loglikelihood: -37743.3	(delta): 4087.93
2 (QN/Block) 	Elapsed: 0.015	Loglikelihood: -36551.7	(delta): 1191.52
3 (QN/Block) 	Elapsed: 0.019	Loglikelihood: -36162.2	(delta): 389.519
4 (QN/Block) 	Elapsed: 0.015	Loglikelihood: -35984.6	(delta): 177.601
5 (QN/Block) 	Elapsed: 0.015	Loglikelihood: -35892.1	(delta): 92.5418
6 (QN/Block) 	Elapsed: 0.019	Loglikelihood: -35826.5	(delta): 65.552
7 (QN/Block) 	Elapsed: 0.018	Loglikelihood: -35798.6	(delta): 27.9411
8 (QN/Block) 	Elapsed: 0.017	Loglikelihood: -35779.5	(delta): 19.0632
9 (QN/Block) 	Elapsed: 0.017	Loglikelihood: -35769.9	(delta): 9.57403
10 (QN/Block) 	Elapsed: 0.02	Loglikelihood: -35763.2	(delta): 6.70032
11 (QN/Block) 	Elapsed: 0.018	Loglikelihood: -35725.8	(delta): 37.4741
12 (QN/Block) 	Elapsed: 0.017	Loglikelihood: -35677.3	(delta): 48.4711
13 (QN/Block) 	Elapsed: 0.019	Loglikelihood: -35666	(delta): 11.3264
14 (QN/Block) 	Elapsed: 0.017	Loglikelihood: -35662.1	(delta): 3.90861
15 (QN/Block) 	Elapsed: 0.018	Loglikelihood: -35658.9	(delta): 3.12186
16 (QN/Block) 	Elapsed: 0.017	Loglikelihood: -35655.9	(delta): 3.05309
17 (QN/Block) 	Elapsed: 0.016	Loglikelihood: -35653.1	(delta): 2.82847
18 (QN/Block) 	Elapsed: 0.017	Loglikelihood: -35651.2	(delta): 1.87227
19 (QN/Block) 	Elapsed: 0.018	Loglikelihood: -35649.6	(delta): 1.56273
20 (QN/Block) 	Elapsed: 0.017	Loglikelihood: -35648.9	(delta): 0.754702
21 (QN/Block) 	Elapsed: 0.017	Loglikelihood: -35648.6	(delta): 0.29958
22 (QN/Block) 	Elapsed: 0.017	Loglikelihood: -35648	(delta): 0.598866
23 (QN/Block) 	Elapsed: 0.016	Loglikelihood: -35646.7	(delta): 1.24934
24 (QN/Block) 	Elapsed: 0.014	Loglikelihood: -35646	(delta): 0.772301
25 (QN/Block) 	Elapsed: 0.013	Loglikelihood: -35645.7	(delta): 0.225671
26 (QN/Block) 	Elapsed: 0.014	Loglikelihood: -35645.7	(delta): 0.0689908
27 (QN/Block) 	Elapsed: 0.014	Loglikelihood: -35645.6	(delta): 0.0660974
28 (QN/Block) 	Elapsed: 0.015	Loglikelihood: -35645.6	(delta): 0.0128301
29 (QN/Block) 	Elapsed: 0.017	Loglikelihood: -35645.6	(delta): 0.00276894
30 (QN/Block) 	Elapsed: 0.018	Loglikelihood: -35645.6	(delta): 0.00406651
31 (QN/Block) 	Elapsed: 0.018	Loglikelihood: -35645.6	(delta): 0.00482397
32 (QN/Block) 	Elapsed: 0.018	Loglikelihood: -35645.6	(delta): 0.00155781
33 (QN/Block) 	Elapsed: 0.02	Loglikelihood: -35645.6	(delta): 0.000939537
34 (QN/Block) 	Elapsed: 0.019	Loglikelihood: -35645.6	(delta): 0.00136996
35 (QN/Block) 	Elapsed: 0.015	Loglikelihood: -35645.6	(delta): 0.000542509
36 (QN/Block) 	Elapsed: 0.017	Loglikelihood: -35645.6	(delta): 5.52692e-05
37 (QN/Block) 	Elapsed: 0.019	Loglikelihood: -35645.6	(delta): 2.12421e-05
38 (QN/Block) 	Elapsed: 0.019	Loglikelihood: -35645.6	(delta): 8.78765e-06
39 (QN/Block) 	Elapsed: 0.021	Loglikelihood: -35645.6	(delta): 2.45401e-06
40 (QN/Block) 	Elapsed: 0.02	Loglikelihood: -35645.6	(delta): 2.24391e-07
41 (QN/Block) 	Elapsed: 0.019	Loglikelihood: -35645.6	(delta): 4.16185e-08
42 (QN/Block) 	Elapsed: 0.017	Loglikelihood: -35645.6	(delta): 1.48721e-08
43 (QN/Block) 	Elapsed: 0.017	Loglikelihood: -35645.6	(delta): 7.58155e-09
44 (QN/Block) 	Elapsed: 0.014	Loglikelihood: -35645.6	(delta): 1.29512e-09
45 (QN/Block) 	Elapsed: 0.02	Loglikelihood: -35645.6	(delta): 1.30967e-10
46 (QN/Block) 	Elapsed: 0.019	Loglikelihood: -35645.6	(delta): 2.91038e-11
47 (QN/Block) 	Elapsed: 0.015	Loglikelihood: -35645.6	(delta): 1.45519e-11
48 (QN/Block) 	Elapsed: 0.018	Loglikelihood: -35645.6	(delta): 1.45519e-11
49 (QN/Block) 	Elapsed: 0.019	Loglikelihood: -35645.6	(delta): -7.27596e-12
50 (QN/Block) 	Elapsed: 0.017	Loglikelihood: -35645.6	(delta): 0
51 (QN/Block) 	Elapsed: 0.017	Loglikelihood: -35645.6	(delta): 7.27596e-12
52 (QN/Block) 	Elapsed: 0.019	Loglikelihood: -35645.6	(delta): 0
53 (QN/Block) 	Elapsed: 0.016	Loglikelihood: -35645.6	(delta): -7.27596e-12
54 (QN/Block) 	Elapsed: 0.017	Loglikelihood: -35645.6	(delta): 7.27596e-12
55 (QN/Block) 	Elapsed: 0.017	Loglikelihood: -35645.6	(delta): 0
56 (QN/Block) 	Elapsed: 0.019	Loglikelihood: -35645.6	(delta): 0
57 (QN/Block) 	Elapsed: 0.016	Loglikelihood: -35645.6	(delta): 0
58 (QN/Block) 	Elapsed: 0.017	Loglikelihood: -35645.6	(delta): -7.27596e-12
59 (QN/Block) 	Elapsed: 0.018	Loglikelihood: -35645.6	(delta): 7.27596e-12
60 (QN/Block) 	Elapsed: 0.018	Loglikelihood: -35645.6	(delta): 0
61 (QN/Block) 	Elapsed: 0.018	Loglikelihood: -35645.6	(delta): -7.27596e-12
62 (QN/Block) 	Elapsed: 0.016	Loglikelihood: -35645.6	(delta): 0
63 (QN/Block) 	Elapsed: 0.018	Loglikelihood: -35645.6	(delta): 7.27596e-12
64 (QN/Block) 	Elapsed: 0.02	Loglikelihood: -35645.6	(delta): -7.27596e-12
65 (QN/Block) 	Elapsed: 0.015	Loglikelihood: -35645.6	(delta): 7.27596e-12
66 (QN/Block) 	Elapsed: 0.019	Loglikelihood: -35645.6	(delta): -7.27596e-12
67 (QN/Block) 	Elapsed: 0.02	Loglikelihood: -35645.6	(delta): 0
68 (QN/Block) 	Elapsed: 0.018	Loglikelihood: -35645.6	(delta): 7.27596e-12
69 (QN/Block) 	Elapsed: 0.016	Loglikelihood: -35645.6	(delta): 0
70 (QN/Block) 	Elapsed: 0.019	Loglikelihood: -35645.6	(delta): -7.27596e-12
71 (QN/Block) 	Elapsed: 0.021	Loglikelihood: -35645.6	(delta): 7.27596e-12
72 (QN/Block) 	Elapsed: 0.02	Loglikelihood: -35645.6	(delta): 0
73 (QN/Block) 	Elapsed: 0.019	Loglikelihood: -35645.6	(delta): 0
74 (QN/Block) 	Elapsed: 0.021	Loglikelihood: -35645.6	(delta): -7.27596e-12
75 (QN/Block) 	Elapsed: 0.019	Loglikelihood: -35645.6	(delta): 7.27596e-12
76 (QN/Block) 	Elapsed: 0.021	Loglikelihood: -35645.6	(delta): 0
77 (QN/Block) 	Elapsed: 0.021	Loglikelihood: -35645.6	(delta): -7.27596e-12
78 (QN/Block) 	Elapsed: 0.021	Loglikelihood: -35645.6	(delta): 7.27596e-12
79 (QN/Block) 	Elapsed: 0.021	Loglikelihood: -35645.6	(delta): -7.27596e-12
80 (QN/Block) 	Elapsed: 0.022	Loglikelihood: -35645.6	(delta): 7.27596e-12
81 (QN/Block) 	Elapsed: 0.022	Loglikelihood: -35645.6	(delta): -7.27596e-12
82 (QN/Block) 	Elapsed: 0.021	Loglikelihood: -35645.6	(delta): 7.27596e-12
83 (QN/Block) 	Elapsed: 0.021	Loglikelihood: -35645.6	(delta): -7.27596e-12
84 (QN/Block) 	Elapsed: 0.019	Loglikelihood: -35645.6	(delta): 7.27596e-12
85 (QN/Block) 	Elapsed: 0.021	Loglikelihood: -35645.6	(delta): -7.27596e-12
86 (QN/Block) 	Elapsed: 0.018	Loglikelihood: -35645.6	(delta): 7.27596e-12
87 (QN/Block) 	Elapsed: 0.014	Loglikelihood: -35645.6	(delta): 0
88 (QN/Block) 	Elapsed: 0.018	Loglikelihood: -35645.6	(delta): 0
89 (QN/Block) 	Elapsed: 0.021	Loglikelihood: -35645.6	(delta): 0
90 (QN/Block) 	Elapsed: 0.024	Loglikelihood: -35645.6	(delta): 0
91 (QN/Block) 	Elapsed: 0.021	Loglikelihood: -35645.6	(delta): 0
92 (QN/Block) 	Elapsed: 0.026	Loglikelihood: -35645.6	(delta): -7.27596e-12
93 (QN/Block) 	Elapsed: 0.02	Loglikelihood: -35645.6	(delta): 0
94 (QN/Block) 	Elapsed: 0.02	Loglikelihood: -35645.6	(delta): 7.27596e-12
95 (QN/Block) 	Elapsed: 0.022	Loglikelihood: -35645.6	(delta): 0
96 (QN/Block) 	Elapsed: 0.019	Loglikelihood: -35645.6	(delta): 0
97 (QN/Block) 	Elapsed: 0.021	Loglikelihood: -35645.6	(delta): -7.27596e-12
98 (QN/Block) 	Elapsed: 0.02	Loglikelihood: -35645.6	(delta): 0
99 (QN/Block) 	Elapsed: 0.019	Loglikelihood: -35645.6	(delta): 7.27596e-12
100 (QN/Block) 	Elapsed: 0.02	Loglikelihood: -35645.6	(delta): -7.27596e-12
Summary: 
Converged in 100 iterations (1.965 sec)
Loglikelihood: -35645.564565
Fst divergences between estimated populations: 
	Pop0	Pop1	Pop2	Pop3	Pop4	
Pop0	
Pop1	0.130	
Pop2	0.088	0.127	
Pop3	0.100	0.130	0.100	
Pop4	0.210	0.225	0.215	0.207	
Pop5	0.079	0.117	0.086	0.085	0.206	
CV error (K=6): 0.38680
Writing output files.
