****                   ADMIXTURE Version 1.3.0                  ****
****                    Copyright 2008-2015                     ****
****           David Alexander, Suyash Shringarpure,            ****
****                John  Novembre, Ken Lange                   ****
****                                                            ****
****                 Please cite our paper!                     ****
****   Information at www.genetics.ucla.edu/software/admixture  ****

Parallel execution requested.  Will use 8 threads.
Cross-validation will be performed.  Folds=10.
Random seed: 43
Point estimation method: Block relaxation algorithm
Convergence acceleration algorithm: QuasiNewton, 3 secant conditions
Point estimation will terminate at 100 iterations
Estimation of standard errors disabled; will compute point estimates only.
Size of G: 92x945
Performing five EM steps to prime main algorithm
1 (EM) 	Elapsed: 0.015	Loglikelihood: -45619.3	(delta): 73976.9
2 (EM) 	Elapsed: 0.015	Loglikelihood: -42706.6	(delta): 2912.71
3 (EM) 	Elapsed: 0.015	Loglikelihood: -42098.2	(delta): 608.36
4 (EM) 	Elapsed: 0.016	Loglikelihood: -41704.8	(delta): 393.349
5 (EM) 	Elapsed: 0.015	Loglikelihood: -41379.3	(delta): 325.577
Initial loglikelihood: -41379.3
Starting main algorithm
1 (QN/Block) 	Elapsed: 0.02	Loglikelihood: -36364.6	(delta): 5014.69
2 (QN/Block) 	Elapsed: 0.02	Loglikelihood: -35251	(delta): 1113.55
3 (QN/Block) 	Elapsed: 0.022	Loglikelihood: -34817.7	(delta): 433.286
4 (QN/Block) 	Elapsed: 0.022	Loglikelihood: -34601	(delta): 216.698
5 (QN/Block) 	Elapsed: 0.02	Loglikelihood: -34453.8	(delta): 147.265
6 (QN/Block) 	Elapsed: 0.03	Loglikelihood: -34355.4	(delta): 98.3895
7 (QN/Block) 	Elapsed: 0.03	Loglikelihood: -34287.9	(delta): 67.515
8 (QN/Block) 	Elapsed: 0.029	Loglikelihood: -34243	(delta): 44.8528
9 (QN/Block) 	Elapsed: 0.025	Loglikelihood: -34204.7	(delta): 38.2862
10 (QN/Block) 	Elapsed: 0.033	Loglikelihood: -34165.6	(delta): 39.139
11 (QN/Block) 	Elapsed: 0.03	Loglikelihood: -34141.4	(delta): 24.2046
12 (QN/Block) 	Elapsed: 0.026	Loglikelihood: -34124.6	(delta): 16.7691
13 (QN/Block) 	Elapsed: 0.034	Loglikelihood: -34116.2	(delta): 8.39655
14 (QN/Block) 	Elapsed: 0.034	Loglikelihood: -34109.9	(delta): 6.29567
15 (QN/Block) 	Elapsed: 0.035	Loglikelihood: -34104.3	(delta): 5.5831
16 (QN/Block) 	Elapsed: 0.036	Loglikelihood: -34099.3	(delta): 5.01913
17 (QN/Block) 	Elapsed: 0.031	Loglikelihood: -34092.1	(delta): 7.24101
18 (QN/Block) 	Elapsed: 0.034	Loglikelihood: -34087.2	(delta): 4.90229
19 (QN/Block) 	Elapsed: 0.036	Loglikelihood: -34080.3	(delta): 6.8886
20 (QN/Block) 	Elapsed: 0.039	Loglikelihood: -34070.9	(delta): 9.38275
21 (QN/Block) 	Elapsed: 0.034	Loglikelihood: -34058	(delta): 12.9242
22 (QN/Block) 	Elapsed: 0.033	Loglikelihood: -34051.4	(delta): 6.6104
23 (QN/Block) 	Elapsed: 0.031	Loglikelihood: -34048.3	(delta): 3.04061
24 (QN/Block) 	Elapsed: 0.027	Loglikelihood: -34047.2	(delta): 1.16553
25 (QN/Block) 	Elapsed: 0.025	Loglikelihood: -34046.9	(delta): 0.267236
26 (QN/Block) 	Elapsed: 0.025	Loglikelihood: -34046.6	(delta): 0.274843
27 (QN/Block) 	Elapsed: 0.035	Loglikelihood: -34046.3	(delta): 0.342465
28 (QN/Block) 	Elapsed: 0.034	Loglikelihood: -34045.6	(delta): 0.658877
29 (QN/Block) 	Elapsed: 0.035	Loglikelihood: -34045.2	(delta): 0.466296
30 (QN/Block) 	Elapsed: 0.034	Loglikelihood: -34044.8	(delta): 0.403699
31 (QN/Block) 	Elapsed: 0.033	Loglikelihood: -34044.1	(delta): 0.613171
32 (QN/Block) 	Elapsed: 0.025	Loglikelihood: -34044	(delta): 0.168616
33 (QN/Block) 	Elapsed: 0.027	Loglikelihood: -34043.7	(delta): 0.261318
34 (QN/Block) 	Elapsed: 0.023	Loglikelihood: -34043.6	(delta): 0.100078
35 (QN/Block) 	Elapsed: 0.027	Loglikelihood: -34043.5	(delta): 0.081482
36 (QN/Block) 	Elapsed: 0.024	Loglikelihood: -34043.2	(delta): 0.374223
37 (QN/Block) 	Elapsed: 0.03	Loglikelihood: -34043.1	(delta): 0.0393625
38 (QN/Block) 	Elapsed: 0.026	Loglikelihood: -34043.1	(delta): 0.0264709
39 (QN/Block) 	Elapsed: 0.029	Loglikelihood: -34043.1	(delta): 0.0129119
40 (QN/Block) 	Elapsed: 0.024	Loglikelihood: -34043.1	(delta): 0.0151612
41 (QN/Block) 	Elapsed: 0.026	Loglikelihood: -34043	(delta): 0.0183821
42 (QN/Block) 	Elapsed: 0.031	Loglikelihood: -34043	(delta): 0.0221995
43 (QN/Block) 	Elapsed: 0.031	Loglikelihood: -34043	(delta): 0.0268315
44 (QN/Block) 	Elapsed: 0.025	Loglikelihood: -34043	(delta): 0.0326863
45 (QN/Block) 	Elapsed: 0.026	Loglikelihood: -34042.9	(delta): 0.0298753
46 (QN/Block) 	Elapsed: 0.029	Loglikelihood: -34042.9	(delta): 0.0237054
47 (QN/Block) 	Elapsed: 0.027	Loglikelihood: -34042.9	(delta): 0.00270008
48 (QN/Block) 	Elapsed: 0.034	Loglikelihood: -34042.9	(delta): 2.97719e-05
49 (QN/Block) 	Elapsed: 0.035	Loglikelihood: -34042.9	(delta): 6.12248e-05
50 (QN/Block) 	Elapsed: 0.036	Loglikelihood: -34042.9	(delta): 2.56109e-05
51 (QN/Block) 	Elapsed: 0.035	Loglikelihood: -34042.9	(delta): 2.81769e-06
52 (QN/Block) 	Elapsed: 0.034	Loglikelihood: -34042.9	(delta): 3.58951e-06
53 (QN/Block) 	Elapsed: 0.028	Loglikelihood: -34042.9	(delta): 1.92187e-06
54 (QN/Block) 	Elapsed: 0.03	Loglikelihood: -34042.9	(delta): 5.97618e-07
55 (QN/Block) 	Elapsed: 0.031	Loglikelihood: -34042.9	(delta): 1.09719e-06
56 (QN/Block) 	Elapsed: 0.04	Loglikelihood: -34042.9	(delta): 2.40347e-07
57 (QN/Block) 	Elapsed: 0.032	Loglikelihood: -34042.9	(delta): 8.26039e-08
58 (QN/Block) 	Elapsed: 0.033	Loglikelihood: -34042.9	(delta): 2.93512e-08
59 (QN/Block) 	Elapsed: 0.033	Loglikelihood: -34042.9	(delta): 1.65019e-08
60 (QN/Block) 	Elapsed: 0.033	Loglikelihood: -34042.9	(delta): 1.2602e-08
61 (QN/Block) 	Elapsed: 0.028	Loglikelihood: -34042.9	(delta): 5.52973e-09
62 (QN/Block) 	Elapsed: 0.024	Loglikelihood: -34042.9	(delta): 2.05182e-09
63 (QN/Block) 	Elapsed: 0.027	Loglikelihood: -34042.9	(delta): 9.38599e-10
64 (QN/Block) 	Elapsed: 0.032	Loglikelihood: -34042.9	(delta): 7.05768e-10
65 (QN/Block) 	Elapsed: 0.026	Loglikelihood: -34042.9	(delta): 4.07454e-10
66 (QN/Block) 	Elapsed: 0.03	Loglikelihood: -34042.9	(delta): 1.38243e-10
67 (QN/Block) 	Elapsed: 0.031	Loglikelihood: -34042.9	(delta): 7.27596e-11
68 (QN/Block) 	Elapsed: 0.033	Loglikelihood: -34042.9	(delta): 4.36557e-11
69 (QN/Block) 	Elapsed: 0.032	Loglikelihood: -34042.9	(delta): 2.18279e-11
70 (QN/Block) 	Elapsed: 0.032	Loglikelihood: -34042.9	(delta): 1.45519e-11
71 (QN/Block) 	Elapsed: 0.034	Loglikelihood: -34042.9	(delta): 0
72 (QN/Block) 	Elapsed: 0.032	Loglikelihood: -34042.9	(delta): -7.27596e-12
73 (QN/Block) 	Elapsed: 0.034	Loglikelihood: -34042.9	(delta): 7.27596e-12
74 (QN/Block) 	Elapsed: 0.038	Loglikelihood: -34042.9	(delta): 0
75 (QN/Block) 	Elapsed: 0.039	Loglikelihood: -34042.9	(delta): 7.27596e-12
76 (QN/Block) 	Elapsed: 0.037	Loglikelihood: -34042.9	(delta): 0
77 (QN/Block) 	Elapsed: 0.038	Loglikelihood: -34042.9	(delta): 0
78 (QN/Block) 	Elapsed: 0.035	Loglikelihood: -34042.9	(delta): 0
79 (QN/Block) 	Elapsed: 0.031	Loglikelihood: -34042.9	(delta): 0
80 (QN/Block) 	Elapsed: 0.035	Loglikelihood: -34042.9	(delta): 0
81 (QN/Block) 	Elapsed: 0.036	Loglikelihood: -34042.9	(delta): 0
82 (QN/Block) 	Elapsed: 0.037	Loglikelihood: -34042.9	(delta): 0
83 (QN/Block) 	Elapsed: 0.034	Loglikelihood: -34042.9	(delta): 0
84 (QN/Block) 	Elapsed: 0.031	Loglikelihood: -34042.9	(delta): 0
85 (QN/Block) 	Elapsed: 0.035	Loglikelihood: -34042.9	(delta): 7.27596e-12
86 (QN/Block) 	Elapsed: 0.036	Loglikelihood: -34042.9	(delta): 0
87 (QN/Block) 	Elapsed: 0.034	Loglikelihood: -34042.9	(delta): 0
88 (QN/Block) 	Elapsed: 0.034	Loglikelihood: -34042.9	(delta): 0
89 (QN/Block) 	Elapsed: 0.03	Loglikelihood: -34042.9	(delta): -7.27596e-12
90 (QN/Block) 	Elapsed: 0.031	Loglikelihood: -34042.9	(delta): 0
91 (QN/Block) 	Elapsed: 0.033	Loglikelihood: -34042.9	(delta): 7.27596e-12
92 (QN/Block) 	Elapsed: 0.024	Loglikelihood: -34042.9	(delta): 0
93 (QN/Block) 	Elapsed: 0.022	Loglikelihood: -34042.9	(delta): -7.27596e-12
94 (QN/Block) 	Elapsed: 0.023	Loglikelihood: -34042.9	(delta): 7.27596e-12
95 (QN/Block) 	Elapsed: 0.033	Loglikelihood: -34042.9	(delta): -7.27596e-12
96 (QN/Block) 	Elapsed: 0.033	Loglikelihood: -34042.9	(delta): 7.27596e-12
97 (QN/Block) 	Elapsed: 0.029	Loglikelihood: -34042.9	(delta): 0
98 (QN/Block) 	Elapsed: 0.029	Loglikelihood: -34042.9	(delta): 0
99 (QN/Block) 	Elapsed: 0.03	Loglikelihood: -34042.9	(delta): 0
100 (QN/Block) 	Elapsed: 0.029	Loglikelihood: -34042.9	(delta): -7.27596e-12
Summary: 
Converged in 100 iterations (3.262 sec)
Loglikelihood: -34042.910405
Fst divergences between estimated populations: 
	Pop0	Pop1	Pop2	Pop3	Pop4	Pop5	Pop6	Pop7	Pop8	
Pop0	
Pop1	0.156	
Pop2	0.134	0.181	
Pop3	0.236	0.267	0.280	
Pop4	0.105	0.157	0.148	0.237	
Pop5	0.085	0.141	0.122	0.226	0.098	
Pop6	0.124	0.160	0.147	0.241	0.128	0.098	
Pop7	0.219	0.249	0.257	0.066	0.223	0.207	0.225	
Pop8	0.102	0.160	0.147	0.235	0.108	0.093	0.119	0.220	
Pop9	0.258	0.269	0.299	0.136	0.247	0.248	0.258	0.131	0.249	
CV error (K=10): 0.45377
Writing output files.
