****                   ADMIXTURE Version 1.3.0                  ****
****                    Copyright 2008-2015                     ****
****           David Alexander, Suyash Shringarpure,            ****
****                John  Novembre, Ken Lange                   ****
****                                                            ****
****                 Please cite our paper!                     ****
****   Information at www.genetics.ucla.edu/software/admixture  ****

Parallel execution requested.  Will use 8 threads.
Cross-validation will be performed.  Folds=10.
Random seed: 43
Point estimation method: Block relaxation algorithm
Convergence acceleration algorithm: QuasiNewton, 3 secant conditions
Point estimation will terminate at 100 iterations
Estimation of standard errors disabled; will compute point estimates only.
Size of G: 121x1282
Performing five EM steps to prime main algorithm
1 (EM) 	Elapsed: 0.022	Loglikelihood: -108490	(delta): 102180
2 (EM) 	Elapsed: 0.021	Loglikelihood: -103023	(delta): 5467.77
3 (EM) 	Elapsed: 0.022	Loglikelihood: -101268	(delta): 1755.16
4 (EM) 	Elapsed: 0.021	Loglikelihood: -99547.9	(delta): 1719.58
5 (EM) 	Elapsed: 0.022	Loglikelihood: -97406.5	(delta): 2141.44
Initial loglikelihood: -97406.5
Starting main algorithm
1 (QN/Block) 	Elapsed: 0.032	Loglikelihood: -65639	(delta): 31767.5
2 (QN/Block) 	Elapsed: 0.031	Loglikelihood: -60302.9	(delta): 5336.03
3 (QN/Block) 	Elapsed: 0.042	Loglikelihood: -57942.5	(delta): 2360.47
4 (QN/Block) 	Elapsed: 0.036	Loglikelihood: -56502.9	(delta): 1439.56
5 (QN/Block) 	Elapsed: 0.034	Loglikelihood: -55935.1	(delta): 567.852
6 (QN/Block) 	Elapsed: 0.043	Loglikelihood: -55740	(delta): 195.021
7 (QN/Block) 	Elapsed: 0.048	Loglikelihood: -55637.7	(delta): 102.356
8 (QN/Block) 	Elapsed: 0.046	Loglikelihood: -55528.4	(delta): 109.26
9 (QN/Block) 	Elapsed: 0.049	Loglikelihood: -55454.7	(delta): 73.6778
10 (QN/Block) 	Elapsed: 0.048	Loglikelihood: -55424.9	(delta): 29.8875
11 (QN/Block) 	Elapsed: 0.046	Loglikelihood: -55418.7	(delta): 6.15894
12 (QN/Block) 	Elapsed: 0.047	Loglikelihood: -55415.8	(delta): 2.94365
13 (QN/Block) 	Elapsed: 0.053	Loglikelihood: -55413.6	(delta): 2.12698
14 (QN/Block) 	Elapsed: 0.046	Loglikelihood: -55413.2	(delta): 0.434316
15 (QN/Block) 	Elapsed: 0.043	Loglikelihood: -55412.7	(delta): 0.469878
16 (QN/Block) 	Elapsed: 0.039	Loglikelihood: -55412.6	(delta): 0.154217
17 (QN/Block) 	Elapsed: 0.049	Loglikelihood: -55412.4	(delta): 0.191463
18 (QN/Block) 	Elapsed: 0.048	Loglikelihood: -55412.2	(delta): 0.230978
19 (QN/Block) 	Elapsed: 0.047	Loglikelihood: -55411.9	(delta): 0.227711
20 (QN/Block) 	Elapsed: 0.049	Loglikelihood: -55411.5	(delta): 0.384365
21 (QN/Block) 	Elapsed: 0.052	Loglikelihood: -55411.3	(delta): 0.226262
22 (QN/Block) 	Elapsed: 0.04	Loglikelihood: -55411	(delta): 0.294601
23 (QN/Block) 	Elapsed: 0.04	Loglikelihood: -55410.5	(delta): 0.5259
24 (QN/Block) 	Elapsed: 0.044	Loglikelihood: -55409.1	(delta): 1.3901
25 (QN/Block) 	Elapsed: 0.04	Loglikelihood: -55407.9	(delta): 1.15421
26 (QN/Block) 	Elapsed: 0.042	Loglikelihood: -55406.7	(delta): 1.28018
27 (QN/Block) 	Elapsed: 0.036	Loglikelihood: -55405.4	(delta): 1.29933
28 (QN/Block) 	Elapsed: 0.052	Loglikelihood: -55405.1	(delta): 0.22001
29 (QN/Block) 	Elapsed: 0.051	Loglikelihood: -55404.9	(delta): 0.202193
30 (QN/Block) 	Elapsed: 0.048	Loglikelihood: -55404.9	(delta): 0.0599474
31 (QN/Block) 	Elapsed: 0.047	Loglikelihood: -55404.8	(delta): 0.0379882
32 (QN/Block) 	Elapsed: 0.049	Loglikelihood: -55404.8	(delta): 0.0290031
33 (QN/Block) 	Elapsed: 0.046	Loglikelihood: -55404.8	(delta): 0.0235152
34 (QN/Block) 	Elapsed: 0.051	Loglikelihood: -55404.8	(delta): 0.0092696
35 (QN/Block) 	Elapsed: 0.044	Loglikelihood: -55404.8	(delta): 0.00393224
36 (QN/Block) 	Elapsed: 0.035	Loglikelihood: -55404.8	(delta): 0.00132539
37 (QN/Block) 	Elapsed: 0.037	Loglikelihood: -55404.8	(delta): 0.00135423
38 (QN/Block) 	Elapsed: 0.045	Loglikelihood: -55404.8	(delta): 0.00195129
39 (QN/Block) 	Elapsed: 0.045	Loglikelihood: -55404.8	(delta): 0.00275017
40 (QN/Block) 	Elapsed: 0.037	Loglikelihood: -55404.8	(delta): 0.0036779
41 (QN/Block) 	Elapsed: 0.048	Loglikelihood: -55404.8	(delta): 0.00563216
42 (QN/Block) 	Elapsed: 0.038	Loglikelihood: -55404.8	(delta): 0.00357733
43 (QN/Block) 	Elapsed: 0.041	Loglikelihood: -55404.8	(delta): 0.00162065
44 (QN/Block) 	Elapsed: 0.044	Loglikelihood: -55404.8	(delta): 0.00181553
45 (QN/Block) 	Elapsed: 0.031	Loglikelihood: -55404.8	(delta): 0.000930017
46 (QN/Block) 	Elapsed: 0.032	Loglikelihood: -55404.8	(delta): 6.03532e-05
47 (QN/Block) 	Elapsed: 0.039	Loglikelihood: -55404.8	(delta): 2.14799e-05
48 (QN/Block) 	Elapsed: 0.035	Loglikelihood: -55404.8	(delta): 3.39811e-06
49 (QN/Block) 	Elapsed: 0.039	Loglikelihood: -55404.8	(delta): 1.10246e-06
50 (QN/Block) 	Elapsed: 0.042	Loglikelihood: -55404.8	(delta): 9.00473e-08
51 (QN/Block) 	Elapsed: 0.045	Loglikelihood: -55404.8	(delta): 5.1783e-08
52 (QN/Block) 	Elapsed: 0.048	Loglikelihood: -55404.8	(delta): 1.24055e-08
53 (QN/Block) 	Elapsed: 0.047	Loglikelihood: -55404.8	(delta): 7.93079e-09
54 (QN/Block) 	Elapsed: 0.036	Loglikelihood: -55404.8	(delta): 1.39698e-09
55 (QN/Block) 	Elapsed: 0.034	Loglikelihood: -55404.8	(delta): 2.47383e-10
56 (QN/Block) 	Elapsed: 0.043	Loglikelihood: -55404.8	(delta): 5.09317e-11
57 (QN/Block) 	Elapsed: 0.056	Loglikelihood: -55404.8	(delta): 0
58 (QN/Block) 	Elapsed: 0.053	Loglikelihood: -55404.8	(delta): 1.45519e-11
59 (QN/Block) 	Elapsed: 0.043	Loglikelihood: -55404.8	(delta): 0
60 (QN/Block) 	Elapsed: 0.035	Loglikelihood: -55404.8	(delta): 1.45519e-11
61 (QN/Block) 	Elapsed: 0.039	Loglikelihood: -55404.8	(delta): -7.27596e-12
62 (QN/Block) 	Elapsed: 0.043	Loglikelihood: -55404.8	(delta): 7.27596e-12
63 (QN/Block) 	Elapsed: 0.038	Loglikelihood: -55404.8	(delta): 0
64 (QN/Block) 	Elapsed: 0.039	Loglikelihood: -55404.8	(delta): 7.27596e-12
65 (QN/Block) 	Elapsed: 0.048	Loglikelihood: -55404.8	(delta): 0
66 (QN/Block) 	Elapsed: 0.039	Loglikelihood: -55404.8	(delta): 0
67 (QN/Block) 	Elapsed: 0.043	Loglikelihood: -55404.8	(delta): 7.27596e-12
68 (QN/Block) 	Elapsed: 0.044	Loglikelihood: -55404.8	(delta): 2.18279e-11
69 (QN/Block) 	Elapsed: 0.038	Loglikelihood: -55404.8	(delta): -7.27596e-12
70 (QN/Block) 	Elapsed: 0.04	Loglikelihood: -55404.8	(delta): 7.27596e-12
71 (QN/Block) 	Elapsed: 0.04	Loglikelihood: -55404.8	(delta): 0
72 (QN/Block) 	Elapsed: 0.041	Loglikelihood: -55404.8	(delta): 1.45519e-11
73 (QN/Block) 	Elapsed: 0.037	Loglikelihood: -55404.8	(delta): -7.27596e-12
74 (QN/Block) 	Elapsed: 0.039	Loglikelihood: -55404.8	(delta): 0
75 (QN/Block) 	Elapsed: 0.039	Loglikelihood: -55404.8	(delta): 7.27596e-12
76 (QN/Block) 	Elapsed: 0.035	Loglikelihood: -55404.8	(delta): 7.27596e-12
77 (QN/Block) 	Elapsed: 0.038	Loglikelihood: -55404.8	(delta): -7.27596e-12
78 (QN/Block) 	Elapsed: 0.04	Loglikelihood: -55404.8	(delta): 0
79 (QN/Block) 	Elapsed: 0.034	Loglikelihood: -55404.8	(delta): 2.18279e-11
80 (QN/Block) 	Elapsed: 0.037	Loglikelihood: -55404.8	(delta): 0
81 (QN/Block) 	Elapsed: 0.037	Loglikelihood: -55404.8	(delta): 7.27596e-12
82 (QN/Block) 	Elapsed: 0.035	Loglikelihood: -55404.8	(delta): -2.91038e-11
83 (QN/Block) 	Elapsed: 0.038	Loglikelihood: -55404.8	(delta): 7.27596e-12
84 (QN/Block) 	Elapsed: 0.036	Loglikelihood: -55404.8	(delta): 1.45519e-11
85 (QN/Block) 	Elapsed: 0.038	Loglikelihood: -55404.8	(delta): -7.27596e-12
86 (QN/Block) 	Elapsed: 0.037	Loglikelihood: -55404.8	(delta): -7.27596e-12
87 (QN/Block) 	Elapsed: 0.042	Loglikelihood: -55404.8	(delta): 0
88 (QN/Block) 	Elapsed: 0.055	Loglikelihood: -55404.8	(delta): 7.27596e-12
89 (QN/Block) 	Elapsed: 0.051	Loglikelihood: -55404.8	(delta): -7.27596e-12
90 (QN/Block) 	Elapsed: 0.043	Loglikelihood: -55404.8	(delta): 2.18279e-11
91 (QN/Block) 	Elapsed: 0.037	Loglikelihood: -55404.8	(delta): -7.27596e-12
92 (QN/Block) 	Elapsed: 0.037	Loglikelihood: -55404.8	(delta): -7.27596e-12
93 (QN/Block) 	Elapsed: 0.04	Loglikelihood: -55404.8	(delta): 0
94 (QN/Block) 	Elapsed: 0.038	Loglikelihood: -55404.8	(delta): 7.27596e-12
95 (QN/Block) 	Elapsed: 0.039	Loglikelihood: -55404.8	(delta): 7.27596e-12
96 (QN/Block) 	Elapsed: 0.042	Loglikelihood: -55404.8	(delta): -7.27596e-12
97 (QN/Block) 	Elapsed: 0.044	Loglikelihood: -55404.8	(delta): 0
98 (QN/Block) 	Elapsed: 0.042	Loglikelihood: -55404.8	(delta): 1.45519e-11
99 (QN/Block) 	Elapsed: 0.046	Loglikelihood: -55404.8	(delta): -1.45519e-11
100 (QN/Block) 	Elapsed: 0.046	Loglikelihood: -55404.8	(delta): 0
Summary: 
Converged in 100 iterations (4.466 sec)
Loglikelihood: -55404.758096
Fst divergences between estimated populations: 
	Pop0	Pop1	Pop2	Pop3	Pop4	Pop5	Pop6	Pop7	
Pop0	
Pop1	0.345	
Pop2	0.253	0.319	
Pop3	0.427	0.476	0.458	
Pop4	0.249	0.339	0.265	0.436	
Pop5	0.277	0.359	0.269	0.434	0.288	
Pop6	0.602	0.632	0.620	0.505	0.603	0.606	
Pop7	0.571	0.605	0.591	0.472	0.573	0.575	0.126	
Pop8	0.484	0.530	0.509	0.249	0.486	0.488	0.528	0.501	
CV error (K=9): 0.46747
Writing output files.
