****                   ADMIXTURE Version 1.3.0                  ****
****                    Copyright 2008-2015                     ****
****           David Alexander, Suyash Shringarpure,            ****
****                John  Novembre, Ken Lange                   ****
****                                                            ****
****                 Please cite our paper!                     ****
****   Information at www.genetics.ucla.edu/software/admixture  ****

Parallel execution requested.  Will use 8 threads.
Cross-validation will be performed.  Folds=10.
Random seed: 43
Point estimation method: Block relaxation algorithm
Convergence acceleration algorithm: QuasiNewton, 3 secant conditions
Point estimation will terminate at 100 iterations
Estimation of standard errors disabled; will compute point estimates only.
Size of G: 121x1282
Performing five EM steps to prime main algorithm
1 (EM) 	Elapsed: 0.007	Loglikelihood: -108527	(delta): 119487
2 (EM) 	Elapsed: 0.007	Loglikelihood: -103433	(delta): 5093.38
3 (EM) 	Elapsed: 0.007	Loglikelihood: -101552	(delta): 1881.49
4 (EM) 	Elapsed: 0.007	Loglikelihood: -99786.6	(delta): 1765.41
5 (EM) 	Elapsed: 0.007	Loglikelihood: -97615.8	(delta): 2170.71
Initial loglikelihood: -97615.8
Starting main algorithm
1 (QN/Block) 	Elapsed: 0.014	Loglikelihood: -70678.6	(delta): 26937.2
2 (QN/Block) 	Elapsed: 0.016	Loglikelihood: -65577.7	(delta): 5100.92
3 (QN/Block) 	Elapsed: 0.017	Loglikelihood: -63384.9	(delta): 2192.84
4 (QN/Block) 	Elapsed: 0.015	Loglikelihood: -62070.9	(delta): 1314.03
5 (QN/Block) 	Elapsed: 0.019	Loglikelihood: -61537.8	(delta): 533.076
6 (QN/Block) 	Elapsed: 0.019	Loglikelihood: -61363.6	(delta): 174.226
7 (QN/Block) 	Elapsed: 0.02	Loglikelihood: -61331	(delta): 32.5908
8 (QN/Block) 	Elapsed: 0.018	Loglikelihood: -61324.2	(delta): 6.79864
9 (QN/Block) 	Elapsed: 0.016	Loglikelihood: -61324.1	(delta): 0.079982
10 (QN/Block) 	Elapsed: 0.016	Loglikelihood: -61324.1	(delta): 0.00970537
11 (QN/Block) 	Elapsed: 0.016	Loglikelihood: -61324.1	(delta): 0.002298
12 (QN/Block) 	Elapsed: 0.015	Loglikelihood: -61324.1	(delta): 0.000585875
13 (QN/Block) 	Elapsed: 0.028	Loglikelihood: -61324.1	(delta): 7.65279e-05
14 (QN/Block) 	Elapsed: 0.022	Loglikelihood: -61324.1	(delta): 1.72907e-05
15 (QN/Block) 	Elapsed: 0.018	Loglikelihood: -61324.1	(delta): 2.76784e-06
16 (QN/Block) 	Elapsed: 0.016	Loglikelihood: -61324.1	(delta): 3.66454e-07
17 (QN/Block) 	Elapsed: 0.016	Loglikelihood: -61324.1	(delta): 7.14936e-08
18 (QN/Block) 	Elapsed: 0.018	Loglikelihood: -61324.1	(delta): 3.71801e-09
19 (QN/Block) 	Elapsed: 0.022	Loglikelihood: -61324.1	(delta): 3.12866e-10
20 (QN/Block) 	Elapsed: 0.02	Loglikelihood: -61324.1	(delta): 8.73115e-11
21 (QN/Block) 	Elapsed: 0.018	Loglikelihood: -61324.1	(delta): 4.36557e-11
22 (QN/Block) 	Elapsed: 0.019	Loglikelihood: -61324.1	(delta): -7.27596e-12
23 (QN/Block) 	Elapsed: 0.021	Loglikelihood: -61324.1	(delta): 0
24 (QN/Block) 	Elapsed: 0.02	Loglikelihood: -61324.1	(delta): 7.27596e-12
25 (QN/Block) 	Elapsed: 0.023	Loglikelihood: -61324.1	(delta): -1.45519e-11
26 (QN/Block) 	Elapsed: 0.021	Loglikelihood: -61324.1	(delta): 2.18279e-11
27 (QN/Block) 	Elapsed: 0.023	Loglikelihood: -61324.1	(delta): -1.45519e-11
28 (QN/Block) 	Elapsed: 0.022	Loglikelihood: -61324.1	(delta): 7.27596e-12
29 (QN/Block) 	Elapsed: 0.021	Loglikelihood: -61324.1	(delta): 0
30 (QN/Block) 	Elapsed: 0.021	Loglikelihood: -61324.1	(delta): 7.27596e-12
31 (QN/Block) 	Elapsed: 0.024	Loglikelihood: -61324.1	(delta): -7.27596e-12
32 (QN/Block) 	Elapsed: 0.024	Loglikelihood: -61324.1	(delta): -7.27596e-12
33 (QN/Block) 	Elapsed: 0.024	Loglikelihood: -61324.1	(delta): 7.27596e-12
34 (QN/Block) 	Elapsed: 0.024	Loglikelihood: -61324.1	(delta): 0
35 (QN/Block) 	Elapsed: 0.024	Loglikelihood: -61324.1	(delta): 0
36 (QN/Block) 	Elapsed: 0.025	Loglikelihood: -61324.1	(delta): 7.27596e-12
37 (QN/Block) 	Elapsed: 0.021	Loglikelihood: -61324.1	(delta): 0
38 (QN/Block) 	Elapsed: 0.022	Loglikelihood: -61324.1	(delta): -7.27596e-12
39 (QN/Block) 	Elapsed: 0.02	Loglikelihood: -61324.1	(delta): 0
40 (QN/Block) 	Elapsed: 0.023	Loglikelihood: -61324.1	(delta): 0
41 (QN/Block) 	Elapsed: 0.024	Loglikelihood: -61324.1	(delta): 0
42 (QN/Block) 	Elapsed: 0.022	Loglikelihood: -61324.1	(delta): 0
43 (QN/Block) 	Elapsed: 0.021	Loglikelihood: -61324.1	(delta): 7.27596e-12
44 (QN/Block) 	Elapsed: 0.021	Loglikelihood: -61324.1	(delta): -7.27596e-12
45 (QN/Block) 	Elapsed: 0.022	Loglikelihood: -61324.1	(delta): -7.27596e-12
46 (QN/Block) 	Elapsed: 0.025	Loglikelihood: -61324.1	(delta): 1.45519e-11
47 (QN/Block) 	Elapsed: 0.025	Loglikelihood: -61324.1	(delta): 0
48 (QN/Block) 	Elapsed: 0.025	Loglikelihood: -61324.1	(delta): 0
49 (QN/Block) 	Elapsed: 0.027	Loglikelihood: -61324.1	(delta): 7.27596e-12
50 (QN/Block) 	Elapsed: 0.026	Loglikelihood: -61324.1	(delta): 0
51 (QN/Block) 	Elapsed: 0.027	Loglikelihood: -61324.1	(delta): -7.27596e-12
52 (QN/Block) 	Elapsed: 0.026	Loglikelihood: -61324.1	(delta): -7.27596e-12
53 (QN/Block) 	Elapsed: 0.027	Loglikelihood: -61324.1	(delta): -7.27596e-12
54 (QN/Block) 	Elapsed: 0.026	Loglikelihood: -61324.1	(delta): 1.45519e-11
55 (QN/Block) 	Elapsed: 0.025	Loglikelihood: -61324.1	(delta): 0
56 (QN/Block) 	Elapsed: 0.023	Loglikelihood: -61324.1	(delta): 0
57 (QN/Block) 	Elapsed: 0.022	Loglikelihood: -61324.1	(delta): 0
58 (QN/Block) 	Elapsed: 0.021	Loglikelihood: -61324.1	(delta): -7.27596e-12
59 (QN/Block) 	Elapsed: 0.025	Loglikelihood: -61324.1	(delta): 7.27596e-12
60 (QN/Block) 	Elapsed: 0.023	Loglikelihood: -61324.1	(delta): 0
61 (QN/Block) 	Elapsed: 0.025	Loglikelihood: -61324.1	(delta): -7.27596e-12
62 (QN/Block) 	Elapsed: 0.022	Loglikelihood: -61324.1	(delta): 1.45519e-11
63 (QN/Block) 	Elapsed: 0.023	Loglikelihood: -61324.1	(delta): -7.27596e-12
64 (QN/Block) 	Elapsed: 0.022	Loglikelihood: -61324.1	(delta): 7.27596e-12
65 (QN/Block) 	Elapsed: 0.027	Loglikelihood: -61324.1	(delta): -7.27596e-12
66 (QN/Block) 	Elapsed: 0.025	Loglikelihood: -61324.1	(delta): 1.45519e-11
67 (QN/Block) 	Elapsed: 0.022	Loglikelihood: -61324.1	(delta): -7.27596e-12
68 (QN/Block) 	Elapsed: 0.023	Loglikelihood: -61324.1	(delta): -7.27596e-12
69 (QN/Block) 	Elapsed: 0.026	Loglikelihood: -61324.1	(delta): 7.27596e-12
70 (QN/Block) 	Elapsed: 0.025	Loglikelihood: -61324.1	(delta): -7.27596e-12
71 (QN/Block) 	Elapsed: 0.027	Loglikelihood: -61324.1	(delta): 7.27596e-12
72 (QN/Block) 	Elapsed: 0.027	Loglikelihood: -61324.1	(delta): -7.27596e-12
73 (QN/Block) 	Elapsed: 0.028	Loglikelihood: -61324.1	(delta): 0
74 (QN/Block) 	Elapsed: 0.027	Loglikelihood: -61324.1	(delta): 7.27596e-12
75 (QN/Block) 	Elapsed: 0.027	Loglikelihood: -61324.1	(delta): 7.27596e-12
76 (QN/Block) 	Elapsed: 0.032	Loglikelihood: -61324.1	(delta): 0
77 (QN/Block) 	Elapsed: 0.028	Loglikelihood: -61324.1	(delta): -7.27596e-12
78 (QN/Block) 	Elapsed: 0.026	Loglikelihood: -61324.1	(delta): -7.27596e-12
79 (QN/Block) 	Elapsed: 0.025	Loglikelihood: -61324.1	(delta): 7.27596e-12
80 (QN/Block) 	Elapsed: 0.027	Loglikelihood: -61324.1	(delta): 0
81 (QN/Block) 	Elapsed: 0.026	Loglikelihood: -61324.1	(delta): 7.27596e-12
82 (QN/Block) 	Elapsed: 0.025	Loglikelihood: -61324.1	(delta): -1.45519e-11
83 (QN/Block) 	Elapsed: 0.026	Loglikelihood: -61324.1	(delta): 1.45519e-11
84 (QN/Block) 	Elapsed: 0.027	Loglikelihood: -61324.1	(delta): 0
85 (QN/Block) 	Elapsed: 0.026	Loglikelihood: -61324.1	(delta): 0
86 (QN/Block) 	Elapsed: 0.025	Loglikelihood: -61324.1	(delta): -1.45519e-11
87 (QN/Block) 	Elapsed: 0.026	Loglikelihood: -61324.1	(delta): 2.91038e-11
88 (QN/Block) 	Elapsed: 0.026	Loglikelihood: -61324.1	(delta): 0
89 (QN/Block) 	Elapsed: 0.02	Loglikelihood: -61324.1	(delta): -7.27596e-12
90 (QN/Block) 	Elapsed: 0.024	Loglikelihood: -61324.1	(delta): 0
91 (QN/Block) 	Elapsed: 0.022	Loglikelihood: -61324.1	(delta): 7.27596e-12
92 (QN/Block) 	Elapsed: 0.023	Loglikelihood: -61324.1	(delta): 0
93 (QN/Block) 	Elapsed: 0.026	Loglikelihood: -61324.1	(delta): 0
94 (QN/Block) 	Elapsed: 0.025	Loglikelihood: -61324.1	(delta): -1.45519e-11
95 (QN/Block) 	Elapsed: 0.02	Loglikelihood: -61324.1	(delta): 0
96 (QN/Block) 	Elapsed: 0.021	Loglikelihood: -61324.1	(delta): 7.27596e-12
97 (QN/Block) 	Elapsed: 0.025	Loglikelihood: -61324.1	(delta): 0
98 (QN/Block) 	Elapsed: 0.022	Loglikelihood: -61324.1	(delta): -7.27596e-12
99 (QN/Block) 	Elapsed: 0.026	Loglikelihood: -61324.1	(delta): 1.45519e-11
100 (QN/Block) 	Elapsed: 0.026	Loglikelihood: -61324.1	(delta): 0
Summary: 
Converged in 100 iterations (2.445 sec)
Loglikelihood: -61324.074378
Fst divergences between estimated populations: 
	Pop0	Pop1	Pop2	
Pop0	
Pop1	0.415	
Pop2	0.174	0.435	
Pop3	0.546	0.466	0.559	
CV error (K=4): 0.40934
Writing output files.
