****                   ADMIXTURE Version 1.3.0                  ****
****                    Copyright 2008-2015                     ****
****           David Alexander, Suyash Shringarpure,            ****
****                John  Novembre, Ken Lange                   ****
****                                                            ****
****                 Please cite our paper!                     ****
****   Information at www.genetics.ucla.edu/software/admixture  ****

Parallel execution requested.  Will use 8 threads.
Cross-validation will be performed.  Folds=10.
Random seed: 43
Point estimation method: Block relaxation algorithm
Convergence acceleration algorithm: QuasiNewton, 3 secant conditions
Point estimation will terminate at 100 iterations
Estimation of standard errors disabled; will compute point estimates only.
Size of G: 121x1282
Performing five EM steps to prime main algorithm
1 (EM) 	Elapsed: 0.018	Loglikelihood: -108590	(delta): 104920
2 (EM) 	Elapsed: 0.019	Loglikelihood: -103483	(delta): 5107.24
3 (EM) 	Elapsed: 0.018	Loglikelihood: -102000	(delta): 1482.54
4 (EM) 	Elapsed: 0.019	Loglikelihood: -100808	(delta): 1192.34
5 (EM) 	Elapsed: 0.018	Loglikelihood: -99549.9	(delta): 1257.79
Initial loglikelihood: -99549.9
Starting main algorithm
1 (QN/Block) 	Elapsed: 0.026	Loglikelihood: -66877.4	(delta): 32672.5
2 (QN/Block) 	Elapsed: 0.026	Loglikelihood: -62088.2	(delta): 4789.18
3 (QN/Block) 	Elapsed: 0.028	Loglikelihood: -59628	(delta): 2460.2
4 (QN/Block) 	Elapsed: 0.028	Loglikelihood: -58180	(delta): 1448.06
5 (QN/Block) 	Elapsed: 0.035	Loglikelihood: -57542.5	(delta): 637.469
6 (QN/Block) 	Elapsed: 0.04	Loglikelihood: -57267.7	(delta): 274.772
7 (QN/Block) 	Elapsed: 0.045	Loglikelihood: -57147.4	(delta): 120.315
8 (QN/Block) 	Elapsed: 0.043	Loglikelihood: -57081	(delta): 66.4097
9 (QN/Block) 	Elapsed: 0.037	Loglikelihood: -57033.5	(delta): 47.4852
10 (QN/Block) 	Elapsed: 0.031	Loglikelihood: -57007.6	(delta): 25.8946
11 (QN/Block) 	Elapsed: 0.035	Loglikelihood: -56990.7	(delta): 16.9403
12 (QN/Block) 	Elapsed: 0.04	Loglikelihood: -56982.1	(delta): 8.59167
13 (QN/Block) 	Elapsed: 0.031	Loglikelihood: -56977.2	(delta): 4.88698
14 (QN/Block) 	Elapsed: 0.034	Loglikelihood: -56972.7	(delta): 4.53476
15 (QN/Block) 	Elapsed: 0.042	Loglikelihood: -56967.9	(delta): 4.72287
16 (QN/Block) 	Elapsed: 0.037	Loglikelihood: -56966.1	(delta): 1.82182
17 (QN/Block) 	Elapsed: 0.039	Loglikelihood: -56961.2	(delta): 4.9601
18 (QN/Block) 	Elapsed: 0.041	Loglikelihood: -56955.6	(delta): 5.52114
19 (QN/Block) 	Elapsed: 0.046	Loglikelihood: -56952.5	(delta): 3.08669
20 (QN/Block) 	Elapsed: 0.043	Loglikelihood: -56948.2	(delta): 4.30916
21 (QN/Block) 	Elapsed: 0.045	Loglikelihood: -56946.1	(delta): 2.11866
22 (QN/Block) 	Elapsed: 0.034	Loglikelihood: -56943.9	(delta): 2.195
23 (QN/Block) 	Elapsed: 0.033	Loglikelihood: -56940.7	(delta): 3.18501
24 (QN/Block) 	Elapsed: 0.041	Loglikelihood: -56934.6	(delta): 6.1767
25 (QN/Block) 	Elapsed: 0.029	Loglikelihood: -56928.8	(delta): 5.71249
26 (QN/Block) 	Elapsed: 0.036	Loglikelihood: -56926.8	(delta): 2.01556
27 (QN/Block) 	Elapsed: 0.037	Loglikelihood: -56926.3	(delta): 0.54746
28 (QN/Block) 	Elapsed: 0.036	Loglikelihood: -56926.1	(delta): 0.153236
29 (QN/Block) 	Elapsed: 0.031	Loglikelihood: -56926.1	(delta): 0.0433282
30 (QN/Block) 	Elapsed: 0.032	Loglikelihood: -56926	(delta): 0.038646
31 (QN/Block) 	Elapsed: 0.042	Loglikelihood: -56926	(delta): 0.00741295
32 (QN/Block) 	Elapsed: 0.042	Loglikelihood: -56926	(delta): 0.00100205
33 (QN/Block) 	Elapsed: 0.036	Loglikelihood: -56926	(delta): 0.000170007
34 (QN/Block) 	Elapsed: 0.038	Loglikelihood: -56926	(delta): 1.07403e-05
35 (QN/Block) 	Elapsed: 0.033	Loglikelihood: -56926	(delta): 3.45673e-07
36 (QN/Block) 	Elapsed: 0.035	Loglikelihood: -56926	(delta): 1.9827e-08
37 (QN/Block) 	Elapsed: 0.035	Loglikelihood: -56926	(delta): 2.26282e-09
38 (QN/Block) 	Elapsed: 0.037	Loglikelihood: -56926	(delta): 1.38243e-10
39 (QN/Block) 	Elapsed: 0.037	Loglikelihood: -56926	(delta): 2.18279e-11
40 (QN/Block) 	Elapsed: 0.035	Loglikelihood: -56926	(delta): 7.27596e-12
41 (QN/Block) 	Elapsed: 0.049	Loglikelihood: -56926	(delta): 7.27596e-12
42 (QN/Block) 	Elapsed: 0.049	Loglikelihood: -56926	(delta): 0
43 (QN/Block) 	Elapsed: 0.048	Loglikelihood: -56926	(delta): 0
44 (QN/Block) 	Elapsed: 0.034	Loglikelihood: -56926	(delta): 0
45 (QN/Block) 	Elapsed: 0.035	Loglikelihood: -56926	(delta): -1.45519e-11
46 (QN/Block) 	Elapsed: 0.037	Loglikelihood: -56926	(delta): 7.27596e-12
47 (QN/Block) 	Elapsed: 0.053	Loglikelihood: -56926	(delta): 7.27596e-12
48 (QN/Block) 	Elapsed: 0.039	Loglikelihood: -56926	(delta): 0
49 (QN/Block) 	Elapsed: 0.043	Loglikelihood: -56926	(delta): 0
50 (QN/Block) 	Elapsed: 0.035	Loglikelihood: -56926	(delta): 0
51 (QN/Block) 	Elapsed: 0.039	Loglikelihood: -56926	(delta): -7.27596e-12
52 (QN/Block) 	Elapsed: 0.041	Loglikelihood: -56926	(delta): 7.27596e-12
53 (QN/Block) 	Elapsed: 0.043	Loglikelihood: -56926	(delta): 0
54 (QN/Block) 	Elapsed: 0.035	Loglikelihood: -56926	(delta): 0
55 (QN/Block) 	Elapsed: 0.042	Loglikelihood: -56926	(delta): 0
56 (QN/Block) 	Elapsed: 0.039	Loglikelihood: -56926	(delta): 0
57 (QN/Block) 	Elapsed: 0.036	Loglikelihood: -56926	(delta): 0
58 (QN/Block) 	Elapsed: 0.034	Loglikelihood: -56926	(delta): 0
59 (QN/Block) 	Elapsed: 0.038	Loglikelihood: -56926	(delta): 0
60 (QN/Block) 	Elapsed: 0.036	Loglikelihood: -56926	(delta): 7.27596e-12
61 (QN/Block) 	Elapsed: 0.036	Loglikelihood: -56926	(delta): 7.27596e-12
62 (QN/Block) 	Elapsed: 0.034	Loglikelihood: -56926	(delta): -1.45519e-11
63 (QN/Block) 	Elapsed: 0.033	Loglikelihood: -56926	(delta): 0
64 (QN/Block) 	Elapsed: 0.034	Loglikelihood: -56926	(delta): 0
65 (QN/Block) 	Elapsed: 0.034	Loglikelihood: -56926	(delta): 7.27596e-12
66 (QN/Block) 	Elapsed: 0.033	Loglikelihood: -56926	(delta): 7.27596e-12
67 (QN/Block) 	Elapsed: 0.036	Loglikelihood: -56926	(delta): -7.27596e-12
68 (QN/Block) 	Elapsed: 0.032	Loglikelihood: -56926	(delta): 0
69 (QN/Block) 	Elapsed: 0.032	Loglikelihood: -56926	(delta): -1.45519e-11
70 (QN/Block) 	Elapsed: 0.033	Loglikelihood: -56926	(delta): -1.45519e-11
71 (QN/Block) 	Elapsed: 0.035	Loglikelihood: -56926	(delta): 1.45519e-11
72 (QN/Block) 	Elapsed: 0.035	Loglikelihood: -56926	(delta): 7.27596e-12
73 (QN/Block) 	Elapsed: 0.049	Loglikelihood: -56926	(delta): 7.27596e-12
74 (QN/Block) 	Elapsed: 0.041	Loglikelihood: -56926	(delta): -7.27596e-12
75 (QN/Block) 	Elapsed: 0.034	Loglikelihood: -56926	(delta): -7.27596e-12
76 (QN/Block) 	Elapsed: 0.045	Loglikelihood: -56926	(delta): 7.27596e-12
77 (QN/Block) 	Elapsed: 0.045	Loglikelihood: -56926	(delta): 0
78 (QN/Block) 	Elapsed: 0.042	Loglikelihood: -56926	(delta): 0
79 (QN/Block) 	Elapsed: 0.037	Loglikelihood: -56926	(delta): 7.27596e-12
80 (QN/Block) 	Elapsed: 0.036	Loglikelihood: -56926	(delta): 7.27596e-12
81 (QN/Block) 	Elapsed: 0.033	Loglikelihood: -56926	(delta): 0
82 (QN/Block) 	Elapsed: 0.043	Loglikelihood: -56926	(delta): -7.27596e-12
83 (QN/Block) 	Elapsed: 0.034	Loglikelihood: -56926	(delta): 0
84 (QN/Block) 	Elapsed: 0.036	Loglikelihood: -56926	(delta): 7.27596e-12
85 (QN/Block) 	Elapsed: 0.042	Loglikelihood: -56926	(delta): 0
86 (QN/Block) 	Elapsed: 0.041	Loglikelihood: -56926	(delta): 0
87 (QN/Block) 	Elapsed: 0.036	Loglikelihood: -56926	(delta): -7.27596e-12
88 (QN/Block) 	Elapsed: 0.043	Loglikelihood: -56926	(delta): -7.27596e-12
89 (QN/Block) 	Elapsed: 0.046	Loglikelihood: -56926	(delta): 0
90 (QN/Block) 	Elapsed: 0.042	Loglikelihood: -56926	(delta): 7.27596e-12
91 (QN/Block) 	Elapsed: 0.046	Loglikelihood: -56926	(delta): -7.27596e-12
92 (QN/Block) 	Elapsed: 0.045	Loglikelihood: -56926	(delta): 7.27596e-12
93 (QN/Block) 	Elapsed: 0.047	Loglikelihood: -56926	(delta): 7.27596e-12
94 (QN/Block) 	Elapsed: 0.045	Loglikelihood: -56926	(delta): 0
95 (QN/Block) 	Elapsed: 0.045	Loglikelihood: -56926	(delta): -7.27596e-12
96 (QN/Block) 	Elapsed: 0.042	Loglikelihood: -56926	(delta): -7.27596e-12
97 (QN/Block) 	Elapsed: 0.047	Loglikelihood: -56926	(delta): 7.27596e-12
98 (QN/Block) 	Elapsed: 0.047	Loglikelihood: -56926	(delta): -7.27596e-12
99 (QN/Block) 	Elapsed: 0.038	Loglikelihood: -56926	(delta): 0
100 (QN/Block) 	Elapsed: 0.035	Loglikelihood: -56926	(delta): 0
Summary: 
Converged in 100 iterations (4.07 sec)
Loglikelihood: -56926.038587
Fst divergences between estimated populations: 
	Pop0	Pop1	Pop2	Pop3	Pop4	Pop5	Pop6	
Pop0	
Pop1	0.499	
Pop2	0.549	0.630	
Pop3	0.459	0.250	0.600	
Pop4	0.506	0.586	0.192	0.553	
Pop5	0.536	0.612	0.187	0.585	0.158	
Pop6	0.500	0.246	0.631	0.190	0.589	0.619	
Pop7	0.236	0.436	0.514	0.392	0.469	0.505	0.437	
CV error (K=8): 0.47426
Writing output files.
