****                   ADMIXTURE Version 1.3.0                  ****
****                    Copyright 2008-2015                     ****
****           David Alexander, Suyash Shringarpure,            ****
****                John  Novembre, Ken Lange                   ****
****                                                            ****
****                 Please cite our paper!                     ****
****   Information at www.genetics.ucla.edu/software/admixture  ****

Parallel execution requested.  Will use 8 threads.
Cross-validation will be performed.  Folds=10.
Random seed: 43
Point estimation method: Block relaxation algorithm
Convergence acceleration algorithm: QuasiNewton, 3 secant conditions
Point estimation will terminate at 100 iterations
Estimation of standard errors disabled; will compute point estimates only.
Size of G: 121x1282
Performing five EM steps to prime main algorithm
1 (EM) 	Elapsed: 0.013	Loglikelihood: -108612	(delta): 109058
2 (EM) 	Elapsed: 0.017	Loglikelihood: -103426	(delta): 5185.87
3 (EM) 	Elapsed: 0.014	Loglikelihood: -101768	(delta): 1658.59
4 (EM) 	Elapsed: 0.015	Loglikelihood: -100244	(delta): 1523.93
5 (EM) 	Elapsed: 0.014	Loglikelihood: -98380.1	(delta): 1863.73
Initial loglikelihood: -98380.1
Starting main algorithm
1 (QN/Block) 	Elapsed: 0.026	Loglikelihood: -67609.6	(delta): 30770.5
2 (QN/Block) 	Elapsed: 0.024	Loglikelihood: -62621.4	(delta): 4988.23
3 (QN/Block) 	Elapsed: 0.028	Loglikelihood: -60887.6	(delta): 1733.74
4 (QN/Block) 	Elapsed: 0.026	Loglikelihood: -59745.4	(delta): 1142.24
5 (QN/Block) 	Elapsed: 0.027	Loglikelihood: -59293.2	(delta): 452.212
6 (QN/Block) 	Elapsed: 0.03	Loglikelihood: -59134	(delta): 159.15
7 (QN/Block) 	Elapsed: 0.029	Loglikelihood: -59078.4	(delta): 55.65
8 (QN/Block) 	Elapsed: 0.028	Loglikelihood: -59049.6	(delta): 28.8063
9 (QN/Block) 	Elapsed: 0.028	Loglikelihood: -59029.1	(delta): 20.4583
10 (QN/Block) 	Elapsed: 0.032	Loglikelihood: -59019.7	(delta): 9.44986
11 (QN/Block) 	Elapsed: 0.034	Loglikelihood: -59012.2	(delta): 7.4709
12 (QN/Block) 	Elapsed: 0.033	Loglikelihood: -59007.6	(delta): 4.64612
13 (QN/Block) 	Elapsed: 0.029	Loglikelihood: -59005.4	(delta): 2.14588
14 (QN/Block) 	Elapsed: 0.032	Loglikelihood: -59003.4	(delta): 1.96052
15 (QN/Block) 	Elapsed: 0.035	Loglikelihood: -59002.7	(delta): 0.730124
16 (QN/Block) 	Elapsed: 0.03	Loglikelihood: -59002.6	(delta): 0.101176
17 (QN/Block) 	Elapsed: 0.03	Loglikelihood: -59002.6	(delta): 0.0381468
18 (QN/Block) 	Elapsed: 0.032	Loglikelihood: -59002.6	(delta): 0.00688943
19 (QN/Block) 	Elapsed: 0.034	Loglikelihood: -59002.6	(delta): 0.00100574
20 (QN/Block) 	Elapsed: 0.034	Loglikelihood: -59002.6	(delta): 0.00179766
21 (QN/Block) 	Elapsed: 0.03	Loglikelihood: -59002.6	(delta): 0.000504672
22 (QN/Block) 	Elapsed: 0.031	Loglikelihood: -59002.6	(delta): 0.000115822
23 (QN/Block) 	Elapsed: 0.026	Loglikelihood: -59002.6	(delta): 4.14552e-05
24 (QN/Block) 	Elapsed: 0.026	Loglikelihood: -59002.6	(delta): 3.09119e-05
25 (QN/Block) 	Elapsed: 0.031	Loglikelihood: -59002.6	(delta): 2.84619e-05
26 (QN/Block) 	Elapsed: 0.039	Loglikelihood: -59002.6	(delta): 3.34679e-06
27 (QN/Block) 	Elapsed: 0.032	Loglikelihood: -59002.6	(delta): 2.46079e-06
28 (QN/Block) 	Elapsed: 0.036	Loglikelihood: -59002.6	(delta): 2.50977e-07
29 (QN/Block) 	Elapsed: 0.038	Loglikelihood: -59002.6	(delta): 7.81583e-08
30 (QN/Block) 	Elapsed: 0.03	Loglikelihood: -59002.6	(delta): 9.2914e-09
31 (QN/Block) 	Elapsed: 0.031	Loglikelihood: -59002.6	(delta): 1.01791e-08
32 (QN/Block) 	Elapsed: 0.027	Loglikelihood: -59002.6	(delta): 2.03727e-09
33 (QN/Block) 	Elapsed: 0.034	Loglikelihood: -59002.6	(delta): 2.76486e-10
34 (QN/Block) 	Elapsed: 0.031	Loglikelihood: -59002.6	(delta): 8.73115e-11
35 (QN/Block) 	Elapsed: 0.036	Loglikelihood: -59002.6	(delta): 2.91038e-11
36 (QN/Block) 	Elapsed: 0.087	Loglikelihood: -59002.6	(delta): 2.91038e-11
37 (QN/Block) 	Elapsed: 0.032	Loglikelihood: -59002.6	(delta): -7.27596e-12
38 (QN/Block) 	Elapsed: 0.04	Loglikelihood: -59002.6	(delta): 1.45519e-11
39 (QN/Block) 	Elapsed: 0.042	Loglikelihood: -59002.6	(delta): 7.27596e-12
40 (QN/Block) 	Elapsed: 0.048	Loglikelihood: -59002.6	(delta): 0
41 (QN/Block) 	Elapsed: 0.048	Loglikelihood: -59002.6	(delta): -7.27596e-12
42 (QN/Block) 	Elapsed: 0.033	Loglikelihood: -59002.6	(delta): 7.27596e-12
43 (QN/Block) 	Elapsed: 0.031	Loglikelihood: -59002.6	(delta): -7.27596e-12
44 (QN/Block) 	Elapsed: 0.036	Loglikelihood: -59002.6	(delta): 1.45519e-11
45 (QN/Block) 	Elapsed: 0.035	Loglikelihood: -59002.6	(delta): 0
46 (QN/Block) 	Elapsed: 0.031	Loglikelihood: -59002.6	(delta): 0
47 (QN/Block) 	Elapsed: 0.034	Loglikelihood: -59002.6	(delta): 7.27596e-12
48 (QN/Block) 	Elapsed: 0.041	Loglikelihood: -59002.6	(delta): 0
49 (QN/Block) 	Elapsed: 0.031	Loglikelihood: -59002.6	(delta): 0
50 (QN/Block) 	Elapsed: 0.032	Loglikelihood: -59002.6	(delta): 0
51 (QN/Block) 	Elapsed: 0.039	Loglikelihood: -59002.6	(delta): -7.27596e-12
52 (QN/Block) 	Elapsed: 0.053	Loglikelihood: -59002.6	(delta): 1.45519e-11
53 (QN/Block) 	Elapsed: 0.045	Loglikelihood: -59002.6	(delta): 0
54 (QN/Block) 	Elapsed: 0.042	Loglikelihood: -59002.6	(delta): 0
55 (QN/Block) 	Elapsed: 0.039	Loglikelihood: -59002.6	(delta): 7.27596e-12
56 (QN/Block) 	Elapsed: 0.037	Loglikelihood: -59002.6	(delta): -7.27596e-12
57 (QN/Block) 	Elapsed: 0.038	Loglikelihood: -59002.6	(delta): 0
58 (QN/Block) 	Elapsed: 0.032	Loglikelihood: -59002.6	(delta): 1.45519e-11
59 (QN/Block) 	Elapsed: 0.039	Loglikelihood: -59002.6	(delta): -1.45519e-11
60 (QN/Block) 	Elapsed: 0.067	Loglikelihood: -59002.6	(delta): 7.27596e-12
61 (QN/Block) 	Elapsed: 0.046	Loglikelihood: -59002.6	(delta): -1.45519e-11
62 (QN/Block) 	Elapsed: 0.04	Loglikelihood: -59002.6	(delta): 1.45519e-11
63 (QN/Block) 	Elapsed: 0.035	Loglikelihood: -59002.6	(delta): -7.27596e-12
64 (QN/Block) 	Elapsed: 0.035	Loglikelihood: -59002.6	(delta): 7.27596e-12
65 (QN/Block) 	Elapsed: 0.044	Loglikelihood: -59002.6	(delta): -7.27596e-12
66 (QN/Block) 	Elapsed: 0.052	Loglikelihood: -59002.6	(delta): 7.27596e-12
67 (QN/Block) 	Elapsed: 0.036	Loglikelihood: -59002.6	(delta): 0
68 (QN/Block) 	Elapsed: 0.037	Loglikelihood: -59002.6	(delta): -7.27596e-12
69 (QN/Block) 	Elapsed: 0.033	Loglikelihood: -59002.6	(delta): 0
70 (QN/Block) 	Elapsed: 0.027	Loglikelihood: -59002.6	(delta): 7.27596e-12
71 (QN/Block) 	Elapsed: 0.031	Loglikelihood: -59002.6	(delta): 7.27596e-12
72 (QN/Block) 	Elapsed: 0.034	Loglikelihood: -59002.6	(delta): -7.27596e-12
73 (QN/Block) 	Elapsed: 0.052	Loglikelihood: -59002.6	(delta): 7.27596e-12
74 (QN/Block) 	Elapsed: 0.049	Loglikelihood: -59002.6	(delta): 0
75 (QN/Block) 	Elapsed: 0.043	Loglikelihood: -59002.6	(delta): 0
76 (QN/Block) 	Elapsed: 0.037	Loglikelihood: -59002.6	(delta): 0
77 (QN/Block) 	Elapsed: 0.042	Loglikelihood: -59002.6	(delta): 7.27596e-12
78 (QN/Block) 	Elapsed: 0.042	Loglikelihood: -59002.6	(delta): -2.18279e-11
79 (QN/Block) 	Elapsed: 0.053	Loglikelihood: -59002.6	(delta): 0
80 (QN/Block) 	Elapsed: 0.051	Loglikelihood: -59002.6	(delta): 1.45519e-11
81 (QN/Block) 	Elapsed: 0.046	Loglikelihood: -59002.6	(delta): -7.27596e-12
82 (QN/Block) 	Elapsed: 0.034	Loglikelihood: -59002.6	(delta): 1.45519e-11
83 (QN/Block) 	Elapsed: 0.034	Loglikelihood: -59002.6	(delta): -1.45519e-11
84 (QN/Block) 	Elapsed: 0.032	Loglikelihood: -59002.6	(delta): 0
85 (QN/Block) 	Elapsed: 0.043	Loglikelihood: -59002.6	(delta): 0
86 (QN/Block) 	Elapsed: 0.036	Loglikelihood: -59002.6	(delta): 0
87 (QN/Block) 	Elapsed: 0.035	Loglikelihood: -59002.6	(delta): 1.45519e-11
88 (QN/Block) 	Elapsed: 0.034	Loglikelihood: -59002.6	(delta): -2.91038e-11
89 (QN/Block) 	Elapsed: 0.045	Loglikelihood: -59002.6	(delta): 1.45519e-11
90 (QN/Block) 	Elapsed: 0.046	Loglikelihood: -59002.6	(delta): 7.27596e-12
91 (QN/Block) 	Elapsed: 0.046	Loglikelihood: -59002.6	(delta): 7.27596e-12
92 (QN/Block) 	Elapsed: 0.039	Loglikelihood: -59002.6	(delta): -2.18279e-11
93 (QN/Block) 	Elapsed: 0.039	Loglikelihood: -59002.6	(delta): 1.45519e-11
94 (QN/Block) 	Elapsed: 0.041	Loglikelihood: -59002.6	(delta): 0
95 (QN/Block) 	Elapsed: 0.046	Loglikelihood: -59002.6	(delta): 0
96 (QN/Block) 	Elapsed: 0.031	Loglikelihood: -59002.6	(delta): 0
97 (QN/Block) 	Elapsed: 0.039	Loglikelihood: -59002.6	(delta): -7.27596e-12
98 (QN/Block) 	Elapsed: 0.032	Loglikelihood: -59002.6	(delta): 7.27596e-12
99 (QN/Block) 	Elapsed: 0.037	Loglikelihood: -59002.6	(delta): 0
100 (QN/Block) 	Elapsed: 0.035	Loglikelihood: -59002.6	(delta): 0
Summary: 
Converged in 100 iterations (3.936 sec)
Loglikelihood: -59002.565034
Fst divergences between estimated populations: 
	Pop0	Pop1	Pop2	Pop3	Pop4	
Pop0	
Pop1	0.598	
Pop2	0.126	0.566	
Pop3	0.575	0.198	0.545	
Pop4	0.495	0.440	0.466	0.420	
Pop5	0.598	0.242	0.570	0.201	0.447	
CV error (K=6): 0.42976
Writing output files.
