****                   ADMIXTURE Version 1.3.0                  ****
****                    Copyright 2008-2015                     ****
****           David Alexander, Suyash Shringarpure,            ****
****                John  Novembre, Ken Lange                   ****
****                                                            ****
****                 Please cite our paper!                     ****
****   Information at www.genetics.ucla.edu/software/admixture  ****

Parallel execution requested.  Will use 8 threads.
Cross-validation will be performed.  Folds=10.
Random seed: 43
Point estimation method: Block relaxation algorithm
Convergence acceleration algorithm: QuasiNewton, 3 secant conditions
Point estimation will terminate at 100 iterations
Estimation of standard errors disabled; will compute point estimates only.
Size of G: 121x1282
Performing five EM steps to prime main algorithm
1 (EM) 	Elapsed: 0.003	Loglikelihood: -106789	(delta): 145936
2 (EM) 	Elapsed: 0.003	Loglikelihood: -102188	(delta): 4600.62
3 (EM) 	Elapsed: 0.003	Loglikelihood: -100165	(delta): 2023.15
4 (EM) 	Elapsed: 0.003	Loglikelihood: -98434.4	(delta): 1730.54
5 (EM) 	Elapsed: 0.003	Loglikelihood: -96597.6	(delta): 1836.84
Initial loglikelihood: -96597.6
Starting main algorithm
1 (QN/Block) 	Elapsed: 0.01	Loglikelihood: -76941.7	(delta): 19655.9
2 (QN/Block) 	Elapsed: 0.009	Loglikelihood: -75293.6	(delta): 1648.04
3 (QN/Block) 	Elapsed: 0.011	Loglikelihood: -74643.2	(delta): 650.463
4 (QN/Block) 	Elapsed: 0.011	Loglikelihood: -74201.8	(delta): 441.415
5 (QN/Block) 	Elapsed: 0.011	Loglikelihood: -74105.6	(delta): 96.197
6 (QN/Block) 	Elapsed: 0.01	Loglikelihood: -74086.6	(delta): 18.9894
7 (QN/Block) 	Elapsed: 0.012	Loglikelihood: -74079.9	(delta): 6.70615
8 (QN/Block) 	Elapsed: 0.011	Loglikelihood: -74079	(delta): 0.878082
9 (QN/Block) 	Elapsed: 0.011	Loglikelihood: -74079	(delta): 0.0327218
10 (QN/Block) 	Elapsed: 0.011	Loglikelihood: -74079	(delta): 0.000573573
11 (QN/Block) 	Elapsed: 0.01	Loglikelihood: -74079	(delta): 3.07957e-05
12 (QN/Block) 	Elapsed: 0.01	Loglikelihood: -74079	(delta): 4.1867e-06
13 (QN/Block) 	Elapsed: 0.01	Loglikelihood: -74079	(delta): 3.20142e-10
14 (QN/Block) 	Elapsed: 0.012	Loglikelihood: -74079	(delta): 1.45519e-11
15 (QN/Block) 	Elapsed: 0.013	Loglikelihood: -74079	(delta): 0
16 (QN/Block) 	Elapsed: 0.014	Loglikelihood: -74079	(delta): 0
17 (QN/Block) 	Elapsed: 0.014	Loglikelihood: -74079	(delta): 0
18 (QN/Block) 	Elapsed: 0.016	Loglikelihood: -74079	(delta): 0
19 (QN/Block) 	Elapsed: 0.014	Loglikelihood: -74079	(delta): 0
20 (QN/Block) 	Elapsed: 0.015	Loglikelihood: -74079	(delta): 0
21 (QN/Block) 	Elapsed: 0.013	Loglikelihood: -74079	(delta): 0
22 (QN/Block) 	Elapsed: 0.014	Loglikelihood: -74079	(delta): 0
23 (QN/Block) 	Elapsed: 0.013	Loglikelihood: -74079	(delta): 0
24 (QN/Block) 	Elapsed: 0.014	Loglikelihood: -74079	(delta): -1.45519e-11
25 (QN/Block) 	Elapsed: 0.012	Loglikelihood: -74079	(delta): 1.45519e-11
26 (QN/Block) 	Elapsed: 0.013	Loglikelihood: -74079	(delta): -1.45519e-11
27 (QN/Block) 	Elapsed: 0.012	Loglikelihood: -74079	(delta): 1.45519e-11
28 (QN/Block) 	Elapsed: 0.013	Loglikelihood: -74079	(delta): 0
29 (QN/Block) 	Elapsed: 0.014	Loglikelihood: -74079	(delta): -1.45519e-11
30 (QN/Block) 	Elapsed: 0.014	Loglikelihood: -74079	(delta): 0
31 (QN/Block) 	Elapsed: 0.013	Loglikelihood: -74079	(delta): 0
32 (QN/Block) 	Elapsed: 0.014	Loglikelihood: -74079	(delta): 0
33 (QN/Block) 	Elapsed: 0.012	Loglikelihood: -74079	(delta): 1.45519e-11
34 (QN/Block) 	Elapsed: 0.012	Loglikelihood: -74079	(delta): -1.45519e-11
35 (QN/Block) 	Elapsed: 0.014	Loglikelihood: -74079	(delta): 0
36 (QN/Block) 	Elapsed: 0.014	Loglikelihood: -74079	(delta): 1.45519e-11
37 (QN/Block) 	Elapsed: 0.013	Loglikelihood: -74079	(delta): 0
38 (QN/Block) 	Elapsed: 0.014	Loglikelihood: -74079	(delta): -1.45519e-11
39 (QN/Block) 	Elapsed: 0.013	Loglikelihood: -74079	(delta): 1.45519e-11
40 (QN/Block) 	Elapsed: 0.014	Loglikelihood: -74079	(delta): -1.45519e-11
41 (QN/Block) 	Elapsed: 0.015	Loglikelihood: -74079	(delta): 0
42 (QN/Block) 	Elapsed: 0.014	Loglikelihood: -74079	(delta): 1.45519e-11
43 (QN/Block) 	Elapsed: 0.013	Loglikelihood: -74079	(delta): 0
44 (QN/Block) 	Elapsed: 0.013	Loglikelihood: -74079	(delta): 0
45 (QN/Block) 	Elapsed: 0.013	Loglikelihood: -74079	(delta): 0
46 (QN/Block) 	Elapsed: 0.014	Loglikelihood: -74079	(delta): 0
47 (QN/Block) 	Elapsed: 0.015	Loglikelihood: -74079	(delta): 0
48 (QN/Block) 	Elapsed: 0.012	Loglikelihood: -74079	(delta): 0
49 (QN/Block) 	Elapsed: 0.013	Loglikelihood: -74079	(delta): 0
50 (QN/Block) 	Elapsed: 0.015	Loglikelihood: -74079	(delta): -1.45519e-11
51 (QN/Block) 	Elapsed: 0.013	Loglikelihood: -74079	(delta): 1.45519e-11
52 (QN/Block) 	Elapsed: 0.014	Loglikelihood: -74079	(delta): -1.45519e-11
53 (QN/Block) 	Elapsed: 0.013	Loglikelihood: -74079	(delta): 1.45519e-11
54 (QN/Block) 	Elapsed: 0.012	Loglikelihood: -74079	(delta): 0
55 (QN/Block) 	Elapsed: 0.014	Loglikelihood: -74079	(delta): 0
56 (QN/Block) 	Elapsed: 0.014	Loglikelihood: -74079	(delta): -1.45519e-11
57 (QN/Block) 	Elapsed: 0.014	Loglikelihood: -74079	(delta): 0
58 (QN/Block) 	Elapsed: 0.011	Loglikelihood: -74079	(delta): 1.45519e-11
59 (QN/Block) 	Elapsed: 0.014	Loglikelihood: -74079	(delta): 0
60 (QN/Block) 	Elapsed: 0.013	Loglikelihood: -74079	(delta): 0
61 (QN/Block) 	Elapsed: 0.013	Loglikelihood: -74079	(delta): 0
62 (QN/Block) 	Elapsed: 0.013	Loglikelihood: -74079	(delta): 0
63 (QN/Block) 	Elapsed: 0.011	Loglikelihood: -74079	(delta): 0
64 (QN/Block) 	Elapsed: 0.012	Loglikelihood: -74079	(delta): 0
65 (QN/Block) 	Elapsed: 0.014	Loglikelihood: -74079	(delta): 0
66 (QN/Block) 	Elapsed: 0.012	Loglikelihood: -74079	(delta): 0
67 (QN/Block) 	Elapsed: 0.012	Loglikelihood: -74079	(delta): 0
68 (QN/Block) 	Elapsed: 0.013	Loglikelihood: -74079	(delta): -1.45519e-11
69 (QN/Block) 	Elapsed: 0.011	Loglikelihood: -74079	(delta): 0
70 (QN/Block) 	Elapsed: 0.012	Loglikelihood: -74079	(delta): 1.45519e-11
71 (QN/Block) 	Elapsed: 0.013	Loglikelihood: -74079	(delta): -1.45519e-11
72 (QN/Block) 	Elapsed: 0.013	Loglikelihood: -74079	(delta): 1.45519e-11
73 (QN/Block) 	Elapsed: 0.012	Loglikelihood: -74079	(delta): 0
74 (QN/Block) 	Elapsed: 0.012	Loglikelihood: -74079	(delta): -1.45519e-11
75 (QN/Block) 	Elapsed: 0.013	Loglikelihood: -74079	(delta): 0
76 (QN/Block) 	Elapsed: 0.013	Loglikelihood: -74079	(delta): 1.45519e-11
77 (QN/Block) 	Elapsed: 0.014	Loglikelihood: -74079	(delta): 0
78 (QN/Block) 	Elapsed: 0.012	Loglikelihood: -74079	(delta): 0
79 (QN/Block) 	Elapsed: 0.014	Loglikelihood: -74079	(delta): 0
80 (QN/Block) 	Elapsed: 0.012	Loglikelihood: -74079	(delta): 0
81 (QN/Block) 	Elapsed: 0.012	Loglikelihood: -74079	(delta): 0
82 (QN/Block) 	Elapsed: 0.013	Loglikelihood: -74079	(delta): 0
83 (QN/Block) 	Elapsed: 0.013	Loglikelihood: -74079	(delta): 0
84 (QN/Block) 	Elapsed: 0.012	Loglikelihood: -74079	(delta): 0
85 (QN/Block) 	Elapsed: 0.013	Loglikelihood: -74079	(delta): -1.45519e-11
86 (QN/Block) 	Elapsed: 0.015	Loglikelihood: -74079	(delta): 1.45519e-11
87 (QN/Block) 	Elapsed: 0.02	Loglikelihood: -74079	(delta): 0
88 (QN/Block) 	Elapsed: 0.017	Loglikelihood: -74079	(delta): -1.45519e-11
89 (QN/Block) 	Elapsed: 0.016	Loglikelihood: -74079	(delta): 1.45519e-11
90 (QN/Block) 	Elapsed: 0.016	Loglikelihood: -74079	(delta): 0
91 (QN/Block) 	Elapsed: 0.015	Loglikelihood: -74079	(delta): -1.45519e-11
92 (QN/Block) 	Elapsed: 0.014	Loglikelihood: -74079	(delta): 0
93 (QN/Block) 	Elapsed: 0.013	Loglikelihood: -74079	(delta): 0
94 (QN/Block) 	Elapsed: 0.013	Loglikelihood: -74079	(delta): 0
95 (QN/Block) 	Elapsed: 0.012	Loglikelihood: -74079	(delta): 1.45519e-11
96 (QN/Block) 	Elapsed: 0.013	Loglikelihood: -74079	(delta): -1.45519e-11
97 (QN/Block) 	Elapsed: 0.013	Loglikelihood: -74079	(delta): 0
98 (QN/Block) 	Elapsed: 0.013	Loglikelihood: -74079	(delta): 1.45519e-11
99 (QN/Block) 	Elapsed: 0.013	Loglikelihood: -74079	(delta): -1.45519e-11
100 (QN/Block) 	Elapsed: 0.013	Loglikelihood: -74079	(delta): 1.45519e-11
Summary: 
Converged in 100 iterations (1.415 sec)
Loglikelihood: -74078.966918
Fst divergences between estimated populations: 
	Pop0	
Pop0	
Pop1	0.472	
CV error (K=2): 0.45804
Writing output files.
