****                   ADMIXTURE Version 1.3.0                  ****
****                    Copyright 2008-2015                     ****
****           David Alexander, Suyash Shringarpure,            ****
****                John  Novembre, Ken Lange                   ****
****                                                            ****
****                 Please cite our paper!                     ****
****   Information at www.genetics.ucla.edu/software/admixture  ****

Parallel execution requested.  Will use 8 threads.
Cross-validation will be performed.  Folds=10.
Random seed: 43
Point estimation method: Block relaxation algorithm
Convergence acceleration algorithm: QuasiNewton, 3 secant conditions
Point estimation will terminate at 100 iterations
Estimation of standard errors disabled; will compute point estimates only.
Size of G: 121x1282
Performing five EM steps to prime main algorithm
1 (EM) 	Elapsed: 0.016	Loglikelihood: -108382	(delta): 106298
2 (EM) 	Elapsed: 0.017	Loglikelihood: -103101	(delta): 5280.92
3 (EM) 	Elapsed: 0.016	Loglikelihood: -101365	(delta): 1736.02
4 (EM) 	Elapsed: 0.017	Loglikelihood: -99795.7	(delta): 1568.9
5 (EM) 	Elapsed: 0.028	Loglikelihood: -98043.1	(delta): 1752.62
Initial loglikelihood: -98043.1
Starting main algorithm
1 (QN/Block) 	Elapsed: 0.033	Loglikelihood: -66769.8	(delta): 31273.3
2 (QN/Block) 	Elapsed: 0.036	Loglikelihood: -61784.2	(delta): 4985.58
3 (QN/Block) 	Elapsed: 0.034	Loglikelihood: -59545	(delta): 2239.18
4 (QN/Block) 	Elapsed: 0.032	Loglikelihood: -58392.2	(delta): 1152.82
5 (QN/Block) 	Elapsed: 0.034	Loglikelihood: -57917.4	(delta): 474.845
6 (QN/Block) 	Elapsed: 0.037	Loglikelihood: -57778.8	(delta): 138.556
7 (QN/Block) 	Elapsed: 0.031	Loglikelihood: -57754	(delta): 24.8183
8 (QN/Block) 	Elapsed: 0.034	Loglikelihood: -57740.4	(delta): 13.6323
9 (QN/Block) 	Elapsed: 0.038	Loglikelihood: -57730.5	(delta): 9.8412
10 (QN/Block) 	Elapsed: 0.038	Loglikelihood: -57726.8	(delta): 3.70225
11 (QN/Block) 	Elapsed: 0.034	Loglikelihood: -57725.6	(delta): 1.24443
12 (QN/Block) 	Elapsed: 0.033	Loglikelihood: -57725	(delta): 0.606597
13 (QN/Block) 	Elapsed: 0.033	Loglikelihood: -57724.5	(delta): 0.504683
14 (QN/Block) 	Elapsed: 0.036	Loglikelihood: -57724.3	(delta): 0.127429
15 (QN/Block) 	Elapsed: 0.028	Loglikelihood: -57724.2	(delta): 0.122899
16 (QN/Block) 	Elapsed: 0.028	Loglikelihood: -57724.1	(delta): 0.0694272
17 (QN/Block) 	Elapsed: 0.036	Loglikelihood: -57724	(delta): 0.100726
18 (QN/Block) 	Elapsed: 0.029	Loglikelihood: -57723.9	(delta): 0.141349
19 (QN/Block) 	Elapsed: 0.029	Loglikelihood: -57723.7	(delta): 0.234107
20 (QN/Block) 	Elapsed: 0.029	Loglikelihood: -57723.2	(delta): 0.415974
21 (QN/Block) 	Elapsed: 0.04	Loglikelihood: -57722.6	(delta): 0.683715
22 (QN/Block) 	Elapsed: 0.04	Loglikelihood: -57721.8	(delta): 0.750019
23 (QN/Block) 	Elapsed: 0.036	Loglikelihood: -57721.8	(delta): 0.023981
24 (QN/Block) 	Elapsed: 0.038	Loglikelihood: -57721.8	(delta): 0.0114513
25 (QN/Block) 	Elapsed: 0.039	Loglikelihood: -57721.8	(delta): 0.00718567
26 (QN/Block) 	Elapsed: 0.038	Loglikelihood: -57721.8	(delta): 0.00185896
27 (QN/Block) 	Elapsed: 0.034	Loglikelihood: -57721.8	(delta): 0.000568029
28 (QN/Block) 	Elapsed: 0.031	Loglikelihood: -57721.8	(delta): 0.000260859
29 (QN/Block) 	Elapsed: 0.034	Loglikelihood: -57721.8	(delta): 3.93312e-05
30 (QN/Block) 	Elapsed: 0.028	Loglikelihood: -57721.8	(delta): 1.07509e-05
31 (QN/Block) 	Elapsed: 0.035	Loglikelihood: -57721.8	(delta): 2.01304e-06
32 (QN/Block) 	Elapsed: 0.033	Loglikelihood: -57721.8	(delta): 3.80111e-07
33 (QN/Block) 	Elapsed: 0.031	Loglikelihood: -57721.8	(delta): 2.3139e-07
34 (QN/Block) 	Elapsed: 0.034	Loglikelihood: -57721.8	(delta): 6.62403e-08
35 (QN/Block) 	Elapsed: 0.032	Loglikelihood: -57721.8	(delta): 1.29221e-08
36 (QN/Block) 	Elapsed: 0.032	Loglikelihood: -57721.8	(delta): 2.32103e-09
37 (QN/Block) 	Elapsed: 0.031	Loglikelihood: -57721.8	(delta): 1.6953e-09
38 (QN/Block) 	Elapsed: 0.032	Loglikelihood: -57721.8	(delta): 4.00178e-10
39 (QN/Block) 	Elapsed: 0.028	Loglikelihood: -57721.8	(delta): 1.01863e-10
40 (QN/Block) 	Elapsed: 0.033	Loglikelihood: -57721.8	(delta): 4.36557e-11
41 (QN/Block) 	Elapsed: 0.035	Loglikelihood: -57721.8	(delta): 0
42 (QN/Block) 	Elapsed: 0.044	Loglikelihood: -57721.8	(delta): 7.27596e-12
43 (QN/Block) 	Elapsed: 0.045	Loglikelihood: -57721.8	(delta): 0
44 (QN/Block) 	Elapsed: 0.04	Loglikelihood: -57721.8	(delta): 0
45 (QN/Block) 	Elapsed: 0.037	Loglikelihood: -57721.8	(delta): 7.27596e-12
46 (QN/Block) 	Elapsed: 0.035	Loglikelihood: -57721.8	(delta): -1.45519e-11
47 (QN/Block) 	Elapsed: 0.031	Loglikelihood: -57721.8	(delta): 1.45519e-11
48 (QN/Block) 	Elapsed: 0.035	Loglikelihood: -57721.8	(delta): -7.27596e-12
49 (QN/Block) 	Elapsed: 0.035	Loglikelihood: -57721.8	(delta): 1.45519e-11
50 (QN/Block) 	Elapsed: 0.031	Loglikelihood: -57721.8	(delta): 7.27596e-12
51 (QN/Block) 	Elapsed: 0.032	Loglikelihood: -57721.8	(delta): -7.27596e-12
52 (QN/Block) 	Elapsed: 0.039	Loglikelihood: -57721.8	(delta): 0
53 (QN/Block) 	Elapsed: 0.039	Loglikelihood: -57721.8	(delta): 0
54 (QN/Block) 	Elapsed: 0.04	Loglikelihood: -57721.8	(delta): 7.27596e-12
55 (QN/Block) 	Elapsed: 0.039	Loglikelihood: -57721.8	(delta): -7.27596e-12
56 (QN/Block) 	Elapsed: 0.039	Loglikelihood: -57721.8	(delta): -1.45519e-11
57 (QN/Block) 	Elapsed: 0.037	Loglikelihood: -57721.8	(delta): 7.27596e-12
58 (QN/Block) 	Elapsed: 0.038	Loglikelihood: -57721.8	(delta): -7.27596e-12
59 (QN/Block) 	Elapsed: 0.036	Loglikelihood: -57721.8	(delta): 7.27596e-12
60 (QN/Block) 	Elapsed: 0.039	Loglikelihood: -57721.8	(delta): -7.27596e-12
61 (QN/Block) 	Elapsed: 0.037	Loglikelihood: -57721.8	(delta): 1.45519e-11
62 (QN/Block) 	Elapsed: 0.031	Loglikelihood: -57721.8	(delta): 7.27596e-12
63 (QN/Block) 	Elapsed: 0.031	Loglikelihood: -57721.8	(delta): -7.27596e-12
64 (QN/Block) 	Elapsed: 0.032	Loglikelihood: -57721.8	(delta): -7.27596e-12
65 (QN/Block) 	Elapsed: 0.036	Loglikelihood: -57721.8	(delta): -7.27596e-12
66 (QN/Block) 	Elapsed: 0.035	Loglikelihood: -57721.8	(delta): 7.27596e-12
67 (QN/Block) 	Elapsed: 0.033	Loglikelihood: -57721.8	(delta): 7.27596e-12
68 (QN/Block) 	Elapsed: 0.03	Loglikelihood: -57721.8	(delta): 0
69 (QN/Block) 	Elapsed: 0.039	Loglikelihood: -57721.8	(delta): -7.27596e-12
70 (QN/Block) 	Elapsed: 0.032	Loglikelihood: -57721.8	(delta): 0
71 (QN/Block) 	Elapsed: 0.032	Loglikelihood: -57721.8	(delta): 7.27596e-12
72 (QN/Block) 	Elapsed: 0.037	Loglikelihood: -57721.8	(delta): 7.27596e-12
73 (QN/Block) 	Elapsed: 0.031	Loglikelihood: -57721.8	(delta): -7.27596e-12
74 (QN/Block) 	Elapsed: 0.033	Loglikelihood: -57721.8	(delta): -7.27596e-12
75 (QN/Block) 	Elapsed: 0.032	Loglikelihood: -57721.8	(delta): -7.27596e-12
76 (QN/Block) 	Elapsed: 0.036	Loglikelihood: -57721.8	(delta): 1.45519e-11
77 (QN/Block) 	Elapsed: 0.032	Loglikelihood: -57721.8	(delta): -7.27596e-12
78 (QN/Block) 	Elapsed: 0.03	Loglikelihood: -57721.8	(delta): 1.45519e-11
79 (QN/Block) 	Elapsed: 0.031	Loglikelihood: -57721.8	(delta): -7.27596e-12
80 (QN/Block) 	Elapsed: 0.032	Loglikelihood: -57721.8	(delta): 7.27596e-12
81 (QN/Block) 	Elapsed: 0.033	Loglikelihood: -57721.8	(delta): 7.27596e-12
82 (QN/Block) 	Elapsed: 0.029	Loglikelihood: -57721.8	(delta): -1.45519e-11
83 (QN/Block) 	Elapsed: 0.037	Loglikelihood: -57721.8	(delta): 7.27596e-12
84 (QN/Block) 	Elapsed: 0.041	Loglikelihood: -57721.8	(delta): 0
85 (QN/Block) 	Elapsed: 0.031	Loglikelihood: -57721.8	(delta): -7.27596e-12
86 (QN/Block) 	Elapsed: 0.03	Loglikelihood: -57721.8	(delta): 0
87 (QN/Block) 	Elapsed: 0.031	Loglikelihood: -57721.8	(delta): 0
88 (QN/Block) 	Elapsed: 0.029	Loglikelihood: -57721.8	(delta): 7.27596e-12
89 (QN/Block) 	Elapsed: 0.029	Loglikelihood: -57721.8	(delta): 0
90 (QN/Block) 	Elapsed: 0.032	Loglikelihood: -57721.8	(delta): 0
91 (QN/Block) 	Elapsed: 0.033	Loglikelihood: -57721.8	(delta): -7.27596e-12
92 (QN/Block) 	Elapsed: 0.037	Loglikelihood: -57721.8	(delta): 7.27596e-12
93 (QN/Block) 	Elapsed: 0.033	Loglikelihood: -57721.8	(delta): 0
94 (QN/Block) 	Elapsed: 0.028	Loglikelihood: -57721.8	(delta): -7.27596e-12
95 (QN/Block) 	Elapsed: 0.032	Loglikelihood: -57721.8	(delta): 0
96 (QN/Block) 	Elapsed: 0.029	Loglikelihood: -57721.8	(delta): -7.27596e-12
97 (QN/Block) 	Elapsed: 0.031	Loglikelihood: -57721.8	(delta): 7.27596e-12
98 (QN/Block) 	Elapsed: 0.036	Loglikelihood: -57721.8	(delta): 0
99 (QN/Block) 	Elapsed: 0.036	Loglikelihood: -57721.8	(delta): 0
100 (QN/Block) 	Elapsed: 0.028	Loglikelihood: -57721.8	(delta): -7.27596e-12
Summary: 
Converged in 100 iterations (3.629 sec)
Loglikelihood: -57721.766148
Fst divergences between estimated populations: 
	Pop0	Pop1	Pop2	Pop3	Pop4	Pop5	
Pop0	
Pop1	0.421	
Pop2	0.481	0.246	
Pop3	0.568	0.471	0.501	
Pop4	0.600	0.505	0.528	0.126	
Pop5	0.206	0.411	0.465	0.550	0.581	
Pop6	0.243	0.432	0.487	0.571	0.599	0.208	
CV error (K=7): 0.45004
Writing output files.
