****                   ADMIXTURE Version 1.3.0                  ****
****                    Copyright 2008-2015                     ****
****           David Alexander, Suyash Shringarpure,            ****
****                John  Novembre, Ken Lange                   ****
****                                                            ****
****                 Please cite our paper!                     ****
****   Information at www.genetics.ucla.edu/software/admixture  ****

Parallel execution requested.  Will use 8 threads.
Cross-validation will be performed.  Folds=10.
Random seed: 43
Point estimation method: Block relaxation algorithm
Convergence acceleration algorithm: QuasiNewton, 3 secant conditions
Point estimation will terminate at 100 iterations
Estimation of standard errors disabled; will compute point estimates only.
Size of G: 92x945
Performing five EM steps to prime main algorithm
1 (EM) 	Elapsed: 0.006	Loglikelihood: -46042.8	(delta): 80832.5
2 (EM) 	Elapsed: 0.006	Loglikelihood: -43355.1	(delta): 2687.68
3 (EM) 	Elapsed: 0.006	Loglikelihood: -42749.4	(delta): 605.699
4 (EM) 	Elapsed: 0.006	Loglikelihood: -42394.4	(delta): 354.995
5 (EM) 	Elapsed: 0.006	Loglikelihood: -42128.3	(delta): 266.089
Initial loglikelihood: -42128.3
Starting main algorithm
1 (QN/Block) 	Elapsed: 0.016	Loglikelihood: -38204.1	(delta): 3924.25
2 (QN/Block) 	Elapsed: 0.017	Loglikelihood: -37273.7	(delta): 930.414
3 (QN/Block) 	Elapsed: 0.018	Loglikelihood: -36912.3	(delta): 361.356
4 (QN/Block) 	Elapsed: 0.015	Loglikelihood: -36733.5	(delta): 178.801
5 (QN/Block) 	Elapsed: 0.018	Loglikelihood: -36645.9	(delta): 87.5636
6 (QN/Block) 	Elapsed: 0.015	Loglikelihood: -36622.7	(delta): 23.2018
7 (QN/Block) 	Elapsed: 0.018	Loglikelihood: -36609.7	(delta): 13.0742
8 (QN/Block) 	Elapsed: 0.017	Loglikelihood: -36598.7	(delta): 10.9952
9 (QN/Block) 	Elapsed: 0.017	Loglikelihood: -36595.1	(delta): 3.56908
10 (QN/Block) 	Elapsed: 0.017	Loglikelihood: -36591.4	(delta): 3.66097
11 (QN/Block) 	Elapsed: 0.014	Loglikelihood: -36589	(delta): 2.40374
12 (QN/Block) 	Elapsed: 0.016	Loglikelihood: -36587.8	(delta): 1.26828
13 (QN/Block) 	Elapsed: 0.016	Loglikelihood: -36586.2	(delta): 1.56812
14 (QN/Block) 	Elapsed: 0.017	Loglikelihood: -36583.4	(delta): 2.80581
15 (QN/Block) 	Elapsed: 0.018	Loglikelihood: -36578.4	(delta): 5.0348
16 (QN/Block) 	Elapsed: 0.016	Loglikelihood: -36576.4	(delta): 2.00202
17 (QN/Block) 	Elapsed: 0.015	Loglikelihood: -36574.2	(delta): 2.15469
18 (QN/Block) 	Elapsed: 0.017	Loglikelihood: -36573.3	(delta): 0.943817
19 (QN/Block) 	Elapsed: 0.018	Loglikelihood: -36572.6	(delta): 0.663007
20 (QN/Block) 	Elapsed: 0.018	Loglikelihood: -36572	(delta): 0.589404
21 (QN/Block) 	Elapsed: 0.016	Loglikelihood: -36571.4	(delta): 0.604132
22 (QN/Block) 	Elapsed: 0.018	Loglikelihood: -36570.5	(delta): 0.923813
23 (QN/Block) 	Elapsed: 0.016	Loglikelihood: -36569.5	(delta): 0.942248
24 (QN/Block) 	Elapsed: 0.015	Loglikelihood: -36569.2	(delta): 0.327522
25 (QN/Block) 	Elapsed: 0.016	Loglikelihood: -36567.8	(delta): 1.42113
26 (QN/Block) 	Elapsed: 0.016	Loglikelihood: -36565.2	(delta): 2.62326
27 (QN/Block) 	Elapsed: 0.016	Loglikelihood: -36562.9	(delta): 2.29267
28 (QN/Block) 	Elapsed: 0.014	Loglikelihood: -36562.8	(delta): 0.0808965
29 (QN/Block) 	Elapsed: 0.016	Loglikelihood: -36562.6	(delta): 0.13712
30 (QN/Block) 	Elapsed: 0.018	Loglikelihood: -36562.4	(delta): 0.213023
31 (QN/Block) 	Elapsed: 0.017	Loglikelihood: -36562.4	(delta): 0.011443
32 (QN/Block) 	Elapsed: 0.014	Loglikelihood: -36562.4	(delta): 0.00477994
33 (QN/Block) 	Elapsed: 0.015	Loglikelihood: -36562.4	(delta): 0.00330801
34 (QN/Block) 	Elapsed: 0.015	Loglikelihood: -36562.4	(delta): 0.0021947
35 (QN/Block) 	Elapsed: 0.015	Loglikelihood: -36562.4	(delta): 0.00154075
36 (QN/Block) 	Elapsed: 0.017	Loglikelihood: -36562.4	(delta): 0.00369787
37 (QN/Block) 	Elapsed: 0.016	Loglikelihood: -36562.4	(delta): 0.00314767
38 (QN/Block) 	Elapsed: 0.017	Loglikelihood: -36562.4	(delta): 0.00724266
39 (QN/Block) 	Elapsed: 0.018	Loglikelihood: -36562.4	(delta): 0.0126863
40 (QN/Block) 	Elapsed: 0.017	Loglikelihood: -36562.4	(delta): 0.0116471
41 (QN/Block) 	Elapsed: 0.019	Loglikelihood: -36562.4	(delta): 0.0136774
42 (QN/Block) 	Elapsed: 0.019	Loglikelihood: -36562.1	(delta): 0.279703
43 (QN/Block) 	Elapsed: 0.019	Loglikelihood: -36561.9	(delta): 0.185477
44 (QN/Block) 	Elapsed: 0.018	Loglikelihood: -36561.8	(delta): 0.0798237
45 (QN/Block) 	Elapsed: 0.019	Loglikelihood: -36561.7	(delta): 0.142405
46 (QN/Block) 	Elapsed: 0.019	Loglikelihood: -36561.6	(delta): 0.0380678
47 (QN/Block) 	Elapsed: 0.019	Loglikelihood: -36561.6	(delta): 0.0474022
48 (QN/Block) 	Elapsed: 0.019	Loglikelihood: -36561.5	(delta): 0.0644834
49 (QN/Block) 	Elapsed: 0.019	Loglikelihood: -36561.5	(delta): 0.0574309
50 (QN/Block) 	Elapsed: 0.019	Loglikelihood: -36561.5	(delta): 0.00636364
51 (QN/Block) 	Elapsed: 0.014	Loglikelihood: -36561.5	(delta): 0.0052468
52 (QN/Block) 	Elapsed: 0.014	Loglikelihood: -36561.5	(delta): 0.00059362
53 (QN/Block) 	Elapsed: 0.016	Loglikelihood: -36561.5	(delta): 2.83808e-05
54 (QN/Block) 	Elapsed: 0.013	Loglikelihood: -36561.5	(delta): 2.88063e-06
55 (QN/Block) 	Elapsed: 0.014	Loglikelihood: -36561.5	(delta): 1.94035e-07
56 (QN/Block) 	Elapsed: 0.016	Loglikelihood: -36561.5	(delta): 6.39557e-09
57 (QN/Block) 	Elapsed: 0.014	Loglikelihood: -36561.5	(delta): 5.89353e-10
58 (QN/Block) 	Elapsed: 0.015	Loglikelihood: -36561.5	(delta): 4.36557e-11
59 (QN/Block) 	Elapsed: 0.018	Loglikelihood: -36561.5	(delta): 7.27596e-12
60 (QN/Block) 	Elapsed: 0.021	Loglikelihood: -36561.5	(delta): 7.27596e-12
61 (QN/Block) 	Elapsed: 0.018	Loglikelihood: -36561.5	(delta): -1.45519e-11
62 (QN/Block) 	Elapsed: 0.016	Loglikelihood: -36561.5	(delta): 0
63 (QN/Block) 	Elapsed: 0.017	Loglikelihood: -36561.5	(delta): 7.27596e-12
64 (QN/Block) 	Elapsed: 0.016	Loglikelihood: -36561.5	(delta): -7.27596e-12
65 (QN/Block) 	Elapsed: 0.019	Loglikelihood: -36561.5	(delta): 7.27596e-12
66 (QN/Block) 	Elapsed: 0.018	Loglikelihood: -36561.5	(delta): 0
67 (QN/Block) 	Elapsed: 0.018	Loglikelihood: -36561.5	(delta): 7.27596e-12
68 (QN/Block) 	Elapsed: 0.015	Loglikelihood: -36561.5	(delta): -1.45519e-11
69 (QN/Block) 	Elapsed: 0.016	Loglikelihood: -36561.5	(delta): 0
70 (QN/Block) 	Elapsed: 0.014	Loglikelihood: -36561.5	(delta): 7.27596e-12
71 (QN/Block) 	Elapsed: 0.015	Loglikelihood: -36561.5	(delta): 0
72 (QN/Block) 	Elapsed: 0.018	Loglikelihood: -36561.5	(delta): 0
73 (QN/Block) 	Elapsed: 0.018	Loglikelihood: -36561.5	(delta): 0
74 (QN/Block) 	Elapsed: 0.017	Loglikelihood: -36561.5	(delta): 0
75 (QN/Block) 	Elapsed: 0.016	Loglikelihood: -36561.5	(delta): 0
76 (QN/Block) 	Elapsed: 0.016	Loglikelihood: -36561.5	(delta): 0
77 (QN/Block) 	Elapsed: 0.015	Loglikelihood: -36561.5	(delta): 0
78 (QN/Block) 	Elapsed: 0.017	Loglikelihood: -36561.5	(delta): -7.27596e-12
79 (QN/Block) 	Elapsed: 0.019	Loglikelihood: -36561.5	(delta): 7.27596e-12
80 (QN/Block) 	Elapsed: 0.014	Loglikelihood: -36561.5	(delta): 0
81 (QN/Block) 	Elapsed: 0.015	Loglikelihood: -36561.5	(delta): -7.27596e-12
82 (QN/Block) 	Elapsed: 0.018	Loglikelihood: -36561.5	(delta): 7.27596e-12
83 (QN/Block) 	Elapsed: 0.015	Loglikelihood: -36561.5	(delta): 0
84 (QN/Block) 	Elapsed: 0.015	Loglikelihood: -36561.5	(delta): 0
85 (QN/Block) 	Elapsed: 0.015	Loglikelihood: -36561.5	(delta): 0
86 (QN/Block) 	Elapsed: 0.016	Loglikelihood: -36561.5	(delta): 0
87 (QN/Block) 	Elapsed: 0.018	Loglikelihood: -36561.5	(delta): -7.27596e-12
88 (QN/Block) 	Elapsed: 0.015	Loglikelihood: -36561.5	(delta): 0
89 (QN/Block) 	Elapsed: 0.015	Loglikelihood: -36561.5	(delta): 7.27596e-12
90 (QN/Block) 	Elapsed: 0.015	Loglikelihood: -36561.5	(delta): -7.27596e-12
91 (QN/Block) 	Elapsed: 0.014	Loglikelihood: -36561.5	(delta): 7.27596e-12
92 (QN/Block) 	Elapsed: 0.015	Loglikelihood: -36561.5	(delta): 0
93 (QN/Block) 	Elapsed: 0.017	Loglikelihood: -36561.5	(delta): -7.27596e-12
94 (QN/Block) 	Elapsed: 0.017	Loglikelihood: -36561.5	(delta): 0
95 (QN/Block) 	Elapsed: 0.018	Loglikelihood: -36561.5	(delta): 1.45519e-11
96 (QN/Block) 	Elapsed: 0.019	Loglikelihood: -36561.5	(delta): -7.27596e-12
97 (QN/Block) 	Elapsed: 0.018	Loglikelihood: -36561.5	(delta): 0
98 (QN/Block) 	Elapsed: 0.018	Loglikelihood: -36561.5	(delta): 0
99 (QN/Block) 	Elapsed: 0.015	Loglikelihood: -36561.5	(delta): 0
100 (QN/Block) 	Elapsed: 0.015	Loglikelihood: -36561.5	(delta): 0
Summary: 
Converged in 100 iterations (1.787 sec)
Loglikelihood: -36561.452833
Fst divergences between estimated populations: 
	Pop0	Pop1	Pop2	Pop3	
Pop0	
Pop1	0.203	
Pop2	0.065	0.197	
Pop3	0.200	0.072	0.200	
Pop4	0.077	0.212	0.081	0.213	
CV error (K=5): 0.36967
Writing output files.
