****                   ADMIXTURE Version 1.3.0                  ****
****                    Copyright 2008-2015                     ****
****           David Alexander, Suyash Shringarpure,            ****
****                John  Novembre, Ken Lange                   ****
****                                                            ****
****                 Please cite our paper!                     ****
****   Information at www.genetics.ucla.edu/software/admixture  ****

Parallel execution requested.  Will use 8 threads.
Cross-validation will be performed.  Folds=10.
Random seed: 43
Point estimation method: Block relaxation algorithm
Convergence acceleration algorithm: QuasiNewton, 3 secant conditions
Point estimation will terminate at 100 iterations
Estimation of standard errors disabled; will compute point estimates only.
Size of G: 92x945
Performing five EM steps to prime main algorithm
1 (EM) 	Elapsed: 0.004	Loglikelihood: -45794.6	(delta): 81594.9
2 (EM) 	Elapsed: 0.005	Loglikelihood: -43464.8	(delta): 2329.84
3 (EM) 	Elapsed: 0.004	Loglikelihood: -42916.7	(delta): 548.12
4 (EM) 	Elapsed: 0.005	Loglikelihood: -42597.6	(delta): 319.12
5 (EM) 	Elapsed: 0.006	Loglikelihood: -42379.8	(delta): 217.814
Initial loglikelihood: -42379.8
Starting main algorithm
1 (QN/Block) 	Elapsed: 0.012	Loglikelihood: -38817.6	(delta): 3562.2
2 (QN/Block) 	Elapsed: 0.012	Loglikelihood: -37840.6	(delta): 976.998
3 (QN/Block) 	Elapsed: 0.012	Loglikelihood: -37452.4	(delta): 388.104
4 (QN/Block) 	Elapsed: 0.013	Loglikelihood: -37237.6	(delta): 214.871
5 (QN/Block) 	Elapsed: 0.013	Loglikelihood: -37148.5	(delta): 89.058
6 (QN/Block) 	Elapsed: 0.014	Loglikelihood: -37112.9	(delta): 35.6474
7 (QN/Block) 	Elapsed: 0.012	Loglikelihood: -37099.1	(delta): 13.7552
8 (QN/Block) 	Elapsed: 0.013	Loglikelihood: -37084	(delta): 15.1002
9 (QN/Block) 	Elapsed: 0.012	Loglikelihood: -37071.8	(delta): 12.2322
10 (QN/Block) 	Elapsed: 0.014	Loglikelihood: -37060.2	(delta): 11.5355
11 (QN/Block) 	Elapsed: 0.012	Loglikelihood: -37048.5	(delta): 11.7704
12 (QN/Block) 	Elapsed: 0.013	Loglikelihood: -37044.2	(delta): 4.27715
13 (QN/Block) 	Elapsed: 0.013	Loglikelihood: -37041.8	(delta): 2.38052
14 (QN/Block) 	Elapsed: 0.012	Loglikelihood: -37037.2	(delta): 4.58125
15 (QN/Block) 	Elapsed: 0.014	Loglikelihood: -37033.7	(delta): 3.535
16 (QN/Block) 	Elapsed: 0.012	Loglikelihood: -37028.7	(delta): 4.97175
17 (QN/Block) 	Elapsed: 0.013	Loglikelihood: -37022.9	(delta): 5.79167
18 (QN/Block) 	Elapsed: 0.016	Loglikelihood: -37020.2	(delta): 2.75962
19 (QN/Block) 	Elapsed: 0.013	Loglikelihood: -37018.1	(delta): 2.097
20 (QN/Block) 	Elapsed: 0.012	Loglikelihood: -37017	(delta): 1.07991
21 (QN/Block) 	Elapsed: 0.014	Loglikelihood: -37015.3	(delta): 1.70077
22 (QN/Block) 	Elapsed: 0.012	Loglikelihood: -37014.4	(delta): 0.948534
23 (QN/Block) 	Elapsed: 0.011	Loglikelihood: -37014	(delta): 0.386935
24 (QN/Block) 	Elapsed: 0.013	Loglikelihood: -37013.7	(delta): 0.235413
25 (QN/Block) 	Elapsed: 0.014	Loglikelihood: -37013.3	(delta): 0.414685
26 (QN/Block) 	Elapsed: 0.015	Loglikelihood: -37012.8	(delta): 0.530823
27 (QN/Block) 	Elapsed: 0.015	Loglikelihood: -37012.5	(delta): 0.279394
28 (QN/Block) 	Elapsed: 0.013	Loglikelihood: -37012.2	(delta): 0.26068
29 (QN/Block) 	Elapsed: 0.013	Loglikelihood: -37011.3	(delta): 0.939019
30 (QN/Block) 	Elapsed: 0.015	Loglikelihood: -37010.7	(delta): 0.572182
31 (QN/Block) 	Elapsed: 0.014	Loglikelihood: -37010.6	(delta): 0.151607
32 (QN/Block) 	Elapsed: 0.013	Loglikelihood: -37010.4	(delta): 0.204792
33 (QN/Block) 	Elapsed: 0.013	Loglikelihood: -37010.1	(delta): 0.27798
34 (QN/Block) 	Elapsed: 0.013	Loglikelihood: -37009.7	(delta): 0.360303
35 (QN/Block) 	Elapsed: 0.012	Loglikelihood: -37009.1	(delta): 0.601028
36 (QN/Block) 	Elapsed: 0.013	Loglikelihood: -37008.4	(delta): 0.724838
37 (QN/Block) 	Elapsed: 0.015	Loglikelihood: -37007.9	(delta): 0.488117
38 (QN/Block) 	Elapsed: 0.016	Loglikelihood: -37007.1	(delta): 0.782757
39 (QN/Block) 	Elapsed: 0.014	Loglikelihood: -37007	(delta): 0.167826
40 (QN/Block) 	Elapsed: 0.014	Loglikelihood: -37006.9	(delta): 0.0604366
41 (QN/Block) 	Elapsed: 0.011	Loglikelihood: -37006.9	(delta): 0.0447012
42 (QN/Block) 	Elapsed: 0.012	Loglikelihood: -37006.9	(delta): 0.0124312
43 (QN/Block) 	Elapsed: 0.011	Loglikelihood: -37006.9	(delta): 0.00523931
44 (QN/Block) 	Elapsed: 0.013	Loglikelihood: -37006.9	(delta): 0.000863749
45 (QN/Block) 	Elapsed: 0.016	Loglikelihood: -37006.9	(delta): 0.000112174
46 (QN/Block) 	Elapsed: 0.012	Loglikelihood: -37006.9	(delta): 3.63363e-05
47 (QN/Block) 	Elapsed: 0.012	Loglikelihood: -37006.9	(delta): 2.83075e-06
48 (QN/Block) 	Elapsed: 0.013	Loglikelihood: -37006.9	(delta): 5.21475e-07
49 (QN/Block) 	Elapsed: 0.012	Loglikelihood: -37006.9	(delta): 1.27948e-07
50 (QN/Block) 	Elapsed: 0.012	Loglikelihood: -37006.9	(delta): 1.3104e-08
51 (QN/Block) 	Elapsed: 0.013	Loglikelihood: -37006.9	(delta): 7.27596e-10
52 (QN/Block) 	Elapsed: 0.013	Loglikelihood: -37006.9	(delta): 5.09317e-11
53 (QN/Block) 	Elapsed: 0.013	Loglikelihood: -37006.9	(delta): 0
54 (QN/Block) 	Elapsed: 0.015	Loglikelihood: -37006.9	(delta): 0
55 (QN/Block) 	Elapsed: 0.015	Loglikelihood: -37006.9	(delta): 0
56 (QN/Block) 	Elapsed: 0.013	Loglikelihood: -37006.9	(delta): 0
57 (QN/Block) 	Elapsed: 0.015	Loglikelihood: -37006.9	(delta): 0
58 (QN/Block) 	Elapsed: 0.014	Loglikelihood: -37006.9	(delta): 7.27596e-12
59 (QN/Block) 	Elapsed: 0.012	Loglikelihood: -37006.9	(delta): -7.27596e-12
60 (QN/Block) 	Elapsed: 0.014	Loglikelihood: -37006.9	(delta): 0
61 (QN/Block) 	Elapsed: 0.013	Loglikelihood: -37006.9	(delta): -7.27596e-12
62 (QN/Block) 	Elapsed: 0.013	Loglikelihood: -37006.9	(delta): 7.27596e-12
63 (QN/Block) 	Elapsed: 0.016	Loglikelihood: -37006.9	(delta): 0
64 (QN/Block) 	Elapsed: 0.017	Loglikelihood: -37006.9	(delta): 0
65 (QN/Block) 	Elapsed: 0.017	Loglikelihood: -37006.9	(delta): 0
66 (QN/Block) 	Elapsed: 0.016	Loglikelihood: -37006.9	(delta): 0
67 (QN/Block) 	Elapsed: 0.015	Loglikelihood: -37006.9	(delta): 0
68 (QN/Block) 	Elapsed: 0.018	Loglikelihood: -37006.9	(delta): 0
69 (QN/Block) 	Elapsed: 0.019	Loglikelihood: -37006.9	(delta): 0
70 (QN/Block) 	Elapsed: 0.019	Loglikelihood: -37006.9	(delta): 0
71 (QN/Block) 	Elapsed: 0.014	Loglikelihood: -37006.9	(delta): 0
72 (QN/Block) 	Elapsed: 0.013	Loglikelihood: -37006.9	(delta): 7.27596e-12
73 (QN/Block) 	Elapsed: 0.014	Loglikelihood: -37006.9	(delta): -7.27596e-12
74 (QN/Block) 	Elapsed: 0.013	Loglikelihood: -37006.9	(delta): -7.27596e-12
75 (QN/Block) 	Elapsed: 0.013	Loglikelihood: -37006.9	(delta): 0
76 (QN/Block) 	Elapsed: 0.014	Loglikelihood: -37006.9	(delta): 7.27596e-12
77 (QN/Block) 	Elapsed: 0.013	Loglikelihood: -37006.9	(delta): 7.27596e-12
78 (QN/Block) 	Elapsed: 0.016	Loglikelihood: -37006.9	(delta): 0
79 (QN/Block) 	Elapsed: 0.015	Loglikelihood: -37006.9	(delta): -1.45519e-11
80 (QN/Block) 	Elapsed: 0.015	Loglikelihood: -37006.9	(delta): 7.27596e-12
81 (QN/Block) 	Elapsed: 0.013	Loglikelihood: -37006.9	(delta): 7.27596e-12
82 (QN/Block) 	Elapsed: 0.015	Loglikelihood: -37006.9	(delta): -7.27596e-12
83 (QN/Block) 	Elapsed: 0.014	Loglikelihood: -37006.9	(delta): 0
84 (QN/Block) 	Elapsed: 0.014	Loglikelihood: -37006.9	(delta): -7.27596e-12
85 (QN/Block) 	Elapsed: 0.012	Loglikelihood: -37006.9	(delta): 7.27596e-12
86 (QN/Block) 	Elapsed: 0.014	Loglikelihood: -37006.9	(delta): 0
87 (QN/Block) 	Elapsed: 0.015	Loglikelihood: -37006.9	(delta): -7.27596e-12
88 (QN/Block) 	Elapsed: 0.015	Loglikelihood: -37006.9	(delta): 7.27596e-12
89 (QN/Block) 	Elapsed: 0.016	Loglikelihood: -37006.9	(delta): 0
90 (QN/Block) 	Elapsed: 0.016	Loglikelihood: -37006.9	(delta): 0
91 (QN/Block) 	Elapsed: 0.015	Loglikelihood: -37006.9	(delta): -7.27596e-12
92 (QN/Block) 	Elapsed: 0.015	Loglikelihood: -37006.9	(delta): 0
93 (QN/Block) 	Elapsed: 0.015	Loglikelihood: -37006.9	(delta): 7.27596e-12
94 (QN/Block) 	Elapsed: 0.015	Loglikelihood: -37006.9	(delta): 0
95 (QN/Block) 	Elapsed: 0.014	Loglikelihood: -37006.9	(delta): 0
96 (QN/Block) 	Elapsed: 0.013	Loglikelihood: -37006.9	(delta): 0
97 (QN/Block) 	Elapsed: 0.015	Loglikelihood: -37006.9	(delta): 0
98 (QN/Block) 	Elapsed: 0.013	Loglikelihood: -37006.9	(delta): 0
99 (QN/Block) 	Elapsed: 0.014	Loglikelihood: -37006.9	(delta): 0
100 (QN/Block) 	Elapsed: 0.014	Loglikelihood: -37006.9	(delta): 0
Summary: 
Converged in 100 iterations (1.501 sec)
Loglikelihood: -37006.852862
Fst divergences between estimated populations: 
	Pop0	Pop1	Pop2	
Pop0	
Pop1	0.185	
Pop2	0.050	0.190	
Pop3	0.081	0.203	0.089	
CV error (K=4): 0.35362
Writing output files.
