****                   ADMIXTURE Version 1.3.0                  ****
****                    Copyright 2008-2015                     ****
****           David Alexander, Suyash Shringarpure,            ****
****                John  Novembre, Ken Lange                   ****
****                                                            ****
****                 Please cite our paper!                     ****
****   Information at www.genetics.ucla.edu/software/admixture  ****

Parallel execution requested.  Will use 8 threads.
Cross-validation will be performed.  Folds=10.
Random seed: 43
Point estimation method: Block relaxation algorithm
Convergence acceleration algorithm: QuasiNewton, 3 secant conditions
Point estimation will terminate at 100 iterations
Estimation of standard errors disabled; will compute point estimates only.
Size of G: 92x945
Performing five EM steps to prime main algorithm
1 (EM) 	Elapsed: 0.012	Loglikelihood: -45910.5	(delta): 75174.2
2 (EM) 	Elapsed: 0.013	Loglikelihood: -43110.3	(delta): 2800.28
3 (EM) 	Elapsed: 0.013	Loglikelihood: -42534.7	(delta): 575.547
4 (EM) 	Elapsed: 0.012	Loglikelihood: -42178.6	(delta): 356.091
5 (EM) 	Elapsed: 0.012	Loglikelihood: -41896.7	(delta): 281.939
Initial loglikelihood: -41896.7
Starting main algorithm
1 (QN/Block) 	Elapsed: 0.017	Loglikelihood: -37117.8	(delta): 4778.85
2 (QN/Block) 	Elapsed: 0.017	Loglikelihood: -36010.8	(delta): 1107.06
3 (QN/Block) 	Elapsed: 0.022	Loglikelihood: -35517.5	(delta): 493.317
4 (QN/Block) 	Elapsed: 0.018	Loglikelihood: -35175	(delta): 342.418
5 (QN/Block) 	Elapsed: 0.017	Loglikelihood: -34993.4	(delta): 181.601
6 (QN/Block) 	Elapsed: 0.017	Loglikelihood: -34915.2	(delta): 78.2778
7 (QN/Block) 	Elapsed: 0.022	Loglikelihood: -34850.4	(delta): 64.7438
8 (QN/Block) 	Elapsed: 0.017	Loglikelihood: -34802.8	(delta): 47.6204
9 (QN/Block) 	Elapsed: 0.017	Loglikelihood: -34778.3	(delta): 24.4661
10 (QN/Block) 	Elapsed: 0.018	Loglikelihood: -34770.5	(delta): 7.7776
11 (QN/Block) 	Elapsed: 0.018	Loglikelihood: -34765.2	(delta): 5.3042
12 (QN/Block) 	Elapsed: 0.024	Loglikelihood: -34759.4	(delta): 5.79883
13 (QN/Block) 	Elapsed: 0.029	Loglikelihood: -34750.4	(delta): 9.02081
14 (QN/Block) 	Elapsed: 0.024	Loglikelihood: -34740.2	(delta): 10.1754
15 (QN/Block) 	Elapsed: 0.021	Loglikelihood: -34734.9	(delta): 5.33981
16 (QN/Block) 	Elapsed: 0.023	Loglikelihood: -34729.2	(delta): 5.75566
17 (QN/Block) 	Elapsed: 0.019	Loglikelihood: -34725.5	(delta): 3.6988
18 (QN/Block) 	Elapsed: 0.024	Loglikelihood: -34722.9	(delta): 2.52722
19 (QN/Block) 	Elapsed: 0.02	Loglikelihood: -34718.3	(delta): 4.63842
20 (QN/Block) 	Elapsed: 0.024	Loglikelihood: -34716.9	(delta): 1.43005
21 (QN/Block) 	Elapsed: 0.018	Loglikelihood: -34716.3	(delta): 0.510746
22 (QN/Block) 	Elapsed: 0.021	Loglikelihood: -34715.8	(delta): 0.538951
23 (QN/Block) 	Elapsed: 0.025	Loglikelihood: -34715.4	(delta): 0.451055
24 (QN/Block) 	Elapsed: 0.031	Loglikelihood: -34715.3	(delta): 0.0529918
25 (QN/Block) 	Elapsed: 0.026	Loglikelihood: -34715.2	(delta): 0.103438
26 (QN/Block) 	Elapsed: 0.029	Loglikelihood: -34714.7	(delta): 0.471897
27 (QN/Block) 	Elapsed: 0.023	Loglikelihood: -34712.4	(delta): 2.32123
28 (QN/Block) 	Elapsed: 0.026	Loglikelihood: -34710.1	(delta): 2.26652
29 (QN/Block) 	Elapsed: 0.023	Loglikelihood: -34709.4	(delta): 0.763196
30 (QN/Block) 	Elapsed: 0.025	Loglikelihood: -34709	(delta): 0.39131
31 (QN/Block) 	Elapsed: 0.022	Loglikelihood: -34708.9	(delta): 0.0956053
32 (QN/Block) 	Elapsed: 0.022	Loglikelihood: -34708.8	(delta): 0.0423463
33 (QN/Block) 	Elapsed: 0.018	Loglikelihood: -34708.8	(delta): 0.0428953
34 (QN/Block) 	Elapsed: 0.022	Loglikelihood: -34708.8	(delta): 0.0506106
35 (QN/Block) 	Elapsed: 0.022	Loglikelihood: -34708.7	(delta): 0.0627133
36 (QN/Block) 	Elapsed: 0.021	Loglikelihood: -34708.6	(delta): 0.07747
37 (QN/Block) 	Elapsed: 0.02	Loglikelihood: -34708.5	(delta): 0.0955033
38 (QN/Block) 	Elapsed: 0.024	Loglikelihood: -34708.4	(delta): 0.0706981
39 (QN/Block) 	Elapsed: 0.022	Loglikelihood: -34708.4	(delta): 0.0134578
40 (QN/Block) 	Elapsed: 0.024	Loglikelihood: -34708.4	(delta): 0.0121077
41 (QN/Block) 	Elapsed: 0.021	Loglikelihood: -34708.4	(delta): 0.0106385
42 (QN/Block) 	Elapsed: 0.024	Loglikelihood: -34708.4	(delta): 0.0160145
43 (QN/Block) 	Elapsed: 0.023	Loglikelihood: -34708.4	(delta): 0.0109245
44 (QN/Block) 	Elapsed: 0.027	Loglikelihood: -34708.4	(delta): 0.0164739
45 (QN/Block) 	Elapsed: 0.025	Loglikelihood: -34708.3	(delta): 0.0273486
46 (QN/Block) 	Elapsed: 0.026	Loglikelihood: -34708.3	(delta): 0.0419528
47 (QN/Block) 	Elapsed: 0.025	Loglikelihood: -34708.3	(delta): 0.00599867
48 (QN/Block) 	Elapsed: 0.024	Loglikelihood: -34708.3	(delta): 0.00727928
49 (QN/Block) 	Elapsed: 0.025	Loglikelihood: -34708.3	(delta): 0.000682633
50 (QN/Block) 	Elapsed: 0.027	Loglikelihood: -34708.3	(delta): 0.000192054
51 (QN/Block) 	Elapsed: 0.026	Loglikelihood: -34708.3	(delta): 5.01496e-05
52 (QN/Block) 	Elapsed: 0.027	Loglikelihood: -34708.3	(delta): 1.3295e-05
53 (QN/Block) 	Elapsed: 0.026	Loglikelihood: -34708.3	(delta): 4.44923e-06
54 (QN/Block) 	Elapsed: 0.027	Loglikelihood: -34708.3	(delta): 6.99591e-07
55 (QN/Block) 	Elapsed: 0.025	Loglikelihood: -34708.3	(delta): 1.13519e-07
56 (QN/Block) 	Elapsed: 0.026	Loglikelihood: -34708.3	(delta): 2.81725e-08
57 (QN/Block) 	Elapsed: 0.025	Loglikelihood: -34708.3	(delta): 2.98314e-09
58 (QN/Block) 	Elapsed: 0.024	Loglikelihood: -34708.3	(delta): 1.81899e-10
59 (QN/Block) 	Elapsed: 0.021	Loglikelihood: -34708.3	(delta): 7.27596e-11
60 (QN/Block) 	Elapsed: 0.024	Loglikelihood: -34708.3	(delta): 7.27596e-12
61 (QN/Block) 	Elapsed: 0.024	Loglikelihood: -34708.3	(delta): 7.27596e-12
62 (QN/Block) 	Elapsed: 0.026	Loglikelihood: -34708.3	(delta): 0
63 (QN/Block) 	Elapsed: 0.027	Loglikelihood: -34708.3	(delta): -7.27596e-12
64 (QN/Block) 	Elapsed: 0.028	Loglikelihood: -34708.3	(delta): 0
65 (QN/Block) 	Elapsed: 0.025	Loglikelihood: -34708.3	(delta): 0
66 (QN/Block) 	Elapsed: 0.027	Loglikelihood: -34708.3	(delta): 0
67 (QN/Block) 	Elapsed: 0.025	Loglikelihood: -34708.3	(delta): 0
68 (QN/Block) 	Elapsed: 0.027	Loglikelihood: -34708.3	(delta): 1.45519e-11
69 (QN/Block) 	Elapsed: 0.026	Loglikelihood: -34708.3	(delta): -7.27596e-12
70 (QN/Block) 	Elapsed: 0.025	Loglikelihood: -34708.3	(delta): -7.27596e-12
71 (QN/Block) 	Elapsed: 0.026	Loglikelihood: -34708.3	(delta): 0
72 (QN/Block) 	Elapsed: 0.025	Loglikelihood: -34708.3	(delta): 0
73 (QN/Block) 	Elapsed: 0.024	Loglikelihood: -34708.3	(delta): 1.45519e-11
74 (QN/Block) 	Elapsed: 0.025	Loglikelihood: -34708.3	(delta): -1.45519e-11
75 (QN/Block) 	Elapsed: 0.024	Loglikelihood: -34708.3	(delta): 7.27596e-12
76 (QN/Block) 	Elapsed: 0.027	Loglikelihood: -34708.3	(delta): 0
77 (QN/Block) 	Elapsed: 0.026	Loglikelihood: -34708.3	(delta): 0
78 (QN/Block) 	Elapsed: 0.026	Loglikelihood: -34708.3	(delta): -7.27596e-12
79 (QN/Block) 	Elapsed: 0.024	Loglikelihood: -34708.3	(delta): 0
80 (QN/Block) 	Elapsed: 0.027	Loglikelihood: -34708.3	(delta): 7.27596e-12
81 (QN/Block) 	Elapsed: 0.025	Loglikelihood: -34708.3	(delta): 0
82 (QN/Block) 	Elapsed: 0.026	Loglikelihood: -34708.3	(delta): 0
83 (QN/Block) 	Elapsed: 0.028	Loglikelihood: -34708.3	(delta): -7.27596e-12
84 (QN/Block) 	Elapsed: 0.026	Loglikelihood: -34708.3	(delta): 0
85 (QN/Block) 	Elapsed: 0.028	Loglikelihood: -34708.3	(delta): 0
86 (QN/Block) 	Elapsed: 0.028	Loglikelihood: -34708.3	(delta): 0
87 (QN/Block) 	Elapsed: 0.025	Loglikelihood: -34708.3	(delta): 7.27596e-12
88 (QN/Block) 	Elapsed: 0.027	Loglikelihood: -34708.3	(delta): -7.27596e-12
89 (QN/Block) 	Elapsed: 0.025	Loglikelihood: -34708.3	(delta): 0
90 (QN/Block) 	Elapsed: 0.029	Loglikelihood: -34708.3	(delta): 0
91 (QN/Block) 	Elapsed: 0.024	Loglikelihood: -34708.3	(delta): 0
92 (QN/Block) 	Elapsed: 0.027	Loglikelihood: -34708.3	(delta): 0
93 (QN/Block) 	Elapsed: 0.025	Loglikelihood: -34708.3	(delta): 0
94 (QN/Block) 	Elapsed: 0.027	Loglikelihood: -34708.3	(delta): 0
95 (QN/Block) 	Elapsed: 0.025	Loglikelihood: -34708.3	(delta): 0
96 (QN/Block) 	Elapsed: 0.027	Loglikelihood: -34708.3	(delta): 0
97 (QN/Block) 	Elapsed: 0.024	Loglikelihood: -34708.3	(delta): 0
98 (QN/Block) 	Elapsed: 0.029	Loglikelihood: -34708.3	(delta): -7.27596e-12
99 (QN/Block) 	Elapsed: 0.025	Loglikelihood: -34708.3	(delta): 7.27596e-12
100 (QN/Block) 	Elapsed: 0.028	Loglikelihood: -34708.3	(delta): 0
Summary: 
Converged in 100 iterations (2.585 sec)
Loglikelihood: -34708.286335
Fst divergences between estimated populations: 
	Pop0	Pop1	Pop2	Pop3	Pop4	Pop5	Pop6	Pop7	
Pop0	
Pop1	0.092	
Pop2	0.226	0.216	
Pop3	0.103	0.106	0.213	
Pop4	0.235	0.226	0.083	0.226	
Pop5	0.250	0.241	0.109	0.236	0.116	
Pop6	0.340	0.340	0.390	0.340	0.404	0.405	
Pop7	0.068	0.085	0.211	0.080	0.221	0.228	0.322	
Pop8	0.107	0.110	0.238	0.126	0.245	0.257	0.348	0.096	
CV error (K=9): 0.43830
Writing output files.
