****                   ADMIXTURE Version 1.3.0                  ****
****                    Copyright 2008-2015                     ****
****           David Alexander, Suyash Shringarpure,            ****
****                John  Novembre, Ken Lange                   ****
****                                                            ****
****                 Please cite our paper!                     ****
****   Information at www.genetics.ucla.edu/software/admixture  ****

Parallel execution requested.  Will use 8 threads.
Cross-validation will be performed.  Folds=10.
Random seed: 43
Point estimation method: Block relaxation algorithm
Convergence acceleration algorithm: QuasiNewton, 3 secant conditions
Point estimation will terminate at 100 iterations
Estimation of standard errors disabled; will compute point estimates only.
Size of G: 121x1282
Performing five EM steps to prime main algorithm
1 (EM) 	Elapsed: 0.018	Loglikelihood: -106377	(delta): 108072
2 (EM) 	Elapsed: 0.018	Loglikelihood: -101039	(delta): 5338.18
3 (EM) 	Elapsed: 0.018	Loglikelihood: -99341.9	(delta): 1697.13
4 (EM) 	Elapsed: 0.018	Loglikelihood: -97850.9	(delta): 1490.95
5 (EM) 	Elapsed: 0.016	Loglikelihood: -96241.5	(delta): 1609.41
Initial loglikelihood: -96241.5
Starting main algorithm
1 (QN/Block) 	Elapsed: 0.025	Loglikelihood: -66889.9	(delta): 29351.6
2 (QN/Block) 	Elapsed: 0.026	Loglikelihood: -61949.2	(delta): 4940.72
3 (QN/Block) 	Elapsed: 0.03	Loglikelihood: -59601.2	(delta): 2347.99
4 (QN/Block) 	Elapsed: 0.03	Loglikelihood: -58355.5	(delta): 1245.71
5 (QN/Block) 	Elapsed: 0.032	Loglikelihood: -57891.4	(delta): 464.053
6 (QN/Block) 	Elapsed: 0.036	Loglikelihood: -57735	(delta): 156.442
7 (QN/Block) 	Elapsed: 0.029	Loglikelihood: -57694.4	(delta): 40.578
8 (QN/Block) 	Elapsed: 0.031	Loglikelihood: -57670.4	(delta): 24.0345
9 (QN/Block) 	Elapsed: 0.032	Loglikelihood: -57648.4	(delta): 22.0029
10 (QN/Block) 	Elapsed: 0.034	Loglikelihood: -57634.4	(delta): 13.9218
11 (QN/Block) 	Elapsed: 0.028	Loglikelihood: -57613.9	(delta): 20.5694
12 (QN/Block) 	Elapsed: 0.027	Loglikelihood: -57580.5	(delta): 33.3988
13 (QN/Block) 	Elapsed: 0.035	Loglikelihood: -57558.3	(delta): 22.1152
14 (QN/Block) 	Elapsed: 0.035	Loglikelihood: -57532.6	(delta): 25.7941
15 (QN/Block) 	Elapsed: 0.033	Loglikelihood: -57503.1	(delta): 29.4767
16 (QN/Block) 	Elapsed: 0.035	Loglikelihood: -57487.2	(delta): 15.8554
17 (QN/Block) 	Elapsed: 0.032	Loglikelihood: -57482.4	(delta): 4.83297
18 (QN/Block) 	Elapsed: 0.032	Loglikelihood: -57479.3	(delta): 3.08489
19 (QN/Block) 	Elapsed: 0.029	Loglikelihood: -57477.7	(delta): 1.58002
20 (QN/Block) 	Elapsed: 0.028	Loglikelihood: -57476.8	(delta): 0.884795
21 (QN/Block) 	Elapsed: 0.03	Loglikelihood: -57475.2	(delta): 1.60913
22 (QN/Block) 	Elapsed: 0.03	Loglikelihood: -57473	(delta): 2.22929
23 (QN/Block) 	Elapsed: 0.03	Loglikelihood: -57472.2	(delta): 0.755129
24 (QN/Block) 	Elapsed: 0.034	Loglikelihood: -57472.1	(delta): 0.0980238
25 (QN/Block) 	Elapsed: 0.032	Loglikelihood: -57472.1	(delta): 0.0249147
26 (QN/Block) 	Elapsed: 0.033	Loglikelihood: -57472.1	(delta): 0.00544788
27 (QN/Block) 	Elapsed: 0.033	Loglikelihood: -57472.1	(delta): 0.00115216
28 (QN/Block) 	Elapsed: 0.031	Loglikelihood: -57472.1	(delta): 0.000215739
29 (QN/Block) 	Elapsed: 0.034	Loglikelihood: -57472.1	(delta): 2.1446e-05
30 (QN/Block) 	Elapsed: 0.031	Loglikelihood: -57472.1	(delta): 1.33638e-06
31 (QN/Block) 	Elapsed: 0.028	Loglikelihood: -57472.1	(delta): 5.80621e-08
32 (QN/Block) 	Elapsed: 0.03	Loglikelihood: -57472.1	(delta): 4.83124e-09
33 (QN/Block) 	Elapsed: 0.032	Loglikelihood: -57472.1	(delta): 3.7835e-10
34 (QN/Block) 	Elapsed: 0.033	Loglikelihood: -57472.1	(delta): 3.63798e-11
35 (QN/Block) 	Elapsed: 0.036	Loglikelihood: -57472.1	(delta): -7.27596e-12
36 (QN/Block) 	Elapsed: 0.035	Loglikelihood: -57472.1	(delta): 7.27596e-12
37 (QN/Block) 	Elapsed: 0.036	Loglikelihood: -57472.1	(delta): -7.27596e-12
38 (QN/Block) 	Elapsed: 0.033	Loglikelihood: -57472.1	(delta): -7.27596e-12
39 (QN/Block) 	Elapsed: 0.037	Loglikelihood: -57472.1	(delta): 0
40 (QN/Block) 	Elapsed: 0.033	Loglikelihood: -57472.1	(delta): 2.18279e-11
41 (QN/Block) 	Elapsed: 0.032	Loglikelihood: -57472.1	(delta): -1.45519e-11
42 (QN/Block) 	Elapsed: 0.03	Loglikelihood: -57472.1	(delta): 0
43 (QN/Block) 	Elapsed: 0.033	Loglikelihood: -57472.1	(delta): 7.27596e-12
44 (QN/Block) 	Elapsed: 0.035	Loglikelihood: -57472.1	(delta): 0
45 (QN/Block) 	Elapsed: 0.037	Loglikelihood: -57472.1	(delta): 7.27596e-12
46 (QN/Block) 	Elapsed: 0.039	Loglikelihood: -57472.1	(delta): 7.27596e-12
47 (QN/Block) 	Elapsed: 0.037	Loglikelihood: -57472.1	(delta): -1.45519e-11
48 (QN/Block) 	Elapsed: 0.038	Loglikelihood: -57472.1	(delta): 0
49 (QN/Block) 	Elapsed: 0.036	Loglikelihood: -57472.1	(delta): 0
50 (QN/Block) 	Elapsed: 0.032	Loglikelihood: -57472.1	(delta): 7.27596e-12
51 (QN/Block) 	Elapsed: 0.032	Loglikelihood: -57472.1	(delta): 0
52 (QN/Block) 	Elapsed: 0.031	Loglikelihood: -57472.1	(delta): 0
53 (QN/Block) 	Elapsed: 0.036	Loglikelihood: -57472.1	(delta): 7.27596e-12
54 (QN/Block) 	Elapsed: 0.035	Loglikelihood: -57472.1	(delta): -7.27596e-12
55 (QN/Block) 	Elapsed: 0.035	Loglikelihood: -57472.1	(delta): 0
56 (QN/Block) 	Elapsed: 0.037	Loglikelihood: -57472.1	(delta): -2.18279e-11
57 (QN/Block) 	Elapsed: 0.038	Loglikelihood: -57472.1	(delta): 2.18279e-11
58 (QN/Block) 	Elapsed: 0.038	Loglikelihood: -57472.1	(delta): -7.27596e-12
59 (QN/Block) 	Elapsed: 0.038	Loglikelihood: -57472.1	(delta): 7.27596e-12
60 (QN/Block) 	Elapsed: 0.033	Loglikelihood: -57472.1	(delta): -7.27596e-12
61 (QN/Block) 	Elapsed: 0.033	Loglikelihood: -57472.1	(delta): 1.45519e-11
62 (QN/Block) 	Elapsed: 0.038	Loglikelihood: -57472.1	(delta): -7.27596e-12
63 (QN/Block) 	Elapsed: 0.037	Loglikelihood: -57472.1	(delta): -1.45519e-11
64 (QN/Block) 	Elapsed: 0.035	Loglikelihood: -57472.1	(delta): 2.91038e-11
65 (QN/Block) 	Elapsed: 0.037	Loglikelihood: -57472.1	(delta): -7.27596e-12
66 (QN/Block) 	Elapsed: 0.037	Loglikelihood: -57472.1	(delta): -7.27596e-12
67 (QN/Block) 	Elapsed: 0.035	Loglikelihood: -57472.1	(delta): -7.27596e-12
68 (QN/Block) 	Elapsed: 0.037	Loglikelihood: -57472.1	(delta): 1.45519e-11
69 (QN/Block) 	Elapsed: 0.033	Loglikelihood: -57472.1	(delta): 0
70 (QN/Block) 	Elapsed: 0.031	Loglikelihood: -57472.1	(delta): -1.45519e-11
71 (QN/Block) 	Elapsed: 0.027	Loglikelihood: -57472.1	(delta): 7.27596e-12
72 (QN/Block) 	Elapsed: 0.031	Loglikelihood: -57472.1	(delta): 7.27596e-12
73 (QN/Block) 	Elapsed: 0.036	Loglikelihood: -57472.1	(delta): -1.45519e-11
74 (QN/Block) 	Elapsed: 0.036	Loglikelihood: -57472.1	(delta): 1.45519e-11
75 (QN/Block) 	Elapsed: 0.036	Loglikelihood: -57472.1	(delta): -7.27596e-12
76 (QN/Block) 	Elapsed: 0.038	Loglikelihood: -57472.1	(delta): -7.27596e-12
77 (QN/Block) 	Elapsed: 0.032	Loglikelihood: -57472.1	(delta): 1.45519e-11
78 (QN/Block) 	Elapsed: 0.031	Loglikelihood: -57472.1	(delta): -7.27596e-12
79 (QN/Block) 	Elapsed: 0.031	Loglikelihood: -57472.1	(delta): 7.27596e-12
80 (QN/Block) 	Elapsed: 0.035	Loglikelihood: -57472.1	(delta): -7.27596e-12
81 (QN/Block) 	Elapsed: 0.03	Loglikelihood: -57472.1	(delta): 0
82 (QN/Block) 	Elapsed: 0.033	Loglikelihood: -57472.1	(delta): -7.27596e-12
83 (QN/Block) 	Elapsed: 0.038	Loglikelihood: -57472.1	(delta): 7.27596e-12
84 (QN/Block) 	Elapsed: 0.033	Loglikelihood: -57472.1	(delta): 7.27596e-12
85 (QN/Block) 	Elapsed: 0.036	Loglikelihood: -57472.1	(delta): -1.45519e-11
86 (QN/Block) 	Elapsed: 0.034	Loglikelihood: -57472.1	(delta): 7.27596e-12
87 (QN/Block) 	Elapsed: 0.035	Loglikelihood: -57472.1	(delta): 0
88 (QN/Block) 	Elapsed: 0.036	Loglikelihood: -57472.1	(delta): -7.27596e-12
89 (QN/Block) 	Elapsed: 0.032	Loglikelihood: -57472.1	(delta): 7.27596e-12
90 (QN/Block) 	Elapsed: 0.034	Loglikelihood: -57472.1	(delta): 0
91 (QN/Block) 	Elapsed: 0.039	Loglikelihood: -57472.1	(delta): 0
92 (QN/Block) 	Elapsed: 0.04	Loglikelihood: -57472.1	(delta): 0
93 (QN/Block) 	Elapsed: 0.035	Loglikelihood: -57472.1	(delta): 0
94 (QN/Block) 	Elapsed: 0.03	Loglikelihood: -57472.1	(delta): -7.27596e-12
95 (QN/Block) 	Elapsed: 0.031	Loglikelihood: -57472.1	(delta): 0
96 (QN/Block) 	Elapsed: 0.036	Loglikelihood: -57472.1	(delta): 0
97 (QN/Block) 	Elapsed: 0.038	Loglikelihood: -57472.1	(delta): 0
98 (QN/Block) 	Elapsed: 0.036	Loglikelihood: -57472.1	(delta): 0
99 (QN/Block) 	Elapsed: 0.034	Loglikelihood: -57472.1	(delta): 0
100 (QN/Block) 	Elapsed: 0.036	Loglikelihood: -57472.1	(delta): -7.27596e-12
Summary: 
Converged in 100 iterations (3.574 sec)
Loglikelihood: -57472.114688
Fst divergences between estimated populations: 
	Pop0	Pop1	Pop2	Pop3	Pop4	Pop5	
Pop0	
Pop1	0.535	
Pop2	0.386	0.463	
Pop3	0.213	0.573	0.421	
Pop4	0.555	0.158	0.482	0.596	
Pop5	0.204	0.585	0.438	0.248	0.605	
Pop6	0.284	0.585	0.447	0.325	0.604	0.290	
CV error (K=7): 0.44023
Writing output files.
