****                   ADMIXTURE Version 1.3.0                  ****
****                    Copyright 2008-2015                     ****
****           David Alexander, Suyash Shringarpure,            ****
****                John  Novembre, Ken Lange                   ****
****                                                            ****
****                 Please cite our paper!                     ****
****   Information at www.genetics.ucla.edu/software/admixture  ****

Parallel execution requested.  Will use 8 threads.
Cross-validation will be performed.  Folds=10.
Random seed: 43
Point estimation method: Block relaxation algorithm
Convergence acceleration algorithm: QuasiNewton, 3 secant conditions
Point estimation will terminate at 100 iterations
Estimation of standard errors disabled; will compute point estimates only.
Size of G: 121x1282
Performing five EM steps to prime main algorithm
1 (EM) 	Elapsed: 0.002	Loglikelihood: -100825	(delta): 196755
2 (EM) 	Elapsed: 0.002	Loglikelihood: -100825	(delta): 0
3 (EM) 	Elapsed: 0.002	Loglikelihood: -100825	(delta): 0
4 (EM) 	Elapsed: 0.002	Loglikelihood: -100825	(delta): 0
5 (EM) 	Elapsed: 0.002	Loglikelihood: -100825	(delta): 0
Initial loglikelihood: -100825
Starting main algorithm
1 (QN/Block) 	Elapsed: 0.01	Loglikelihood: -100825	(delta): 1.45519e-11
2 (QN/Block) 	Elapsed: 0.009	Loglikelihood: -100825	(delta): -1.45519e-11
3 (QN/Block) 	Elapsed: 0.011	Loglikelihood: -100825	(delta): 1.45519e-11
4 (QN/Block) 	Elapsed: 0.01	Loglikelihood: -100825	(delta): -1.45519e-11
5 (QN/Block) 	Elapsed: 0.01	Loglikelihood: -100825	(delta): 0
6 (QN/Block) 	Elapsed: 0.01	Loglikelihood: -100825	(delta): 1.45519e-11
PROBLEM INVERTING MATRIX!
7 (QN/Block) 	Elapsed: 0.011	Loglikelihood: -100825	(delta): -1.45519e-11
PROBLEM INVERTING MATRIX!
8 (QN/Block) 	Elapsed: 0.01	Loglikelihood: -100825	(delta): 0
PROBLEM INVERTING MATRIX!
9 (QN/Block) 	Elapsed: 0.01	Loglikelihood: -100825	(delta): 1.45519e-11
10 (QN/Block) 	Elapsed: 0.012	Loglikelihood: -100825	(delta): -1.45519e-11
PROBLEM INVERTING MATRIX!
11 (QN/Block) 	Elapsed: 0.012	Loglikelihood: -100825	(delta): 0
12 (QN/Block) 	Elapsed: 0.013	Loglikelihood: -100825	(delta): 1.45519e-11
13 (QN/Block) 	Elapsed: 0.011	Loglikelihood: -100825	(delta): 0
14 (QN/Block) 	Elapsed: 0.01	Loglikelihood: -100825	(delta): 0
15 (QN/Block) 	Elapsed: 0.01	Loglikelihood: -100825	(delta): 0
16 (QN/Block) 	Elapsed: 0.012	Loglikelihood: -100825	(delta): 0
PROBLEM INVERTING MATRIX!
17 (QN/Block) 	Elapsed: 0.011	Loglikelihood: -100825	(delta): -1.45519e-11
PROBLEM INVERTING MATRIX!
18 (QN/Block) 	Elapsed: 0.015	Loglikelihood: -100825	(delta): 1.45519e-11
19 (QN/Block) 	Elapsed: 0.013	Loglikelihood: -100825	(delta): -1.45519e-11
20 (QN/Block) 	Elapsed: 0.014	Loglikelihood: -100825	(delta): 1.45519e-11
21 (QN/Block) 	Elapsed: 0.014	Loglikelihood: -100825	(delta): -1.45519e-11
PROBLEM INVERTING MATRIX!
22 (QN/Block) 	Elapsed: 0.011	Loglikelihood: -100825	(delta): 0
23 (QN/Block) 	Elapsed: 0.01	Loglikelihood: -100825	(delta): 0
24 (QN/Block) 	Elapsed: 0.013	Loglikelihood: -100825	(delta): 0
25 (QN/Block) 	Elapsed: 0.014	Loglikelihood: -100825	(delta): 1.45519e-11
26 (QN/Block) 	Elapsed: 0.013	Loglikelihood: -100825	(delta): -1.45519e-11
27 (QN/Block) 	Elapsed: 0.012	Loglikelihood: -100825	(delta): 1.45519e-11
28 (QN/Block) 	Elapsed: 0.014	Loglikelihood: -100825	(delta): 0
PROBLEM INVERTING MATRIX!
29 (QN/Block) 	Elapsed: 0.013	Loglikelihood: -100825	(delta): 0
PROBLEM INVERTING MATRIX!
30 (QN/Block) 	Elapsed: 0.014	Loglikelihood: -100825	(delta): -1.45519e-11
PROBLEM INVERTING MATRIX!
31 (QN/Block) 	Elapsed: 0.013	Loglikelihood: -100825	(delta): 0
32 (QN/Block) 	Elapsed: 0.011	Loglikelihood: -100825	(delta): 0
33 (QN/Block) 	Elapsed: 0.011	Loglikelihood: -100825	(delta): -1.45519e-11
34 (QN/Block) 	Elapsed: 0.012	Loglikelihood: -100825	(delta): 2.91038e-11
35 (QN/Block) 	Elapsed: 0.012	Loglikelihood: -100825	(delta): 0
36 (QN/Block) 	Elapsed: 0.01	Loglikelihood: -100825	(delta): 0
37 (QN/Block) 	Elapsed: 0.012	Loglikelihood: -100825	(delta): -1.45519e-11
38 (QN/Block) 	Elapsed: 0.012	Loglikelihood: -100825	(delta): 1.45519e-11
PROBLEM INVERTING MATRIX!
39 (QN/Block) 	Elapsed: 0.012	Loglikelihood: -100825	(delta): -2.91038e-11
40 (QN/Block) 	Elapsed: 0.012	Loglikelihood: -100825	(delta): 2.91038e-11
41 (QN/Block) 	Elapsed: 0.011	Loglikelihood: -100825	(delta): -1.45519e-11
42 (QN/Block) 	Elapsed: 0.013	Loglikelihood: -100825	(delta): 0
43 (QN/Block) 	Elapsed: 0.012	Loglikelihood: -100825	(delta): 0
44 (QN/Block) 	Elapsed: 0.01	Loglikelihood: -100825	(delta): 1.45519e-11
45 (QN/Block) 	Elapsed: 0.013	Loglikelihood: -100825	(delta): 0
PROBLEM INVERTING MATRIX!
46 (QN/Block) 	Elapsed: 0.013	Loglikelihood: -100825	(delta): -1.45519e-11
47 (QN/Block) 	Elapsed: 0.012	Loglikelihood: -100825	(delta): 1.45519e-11
PROBLEM INVERTING MATRIX!
48 (QN/Block) 	Elapsed: 0.012	Loglikelihood: -100825	(delta): -1.45519e-11
PROBLEM INVERTING MATRIX!
49 (QN/Block) 	Elapsed: 0.011	Loglikelihood: -100825	(delta): 0
50 (QN/Block) 	Elapsed: 0.014	Loglikelihood: -100825	(delta): 0
51 (QN/Block) 	Elapsed: 0.013	Loglikelihood: -100825	(delta): 0
52 (QN/Block) 	Elapsed: 0.013	Loglikelihood: -100825	(delta): 0
53 (QN/Block) 	Elapsed: 0.013	Loglikelihood: -100825	(delta): 1.45519e-11
PROBLEM INVERTING MATRIX!
54 (QN/Block) 	Elapsed: 0.012	Loglikelihood: -100825	(delta): -1.45519e-11
PROBLEM INVERTING MATRIX!
55 (QN/Block) 	Elapsed: 0.011	Loglikelihood: -100825	(delta): 1.45519e-11
PROBLEM INVERTING MATRIX!
56 (QN/Block) 	Elapsed: 0.012	Loglikelihood: -100825	(delta): 0
PROBLEM INVERTING MATRIX!
57 (QN/Block) 	Elapsed: 0.014	Loglikelihood: -100825	(delta): 0
PROBLEM INVERTING MATRIX!
58 (QN/Block) 	Elapsed: 0.013	Loglikelihood: -100825	(delta): -1.45519e-11
PROBLEM INVERTING MATRIX!
59 (QN/Block) 	Elapsed: 0.011	Loglikelihood: -100825	(delta): -1.45519e-11
60 (QN/Block) 	Elapsed: 0.013	Loglikelihood: -100825	(delta): 1.45519e-11
61 (QN/Block) 	Elapsed: 0.013	Loglikelihood: -100825	(delta): 1.45519e-11
PROBLEM INVERTING MATRIX!
62 (QN/Block) 	Elapsed: 0.012	Loglikelihood: -100825	(delta): -1.45519e-11
PROBLEM INVERTING MATRIX!
63 (QN/Block) 	Elapsed: 0.012	Loglikelihood: -100825	(delta): 1.45519e-11
64 (QN/Block) 	Elapsed: 0.012	Loglikelihood: -100825	(delta): 0
65 (QN/Block) 	Elapsed: 0.015	Loglikelihood: -100825	(delta): -1.45519e-11
66 (QN/Block) 	Elapsed: 0.013	Loglikelihood: -100825	(delta): 0
67 (QN/Block) 	Elapsed: 0.012	Loglikelihood: -100825	(delta): 0
68 (QN/Block) 	Elapsed: 0.01	Loglikelihood: -100825	(delta): 0
69 (QN/Block) 	Elapsed: 0.012	Loglikelihood: -100825	(delta): 0
70 (QN/Block) 	Elapsed: 0.011	Loglikelihood: -100825	(delta): 1.45519e-11
71 (QN/Block) 	Elapsed: 0.013	Loglikelihood: -100825	(delta): 0
PROBLEM INVERTING MATRIX!
72 (QN/Block) 	Elapsed: 0.012	Loglikelihood: -100825	(delta): 0
73 (QN/Block) 	Elapsed: 0.013	Loglikelihood: -100825	(delta): 0
74 (QN/Block) 	Elapsed: 0.012	Loglikelihood: -100825	(delta): 0
75 (QN/Block) 	Elapsed: 0.012	Loglikelihood: -100825	(delta): 0
PROBLEM INVERTING MATRIX!
76 (QN/Block) 	Elapsed: 0.012	Loglikelihood: -100825	(delta): 0
PROBLEM INVERTING MATRIX!
77 (QN/Block) 	Elapsed: 0.011	Loglikelihood: -100825	(delta): -1.45519e-11
78 (QN/Block) 	Elapsed: 0.013	Loglikelihood: -100825	(delta): 0
79 (QN/Block) 	Elapsed: 0.01	Loglikelihood: -100825	(delta): 0
80 (QN/Block) 	Elapsed: 0.012	Loglikelihood: -100825	(delta): 1.45519e-11
81 (QN/Block) 	Elapsed: 0.011	Loglikelihood: -100825	(delta): -1.45519e-11
82 (QN/Block) 	Elapsed: 0.013	Loglikelihood: -100825	(delta): -1.45519e-11
83 (QN/Block) 	Elapsed: 0.012	Loglikelihood: -100825	(delta): 2.91038e-11
84 (QN/Block) 	Elapsed: 0.013	Loglikelihood: -100825	(delta): 0
PROBLEM INVERTING MATRIX!
85 (QN/Block) 	Elapsed: 0.011	Loglikelihood: -100825	(delta): -1.45519e-11
PROBLEM INVERTING MATRIX!
86 (QN/Block) 	Elapsed: 0.011	Loglikelihood: -100825	(delta): 0
87 (QN/Block) 	Elapsed: 0.013	Loglikelihood: -100825	(delta): 1.45519e-11
88 (QN/Block) 	Elapsed: 0.012	Loglikelihood: -100825	(delta): 0
89 (QN/Block) 	Elapsed: 0.012	Loglikelihood: -100825	(delta): -2.91038e-11
PROBLEM INVERTING MATRIX!
90 (QN/Block) 	Elapsed: 0.011	Loglikelihood: -100825	(delta): 1.45519e-11
91 (QN/Block) 	Elapsed: 0.011	Loglikelihood: -100825	(delta): 1.45519e-11
92 (QN/Block) 	Elapsed: 0.014	Loglikelihood: -100825	(delta): -1.45519e-11
PROBLEM INVERTING MATRIX!
93 (QN/Block) 	Elapsed: 0.009	Loglikelihood: -100825	(delta): -1.45519e-11
94 (QN/Block) 	Elapsed: 0.01	Loglikelihood: -100825	(delta): 1.45519e-11
95 (QN/Block) 	Elapsed: 0.012	Loglikelihood: -100825	(delta): 1.45519e-11
96 (QN/Block) 	Elapsed: 0.015	Loglikelihood: -100825	(delta): -1.45519e-11
PROBLEM INVERTING MATRIX!
97 (QN/Block) 	Elapsed: 0.03	Loglikelihood: -100825	(delta): 1.45519e-11
PROBLEM INVERTING MATRIX!
98 (QN/Block) 	Elapsed: 0.029	Loglikelihood: -100825	(delta): -1.45519e-11
99 (QN/Block) 	Elapsed: 0.03	Loglikelihood: -100825	(delta): 0
100 (QN/Block) 	Elapsed: 0.013	Loglikelihood: -100825	(delta): 0
Summary: 
Converged in 100 iterations (1.369 sec)
Loglikelihood: -100825.446827
CV error (K=1): 0.63551
Writing output files.
