****                   ADMIXTURE Version 1.3.0                  ****
****                    Copyright 2008-2015                     ****
****           David Alexander, Suyash Shringarpure,            ****
****                John  Novembre, Ken Lange                   ****
****                                                            ****
****                 Please cite our paper!                     ****
****   Information at www.genetics.ucla.edu/software/admixture  ****

Parallel execution requested.  Will use 8 threads.
Cross-validation will be performed.  Folds=10.
Random seed: 43
Point estimation method: Block relaxation algorithm
Convergence acceleration algorithm: QuasiNewton, 3 secant conditions
Point estimation will terminate at 100 iterations
Estimation of standard errors disabled; will compute point estimates only.
Size of G: 121x1282
Performing five EM steps to prime main algorithm
1 (EM) 	Elapsed: 0.012	Loglikelihood: -106516	(delta): 115481
2 (EM) 	Elapsed: 0.012	Loglikelihood: -101400	(delta): 5115.52
3 (EM) 	Elapsed: 0.011	Loglikelihood: -99822.6	(delta): 1577.51
4 (EM) 	Elapsed: 0.012	Loglikelihood: -98535.6	(delta): 1286.96
5 (EM) 	Elapsed: 0.013	Loglikelihood: -97159.3	(delta): 1376.37
Initial loglikelihood: -97159.3
Starting main algorithm
1 (QN/Block) 	Elapsed: 0.024	Loglikelihood: -68756.4	(delta): 28402.9
2 (QN/Block) 	Elapsed: 0.02	Loglikelihood: -63852.6	(delta): 4903.74
3 (QN/Block) 	Elapsed: 0.023	Loglikelihood: -61900.6	(delta): 1952.04
4 (QN/Block) 	Elapsed: 0.027	Loglikelihood: -60836.8	(delta): 1063.82
5 (QN/Block) 	Elapsed: 0.026	Loglikelihood: -60427.5	(delta): 409.29
6 (QN/Block) 	Elapsed: 0.027	Loglikelihood: -60336.5	(delta): 90.9357
7 (QN/Block) 	Elapsed: 0.029	Loglikelihood: -60318.3	(delta): 18.2649
8 (QN/Block) 	Elapsed: 0.03	Loglikelihood: -60315.3	(delta): 2.97122
9 (QN/Block) 	Elapsed: 0.026	Loglikelihood: -60315	(delta): 0.307806
10 (QN/Block) 	Elapsed: 0.024	Loglikelihood: -60315	(delta): 0.047083
11 (QN/Block) 	Elapsed: 0.025	Loglikelihood: -60314.9	(delta): 0.0120078
12 (QN/Block) 	Elapsed: 0.026	Loglikelihood: -60314.9	(delta): 0.000839958
13 (QN/Block) 	Elapsed: 0.028	Loglikelihood: -60314.9	(delta): 0.000167497
14 (QN/Block) 	Elapsed: 0.026	Loglikelihood: -60314.9	(delta): 1.64101e-05
15 (QN/Block) 	Elapsed: 0.024	Loglikelihood: -60314.9	(delta): 4.97412e-06
16 (QN/Block) 	Elapsed: 0.022	Loglikelihood: -60314.9	(delta): 1.82554e-08
17 (QN/Block) 	Elapsed: 0.024	Loglikelihood: -60314.9	(delta): 1.36788e-09
18 (QN/Block) 	Elapsed: 0.026	Loglikelihood: -60314.9	(delta): 3.63798e-11
19 (QN/Block) 	Elapsed: 0.027	Loglikelihood: -60314.9	(delta): 7.27596e-12
20 (QN/Block) 	Elapsed: 0.029	Loglikelihood: -60314.9	(delta): 7.27596e-12
21 (QN/Block) 	Elapsed: 0.028	Loglikelihood: -60314.9	(delta): 0
22 (QN/Block) 	Elapsed: 0.028	Loglikelihood: -60314.9	(delta): 0
23 (QN/Block) 	Elapsed: 0.024	Loglikelihood: -60314.9	(delta): -7.27596e-12
24 (QN/Block) 	Elapsed: 0.026	Loglikelihood: -60314.9	(delta): 0
25 (QN/Block) 	Elapsed: 0.026	Loglikelihood: -60314.9	(delta): 7.27596e-12
26 (QN/Block) 	Elapsed: 0.023	Loglikelihood: -60314.9	(delta): -7.27596e-12
27 (QN/Block) 	Elapsed: 0.023	Loglikelihood: -60314.9	(delta): 7.27596e-12
28 (QN/Block) 	Elapsed: 0.023	Loglikelihood: -60314.9	(delta): -1.45519e-11
29 (QN/Block) 	Elapsed: 0.029	Loglikelihood: -60314.9	(delta): 2.18279e-11
30 (QN/Block) 	Elapsed: 0.029	Loglikelihood: -60314.9	(delta): -2.18279e-11
31 (QN/Block) 	Elapsed: 0.028	Loglikelihood: -60314.9	(delta): 1.45519e-11
32 (QN/Block) 	Elapsed: 0.029	Loglikelihood: -60314.9	(delta): 0
33 (QN/Block) 	Elapsed: 0.03	Loglikelihood: -60314.9	(delta): -7.27596e-12
34 (QN/Block) 	Elapsed: 0.03	Loglikelihood: -60314.9	(delta): 7.27596e-12
35 (QN/Block) 	Elapsed: 0.033	Loglikelihood: -60314.9	(delta): -7.27596e-12
36 (QN/Block) 	Elapsed: 0.028	Loglikelihood: -60314.9	(delta): 7.27596e-12
37 (QN/Block) 	Elapsed: 0.029	Loglikelihood: -60314.9	(delta): -7.27596e-12
38 (QN/Block) 	Elapsed: 0.027	Loglikelihood: -60314.9	(delta): 7.27596e-12
39 (QN/Block) 	Elapsed: 0.03	Loglikelihood: -60314.9	(delta): -1.45519e-11
40 (QN/Block) 	Elapsed: 0.026	Loglikelihood: -60314.9	(delta): 7.27596e-12
41 (QN/Block) 	Elapsed: 0.025	Loglikelihood: -60314.9	(delta): 1.45519e-11
42 (QN/Block) 	Elapsed: 0.025	Loglikelihood: -60314.9	(delta): -7.27596e-12
43 (QN/Block) 	Elapsed: 0.027	Loglikelihood: -60314.9	(delta): 0
44 (QN/Block) 	Elapsed: 0.028	Loglikelihood: -60314.9	(delta): -7.27596e-12
45 (QN/Block) 	Elapsed: 0.03	Loglikelihood: -60314.9	(delta): 7.27596e-12
46 (QN/Block) 	Elapsed: 0.03	Loglikelihood: -60314.9	(delta): -7.27596e-12
47 (QN/Block) 	Elapsed: 0.027	Loglikelihood: -60314.9	(delta): 7.27596e-12
48 (QN/Block) 	Elapsed: 0.025	Loglikelihood: -60314.9	(delta): -7.27596e-12
49 (QN/Block) 	Elapsed: 0.026	Loglikelihood: -60314.9	(delta): 7.27596e-12
50 (QN/Block) 	Elapsed: 0.022	Loglikelihood: -60314.9	(delta): -1.45519e-11
51 (QN/Block) 	Elapsed: 0.028	Loglikelihood: -60314.9	(delta): 1.45519e-11
52 (QN/Block) 	Elapsed: 0.027	Loglikelihood: -60314.9	(delta): -7.27596e-12
53 (QN/Block) 	Elapsed: 0.029	Loglikelihood: -60314.9	(delta): 0
54 (QN/Block) 	Elapsed: 0.025	Loglikelihood: -60314.9	(delta): 0
55 (QN/Block) 	Elapsed: 0.029	Loglikelihood: -60314.9	(delta): 0
56 (QN/Block) 	Elapsed: 0.029	Loglikelihood: -60314.9	(delta): 7.27596e-12
57 (QN/Block) 	Elapsed: 0.029	Loglikelihood: -60314.9	(delta): 0
58 (QN/Block) 	Elapsed: 0.024	Loglikelihood: -60314.9	(delta): -1.45519e-11
59 (QN/Block) 	Elapsed: 0.028	Loglikelihood: -60314.9	(delta): 7.27596e-12
60 (QN/Block) 	Elapsed: 0.026	Loglikelihood: -60314.9	(delta): 7.27596e-12
61 (QN/Block) 	Elapsed: 0.022	Loglikelihood: -60314.9	(delta): -7.27596e-12
62 (QN/Block) 	Elapsed: 0.028	Loglikelihood: -60314.9	(delta): 7.27596e-12
63 (QN/Block) 	Elapsed: 0.027	Loglikelihood: -60314.9	(delta): -1.45519e-11
64 (QN/Block) 	Elapsed: 0.028	Loglikelihood: -60314.9	(delta): 7.27596e-12
65 (QN/Block) 	Elapsed: 0.027	Loglikelihood: -60314.9	(delta): -7.27596e-12
66 (QN/Block) 	Elapsed: 0.027	Loglikelihood: -60314.9	(delta): 1.45519e-11
67 (QN/Block) 	Elapsed: 0.028	Loglikelihood: -60314.9	(delta): -7.27596e-12
68 (QN/Block) 	Elapsed: 0.029	Loglikelihood: -60314.9	(delta): 0
69 (QN/Block) 	Elapsed: 0.026	Loglikelihood: -60314.9	(delta): -7.27596e-12
70 (QN/Block) 	Elapsed: 0.024	Loglikelihood: -60314.9	(delta): 7.27596e-12
71 (QN/Block) 	Elapsed: 0.024	Loglikelihood: -60314.9	(delta): -7.27596e-12
72 (QN/Block) 	Elapsed: 0.026	Loglikelihood: -60314.9	(delta): 7.27596e-12
73 (QN/Block) 	Elapsed: 0.028	Loglikelihood: -60314.9	(delta): 0
74 (QN/Block) 	Elapsed: 0.025	Loglikelihood: -60314.9	(delta): 0
75 (QN/Block) 	Elapsed: 0.024	Loglikelihood: -60314.9	(delta): -7.27596e-12
76 (QN/Block) 	Elapsed: 0.026	Loglikelihood: -60314.9	(delta): 0
77 (QN/Block) 	Elapsed: 0.027	Loglikelihood: -60314.9	(delta): 0
78 (QN/Block) 	Elapsed: 0.024	Loglikelihood: -60314.9	(delta): 0
79 (QN/Block) 	Elapsed: 0.026	Loglikelihood: -60314.9	(delta): 0
80 (QN/Block) 	Elapsed: 0.028	Loglikelihood: -60314.9	(delta): 0
81 (QN/Block) 	Elapsed: 0.027	Loglikelihood: -60314.9	(delta): -7.27596e-12
82 (QN/Block) 	Elapsed: 0.027	Loglikelihood: -60314.9	(delta): 7.27596e-12
83 (QN/Block) 	Elapsed: 0.026	Loglikelihood: -60314.9	(delta): 0
84 (QN/Block) 	Elapsed: 0.026	Loglikelihood: -60314.9	(delta): 0
85 (QN/Block) 	Elapsed: 0.029	Loglikelihood: -60314.9	(delta): -7.27596e-12
86 (QN/Block) 	Elapsed: 0.028	Loglikelihood: -60314.9	(delta): 7.27596e-12
87 (QN/Block) 	Elapsed: 0.03	Loglikelihood: -60314.9	(delta): -1.45519e-11
88 (QN/Block) 	Elapsed: 0.026	Loglikelihood: -60314.9	(delta): 1.45519e-11
89 (QN/Block) 	Elapsed: 0.024	Loglikelihood: -60314.9	(delta): 7.27596e-12
90 (QN/Block) 	Elapsed: 0.023	Loglikelihood: -60314.9	(delta): -1.45519e-11
91 (QN/Block) 	Elapsed: 0.023	Loglikelihood: -60314.9	(delta): 0
92 (QN/Block) 	Elapsed: 0.023	Loglikelihood: -60314.9	(delta): 0
93 (QN/Block) 	Elapsed: 0.024	Loglikelihood: -60314.9	(delta): 0
94 (QN/Block) 	Elapsed: 0.023	Loglikelihood: -60314.9	(delta): -7.27596e-12
95 (QN/Block) 	Elapsed: 0.022	Loglikelihood: -60314.9	(delta): 1.45519e-11
96 (QN/Block) 	Elapsed: 0.022	Loglikelihood: -60314.9	(delta): 0
97 (QN/Block) 	Elapsed: 0.023	Loglikelihood: -60314.9	(delta): -1.45519e-11
98 (QN/Block) 	Elapsed: 0.023	Loglikelihood: -60314.9	(delta): 0
99 (QN/Block) 	Elapsed: 0.023	Loglikelihood: -60314.9	(delta): 0
100 (QN/Block) 	Elapsed: 0.02	Loglikelihood: -60314.9	(delta): 0
Summary: 
Converged in 100 iterations (2.798 sec)
Loglikelihood: -60314.942942
Fst divergences between estimated populations: 
	Pop0	Pop1	Pop2	Pop3	
Pop0	
Pop1	0.536	
Pop2	0.558	0.159	
Pop3	0.379	0.461	0.479	
Pop4	0.167	0.552	0.572	0.401	
CV error (K=5): 0.41937
Writing output files.
