****                   ADMIXTURE Version 1.3.0                  ****
****                    Copyright 2008-2015                     ****
****           David Alexander, Suyash Shringarpure,            ****
****                John  Novembre, Ken Lange                   ****
****                                                            ****
****                 Please cite our paper!                     ****
****   Information at www.genetics.ucla.edu/software/admixture  ****

Parallel execution requested.  Will use 8 threads.
Cross-validation will be performed.  Folds=10.
Random seed: 43
Point estimation method: Block relaxation algorithm
Convergence acceleration algorithm: QuasiNewton, 3 secant conditions
Point estimation will terminate at 100 iterations
Estimation of standard errors disabled; will compute point estimates only.
Size of G: 121x1282
Performing five EM steps to prime main algorithm
1 (EM) 	Elapsed: 0.018	Loglikelihood: -106516	(delta): 107338
2 (EM) 	Elapsed: 0.018	Loglikelihood: -101273	(delta): 5242.75
3 (EM) 	Elapsed: 0.018	Loglikelihood: -99812.5	(delta): 1460.35
4 (EM) 	Elapsed: 0.02	Loglikelihood: -98642.9	(delta): 1169.58
5 (EM) 	Elapsed: 0.019	Loglikelihood: -97430.8	(delta): 1212.18
Initial loglikelihood: -97430.8
Starting main algorithm
1 (QN/Block) 	Elapsed: 0.035	Loglikelihood: -66168.7	(delta): 31262.1
2 (QN/Block) 	Elapsed: 0.032	Loglikelihood: -61782.3	(delta): 4386.34
3 (QN/Block) 	Elapsed: 0.037	Loglikelihood: -59368.6	(delta): 2413.74
4 (QN/Block) 	Elapsed: 0.038	Loglikelihood: -57795.9	(delta): 1572.71
5 (QN/Block) 	Elapsed: 0.039	Loglikelihood: -57182.2	(delta): 613.625
6 (QN/Block) 	Elapsed: 0.035	Loglikelihood: -56981.9	(delta): 200.346
7 (QN/Block) 	Elapsed: 0.039	Loglikelihood: -56932.3	(delta): 49.589
8 (QN/Block) 	Elapsed: 0.033	Loglikelihood: -56903.2	(delta): 29.104
9 (QN/Block) 	Elapsed: 0.031	Loglikelihood: -56879.9	(delta): 23.3258
10 (QN/Block) 	Elapsed: 0.028	Loglikelihood: -56862.8	(delta): 17.0429
11 (QN/Block) 	Elapsed: 0.03	Loglikelihood: -56850.1	(delta): 12.7361
12 (QN/Block) 	Elapsed: 0.035	Loglikelihood: -56845.7	(delta): 4.37697
13 (QN/Block) 	Elapsed: 0.038	Loglikelihood: -56839.9	(delta): 5.77346
14 (QN/Block) 	Elapsed: 0.036	Loglikelihood: -56833.8	(delta): 6.16219
15 (QN/Block) 	Elapsed: 0.031	Loglikelihood: -56832.7	(delta): 1.08545
16 (QN/Block) 	Elapsed: 0.036	Loglikelihood: -56832.5	(delta): 0.218651
17 (QN/Block) 	Elapsed: 0.04	Loglikelihood: -56831.8	(delta): 0.652392
18 (QN/Block) 	Elapsed: 0.037	Loglikelihood: -56831.6	(delta): 0.196697
19 (QN/Block) 	Elapsed: 0.032	Loglikelihood: -56831.3	(delta): 0.276783
20 (QN/Block) 	Elapsed: 0.035	Loglikelihood: -56831.2	(delta): 0.143962
21 (QN/Block) 	Elapsed: 0.035	Loglikelihood: -56831.1	(delta): 0.0653879
22 (QN/Block) 	Elapsed: 0.033	Loglikelihood: -56831	(delta): 0.0912514
23 (QN/Block) 	Elapsed: 0.041	Loglikelihood: -56831	(delta): 0.0709853
24 (QN/Block) 	Elapsed: 0.032	Loglikelihood: -56830.9	(delta): 0.0335096
25 (QN/Block) 	Elapsed: 0.035	Loglikelihood: -56830.9	(delta): 0.0114877
26 (QN/Block) 	Elapsed: 0.032	Loglikelihood: -56830.9	(delta): 0.00588821
27 (QN/Block) 	Elapsed: 0.035	Loglikelihood: -56830.9	(delta): 0.00155409
28 (QN/Block) 	Elapsed: 0.035	Loglikelihood: -56830.9	(delta): 0.0020957
29 (QN/Block) 	Elapsed: 0.03	Loglikelihood: -56830.9	(delta): 0.000134269
30 (QN/Block) 	Elapsed: 0.029	Loglikelihood: -56830.9	(delta): 4.487e-05
31 (QN/Block) 	Elapsed: 0.034	Loglikelihood: -56830.9	(delta): 2.27607e-06
32 (QN/Block) 	Elapsed: 0.036	Loglikelihood: -56830.9	(delta): 2.56528e-07
33 (QN/Block) 	Elapsed: 0.036	Loglikelihood: -56830.9	(delta): 1.09576e-08
34 (QN/Block) 	Elapsed: 0.036	Loglikelihood: -56830.9	(delta): 1.96451e-09
35 (QN/Block) 	Elapsed: 0.037	Loglikelihood: -56830.9	(delta): 3.12866e-10
36 (QN/Block) 	Elapsed: 0.04	Loglikelihood: -56830.9	(delta): 2.91038e-11
37 (QN/Block) 	Elapsed: 0.039	Loglikelihood: -56830.9	(delta): 7.27596e-12
38 (QN/Block) 	Elapsed: 0.04	Loglikelihood: -56830.9	(delta): 1.45519e-11
39 (QN/Block) 	Elapsed: 0.038	Loglikelihood: -56830.9	(delta): 7.27596e-12
40 (QN/Block) 	Elapsed: 0.031	Loglikelihood: -56830.9	(delta): 1.45519e-11
41 (QN/Block) 	Elapsed: 0.033	Loglikelihood: -56830.9	(delta): 0
42 (QN/Block) 	Elapsed: 0.032	Loglikelihood: -56830.9	(delta): 0
43 (QN/Block) 	Elapsed: 0.036	Loglikelihood: -56830.9	(delta): -7.27596e-12
44 (QN/Block) 	Elapsed: 0.034	Loglikelihood: -56830.9	(delta): 1.45519e-11
45 (QN/Block) 	Elapsed: 0.04	Loglikelihood: -56830.9	(delta): -7.27596e-12
46 (QN/Block) 	Elapsed: 0.042	Loglikelihood: -56830.9	(delta): 0
47 (QN/Block) 	Elapsed: 0.036	Loglikelihood: -56830.9	(delta): -7.27596e-12
48 (QN/Block) 	Elapsed: 0.037	Loglikelihood: -56830.9	(delta): 1.45519e-11
49 (QN/Block) 	Elapsed: 0.039	Loglikelihood: -56830.9	(delta): -7.27596e-12
50 (QN/Block) 	Elapsed: 0.035	Loglikelihood: -56830.9	(delta): 0
51 (QN/Block) 	Elapsed: 0.037	Loglikelihood: -56830.9	(delta): 0
52 (QN/Block) 	Elapsed: 0.036	Loglikelihood: -56830.9	(delta): 2.18279e-11
53 (QN/Block) 	Elapsed: 0.037	Loglikelihood: -56830.9	(delta): -2.18279e-11
54 (QN/Block) 	Elapsed: 0.037	Loglikelihood: -56830.9	(delta): 7.27596e-12
55 (QN/Block) 	Elapsed: 0.039	Loglikelihood: -56830.9	(delta): 7.27596e-12
56 (QN/Block) 	Elapsed: 0.046	Loglikelihood: -56830.9	(delta): -7.27596e-12
57 (QN/Block) 	Elapsed: 0.04	Loglikelihood: -56830.9	(delta): 7.27596e-12
58 (QN/Block) 	Elapsed: 0.047	Loglikelihood: -56830.9	(delta): -7.27596e-12
59 (QN/Block) 	Elapsed: 0.042	Loglikelihood: -56830.9	(delta): 1.45519e-11
60 (QN/Block) 	Elapsed: 0.039	Loglikelihood: -56830.9	(delta): -1.45519e-11
61 (QN/Block) 	Elapsed: 0.037	Loglikelihood: -56830.9	(delta): 7.27596e-12
62 (QN/Block) 	Elapsed: 0.036	Loglikelihood: -56830.9	(delta): 0
63 (QN/Block) 	Elapsed: 0.031	Loglikelihood: -56830.9	(delta): 0
64 (QN/Block) 	Elapsed: 0.033	Loglikelihood: -56830.9	(delta): -7.27596e-12
65 (QN/Block) 	Elapsed: 0.031	Loglikelihood: -56830.9	(delta): 7.27596e-12
66 (QN/Block) 	Elapsed: 0.037	Loglikelihood: -56830.9	(delta): 0
67 (QN/Block) 	Elapsed: 0.034	Loglikelihood: -56830.9	(delta): -7.27596e-12
68 (QN/Block) 	Elapsed: 0.039	Loglikelihood: -56830.9	(delta): 1.45519e-11
69 (QN/Block) 	Elapsed: 0.037	Loglikelihood: -56830.9	(delta): -1.45519e-11
70 (QN/Block) 	Elapsed: 0.037	Loglikelihood: -56830.9	(delta): 0
71 (QN/Block) 	Elapsed: 0.032	Loglikelihood: -56830.9	(delta): 0
72 (QN/Block) 	Elapsed: 0.032	Loglikelihood: -56830.9	(delta): 7.27596e-12
73 (QN/Block) 	Elapsed: 0.033	Loglikelihood: -56830.9	(delta): -7.27596e-12
74 (QN/Block) 	Elapsed: 0.039	Loglikelihood: -56830.9	(delta): 0
75 (QN/Block) 	Elapsed: 0.042	Loglikelihood: -56830.9	(delta): 2.18279e-11
76 (QN/Block) 	Elapsed: 0.038	Loglikelihood: -56830.9	(delta): -7.27596e-12
77 (QN/Block) 	Elapsed: 0.039	Loglikelihood: -56830.9	(delta): 7.27596e-12
78 (QN/Block) 	Elapsed: 0.04	Loglikelihood: -56830.9	(delta): -1.45519e-11
79 (QN/Block) 	Elapsed: 0.037	Loglikelihood: -56830.9	(delta): 7.27596e-12
80 (QN/Block) 	Elapsed: 0.034	Loglikelihood: -56830.9	(delta): 1.45519e-11
81 (QN/Block) 	Elapsed: 0.03	Loglikelihood: -56830.9	(delta): -7.27596e-12
82 (QN/Block) 	Elapsed: 0.038	Loglikelihood: -56830.9	(delta): -7.27596e-12
83 (QN/Block) 	Elapsed: 0.041	Loglikelihood: -56830.9	(delta): 0
84 (QN/Block) 	Elapsed: 0.037	Loglikelihood: -56830.9	(delta): 7.27596e-12
85 (QN/Block) 	Elapsed: 0.035	Loglikelihood: -56830.9	(delta): -1.45519e-11
86 (QN/Block) 	Elapsed: 0.037	Loglikelihood: -56830.9	(delta): 1.45519e-11
87 (QN/Block) 	Elapsed: 0.031	Loglikelihood: -56830.9	(delta): -7.27596e-12
88 (QN/Block) 	Elapsed: 0.038	Loglikelihood: -56830.9	(delta): 0
89 (QN/Block) 	Elapsed: 0.035	Loglikelihood: -56830.9	(delta): 7.27596e-12
90 (QN/Block) 	Elapsed: 0.036	Loglikelihood: -56830.9	(delta): 0
91 (QN/Block) 	Elapsed: 0.04	Loglikelihood: -56830.9	(delta): 0
92 (QN/Block) 	Elapsed: 0.038	Loglikelihood: -56830.9	(delta): 0
93 (QN/Block) 	Elapsed: 0.04	Loglikelihood: -56830.9	(delta): 0
94 (QN/Block) 	Elapsed: 0.034	Loglikelihood: -56830.9	(delta): -7.27596e-12
95 (QN/Block) 	Elapsed: 0.034	Loglikelihood: -56830.9	(delta): 7.27596e-12
96 (QN/Block) 	Elapsed: 0.039	Loglikelihood: -56830.9	(delta): 0
97 (QN/Block) 	Elapsed: 0.037	Loglikelihood: -56830.9	(delta): 0
98 (QN/Block) 	Elapsed: 0.034	Loglikelihood: -56830.9	(delta): 0
99 (QN/Block) 	Elapsed: 0.037	Loglikelihood: -56830.9	(delta): -7.27596e-12
100 (QN/Block) 	Elapsed: 0.035	Loglikelihood: -56830.9	(delta): -7.27596e-12
Summary: 
Converged in 100 iterations (3.842 sec)
Loglikelihood: -56830.916717
Fst divergences between estimated populations: 
	Pop0	Pop1	Pop2	Pop3	Pop4	Pop5	Pop6	
Pop0	
Pop1	0.421	
Pop2	0.530	0.572	
Pop3	0.469	0.189	0.611	
Pop4	0.503	0.548	0.208	0.589	
Pop5	0.520	0.567	0.179	0.606	0.187	
Pop6	0.466	0.251	0.605	0.253	0.580	0.597	
Pop7	0.238	0.370	0.504	0.426	0.476	0.495	0.419	
CV error (K=8): 0.47082
Writing output files.
