****                   ADMIXTURE Version 1.3.0                  ****
****                    Copyright 2008-2015                     ****
****           David Alexander, Suyash Shringarpure,            ****
****                John  Novembre, Ken Lange                   ****
****                                                            ****
****                 Please cite our paper!                     ****
****   Information at www.genetics.ucla.edu/software/admixture  ****

Parallel execution requested.  Will use 8 threads.
Cross-validation will be performed.  Folds=10.
Random seed: 43
Point estimation method: Block relaxation algorithm
Convergence acceleration algorithm: QuasiNewton, 3 secant conditions
Point estimation will terminate at 100 iterations
Estimation of standard errors disabled; will compute point estimates only.
Size of G: 121x1282
Performing five EM steps to prime main algorithm
1 (EM) 	Elapsed: 0.008	Loglikelihood: -106362	(delta): 121410
2 (EM) 	Elapsed: 0.008	Loglikelihood: -101063	(delta): 5299.1
3 (EM) 	Elapsed: 0.008	Loglikelihood: -99139.9	(delta): 1923.47
4 (EM) 	Elapsed: 0.008	Loglikelihood: -97319.6	(delta): 1820.29
5 (EM) 	Elapsed: 0.008	Loglikelihood: -95112.5	(delta): 2207.05
Initial loglikelihood: -95112.5
Starting main algorithm
1 (QN/Block) 	Elapsed: 0.017	Loglikelihood: -70642.1	(delta): 24470.4
2 (QN/Block) 	Elapsed: 0.021	Loglikelihood: -65369.1	(delta): 5272.94
3 (QN/Block) 	Elapsed: 0.019	Loglikelihood: -63334.3	(delta): 2034.8
4 (QN/Block) 	Elapsed: 0.018	Loglikelihood: -62079.7	(delta): 1254.63
5 (QN/Block) 	Elapsed: 0.019	Loglikelihood: -61578.7	(delta): 500.978
6 (QN/Block) 	Elapsed: 0.019	Loglikelihood: -61391.2	(delta): 187.565
7 (QN/Block) 	Elapsed: 0.019	Loglikelihood: -61355.8	(delta): 35.3619
8 (QN/Block) 	Elapsed: 0.02	Loglikelihood: -61354.2	(delta): 1.64543
9 (QN/Block) 	Elapsed: 0.019	Loglikelihood: -61353.8	(delta): 0.331478
10 (QN/Block) 	Elapsed: 0.019	Loglikelihood: -61353.8	(delta): 0.026989
11 (QN/Block) 	Elapsed: 0.025	Loglikelihood: -61353.8	(delta): 0.00232145
12 (QN/Block) 	Elapsed: 0.022	Loglikelihood: -61353.8	(delta): 0.000134636
13 (QN/Block) 	Elapsed: 0.019	Loglikelihood: -61353.8	(delta): 3.97218e-05
14 (QN/Block) 	Elapsed: 0.023	Loglikelihood: -61353.8	(delta): 3.4905e-07
15 (QN/Block) 	Elapsed: 0.022	Loglikelihood: -61353.8	(delta): 2.46655e-08
16 (QN/Block) 	Elapsed: 0.022	Loglikelihood: -61353.8	(delta): 8.22183e-10
17 (QN/Block) 	Elapsed: 0.024	Loglikelihood: -61353.8	(delta): 1.45519e-11
18 (QN/Block) 	Elapsed: 0.024	Loglikelihood: -61353.8	(delta): 7.27596e-12
19 (QN/Block) 	Elapsed: 0.028	Loglikelihood: -61353.8	(delta): -7.27596e-12
20 (QN/Block) 	Elapsed: 0.022	Loglikelihood: -61353.8	(delta): 7.27596e-12
21 (QN/Block) 	Elapsed: 0.022	Loglikelihood: -61353.8	(delta): 0
22 (QN/Block) 	Elapsed: 0.026	Loglikelihood: -61353.8	(delta): -1.45519e-11
23 (QN/Block) 	Elapsed: 0.022	Loglikelihood: -61353.8	(delta): 7.27596e-12
24 (QN/Block) 	Elapsed: 0.023	Loglikelihood: -61353.8	(delta): 0
25 (QN/Block) 	Elapsed: 0.024	Loglikelihood: -61353.8	(delta): 7.27596e-12
26 (QN/Block) 	Elapsed: 0.024	Loglikelihood: -61353.8	(delta): 0
27 (QN/Block) 	Elapsed: 0.026	Loglikelihood: -61353.8	(delta): -1.45519e-11
28 (QN/Block) 	Elapsed: 0.026	Loglikelihood: -61353.8	(delta): 7.27596e-12
29 (QN/Block) 	Elapsed: 0.026	Loglikelihood: -61353.8	(delta): 0
30 (QN/Block) 	Elapsed: 0.026	Loglikelihood: -61353.8	(delta): -7.27596e-12
31 (QN/Block) 	Elapsed: 0.024	Loglikelihood: -61353.8	(delta): 7.27596e-12
32 (QN/Block) 	Elapsed: 0.022	Loglikelihood: -61353.8	(delta): 0
33 (QN/Block) 	Elapsed: 0.021	Loglikelihood: -61353.8	(delta): 7.27596e-12
34 (QN/Block) 	Elapsed: 0.024	Loglikelihood: -61353.8	(delta): 0
35 (QN/Block) 	Elapsed: 0.024	Loglikelihood: -61353.8	(delta): -7.27596e-12
36 (QN/Block) 	Elapsed: 0.022	Loglikelihood: -61353.8	(delta): 7.27596e-12
37 (QN/Block) 	Elapsed: 0.024	Loglikelihood: -61353.8	(delta): -7.27596e-12
38 (QN/Block) 	Elapsed: 0.019	Loglikelihood: -61353.8	(delta): 0
39 (QN/Block) 	Elapsed: 0.021	Loglikelihood: -61353.8	(delta): 0
40 (QN/Block) 	Elapsed: 0.024	Loglikelihood: -61353.8	(delta): -7.27596e-12
41 (QN/Block) 	Elapsed: 0.022	Loglikelihood: -61353.8	(delta): 1.45519e-11
42 (QN/Block) 	Elapsed: 0.021	Loglikelihood: -61353.8	(delta): 0
43 (QN/Block) 	Elapsed: 0.021	Loglikelihood: -61353.8	(delta): 0
44 (QN/Block) 	Elapsed: 0.021	Loglikelihood: -61353.8	(delta): -7.27596e-12
45 (QN/Block) 	Elapsed: 0.019	Loglikelihood: -61353.8	(delta): 1.45519e-11
46 (QN/Block) 	Elapsed: 0.021	Loglikelihood: -61353.8	(delta): 0
47 (QN/Block) 	Elapsed: 0.02	Loglikelihood: -61353.8	(delta): 0
48 (QN/Block) 	Elapsed: 0.024	Loglikelihood: -61353.8	(delta): -1.45519e-11
49 (QN/Block) 	Elapsed: 0.026	Loglikelihood: -61353.8	(delta): 7.27596e-12
50 (QN/Block) 	Elapsed: 0.021	Loglikelihood: -61353.8	(delta): 7.27596e-12
51 (QN/Block) 	Elapsed: 0.024	Loglikelihood: -61353.8	(delta): -7.27596e-12
52 (QN/Block) 	Elapsed: 0.027	Loglikelihood: -61353.8	(delta): 0
53 (QN/Block) 	Elapsed: 0.025	Loglikelihood: -61353.8	(delta): -1.45519e-11
54 (QN/Block) 	Elapsed: 0.028	Loglikelihood: -61353.8	(delta): 7.27596e-12
55 (QN/Block) 	Elapsed: 0.025	Loglikelihood: -61353.8	(delta): 0
56 (QN/Block) 	Elapsed: 0.026	Loglikelihood: -61353.8	(delta): 7.27596e-12
57 (QN/Block) 	Elapsed: 0.025	Loglikelihood: -61353.8	(delta): 0
58 (QN/Block) 	Elapsed: 0.022	Loglikelihood: -61353.8	(delta): 0
59 (QN/Block) 	Elapsed: 0.024	Loglikelihood: -61353.8	(delta): -7.27596e-12
60 (QN/Block) 	Elapsed: 0.025	Loglikelihood: -61353.8	(delta): 7.27596e-12
61 (QN/Block) 	Elapsed: 0.026	Loglikelihood: -61353.8	(delta): -1.45519e-11
62 (QN/Block) 	Elapsed: 0.023	Loglikelihood: -61353.8	(delta): 7.27596e-12
63 (QN/Block) 	Elapsed: 0.025	Loglikelihood: -61353.8	(delta): 7.27596e-12
64 (QN/Block) 	Elapsed: 0.026	Loglikelihood: -61353.8	(delta): 0
65 (QN/Block) 	Elapsed: 0.027	Loglikelihood: -61353.8	(delta): 0
66 (QN/Block) 	Elapsed: 0.027	Loglikelihood: -61353.8	(delta): 0
67 (QN/Block) 	Elapsed: 0.025	Loglikelihood: -61353.8	(delta): 7.27596e-12
68 (QN/Block) 	Elapsed: 0.026	Loglikelihood: -61353.8	(delta): -2.18279e-11
69 (QN/Block) 	Elapsed: 0.024	Loglikelihood: -61353.8	(delta): 1.45519e-11
70 (QN/Block) 	Elapsed: 0.024	Loglikelihood: -61353.8	(delta): 0
71 (QN/Block) 	Elapsed: 0.025	Loglikelihood: -61353.8	(delta): -7.27596e-12
72 (QN/Block) 	Elapsed: 0.023	Loglikelihood: -61353.8	(delta): 0
73 (QN/Block) 	Elapsed: 0.024	Loglikelihood: -61353.8	(delta): 7.27596e-12
74 (QN/Block) 	Elapsed: 0.023	Loglikelihood: -61353.8	(delta): 0
75 (QN/Block) 	Elapsed: 0.024	Loglikelihood: -61353.8	(delta): -7.27596e-12
76 (QN/Block) 	Elapsed: 0.026	Loglikelihood: -61353.8	(delta): 7.27596e-12
77 (QN/Block) 	Elapsed: 0.026	Loglikelihood: -61353.8	(delta): -1.45519e-11
78 (QN/Block) 	Elapsed: 0.025	Loglikelihood: -61353.8	(delta): 1.45519e-11
79 (QN/Block) 	Elapsed: 0.026	Loglikelihood: -61353.8	(delta): 0
80 (QN/Block) 	Elapsed: 0.023	Loglikelihood: -61353.8	(delta): 0
81 (QN/Block) 	Elapsed: 0.025	Loglikelihood: -61353.8	(delta): 0
82 (QN/Block) 	Elapsed: 0.022	Loglikelihood: -61353.8	(delta): -7.27596e-12
83 (QN/Block) 	Elapsed: 0.021	Loglikelihood: -61353.8	(delta): 7.27596e-12
84 (QN/Block) 	Elapsed: 0.024	Loglikelihood: -61353.8	(delta): 0
85 (QN/Block) 	Elapsed: 0.024	Loglikelihood: -61353.8	(delta): 0
86 (QN/Block) 	Elapsed: 0.025	Loglikelihood: -61353.8	(delta): 0
87 (QN/Block) 	Elapsed: 0.026	Loglikelihood: -61353.8	(delta): 0
88 (QN/Block) 	Elapsed: 0.023	Loglikelihood: -61353.8	(delta): 0
89 (QN/Block) 	Elapsed: 0.023	Loglikelihood: -61353.8	(delta): 0
90 (QN/Block) 	Elapsed: 0.023	Loglikelihood: -61353.8	(delta): 0
91 (QN/Block) 	Elapsed: 0.022	Loglikelihood: -61353.8	(delta): 0
92 (QN/Block) 	Elapsed: 0.023	Loglikelihood: -61353.8	(delta): -7.27596e-12
93 (QN/Block) 	Elapsed: 0.021	Loglikelihood: -61353.8	(delta): 7.27596e-12
94 (QN/Block) 	Elapsed: 0.022	Loglikelihood: -61353.8	(delta): -1.45519e-11
95 (QN/Block) 	Elapsed: 0.023	Loglikelihood: -61353.8	(delta): 0
96 (QN/Block) 	Elapsed: 0.023	Loglikelihood: -61353.8	(delta): 0
97 (QN/Block) 	Elapsed: 0.026	Loglikelihood: -61353.8	(delta): 7.27596e-12
98 (QN/Block) 	Elapsed: 0.025	Loglikelihood: -61353.8	(delta): 7.27596e-12
99 (QN/Block) 	Elapsed: 0.027	Loglikelihood: -61353.8	(delta): 0
100 (QN/Block) 	Elapsed: 0.027	Loglikelihood: -61353.8	(delta): -1.45519e-11
Summary: 
Converged in 100 iterations (2.486 sec)
Loglikelihood: -61353.790439
Fst divergences between estimated populations: 
	Pop0	Pop1	Pop2	
Pop0	
Pop1	0.379	
Pop2	0.167	0.401	
Pop3	0.530	0.453	0.545	
CV error (K=4): 0.41228
Writing output files.
