****                   ADMIXTURE Version 1.3.0                  ****
****                    Copyright 2008-2015                     ****
****           David Alexander, Suyash Shringarpure,            ****
****                John  Novembre, Ken Lange                   ****
****                                                            ****
****                 Please cite our paper!                     ****
****   Information at www.genetics.ucla.edu/software/admixture  ****

Parallel execution requested.  Will use 8 threads.
Cross-validation will be performed.  Folds=10.
Random seed: 43
Point estimation method: Block relaxation algorithm
Convergence acceleration algorithm: QuasiNewton, 3 secant conditions
Point estimation will terminate at 100 iterations
Estimation of standard errors disabled; will compute point estimates only.
Size of G: 92x945
Performing five EM steps to prime main algorithm
1 (EM) 	Elapsed: 0.01	Loglikelihood: -44170.8	(delta): 77463.9
2 (EM) 	Elapsed: 0.01	Loglikelihood: -41328.3	(delta): 2842.53
3 (EM) 	Elapsed: 0.01	Loglikelihood: -40744.8	(delta): 583.53
4 (EM) 	Elapsed: 0.01	Loglikelihood: -40386.5	(delta): 358.254
5 (EM) 	Elapsed: 0.012	Loglikelihood: -40102.8	(delta): 283.745
Initial loglikelihood: -40102.8
Starting main algorithm
1 (QN/Block) 	Elapsed: 0.021	Loglikelihood: -36130.2	(delta): 3972.59
2 (QN/Block) 	Elapsed: 0.024	Loglikelihood: -35143	(delta): 987.173
3 (QN/Block) 	Elapsed: 0.029	Loglikelihood: -34738.7	(delta): 404.314
4 (QN/Block) 	Elapsed: 0.028	Loglikelihood: -34470.8	(delta): 267.861
5 (QN/Block) 	Elapsed: 0.026	Loglikelihood: -34304	(delta): 166.864
6 (QN/Block) 	Elapsed: 0.027	Loglikelihood: -34148.3	(delta): 155.656
7 (QN/Block) 	Elapsed: 0.022	Loglikelihood: -34061.7	(delta): 86.6429
8 (QN/Block) 	Elapsed: 0.027	Loglikelihood: -34016.2	(delta): 45.4352
9 (QN/Block) 	Elapsed: 0.027	Loglikelihood: -33982.4	(delta): 33.8238
10 (QN/Block) 	Elapsed: 0.025	Loglikelihood: -33962.3	(delta): 20.0668
11 (QN/Block) 	Elapsed: 0.025	Loglikelihood: -33950.5	(delta): 11.8622
12 (QN/Block) 	Elapsed: 0.026	Loglikelihood: -33944.3	(delta): 6.21872
13 (QN/Block) 	Elapsed: 0.024	Loglikelihood: -33940.2	(delta): 4.05718
14 (QN/Block) 	Elapsed: 0.029	Loglikelihood: -33938	(delta): 2.22504
15 (QN/Block) 	Elapsed: 0.028	Loglikelihood: -33934.8	(delta): 3.18435
16 (QN/Block) 	Elapsed: 0.026	Loglikelihood: -33928.2	(delta): 6.57861
17 (QN/Block) 	Elapsed: 0.027	Loglikelihood: -33924.4	(delta): 3.7743
18 (QN/Block) 	Elapsed: 0.029	Loglikelihood: -33921.8	(delta): 2.65285
19 (QN/Block) 	Elapsed: 0.023	Loglikelihood: -33921.3	(delta): 0.515605
20 (QN/Block) 	Elapsed: 0.021	Loglikelihood: -33920.9	(delta): 0.338021
21 (QN/Block) 	Elapsed: 0.026	Loglikelihood: -33920.6	(delta): 0.351989
22 (QN/Block) 	Elapsed: 0.027	Loglikelihood: -33919.9	(delta): 0.648335
23 (QN/Block) 	Elapsed: 0.026	Loglikelihood: -33919.6	(delta): 0.360901
24 (QN/Block) 	Elapsed: 0.028	Loglikelihood: -33919.2	(delta): 0.334056
25 (QN/Block) 	Elapsed: 0.023	Loglikelihood: -33919.2	(delta): 0.0405717
26 (QN/Block) 	Elapsed: 0.025	Loglikelihood: -33919.2	(delta): 0.0350092
27 (QN/Block) 	Elapsed: 0.024	Loglikelihood: -33919.1	(delta): 0.095815
28 (QN/Block) 	Elapsed: 0.027	Loglikelihood: -33918.8	(delta): 0.277914
29 (QN/Block) 	Elapsed: 0.03	Loglikelihood: -33918.4	(delta): 0.399901
30 (QN/Block) 	Elapsed: 0.025	Loglikelihood: -33918.3	(delta): 0.115147
31 (QN/Block) 	Elapsed: 0.025	Loglikelihood: -33917.9	(delta): 0.405057
32 (QN/Block) 	Elapsed: 0.025	Loglikelihood: -33916.7	(delta): 1.17504
33 (QN/Block) 	Elapsed: 0.022	Loglikelihood: -33915.5	(delta): 1.17534
34 (QN/Block) 	Elapsed: 0.026	Loglikelihood: -33914.6	(delta): 0.960155
35 (QN/Block) 	Elapsed: 0.027	Loglikelihood: -33913.2	(delta): 1.32981
36 (QN/Block) 	Elapsed: 0.026	Loglikelihood: -33912.4	(delta): 0.856285
37 (QN/Block) 	Elapsed: 0.023	Loglikelihood: -33911.4	(delta): 0.991723
38 (QN/Block) 	Elapsed: 0.027	Loglikelihood: -33911	(delta): 0.354844
39 (QN/Block) 	Elapsed: 0.027	Loglikelihood: -33910.7	(delta): 0.27638
40 (QN/Block) 	Elapsed: 0.03	Loglikelihood: -33910.5	(delta): 0.229417
41 (QN/Block) 	Elapsed: 0.026	Loglikelihood: -33910.3	(delta): 0.2501
42 (QN/Block) 	Elapsed: 0.022	Loglikelihood: -33910.1	(delta): 0.161777
43 (QN/Block) 	Elapsed: 0.024	Loglikelihood: -33910	(delta): 0.0727977
44 (QN/Block) 	Elapsed: 0.024	Loglikelihood: -33910	(delta): 0.00523564
45 (QN/Block) 	Elapsed: 0.023	Loglikelihood: -33910	(delta): 0.00306293
46 (QN/Block) 	Elapsed: 0.029	Loglikelihood: -33910	(delta): 0.00238339
47 (QN/Block) 	Elapsed: 0.032	Loglikelihood: -33910	(delta): 0.00202307
48 (QN/Block) 	Elapsed: 0.027	Loglikelihood: -33910	(delta): 0.000891092
49 (QN/Block) 	Elapsed: 0.024	Loglikelihood: -33910	(delta): 0.000319544
50 (QN/Block) 	Elapsed: 0.028	Loglikelihood: -33910	(delta): 0.00107618
51 (QN/Block) 	Elapsed: 0.023	Loglikelihood: -33910	(delta): 0.000152725
52 (QN/Block) 	Elapsed: 0.025	Loglikelihood: -33910	(delta): 9.81517e-05
53 (QN/Block) 	Elapsed: 0.024	Loglikelihood: -33910	(delta): 2.34072e-05
54 (QN/Block) 	Elapsed: 0.025	Loglikelihood: -33910	(delta): 6.46152e-06
55 (QN/Block) 	Elapsed: 0.025	Loglikelihood: -33910	(delta): 1.42821e-06
56 (QN/Block) 	Elapsed: 0.05	Loglikelihood: -33910	(delta): 1.90979e-07
57 (QN/Block) 	Elapsed: 0.028	Loglikelihood: -33910	(delta): 2.48256e-08
58 (QN/Block) 	Elapsed: 0.045	Loglikelihood: -33910	(delta): 7.64703e-09
59 (QN/Block) 	Elapsed: 0.035	Loglikelihood: -33910	(delta): 2.39379e-09
60 (QN/Block) 	Elapsed: 0.027	Loglikelihood: -33910	(delta): 6.8394e-10
61 (QN/Block) 	Elapsed: 0.023	Loglikelihood: -33910	(delta): 1.16415e-10
62 (QN/Block) 	Elapsed: 0.021	Loglikelihood: -33910	(delta): 2.91038e-11
63 (QN/Block) 	Elapsed: 0.029	Loglikelihood: -33910	(delta): 1.45519e-11
64 (QN/Block) 	Elapsed: 0.031	Loglikelihood: -33910	(delta): -7.27596e-12
65 (QN/Block) 	Elapsed: 0.028	Loglikelihood: -33910	(delta): 7.27596e-12
66 (QN/Block) 	Elapsed: 0.039	Loglikelihood: -33910	(delta): 0
67 (QN/Block) 	Elapsed: 0.044	Loglikelihood: -33910	(delta): 0
68 (QN/Block) 	Elapsed: 0.028	Loglikelihood: -33910	(delta): 7.27596e-12
69 (QN/Block) 	Elapsed: 0.026	Loglikelihood: -33910	(delta): -7.27596e-12
70 (QN/Block) 	Elapsed: 0.039	Loglikelihood: -33910	(delta): 0
71 (QN/Block) 	Elapsed: 0.025	Loglikelihood: -33910	(delta): 0
72 (QN/Block) 	Elapsed: 0.026	Loglikelihood: -33910	(delta): 0
73 (QN/Block) 	Elapsed: 0.023	Loglikelihood: -33910	(delta): 7.27596e-12
74 (QN/Block) 	Elapsed: 0.027	Loglikelihood: -33910	(delta): 0
75 (QN/Block) 	Elapsed: 0.022	Loglikelihood: -33910	(delta): 0
76 (QN/Block) 	Elapsed: 0.027	Loglikelihood: -33910	(delta): -7.27596e-12
77 (QN/Block) 	Elapsed: 0.025	Loglikelihood: -33910	(delta): 0
78 (QN/Block) 	Elapsed: 0.027	Loglikelihood: -33910	(delta): 7.27596e-12
79 (QN/Block) 	Elapsed: 0.022	Loglikelihood: -33910	(delta): 0
80 (QN/Block) 	Elapsed: 0.024	Loglikelihood: -33910	(delta): 0
81 (QN/Block) 	Elapsed: 0.022	Loglikelihood: -33910	(delta): -7.27596e-12
82 (QN/Block) 	Elapsed: 0.027	Loglikelihood: -33910	(delta): 0
83 (QN/Block) 	Elapsed: 0.036	Loglikelihood: -33910	(delta): 0
84 (QN/Block) 	Elapsed: 0.021	Loglikelihood: -33910	(delta): 0
85 (QN/Block) 	Elapsed: 0.03	Loglikelihood: -33910	(delta): 7.27596e-12
86 (QN/Block) 	Elapsed: 0.021	Loglikelihood: -33910	(delta): -7.27596e-12
87 (QN/Block) 	Elapsed: 0.026	Loglikelihood: -33910	(delta): 7.27596e-12
88 (QN/Block) 	Elapsed: 0.023	Loglikelihood: -33910	(delta): -7.27596e-12
89 (QN/Block) 	Elapsed: 0.03	Loglikelihood: -33910	(delta): 0
90 (QN/Block) 	Elapsed: 0.032	Loglikelihood: -33910	(delta): 0
91 (QN/Block) 	Elapsed: 0.03	Loglikelihood: -33910	(delta): 0
92 (QN/Block) 	Elapsed: 0.028	Loglikelihood: -33910	(delta): 7.27596e-12
93 (QN/Block) 	Elapsed: 0.026	Loglikelihood: -33910	(delta): 0
94 (QN/Block) 	Elapsed: 0.028	Loglikelihood: -33910	(delta): -7.27596e-12
95 (QN/Block) 	Elapsed: 0.032	Loglikelihood: -33910	(delta): 7.27596e-12
96 (QN/Block) 	Elapsed: 0.03	Loglikelihood: -33910	(delta): 0
97 (QN/Block) 	Elapsed: 0.03	Loglikelihood: -33910	(delta): 0
98 (QN/Block) 	Elapsed: 0.028	Loglikelihood: -33910	(delta): -1.45519e-11
99 (QN/Block) 	Elapsed: 0.026	Loglikelihood: -33910	(delta): 7.27596e-12
100 (QN/Block) 	Elapsed: 0.023	Loglikelihood: -33910	(delta): 0
Summary: 
Converged in 100 iterations (2.888 sec)
Loglikelihood: -33910.015216
Fst divergences between estimated populations: 
	Pop0	Pop1	Pop2	Pop3	Pop4	Pop5	Pop6	
Pop0	
Pop1	0.256	
Pop2	0.255	0.073	
Pop3	0.270	0.077	0.080	
Pop4	0.265	0.078	0.069	0.094	
Pop5	0.258	0.086	0.083	0.096	0.090	
Pop6	0.156	0.192	0.192	0.208	0.200	0.190	
Pop7	0.159	0.198	0.199	0.213	0.204	0.193	0.072	
CV error (K=8): 0.41018
Writing output files.
