****                   ADMIXTURE Version 1.3.0                  ****
****                    Copyright 2008-2015                     ****
****           David Alexander, Suyash Shringarpure,            ****
****                John  Novembre, Ken Lange                   ****
****                                                            ****
****                 Please cite our paper!                     ****
****   Information at www.genetics.ucla.edu/software/admixture  ****

Parallel execution requested.  Will use 8 threads.
Cross-validation will be performed.  Folds=10.
Random seed: 43
Point estimation method: Block relaxation algorithm
Convergence acceleration algorithm: QuasiNewton, 3 secant conditions
Point estimation will terminate at 100 iterations
Estimation of standard errors disabled; will compute point estimates only.
Size of G: 92x945
Performing five EM steps to prime main algorithm
1 (EM) 	Elapsed: 0.006	Loglikelihood: -44168.6	(delta): 82299.8
2 (EM) 	Elapsed: 0.006	Loglikelihood: -41458.8	(delta): 2709.81
3 (EM) 	Elapsed: 0.006	Loglikelihood: -40912.1	(delta): 546.722
4 (EM) 	Elapsed: 0.006	Loglikelihood: -40579.9	(delta): 332.254
5 (EM) 	Elapsed: 0.006	Loglikelihood: -40335.1	(delta): 244.75
Initial loglikelihood: -40335.1
Starting main algorithm
1 (QN/Block) 	Elapsed: 0.012	Loglikelihood: -36945.5	(delta): 3389.65
2 (QN/Block) 	Elapsed: 0.012	Loglikelihood: -35923.4	(delta): 1022.06
3 (QN/Block) 	Elapsed: 0.016	Loglikelihood: -35515.4	(delta): 408.007
4 (QN/Block) 	Elapsed: 0.014	Loglikelihood: -35312.6	(delta): 202.804
5 (QN/Block) 	Elapsed: 0.012	Loglikelihood: -35213.5	(delta): 99.0403
6 (QN/Block) 	Elapsed: 0.012	Loglikelihood: -35183.7	(delta): 29.8457
7 (QN/Block) 	Elapsed: 0.013	Loglikelihood: -35169.9	(delta): 13.7705
8 (QN/Block) 	Elapsed: 0.013	Loglikelihood: -35162.7	(delta): 7.21499
9 (QN/Block) 	Elapsed: 0.013	Loglikelihood: -35159.5	(delta): 3.22828
10 (QN/Block) 	Elapsed: 0.02	Loglikelihood: -35156.4	(delta): 3.11357
11 (QN/Block) 	Elapsed: 0.017	Loglikelihood: -35155.4	(delta): 0.962758
12 (QN/Block) 	Elapsed: 0.014	Loglikelihood: -35154.2	(delta): 1.20922
13 (QN/Block) 	Elapsed: 0.016	Loglikelihood: -35149.7	(delta): 4.48035
14 (QN/Block) 	Elapsed: 0.012	Loglikelihood: -35147.3	(delta): 2.44286
15 (QN/Block) 	Elapsed: 0.015	Loglikelihood: -35146.5	(delta): 0.779308
16 (QN/Block) 	Elapsed: 0.014	Loglikelihood: -35145.8	(delta): 0.72268
17 (QN/Block) 	Elapsed: 0.014	Loglikelihood: -35144.5	(delta): 1.24352
18 (QN/Block) 	Elapsed: 0.017	Loglikelihood: -35144.3	(delta): 0.221264
19 (QN/Block) 	Elapsed: 0.018	Loglikelihood: -35144.2	(delta): 0.148524
20 (QN/Block) 	Elapsed: 0.016	Loglikelihood: -35144	(delta): 0.145231
21 (QN/Block) 	Elapsed: 0.014	Loglikelihood: -35143.9	(delta): 0.0898155
22 (QN/Block) 	Elapsed: 0.015	Loglikelihood: -35143.9	(delta): 0.0102425
23 (QN/Block) 	Elapsed: 0.014	Loglikelihood: -35143.9	(delta): 0.0179588
24 (QN/Block) 	Elapsed: 0.015	Loglikelihood: -35143.9	(delta): 0.00540601
25 (QN/Block) 	Elapsed: 0.017	Loglikelihood: -35143.9	(delta): 0.00368314
26 (QN/Block) 	Elapsed: 0.017	Loglikelihood: -35143.9	(delta): 0.0044257
27 (QN/Block) 	Elapsed: 0.016	Loglikelihood: -35143.9	(delta): 0.0129586
28 (QN/Block) 	Elapsed: 0.016	Loglikelihood: -35143.8	(delta): 0.10687
29 (QN/Block) 	Elapsed: 0.016	Loglikelihood: -35143.6	(delta): 0.157576
30 (QN/Block) 	Elapsed: 0.016	Loglikelihood: -35143.6	(delta): 0.0451485
31 (QN/Block) 	Elapsed: 0.018	Loglikelihood: -35143.6	(delta): 0.00359685
32 (QN/Block) 	Elapsed: 0.016	Loglikelihood: -35143.6	(delta): 0.00043953
33 (QN/Block) 	Elapsed: 0.016	Loglikelihood: -35143.6	(delta): 5.1559e-05
34 (QN/Block) 	Elapsed: 0.015	Loglikelihood: -35143.6	(delta): 3.13104e-06
35 (QN/Block) 	Elapsed: 0.015	Loglikelihood: -35143.6	(delta): 2.58537e-07
36 (QN/Block) 	Elapsed: 0.013	Loglikelihood: -35143.6	(delta): 3.66854e-08
37 (QN/Block) 	Elapsed: 0.013	Loglikelihood: -35143.6	(delta): 3.50701e-09
38 (QN/Block) 	Elapsed: 0.015	Loglikelihood: -35143.6	(delta): 1.45519e-10
39 (QN/Block) 	Elapsed: 0.014	Loglikelihood: -35143.6	(delta): 1.45519e-11
40 (QN/Block) 	Elapsed: 0.014	Loglikelihood: -35143.6	(delta): 7.27596e-12
41 (QN/Block) 	Elapsed: 0.021	Loglikelihood: -35143.6	(delta): -7.27596e-12
42 (QN/Block) 	Elapsed: 0.019	Loglikelihood: -35143.6	(delta): 7.27596e-12
43 (QN/Block) 	Elapsed: 0.02	Loglikelihood: -35143.6	(delta): 0
44 (QN/Block) 	Elapsed: 0.017	Loglikelihood: -35143.6	(delta): 0
45 (QN/Block) 	Elapsed: 0.017	Loglikelihood: -35143.6	(delta): 0
46 (QN/Block) 	Elapsed: 0.021	Loglikelihood: -35143.6	(delta): 0
47 (QN/Block) 	Elapsed: 0.018	Loglikelihood: -35143.6	(delta): -7.27596e-12
48 (QN/Block) 	Elapsed: 0.017	Loglikelihood: -35143.6	(delta): 0
49 (QN/Block) 	Elapsed: 0.016	Loglikelihood: -35143.6	(delta): 0
50 (QN/Block) 	Elapsed: 0.016	Loglikelihood: -35143.6	(delta): 7.27596e-12
51 (QN/Block) 	Elapsed: 0.016	Loglikelihood: -35143.6	(delta): 0
52 (QN/Block) 	Elapsed: 0.016	Loglikelihood: -35143.6	(delta): 0
53 (QN/Block) 	Elapsed: 0.016	Loglikelihood: -35143.6	(delta): 7.27596e-12
54 (QN/Block) 	Elapsed: 0.019	Loglikelihood: -35143.6	(delta): -1.45519e-11
55 (QN/Block) 	Elapsed: 0.018	Loglikelihood: -35143.6	(delta): 7.27596e-12
56 (QN/Block) 	Elapsed: 0.018	Loglikelihood: -35143.6	(delta): 0
57 (QN/Block) 	Elapsed: 0.018	Loglikelihood: -35143.6	(delta): 0
58 (QN/Block) 	Elapsed: 0.02	Loglikelihood: -35143.6	(delta): -7.27596e-12
59 (QN/Block) 	Elapsed: 0.018	Loglikelihood: -35143.6	(delta): 7.27596e-12
60 (QN/Block) 	Elapsed: 0.017	Loglikelihood: -35143.6	(delta): 0
61 (QN/Block) 	Elapsed: 0.022	Loglikelihood: -35143.6	(delta): 0
62 (QN/Block) 	Elapsed: 0.018	Loglikelihood: -35143.6	(delta): 0
63 (QN/Block) 	Elapsed: 0.018	Loglikelihood: -35143.6	(delta): 0
64 (QN/Block) 	Elapsed: 0.019	Loglikelihood: -35143.6	(delta): 0
65 (QN/Block) 	Elapsed: 0.021	Loglikelihood: -35143.6	(delta): 0
66 (QN/Block) 	Elapsed: 0.023	Loglikelihood: -35143.6	(delta): 0
67 (QN/Block) 	Elapsed: 0.022	Loglikelihood: -35143.6	(delta): 0
68 (QN/Block) 	Elapsed: 0.02	Loglikelihood: -35143.6	(delta): 0
69 (QN/Block) 	Elapsed: 0.017	Loglikelihood: -35143.6	(delta): -7.27596e-12
70 (QN/Block) 	Elapsed: 0.019	Loglikelihood: -35143.6	(delta): 0
71 (QN/Block) 	Elapsed: 0.017	Loglikelihood: -35143.6	(delta): 0
72 (QN/Block) 	Elapsed: 0.018	Loglikelihood: -35143.6	(delta): 7.27596e-12
73 (QN/Block) 	Elapsed: 0.019	Loglikelihood: -35143.6	(delta): 0
74 (QN/Block) 	Elapsed: 0.019	Loglikelihood: -35143.6	(delta): 0
75 (QN/Block) 	Elapsed: 0.019	Loglikelihood: -35143.6	(delta): -7.27596e-12
76 (QN/Block) 	Elapsed: 0.017	Loglikelihood: -35143.6	(delta): 0
77 (QN/Block) 	Elapsed: 0.019	Loglikelihood: -35143.6	(delta): 0
78 (QN/Block) 	Elapsed: 0.016	Loglikelihood: -35143.6	(delta): 7.27596e-12
79 (QN/Block) 	Elapsed: 0.019	Loglikelihood: -35143.6	(delta): 0
80 (QN/Block) 	Elapsed: 0.018	Loglikelihood: -35143.6	(delta): 0
81 (QN/Block) 	Elapsed: 0.02	Loglikelihood: -35143.6	(delta): 0
82 (QN/Block) 	Elapsed: 0.02	Loglikelihood: -35143.6	(delta): -7.27596e-12
83 (QN/Block) 	Elapsed: 0.017	Loglikelihood: -35143.6	(delta): 7.27596e-12
84 (QN/Block) 	Elapsed: 0.018	Loglikelihood: -35143.6	(delta): 0
85 (QN/Block) 	Elapsed: 0.016	Loglikelihood: -35143.6	(delta): 0
86 (QN/Block) 	Elapsed: 0.017	Loglikelihood: -35143.6	(delta): 0
87 (QN/Block) 	Elapsed: 0.017	Loglikelihood: -35143.6	(delta): 0
88 (QN/Block) 	Elapsed: 0.019	Loglikelihood: -35143.6	(delta): 0
89 (QN/Block) 	Elapsed: 0.019	Loglikelihood: -35143.6	(delta): -7.27596e-12
90 (QN/Block) 	Elapsed: 0.023	Loglikelihood: -35143.6	(delta): 7.27596e-12
91 (QN/Block) 	Elapsed: 0.018	Loglikelihood: -35143.6	(delta): 0
92 (QN/Block) 	Elapsed: 0.02	Loglikelihood: -35143.6	(delta): -7.27596e-12
93 (QN/Block) 	Elapsed: 0.018	Loglikelihood: -35143.6	(delta): 0
94 (QN/Block) 	Elapsed: 0.024	Loglikelihood: -35143.6	(delta): 7.27596e-12
95 (QN/Block) 	Elapsed: 0.023	Loglikelihood: -35143.6	(delta): -7.27596e-12
96 (QN/Block) 	Elapsed: 0.023	Loglikelihood: -35143.6	(delta): 7.27596e-12
97 (QN/Block) 	Elapsed: 0.02	Loglikelihood: -35143.6	(delta): 0
98 (QN/Block) 	Elapsed: 0.017	Loglikelihood: -35143.6	(delta): 0
99 (QN/Block) 	Elapsed: 0.03	Loglikelihood: -35143.6	(delta): 0
100 (QN/Block) 	Elapsed: 0.031	Loglikelihood: -35143.6	(delta): 0
Summary: 
Converged in 100 iterations (1.885 sec)
Loglikelihood: -35143.554659
Fst divergences between estimated populations: 
	Pop0	Pop1	Pop2	Pop3	
Pop0	
Pop1	0.184	
Pop2	0.060	0.197	
Pop3	0.187	0.080	0.202	
Pop4	0.059	0.187	0.064	0.189	
CV error (K=5): 0.35971
Writing output files.
