****                   ADMIXTURE Version 1.3.0                  ****
****                    Copyright 2008-2015                     ****
****           David Alexander, Suyash Shringarpure,            ****
****                John  Novembre, Ken Lange                   ****
****                                                            ****
****                 Please cite our paper!                     ****
****   Information at www.genetics.ucla.edu/software/admixture  ****

Parallel execution requested.  Will use 8 threads.
Cross-validation will be performed.  Folds=10.
Random seed: 43
Point estimation method: Block relaxation algorithm
Convergence acceleration algorithm: QuasiNewton, 3 secant conditions
Point estimation will terminate at 100 iterations
Estimation of standard errors disabled; will compute point estimates only.
Size of G: 92x945
Performing five EM steps to prime main algorithm
1 (EM) 	Elapsed: 0.013	Loglikelihood: -44049.1	(delta): 75224.6
2 (EM) 	Elapsed: 0.014	Loglikelihood: -41201.3	(delta): 2847.84
3 (EM) 	Elapsed: 0.013	Loglikelihood: -40582.6	(delta): 618.716
4 (EM) 	Elapsed: 0.014	Loglikelihood: -40183.7	(delta): 398.927
5 (EM) 	Elapsed: 0.017	Loglikelihood: -39855.9	(delta): 327.731
Initial loglikelihood: -39855.9
Starting main algorithm
1 (QN/Block) 	Elapsed: 0.021	Loglikelihood: -35209.1	(delta): 4646.78
2 (QN/Block) 	Elapsed: 0.019	Loglikelihood: -34152.2	(delta): 1056.99
3 (QN/Block) 	Elapsed: 0.022	Loglikelihood: -33691.5	(delta): 460.645
4 (QN/Block) 	Elapsed: 0.02	Loglikelihood: -33432.1	(delta): 259.435
5 (QN/Block) 	Elapsed: 0.021	Loglikelihood: -33332.8	(delta): 99.2681
6 (QN/Block) 	Elapsed: 0.023	Loglikelihood: -33268.6	(delta): 64.2366
7 (QN/Block) 	Elapsed: 0.035	Loglikelihood: -33236	(delta): 32.5605
8 (QN/Block) 	Elapsed: 0.028	Loglikelihood: -33210.1	(delta): 25.8847
9 (QN/Block) 	Elapsed: 0.029	Loglikelihood: -33192.4	(delta): 17.684
10 (QN/Block) 	Elapsed: 0.02	Loglikelihood: -33182.4	(delta): 10.0255
11 (QN/Block) 	Elapsed: 0.029	Loglikelihood: -33175.6	(delta): 6.79047
12 (QN/Block) 	Elapsed: 0.024	Loglikelihood: -33171.6	(delta): 4.01798
13 (QN/Block) 	Elapsed: 0.026	Loglikelihood: -33167.7	(delta): 3.90657
14 (QN/Block) 	Elapsed: 0.023	Loglikelihood: -33165.1	(delta): 2.57497
15 (QN/Block) 	Elapsed: 0.027	Loglikelihood: -33161.1	(delta): 4.05199
16 (QN/Block) 	Elapsed: 0.033	Loglikelihood: -33157.9	(delta): 3.13492
17 (QN/Block) 	Elapsed: 0.032	Loglikelihood: -33157.1	(delta): 0.794081
18 (QN/Block) 	Elapsed: 0.033	Loglikelihood: -33155	(delta): 2.18562
19 (QN/Block) 	Elapsed: 0.032	Loglikelihood: -33151	(delta): 3.96826
20 (QN/Block) 	Elapsed: 0.032	Loglikelihood: -33150.4	(delta): 0.574841
21 (QN/Block) 	Elapsed: 0.031	Loglikelihood: -33147.7	(delta): 2.72454
22 (QN/Block) 	Elapsed: 0.034	Loglikelihood: -33147.1	(delta): 0.57584
23 (QN/Block) 	Elapsed: 0.031	Loglikelihood: -33146.3	(delta): 0.846237
24 (QN/Block) 	Elapsed: 0.031	Loglikelihood: -33146	(delta): 0.2735
25 (QN/Block) 	Elapsed: 0.033	Loglikelihood: -33145.7	(delta): 0.344216
26 (QN/Block) 	Elapsed: 0.033	Loglikelihood: -33145.3	(delta): 0.37444
27 (QN/Block) 	Elapsed: 0.027	Loglikelihood: -33145.1	(delta): 0.216364
28 (QN/Block) 	Elapsed: 0.024	Loglikelihood: -33145.1	(delta): 0.0118376
29 (QN/Block) 	Elapsed: 0.025	Loglikelihood: -33145	(delta): 0.00644982
30 (QN/Block) 	Elapsed: 0.022	Loglikelihood: -33145	(delta): 0.00892697
31 (QN/Block) 	Elapsed: 0.029	Loglikelihood: -33145	(delta): 0.00329028
32 (QN/Block) 	Elapsed: 0.031	Loglikelihood: -33145	(delta): 0.00266019
33 (QN/Block) 	Elapsed: 0.029	Loglikelihood: -33145	(delta): 0.00296426
34 (QN/Block) 	Elapsed: 0.026	Loglikelihood: -33145	(delta): 0.00338727
35 (QN/Block) 	Elapsed: 0.029	Loglikelihood: -33145	(delta): 0.00392246
36 (QN/Block) 	Elapsed: 0.032	Loglikelihood: -33145	(delta): 0.00459867
37 (QN/Block) 	Elapsed: 0.034	Loglikelihood: -33145	(delta): 0.00546955
38 (QN/Block) 	Elapsed: 0.033	Loglikelihood: -33145	(delta): 0.00662315
39 (QN/Block) 	Elapsed: 0.036	Loglikelihood: -33145	(delta): 0.00820651
40 (QN/Block) 	Elapsed: 0.035	Loglikelihood: -33145	(delta): 0.0104919
41 (QN/Block) 	Elapsed: 0.033	Loglikelihood: -33145	(delta): 0.0140451
42 (QN/Block) 	Elapsed: 0.033	Loglikelihood: -33145	(delta): 0.0198516
43 (QN/Block) 	Elapsed: 0.034	Loglikelihood: -33144.9	(delta): 0.0301612
44 (QN/Block) 	Elapsed: 0.033	Loglikelihood: -33144.9	(delta): 0.0507191
45 (QN/Block) 	Elapsed: 0.034	Loglikelihood: -33144.8	(delta): 0.0978028
46 (QN/Block) 	Elapsed: 0.033	Loglikelihood: -33144.7	(delta): 0.098494
47 (QN/Block) 	Elapsed: 0.027	Loglikelihood: -33144.6	(delta): 0.0690905
48 (QN/Block) 	Elapsed: 0.023	Loglikelihood: -33144.6	(delta): 0.0237025
49 (QN/Block) 	Elapsed: 0.027	Loglikelihood: -33144.6	(delta): 0.0125085
50 (QN/Block) 	Elapsed: 0.026	Loglikelihood: -33144.6	(delta): 0.00796576
51 (QN/Block) 	Elapsed: 0.028	Loglikelihood: -33144.5	(delta): 0.0213029
52 (QN/Block) 	Elapsed: 0.036	Loglikelihood: -33144.5	(delta): 0.0149378
53 (QN/Block) 	Elapsed: 0.033	Loglikelihood: -33144.5	(delta): 0.00290871
54 (QN/Block) 	Elapsed: 0.034	Loglikelihood: -33144.5	(delta): 0.00121321
55 (QN/Block) 	Elapsed: 0.03	Loglikelihood: -33144.5	(delta): 0.000142694
56 (QN/Block) 	Elapsed: 0.022	Loglikelihood: -33144.5	(delta): 2.46961e-05
57 (QN/Block) 	Elapsed: 0.022	Loglikelihood: -33144.5	(delta): 3.06426e-06
58 (QN/Block) 	Elapsed: 0.018	Loglikelihood: -33144.5	(delta): 1.68118e-07
59 (QN/Block) 	Elapsed: 0.02	Loglikelihood: -33144.5	(delta): 2.75177e-08
60 (QN/Block) 	Elapsed: 0.02	Loglikelihood: -33144.5	(delta): 4.10364e-09
61 (QN/Block) 	Elapsed: 0.02	Loglikelihood: -33144.5	(delta): 4.65661e-10
62 (QN/Block) 	Elapsed: 0.02	Loglikelihood: -33144.5	(delta): 5.09317e-11
63 (QN/Block) 	Elapsed: 0.023	Loglikelihood: -33144.5	(delta): 0
64 (QN/Block) 	Elapsed: 0.02	Loglikelihood: -33144.5	(delta): 0
65 (QN/Block) 	Elapsed: 0.025	Loglikelihood: -33144.5	(delta): 0
66 (QN/Block) 	Elapsed: 0.02	Loglikelihood: -33144.5	(delta): -7.27596e-12
67 (QN/Block) 	Elapsed: 0.024	Loglikelihood: -33144.5	(delta): 0
68 (QN/Block) 	Elapsed: 0.028	Loglikelihood: -33144.5	(delta): 7.27596e-12
69 (QN/Block) 	Elapsed: 0.027	Loglikelihood: -33144.5	(delta): 0
70 (QN/Block) 	Elapsed: 0.023	Loglikelihood: -33144.5	(delta): 0
71 (QN/Block) 	Elapsed: 0.022	Loglikelihood: -33144.5	(delta): 0
72 (QN/Block) 	Elapsed: 0.02	Loglikelihood: -33144.5	(delta): 0
73 (QN/Block) 	Elapsed: 0.024	Loglikelihood: -33144.5	(delta): 0
74 (QN/Block) 	Elapsed: 0.02	Loglikelihood: -33144.5	(delta): 0
75 (QN/Block) 	Elapsed: 0.021	Loglikelihood: -33144.5	(delta): 0
76 (QN/Block) 	Elapsed: 0.02	Loglikelihood: -33144.5	(delta): -7.27596e-12
77 (QN/Block) 	Elapsed: 0.021	Loglikelihood: -33144.5	(delta): 0
78 (QN/Block) 	Elapsed: 0.02	Loglikelihood: -33144.5	(delta): 0
79 (QN/Block) 	Elapsed: 0.021	Loglikelihood: -33144.5	(delta): 0
80 (QN/Block) 	Elapsed: 0.019	Loglikelihood: -33144.5	(delta): 7.27596e-12
81 (QN/Block) 	Elapsed: 0.021	Loglikelihood: -33144.5	(delta): -7.27596e-12
82 (QN/Block) 	Elapsed: 0.02	Loglikelihood: -33144.5	(delta): 0
83 (QN/Block) 	Elapsed: 0.021	Loglikelihood: -33144.5	(delta): 0
84 (QN/Block) 	Elapsed: 0.023	Loglikelihood: -33144.5	(delta): 7.27596e-12
85 (QN/Block) 	Elapsed: 0.024	Loglikelihood: -33144.5	(delta): -7.27596e-12
86 (QN/Block) 	Elapsed: 0.02	Loglikelihood: -33144.5	(delta): 0
87 (QN/Block) 	Elapsed: 0.021	Loglikelihood: -33144.5	(delta): -7.27596e-12
88 (QN/Block) 	Elapsed: 0.021	Loglikelihood: -33144.5	(delta): 7.27596e-12
89 (QN/Block) 	Elapsed: 0.023	Loglikelihood: -33144.5	(delta): 0
90 (QN/Block) 	Elapsed: 0.025	Loglikelihood: -33144.5	(delta): 0
91 (QN/Block) 	Elapsed: 0.021	Loglikelihood: -33144.5	(delta): 7.27596e-12
92 (QN/Block) 	Elapsed: 0.022	Loglikelihood: -33144.5	(delta): -1.45519e-11
93 (QN/Block) 	Elapsed: 0.022	Loglikelihood: -33144.5	(delta): 7.27596e-12
94 (QN/Block) 	Elapsed: 0.019	Loglikelihood: -33144.5	(delta): 7.27596e-12
95 (QN/Block) 	Elapsed: 0.022	Loglikelihood: -33144.5	(delta): -7.27596e-12
96 (QN/Block) 	Elapsed: 0.02	Loglikelihood: -33144.5	(delta): 7.27596e-12
97 (QN/Block) 	Elapsed: 0.02	Loglikelihood: -33144.5	(delta): -7.27596e-12
98 (QN/Block) 	Elapsed: 0.02	Loglikelihood: -33144.5	(delta): 0
99 (QN/Block) 	Elapsed: 0.021	Loglikelihood: -33144.5	(delta): 0
100 (QN/Block) 	Elapsed: 0.02	Loglikelihood: -33144.5	(delta): 0
Summary: 
Converged in 100 iterations (2.742 sec)
Loglikelihood: -33144.521257
Fst divergences between estimated populations: 
	Pop0	Pop1	Pop2	Pop3	Pop4	Pop5	Pop6	Pop7	Pop8	
Pop0	
Pop1	0.116	
Pop2	0.109	0.128	
Pop3	0.206	0.230	0.221	
Pop4	0.108	0.131	0.105	0.222	
Pop5	0.102	0.123	0.115	0.219	0.119	
Pop6	0.090	0.115	0.113	0.211	0.109	0.098	
Pop7	0.204	0.231	0.215	0.073	0.210	0.211	0.211	
Pop8	0.105	0.134	0.122	0.207	0.131	0.129	0.110	0.204	
Pop9	0.228	0.252	0.243	0.103	0.241	0.244	0.237	0.120	0.232	
CV error (K=10): 0.45663
Writing output files.
