****                   ADMIXTURE Version 1.3.0                  ****
****                    Copyright 2008-2015                     ****
****           David Alexander, Suyash Shringarpure,            ****
****                John  Novembre, Ken Lange                   ****
****                                                            ****
****                 Please cite our paper!                     ****
****   Information at www.genetics.ucla.edu/software/admixture  ****

Parallel execution requested.  Will use 8 threads.
Cross-validation will be performed.  Folds=10.
Random seed: 43
Point estimation method: Block relaxation algorithm
Convergence acceleration algorithm: QuasiNewton, 3 secant conditions
Point estimation will terminate at 100 iterations
Estimation of standard errors disabled; will compute point estimates only.
Size of G: 111x1120
Performing five EM steps to prime main algorithm
1 (EM) 	Elapsed: 0.015	Loglikelihood: -46945.2	(delta): 120374
2 (EM) 	Elapsed: 0.015	Loglikelihood: -43712.9	(delta): 3232.35
3 (EM) 	Elapsed: 0.014	Loglikelihood: -43088.1	(delta): 624.719
4 (EM) 	Elapsed: 0.014	Loglikelihood: -42682	(delta): 406.139
5 (EM) 	Elapsed: 0.014	Loglikelihood: -42358.4	(delta): 323.558
Initial loglikelihood: -42358.4
Starting main algorithm
1 (QN/Block) 	Elapsed: 0.022	Loglikelihood: -37260	(delta): 5098.48
2 (QN/Block) 	Elapsed: 0.023	Loglikelihood: -35684.1	(delta): 1575.84
3 (QN/Block) 	Elapsed: 0.027	Loglikelihood: -34925	(delta): 759.086
4 (QN/Block) 	Elapsed: 0.024	Loglikelihood: -34465.4	(delta): 459.587
5 (QN/Block) 	Elapsed: 0.03	Loglikelihood: -34326.7	(delta): 138.772
6 (QN/Block) 	Elapsed: 0.027	Loglikelihood: -34282.2	(delta): 44.4917
7 (QN/Block) 	Elapsed: 0.023	Loglikelihood: -34259.5	(delta): 22.6827
8 (QN/Block) 	Elapsed: 0.025	Loglikelihood: -34243.3	(delta): 16.1968
9 (QN/Block) 	Elapsed: 0.028	Loglikelihood: -34230.4	(delta): 12.8719
10 (QN/Block) 	Elapsed: 0.03	Loglikelihood: -34221.8	(delta): 8.60103
11 (QN/Block) 	Elapsed: 0.026	Loglikelihood: -34215.5	(delta): 6.28428
12 (QN/Block) 	Elapsed: 0.025	Loglikelihood: -34210.1	(delta): 5.40893
13 (QN/Block) 	Elapsed: 0.024	Loglikelihood: -34207	(delta): 3.08916
14 (QN/Block) 	Elapsed: 0.023	Loglikelihood: -34203.3	(delta): 3.77593
15 (QN/Block) 	Elapsed: 0.024	Loglikelihood: -34198.7	(delta): 4.55226
16 (QN/Block) 	Elapsed: 0.023	Loglikelihood: -34194.9	(delta): 3.78669
17 (QN/Block) 	Elapsed: 0.024	Loglikelihood: -34193.3	(delta): 1.59406
18 (QN/Block) 	Elapsed: 0.023	Loglikelihood: -34192.7	(delta): 0.670681
19 (QN/Block) 	Elapsed: 0.025	Loglikelihood: -34191.8	(delta): 0.862769
20 (QN/Block) 	Elapsed: 0.024	Loglikelihood: -34191.4	(delta): 0.442827
21 (QN/Block) 	Elapsed: 0.025	Loglikelihood: -34191	(delta): 0.404589
22 (QN/Block) 	Elapsed: 0.024	Loglikelihood: -34190.5	(delta): 0.429969
23 (QN/Block) 	Elapsed: 0.023	Loglikelihood: -34190.2	(delta): 0.311627
24 (QN/Block) 	Elapsed: 0.023	Loglikelihood: -34190	(delta): 0.224504
25 (QN/Block) 	Elapsed: 0.024	Loglikelihood: -34189.9	(delta): 0.0726702
26 (QN/Block) 	Elapsed: 0.024	Loglikelihood: -34189.9	(delta): 0.0570094
27 (QN/Block) 	Elapsed: 0.026	Loglikelihood: -34189.8	(delta): 0.0486232
28 (QN/Block) 	Elapsed: 0.031	Loglikelihood: -34189.7	(delta): 0.163952
29 (QN/Block) 	Elapsed: 0.029	Loglikelihood: -34189.4	(delta): 0.269574
30 (QN/Block) 	Elapsed: 0.024	Loglikelihood: -34189	(delta): 0.348643
31 (QN/Block) 	Elapsed: 0.025	Loglikelihood: -34189	(delta): 0.0396156
32 (QN/Block) 	Elapsed: 0.024	Loglikelihood: -34189	(delta): 0.030044
33 (QN/Block) 	Elapsed: 0.023	Loglikelihood: -34188.9	(delta): 0.0234543
34 (QN/Block) 	Elapsed: 0.023	Loglikelihood: -34188.9	(delta): 0.0293137
35 (QN/Block) 	Elapsed: 0.023	Loglikelihood: -34188.8	(delta): 0.0979841
36 (QN/Block) 	Elapsed: 0.024	Loglikelihood: -34188.8	(delta): 0.05216
37 (QN/Block) 	Elapsed: 0.026	Loglikelihood: -34188.7	(delta): 0.0638096
38 (QN/Block) 	Elapsed: 0.027	Loglikelihood: -34188.6	(delta): 0.0755086
39 (QN/Block) 	Elapsed: 0.025	Loglikelihood: -34188.6	(delta): 0.0241818
40 (QN/Block) 	Elapsed: 0.026	Loglikelihood: -34188.6	(delta): 0.00383689
41 (QN/Block) 	Elapsed: 0.027	Loglikelihood: -34188.6	(delta): 0.00949848
42 (QN/Block) 	Elapsed: 0.024	Loglikelihood: -34188.6	(delta): 0.0195993
43 (QN/Block) 	Elapsed: 0.026	Loglikelihood: -34188.5	(delta): 0.0372386
44 (QN/Block) 	Elapsed: 0.029	Loglikelihood: -34188.5	(delta): 0.0180566
45 (QN/Block) 	Elapsed: 0.028	Loglikelihood: -34188.5	(delta): 0.00551295
46 (QN/Block) 	Elapsed: 0.028	Loglikelihood: -34188.5	(delta): 0.00058767
47 (QN/Block) 	Elapsed: 0.028	Loglikelihood: -34188.5	(delta): 0.000697209
48 (QN/Block) 	Elapsed: 0.029	Loglikelihood: -34188.5	(delta): 0.00335418
49 (QN/Block) 	Elapsed: 0.029	Loglikelihood: -34188.5	(delta): 0.00457433
50 (QN/Block) 	Elapsed: 0.028	Loglikelihood: -34188.5	(delta): 0.00298744
51 (QN/Block) 	Elapsed: 0.029	Loglikelihood: -34188.5	(delta): 0.00330961
52 (QN/Block) 	Elapsed: 0.029	Loglikelihood: -34188.5	(delta): 0.0023177
53 (QN/Block) 	Elapsed: 0.029	Loglikelihood: -34188.5	(delta): 0.000410583
54 (QN/Block) 	Elapsed: 0.026	Loglikelihood: -34188.5	(delta): 0.000244552
55 (QN/Block) 	Elapsed: 0.031	Loglikelihood: -34188.5	(delta): 2.16159e-06
56 (QN/Block) 	Elapsed: 0.032	Loglikelihood: -34188.5	(delta): 3.9376e-07
57 (QN/Block) 	Elapsed: 0.034	Loglikelihood: -34188.5	(delta): 2.77869e-08
58 (QN/Block) 	Elapsed: 0.03	Loglikelihood: -34188.5	(delta): 2.28465e-09
59 (QN/Block) 	Elapsed: 0.027	Loglikelihood: -34188.5	(delta): 1.96451e-10
60 (QN/Block) 	Elapsed: 0.029	Loglikelihood: -34188.5	(delta): 7.27596e-12
61 (QN/Block) 	Elapsed: 0.027	Loglikelihood: -34188.5	(delta): 7.27596e-12
62 (QN/Block) 	Elapsed: 0.025	Loglikelihood: -34188.5	(delta): -7.27596e-12
63 (QN/Block) 	Elapsed: 0.031	Loglikelihood: -34188.5	(delta): 7.27596e-12
64 (QN/Block) 	Elapsed: 0.033	Loglikelihood: -34188.5	(delta): -7.27596e-12
65 (QN/Block) 	Elapsed: 0.034	Loglikelihood: -34188.5	(delta): 7.27596e-12
66 (QN/Block) 	Elapsed: 0.028	Loglikelihood: -34188.5	(delta): 0
67 (QN/Block) 	Elapsed: 0.025	Loglikelihood: -34188.5	(delta): 0
68 (QN/Block) 	Elapsed: 0.025	Loglikelihood: -34188.5	(delta): 0
69 (QN/Block) 	Elapsed: 0.024	Loglikelihood: -34188.5	(delta): 0
70 (QN/Block) 	Elapsed: 0.026	Loglikelihood: -34188.5	(delta): 0
71 (QN/Block) 	Elapsed: 0.025	Loglikelihood: -34188.5	(delta): 0
72 (QN/Block) 	Elapsed: 0.024	Loglikelihood: -34188.5	(delta): 0
73 (QN/Block) 	Elapsed: 0.025	Loglikelihood: -34188.5	(delta): 0
74 (QN/Block) 	Elapsed: 0.032	Loglikelihood: -34188.5	(delta): 0
75 (QN/Block) 	Elapsed: 0.032	Loglikelihood: -34188.5	(delta): 0
76 (QN/Block) 	Elapsed: 0.031	Loglikelihood: -34188.5	(delta): 0
77 (QN/Block) 	Elapsed: 0.031	Loglikelihood: -34188.5	(delta): -7.27596e-12
78 (QN/Block) 	Elapsed: 0.036	Loglikelihood: -34188.5	(delta): 7.27596e-12
79 (QN/Block) 	Elapsed: 0.033	Loglikelihood: -34188.5	(delta): -7.27596e-12
80 (QN/Block) 	Elapsed: 0.035	Loglikelihood: -34188.5	(delta): 7.27596e-12
81 (QN/Block) 	Elapsed: 0.033	Loglikelihood: -34188.5	(delta): 0
82 (QN/Block) 	Elapsed: 0.025	Loglikelihood: -34188.5	(delta): 7.27596e-12
83 (QN/Block) 	Elapsed: 0.024	Loglikelihood: -34188.5	(delta): -7.27596e-12
84 (QN/Block) 	Elapsed: 0.025	Loglikelihood: -34188.5	(delta): 0
85 (QN/Block) 	Elapsed: 0.026	Loglikelihood: -34188.5	(delta): 0
86 (QN/Block) 	Elapsed: 0.025	Loglikelihood: -34188.5	(delta): 7.27596e-12
87 (QN/Block) 	Elapsed: 0.026	Loglikelihood: -34188.5	(delta): -7.27596e-12
88 (QN/Block) 	Elapsed: 0.025	Loglikelihood: -34188.5	(delta): 0
89 (QN/Block) 	Elapsed: 0.025	Loglikelihood: -34188.5	(delta): 7.27596e-12
90 (QN/Block) 	Elapsed: 0.025	Loglikelihood: -34188.5	(delta): 0
91 (QN/Block) 	Elapsed: 0.025	Loglikelihood: -34188.5	(delta): -7.27596e-12
92 (QN/Block) 	Elapsed: 0.024	Loglikelihood: -34188.5	(delta): 0
93 (QN/Block) 	Elapsed: 0.025	Loglikelihood: -34188.5	(delta): 7.27596e-12
94 (QN/Block) 	Elapsed: 0.024	Loglikelihood: -34188.5	(delta): -7.27596e-12
95 (QN/Block) 	Elapsed: 0.024	Loglikelihood: -34188.5	(delta): 0
96 (QN/Block) 	Elapsed: 0.024	Loglikelihood: -34188.5	(delta): -7.27596e-12
97 (QN/Block) 	Elapsed: 0.025	Loglikelihood: -34188.5	(delta): 7.27596e-12
98 (QN/Block) 	Elapsed: 0.03	Loglikelihood: -34188.5	(delta): 0
99 (QN/Block) 	Elapsed: 0.027	Loglikelihood: -34188.5	(delta): 0
100 (QN/Block) 	Elapsed: 0.03	Loglikelihood: -34188.5	(delta): 0
Summary: 
Converged in 100 iterations (2.859 sec)
Loglikelihood: -34188.484471
Fst divergences between estimated populations: 
	Pop0	Pop1	Pop2	Pop3	Pop4	Pop5	
Pop0	
Pop1	0.274	
Pop2	0.128	0.282	
Pop3	0.100	0.269	0.105	
Pop4	0.213	0.352	0.213	0.207	
Pop5	0.436	0.502	0.440	0.436	0.474	
Pop6	0.228	0.325	0.232	0.212	0.317	0.441	
CV error (K=7): 0.28225
Writing output files.
