****                   ADMIXTURE Version 1.3.0                  ****
****                    Copyright 2008-2015                     ****
****           David Alexander, Suyash Shringarpure,            ****
****                John  Novembre, Ken Lange                   ****
****                                                            ****
****                 Please cite our paper!                     ****
****   Information at www.genetics.ucla.edu/software/admixture  ****

Parallel execution requested.  Will use 8 threads.
Cross-validation will be performed.  Folds=10.
Random seed: 43
Point estimation method: Block relaxation algorithm
Convergence acceleration algorithm: QuasiNewton, 3 secant conditions
Point estimation will terminate at 100 iterations
Estimation of standard errors disabled; will compute point estimates only.
Size of G: 111x1120
Performing five EM steps to prime main algorithm
1 (EM) 	Elapsed: 0.007	Loglikelihood: -47475.3	(delta): 126938
2 (EM) 	Elapsed: 0.007	Loglikelihood: -44303.7	(delta): 3171.59
3 (EM) 	Elapsed: 0.007	Loglikelihood: -43652.1	(delta): 651.561
4 (EM) 	Elapsed: 0.007	Loglikelihood: -43261	(delta): 391.155
5 (EM) 	Elapsed: 0.007	Loglikelihood: -42984.3	(delta): 276.717
Initial loglikelihood: -42984.3
Starting main algorithm
1 (QN/Block) 	Elapsed: 0.014	Loglikelihood: -38778.3	(delta): 4205.98
2 (QN/Block) 	Elapsed: 0.014	Loglikelihood: -37516.2	(delta): 1262.09
3 (QN/Block) 	Elapsed: 0.017	Loglikelihood: -36765.9	(delta): 750.287
4 (QN/Block) 	Elapsed: 0.021	Loglikelihood: -36316.8	(delta): 449.169
5 (QN/Block) 	Elapsed: 0.016	Loglikelihood: -36159.3	(delta): 157.496
6 (QN/Block) 	Elapsed: 0.016	Loglikelihood: -36093.5	(delta): 65.7255
7 (QN/Block) 	Elapsed: 0.015	Loglikelihood: -36068.6	(delta): 24.8883
8 (QN/Block) 	Elapsed: 0.017	Loglikelihood: -36052	(delta): 16.6421
9 (QN/Block) 	Elapsed: 0.02	Loglikelihood: -36046	(delta): 5.97166
10 (QN/Block) 	Elapsed: 0.018	Loglikelihood: -36039.6	(delta): 6.45722
11 (QN/Block) 	Elapsed: 0.019	Loglikelihood: -36035.5	(delta): 4.05484
12 (QN/Block) 	Elapsed: 0.018	Loglikelihood: -36027.9	(delta): 7.58992
13 (QN/Block) 	Elapsed: 0.018	Loglikelihood: -36016.3	(delta): 11.636
14 (QN/Block) 	Elapsed: 0.017	Loglikelihood: -36006.5	(delta): 9.8149
15 (QN/Block) 	Elapsed: 0.018	Loglikelihood: -36002.9	(delta): 3.58094
16 (QN/Block) 	Elapsed: 0.017	Loglikelihood: -35999.5	(delta): 3.43818
17 (QN/Block) 	Elapsed: 0.02	Loglikelihood: -35997.3	(delta): 2.17041
18 (QN/Block) 	Elapsed: 0.019	Loglikelihood: -35995	(delta): 2.27593
19 (QN/Block) 	Elapsed: 0.018	Loglikelihood: -35993.6	(delta): 1.39518
20 (QN/Block) 	Elapsed: 0.019	Loglikelihood: -35991.6	(delta): 2.00326
21 (QN/Block) 	Elapsed: 0.019	Loglikelihood: -35990.2	(delta): 1.39598
22 (QN/Block) 	Elapsed: 0.018	Loglikelihood: -35989.2	(delta): 1.00086
23 (QN/Block) 	Elapsed: 0.017	Loglikelihood: -35988.9	(delta): 0.328079
24 (QN/Block) 	Elapsed: 0.018	Loglikelihood: -35988.8	(delta): 0.134941
25 (QN/Block) 	Elapsed: 0.02	Loglikelihood: -35988.7	(delta): 0.0778541
26 (QN/Block) 	Elapsed: 0.019	Loglikelihood: -35988.6	(delta): 0.0758926
27 (QN/Block) 	Elapsed: 0.019	Loglikelihood: -35988.5	(delta): 0.0828911
28 (QN/Block) 	Elapsed: 0.019	Loglikelihood: -35988.4	(delta): 0.0880909
29 (QN/Block) 	Elapsed: 0.019	Loglikelihood: -35988.3	(delta): 0.0963002
30 (QN/Block) 	Elapsed: 0.02	Loglikelihood: -35988.2	(delta): 0.143897
31 (QN/Block) 	Elapsed: 0.02	Loglikelihood: -35988.1	(delta): 0.0973439
32 (QN/Block) 	Elapsed: 0.019	Loglikelihood: -35988	(delta): 0.0731345
33 (QN/Block) 	Elapsed: 0.017	Loglikelihood: -35987.4	(delta): 0.58047
34 (QN/Block) 	Elapsed: 0.016	Loglikelihood: -35987.1	(delta): 0.370299
35 (QN/Block) 	Elapsed: 0.016	Loglikelihood: -35986.6	(delta): 0.460746
36 (QN/Block) 	Elapsed: 0.015	Loglikelihood: -35986.3	(delta): 0.281169
37 (QN/Block) 	Elapsed: 0.015	Loglikelihood: -35986.1	(delta): 0.189305
38 (QN/Block) 	Elapsed: 0.015	Loglikelihood: -35986.1	(delta): 0.0551203
39 (QN/Block) 	Elapsed: 0.016	Loglikelihood: -35986.1	(delta): 0.00563921
40 (QN/Block) 	Elapsed: 0.016	Loglikelihood: -35986.1	(delta): 0.0135066
41 (QN/Block) 	Elapsed: 0.016	Loglikelihood: -35985.9	(delta): 0.116888
42 (QN/Block) 	Elapsed: 0.016	Loglikelihood: -35985.9	(delta): 0.0772757
43 (QN/Block) 	Elapsed: 0.016	Loglikelihood: -35985.4	(delta): 0.416964
44 (QN/Block) 	Elapsed: 0.017	Loglikelihood: -35985.4	(delta): 0.0990248
45 (QN/Block) 	Elapsed: 0.017	Loglikelihood: -35985.3	(delta): 0.00815118
46 (QN/Block) 	Elapsed: 0.017	Loglikelihood: -35985.3	(delta): 0.00190978
47 (QN/Block) 	Elapsed: 0.016	Loglikelihood: -35985.3	(delta): 0.000812017
48 (QN/Block) 	Elapsed: 0.016	Loglikelihood: -35985.3	(delta): 0.000544841
49 (QN/Block) 	Elapsed: 0.016	Loglikelihood: -35985.3	(delta): 2.24296e-05
50 (QN/Block) 	Elapsed: 0.016	Loglikelihood: -35985.3	(delta): 1.70167e-06
51 (QN/Block) 	Elapsed: 0.018	Loglikelihood: -35985.3	(delta): 5.61631e-08
52 (QN/Block) 	Elapsed: 0.02	Loglikelihood: -35985.3	(delta): 5.85715e-09
53 (QN/Block) 	Elapsed: 0.016	Loglikelihood: -35985.3	(delta): 2.18279e-10
54 (QN/Block) 	Elapsed: 0.016	Loglikelihood: -35985.3	(delta): 2.18279e-11
55 (QN/Block) 	Elapsed: 0.016	Loglikelihood: -35985.3	(delta): 0
56 (QN/Block) 	Elapsed: 0.016	Loglikelihood: -35985.3	(delta): -7.27596e-12
57 (QN/Block) 	Elapsed: 0.016	Loglikelihood: -35985.3	(delta): 7.27596e-12
58 (QN/Block) 	Elapsed: 0.02	Loglikelihood: -35985.3	(delta): 7.27596e-12
59 (QN/Block) 	Elapsed: 0.021	Loglikelihood: -35985.3	(delta): -1.45519e-11
60 (QN/Block) 	Elapsed: 0.019	Loglikelihood: -35985.3	(delta): 7.27596e-12
61 (QN/Block) 	Elapsed: 0.016	Loglikelihood: -35985.3	(delta): 0
62 (QN/Block) 	Elapsed: 0.016	Loglikelihood: -35985.3	(delta): 7.27596e-12
63 (QN/Block) 	Elapsed: 0.016	Loglikelihood: -35985.3	(delta): 0
64 (QN/Block) 	Elapsed: 0.016	Loglikelihood: -35985.3	(delta): -1.45519e-11
65 (QN/Block) 	Elapsed: 0.017	Loglikelihood: -35985.3	(delta): 0
66 (QN/Block) 	Elapsed: 0.017	Loglikelihood: -35985.3	(delta): 1.45519e-11
67 (QN/Block) 	Elapsed: 0.016	Loglikelihood: -35985.3	(delta): -7.27596e-12
68 (QN/Block) 	Elapsed: 0.017	Loglikelihood: -35985.3	(delta): 7.27596e-12
69 (QN/Block) 	Elapsed: 0.016	Loglikelihood: -35985.3	(delta): -7.27596e-12
70 (QN/Block) 	Elapsed: 0.016	Loglikelihood: -35985.3	(delta): 7.27596e-12
71 (QN/Block) 	Elapsed: 0.016	Loglikelihood: -35985.3	(delta): 0
72 (QN/Block) 	Elapsed: 0.016	Loglikelihood: -35985.3	(delta): 0
73 (QN/Block) 	Elapsed: 0.016	Loglikelihood: -35985.3	(delta): 0
74 (QN/Block) 	Elapsed: 0.016	Loglikelihood: -35985.3	(delta): -7.27596e-12
75 (QN/Block) 	Elapsed: 0.016	Loglikelihood: -35985.3	(delta): 7.27596e-12
76 (QN/Block) 	Elapsed: 0.016	Loglikelihood: -35985.3	(delta): -7.27596e-12
77 (QN/Block) 	Elapsed: 0.016	Loglikelihood: -35985.3	(delta): 7.27596e-12
78 (QN/Block) 	Elapsed: 0.017	Loglikelihood: -35985.3	(delta): -7.27596e-12
79 (QN/Block) 	Elapsed: 0.017	Loglikelihood: -35985.3	(delta): 0
80 (QN/Block) 	Elapsed: 0.017	Loglikelihood: -35985.3	(delta): 7.27596e-12
81 (QN/Block) 	Elapsed: 0.015	Loglikelihood: -35985.3	(delta): -7.27596e-12
82 (QN/Block) 	Elapsed: 0.018	Loglikelihood: -35985.3	(delta): 0
83 (QN/Block) 	Elapsed: 0.018	Loglikelihood: -35985.3	(delta): 7.27596e-12
84 (QN/Block) 	Elapsed: 0.019	Loglikelihood: -35985.3	(delta): -7.27596e-12
85 (QN/Block) 	Elapsed: 0.019	Loglikelihood: -35985.3	(delta): 0
86 (QN/Block) 	Elapsed: 0.018	Loglikelihood: -35985.3	(delta): 0
87 (QN/Block) 	Elapsed: 0.016	Loglikelihood: -35985.3	(delta): 7.27596e-12
88 (QN/Block) 	Elapsed: 0.017	Loglikelihood: -35985.3	(delta): -7.27596e-12
89 (QN/Block) 	Elapsed: 0.018	Loglikelihood: -35985.3	(delta): 0
90 (QN/Block) 	Elapsed: 0.015	Loglikelihood: -35985.3	(delta): 7.27596e-12
91 (QN/Block) 	Elapsed: 0.017	Loglikelihood: -35985.3	(delta): -7.27596e-12
92 (QN/Block) 	Elapsed: 0.017	Loglikelihood: -35985.3	(delta): 0
93 (QN/Block) 	Elapsed: 0.016	Loglikelihood: -35985.3	(delta): 7.27596e-12
94 (QN/Block) 	Elapsed: 0.02	Loglikelihood: -35985.3	(delta): -1.45519e-11
95 (QN/Block) 	Elapsed: 0.019	Loglikelihood: -35985.3	(delta): 7.27596e-12
96 (QN/Block) 	Elapsed: 0.018	Loglikelihood: -35985.3	(delta): 0
97 (QN/Block) 	Elapsed: 0.018	Loglikelihood: -35985.3	(delta): 0
98 (QN/Block) 	Elapsed: 0.018	Loglikelihood: -35985.3	(delta): 0
99 (QN/Block) 	Elapsed: 0.019	Loglikelihood: -35985.3	(delta): 7.27596e-12
100 (QN/Block) 	Elapsed: 0.019	Loglikelihood: -35985.3	(delta): -7.27596e-12
Summary: 
Converged in 100 iterations (1.863 sec)
Loglikelihood: -35985.338727
Fst divergences between estimated populations: 
	Pop0	Pop1	Pop2	
Pop0	
Pop1	0.199	
Pop2	0.223	0.299	
Pop3	0.426	0.443	0.490	
CV error (K=4): 0.26634
Writing output files.
