****                   ADMIXTURE Version 1.3.0                  ****
****                    Copyright 2008-2015                     ****
****           David Alexander, Suyash Shringarpure,            ****
****                John  Novembre, Ken Lange                   ****
****                                                            ****
****                 Please cite our paper!                     ****
****   Information at www.genetics.ucla.edu/software/admixture  ****

Parallel execution requested.  Will use 8 threads.
Cross-validation will be performed.  Folds=10.
Random seed: 43
Point estimation method: Block relaxation algorithm
Convergence acceleration algorithm: QuasiNewton, 3 secant conditions
Point estimation will terminate at 100 iterations
Estimation of standard errors disabled; will compute point estimates only.
Size of G: 111x1120
Performing five EM steps to prime main algorithm
1 (EM) 	Elapsed: 0.013	Loglikelihood: -47194.4	(delta): 121872
2 (EM) 	Elapsed: 0.013	Loglikelihood: -43971.8	(delta): 3222.64
3 (EM) 	Elapsed: 0.013	Loglikelihood: -43321	(delta): 650.801
4 (EM) 	Elapsed: 0.013	Loglikelihood: -42944.4	(delta): 376.551
5 (EM) 	Elapsed: 0.013	Loglikelihood: -42658.9	(delta): 285.569
Initial loglikelihood: -42658.9
Starting main algorithm
1 (QN/Block) 	Elapsed: 0.019	Loglikelihood: -38111.4	(delta): 4547.44
2 (QN/Block) 	Elapsed: 0.021	Loglikelihood: -36605	(delta): 1506.48
3 (QN/Block) 	Elapsed: 0.022	Loglikelihood: -35886	(delta): 718.921
4 (QN/Block) 	Elapsed: 0.02	Loglikelihood: -35413.9	(delta): 472.176
5 (QN/Block) 	Elapsed: 0.022	Loglikelihood: -35066.9	(delta): 347.001
6 (QN/Block) 	Elapsed: 0.021	Loglikelihood: -34976.7	(delta): 90.1434
7 (QN/Block) 	Elapsed: 0.022	Loglikelihood: -34918.1	(delta): 58.5834
8 (QN/Block) 	Elapsed: 0.026	Loglikelihood: -34879.7	(delta): 38.4767
9 (QN/Block) 	Elapsed: 0.025	Loglikelihood: -34849.2	(delta): 30.4303
10 (QN/Block) 	Elapsed: 0.023	Loglikelihood: -34833.6	(delta): 15.6742
11 (QN/Block) 	Elapsed: 0.023	Loglikelihood: -34823.9	(delta): 9.63119
12 (QN/Block) 	Elapsed: 0.023	Loglikelihood: -34814.4	(delta): 9.50215
13 (QN/Block) 	Elapsed: 0.022	Loglikelihood: -34797.5	(delta): 16.9172
14 (QN/Block) 	Elapsed: 0.021	Loglikelihood: -34793.6	(delta): 3.91103
15 (QN/Block) 	Elapsed: 0.02	Loglikelihood: -34791.6	(delta): 2.02129
16 (QN/Block) 	Elapsed: 0.022	Loglikelihood: -34790.8	(delta): 0.76373
17 (QN/Block) 	Elapsed: 0.021	Loglikelihood: -34790.3	(delta): 0.472493
18 (QN/Block) 	Elapsed: 0.021	Loglikelihood: -34790	(delta): 0.328063
19 (QN/Block) 	Elapsed: 0.02	Loglikelihood: -34789.8	(delta): 0.235669
20 (QN/Block) 	Elapsed: 0.022	Loglikelihood: -34789.7	(delta): 0.126212
21 (QN/Block) 	Elapsed: 0.021	Loglikelihood: -34789.6	(delta): 0.0818463
22 (QN/Block) 	Elapsed: 0.022	Loglikelihood: -34789.5	(delta): 0.101034
23 (QN/Block) 	Elapsed: 0.022	Loglikelihood: -34789.4	(delta): 0.0999827
24 (QN/Block) 	Elapsed: 0.021	Loglikelihood: -34789.3	(delta): 0.0257574
25 (QN/Block) 	Elapsed: 0.022	Loglikelihood: -34789.3	(delta): 0.0126052
26 (QN/Block) 	Elapsed: 0.02	Loglikelihood: -34789.3	(delta): 0.0357663
27 (QN/Block) 	Elapsed: 0.027	Loglikelihood: -34789.3	(delta): 0.0113675
28 (QN/Block) 	Elapsed: 0.022	Loglikelihood: -34789.3	(delta): 0.000578842
29 (QN/Block) 	Elapsed: 0.02	Loglikelihood: -34789.3	(delta): 0.000159304
30 (QN/Block) 	Elapsed: 0.019	Loglikelihood: -34789.3	(delta): 2.08779e-05
31 (QN/Block) 	Elapsed: 0.022	Loglikelihood: -34789.3	(delta): 7.08977e-06
32 (QN/Block) 	Elapsed: 0.024	Loglikelihood: -34789.3	(delta): 2.03471e-06
33 (QN/Block) 	Elapsed: 0.026	Loglikelihood: -34789.3	(delta): 2.23226e-07
34 (QN/Block) 	Elapsed: 0.021	Loglikelihood: -34789.3	(delta): 3.19633e-08
35 (QN/Block) 	Elapsed: 0.02	Loglikelihood: -34789.3	(delta): 5.55156e-09
36 (QN/Block) 	Elapsed: 0.023	Loglikelihood: -34789.3	(delta): 1.55705e-09
37 (QN/Block) 	Elapsed: 0.027	Loglikelihood: -34789.3	(delta): 1.96451e-10
38 (QN/Block) 	Elapsed: 0.025	Loglikelihood: -34789.3	(delta): 5.82077e-11
39 (QN/Block) 	Elapsed: 0.021	Loglikelihood: -34789.3	(delta): 2.91038e-11
40 (QN/Block) 	Elapsed: 0.022	Loglikelihood: -34789.3	(delta): 0
41 (QN/Block) 	Elapsed: 0.021	Loglikelihood: -34789.3	(delta): 0
42 (QN/Block) 	Elapsed: 0.022	Loglikelihood: -34789.3	(delta): -7.27596e-12
43 (QN/Block) 	Elapsed: 0.023	Loglikelihood: -34789.3	(delta): 7.27596e-12
44 (QN/Block) 	Elapsed: 0.022	Loglikelihood: -34789.3	(delta): -7.27596e-12
45 (QN/Block) 	Elapsed: 0.022	Loglikelihood: -34789.3	(delta): 7.27596e-12
46 (QN/Block) 	Elapsed: 0.024	Loglikelihood: -34789.3	(delta): 7.27596e-12
47 (QN/Block) 	Elapsed: 0.023	Loglikelihood: -34789.3	(delta): -7.27596e-12
48 (QN/Block) 	Elapsed: 0.022	Loglikelihood: -34789.3	(delta): 0
49 (QN/Block) 	Elapsed: 0.022	Loglikelihood: -34789.3	(delta): 0
50 (QN/Block) 	Elapsed: 0.023	Loglikelihood: -34789.3	(delta): 0
51 (QN/Block) 	Elapsed: 0.024	Loglikelihood: -34789.3	(delta): 0
52 (QN/Block) 	Elapsed: 0.024	Loglikelihood: -34789.3	(delta): 0
53 (QN/Block) 	Elapsed: 0.024	Loglikelihood: -34789.3	(delta): 0
54 (QN/Block) 	Elapsed: 0.023	Loglikelihood: -34789.3	(delta): 7.27596e-12
55 (QN/Block) 	Elapsed: 0.023	Loglikelihood: -34789.3	(delta): -7.27596e-12
56 (QN/Block) 	Elapsed: 0.023	Loglikelihood: -34789.3	(delta): 0
57 (QN/Block) 	Elapsed: 0.022	Loglikelihood: -34789.3	(delta): 0
58 (QN/Block) 	Elapsed: 0.023	Loglikelihood: -34789.3	(delta): 0
59 (QN/Block) 	Elapsed: 0.023	Loglikelihood: -34789.3	(delta): 0
60 (QN/Block) 	Elapsed: 0.024	Loglikelihood: -34789.3	(delta): -7.27596e-12
61 (QN/Block) 	Elapsed: 0.023	Loglikelihood: -34789.3	(delta): 1.45519e-11
62 (QN/Block) 	Elapsed: 0.022	Loglikelihood: -34789.3	(delta): -7.27596e-12
63 (QN/Block) 	Elapsed: 0.023	Loglikelihood: -34789.3	(delta): -7.27596e-12
64 (QN/Block) 	Elapsed: 0.023	Loglikelihood: -34789.3	(delta): 1.45519e-11
65 (QN/Block) 	Elapsed: 0.023	Loglikelihood: -34789.3	(delta): -7.27596e-12
66 (QN/Block) 	Elapsed: 0.025	Loglikelihood: -34789.3	(delta): -7.27596e-12
67 (QN/Block) 	Elapsed: 0.024	Loglikelihood: -34789.3	(delta): 1.45519e-11
68 (QN/Block) 	Elapsed: 0.022	Loglikelihood: -34789.3	(delta): -7.27596e-12
69 (QN/Block) 	Elapsed: 0.022	Loglikelihood: -34789.3	(delta): -7.27596e-12
70 (QN/Block) 	Elapsed: 0.022	Loglikelihood: -34789.3	(delta): 7.27596e-12
71 (QN/Block) 	Elapsed: 0.022	Loglikelihood: -34789.3	(delta): 0
72 (QN/Block) 	Elapsed: 0.022	Loglikelihood: -34789.3	(delta): 0
73 (QN/Block) 	Elapsed: 0.023	Loglikelihood: -34789.3	(delta): 0
74 (QN/Block) 	Elapsed: 0.026	Loglikelihood: -34789.3	(delta): 7.27596e-12
75 (QN/Block) 	Elapsed: 0.028	Loglikelihood: -34789.3	(delta): -7.27596e-12
76 (QN/Block) 	Elapsed: 0.026	Loglikelihood: -34789.3	(delta): 0
77 (QN/Block) 	Elapsed: 0.022	Loglikelihood: -34789.3	(delta): -7.27596e-12
78 (QN/Block) 	Elapsed: 0.031	Loglikelihood: -34789.3	(delta): 7.27596e-12
79 (QN/Block) 	Elapsed: 0.025	Loglikelihood: -34789.3	(delta): 0
80 (QN/Block) 	Elapsed: 0.022	Loglikelihood: -34789.3	(delta): 0
81 (QN/Block) 	Elapsed: 0.023	Loglikelihood: -34789.3	(delta): 7.27596e-12
82 (QN/Block) 	Elapsed: 0.028	Loglikelihood: -34789.3	(delta): -7.27596e-12
83 (QN/Block) 	Elapsed: 0.029	Loglikelihood: -34789.3	(delta): 0
84 (QN/Block) 	Elapsed: 0.028	Loglikelihood: -34789.3	(delta): 0
85 (QN/Block) 	Elapsed: 0.025	Loglikelihood: -34789.3	(delta): 0
86 (QN/Block) 	Elapsed: 0.029	Loglikelihood: -34789.3	(delta): 7.27596e-12
87 (QN/Block) 	Elapsed: 0.027	Loglikelihood: -34789.3	(delta): -7.27596e-12
88 (QN/Block) 	Elapsed: 0.029	Loglikelihood: -34789.3	(delta): 0
89 (QN/Block) 	Elapsed: 0.031	Loglikelihood: -34789.3	(delta): 0
90 (QN/Block) 	Elapsed: 0.027	Loglikelihood: -34789.3	(delta): -7.27596e-12
91 (QN/Block) 	Elapsed: 0.026	Loglikelihood: -34789.3	(delta): 7.27596e-12
92 (QN/Block) 	Elapsed: 0.025	Loglikelihood: -34789.3	(delta): 0
93 (QN/Block) 	Elapsed: 0.026	Loglikelihood: -34789.3	(delta): 0
94 (QN/Block) 	Elapsed: 0.022	Loglikelihood: -34789.3	(delta): 0
95 (QN/Block) 	Elapsed: 0.022	Loglikelihood: -34789.3	(delta): 0
96 (QN/Block) 	Elapsed: 0.024	Loglikelihood: -34789.3	(delta): 0
97 (QN/Block) 	Elapsed: 0.023	Loglikelihood: -34789.3	(delta): 0
98 (QN/Block) 	Elapsed: 0.023	Loglikelihood: -34789.3	(delta): 7.27596e-12
99 (QN/Block) 	Elapsed: 0.023	Loglikelihood: -34789.3	(delta): -7.27596e-12
100 (QN/Block) 	Elapsed: 0.027	Loglikelihood: -34789.3	(delta): 0
Summary: 
Converged in 100 iterations (2.509 sec)
Loglikelihood: -34789.281538
Fst divergences between estimated populations: 
	Pop0	Pop1	Pop2	Pop3	Pop4	
Pop0	
Pop1	0.446	
Pop2	0.271	0.466	
Pop3	0.366	0.494	0.308	
Pop4	0.214	0.433	0.180	0.266	
Pop5	0.154	0.472	0.317	0.404	0.260	
CV error (K=6): 0.27266
Writing output files.
