****                   ADMIXTURE Version 1.3.0                  ****
****                    Copyright 2008-2015                     ****
****           David Alexander, Suyash Shringarpure,            ****
****                John  Novembre, Ken Lange                   ****
****                                                            ****
****                 Please cite our paper!                     ****
****   Information at www.genetics.ucla.edu/software/admixture  ****

Parallel execution requested.  Will use 8 threads.
Cross-validation will be performed.  Folds=10.
Random seed: 43
Point estimation method: Block relaxation algorithm
Convergence acceleration algorithm: QuasiNewton, 3 secant conditions
Point estimation will terminate at 100 iterations
Estimation of standard errors disabled; will compute point estimates only.
Size of G: 111x1120
Performing five EM steps to prime main algorithm
1 (EM) 	Elapsed: 0.01	Loglikelihood: -47389	(delta): 122730
2 (EM) 	Elapsed: 0.01	Loglikelihood: -44300.3	(delta): 3088.66
3 (EM) 	Elapsed: 0.01	Loglikelihood: -43640.2	(delta): 660.127
4 (EM) 	Elapsed: 0.012	Loglikelihood: -43224.1	(delta): 416.11
5 (EM) 	Elapsed: 0.01	Loglikelihood: -42917.4	(delta): 306.722
Initial loglikelihood: -42917.4
Starting main algorithm
1 (QN/Block) 	Elapsed: 0.021	Loglikelihood: -38473.4	(delta): 4443.98
2 (QN/Block) 	Elapsed: 0.021	Loglikelihood: -37175.5	(delta): 1297.94
3 (QN/Block) 	Elapsed: 0.023	Loglikelihood: -36324.9	(delta): 850.5
4 (QN/Block) 	Elapsed: 0.02	Loglikelihood: -35761.2	(delta): 563.794
5 (QN/Block) 	Elapsed: 0.022	Loglikelihood: -35520.9	(delta): 240.27
6 (QN/Block) 	Elapsed: 0.019	Loglikelihood: -35442.9	(delta): 78.0165
7 (QN/Block) 	Elapsed: 0.021	Loglikelihood: -35405.6	(delta): 37.3058
8 (QN/Block) 	Elapsed: 0.02	Loglikelihood: -35386.2	(delta): 19.4032
9 (QN/Block) 	Elapsed: 0.02	Loglikelihood: -35374.6	(delta): 11.5502
10 (QN/Block) 	Elapsed: 0.023	Loglikelihood: -35354.2	(delta): 20.4559
11 (QN/Block) 	Elapsed: 0.023	Loglikelihood: -35335.5	(delta): 18.6894
12 (QN/Block) 	Elapsed: 0.023	Loglikelihood: -35320.2	(delta): 15.2839
13 (QN/Block) 	Elapsed: 0.026	Loglikelihood: -35307.8	(delta): 12.3644
14 (QN/Block) 	Elapsed: 0.023	Loglikelihood: -35298.7	(delta): 9.08139
15 (QN/Block) 	Elapsed: 0.023	Loglikelihood: -35296.6	(delta): 2.17468
16 (QN/Block) 	Elapsed: 0.023	Loglikelihood: -35295.7	(delta): 0.893381
17 (QN/Block) 	Elapsed: 0.023	Loglikelihood: -35295.2	(delta): 0.420221
18 (QN/Block) 	Elapsed: 0.023	Loglikelihood: -35294.9	(delta): 0.32126
19 (QN/Block) 	Elapsed: 0.02	Loglikelihood: -35294.6	(delta): 0.295034
20 (QN/Block) 	Elapsed: 0.022	Loglikelihood: -35294.2	(delta): 0.397912
21 (QN/Block) 	Elapsed: 0.02	Loglikelihood: -35294.1	(delta): 0.17202
22 (QN/Block) 	Elapsed: 0.021	Loglikelihood: -35294	(delta): 0.04639
23 (QN/Block) 	Elapsed: 0.024	Loglikelihood: -35293.6	(delta): 0.365274
24 (QN/Block) 	Elapsed: 0.021	Loglikelihood: -35293.6	(delta): 0.089696
25 (QN/Block) 	Elapsed: 0.024	Loglikelihood: -35293.5	(delta): 0.0539509
26 (QN/Block) 	Elapsed: 0.022	Loglikelihood: -35293.5	(delta): 0.0267626
27 (QN/Block) 	Elapsed: 0.024	Loglikelihood: -35293.5	(delta): 0.005833
28 (QN/Block) 	Elapsed: 0.026	Loglikelihood: -35293.5	(delta): 0.00633641
29 (QN/Block) 	Elapsed: 0.024	Loglikelihood: -35293.5	(delta): 0.00156384
30 (QN/Block) 	Elapsed: 0.021	Loglikelihood: -35293.5	(delta): 0.000494406
31 (QN/Block) 	Elapsed: 0.019	Loglikelihood: -35293.5	(delta): 9.01197e-05
32 (QN/Block) 	Elapsed: 0.018	Loglikelihood: -35293.5	(delta): 1.89278e-05
33 (QN/Block) 	Elapsed: 0.018	Loglikelihood: -35293.5	(delta): 1.47927e-06
34 (QN/Block) 	Elapsed: 0.019	Loglikelihood: -35293.5	(delta): 5.43943e-07
35 (QN/Block) 	Elapsed: 0.018	Loglikelihood: -35293.5	(delta): 4.97676e-09
36 (QN/Block) 	Elapsed: 0.018	Loglikelihood: -35293.5	(delta): 1.09139e-09
37 (QN/Block) 	Elapsed: 0.018	Loglikelihood: -35293.5	(delta): 5.82077e-11
38 (QN/Block) 	Elapsed: 0.018	Loglikelihood: -35293.5	(delta): 2.91038e-11
39 (QN/Block) 	Elapsed: 0.021	Loglikelihood: -35293.5	(delta): 7.27596e-12
40 (QN/Block) 	Elapsed: 0.021	Loglikelihood: -35293.5	(delta): -7.27596e-12
41 (QN/Block) 	Elapsed: 0.021	Loglikelihood: -35293.5	(delta): 7.27596e-12
42 (QN/Block) 	Elapsed: 0.02	Loglikelihood: -35293.5	(delta): -7.27596e-12
43 (QN/Block) 	Elapsed: 0.019	Loglikelihood: -35293.5	(delta): 0
44 (QN/Block) 	Elapsed: 0.02	Loglikelihood: -35293.5	(delta): 7.27596e-12
45 (QN/Block) 	Elapsed: 0.02	Loglikelihood: -35293.5	(delta): -7.27596e-12
46 (QN/Block) 	Elapsed: 0.019	Loglikelihood: -35293.5	(delta): 0
47 (QN/Block) 	Elapsed: 0.019	Loglikelihood: -35293.5	(delta): 7.27596e-12
48 (QN/Block) 	Elapsed: 0.019	Loglikelihood: -35293.5	(delta): -7.27596e-12
49 (QN/Block) 	Elapsed: 0.02	Loglikelihood: -35293.5	(delta): 0
50 (QN/Block) 	Elapsed: 0.019	Loglikelihood: -35293.5	(delta): 7.27596e-12
51 (QN/Block) 	Elapsed: 0.019	Loglikelihood: -35293.5	(delta): -7.27596e-12
52 (QN/Block) 	Elapsed: 0.019	Loglikelihood: -35293.5	(delta): 7.27596e-12
53 (QN/Block) 	Elapsed: 0.02	Loglikelihood: -35293.5	(delta): -7.27596e-12
54 (QN/Block) 	Elapsed: 0.023	Loglikelihood: -35293.5	(delta): 7.27596e-12
55 (QN/Block) 	Elapsed: 0.025	Loglikelihood: -35293.5	(delta): 0
56 (QN/Block) 	Elapsed: 0.023	Loglikelihood: -35293.5	(delta): 0
57 (QN/Block) 	Elapsed: 0.021	Loglikelihood: -35293.5	(delta): 0
58 (QN/Block) 	Elapsed: 0.021	Loglikelihood: -35293.5	(delta): -7.27596e-12
59 (QN/Block) 	Elapsed: 0.021	Loglikelihood: -35293.5	(delta): 0
60 (QN/Block) 	Elapsed: 0.021	Loglikelihood: -35293.5	(delta): 0
61 (QN/Block) 	Elapsed: 0.021	Loglikelihood: -35293.5	(delta): 7.27596e-12
62 (QN/Block) 	Elapsed: 0.021	Loglikelihood: -35293.5	(delta): -7.27596e-12
63 (QN/Block) 	Elapsed: 0.021	Loglikelihood: -35293.5	(delta): 7.27596e-12
64 (QN/Block) 	Elapsed: 0.021	Loglikelihood: -35293.5	(delta): 0
65 (QN/Block) 	Elapsed: 0.021	Loglikelihood: -35293.5	(delta): -7.27596e-12
66 (QN/Block) 	Elapsed: 0.021	Loglikelihood: -35293.5	(delta): 7.27596e-12
67 (QN/Block) 	Elapsed: 0.02	Loglikelihood: -35293.5	(delta): 0
68 (QN/Block) 	Elapsed: 0.02	Loglikelihood: -35293.5	(delta): -7.27596e-12
69 (QN/Block) 	Elapsed: 0.019	Loglikelihood: -35293.5	(delta): 0
70 (QN/Block) 	Elapsed: 0.019	Loglikelihood: -35293.5	(delta): -7.27596e-12
71 (QN/Block) 	Elapsed: 0.02	Loglikelihood: -35293.5	(delta): 1.45519e-11
72 (QN/Block) 	Elapsed: 0.022	Loglikelihood: -35293.5	(delta): -7.27596e-12
73 (QN/Block) 	Elapsed: 0.02	Loglikelihood: -35293.5	(delta): 7.27596e-12
74 (QN/Block) 	Elapsed: 0.023	Loglikelihood: -35293.5	(delta): 0
75 (QN/Block) 	Elapsed: 0.023	Loglikelihood: -35293.5	(delta): 0
76 (QN/Block) 	Elapsed: 0.022	Loglikelihood: -35293.5	(delta): -7.27596e-12
77 (QN/Block) 	Elapsed: 0.018	Loglikelihood: -35293.5	(delta): 7.27596e-12
78 (QN/Block) 	Elapsed: 0.02	Loglikelihood: -35293.5	(delta): 0
79 (QN/Block) 	Elapsed: 0.021	Loglikelihood: -35293.5	(delta): -7.27596e-12
80 (QN/Block) 	Elapsed: 0.019	Loglikelihood: -35293.5	(delta): 0
81 (QN/Block) 	Elapsed: 0.019	Loglikelihood: -35293.5	(delta): 0
82 (QN/Block) 	Elapsed: 0.018	Loglikelihood: -35293.5	(delta): 0
83 (QN/Block) 	Elapsed: 0.018	Loglikelihood: -35293.5	(delta): 7.27596e-12
84 (QN/Block) 	Elapsed: 0.02	Loglikelihood: -35293.5	(delta): -7.27596e-12
85 (QN/Block) 	Elapsed: 0.02	Loglikelihood: -35293.5	(delta): 0
86 (QN/Block) 	Elapsed: 0.024	Loglikelihood: -35293.5	(delta): 7.27596e-12
87 (QN/Block) 	Elapsed: 0.022	Loglikelihood: -35293.5	(delta): 0
88 (QN/Block) 	Elapsed: 0.02	Loglikelihood: -35293.5	(delta): -7.27596e-12
89 (QN/Block) 	Elapsed: 0.018	Loglikelihood: -35293.5	(delta): 0
90 (QN/Block) 	Elapsed: 0.019	Loglikelihood: -35293.5	(delta): 0
91 (QN/Block) 	Elapsed: 0.02	Loglikelihood: -35293.5	(delta): 0
92 (QN/Block) 	Elapsed: 0.021	Loglikelihood: -35293.5	(delta): 7.27596e-12
93 (QN/Block) 	Elapsed: 0.019	Loglikelihood: -35293.5	(delta): 0
94 (QN/Block) 	Elapsed: 0.02	Loglikelihood: -35293.5	(delta): 0
95 (QN/Block) 	Elapsed: 0.02	Loglikelihood: -35293.5	(delta): 0
96 (QN/Block) 	Elapsed: 0.021	Loglikelihood: -35293.5	(delta): 0
97 (QN/Block) 	Elapsed: 0.02	Loglikelihood: -35293.5	(delta): 0
98 (QN/Block) 	Elapsed: 0.021	Loglikelihood: -35293.5	(delta): 0
99 (QN/Block) 	Elapsed: 0.021	Loglikelihood: -35293.5	(delta): -7.27596e-12
100 (QN/Block) 	Elapsed: 0.021	Loglikelihood: -35293.5	(delta): 0
Summary: 
Converged in 100 iterations (2.234 sec)
Loglikelihood: -35293.464481
Fst divergences between estimated populations: 
	Pop0	Pop1	Pop2	Pop3	
Pop0	
Pop1	0.466	
Pop2	0.239	0.466	
Pop3	0.294	0.440	0.248	
Pop4	0.172	0.428	0.158	0.204	
CV error (K=5): 0.27246
Writing output files.
