****                   ADMIXTURE Version 1.3.0                  ****
****                    Copyright 2008-2015                     ****
****           David Alexander, Suyash Shringarpure,            ****
****                John  Novembre, Ken Lange                   ****
****                                                            ****
****                 Please cite our paper!                     ****
****   Information at www.genetics.ucla.edu/software/admixture  ****

Parallel execution requested.  Will use 8 threads.
Cross-validation will be performed.  Folds=10.
Random seed: 43
Point estimation method: Block relaxation algorithm
Convergence acceleration algorithm: QuasiNewton, 3 secant conditions
Point estimation will terminate at 100 iterations
Estimation of standard errors disabled; will compute point estimates only.
Size of G: 142x576
Performing five EM steps to prime main algorithm
1 (EM) 	Elapsed: 0.006	Loglikelihood: -59257.9	(delta): 59127.1
2 (EM) 	Elapsed: 0.006	Loglikelihood: -56326.8	(delta): 2931.15
3 (EM) 	Elapsed: 0.006	Loglikelihood: -55375.1	(delta): 951.644
4 (EM) 	Elapsed: 0.006	Loglikelihood: -54448.8	(delta): 926.351
5 (EM) 	Elapsed: 0.006	Loglikelihood: -53286	(delta): 1162.72
Initial loglikelihood: -53286
Starting main algorithm
1 (QN/Block) 	Elapsed: 0.01	Loglikelihood: -35467.3	(delta): 17818.7
2 (QN/Block) 	Elapsed: 0.013	Loglikelihood: -32665.2	(delta): 2802.13
3 (QN/Block) 	Elapsed: 0.013	Loglikelihood: -31746	(delta): 919.174
4 (QN/Block) 	Elapsed: 0.01	Loglikelihood: -31258.4	(delta): 487.648
5 (QN/Block) 	Elapsed: 0.01	Loglikelihood: -31059.7	(delta): 198.684
6 (QN/Block) 	Elapsed: 0.011	Loglikelihood: -31007.3	(delta): 52.3461
7 (QN/Block) 	Elapsed: 0.013	Loglikelihood: -30971.6	(delta): 35.7276
8 (QN/Block) 	Elapsed: 0.014	Loglikelihood: -30960.1	(delta): 11.4945
9 (QN/Block) 	Elapsed: 0.013	Loglikelihood: -30958	(delta): 2.15277
10 (QN/Block) 	Elapsed: 0.011	Loglikelihood: -30957.5	(delta): 0.476485
11 (QN/Block) 	Elapsed: 0.01	Loglikelihood: -30957.3	(delta): 0.148022
12 (QN/Block) 	Elapsed: 0.011	Loglikelihood: -30957.3	(delta): 0.0518565
13 (QN/Block) 	Elapsed: 0.012	Loglikelihood: -30957.3	(delta): 0.00534305
14 (QN/Block) 	Elapsed: 0.012	Loglikelihood: -30957.3	(delta): 0.00149119
15 (QN/Block) 	Elapsed: 0.012	Loglikelihood: -30957.3	(delta): 0.000198392
16 (QN/Block) 	Elapsed: 0.01	Loglikelihood: -30957.3	(delta): 2.75026e-05
17 (QN/Block) 	Elapsed: 0.011	Loglikelihood: -30957.3	(delta): 8.21887e-06
18 (QN/Block) 	Elapsed: 0.011	Loglikelihood: -30957.3	(delta): 5.49608e-07
19 (QN/Block) 	Elapsed: 0.011	Loglikelihood: -30957.3	(delta): 3.39205e-08
20 (QN/Block) 	Elapsed: 0.012	Loglikelihood: -30957.3	(delta): 5.21686e-09
21 (QN/Block) 	Elapsed: 0.011	Loglikelihood: -30957.3	(delta): 2.91038e-10
22 (QN/Block) 	Elapsed: 0.011	Loglikelihood: -30957.3	(delta): 5.45697e-11
23 (QN/Block) 	Elapsed: 0.011	Loglikelihood: -30957.3	(delta): 1.09139e-11
24 (QN/Block) 	Elapsed: 0.011	Loglikelihood: -30957.3	(delta): -3.63798e-12
25 (QN/Block) 	Elapsed: 0.012	Loglikelihood: -30957.3	(delta): 7.27596e-12
26 (QN/Block) 	Elapsed: 0.011	Loglikelihood: -30957.3	(delta): -7.27596e-12
27 (QN/Block) 	Elapsed: 0.011	Loglikelihood: -30957.3	(delta): 3.63798e-12
28 (QN/Block) 	Elapsed: 0.011	Loglikelihood: -30957.3	(delta): 3.63798e-12
29 (QN/Block) 	Elapsed: 0.011	Loglikelihood: -30957.3	(delta): 0
30 (QN/Block) 	Elapsed: 0.011	Loglikelihood: -30957.3	(delta): 0
31 (QN/Block) 	Elapsed: 0.011	Loglikelihood: -30957.3	(delta): 0
32 (QN/Block) 	Elapsed: 0.014	Loglikelihood: -30957.3	(delta): 0
33 (QN/Block) 	Elapsed: 0.011	Loglikelihood: -30957.3	(delta): 0
34 (QN/Block) 	Elapsed: 0.011	Loglikelihood: -30957.3	(delta): 0
35 (QN/Block) 	Elapsed: 0.011	Loglikelihood: -30957.3	(delta): 3.63798e-12
36 (QN/Block) 	Elapsed: 0.012	Loglikelihood: -30957.3	(delta): -3.63798e-12
37 (QN/Block) 	Elapsed: 0.012	Loglikelihood: -30957.3	(delta): -3.63798e-12
38 (QN/Block) 	Elapsed: 0.011	Loglikelihood: -30957.3	(delta): 3.63798e-12
39 (QN/Block) 	Elapsed: 0.012	Loglikelihood: -30957.3	(delta): 7.27596e-12
40 (QN/Block) 	Elapsed: 0.012	Loglikelihood: -30957.3	(delta): -7.27596e-12
41 (QN/Block) 	Elapsed: 0.015	Loglikelihood: -30957.3	(delta): 0
42 (QN/Block) 	Elapsed: 0.013	Loglikelihood: -30957.3	(delta): 0
43 (QN/Block) 	Elapsed: 0.015	Loglikelihood: -30957.3	(delta): -3.63798e-12
44 (QN/Block) 	Elapsed: 0.016	Loglikelihood: -30957.3	(delta): 0
45 (QN/Block) 	Elapsed: 0.013	Loglikelihood: -30957.3	(delta): 3.63798e-12
46 (QN/Block) 	Elapsed: 0.013	Loglikelihood: -30957.3	(delta): 0
47 (QN/Block) 	Elapsed: 0.014	Loglikelihood: -30957.3	(delta): 7.27596e-12
48 (QN/Block) 	Elapsed: 0.015	Loglikelihood: -30957.3	(delta): -3.63798e-12
49 (QN/Block) 	Elapsed: 0.011	Loglikelihood: -30957.3	(delta): 0
50 (QN/Block) 	Elapsed: 0.011	Loglikelihood: -30957.3	(delta): -1.09139e-11
51 (QN/Block) 	Elapsed: 0.011	Loglikelihood: -30957.3	(delta): 1.09139e-11
52 (QN/Block) 	Elapsed: 0.012	Loglikelihood: -30957.3	(delta): -3.63798e-12
53 (QN/Block) 	Elapsed: 0.01	Loglikelihood: -30957.3	(delta): 0
54 (QN/Block) 	Elapsed: 0.011	Loglikelihood: -30957.3	(delta): 0
55 (QN/Block) 	Elapsed: 0.011	Loglikelihood: -30957.3	(delta): 0
56 (QN/Block) 	Elapsed: 0.012	Loglikelihood: -30957.3	(delta): 0
57 (QN/Block) 	Elapsed: 0.011	Loglikelihood: -30957.3	(delta): 3.63798e-12
58 (QN/Block) 	Elapsed: 0.011	Loglikelihood: -30957.3	(delta): -3.63798e-12
59 (QN/Block) 	Elapsed: 0.012	Loglikelihood: -30957.3	(delta): -3.63798e-12
60 (QN/Block) 	Elapsed: 0.011	Loglikelihood: -30957.3	(delta): 3.63798e-12
61 (QN/Block) 	Elapsed: 0.011	Loglikelihood: -30957.3	(delta): 3.63798e-12
62 (QN/Block) 	Elapsed: 0.011	Loglikelihood: -30957.3	(delta): -3.63798e-12
63 (QN/Block) 	Elapsed: 0.012	Loglikelihood: -30957.3	(delta): 0
64 (QN/Block) 	Elapsed: 0.01	Loglikelihood: -30957.3	(delta): 0
65 (QN/Block) 	Elapsed: 0.01	Loglikelihood: -30957.3	(delta): 0
66 (QN/Block) 	Elapsed: 0.012	Loglikelihood: -30957.3	(delta): 7.27596e-12
67 (QN/Block) 	Elapsed: 0.011	Loglikelihood: -30957.3	(delta): 0
68 (QN/Block) 	Elapsed: 0.011	Loglikelihood: -30957.3	(delta): -7.27596e-12
69 (QN/Block) 	Elapsed: 0.013	Loglikelihood: -30957.3	(delta): 0
70 (QN/Block) 	Elapsed: 0.012	Loglikelihood: -30957.3	(delta): 0
71 (QN/Block) 	Elapsed: 0.011	Loglikelihood: -30957.3	(delta): 3.63798e-12
72 (QN/Block) 	Elapsed: 0.011	Loglikelihood: -30957.3	(delta): 0
73 (QN/Block) 	Elapsed: 0.012	Loglikelihood: -30957.3	(delta): 0
74 (QN/Block) 	Elapsed: 0.011	Loglikelihood: -30957.3	(delta): -3.63798e-12
75 (QN/Block) 	Elapsed: 0.011	Loglikelihood: -30957.3	(delta): 0
76 (QN/Block) 	Elapsed: 0.012	Loglikelihood: -30957.3	(delta): 0
77 (QN/Block) 	Elapsed: 0.011	Loglikelihood: -30957.3	(delta): -3.63798e-12
78 (QN/Block) 	Elapsed: 0.011	Loglikelihood: -30957.3	(delta): 3.63798e-12
79 (QN/Block) 	Elapsed: 0.012	Loglikelihood: -30957.3	(delta): 0
80 (QN/Block) 	Elapsed: 0.012	Loglikelihood: -30957.3	(delta): -3.63798e-12
81 (QN/Block) 	Elapsed: 0.011	Loglikelihood: -30957.3	(delta): 7.27596e-12
82 (QN/Block) 	Elapsed: 0.011	Loglikelihood: -30957.3	(delta): 0
83 (QN/Block) 	Elapsed: 0.012	Loglikelihood: -30957.3	(delta): -3.63798e-12
84 (QN/Block) 	Elapsed: 0.012	Loglikelihood: -30957.3	(delta): 0
85 (QN/Block) 	Elapsed: 0.011	Loglikelihood: -30957.3	(delta): 0
86 (QN/Block) 	Elapsed: 0.012	Loglikelihood: -30957.3	(delta): 0
87 (QN/Block) 	Elapsed: 0.011	Loglikelihood: -30957.3	(delta): 3.63798e-12
88 (QN/Block) 	Elapsed: 0.014	Loglikelihood: -30957.3	(delta): -3.63798e-12
89 (QN/Block) 	Elapsed: 0.015	Loglikelihood: -30957.3	(delta): 7.27596e-12
90 (QN/Block) 	Elapsed: 0.011	Loglikelihood: -30957.3	(delta): -3.63798e-12
91 (QN/Block) 	Elapsed: 0.01	Loglikelihood: -30957.3	(delta): -3.63798e-12
92 (QN/Block) 	Elapsed: 0.011	Loglikelihood: -30957.3	(delta): 3.63798e-12
93 (QN/Block) 	Elapsed: 0.013	Loglikelihood: -30957.3	(delta): -3.63798e-12
94 (QN/Block) 	Elapsed: 0.012	Loglikelihood: -30957.3	(delta): -3.63798e-12
95 (QN/Block) 	Elapsed: 0.013	Loglikelihood: -30957.3	(delta): 3.63798e-12
96 (QN/Block) 	Elapsed: 0.013	Loglikelihood: -30957.3	(delta): -3.63798e-12
97 (QN/Block) 	Elapsed: 0.012	Loglikelihood: -30957.3	(delta): 0
98 (QN/Block) 	Elapsed: 0.014	Loglikelihood: -30957.3	(delta): 3.63798e-12
99 (QN/Block) 	Elapsed: 0.013	Loglikelihood: -30957.3	(delta): -7.27596e-12
100 (QN/Block) 	Elapsed: 0.013	Loglikelihood: -30957.3	(delta): 7.27596e-12
Summary: 
Converged in 100 iterations (1.287 sec)
Loglikelihood: -30957.273805
Fst divergences between estimated populations: 
	Pop0	Pop1	Pop2	Pop3	Pop4	
Pop0	
Pop1	0.472	
Pop2	0.814	0.690	
Pop3	0.214	0.425	0.753	
Pop4	0.605	0.495	0.469	0.554	
Pop5	0.327	0.491	0.826	0.336	0.624	
CV error (K=6): 0.37535
Writing output files.
