****                   ADMIXTURE Version 1.3.0                  ****
****                    Copyright 2008-2015                     ****
****           David Alexander, Suyash Shringarpure,            ****
****                John  Novembre, Ken Lange                   ****
****                                                            ****
****                 Please cite our paper!                     ****
****   Information at www.genetics.ucla.edu/software/admixture  ****

Parallel execution requested.  Will use 8 threads.
Cross-validation will be performed.  Folds=10.
Random seed: 43
Point estimation method: Block relaxation algorithm
Convergence acceleration algorithm: QuasiNewton, 3 secant conditions
Point estimation will terminate at 100 iterations
Estimation of standard errors disabled; will compute point estimates only.
Size of G: 142x576
Performing five EM steps to prime main algorithm
1 (EM) 	Elapsed: 0.01	Loglikelihood: -58935.2	(delta): 58018.5
2 (EM) 	Elapsed: 0.011	Loglikelihood: -55677	(delta): 3258.14
3 (EM) 	Elapsed: 0.01	Loglikelihood: -54251.5	(delta): 1425.47
4 (EM) 	Elapsed: 0.01	Loglikelihood: -52579.7	(delta): 1671.81
5 (EM) 	Elapsed: 0.011	Loglikelihood: -50454.2	(delta): 2125.49
Initial loglikelihood: -50454.2
Starting main algorithm
1 (QN/Block) 	Elapsed: 0.017	Loglikelihood: -33597.6	(delta): 16856.6
2 (QN/Block) 	Elapsed: 0.016	Loglikelihood: -31276.2	(delta): 2321.42
3 (QN/Block) 	Elapsed: 0.018	Loglikelihood: -30124	(delta): 1152.18
4 (QN/Block) 	Elapsed: 0.023	Loglikelihood: -29368.4	(delta): 755.627
5 (QN/Block) 	Elapsed: 0.02	Loglikelihood: -29052.2	(delta): 316.183
6 (QN/Block) 	Elapsed: 0.016	Loglikelihood: -28948.7	(delta): 103.507
7 (QN/Block) 	Elapsed: 0.019	Loglikelihood: -28918	(delta): 30.6742
8 (QN/Block) 	Elapsed: 0.017	Loglikelihood: -28905.9	(delta): 12.0507
9 (QN/Block) 	Elapsed: 0.021	Loglikelihood: -28901.1	(delta): 4.86799
10 (QN/Block) 	Elapsed: 0.019	Loglikelihood: -28899.5	(delta): 1.61344
11 (QN/Block) 	Elapsed: 0.018	Loglikelihood: -28898.6	(delta): 0.867892
12 (QN/Block) 	Elapsed: 0.017	Loglikelihood: -28898.5	(delta): 0.109354
13 (QN/Block) 	Elapsed: 0.017	Loglikelihood: -28898.5	(delta): 0.0254608
14 (QN/Block) 	Elapsed: 0.021	Loglikelihood: -28898.4	(delta): 0.00874787
15 (QN/Block) 	Elapsed: 0.02	Loglikelihood: -28898.4	(delta): 0.00148103
16 (QN/Block) 	Elapsed: 0.016	Loglikelihood: -28898.4	(delta): 0.000252541
17 (QN/Block) 	Elapsed: 0.019	Loglikelihood: -28898.4	(delta): 5.80828e-05
18 (QN/Block) 	Elapsed: 0.021	Loglikelihood: -28898.4	(delta): 1.61635e-05
19 (QN/Block) 	Elapsed: 0.02	Loglikelihood: -28898.4	(delta): 1.28528e-06
20 (QN/Block) 	Elapsed: 0.019	Loglikelihood: -28898.4	(delta): 2.29691e-07
21 (QN/Block) 	Elapsed: 0.016	Loglikelihood: -28898.4	(delta): 5.02223e-08
22 (QN/Block) 	Elapsed: 0.018	Loglikelihood: -28898.4	(delta): 1.45446e-08
23 (QN/Block) 	Elapsed: 0.017	Loglikelihood: -28898.4	(delta): 9.38599e-10
24 (QN/Block) 	Elapsed: 0.015	Loglikelihood: -28898.4	(delta): 6.18456e-11
25 (QN/Block) 	Elapsed: 0.02	Loglikelihood: -28898.4	(delta): 3.63798e-12
26 (QN/Block) 	Elapsed: 0.016	Loglikelihood: -28898.4	(delta): 3.63798e-12
27 (QN/Block) 	Elapsed: 0.016	Loglikelihood: -28898.4	(delta): 3.63798e-12
28 (QN/Block) 	Elapsed: 0.018	Loglikelihood: -28898.4	(delta): -3.63798e-12
29 (QN/Block) 	Elapsed: 0.018	Loglikelihood: -28898.4	(delta): 0
30 (QN/Block) 	Elapsed: 0.022	Loglikelihood: -28898.4	(delta): 3.63798e-12
31 (QN/Block) 	Elapsed: 0.017	Loglikelihood: -28898.4	(delta): 3.63798e-12
32 (QN/Block) 	Elapsed: 0.017	Loglikelihood: -28898.4	(delta): -3.63798e-12
33 (QN/Block) 	Elapsed: 0.019	Loglikelihood: -28898.4	(delta): -3.63798e-12
34 (QN/Block) 	Elapsed: 0.017	Loglikelihood: -28898.4	(delta): 3.63798e-12
35 (QN/Block) 	Elapsed: 0.017	Loglikelihood: -28898.4	(delta): 0
36 (QN/Block) 	Elapsed: 0.019	Loglikelihood: -28898.4	(delta): 3.63798e-12
37 (QN/Block) 	Elapsed: 0.016	Loglikelihood: -28898.4	(delta): 3.63798e-12
38 (QN/Block) 	Elapsed: 0.017	Loglikelihood: -28898.4	(delta): -7.27596e-12
39 (QN/Block) 	Elapsed: 0.017	Loglikelihood: -28898.4	(delta): 3.63798e-12
40 (QN/Block) 	Elapsed: 0.016	Loglikelihood: -28898.4	(delta): -3.63798e-12
41 (QN/Block) 	Elapsed: 0.019	Loglikelihood: -28898.4	(delta): 0
42 (QN/Block) 	Elapsed: 0.018	Loglikelihood: -28898.4	(delta): 0
43 (QN/Block) 	Elapsed: 0.016	Loglikelihood: -28898.4	(delta): 0
44 (QN/Block) 	Elapsed: 0.019	Loglikelihood: -28898.4	(delta): 3.63798e-12
45 (QN/Block) 	Elapsed: 0.016	Loglikelihood: -28898.4	(delta): -7.27596e-12
46 (QN/Block) 	Elapsed: 0.019	Loglikelihood: -28898.4	(delta): 7.27596e-12
47 (QN/Block) 	Elapsed: 0.019	Loglikelihood: -28898.4	(delta): -3.63798e-12
48 (QN/Block) 	Elapsed: 0.016	Loglikelihood: -28898.4	(delta): -3.63798e-12
49 (QN/Block) 	Elapsed: 0.019	Loglikelihood: -28898.4	(delta): 3.63798e-12
50 (QN/Block) 	Elapsed: 0.017	Loglikelihood: -28898.4	(delta): 0
51 (QN/Block) 	Elapsed: 0.018	Loglikelihood: -28898.4	(delta): -3.63798e-12
52 (QN/Block) 	Elapsed: 0.018	Loglikelihood: -28898.4	(delta): -3.63798e-12
53 (QN/Block) 	Elapsed: 0.017	Loglikelihood: -28898.4	(delta): 0
54 (QN/Block) 	Elapsed: 0.016	Loglikelihood: -28898.4	(delta): 7.27596e-12
55 (QN/Block) 	Elapsed: 0.019	Loglikelihood: -28898.4	(delta): -3.63798e-12
56 (QN/Block) 	Elapsed: 0.019	Loglikelihood: -28898.4	(delta): 3.63798e-12
57 (QN/Block) 	Elapsed: 0.025	Loglikelihood: -28898.4	(delta): -7.27596e-12
58 (QN/Block) 	Elapsed: 0.016	Loglikelihood: -28898.4	(delta): 3.63798e-12
59 (QN/Block) 	Elapsed: 0.016	Loglikelihood: -28898.4	(delta): 0
60 (QN/Block) 	Elapsed: 0.02	Loglikelihood: -28898.4	(delta): 0
61 (QN/Block) 	Elapsed: 0.017	Loglikelihood: -28898.4	(delta): 0
62 (QN/Block) 	Elapsed: 0.017	Loglikelihood: -28898.4	(delta): 0
63 (QN/Block) 	Elapsed: 0.018	Loglikelihood: -28898.4	(delta): 3.63798e-12
64 (QN/Block) 	Elapsed: 0.016	Loglikelihood: -28898.4	(delta): 0
65 (QN/Block) 	Elapsed: 0.019	Loglikelihood: -28898.4	(delta): -3.63798e-12
66 (QN/Block) 	Elapsed: 0.017	Loglikelihood: -28898.4	(delta): 0
67 (QN/Block) 	Elapsed: 0.017	Loglikelihood: -28898.4	(delta): -3.63798e-12
68 (QN/Block) 	Elapsed: 0.022	Loglikelihood: -28898.4	(delta): 7.27596e-12
69 (QN/Block) 	Elapsed: 0.016	Loglikelihood: -28898.4	(delta): -3.63798e-12
70 (QN/Block) 	Elapsed: 0.019	Loglikelihood: -28898.4	(delta): -3.63798e-12
71 (QN/Block) 	Elapsed: 0.016	Loglikelihood: -28898.4	(delta): 0
72 (QN/Block) 	Elapsed: 0.018	Loglikelihood: -28898.4	(delta): 0
73 (QN/Block) 	Elapsed: 0.021	Loglikelihood: -28898.4	(delta): 3.63798e-12
74 (QN/Block) 	Elapsed: 0.017	Loglikelihood: -28898.4	(delta): 0
75 (QN/Block) 	Elapsed: 0.018	Loglikelihood: -28898.4	(delta): -3.63798e-12
76 (QN/Block) 	Elapsed: 0.02	Loglikelihood: -28898.4	(delta): 3.63798e-12
77 (QN/Block) 	Elapsed: 0.016	Loglikelihood: -28898.4	(delta): -3.63798e-12
78 (QN/Block) 	Elapsed: 0.018	Loglikelihood: -28898.4	(delta): 0
79 (QN/Block) 	Elapsed: 0.018	Loglikelihood: -28898.4	(delta): 3.63798e-12
80 (QN/Block) 	Elapsed: 0.016	Loglikelihood: -28898.4	(delta): -3.63798e-12
81 (QN/Block) 	Elapsed: 0.019	Loglikelihood: -28898.4	(delta): 0
82 (QN/Block) 	Elapsed: 0.016	Loglikelihood: -28898.4	(delta): 0
83 (QN/Block) 	Elapsed: 0.018	Loglikelihood: -28898.4	(delta): -3.63798e-12
84 (QN/Block) 	Elapsed: 0.018	Loglikelihood: -28898.4	(delta): 3.63798e-12
85 (QN/Block) 	Elapsed: 0.016	Loglikelihood: -28898.4	(delta): 0
86 (QN/Block) 	Elapsed: 0.02	Loglikelihood: -28898.4	(delta): -3.63798e-12
87 (QN/Block) 	Elapsed: 0.018	Loglikelihood: -28898.4	(delta): 3.63798e-12
88 (QN/Block) 	Elapsed: 0.017	Loglikelihood: -28898.4	(delta): 3.63798e-12
89 (QN/Block) 	Elapsed: 0.019	Loglikelihood: -28898.4	(delta): 3.63798e-12
90 (QN/Block) 	Elapsed: 0.018	Loglikelihood: -28898.4	(delta): -3.63798e-12
91 (QN/Block) 	Elapsed: 0.016	Loglikelihood: -28898.4	(delta): -3.63798e-12
92 (QN/Block) 	Elapsed: 0.019	Loglikelihood: -28898.4	(delta): -3.63798e-12
93 (QN/Block) 	Elapsed: 0.016	Loglikelihood: -28898.4	(delta): 0
94 (QN/Block) 	Elapsed: 0.018	Loglikelihood: -28898.4	(delta): 0
95 (QN/Block) 	Elapsed: 0.018	Loglikelihood: -28898.4	(delta): 0
96 (QN/Block) 	Elapsed: 0.016	Loglikelihood: -28898.4	(delta): -3.63798e-12
97 (QN/Block) 	Elapsed: 0.02	Loglikelihood: -28898.4	(delta): 0
98 (QN/Block) 	Elapsed: 0.016	Loglikelihood: -28898.4	(delta): 3.63798e-12
99 (QN/Block) 	Elapsed: 0.018	Loglikelihood: -28898.4	(delta): 3.63798e-12
100 (QN/Block) 	Elapsed: 0.02	Loglikelihood: -28898.4	(delta): -7.27596e-12
Summary: 
Converged in 100 iterations (1.952 sec)
Loglikelihood: -28898.447133
Fst divergences between estimated populations: 
	Pop0	Pop1	Pop2	Pop3	Pop4	Pop5	Pop6	Pop7	
Pop0	
Pop1	0.723	
Pop2	0.801	0.503	
Pop3	0.815	0.521	0.366	
Pop4	0.469	0.525	0.601	0.605	
Pop5	0.752	0.297	0.516	0.533	0.548	
Pop6	0.851	0.553	0.436	0.420	0.646	0.564	
Pop7	0.808	0.519	0.370	0.322	0.602	0.540	0.452	
Pop8	0.843	0.544	0.385	0.325	0.633	0.547	0.414	0.349	
CV error (K=9): 0.38084
Writing output files.
