****                   ADMIXTURE Version 1.3.0                  ****
****                    Copyright 2008-2015                     ****
****           David Alexander, Suyash Shringarpure,            ****
****                John  Novembre, Ken Lange                   ****
****                                                            ****
****                 Please cite our paper!                     ****
****   Information at www.genetics.ucla.edu/software/admixture  ****

Parallel execution requested.  Will use 8 threads.
Cross-validation will be performed.  Folds=10.
Random seed: 43
Point estimation method: Block relaxation algorithm
Convergence acceleration algorithm: QuasiNewton, 3 secant conditions
Point estimation will terminate at 100 iterations
Estimation of standard errors disabled; will compute point estimates only.
Size of G: 142x576
Performing five EM steps to prime main algorithm
1 (EM) 	Elapsed: 0.011	Loglikelihood: -59451.8	(delta): 58546.5
2 (EM) 	Elapsed: 0.01	Loglikelihood: -56507.6	(delta): 2944.12
3 (EM) 	Elapsed: 0.01	Loglikelihood: -55750.7	(delta): 756.919
4 (EM) 	Elapsed: 0.011	Loglikelihood: -55142.6	(delta): 608.108
5 (EM) 	Elapsed: 0.01	Loglikelihood: -54437	(delta): 705.593
Initial loglikelihood: -54437
Starting main algorithm
1 (QN/Block) 	Elapsed: 0.014	Loglikelihood: -35191.9	(delta): 19245.2
2 (QN/Block) 	Elapsed: 0.015	Loglikelihood: -32047.3	(delta): 3144.56
3 (QN/Block) 	Elapsed: 0.018	Loglikelihood: -30800.2	(delta): 1247.14
4 (QN/Block) 	Elapsed: 0.016	Loglikelihood: -30166.9	(delta): 633.289
5 (QN/Block) 	Elapsed: 0.017	Loglikelihood: -29864.2	(delta): 302.712
6 (QN/Block) 	Elapsed: 0.015	Loglikelihood: -29776.5	(delta): 87.6353
7 (QN/Block) 	Elapsed: 0.015	Loglikelihood: -29706.1	(delta): 70.4023
8 (QN/Block) 	Elapsed: 0.017	Loglikelihood: -29639.4	(delta): 66.7625
9 (QN/Block) 	Elapsed: 0.018	Loglikelihood: -29615.7	(delta): 23.6304
10 (QN/Block) 	Elapsed: 0.015	Loglikelihood: -29605.8	(delta): 9.93071
11 (QN/Block) 	Elapsed: 0.02	Loglikelihood: -29595.9	(delta): 9.91462
12 (QN/Block) 	Elapsed: 0.019	Loglikelihood: -29592.9	(delta): 2.95544
13 (QN/Block) 	Elapsed: 0.017	Loglikelihood: -29589.1	(delta): 3.82574
14 (QN/Block) 	Elapsed: 0.015	Loglikelihood: -29585.4	(delta): 3.67586
15 (QN/Block) 	Elapsed: 0.016	Loglikelihood: -29583.7	(delta): 1.72579
16 (QN/Block) 	Elapsed: 0.016	Loglikelihood: -29582.8	(delta): 0.947753
17 (QN/Block) 	Elapsed: 0.016	Loglikelihood: -29580.9	(delta): 1.84292
18 (QN/Block) 	Elapsed: 0.017	Loglikelihood: -29579.1	(delta): 1.84536
19 (QN/Block) 	Elapsed: 0.016	Loglikelihood: -29575.3	(delta): 3.73254
20 (QN/Block) 	Elapsed: 0.016	Loglikelihood: -29574.8	(delta): 0.584995
21 (QN/Block) 	Elapsed: 0.021	Loglikelihood: -29574.4	(delta): 0.383098
22 (QN/Block) 	Elapsed: 0.016	Loglikelihood: -29574.3	(delta): 0.0876005
23 (QN/Block) 	Elapsed: 0.016	Loglikelihood: -29574.3	(delta): 0.0168981
24 (QN/Block) 	Elapsed: 0.015	Loglikelihood: -29574.3	(delta): 0.00504268
25 (QN/Block) 	Elapsed: 0.015	Loglikelihood: -29574.3	(delta): 0.000980764
26 (QN/Block) 	Elapsed: 0.016	Loglikelihood: -29574.3	(delta): 0.000413649
27 (QN/Block) 	Elapsed: 0.015	Loglikelihood: -29574.3	(delta): 0.000387018
28 (QN/Block) 	Elapsed: 0.015	Loglikelihood: -29574.3	(delta): 0.00092739
29 (QN/Block) 	Elapsed: 0.017	Loglikelihood: -29574.3	(delta): 0.000123074
30 (QN/Block) 	Elapsed: 0.016	Loglikelihood: -29574.3	(delta): 6.7491e-05
31 (QN/Block) 	Elapsed: 0.016	Loglikelihood: -29574.3	(delta): 1.42934e-05
32 (QN/Block) 	Elapsed: 0.017	Loglikelihood: -29574.3	(delta): 1.78034e-06
33 (QN/Block) 	Elapsed: 0.015	Loglikelihood: -29574.3	(delta): 1.35886e-06
34 (QN/Block) 	Elapsed: 0.018	Loglikelihood: -29574.3	(delta): 3.14394e-08
35 (QN/Block) 	Elapsed: 0.015	Loglikelihood: -29574.3	(delta): 1.76078e-09
36 (QN/Block) 	Elapsed: 0.014	Loglikelihood: -29574.3	(delta): 9.82254e-11
37 (QN/Block) 	Elapsed: 0.017	Loglikelihood: -29574.3	(delta): 1.09139e-11
38 (QN/Block) 	Elapsed: 0.016	Loglikelihood: -29574.3	(delta): 7.27596e-12
39 (QN/Block) 	Elapsed: 0.015	Loglikelihood: -29574.3	(delta): -7.27596e-12
40 (QN/Block) 	Elapsed: 0.017	Loglikelihood: -29574.3	(delta): 1.09139e-11
41 (QN/Block) 	Elapsed: 0.016	Loglikelihood: -29574.3	(delta): 3.63798e-12
42 (QN/Block) 	Elapsed: 0.016	Loglikelihood: -29574.3	(delta): 3.63798e-12
43 (QN/Block) 	Elapsed: 0.017	Loglikelihood: -29574.3	(delta): -7.27596e-12
44 (QN/Block) 	Elapsed: 0.016	Loglikelihood: -29574.3	(delta): 3.63798e-12
45 (QN/Block) 	Elapsed: 0.016	Loglikelihood: -29574.3	(delta): 0
46 (QN/Block) 	Elapsed: 0.018	Loglikelihood: -29574.3	(delta): 0
47 (QN/Block) 	Elapsed: 0.016	Loglikelihood: -29574.3	(delta): 7.27596e-12
48 (QN/Block) 	Elapsed: 0.017	Loglikelihood: -29574.3	(delta): 0
49 (QN/Block) 	Elapsed: 0.018	Loglikelihood: -29574.3	(delta): -3.63798e-12
50 (QN/Block) 	Elapsed: 0.016	Loglikelihood: -29574.3	(delta): -3.63798e-12
51 (QN/Block) 	Elapsed: 0.017	Loglikelihood: -29574.3	(delta): 7.27596e-12
52 (QN/Block) 	Elapsed: 0.016	Loglikelihood: -29574.3	(delta): 0
53 (QN/Block) 	Elapsed: 0.016	Loglikelihood: -29574.3	(delta): -7.27596e-12
54 (QN/Block) 	Elapsed: 0.019	Loglikelihood: -29574.3	(delta): 0
55 (QN/Block) 	Elapsed: 0.016	Loglikelihood: -29574.3	(delta): 3.63798e-12
56 (QN/Block) 	Elapsed: 0.017	Loglikelihood: -29574.3	(delta): 0
57 (QN/Block) 	Elapsed: 0.018	Loglikelihood: -29574.3	(delta): -7.27596e-12
58 (QN/Block) 	Elapsed: 0.016	Loglikelihood: -29574.3	(delta): 3.63798e-12
59 (QN/Block) 	Elapsed: 0.017	Loglikelihood: -29574.3	(delta): 7.27596e-12
60 (QN/Block) 	Elapsed: 0.016	Loglikelihood: -29574.3	(delta): -7.27596e-12
61 (QN/Block) 	Elapsed: 0.015	Loglikelihood: -29574.3	(delta): 0
62 (QN/Block) 	Elapsed: 0.018	Loglikelihood: -29574.3	(delta): 7.27596e-12
63 (QN/Block) 	Elapsed: 0.02	Loglikelihood: -29574.3	(delta): 0
64 (QN/Block) 	Elapsed: 0.018	Loglikelihood: -29574.3	(delta): -3.63798e-12
65 (QN/Block) 	Elapsed: 0.016	Loglikelihood: -29574.3	(delta): 0
66 (QN/Block) 	Elapsed: 0.017	Loglikelihood: -29574.3	(delta): 3.63798e-12
67 (QN/Block) 	Elapsed: 0.017	Loglikelihood: -29574.3	(delta): 0
68 (QN/Block) 	Elapsed: 0.015	Loglikelihood: -29574.3	(delta): 0
69 (QN/Block) 	Elapsed: 0.016	Loglikelihood: -29574.3	(delta): 0
70 (QN/Block) 	Elapsed: 0.015	Loglikelihood: -29574.3	(delta): -3.63798e-12
71 (QN/Block) 	Elapsed: 0.015	Loglikelihood: -29574.3	(delta): 0
72 (QN/Block) 	Elapsed: 0.016	Loglikelihood: -29574.3	(delta): 0
73 (QN/Block) 	Elapsed: 0.019	Loglikelihood: -29574.3	(delta): -3.63798e-12
74 (QN/Block) 	Elapsed: 0.016	Loglikelihood: -29574.3	(delta): 3.63798e-12
75 (QN/Block) 	Elapsed: 0.017	Loglikelihood: -29574.3	(delta): -7.27596e-12
76 (QN/Block) 	Elapsed: 0.015	Loglikelihood: -29574.3	(delta): 1.81899e-11
77 (QN/Block) 	Elapsed: 0.017	Loglikelihood: -29574.3	(delta): -7.27596e-12
78 (QN/Block) 	Elapsed: 0.019	Loglikelihood: -29574.3	(delta): 0
79 (QN/Block) 	Elapsed: 0.021	Loglikelihood: -29574.3	(delta): 0
80 (QN/Block) 	Elapsed: 0.019	Loglikelihood: -29574.3	(delta): -3.63798e-12
81 (QN/Block) 	Elapsed: 0.017	Loglikelihood: -29574.3	(delta): -3.63798e-12
82 (QN/Block) 	Elapsed: 0.02	Loglikelihood: -29574.3	(delta): 1.09139e-11
83 (QN/Block) 	Elapsed: 0.019	Loglikelihood: -29574.3	(delta): 0
84 (QN/Block) 	Elapsed: 0.017	Loglikelihood: -29574.3	(delta): -7.27596e-12
85 (QN/Block) 	Elapsed: 0.017	Loglikelihood: -29574.3	(delta): -3.63798e-12
86 (QN/Block) 	Elapsed: 0.018	Loglikelihood: -29574.3	(delta): 7.27596e-12
87 (QN/Block) 	Elapsed: 0.016	Loglikelihood: -29574.3	(delta): 0
88 (QN/Block) 	Elapsed: 0.019	Loglikelihood: -29574.3	(delta): -3.63798e-12
89 (QN/Block) 	Elapsed: 0.018	Loglikelihood: -29574.3	(delta): 3.63798e-12
90 (QN/Block) 	Elapsed: 0.016	Loglikelihood: -29574.3	(delta): 0
91 (QN/Block) 	Elapsed: 0.017	Loglikelihood: -29574.3	(delta): 0
92 (QN/Block) 	Elapsed: 0.014	Loglikelihood: -29574.3	(delta): 0
93 (QN/Block) 	Elapsed: 0.017	Loglikelihood: -29574.3	(delta): 3.63798e-12
94 (QN/Block) 	Elapsed: 0.017	Loglikelihood: -29574.3	(delta): 0
95 (QN/Block) 	Elapsed: 0.015	Loglikelihood: -29574.3	(delta): -3.63798e-12
96 (QN/Block) 	Elapsed: 0.017	Loglikelihood: -29574.3	(delta): 3.63798e-12
97 (QN/Block) 	Elapsed: 0.017	Loglikelihood: -29574.3	(delta): -3.63798e-12
98 (QN/Block) 	Elapsed: 0.017	Loglikelihood: -29574.3	(delta): 0
99 (QN/Block) 	Elapsed: 0.019	Loglikelihood: -29574.3	(delta): 3.63798e-12
100 (QN/Block) 	Elapsed: 0.016	Loglikelihood: -29574.3	(delta): -3.63798e-12
Summary: 
Converged in 100 iterations (1.812 sec)
Loglikelihood: -29574.257654
Fst divergences between estimated populations: 
	Pop0	Pop1	Pop2	Pop3	Pop4	Pop5	Pop6	
Pop0	
Pop1	0.490	
Pop2	0.548	0.254	
Pop3	0.584	0.374	0.442	
Pop4	0.326	0.458	0.515	0.554	
Pop5	0.756	0.744	0.789	0.838	0.715	
Pop6	0.565	0.557	0.599	0.649	0.528	0.467	
Pop7	0.546	0.247	0.293	0.376	0.521	0.810	0.615	
CV error (K=8): 0.38681
Writing output files.
