****                   ADMIXTURE Version 1.3.0                  ****
****                    Copyright 2008-2015                     ****
****           David Alexander, Suyash Shringarpure,            ****
****                John  Novembre, Ken Lange                   ****
****                                                            ****
****                 Please cite our paper!                     ****
****   Information at www.genetics.ucla.edu/software/admixture  ****

Parallel execution requested.  Will use 8 threads.
Cross-validation will be performed.  Folds=10.
Random seed: 43
Point estimation method: Block relaxation algorithm
Convergence acceleration algorithm: QuasiNewton, 3 secant conditions
Point estimation will terminate at 100 iterations
Estimation of standard errors disabled; will compute point estimates only.
Size of G: 142x576
Performing five EM steps to prime main algorithm
1 (EM) 	Elapsed: 0.005	Loglikelihood: -59640.5	(delta): 62219.7
2 (EM) 	Elapsed: 0.004	Loglikelihood: -56789.9	(delta): 2850.56
3 (EM) 	Elapsed: 0.005	Loglikelihood: -55935.9	(delta): 854.078
4 (EM) 	Elapsed: 0.005	Loglikelihood: -55209.2	(delta): 726.618
5 (EM) 	Elapsed: 0.004	Loglikelihood: -54363.6	(delta): 845.665
Initial loglikelihood: -54363.6
Starting main algorithm
1 (QN/Block) 	Elapsed: 0.009	Loglikelihood: -37402	(delta): 16961.5
2 (QN/Block) 	Elapsed: 0.008	Loglikelihood: -34229.3	(delta): 3172.71
3 (QN/Block) 	Elapsed: 0.01	Loglikelihood: -32918	(delta): 1311.36
4 (QN/Block) 	Elapsed: 0.009	Loglikelihood: -32234.3	(delta): 683.659
5 (QN/Block) 	Elapsed: 0.009	Loglikelihood: -31929.6	(delta): 304.684
6 (QN/Block) 	Elapsed: 0.009	Loglikelihood: -31874.7	(delta): 54.9738
7 (QN/Block) 	Elapsed: 0.01	Loglikelihood: -31866.7	(delta): 8.00012
8 (QN/Block) 	Elapsed: 0.009	Loglikelihood: -31863.8	(delta): 2.85457
9 (QN/Block) 	Elapsed: 0.01	Loglikelihood: -31863.1	(delta): 0.736147
10 (QN/Block) 	Elapsed: 0.01	Loglikelihood: -31862.9	(delta): 0.157375
11 (QN/Block) 	Elapsed: 0.011	Loglikelihood: -31862.9	(delta): 0.0533815
12 (QN/Block) 	Elapsed: 0.009	Loglikelihood: -31862.8	(delta): 0.0429734
13 (QN/Block) 	Elapsed: 0.011	Loglikelihood: -31862.8	(delta): 0.00445255
14 (QN/Block) 	Elapsed: 0.009	Loglikelihood: -31862.8	(delta): 0.000556982
15 (QN/Block) 	Elapsed: 0.01	Loglikelihood: -31862.8	(delta): 4.56101e-05
16 (QN/Block) 	Elapsed: 0.011	Loglikelihood: -31862.8	(delta): 4.18076e-06
17 (QN/Block) 	Elapsed: 0.01	Loglikelihood: -31862.8	(delta): 4.88461e-07
18 (QN/Block) 	Elapsed: 0.011	Loglikelihood: -31862.8	(delta): 5.24269e-08
19 (QN/Block) 	Elapsed: 0.012	Loglikelihood: -31862.8	(delta): 1.43264e-08
20 (QN/Block) 	Elapsed: 0.01	Loglikelihood: -31862.8	(delta): 1.10958e-09
21 (QN/Block) 	Elapsed: 0.009	Loglikelihood: -31862.8	(delta): 1.09139e-11
22 (QN/Block) 	Elapsed: 0.011	Loglikelihood: -31862.8	(delta): -3.63798e-12
23 (QN/Block) 	Elapsed: 0.012	Loglikelihood: -31862.8	(delta): 3.63798e-12
24 (QN/Block) 	Elapsed: 0.01	Loglikelihood: -31862.8	(delta): 0
25 (QN/Block) 	Elapsed: 0.011	Loglikelihood: -31862.8	(delta): 0
26 (QN/Block) 	Elapsed: 0.013	Loglikelihood: -31862.8	(delta): -3.63798e-12
27 (QN/Block) 	Elapsed: 0.012	Loglikelihood: -31862.8	(delta): 3.63798e-12
28 (QN/Block) 	Elapsed: 0.011	Loglikelihood: -31862.8	(delta): 0
29 (QN/Block) 	Elapsed: 0.009	Loglikelihood: -31862.8	(delta): 3.63798e-12
30 (QN/Block) 	Elapsed: 0.011	Loglikelihood: -31862.8	(delta): -3.63798e-12
31 (QN/Block) 	Elapsed: 0.012	Loglikelihood: -31862.8	(delta): 7.27596e-12
32 (QN/Block) 	Elapsed: 0.011	Loglikelihood: -31862.8	(delta): -3.63798e-12
33 (QN/Block) 	Elapsed: 0.012	Loglikelihood: -31862.8	(delta): -3.63798e-12
34 (QN/Block) 	Elapsed: 0.012	Loglikelihood: -31862.8	(delta): 7.27596e-12
35 (QN/Block) 	Elapsed: 0.012	Loglikelihood: -31862.8	(delta): -7.27596e-12
36 (QN/Block) 	Elapsed: 0.012	Loglikelihood: -31862.8	(delta): 0
37 (QN/Block) 	Elapsed: 0.011	Loglikelihood: -31862.8	(delta): 3.63798e-12
38 (QN/Block) 	Elapsed: 0.01	Loglikelihood: -31862.8	(delta): -3.63798e-12
39 (QN/Block) 	Elapsed: 0.011	Loglikelihood: -31862.8	(delta): 7.27596e-12
40 (QN/Block) 	Elapsed: 0.012	Loglikelihood: -31862.8	(delta): -7.27596e-12
41 (QN/Block) 	Elapsed: 0.01	Loglikelihood: -31862.8	(delta): 3.63798e-12
42 (QN/Block) 	Elapsed: 0.009	Loglikelihood: -31862.8	(delta): 3.63798e-12
43 (QN/Block) 	Elapsed: 0.009	Loglikelihood: -31862.8	(delta): -7.27596e-12
44 (QN/Block) 	Elapsed: 0.011	Loglikelihood: -31862.8	(delta): 0
45 (QN/Block) 	Elapsed: 0.009	Loglikelihood: -31862.8	(delta): 0
46 (QN/Block) 	Elapsed: 0.009	Loglikelihood: -31862.8	(delta): 0
47 (QN/Block) 	Elapsed: 0.009	Loglikelihood: -31862.8	(delta): 0
48 (QN/Block) 	Elapsed: 0.011	Loglikelihood: -31862.8	(delta): 0
49 (QN/Block) 	Elapsed: 0.011	Loglikelihood: -31862.8	(delta): 3.63798e-12
50 (QN/Block) 	Elapsed: 0.013	Loglikelihood: -31862.8	(delta): -3.63798e-12
51 (QN/Block) 	Elapsed: 0.011	Loglikelihood: -31862.8	(delta): 3.63798e-12
52 (QN/Block) 	Elapsed: 0.009	Loglikelihood: -31862.8	(delta): -7.27596e-12
53 (QN/Block) 	Elapsed: 0.009	Loglikelihood: -31862.8	(delta): 0
54 (QN/Block) 	Elapsed: 0.01	Loglikelihood: -31862.8	(delta): 0
55 (QN/Block) 	Elapsed: 0.01	Loglikelihood: -31862.8	(delta): 3.63798e-12
56 (QN/Block) 	Elapsed: 0.01	Loglikelihood: -31862.8	(delta): 3.63798e-12
57 (QN/Block) 	Elapsed: 0.01	Loglikelihood: -31862.8	(delta): 0
58 (QN/Block) 	Elapsed: 0.011	Loglikelihood: -31862.8	(delta): -3.63798e-12
59 (QN/Block) 	Elapsed: 0.011	Loglikelihood: -31862.8	(delta): 0
60 (QN/Block) 	Elapsed: 0.01	Loglikelihood: -31862.8	(delta): 0
61 (QN/Block) 	Elapsed: 0.011	Loglikelihood: -31862.8	(delta): 3.63798e-12
62 (QN/Block) 	Elapsed: 0.009	Loglikelihood: -31862.8	(delta): -3.63798e-12
63 (QN/Block) 	Elapsed: 0.01	Loglikelihood: -31862.8	(delta): 3.63798e-12
64 (QN/Block) 	Elapsed: 0.009	Loglikelihood: -31862.8	(delta): 0
65 (QN/Block) 	Elapsed: 0.009	Loglikelihood: -31862.8	(delta): -3.63798e-12
66 (QN/Block) 	Elapsed: 0.009	Loglikelihood: -31862.8	(delta): 3.63798e-12
67 (QN/Block) 	Elapsed: 0.01	Loglikelihood: -31862.8	(delta): -7.27596e-12
68 (QN/Block) 	Elapsed: 0.01	Loglikelihood: -31862.8	(delta): 3.63798e-12
69 (QN/Block) 	Elapsed: 0.01	Loglikelihood: -31862.8	(delta): 0
70 (QN/Block) 	Elapsed: 0.013	Loglikelihood: -31862.8	(delta): 0
71 (QN/Block) 	Elapsed: 0.012	Loglikelihood: -31862.8	(delta): 0
72 (QN/Block) 	Elapsed: 0.011	Loglikelihood: -31862.8	(delta): -3.63798e-12
73 (QN/Block) 	Elapsed: 0.01	Loglikelihood: -31862.8	(delta): 3.63798e-12
74 (QN/Block) 	Elapsed: 0.01	Loglikelihood: -31862.8	(delta): -3.63798e-12
75 (QN/Block) 	Elapsed: 0.009	Loglikelihood: -31862.8	(delta): 0
76 (QN/Block) 	Elapsed: 0.009	Loglikelihood: -31862.8	(delta): 0
77 (QN/Block) 	Elapsed: 0.01	Loglikelihood: -31862.8	(delta): 0
78 (QN/Block) 	Elapsed: 0.011	Loglikelihood: -31862.8	(delta): 0
79 (QN/Block) 	Elapsed: 0.011	Loglikelihood: -31862.8	(delta): 3.63798e-12
80 (QN/Block) 	Elapsed: 0.01	Loglikelihood: -31862.8	(delta): 0
81 (QN/Block) 	Elapsed: 0.009	Loglikelihood: -31862.8	(delta): 3.63798e-12
82 (QN/Block) 	Elapsed: 0.01	Loglikelihood: -31862.8	(delta): -3.63798e-12
83 (QN/Block) 	Elapsed: 0.01	Loglikelihood: -31862.8	(delta): -3.63798e-12
84 (QN/Block) 	Elapsed: 0.01	Loglikelihood: -31862.8	(delta): 3.63798e-12
85 (QN/Block) 	Elapsed: 0.009	Loglikelihood: -31862.8	(delta): -3.63798e-12
86 (QN/Block) 	Elapsed: 0.011	Loglikelihood: -31862.8	(delta): 3.63798e-12
87 (QN/Block) 	Elapsed: 0.011	Loglikelihood: -31862.8	(delta): 0
88 (QN/Block) 	Elapsed: 0.01	Loglikelihood: -31862.8	(delta): 0
89 (QN/Block) 	Elapsed: 0.01	Loglikelihood: -31862.8	(delta): -3.63798e-12
90 (QN/Block) 	Elapsed: 0.011	Loglikelihood: -31862.8	(delta): 3.63798e-12
91 (QN/Block) 	Elapsed: 0.009	Loglikelihood: -31862.8	(delta): -3.63798e-12
92 (QN/Block) 	Elapsed: 0.01	Loglikelihood: -31862.8	(delta): 3.63798e-12
93 (QN/Block) 	Elapsed: 0.01	Loglikelihood: -31862.8	(delta): 0
94 (QN/Block) 	Elapsed: 0.01	Loglikelihood: -31862.8	(delta): -3.63798e-12
95 (QN/Block) 	Elapsed: 0.009	Loglikelihood: -31862.8	(delta): 0
96 (QN/Block) 	Elapsed: 0.011	Loglikelihood: -31862.8	(delta): 3.63798e-12
97 (QN/Block) 	Elapsed: 0.011	Loglikelihood: -31862.8	(delta): 0
98 (QN/Block) 	Elapsed: 0.012	Loglikelihood: -31862.8	(delta): 0
99 (QN/Block) 	Elapsed: 0.011	Loglikelihood: -31862.8	(delta): 0
100 (QN/Block) 	Elapsed: 0.01	Loglikelihood: -31862.8	(delta): 0
Summary: 
Converged in 100 iterations (1.134 sec)
Loglikelihood: -31862.813944
Fst divergences between estimated populations: 
	Pop0	Pop1	Pop2	Pop3	
Pop0	
Pop1	0.237	
Pop2	0.307	0.234	
Pop3	0.467	0.429	0.468	
Pop4	0.583	0.558	0.600	0.494	
CV error (K=5): 0.38642
Writing output files.
