****                   ADMIXTURE Version 1.3.0                  ****
****                    Copyright 2008-2015                     ****
****           David Alexander, Suyash Shringarpure,            ****
****                John  Novembre, Ken Lange                   ****
****                                                            ****
****                 Please cite our paper!                     ****
****   Information at www.genetics.ucla.edu/software/admixture  ****

Parallel execution requested.  Will use 8 threads.
Cross-validation will be performed.  Folds=10.
Random seed: 43
Point estimation method: Block relaxation algorithm
Convergence acceleration algorithm: QuasiNewton, 3 secant conditions
Point estimation will terminate at 100 iterations
Estimation of standard errors disabled; will compute point estimates only.
Size of G: 142x576
Performing five EM steps to prime main algorithm
1 (EM) 	Elapsed: 0.008	Loglikelihood: -59353.4	(delta): 60344.3
2 (EM) 	Elapsed: 0.008	Loglikelihood: -56429.1	(delta): 2924.28
3 (EM) 	Elapsed: 0.008	Loglikelihood: -55419.8	(delta): 1009.29
4 (EM) 	Elapsed: 0.008	Loglikelihood: -54418	(delta): 1001.83
5 (EM) 	Elapsed: 0.008	Loglikelihood: -53145.8	(delta): 1272.22
Initial loglikelihood: -53145.8
Starting main algorithm
1 (QN/Block) 	Elapsed: 0.013	Loglikelihood: -35365.5	(delta): 17780.3
2 (QN/Block) 	Elapsed: 0.012	Loglikelihood: -32875.4	(delta): 2490.14
3 (QN/Block) 	Elapsed: 0.012	Loglikelihood: -31814.7	(delta): 1060.73
4 (QN/Block) 	Elapsed: 0.015	Loglikelihood: -31026.1	(delta): 788.529
5 (QN/Block) 	Elapsed: 0.013	Loglikelihood: -30694	(delta): 332.16
6 (QN/Block) 	Elapsed: 0.013	Loglikelihood: -30590.7	(delta): 103.304
7 (QN/Block) 	Elapsed: 0.014	Loglikelihood: -30553.2	(delta): 37.4292
8 (QN/Block) 	Elapsed: 0.017	Loglikelihood: -30537.9	(delta): 15.3695
9 (QN/Block) 	Elapsed: 0.013	Loglikelihood: -30517.7	(delta): 20.1439
10 (QN/Block) 	Elapsed: 0.014	Loglikelihood: -30479.9	(delta): 37.8561
11 (QN/Block) 	Elapsed: 0.016	Loglikelihood: -30446.5	(delta): 33.4065
12 (QN/Block) 	Elapsed: 0.013	Loglikelihood: -30400.1	(delta): 46.3774
13 (QN/Block) 	Elapsed: 0.014	Loglikelihood: -30380.3	(delta): 19.8055
14 (QN/Block) 	Elapsed: 0.017	Loglikelihood: -30359.1	(delta): 21.1758
15 (QN/Block) 	Elapsed: 0.019	Loglikelihood: -30336.6	(delta): 22.5024
16 (QN/Block) 	Elapsed: 0.017	Loglikelihood: -30297.6	(delta): 39.0113
17 (QN/Block) 	Elapsed: 0.018	Loglikelihood: -30272.3	(delta): 25.3472
18 (QN/Block) 	Elapsed: 0.014	Loglikelihood: -30249.8	(delta): 22.4454
19 (QN/Block) 	Elapsed: 0.015	Loglikelihood: -30239.7	(delta): 10.0825
20 (QN/Block) 	Elapsed: 0.014	Loglikelihood: -30233.2	(delta): 6.54553
21 (QN/Block) 	Elapsed: 0.014	Loglikelihood: -30231.4	(delta): 1.74028
22 (QN/Block) 	Elapsed: 0.018	Loglikelihood: -30229.8	(delta): 1.59659
23 (QN/Block) 	Elapsed: 0.015	Loglikelihood: -30225.2	(delta): 4.63675
24 (QN/Block) 	Elapsed: 0.014	Loglikelihood: -30222.8	(delta): 2.39454
25 (QN/Block) 	Elapsed: 0.015	Loglikelihood: -30221.3	(delta): 1.48741
26 (QN/Block) 	Elapsed: 0.014	Loglikelihood: -30220.5	(delta): 0.799399
27 (QN/Block) 	Elapsed: 0.018	Loglikelihood: -30218.6	(delta): 1.9062
28 (QN/Block) 	Elapsed: 0.017	Loglikelihood: -30214.7	(delta): 3.94394
29 (QN/Block) 	Elapsed: 0.015	Loglikelihood: -30213.4	(delta): 1.29963
30 (QN/Block) 	Elapsed: 0.013	Loglikelihood: -30212.6	(delta): 0.810637
31 (QN/Block) 	Elapsed: 0.015	Loglikelihood: -30212.2	(delta): 0.381764
32 (QN/Block) 	Elapsed: 0.013	Loglikelihood: -30212	(delta): 0.169255
33 (QN/Block) 	Elapsed: 0.013	Loglikelihood: -30212	(delta): 0.027012
34 (QN/Block) 	Elapsed: 0.014	Loglikelihood: -30212	(delta): 0.00492903
35 (QN/Block) 	Elapsed: 0.014	Loglikelihood: -30212	(delta): 0.000661077
36 (QN/Block) 	Elapsed: 0.013	Loglikelihood: -30212	(delta): 0.000427681
37 (QN/Block) 	Elapsed: 0.014	Loglikelihood: -30212	(delta): 5.93859e-05
38 (QN/Block) 	Elapsed: 0.014	Loglikelihood: -30212	(delta): 7.16061e-06
39 (QN/Block) 	Elapsed: 0.013	Loglikelihood: -30212	(delta): 4.04678e-07
40 (QN/Block) 	Elapsed: 0.016	Loglikelihood: -30212	(delta): 2.21335e-08
41 (QN/Block) 	Elapsed: 0.02	Loglikelihood: -30212	(delta): 1.81171e-09
42 (QN/Block) 	Elapsed: 0.013	Loglikelihood: -30212	(delta): 8.00355e-10
43 (QN/Block) 	Elapsed: 0.016	Loglikelihood: -30212	(delta): 3.63798e-11
44 (QN/Block) 	Elapsed: 0.016	Loglikelihood: -30212	(delta): 7.27596e-12
45 (QN/Block) 	Elapsed: 0.015	Loglikelihood: -30212	(delta): 0
46 (QN/Block) 	Elapsed: 0.016	Loglikelihood: -30212	(delta): -3.63798e-12
47 (QN/Block) 	Elapsed: 0.015	Loglikelihood: -30212	(delta): 3.63798e-12
48 (QN/Block) 	Elapsed: 0.015	Loglikelihood: -30212	(delta): 0
49 (QN/Block) 	Elapsed: 0.015	Loglikelihood: -30212	(delta): 0
50 (QN/Block) 	Elapsed: 0.015	Loglikelihood: -30212	(delta): 0
51 (QN/Block) 	Elapsed: 0.015	Loglikelihood: -30212	(delta): 0
52 (QN/Block) 	Elapsed: 0.014	Loglikelihood: -30212	(delta): 3.63798e-12
53 (QN/Block) 	Elapsed: 0.014	Loglikelihood: -30212	(delta): 3.63798e-12
54 (QN/Block) 	Elapsed: 0.015	Loglikelihood: -30212	(delta): -7.27596e-12
55 (QN/Block) 	Elapsed: 0.014	Loglikelihood: -30212	(delta): 0
56 (QN/Block) 	Elapsed: 0.014	Loglikelihood: -30212	(delta): 0
57 (QN/Block) 	Elapsed: 0.015	Loglikelihood: -30212	(delta): 0
58 (QN/Block) 	Elapsed: 0.014	Loglikelihood: -30212	(delta): 0
59 (QN/Block) 	Elapsed: 0.016	Loglikelihood: -30212	(delta): 0
60 (QN/Block) 	Elapsed: 0.016	Loglikelihood: -30212	(delta): 3.63798e-12
61 (QN/Block) 	Elapsed: 0.014	Loglikelihood: -30212	(delta): 3.63798e-12
62 (QN/Block) 	Elapsed: 0.014	Loglikelihood: -30212	(delta): 0
63 (QN/Block) 	Elapsed: 0.015	Loglikelihood: -30212	(delta): 0
64 (QN/Block) 	Elapsed: 0.014	Loglikelihood: -30212	(delta): -3.63798e-12
65 (QN/Block) 	Elapsed: 0.014	Loglikelihood: -30212	(delta): -3.63798e-12
66 (QN/Block) 	Elapsed: 0.015	Loglikelihood: -30212	(delta): 3.63798e-12
67 (QN/Block) 	Elapsed: 0.014	Loglikelihood: -30212	(delta): 3.63798e-12
68 (QN/Block) 	Elapsed: 0.014	Loglikelihood: -30212	(delta): 3.63798e-12
69 (QN/Block) 	Elapsed: 0.015	Loglikelihood: -30212	(delta): -3.63798e-12
70 (QN/Block) 	Elapsed: 0.014	Loglikelihood: -30212	(delta): 0
71 (QN/Block) 	Elapsed: 0.014	Loglikelihood: -30212	(delta): 7.27596e-12
72 (QN/Block) 	Elapsed: 0.015	Loglikelihood: -30212	(delta): 0
73 (QN/Block) 	Elapsed: 0.014	Loglikelihood: -30212	(delta): -3.63798e-12
74 (QN/Block) 	Elapsed: 0.014	Loglikelihood: -30212	(delta): -3.63798e-12
75 (QN/Block) 	Elapsed: 0.015	Loglikelihood: -30212	(delta): 7.27596e-12
76 (QN/Block) 	Elapsed: 0.014	Loglikelihood: -30212	(delta): 0
77 (QN/Block) 	Elapsed: 0.015	Loglikelihood: -30212	(delta): 0
78 (QN/Block) 	Elapsed: 0.017	Loglikelihood: -30212	(delta): -1.45519e-11
79 (QN/Block) 	Elapsed: 0.017	Loglikelihood: -30212	(delta): 7.27596e-12
80 (QN/Block) 	Elapsed: 0.014	Loglikelihood: -30212	(delta): -3.63798e-12
81 (QN/Block) 	Elapsed: 0.017	Loglikelihood: -30212	(delta): 1.09139e-11
82 (QN/Block) 	Elapsed: 0.016	Loglikelihood: -30212	(delta): 0
83 (QN/Block) 	Elapsed: 0.014	Loglikelihood: -30212	(delta): -3.63798e-12
84 (QN/Block) 	Elapsed: 0.018	Loglikelihood: -30212	(delta): 7.27596e-12
85 (QN/Block) 	Elapsed: 0.016	Loglikelihood: -30212	(delta): 0
86 (QN/Block) 	Elapsed: 0.014	Loglikelihood: -30212	(delta): 3.63798e-12
87 (QN/Block) 	Elapsed: 0.016	Loglikelihood: -30212	(delta): 7.27596e-12
88 (QN/Block) 	Elapsed: 0.015	Loglikelihood: -30212	(delta): -3.63798e-12
89 (QN/Block) 	Elapsed: 0.015	Loglikelihood: -30212	(delta): 3.63798e-12
90 (QN/Block) 	Elapsed: 0.017	Loglikelihood: -30212	(delta): 0
91 (QN/Block) 	Elapsed: 0.019	Loglikelihood: -30212	(delta): 0
92 (QN/Block) 	Elapsed: 0.014	Loglikelihood: -30212	(delta): 0
93 (QN/Block) 	Elapsed: 0.016	Loglikelihood: -30212	(delta): 0
94 (QN/Block) 	Elapsed: 0.014	Loglikelihood: -30212	(delta): 0
95 (QN/Block) 	Elapsed: 0.016	Loglikelihood: -30212	(delta): 0
96 (QN/Block) 	Elapsed: 0.014	Loglikelihood: -30212	(delta): 0
97 (QN/Block) 	Elapsed: 0.014	Loglikelihood: -30212	(delta): 7.27596e-12
98 (QN/Block) 	Elapsed: 0.016	Loglikelihood: -30212	(delta): -7.27596e-12
99 (QN/Block) 	Elapsed: 0.013	Loglikelihood: -30212	(delta): 7.27596e-12
100 (QN/Block) 	Elapsed: 0.014	Loglikelihood: -30212	(delta): 0
Summary: 
Converged in 100 iterations (1.614 sec)
Loglikelihood: -30211.980157
Fst divergences between estimated populations: 
	Pop0	Pop1	Pop2	Pop3	Pop4	Pop5	
Pop0	
Pop1	0.469	
Pop2	0.553	0.754	
Pop3	0.613	0.822	0.248	
Pop4	0.597	0.800	0.254	0.293	
Pop5	0.647	0.851	0.375	0.377	0.442	
Pop6	0.496	0.692	0.420	0.481	0.479	0.515	
CV error (K=7): 0.37778
Writing output files.
