****                   ADMIXTURE Version 1.3.0                  ****
****                    Copyright 2008-2015                     ****
****           David Alexander, Suyash Shringarpure,            ****
****                John  Novembre, Ken Lange                   ****
****                                                            ****
****                 Please cite our paper!                     ****
****   Information at www.genetics.ucla.edu/software/admixture  ****

Parallel execution requested.  Will use 8 threads.
Cross-validation will be performed.  Folds=10.
Random seed: 43
Point estimation method: Block relaxation algorithm
Convergence acceleration algorithm: QuasiNewton, 3 secant conditions
Point estimation will terminate at 100 iterations
Estimation of standard errors disabled; will compute point estimates only.
Size of G: 335x1606
Performing five EM steps to prime main algorithm
1 (EM) 	Elapsed: 0.04	Loglikelihood: -221994	(delta): 547257
2 (EM) 	Elapsed: 0.039	Loglikelihood: -210548	(delta): 11446.5
3 (EM) 	Elapsed: 0.038	Loglikelihood: -208241	(delta): 2307.39
4 (EM) 	Elapsed: 0.04	Loglikelihood: -206928	(delta): 1312.71
5 (EM) 	Elapsed: 0.036	Loglikelihood: -206003	(delta): 924.383
Initial loglikelihood: -206003
Starting main algorithm
1 (QN/Block) 	Elapsed: 0.068	Loglikelihood: -188713	(delta): 17290.6
2 (QN/Block) 	Elapsed: 0.06	Loglikelihood: -182122	(delta): 6590.92
3 (QN/Block) 	Elapsed: 0.065	Loglikelihood: -179939	(delta): 2182.67
4 (QN/Block) 	Elapsed: 0.067	Loglikelihood: -178793	(delta): 1146.13
5 (QN/Block) 	Elapsed: 0.071	Loglikelihood: -178450	(delta): 342.856
6 (QN/Block) 	Elapsed: 0.065	Loglikelihood: -178357	(delta): 92.7439
7 (QN/Block) 	Elapsed: 0.069	Loglikelihood: -178335	(delta): 22.707
8 (QN/Block) 	Elapsed: 0.07	Loglikelihood: -178319	(delta): 15.9691
9 (QN/Block) 	Elapsed: 0.079	Loglikelihood: -178307	(delta): 11.3051
10 (QN/Block) 	Elapsed: 0.076	Loglikelihood: -178299	(delta): 8.47755
11 (QN/Block) 	Elapsed: 0.07	Loglikelihood: -178292	(delta): 6.89785
12 (QN/Block) 	Elapsed: 0.067	Loglikelihood: -178284	(delta): 8.20844
13 (QN/Block) 	Elapsed: 0.072	Loglikelihood: -178279	(delta): 4.93683
14 (QN/Block) 	Elapsed: 0.069	Loglikelihood: -178274	(delta): 5.2203
15 (QN/Block) 	Elapsed: 0.067	Loglikelihood: -178270	(delta): 3.71878
16 (QN/Block) 	Elapsed: 0.069	Loglikelihood: -178260	(delta): 9.61647
17 (QN/Block) 	Elapsed: 0.075	Loglikelihood: -178255	(delta): 5.10291
18 (QN/Block) 	Elapsed: 0.072	Loglikelihood: -178251	(delta): 4.51978
19 (QN/Block) 	Elapsed: 0.071	Loglikelihood: -178244	(delta): 6.56865
20 (QN/Block) 	Elapsed: 0.067	Loglikelihood: -178235	(delta): 8.94209
21 (QN/Block) 	Elapsed: 0.075	Loglikelihood: -178230	(delta): 5.19778
22 (QN/Block) 	Elapsed: 0.069	Loglikelihood: -178225	(delta): 4.59132
23 (QN/Block) 	Elapsed: 0.065	Loglikelihood: -178220	(delta): 5.5017
24 (QN/Block) 	Elapsed: 0.071	Loglikelihood: -178213	(delta): 6.49328
25 (QN/Block) 	Elapsed: 0.076	Loglikelihood: -178204	(delta): 9.50752
26 (QN/Block) 	Elapsed: 0.071	Loglikelihood: -178192	(delta): 11.7576
27 (QN/Block) 	Elapsed: 0.075	Loglikelihood: -178165	(delta): 27.5702
28 (QN/Block) 	Elapsed: 0.074	Loglikelihood: -178108	(delta): 56.1954
29 (QN/Block) 	Elapsed: 0.076	Loglikelihood: -178031	(delta): 77.4497
30 (QN/Block) 	Elapsed: 0.07	Loglikelihood: -177954	(delta): 76.8527
31 (QN/Block) 	Elapsed: 0.067	Loglikelihood: -177890	(delta): 64.3196
32 (QN/Block) 	Elapsed: 0.081	Loglikelihood: -177809	(delta): 80.8876
33 (QN/Block) 	Elapsed: 0.073	Loglikelihood: -177745	(delta): 64.214
34 (QN/Block) 	Elapsed: 0.068	Loglikelihood: -177714	(delta): 30.8328
35 (QN/Block) 	Elapsed: 0.067	Loglikelihood: -177703	(delta): 11.0112
36 (QN/Block) 	Elapsed: 0.079	Loglikelihood: -177700	(delta): 2.86392
37 (QN/Block) 	Elapsed: 0.074	Loglikelihood: -177694	(delta): 6.48377
38 (QN/Block) 	Elapsed: 0.07	Loglikelihood: -177688	(delta): 5.05505
39 (QN/Block) 	Elapsed: 0.075	Loglikelihood: -177687	(delta): 1.43965
40 (QN/Block) 	Elapsed: 0.073	Loglikelihood: -177687	(delta): 0.0426396
41 (QN/Block) 	Elapsed: 0.071	Loglikelihood: -177686	(delta): 0.515851
42 (QN/Block) 	Elapsed: 0.074	Loglikelihood: -177685	(delta): 1.63203
43 (QN/Block) 	Elapsed: 0.078	Loglikelihood: -177685	(delta): 0.00144506
44 (QN/Block) 	Elapsed: 0.081	Loglikelihood: -177685	(delta): 0.00178941
45 (QN/Block) 	Elapsed: 0.088	Loglikelihood: -177685	(delta): 0.00257464
46 (QN/Block) 	Elapsed: 0.081	Loglikelihood: -177685	(delta): 0.00720729
47 (QN/Block) 	Elapsed: 0.076	Loglikelihood: -177685	(delta): 0.0231785
48 (QN/Block) 	Elapsed: 0.074	Loglikelihood: -177685	(delta): 0.0866472
49 (QN/Block) 	Elapsed: 0.076	Loglikelihood: -177685	(delta): 0.0649974
50 (QN/Block) 	Elapsed: 0.078	Loglikelihood: -177685	(delta): 0.000331347
51 (QN/Block) 	Elapsed: 0.08	Loglikelihood: -177685	(delta): 6.82921e-05
52 (QN/Block) 	Elapsed: 0.073	Loglikelihood: -177685	(delta): 3.50509e-06
53 (QN/Block) 	Elapsed: 0.07	Loglikelihood: -177685	(delta): 8.69652e-07
54 (QN/Block) 	Elapsed: 0.071	Loglikelihood: -177685	(delta): 2.74827e-07
55 (QN/Block) 	Elapsed: 0.074	Loglikelihood: -177685	(delta): 9.67411e-08
56 (QN/Block) 	Elapsed: 0.075	Loglikelihood: -177685	(delta): 1.24855e-08
57 (QN/Block) 	Elapsed: 0.07	Loglikelihood: -177685	(delta): 5.82077e-10
58 (QN/Block) 	Elapsed: 0.074	Loglikelihood: -177685	(delta): 8.73115e-11
59 (QN/Block) 	Elapsed: 0.07	Loglikelihood: -177685	(delta): 5.82077e-11
60 (QN/Block) 	Elapsed: 0.074	Loglikelihood: -177685	(delta): 2.91038e-11
61 (QN/Block) 	Elapsed: 0.073	Loglikelihood: -177685	(delta): -2.91038e-11
62 (QN/Block) 	Elapsed: 0.071	Loglikelihood: -177685	(delta): 2.91038e-11
63 (QN/Block) 	Elapsed: 0.077	Loglikelihood: -177685	(delta): 0
64 (QN/Block) 	Elapsed: 0.081	Loglikelihood: -177685	(delta): -2.91038e-11
65 (QN/Block) 	Elapsed: 0.078	Loglikelihood: -177685	(delta): 0
66 (QN/Block) 	Elapsed: 0.083	Loglikelihood: -177685	(delta): -2.91038e-11
67 (QN/Block) 	Elapsed: 0.079	Loglikelihood: -177685	(delta): 0
68 (QN/Block) 	Elapsed: 0.086	Loglikelihood: -177685	(delta): 0
69 (QN/Block) 	Elapsed: 0.08	Loglikelihood: -177685	(delta): 0
70 (QN/Block) 	Elapsed: 0.083	Loglikelihood: -177685	(delta): 0
71 (QN/Block) 	Elapsed: 0.083	Loglikelihood: -177685	(delta): -8.73115e-11
72 (QN/Block) 	Elapsed: 0.073	Loglikelihood: -177685	(delta): 5.82077e-11
73 (QN/Block) 	Elapsed: 0.079	Loglikelihood: -177685	(delta): -2.91038e-11
74 (QN/Block) 	Elapsed: 0.077	Loglikelihood: -177685	(delta): 2.91038e-11
75 (QN/Block) 	Elapsed: 0.077	Loglikelihood: -177685	(delta): 0
76 (QN/Block) 	Elapsed: 0.072	Loglikelihood: -177685	(delta): -5.82077e-11
77 (QN/Block) 	Elapsed: 0.074	Loglikelihood: -177685	(delta): 5.82077e-11
78 (QN/Block) 	Elapsed: 0.075	Loglikelihood: -177685	(delta): 5.82077e-11
79 (QN/Block) 	Elapsed: 0.073	Loglikelihood: -177685	(delta): -2.91038e-11
80 (QN/Block) 	Elapsed: 0.07	Loglikelihood: -177685	(delta): -2.91038e-11
81 (QN/Block) 	Elapsed: 0.071	Loglikelihood: -177685	(delta): -2.91038e-11
82 (QN/Block) 	Elapsed: 0.067	Loglikelihood: -177685	(delta): 0
83 (QN/Block) 	Elapsed: 0.069	Loglikelihood: -177685	(delta): 2.91038e-11
84 (QN/Block) 	Elapsed: 0.076	Loglikelihood: -177685	(delta): 0
85 (QN/Block) 	Elapsed: 0.071	Loglikelihood: -177685	(delta): 0
86 (QN/Block) 	Elapsed: 0.07	Loglikelihood: -177685	(delta): -2.91038e-11
87 (QN/Block) 	Elapsed: 0.073	Loglikelihood: -177685	(delta): 0
88 (QN/Block) 	Elapsed: 0.072	Loglikelihood: -177685	(delta): 2.91038e-11
89 (QN/Block) 	Elapsed: 0.074	Loglikelihood: -177685	(delta): -2.91038e-11
90 (QN/Block) 	Elapsed: 0.072	Loglikelihood: -177685	(delta): 0
91 (QN/Block) 	Elapsed: 0.073	Loglikelihood: -177685	(delta): 2.91038e-11
92 (QN/Block) 	Elapsed: 0.078	Loglikelihood: -177685	(delta): -2.91038e-11
93 (QN/Block) 	Elapsed: 0.078	Loglikelihood: -177685	(delta): -2.91038e-11
94 (QN/Block) 	Elapsed: 0.077	Loglikelihood: -177685	(delta): 0
95 (QN/Block) 	Elapsed: 0.075	Loglikelihood: -177685	(delta): 2.91038e-11
96 (QN/Block) 	Elapsed: 0.073	Loglikelihood: -177685	(delta): -2.91038e-11
97 (QN/Block) 	Elapsed: 0.072	Loglikelihood: -177685	(delta): 0
98 (QN/Block) 	Elapsed: 0.072	Loglikelihood: -177685	(delta): 0
99 (QN/Block) 	Elapsed: 0.082	Loglikelihood: -177685	(delta): 5.82077e-11
100 (QN/Block) 	Elapsed: 0.076	Loglikelihood: -177685	(delta): -5.82077e-11
Summary: 
Converged in 100 iterations (7.75 sec)
Loglikelihood: -177684.672711
Fst divergences between estimated populations: 
	Pop0	Pop1	Pop2	Pop3	
Pop0	
Pop1	0.368	
Pop2	0.335	0.087	
Pop3	0.353	0.108	0.046	
Pop4	0.355	0.120	0.050	0.055	
CV error (K=5): 0.22643
Writing output files.
