****                   ADMIXTURE Version 1.3.0                  ****
****                    Copyright 2008-2015                     ****
****           David Alexander, Suyash Shringarpure,            ****
****                John  Novembre, Ken Lange                   ****
****                                                            ****
****                 Please cite our paper!                     ****
****   Information at www.genetics.ucla.edu/software/admixture  ****

Parallel execution requested.  Will use 8 threads.
Cross-validation will be performed.  Folds=10.
Random seed: 43
Point estimation method: Block relaxation algorithm
Convergence acceleration algorithm: QuasiNewton, 3 secant conditions
Point estimation will terminate at 100 iterations
Estimation of standard errors disabled; will compute point estimates only.
Size of G: 335x1606
Performing five EM steps to prime main algorithm
1 (EM) 	Elapsed: 0.031	Loglikelihood: -222115	(delta): 565779
2 (EM) 	Elapsed: 0.034	Loglikelihood: -210335	(delta): 11780.1
3 (EM) 	Elapsed: 0.03	Loglikelihood: -208054	(delta): 2280.72
4 (EM) 	Elapsed: 0.031	Loglikelihood: -206762	(delta): 1292.56
5 (EM) 	Elapsed: 0.034	Loglikelihood: -205858	(delta): 903.643
Initial loglikelihood: -205858
Starting main algorithm
1 (QN/Block) 	Elapsed: 0.062	Loglikelihood: -187972	(delta): 17886.6
2 (QN/Block) 	Elapsed: 0.07	Loglikelihood: -181395	(delta): 6576.9
3 (QN/Block) 	Elapsed: 0.073	Loglikelihood: -179125	(delta): 2269.67
4 (QN/Block) 	Elapsed: 0.074	Loglikelihood: -178189	(delta): 935.828
5 (QN/Block) 	Elapsed: 0.07	Loglikelihood: -177854	(delta): 335.481
6 (QN/Block) 	Elapsed: 0.071	Loglikelihood: -177758	(delta): 95.6022
7 (QN/Block) 	Elapsed: 0.069	Loglikelihood: -177749	(delta): 9.43443
8 (QN/Block) 	Elapsed: 0.075	Loglikelihood: -177748	(delta): 0.675606
9 (QN/Block) 	Elapsed: 0.073	Loglikelihood: -177748	(delta): 0.092551
10 (QN/Block) 	Elapsed: 0.081	Loglikelihood: -177748	(delta): 0.0558242
11 (QN/Block) 	Elapsed: 0.081	Loglikelihood: -177748	(delta): 0.00393591
12 (QN/Block) 	Elapsed: 0.07	Loglikelihood: -177748	(delta): 0.00168264
13 (QN/Block) 	Elapsed: 0.071	Loglikelihood: -177748	(delta): 0.000192209
14 (QN/Block) 	Elapsed: 0.07	Loglikelihood: -177748	(delta): 8.02205e-05
15 (QN/Block) 	Elapsed: 0.078	Loglikelihood: -177748	(delta): 1.9252e-05
16 (QN/Block) 	Elapsed: 0.07	Loglikelihood: -177748	(delta): 1.40677e-05
17 (QN/Block) 	Elapsed: 0.073	Loglikelihood: -177748	(delta): 4.8842e-07
18 (QN/Block) 	Elapsed: 0.068	Loglikelihood: -177748	(delta): 2.56696e-08
19 (QN/Block) 	Elapsed: 0.063	Loglikelihood: -177748	(delta): 1.01863e-09
20 (QN/Block) 	Elapsed: 0.067	Loglikelihood: -177748	(delta): 1.45519e-10
21 (QN/Block) 	Elapsed: 0.076	Loglikelihood: -177748	(delta): 5.82077e-11
22 (QN/Block) 	Elapsed: 0.078	Loglikelihood: -177748	(delta): -2.91038e-11
23 (QN/Block) 	Elapsed: 0.079	Loglikelihood: -177748	(delta): 0
24 (QN/Block) 	Elapsed: 0.083	Loglikelihood: -177748	(delta): -2.91038e-11
25 (QN/Block) 	Elapsed: 0.069	Loglikelihood: -177748	(delta): 2.91038e-11
26 (QN/Block) 	Elapsed: 0.072	Loglikelihood: -177748	(delta): -2.91038e-11
27 (QN/Block) 	Elapsed: 0.073	Loglikelihood: -177748	(delta): 2.91038e-11
28 (QN/Block) 	Elapsed: 0.08	Loglikelihood: -177748	(delta): 2.91038e-11
29 (QN/Block) 	Elapsed: 0.078	Loglikelihood: -177748	(delta): -5.82077e-11
30 (QN/Block) 	Elapsed: 0.072	Loglikelihood: -177748	(delta): -2.91038e-11
31 (QN/Block) 	Elapsed: 0.079	Loglikelihood: -177748	(delta): 2.91038e-11
32 (QN/Block) 	Elapsed: 0.078	Loglikelihood: -177748	(delta): -5.82077e-11
33 (QN/Block) 	Elapsed: 0.074	Loglikelihood: -177748	(delta): 8.73115e-11
34 (QN/Block) 	Elapsed: 0.076	Loglikelihood: -177748	(delta): -2.91038e-11
35 (QN/Block) 	Elapsed: 0.076	Loglikelihood: -177748	(delta): 2.91038e-11
36 (QN/Block) 	Elapsed: 0.087	Loglikelihood: -177748	(delta): -5.82077e-11
37 (QN/Block) 	Elapsed: 0.083	Loglikelihood: -177748	(delta): 2.91038e-11
38 (QN/Block) 	Elapsed: 0.071	Loglikelihood: -177748	(delta): -2.91038e-11
39 (QN/Block) 	Elapsed: 0.078	Loglikelihood: -177748	(delta): 5.82077e-11
40 (QN/Block) 	Elapsed: 0.08	Loglikelihood: -177748	(delta): -2.91038e-11
41 (QN/Block) 	Elapsed: 0.084	Loglikelihood: -177748	(delta): -2.91038e-11
42 (QN/Block) 	Elapsed: 0.077	Loglikelihood: -177748	(delta): -2.91038e-11
43 (QN/Block) 	Elapsed: 0.071	Loglikelihood: -177748	(delta): 2.91038e-11
44 (QN/Block) 	Elapsed: 0.081	Loglikelihood: -177748	(delta): 2.91038e-11
45 (QN/Block) 	Elapsed: 0.077	Loglikelihood: -177748	(delta): 0
46 (QN/Block) 	Elapsed: 0.084	Loglikelihood: -177748	(delta): 2.91038e-11
47 (QN/Block) 	Elapsed: 0.078	Loglikelihood: -177748	(delta): -5.82077e-11
48 (QN/Block) 	Elapsed: 0.08	Loglikelihood: -177748	(delta): 0
49 (QN/Block) 	Elapsed: 0.07	Loglikelihood: -177748	(delta): 0
50 (QN/Block) 	Elapsed: 0.069	Loglikelihood: -177748	(delta): 0
51 (QN/Block) 	Elapsed: 0.068	Loglikelihood: -177748	(delta): 2.91038e-11
52 (QN/Block) 	Elapsed: 0.077	Loglikelihood: -177748	(delta): 0
53 (QN/Block) 	Elapsed: 0.082	Loglikelihood: -177748	(delta): 0
54 (QN/Block) 	Elapsed: 0.081	Loglikelihood: -177748	(delta): 0
55 (QN/Block) 	Elapsed: 0.08	Loglikelihood: -177748	(delta): 0
56 (QN/Block) 	Elapsed: 0.083	Loglikelihood: -177748	(delta): 0
57 (QN/Block) 	Elapsed: 0.074	Loglikelihood: -177748	(delta): 0
58 (QN/Block) 	Elapsed: 0.072	Loglikelihood: -177748	(delta): 0
59 (QN/Block) 	Elapsed: 0.073	Loglikelihood: -177748	(delta): -2.91038e-11
60 (QN/Block) 	Elapsed: 0.066	Loglikelihood: -177748	(delta): 5.82077e-11
61 (QN/Block) 	Elapsed: 0.071	Loglikelihood: -177748	(delta): -2.91038e-11
62 (QN/Block) 	Elapsed: 0.067	Loglikelihood: -177748	(delta): -2.91038e-11
63 (QN/Block) 	Elapsed: 0.074	Loglikelihood: -177748	(delta): 0
64 (QN/Block) 	Elapsed: 0.076	Loglikelihood: -177748	(delta): 2.91038e-11
65 (QN/Block) 	Elapsed: 0.072	Loglikelihood: -177748	(delta): 0
66 (QN/Block) 	Elapsed: 0.075	Loglikelihood: -177748	(delta): 0
67 (QN/Block) 	Elapsed: 0.076	Loglikelihood: -177748	(delta): 2.91038e-11
68 (QN/Block) 	Elapsed: 0.082	Loglikelihood: -177748	(delta): -2.91038e-11
69 (QN/Block) 	Elapsed: 0.079	Loglikelihood: -177748	(delta): 0
70 (QN/Block) 	Elapsed: 0.082	Loglikelihood: -177748	(delta): 0
71 (QN/Block) 	Elapsed: 0.077	Loglikelihood: -177748	(delta): 0
72 (QN/Block) 	Elapsed: 0.078	Loglikelihood: -177748	(delta): 0
73 (QN/Block) 	Elapsed: 0.072	Loglikelihood: -177748	(delta): 2.91038e-11
74 (QN/Block) 	Elapsed: 0.08	Loglikelihood: -177748	(delta): -2.91038e-11
75 (QN/Block) 	Elapsed: 0.082	Loglikelihood: -177748	(delta): 0
76 (QN/Block) 	Elapsed: 0.079	Loglikelihood: -177748	(delta): 0
77 (QN/Block) 	Elapsed: 0.077	Loglikelihood: -177748	(delta): -5.82077e-11
78 (QN/Block) 	Elapsed: 0.074	Loglikelihood: -177748	(delta): 5.82077e-11
79 (QN/Block) 	Elapsed: 0.075	Loglikelihood: -177748	(delta): -5.82077e-11
80 (QN/Block) 	Elapsed: 0.077	Loglikelihood: -177748	(delta): 5.82077e-11
81 (QN/Block) 	Elapsed: 0.08	Loglikelihood: -177748	(delta): 0
82 (QN/Block) 	Elapsed: 0.077	Loglikelihood: -177748	(delta): 0
83 (QN/Block) 	Elapsed: 0.072	Loglikelihood: -177748	(delta): 0
84 (QN/Block) 	Elapsed: 0.067	Loglikelihood: -177748	(delta): 0
85 (QN/Block) 	Elapsed: 0.071	Loglikelihood: -177748	(delta): 0
86 (QN/Block) 	Elapsed: 0.074	Loglikelihood: -177748	(delta): -2.91038e-11
87 (QN/Block) 	Elapsed: 0.071	Loglikelihood: -177748	(delta): 2.91038e-11
88 (QN/Block) 	Elapsed: 0.071	Loglikelihood: -177748	(delta): 0
89 (QN/Block) 	Elapsed: 0.068	Loglikelihood: -177748	(delta): 0
90 (QN/Block) 	Elapsed: 0.067	Loglikelihood: -177748	(delta): 0
91 (QN/Block) 	Elapsed: 0.071	Loglikelihood: -177748	(delta): 0
92 (QN/Block) 	Elapsed: 0.07	Loglikelihood: -177748	(delta): 0
93 (QN/Block) 	Elapsed: 0.07	Loglikelihood: -177748	(delta): 0
94 (QN/Block) 	Elapsed: 0.069	Loglikelihood: -177748	(delta): 0
95 (QN/Block) 	Elapsed: 0.07	Loglikelihood: -177748	(delta): 0
96 (QN/Block) 	Elapsed: 0.064	Loglikelihood: -177748	(delta): 5.82077e-11
97 (QN/Block) 	Elapsed: 0.069	Loglikelihood: -177748	(delta): -5.82077e-11
98 (QN/Block) 	Elapsed: 0.07	Loglikelihood: -177748	(delta): 0
99 (QN/Block) 	Elapsed: 0.071	Loglikelihood: -177748	(delta): 0
100 (QN/Block) 	Elapsed: 0.069	Loglikelihood: -177748	(delta): -2.91038e-11
Summary: 
Converged in 100 iterations (7.843 sec)
Loglikelihood: -177747.769904
Fst divergences between estimated populations: 
	Pop0	Pop1	Pop2	
Pop0	
Pop1	0.356	
Pop2	0.373	0.050	
Pop3	0.372	0.039	0.052	
CV error (K=4): 0.22454
Writing output files.
