****                   ADMIXTURE Version 1.3.0                  ****
****                    Copyright 2008-2015                     ****
****           David Alexander, Suyash Shringarpure,            ****
****                John  Novembre, Ken Lange                   ****
****                                                            ****
****                 Please cite our paper!                     ****
****   Information at www.genetics.ucla.edu/software/admixture  ****

Parallel execution requested.  Will use 8 threads.
Cross-validation will be performed.  Folds=10.
Random seed: 43
Point estimation method: Block relaxation algorithm
Convergence acceleration algorithm: QuasiNewton, 3 secant conditions
Point estimation will terminate at 100 iterations
Estimation of standard errors disabled; will compute point estimates only.
Size of G: 335x1606
Performing five EM steps to prime main algorithm
1 (EM) 	Elapsed: 0.045	Loglikelihood: -222030	(delta): 530744
2 (EM) 	Elapsed: 0.046	Loglikelihood: -210126	(delta): 11904.8
3 (EM) 	Elapsed: 0.051	Loglikelihood: -207842	(delta): 2283.45
4 (EM) 	Elapsed: 0.05	Loglikelihood: -206606	(delta): 1236.47
5 (EM) 	Elapsed: 0.05	Loglikelihood: -205691	(delta): 914.526
Initial loglikelihood: -205691
Starting main algorithm
1 (QN/Block) 	Elapsed: 0.077	Loglikelihood: -185343	(delta): 20348.1
2 (QN/Block) 	Elapsed: 0.069	Loglikelihood: -180079	(delta): 5263.89
3 (QN/Block) 	Elapsed: 0.077	Loglikelihood: -178297	(delta): 1782.21
4 (QN/Block) 	Elapsed: 0.083	Loglikelihood: -177375	(delta): 921.851
5 (QN/Block) 	Elapsed: 0.075	Loglikelihood: -176891	(delta): 484.224
6 (QN/Block) 	Elapsed: 0.08	Loglikelihood: -176724	(delta): 167.02
7 (QN/Block) 	Elapsed: 0.08	Loglikelihood: -176670	(delta): 54.023
8 (QN/Block) 	Elapsed: 0.077	Loglikelihood: -176642	(delta): 28.0836
9 (QN/Block) 	Elapsed: 0.076	Loglikelihood: -176628	(delta): 13.7508
10 (QN/Block) 	Elapsed: 0.077	Loglikelihood: -176622	(delta): 6.26194
11 (QN/Block) 	Elapsed: 0.077	Loglikelihood: -176617	(delta): 4.43063
12 (QN/Block) 	Elapsed: 0.076	Loglikelihood: -176613	(delta): 4.16656
13 (QN/Block) 	Elapsed: 0.08	Loglikelihood: -176611	(delta): 2.08478
14 (QN/Block) 	Elapsed: 0.091	Loglikelihood: -176610	(delta): 1.46668
15 (QN/Block) 	Elapsed: 0.098	Loglikelihood: -176608	(delta): 1.70837
16 (QN/Block) 	Elapsed: 0.11	Loglikelihood: -176607	(delta): 0.959854
17 (QN/Block) 	Elapsed: 0.085	Loglikelihood: -176606	(delta): 1.32349
18 (QN/Block) 	Elapsed: 0.088	Loglikelihood: -176604	(delta): 1.57575
19 (QN/Block) 	Elapsed: 0.086	Loglikelihood: -176604	(delta): 0.561472
20 (QN/Block) 	Elapsed: 0.082	Loglikelihood: -176603	(delta): 0.899691
21 (QN/Block) 	Elapsed: 0.084	Loglikelihood: -176602	(delta): 0.543875
22 (QN/Block) 	Elapsed: 0.081	Loglikelihood: -176602	(delta): 0.186773
23 (QN/Block) 	Elapsed: 0.085	Loglikelihood: -176602	(delta): 0.0223601
24 (QN/Block) 	Elapsed: 0.084	Loglikelihood: -176602	(delta): 0.0472717
25 (QN/Block) 	Elapsed: 0.091	Loglikelihood: -176601	(delta): 0.356775
26 (QN/Block) 	Elapsed: 0.085	Loglikelihood: -176601	(delta): 0.311972
27 (QN/Block) 	Elapsed: 0.083	Loglikelihood: -176601	(delta): 0.251621
28 (QN/Block) 	Elapsed: 0.079	Loglikelihood: -176601	(delta): 0.0973617
29 (QN/Block) 	Elapsed: 0.079	Loglikelihood: -176601	(delta): 0.0304633
30 (QN/Block) 	Elapsed: 0.084	Loglikelihood: -176601	(delta): 0.00311355
31 (QN/Block) 	Elapsed: 0.078	Loglikelihood: -176601	(delta): 0.00107344
32 (QN/Block) 	Elapsed: 0.078	Loglikelihood: -176601	(delta): 0.00077313
33 (QN/Block) 	Elapsed: 0.079	Loglikelihood: -176601	(delta): 0.000130048
34 (QN/Block) 	Elapsed: 0.077	Loglikelihood: -176601	(delta): 4.36559e-05
35 (QN/Block) 	Elapsed: 0.077	Loglikelihood: -176601	(delta): 7.76205e-06
36 (QN/Block) 	Elapsed: 0.08	Loglikelihood: -176601	(delta): 1.86314e-06
37 (QN/Block) 	Elapsed: 0.078	Loglikelihood: -176601	(delta): 9.1095e-07
38 (QN/Block) 	Elapsed: 0.081	Loglikelihood: -176601	(delta): 3.22849e-07
39 (QN/Block) 	Elapsed: 0.084	Loglikelihood: -176601	(delta): 1.11002e-07
40 (QN/Block) 	Elapsed: 0.086	Loglikelihood: -176601	(delta): 4.59841e-09
41 (QN/Block) 	Elapsed: 0.086	Loglikelihood: -176601	(delta): 5.82077e-10
42 (QN/Block) 	Elapsed: 0.094	Loglikelihood: -176601	(delta): 5.82077e-11
43 (QN/Block) 	Elapsed: 0.091	Loglikelihood: -176601	(delta): 2.91038e-11
44 (QN/Block) 	Elapsed: 0.086	Loglikelihood: -176601	(delta): 0
45 (QN/Block) 	Elapsed: 0.083	Loglikelihood: -176601	(delta): 0
46 (QN/Block) 	Elapsed: 0.085	Loglikelihood: -176601	(delta): 0
47 (QN/Block) 	Elapsed: 0.083	Loglikelihood: -176601	(delta): -2.91038e-11
48 (QN/Block) 	Elapsed: 0.084	Loglikelihood: -176601	(delta): 0
49 (QN/Block) 	Elapsed: 0.082	Loglikelihood: -176601	(delta): 5.82077e-11
50 (QN/Block) 	Elapsed: 0.08	Loglikelihood: -176601	(delta): -2.91038e-11
51 (QN/Block) 	Elapsed: 0.082	Loglikelihood: -176601	(delta): 0
52 (QN/Block) 	Elapsed: 0.079	Loglikelihood: -176601	(delta): 0
53 (QN/Block) 	Elapsed: 0.085	Loglikelihood: -176601	(delta): 2.91038e-11
54 (QN/Block) 	Elapsed: 0.081	Loglikelihood: -176601	(delta): 0
55 (QN/Block) 	Elapsed: 0.079	Loglikelihood: -176601	(delta): 0
56 (QN/Block) 	Elapsed: 0.08	Loglikelihood: -176601	(delta): -2.91038e-11
57 (QN/Block) 	Elapsed: 0.08	Loglikelihood: -176601	(delta): 0
58 (QN/Block) 	Elapsed: 0.079	Loglikelihood: -176601	(delta): 0
59 (QN/Block) 	Elapsed: 0.079	Loglikelihood: -176601	(delta): -2.91038e-11
60 (QN/Block) 	Elapsed: 0.083	Loglikelihood: -176601	(delta): 5.82077e-11
61 (QN/Block) 	Elapsed: 0.078	Loglikelihood: -176601	(delta): 2.91038e-11
62 (QN/Block) 	Elapsed: 0.08	Loglikelihood: -176601	(delta): -2.91038e-11
63 (QN/Block) 	Elapsed: 0.08	Loglikelihood: -176601	(delta): -5.82077e-11
64 (QN/Block) 	Elapsed: 0.079	Loglikelihood: -176601	(delta): 2.91038e-11
65 (QN/Block) 	Elapsed: 0.078	Loglikelihood: -176601	(delta): 2.91038e-11
66 (QN/Block) 	Elapsed: 0.084	Loglikelihood: -176601	(delta): 0
67 (QN/Block) 	Elapsed: 0.082	Loglikelihood: -176601	(delta): -2.91038e-11
68 (QN/Block) 	Elapsed: 0.081	Loglikelihood: -176601	(delta): -2.91038e-11
69 (QN/Block) 	Elapsed: 0.08	Loglikelihood: -176601	(delta): 5.82077e-11
70 (QN/Block) 	Elapsed: 0.079	Loglikelihood: -176601	(delta): -2.91038e-11
71 (QN/Block) 	Elapsed: 0.078	Loglikelihood: -176601	(delta): 0
72 (QN/Block) 	Elapsed: 0.08	Loglikelihood: -176601	(delta): 2.91038e-11
73 (QN/Block) 	Elapsed: 0.079	Loglikelihood: -176601	(delta): -5.82077e-11
74 (QN/Block) 	Elapsed: 0.08	Loglikelihood: -176601	(delta): 2.91038e-11
75 (QN/Block) 	Elapsed: 0.076	Loglikelihood: -176601	(delta): -2.91038e-11
76 (QN/Block) 	Elapsed: 0.079	Loglikelihood: -176601	(delta): 2.91038e-11
77 (QN/Block) 	Elapsed: 0.078	Loglikelihood: -176601	(delta): -2.91038e-11
78 (QN/Block) 	Elapsed: 0.081	Loglikelihood: -176601	(delta): 2.91038e-11
79 (QN/Block) 	Elapsed: 0.077	Loglikelihood: -176601	(delta): 2.91038e-11
80 (QN/Block) 	Elapsed: 0.081	Loglikelihood: -176601	(delta): 0
81 (QN/Block) 	Elapsed: 0.08	Loglikelihood: -176601	(delta): -2.91038e-11
82 (QN/Block) 	Elapsed: 0.082	Loglikelihood: -176601	(delta): -5.82077e-11
83 (QN/Block) 	Elapsed: 0.08	Loglikelihood: -176601	(delta): 5.82077e-11
84 (QN/Block) 	Elapsed: 0.082	Loglikelihood: -176601	(delta): -2.91038e-11
85 (QN/Block) 	Elapsed: 0.083	Loglikelihood: -176601	(delta): 0
86 (QN/Block) 	Elapsed: 0.078	Loglikelihood: -176601	(delta): 2.91038e-11
87 (QN/Block) 	Elapsed: 0.076	Loglikelihood: -176601	(delta): -2.91038e-11
88 (QN/Block) 	Elapsed: 0.079	Loglikelihood: -176601	(delta): 2.91038e-11
89 (QN/Block) 	Elapsed: 0.08	Loglikelihood: -176601	(delta): 0
90 (QN/Block) 	Elapsed: 0.082	Loglikelihood: -176601	(delta): 0
91 (QN/Block) 	Elapsed: 0.081	Loglikelihood: -176601	(delta): 0
92 (QN/Block) 	Elapsed: 0.082	Loglikelihood: -176601	(delta): 0
93 (QN/Block) 	Elapsed: 0.079	Loglikelihood: -176601	(delta): -2.91038e-11
94 (QN/Block) 	Elapsed: 0.081	Loglikelihood: -176601	(delta): 0
95 (QN/Block) 	Elapsed: 0.079	Loglikelihood: -176601	(delta): 2.91038e-11
96 (QN/Block) 	Elapsed: 0.079	Loglikelihood: -176601	(delta): -2.91038e-11
97 (QN/Block) 	Elapsed: 0.076	Loglikelihood: -176601	(delta): 2.91038e-11
98 (QN/Block) 	Elapsed: 0.074	Loglikelihood: -176601	(delta): 0
99 (QN/Block) 	Elapsed: 0.082	Loglikelihood: -176601	(delta): 2.91038e-11
100 (QN/Block) 	Elapsed: 0.083	Loglikelihood: -176601	(delta): -2.91038e-11
Summary: 
Converged in 100 iterations (8.581 sec)
Loglikelihood: -176600.791972
Fst divergences between estimated populations: 
	Pop0	Pop1	Pop2	Pop3	Pop4	
Pop0	
Pop1	0.107	
Pop2	0.049	0.089	
Pop3	0.080	0.137	0.079	
Pop4	0.353	0.366	0.335	0.370	
Pop5	0.067	0.126	0.062	0.069	0.363	
CV error (K=6): 0.22863
Writing output files.
