****                   ADMIXTURE Version 1.3.0                  ****
****                    Copyright 2008-2015                     ****
****           David Alexander, Suyash Shringarpure,            ****
****                John  Novembre, Ken Lange                   ****
****                                                            ****
****                 Please cite our paper!                     ****
****   Information at www.genetics.ucla.edu/software/admixture  ****

Parallel execution requested.  Will use 8 threads.
Cross-validation will be performed.  Folds=10.
Random seed: 43
Point estimation method: Block relaxation algorithm
Convergence acceleration algorithm: QuasiNewton, 3 secant conditions
Point estimation will terminate at 100 iterations
Estimation of standard errors disabled; will compute point estimates only.
Size of G: 335x1606
Performing five EM steps to prime main algorithm
1 (EM) 	Elapsed: 0.097	Loglikelihood: -222163	(delta): 512897
2 (EM) 	Elapsed: 0.098	Loglikelihood: -209321	(delta): 12842.6
3 (EM) 	Elapsed: 0.104	Loglikelihood: -207342	(delta): 1978.7
4 (EM) 	Elapsed: 0.11	Loglikelihood: -206220	(delta): 1121.85
5 (EM) 	Elapsed: 0.108	Loglikelihood: -205303	(delta): 916.948
Initial loglikelihood: -205303
Starting main algorithm
1 (QN/Block) 	Elapsed: 0.132	Loglikelihood: -180958	(delta): 24345.6
2 (QN/Block) 	Elapsed: 0.132	Loglikelihood: -175638	(delta): 5319.5
3 (QN/Block) 	Elapsed: 0.125	Loglikelihood: -173686	(delta): 1952.34
4 (QN/Block) 	Elapsed: 0.141	Loglikelihood: -172596	(delta): 1089.97
5 (QN/Block) 	Elapsed: 0.139	Loglikelihood: -171844	(delta): 751.794
6 (QN/Block) 	Elapsed: 0.133	Loglikelihood: -171535	(delta): 308.732
7 (QN/Block) 	Elapsed: 0.144	Loglikelihood: -171371	(delta): 164.459
8 (QN/Block) 	Elapsed: 0.132	Loglikelihood: -171298	(delta): 73.1364
9 (QN/Block) 	Elapsed: 0.125	Loglikelihood: -171268	(delta): 29.4837
10 (QN/Block) 	Elapsed: 0.144	Loglikelihood: -171235	(delta): 33.3932
11 (QN/Block) 	Elapsed: 0.129	Loglikelihood: -171224	(delta): 10.5902
12 (QN/Block) 	Elapsed: 0.147	Loglikelihood: -171212	(delta): 12.1994
13 (QN/Block) 	Elapsed: 0.149	Loglikelihood: -171201	(delta): 10.8439
14 (QN/Block) 	Elapsed: 0.149	Loglikelihood: -171196	(delta): 5.05449
15 (QN/Block) 	Elapsed: 0.131	Loglikelihood: -171188	(delta): 8.28508
16 (QN/Block) 	Elapsed: 0.115	Loglikelihood: -171181	(delta): 7.06364
17 (QN/Block) 	Elapsed: 0.129	Loglikelihood: -171173	(delta): 7.70254
18 (QN/Block) 	Elapsed: 0.144	Loglikelihood: -171166	(delta): 6.79484
19 (QN/Block) 	Elapsed: 0.154	Loglikelihood: -171160	(delta): 6.10543
20 (QN/Block) 	Elapsed: 0.135	Loglikelihood: -171152	(delta): 8.39346
21 (QN/Block) 	Elapsed: 0.131	Loglikelihood: -171147	(delta): 4.94635
22 (QN/Block) 	Elapsed: 0.148	Loglikelihood: -171144	(delta): 2.7419
23 (QN/Block) 	Elapsed: 0.134	Loglikelihood: -171142	(delta): 2.48845
24 (QN/Block) 	Elapsed: 0.146	Loglikelihood: -171140	(delta): 1.98109
25 (QN/Block) 	Elapsed: 0.146	Loglikelihood: -171138	(delta): 1.43525
26 (QN/Block) 	Elapsed: 0.137	Loglikelihood: -171137	(delta): 1.36128
27 (QN/Block) 	Elapsed: 0.126	Loglikelihood: -171135	(delta): 1.3771
28 (QN/Block) 	Elapsed: 0.143	Loglikelihood: -171134	(delta): 1.82755
29 (QN/Block) 	Elapsed: 0.147	Loglikelihood: -171133	(delta): 0.532367
30 (QN/Block) 	Elapsed: 0.154	Loglikelihood: -171132	(delta): 0.662431
31 (QN/Block) 	Elapsed: 0.15	Loglikelihood: -171132	(delta): 0.259721
32 (QN/Block) 	Elapsed: 0.148	Loglikelihood: -171132	(delta): 0.0592224
33 (QN/Block) 	Elapsed: 0.133	Loglikelihood: -171132	(delta): 0.0698679
34 (QN/Block) 	Elapsed: 0.146	Loglikelihood: -171132	(delta): 0.0895355
35 (QN/Block) 	Elapsed: 0.148	Loglikelihood: -171132	(delta): 0.113894
36 (QN/Block) 	Elapsed: 0.139	Loglikelihood: -171132	(delta): 0.140161
37 (QN/Block) 	Elapsed: 0.15	Loglikelihood: -171131	(delta): 0.139825
38 (QN/Block) 	Elapsed: 0.144	Loglikelihood: -171131	(delta): 0.300015
39 (QN/Block) 	Elapsed: 0.146	Loglikelihood: -171131	(delta): 0.57933
40 (QN/Block) 	Elapsed: 0.131	Loglikelihood: -171130	(delta): 0.331248
41 (QN/Block) 	Elapsed: 0.127	Loglikelihood: -171130	(delta): 0.252334
42 (QN/Block) 	Elapsed: 0.153	Loglikelihood: -171130	(delta): 0.188168
43 (QN/Block) 	Elapsed: 0.149	Loglikelihood: -171130	(delta): 0.168247
44 (QN/Block) 	Elapsed: 0.142	Loglikelihood: -171129	(delta): 0.238874
45 (QN/Block) 	Elapsed: 0.148	Loglikelihood: -171129	(delta): 0.109218
46 (QN/Block) 	Elapsed: 0.16	Loglikelihood: -171129	(delta): 0.144253
47 (QN/Block) 	Elapsed: 0.129	Loglikelihood: -171129	(delta): 0.164899
48 (QN/Block) 	Elapsed: 0.137	Loglikelihood: -171129	(delta): 0.0619272
49 (QN/Block) 	Elapsed: 0.145	Loglikelihood: -171129	(delta): 0.0726418
50 (QN/Block) 	Elapsed: 0.15	Loglikelihood: -171129	(delta): 0.138909
51 (QN/Block) 	Elapsed: 0.149	Loglikelihood: -171129	(delta): 0.181513
52 (QN/Block) 	Elapsed: 0.134	Loglikelihood: -171128	(delta): 0.193698
53 (QN/Block) 	Elapsed: 0.131	Loglikelihood: -171128	(delta): 0.185735
54 (QN/Block) 	Elapsed: 0.129	Loglikelihood: -171128	(delta): 0.569633
55 (QN/Block) 	Elapsed: 0.137	Loglikelihood: -171127	(delta): 0.366447
56 (QN/Block) 	Elapsed: 0.138	Loglikelihood: -171127	(delta): 0.456376
57 (QN/Block) 	Elapsed: 0.137	Loglikelihood: -171126	(delta): 0.886666
58 (QN/Block) 	Elapsed: 0.147	Loglikelihood: -171125	(delta): 0.516154
59 (QN/Block) 	Elapsed: 0.129	Loglikelihood: -171125	(delta): 0.596511
60 (QN/Block) 	Elapsed: 0.143	Loglikelihood: -171124	(delta): 0.545438
61 (QN/Block) 	Elapsed: 0.122	Loglikelihood: -171124	(delta): 0.64106
62 (QN/Block) 	Elapsed: 0.132	Loglikelihood: -171123	(delta): 0.928208
63 (QN/Block) 	Elapsed: 0.117	Loglikelihood: -171122	(delta): 0.5322
64 (QN/Block) 	Elapsed: 0.113	Loglikelihood: -171122	(delta): 0.440434
65 (QN/Block) 	Elapsed: 0.122	Loglikelihood: -171121	(delta): 0.321119
66 (QN/Block) 	Elapsed: 0.118	Loglikelihood: -171121	(delta): 0.189308
67 (QN/Block) 	Elapsed: 0.123	Loglikelihood: -171121	(delta): 0.426018
68 (QN/Block) 	Elapsed: 0.118	Loglikelihood: -171120	(delta): 0.339399
69 (QN/Block) 	Elapsed: 0.114	Loglikelihood: -171118	(delta): 2.68029
70 (QN/Block) 	Elapsed: 0.138	Loglikelihood: -171116	(delta): 2.20783
71 (QN/Block) 	Elapsed: 0.137	Loglikelihood: -171114	(delta): 1.15314
72 (QN/Block) 	Elapsed: 0.137	Loglikelihood: -171113	(delta): 0.987748
73 (QN/Block) 	Elapsed: 0.133	Loglikelihood: -171112	(delta): 1.80044
74 (QN/Block) 	Elapsed: 0.125	Loglikelihood: -171109	(delta): 2.09539
75 (QN/Block) 	Elapsed: 0.135	Loglikelihood: -171106	(delta): 3.56906
76 (QN/Block) 	Elapsed: 0.121	Loglikelihood: -171102	(delta): 3.5357
77 (QN/Block) 	Elapsed: 0.114	Loglikelihood: -171100	(delta): 1.96482
78 (QN/Block) 	Elapsed: 0.125	Loglikelihood: -171097	(delta): 3.18962
79 (QN/Block) 	Elapsed: 0.122	Loglikelihood: -171096	(delta): 1.40886
80 (QN/Block) 	Elapsed: 0.118	Loglikelihood: -171095	(delta): 0.592456
81 (QN/Block) 	Elapsed: 0.118	Loglikelihood: -171095	(delta): 0.598995
82 (QN/Block) 	Elapsed: 0.117	Loglikelihood: -171094	(delta): 0.6237
83 (QN/Block) 	Elapsed: 0.113	Loglikelihood: -171091	(delta): 2.9769
84 (QN/Block) 	Elapsed: 0.142	Loglikelihood: -171087	(delta): 3.94234
85 (QN/Block) 	Elapsed: 0.142	Loglikelihood: -171085	(delta): 2.53922
86 (QN/Block) 	Elapsed: 0.146	Loglikelihood: -171083	(delta): 1.84756
87 (QN/Block) 	Elapsed: 0.137	Loglikelihood: -171077	(delta): 5.3222
88 (QN/Block) 	Elapsed: 0.116	Loglikelihood: -171075	(delta): 2.17778
89 (QN/Block) 	Elapsed: 0.135	Loglikelihood: -171074	(delta): 0.874689
90 (QN/Block) 	Elapsed: 0.144	Loglikelihood: -171074	(delta): 0.388882
91 (QN/Block) 	Elapsed: 0.138	Loglikelihood: -171074	(delta): 0.405587
92 (QN/Block) 	Elapsed: 0.149	Loglikelihood: -171073	(delta): 0.691021
93 (QN/Block) 	Elapsed: 0.137	Loglikelihood: -171072	(delta): 1.0404
94 (QN/Block) 	Elapsed: 0.122	Loglikelihood: -171070	(delta): 1.31042
95 (QN/Block) 	Elapsed: 0.127	Loglikelihood: -171070	(delta): 0.55404
96 (QN/Block) 	Elapsed: 0.117	Loglikelihood: -171070	(delta): 0.31081
97 (QN/Block) 	Elapsed: 0.124	Loglikelihood: -171069	(delta): 0.357714
98 (QN/Block) 	Elapsed: 0.118	Loglikelihood: -171069	(delta): 0.247999
99 (QN/Block) 	Elapsed: 0.119	Loglikelihood: -171069	(delta): 0.173452
100 (QN/Block) 	Elapsed: 0.118	Loglikelihood: -171069	(delta): 0.152916
Summary: 
Converged in 100 iterations (14.319 sec)
Loglikelihood: -171068.674387
Fst divergences between estimated populations: 
	Pop0	Pop1	Pop2	Pop3	Pop4	Pop5	Pop6	Pop7	Pop8	
Pop0	
Pop1	0.412	
Pop2	0.361	0.139	
Pop3	0.364	0.139	0.059	
Pop4	0.380	0.158	0.053	0.069	
Pop5	0.386	0.178	0.074	0.084	0.074	
Pop6	0.136	0.437	0.394	0.393	0.410	0.415	
Pop7	0.395	0.205	0.105	0.107	0.099	0.096	0.426	
Pop8	0.395	0.209	0.133	0.130	0.141	0.160	0.424	0.175	
Pop9	0.390	0.184	0.088	0.096	0.085	0.057	0.418	0.105	0.172	
CV error (K=10): 0.23304
Writing output files.
