****                   ADMIXTURE Version 1.3.0                  ****
****                    Copyright 2008-2015                     ****
****           David Alexander, Suyash Shringarpure,            ****
****                John  Novembre, Ken Lange                   ****
****                                                            ****
****                 Please cite our paper!                     ****
****   Information at www.genetics.ucla.edu/software/admixture  ****

Parallel execution requested.  Will use 8 threads.
Cross-validation will be performed.  Folds=10.
Random seed: 43
Point estimation method: Block relaxation algorithm
Convergence acceleration algorithm: QuasiNewton, 3 secant conditions
Point estimation will terminate at 100 iterations
Estimation of standard errors disabled; will compute point estimates only.
Size of G: 557x751
Performing five EM steps to prime main algorithm
1 (EM) 	Elapsed: 0.045	Loglikelihood: -234299	(delta): 317309
2 (EM) 	Elapsed: 0.048	Loglikelihood: -223341	(delta): 10958.1
3 (EM) 	Elapsed: 0.047	Loglikelihood: -220441	(delta): 2900.16
4 (EM) 	Elapsed: 0.049	Loglikelihood: -216805	(delta): 3635.65
5 (EM) 	Elapsed: 0.046	Loglikelihood: -210389	(delta): 6416.75
Initial loglikelihood: -210389
Starting main algorithm
1 (QN/Block) 	Elapsed: 0.065	Loglikelihood: -52096	(delta): 158293
2 (QN/Block) 	Elapsed: 0.064	Loglikelihood: -44996.8	(delta): 7099.15
3 (QN/Block) 	Elapsed: 0.071	Loglikelihood: -43017.7	(delta): 1979.14
4 (QN/Block) 	Elapsed: 0.07	Loglikelihood: -41617.8	(delta): 1399.87
5 (QN/Block) 	Elapsed: 0.073	Loglikelihood: -40777.3	(delta): 840.497
6 (QN/Block) 	Elapsed: 0.074	Loglikelihood: -40435.2	(delta): 342.079
7 (QN/Block) 	Elapsed: 0.067	Loglikelihood: -40314	(delta): 121.249
8 (QN/Block) 	Elapsed: 0.067	Loglikelihood: -40271	(delta): 42.9994
9 (QN/Block) 	Elapsed: 0.068	Loglikelihood: -40255.3	(delta): 15.6561
10 (QN/Block) 	Elapsed: 0.065	Loglikelihood: -40246.9	(delta): 8.4276
11 (QN/Block) 	Elapsed: 0.066	Loglikelihood: -40244	(delta): 2.85235
12 (QN/Block) 	Elapsed: 0.072	Loglikelihood: -40242.9	(delta): 1.09452
13 (QN/Block) 	Elapsed: 0.068	Loglikelihood: -40242.7	(delta): 0.227234
14 (QN/Block) 	Elapsed: 0.071	Loglikelihood: -40242.4	(delta): 0.337734
15 (QN/Block) 	Elapsed: 0.071	Loglikelihood: -40242.1	(delta): 0.243207
16 (QN/Block) 	Elapsed: 0.074	Loglikelihood: -40241.9	(delta): 0.269214
17 (QN/Block) 	Elapsed: 0.073	Loglikelihood: -40241.8	(delta): 0.0197775
18 (QN/Block) 	Elapsed: 0.067	Loglikelihood: -40241.8	(delta): 0.0213693
19 (QN/Block) 	Elapsed: 0.074	Loglikelihood: -40241.8	(delta): 0.00226151
20 (QN/Block) 	Elapsed: 0.075	Loglikelihood: -40241.8	(delta): 0.00277687
21 (QN/Block) 	Elapsed: 0.066	Loglikelihood: -40241.8	(delta): 0.000787503
22 (QN/Block) 	Elapsed: 0.071	Loglikelihood: -40241.8	(delta): 0.000255151
23 (QN/Block) 	Elapsed: 0.071	Loglikelihood: -40241.8	(delta): 0.000159588
24 (QN/Block) 	Elapsed: 0.066	Loglikelihood: -40241.8	(delta): 0.000150011
25 (QN/Block) 	Elapsed: 0.069	Loglikelihood: -40241.8	(delta): 3.06718e-07
26 (QN/Block) 	Elapsed: 0.068	Loglikelihood: -40241.8	(delta): 2.56841e-09
27 (QN/Block) 	Elapsed: 0.066	Loglikelihood: -40241.8	(delta): 1.06957e-09
28 (QN/Block) 	Elapsed: 0.072	Loglikelihood: -40241.8	(delta): 1.14233e-09
29 (QN/Block) 	Elapsed: 0.069	Loglikelihood: -40241.8	(delta): 1.16415e-10
30 (QN/Block) 	Elapsed: 0.069	Loglikelihood: -40241.8	(delta): 4.36557e-11
31 (QN/Block) 	Elapsed: 0.073	Loglikelihood: -40241.8	(delta): 7.27596e-11
32 (QN/Block) 	Elapsed: 0.075	Loglikelihood: -40241.8	(delta): -2.18279e-11
33 (QN/Block) 	Elapsed: 0.073	Loglikelihood: -40241.8	(delta): 5.82077e-11
34 (QN/Block) 	Elapsed: 0.082	Loglikelihood: -40241.8	(delta): 1.16415e-10
35 (QN/Block) 	Elapsed: 0.069	Loglikelihood: -40241.8	(delta): -5.82077e-11
36 (QN/Block) 	Elapsed: 0.078	Loglikelihood: -40241.8	(delta): 8.00355e-11
37 (QN/Block) 	Elapsed: 0.071	Loglikelihood: -40241.8	(delta): 1.30967e-10
38 (QN/Block) 	Elapsed: 0.075	Loglikelihood: -40241.8	(delta): 2.18279e-11
39 (QN/Block) 	Elapsed: 0.076	Loglikelihood: -40241.8	(delta): 7.27596e-12
40 (QN/Block) 	Elapsed: 0.071	Loglikelihood: -40241.8	(delta): -4.36557e-11
41 (QN/Block) 	Elapsed: 0.074	Loglikelihood: -40241.8	(delta): 0
42 (QN/Block) 	Elapsed: 0.074	Loglikelihood: -40241.8	(delta): -3.63798e-11
43 (QN/Block) 	Elapsed: 0.072	Loglikelihood: -40241.8	(delta): 1.01863e-10
44 (QN/Block) 	Elapsed: 0.079	Loglikelihood: -40241.8	(delta): -7.27596e-12
45 (QN/Block) 	Elapsed: 0.069	Loglikelihood: -40241.8	(delta): -1.45519e-11
46 (QN/Block) 	Elapsed: 0.074	Loglikelihood: -40241.8	(delta): 7.27596e-12
47 (QN/Block) 	Elapsed: 0.081	Loglikelihood: -40241.8	(delta): 3.63798e-11
48 (QN/Block) 	Elapsed: 0.076	Loglikelihood: -40241.8	(delta): -1.45519e-11
49 (QN/Block) 	Elapsed: 0.077	Loglikelihood: -40241.8	(delta): 0
50 (QN/Block) 	Elapsed: 0.072	Loglikelihood: -40241.8	(delta): 2.18279e-11
51 (QN/Block) 	Elapsed: 0.071	Loglikelihood: -40241.8	(delta): 6.54836e-11
52 (QN/Block) 	Elapsed: 0.073	Loglikelihood: -40241.8	(delta): 6.54836e-11
53 (QN/Block) 	Elapsed: 0.075	Loglikelihood: -40241.8	(delta): 2.91038e-11
54 (QN/Block) 	Elapsed: 0.077	Loglikelihood: -40241.8	(delta): 2.18279e-11
55 (QN/Block) 	Elapsed: 0.075	Loglikelihood: -40241.8	(delta): 4.36557e-11
56 (QN/Block) 	Elapsed: 0.075	Loglikelihood: -40241.8	(delta): 0
57 (QN/Block) 	Elapsed: 0.073	Loglikelihood: -40241.8	(delta): 8.00355e-11
58 (QN/Block) 	Elapsed: 0.073	Loglikelihood: -40241.8	(delta): -2.18279e-11
59 (QN/Block) 	Elapsed: 0.084	Loglikelihood: -40241.8	(delta): 7.27596e-12
60 (QN/Block) 	Elapsed: 0.094	Loglikelihood: -40241.8	(delta): -2.18279e-11
61 (QN/Block) 	Elapsed: 0.083	Loglikelihood: -40241.8	(delta): -8.00355e-11
62 (QN/Block) 	Elapsed: 0.079	Loglikelihood: -40241.8	(delta): 7.27596e-11
63 (QN/Block) 	Elapsed: 0.079	Loglikelihood: -40241.8	(delta): 2.18279e-11
64 (QN/Block) 	Elapsed: 0.082	Loglikelihood: -40241.8	(delta): 1.45519e-11
65 (QN/Block) 	Elapsed: 0.083	Loglikelihood: -40241.8	(delta): -8.73115e-11
66 (QN/Block) 	Elapsed: 0.079	Loglikelihood: -40241.8	(delta): 5.09317e-11
67 (QN/Block) 	Elapsed: 0.087	Loglikelihood: -40241.8	(delta): 1.09139e-10
68 (QN/Block) 	Elapsed: 0.078	Loglikelihood: -40241.8	(delta): -3.63798e-11
69 (QN/Block) 	Elapsed: 0.083	Loglikelihood: -40241.8	(delta): 0
70 (QN/Block) 	Elapsed: 0.082	Loglikelihood: -40241.8	(delta): 4.36557e-11
71 (QN/Block) 	Elapsed: 0.091	Loglikelihood: -40241.8	(delta): 0
72 (QN/Block) 	Elapsed: 0.088	Loglikelihood: -40241.8	(delta): 1.45519e-11
73 (QN/Block) 	Elapsed: 0.088	Loglikelihood: -40241.8	(delta): -1.45519e-11
74 (QN/Block) 	Elapsed: 0.082	Loglikelihood: -40241.8	(delta): -1.45519e-11
75 (QN/Block) 	Elapsed: 0.079	Loglikelihood: -40241.8	(delta): -4.36557e-11
76 (QN/Block) 	Elapsed: 0.084	Loglikelihood: -40241.8	(delta): 9.45874e-11
77 (QN/Block) 	Elapsed: 0.081	Loglikelihood: -40241.8	(delta): -7.27596e-12
78 (QN/Block) 	Elapsed: 0.084	Loglikelihood: -40241.8	(delta): 2.18279e-11
79 (QN/Block) 	Elapsed: 0.09	Loglikelihood: -40241.8	(delta): -4.36557e-11
80 (QN/Block) 	Elapsed: 0.075	Loglikelihood: -40241.8	(delta): 2.18279e-11
81 (QN/Block) 	Elapsed: 0.075	Loglikelihood: -40241.8	(delta): -6.54836e-11
82 (QN/Block) 	Elapsed: 0.089	Loglikelihood: -40241.8	(delta): 2.91038e-11
83 (QN/Block) 	Elapsed: 0.077	Loglikelihood: -40241.8	(delta): -2.18279e-11
84 (QN/Block) 	Elapsed: 0.084	Loglikelihood: -40241.8	(delta): -2.18279e-11
85 (QN/Block) 	Elapsed: 0.084	Loglikelihood: -40241.8	(delta): -2.18279e-11
86 (QN/Block) 	Elapsed: 0.075	Loglikelihood: -40241.8	(delta): 1.30967e-10
87 (QN/Block) 	Elapsed: 0.08	Loglikelihood: -40241.8	(delta): 1.45519e-11
88 (QN/Block) 	Elapsed: 0.08	Loglikelihood: -40241.8	(delta): 2.91038e-11
89 (QN/Block) 	Elapsed: 0.076	Loglikelihood: -40241.8	(delta): -8.73115e-11
90 (QN/Block) 	Elapsed: 0.078	Loglikelihood: -40241.8	(delta): 1.45519e-11
91 (QN/Block) 	Elapsed: 0.073	Loglikelihood: -40241.8	(delta): 1.09139e-10
92 (QN/Block) 	Elapsed: 0.077	Loglikelihood: -40241.8	(delta): -4.36557e-11
93 (QN/Block) 	Elapsed: 0.08	Loglikelihood: -40241.8	(delta): -5.82077e-11
94 (QN/Block) 	Elapsed: 0.077	Loglikelihood: -40241.8	(delta): 1.45519e-11
95 (QN/Block) 	Elapsed: 0.082	Loglikelihood: -40241.8	(delta): 0
96 (QN/Block) 	Elapsed: 0.083	Loglikelihood: -40241.8	(delta): -5.09317e-11
97 (QN/Block) 	Elapsed: 0.086	Loglikelihood: -40241.8	(delta): 6.54836e-11
98 (QN/Block) 	Elapsed: 0.076	Loglikelihood: -40241.8	(delta): -7.27596e-12
99 (QN/Block) 	Elapsed: 0.074	Loglikelihood: -40241.8	(delta): -6.54836e-11
100 (QN/Block) 	Elapsed: 0.073	Loglikelihood: -40241.8	(delta): 1.01863e-10
Summary: 
Converged in 100 iterations (8.016 sec)
Loglikelihood: -40241.814131
Fst divergences between estimated populations: 
	Pop0	Pop1	Pop2	Pop3	Pop4	Pop5	Pop6	
Pop0	
Pop1	0.828	
Pop2	0.859	0.309	
Pop3	0.486	0.866	0.901	
Pop4	0.883	0.848	0.901	0.922	
Pop5	0.872	0.829	0.880	0.912	0.496	
Pop6	0.369	0.859	0.888	0.600	0.897	0.885	
Pop7	0.823	0.113	0.347	0.861	0.840	0.821	0.854	
CV error (K=8): 0.07422
Writing output files.
