****                   ADMIXTURE Version 1.3.0                  ****
****                    Copyright 2008-2015                     ****
****           David Alexander, Suyash Shringarpure,            ****
****                John  Novembre, Ken Lange                   ****
****                                                            ****
****                 Please cite our paper!                     ****
****   Information at www.genetics.ucla.edu/software/admixture  ****

Parallel execution requested.  Will use 8 threads.
Cross-validation will be performed.  Folds=10.
Random seed: 43
Point estimation method: Block relaxation algorithm
Convergence acceleration algorithm: QuasiNewton, 3 secant conditions
Point estimation will terminate at 100 iterations
Estimation of standard errors disabled; will compute point estimates only.
Size of G: 557x751
Performing five EM steps to prime main algorithm
1 (EM) 	Elapsed: 0.057	Loglikelihood: -233404	(delta): 315090
2 (EM) 	Elapsed: 0.063	Loglikelihood: -222369	(delta): 11034.5
3 (EM) 	Elapsed: 0.062	Loglikelihood: -218420	(delta): 3949.24
4 (EM) 	Elapsed: 0.06	Loglikelihood: -212314	(delta): 6105.7
5 (EM) 	Elapsed: 0.059	Loglikelihood: -200034	(delta): 12280.4
Initial loglikelihood: -200034
Starting main algorithm
1 (QN/Block) 	Elapsed: 0.069	Loglikelihood: -53500.6	(delta): 146533
2 (QN/Block) 	Elapsed: 0.07	Loglikelihood: -44687.7	(delta): 8812.88
3 (QN/Block) 	Elapsed: 0.08	Loglikelihood: -42400.9	(delta): 2286.83
4 (QN/Block) 	Elapsed: 0.072	Loglikelihood: -40903.5	(delta): 1497.39
5 (QN/Block) 	Elapsed: 0.075	Loglikelihood: -40191.4	(delta): 712.048
6 (QN/Block) 	Elapsed: 0.089	Loglikelihood: -39943.9	(delta): 247.574
7 (QN/Block) 	Elapsed: 0.077	Loglikelihood: -39871.8	(delta): 72.0438
8 (QN/Block) 	Elapsed: 0.077	Loglikelihood: -39838.6	(delta): 33.2542
9 (QN/Block) 	Elapsed: 0.085	Loglikelihood: -39813.6	(delta): 25.0096
10 (QN/Block) 	Elapsed: 0.08	Loglikelihood: -39807	(delta): 6.59664
11 (QN/Block) 	Elapsed: 0.083	Loglikelihood: -39804.8	(delta): 2.14249
12 (QN/Block) 	Elapsed: 0.083	Loglikelihood: -39802.7	(delta): 2.12844
13 (QN/Block) 	Elapsed: 0.079	Loglikelihood: -39799.2	(delta): 3.48987
14 (QN/Block) 	Elapsed: 0.075	Loglikelihood: -39798.3	(delta): 0.878674
15 (QN/Block) 	Elapsed: 0.076	Loglikelihood: -39797.7	(delta): 0.583316
16 (QN/Block) 	Elapsed: 0.079	Loglikelihood: -39797.2	(delta): 0.523154
17 (QN/Block) 	Elapsed: 0.085	Loglikelihood: -39797.1	(delta): 0.109734
18 (QN/Block) 	Elapsed: 0.083	Loglikelihood: -39797	(delta): 0.138803
19 (QN/Block) 	Elapsed: 0.08	Loglikelihood: -39796.6	(delta): 0.417334
20 (QN/Block) 	Elapsed: 0.087	Loglikelihood: -39796.1	(delta): 0.413854
21 (QN/Block) 	Elapsed: 0.086	Loglikelihood: -39796.1	(delta): 0.0640949
22 (QN/Block) 	Elapsed: 0.087	Loglikelihood: -39796	(delta): 0.0875905
23 (QN/Block) 	Elapsed: 0.089	Loglikelihood: -39795.9	(delta): 0.126946
24 (QN/Block) 	Elapsed: 0.084	Loglikelihood: -39795.7	(delta): 0.203797
25 (QN/Block) 	Elapsed: 0.083	Loglikelihood: -39795.4	(delta): 0.289914
26 (QN/Block) 	Elapsed: 0.079	Loglikelihood: -39795.2	(delta): 0.197442
27 (QN/Block) 	Elapsed: 0.079	Loglikelihood: -39795	(delta): 0.206127
28 (QN/Block) 	Elapsed: 0.083	Loglikelihood: -39794.6	(delta): 0.384966
29 (QN/Block) 	Elapsed: 0.089	Loglikelihood: -39793.7	(delta): 0.829292
30 (QN/Block) 	Elapsed: 0.088	Loglikelihood: -39793.3	(delta): 0.478233
31 (QN/Block) 	Elapsed: 0.084	Loglikelihood: -39793	(delta): 0.267872
32 (QN/Block) 	Elapsed: 0.082	Loglikelihood: -39792.8	(delta): 0.190468
33 (QN/Block) 	Elapsed: 0.078	Loglikelihood: -39792.5	(delta): 0.345548
34 (QN/Block) 	Elapsed: 0.085	Loglikelihood: -39791.9	(delta): 0.538503
35 (QN/Block) 	Elapsed: 0.084	Loglikelihood: -39791.6	(delta): 0.359913
36 (QN/Block) 	Elapsed: 0.087	Loglikelihood: -39791.2	(delta): 0.38106
37 (QN/Block) 	Elapsed: 0.082	Loglikelihood: -39790.8	(delta): 0.390213
38 (QN/Block) 	Elapsed: 0.083	Loglikelihood: -39790.2	(delta): 0.557956
39 (QN/Block) 	Elapsed: 0.085	Loglikelihood: -39789.2	(delta): 1.05137
40 (QN/Block) 	Elapsed: 0.08	Loglikelihood: -39788.4	(delta): 0.823631
41 (QN/Block) 	Elapsed: 0.086	Loglikelihood: -39788.2	(delta): 0.158928
42 (QN/Block) 	Elapsed: 0.085	Loglikelihood: -39788.1	(delta): 0.117196
43 (QN/Block) 	Elapsed: 0.08	Loglikelihood: -39788	(delta): 0.0535737
44 (QN/Block) 	Elapsed: 0.08	Loglikelihood: -39788	(delta): 0.0153924
45 (QN/Block) 	Elapsed: 0.081	Loglikelihood: -39788	(delta): 0.00266286
46 (QN/Block) 	Elapsed: 0.08	Loglikelihood: -39788	(delta): 0.0130388
47 (QN/Block) 	Elapsed: 0.083	Loglikelihood: -39788	(delta): 0.00667016
48 (QN/Block) 	Elapsed: 0.094	Loglikelihood: -39788	(delta): 0.00611122
49 (QN/Block) 	Elapsed: 0.086	Loglikelihood: -39788	(delta): 0.00825955
50 (QN/Block) 	Elapsed: 0.083	Loglikelihood: -39788	(delta): 0.00866524
51 (QN/Block) 	Elapsed: 0.087	Loglikelihood: -39788	(delta): 0.00911517
52 (QN/Block) 	Elapsed: 0.088	Loglikelihood: -39788	(delta): 0.0113231
53 (QN/Block) 	Elapsed: 0.088	Loglikelihood: -39787.9	(delta): 0.0134447
54 (QN/Block) 	Elapsed: 0.089	Loglikelihood: -39787.9	(delta): 0.0168327
55 (QN/Block) 	Elapsed: 0.083	Loglikelihood: -39787.9	(delta): 0.0318311
56 (QN/Block) 	Elapsed: 0.082	Loglikelihood: -39787.9	(delta): 0.0225436
57 (QN/Block) 	Elapsed: 0.081	Loglikelihood: -39787.9	(delta): 0.0011968
58 (QN/Block) 	Elapsed: 0.078	Loglikelihood: -39787.9	(delta): 0.00107962
59 (QN/Block) 	Elapsed: 0.077	Loglikelihood: -39787.9	(delta): 8.10146e-05
60 (QN/Block) 	Elapsed: 0.078	Loglikelihood: -39787.9	(delta): 3.73117e-05
61 (QN/Block) 	Elapsed: 0.077	Loglikelihood: -39787.9	(delta): 6.47155e-06
62 (QN/Block) 	Elapsed: 0.078	Loglikelihood: -39787.9	(delta): 1.57879e-06
63 (QN/Block) 	Elapsed: 0.077	Loglikelihood: -39787.9	(delta): 3.3895e-07
64 (QN/Block) 	Elapsed: 0.077	Loglikelihood: -39787.9	(delta): 4.87635e-08
65 (QN/Block) 	Elapsed: 0.076	Loglikelihood: -39787.9	(delta): 1.47338e-08
66 (QN/Block) 	Elapsed: 0.085	Loglikelihood: -39787.9	(delta): 1.5134e-09
67 (QN/Block) 	Elapsed: 0.081	Loglikelihood: -39787.9	(delta): 5.31145e-10
68 (QN/Block) 	Elapsed: 0.08	Loglikelihood: -39787.9	(delta): 1.60071e-10
69 (QN/Block) 	Elapsed: 0.081	Loglikelihood: -39787.9	(delta): 1.96451e-10
70 (QN/Block) 	Elapsed: 0.077	Loglikelihood: -39787.9	(delta): 8.00355e-11
71 (QN/Block) 	Elapsed: 0.077	Loglikelihood: -39787.9	(delta): 3.0559e-10
72 (QN/Block) 	Elapsed: 0.078	Loglikelihood: -39787.9	(delta): -3.63798e-11
73 (QN/Block) 	Elapsed: 0.078	Loglikelihood: -39787.9	(delta): 5.09317e-11
74 (QN/Block) 	Elapsed: 0.076	Loglikelihood: -39787.9	(delta): 1.45519e-11
75 (QN/Block) 	Elapsed: 0.082	Loglikelihood: -39787.9	(delta): 5.09317e-11
76 (QN/Block) 	Elapsed: 0.08	Loglikelihood: -39787.9	(delta): 2.40107e-10
77 (QN/Block) 	Elapsed: 0.081	Loglikelihood: -39787.9	(delta): 1.38243e-10
78 (QN/Block) 	Elapsed: 0.09	Loglikelihood: -39787.9	(delta): 6.54836e-11
79 (QN/Block) 	Elapsed: 0.079	Loglikelihood: -39787.9	(delta): -2.91038e-11
80 (QN/Block) 	Elapsed: 0.08	Loglikelihood: -39787.9	(delta): 1.09139e-10
81 (QN/Block) 	Elapsed: 0.083	Loglikelihood: -39787.9	(delta): 5.82077e-11
82 (QN/Block) 	Elapsed: 0.077	Loglikelihood: -39787.9	(delta): -8.00355e-11
83 (QN/Block) 	Elapsed: 0.085	Loglikelihood: -39787.9	(delta): 3.63798e-11
84 (QN/Block) 	Elapsed: 0.089	Loglikelihood: -39787.9	(delta): 2.91038e-11
85 (QN/Block) 	Elapsed: 0.077	Loglikelihood: -39787.9	(delta): 2.91038e-11
86 (QN/Block) 	Elapsed: 0.077	Loglikelihood: -39787.9	(delta): 1.38243e-10
87 (QN/Block) 	Elapsed: 0.081	Loglikelihood: -39787.9	(delta): -1.45519e-11
88 (QN/Block) 	Elapsed: 0.086	Loglikelihood: -39787.9	(delta): 1.38243e-10
89 (QN/Block) 	Elapsed: 0.084	Loglikelihood: -39787.9	(delta): -1.38243e-10
90 (QN/Block) 	Elapsed: 0.098	Loglikelihood: -39787.9	(delta): -1.45519e-11
91 (QN/Block) 	Elapsed: 0.084	Loglikelihood: -39787.9	(delta): -7.27596e-12
92 (QN/Block) 	Elapsed: 0.083	Loglikelihood: -39787.9	(delta): 1.60071e-10
93 (QN/Block) 	Elapsed: 0.086	Loglikelihood: -39787.9	(delta): -1.09139e-10
94 (QN/Block) 	Elapsed: 0.084	Loglikelihood: -39787.9	(delta): 1.16415e-10
95 (QN/Block) 	Elapsed: 0.089	Loglikelihood: -39787.9	(delta): 2.11003e-10
96 (QN/Block) 	Elapsed: 0.09	Loglikelihood: -39787.9	(delta): -5.82077e-11
97 (QN/Block) 	Elapsed: 0.085	Loglikelihood: -39787.9	(delta): 2.11003e-10
98 (QN/Block) 	Elapsed: 0.083	Loglikelihood: -39787.9	(delta): 4.36557e-10
99 (QN/Block) 	Elapsed: 0.083	Loglikelihood: -39787.9	(delta): 2.91038e-11
100 (QN/Block) 	Elapsed: 0.082	Loglikelihood: -39787.9	(delta): 1.38243e-10
Summary: 
Converged in 100 iterations (8.707 sec)
Loglikelihood: -39787.865947
Fst divergences between estimated populations: 
	Pop0	Pop1	Pop2	Pop3	Pop4	Pop5	Pop6	Pop7	
Pop0	
Pop1	0.359	
Pop2	0.877	0.846	
Pop3	0.897	0.866	0.496	
Pop4	0.315	0.178	0.821	0.841	
Pop5	0.886	0.868	0.885	0.897	0.853	
Pop6	0.903	0.881	0.914	0.924	0.864	0.593	
Pop7	0.328	0.147	0.832	0.852	0.118	0.861	0.873	
Pop8	0.858	0.838	0.872	0.883	0.823	0.358	0.491	0.831	
CV error (K=9): 0.07625
Writing output files.
