****                   ADMIXTURE Version 1.3.0                  ****
****                    Copyright 2008-2015                     ****
****           David Alexander, Suyash Shringarpure,            ****
****                John  Novembre, Ken Lange                   ****
****                                                            ****
****                 Please cite our paper!                     ****
****   Information at www.genetics.ucla.edu/software/admixture  ****

Parallel execution requested.  Will use 8 threads.
Cross-validation will be performed.  Folds=10.
Random seed: 43
Point estimation method: Block relaxation algorithm
Convergence acceleration algorithm: QuasiNewton, 3 secant conditions
Point estimation will terminate at 100 iterations
Estimation of standard errors disabled; will compute point estimates only.
Size of G: 335x1606
Performing five EM steps to prime main algorithm
1 (EM) 	Elapsed: 0.03	Loglikelihood: -216157	(delta): 566596
2 (EM) 	Elapsed: 0.03	Loglikelihood: -204942	(delta): 11215.4
3 (EM) 	Elapsed: 0.033	Loglikelihood: -202922	(delta): 2019.44
4 (EM) 	Elapsed: 0.031	Loglikelihood: -201715	(delta): 1207.11
5 (EM) 	Elapsed: 0.033	Loglikelihood: -200861	(delta): 854.065
Initial loglikelihood: -200861
Starting main algorithm
1 (QN/Block) 	Elapsed: 0.066	Loglikelihood: -183595	(delta): 17265.7
2 (QN/Block) 	Elapsed: 0.066	Loglikelihood: -178020	(delta): 5575.09
3 (QN/Block) 	Elapsed: 0.073	Loglikelihood: -176254	(delta): 1766.5
4 (QN/Block) 	Elapsed: 0.07	Loglikelihood: -175032	(delta): 1221.45
5 (QN/Block) 	Elapsed: 0.066	Loglikelihood: -174719	(delta): 313.605
6 (QN/Block) 	Elapsed: 0.063	Loglikelihood: -174598	(delta): 120.798
7 (QN/Block) 	Elapsed: 0.065	Loglikelihood: -174587	(delta): 10.792
8 (QN/Block) 	Elapsed: 0.062	Loglikelihood: -174586	(delta): 1.21575
9 (QN/Block) 	Elapsed: 0.071	Loglikelihood: -174579	(delta): 6.80943
10 (QN/Block) 	Elapsed: 0.067	Loglikelihood: -174577	(delta): 2.32339
11 (QN/Block) 	Elapsed: 0.066	Loglikelihood: -174574	(delta): 2.36405
12 (QN/Block) 	Elapsed: 0.067	Loglikelihood: -174572	(delta): 2.26062
13 (QN/Block) 	Elapsed: 0.064	Loglikelihood: -174572	(delta): 0.271394
14 (QN/Block) 	Elapsed: 0.067	Loglikelihood: -174572	(delta): 0.0490356
15 (QN/Block) 	Elapsed: 0.069	Loglikelihood: -174572	(delta): 0.0128445
16 (QN/Block) 	Elapsed: 0.065	Loglikelihood: -174572	(delta): 0.00311606
17 (QN/Block) 	Elapsed: 0.064	Loglikelihood: -174572	(delta): 0.00115428
18 (QN/Block) 	Elapsed: 0.063	Loglikelihood: -174572	(delta): 0.000320387
19 (QN/Block) 	Elapsed: 0.063	Loglikelihood: -174572	(delta): 0.000180063
20 (QN/Block) 	Elapsed: 0.064	Loglikelihood: -174572	(delta): 7.38301e-05
21 (QN/Block) 	Elapsed: 0.063	Loglikelihood: -174572	(delta): 1.0037e-05
22 (QN/Block) 	Elapsed: 0.064	Loglikelihood: -174572	(delta): 1.48892e-06
23 (QN/Block) 	Elapsed: 0.066	Loglikelihood: -174572	(delta): 1.87691e-07
24 (QN/Block) 	Elapsed: 0.077	Loglikelihood: -174572	(delta): 1.08266e-08
25 (QN/Block) 	Elapsed: 0.065	Loglikelihood: -174572	(delta): 1.13505e-09
26 (QN/Block) 	Elapsed: 0.07	Loglikelihood: -174572	(delta): 1.13505e-09
27 (QN/Block) 	Elapsed: 0.067	Loglikelihood: -174572	(delta): 4.36557e-10
28 (QN/Block) 	Elapsed: 0.068	Loglikelihood: -174572	(delta): 2.91038e-11
29 (QN/Block) 	Elapsed: 0.069	Loglikelihood: -174572	(delta): 2.91038e-11
30 (QN/Block) 	Elapsed: 0.069	Loglikelihood: -174572	(delta): -2.91038e-11
31 (QN/Block) 	Elapsed: 0.07	Loglikelihood: -174572	(delta): 0
32 (QN/Block) 	Elapsed: 0.07	Loglikelihood: -174572	(delta): 0
33 (QN/Block) 	Elapsed: 0.07	Loglikelihood: -174572	(delta): 2.91038e-11
34 (QN/Block) 	Elapsed: 0.066	Loglikelihood: -174572	(delta): 2.91038e-11
35 (QN/Block) 	Elapsed: 0.065	Loglikelihood: -174572	(delta): -5.82077e-11
36 (QN/Block) 	Elapsed: 0.066	Loglikelihood: -174572	(delta): 2.91038e-11
37 (QN/Block) 	Elapsed: 0.068	Loglikelihood: -174572	(delta): 0
38 (QN/Block) 	Elapsed: 0.073	Loglikelihood: -174572	(delta): -5.82077e-11
39 (QN/Block) 	Elapsed: 0.074	Loglikelihood: -174572	(delta): 2.91038e-11
40 (QN/Block) 	Elapsed: 0.071	Loglikelihood: -174572	(delta): 2.91038e-11
41 (QN/Block) 	Elapsed: 0.069	Loglikelihood: -174572	(delta): 2.91038e-11
42 (QN/Block) 	Elapsed: 0.07	Loglikelihood: -174572	(delta): -2.91038e-11
43 (QN/Block) 	Elapsed: 0.07	Loglikelihood: -174572	(delta): 2.91038e-11
44 (QN/Block) 	Elapsed: 0.069	Loglikelihood: -174572	(delta): 0
45 (QN/Block) 	Elapsed: 0.07	Loglikelihood: -174572	(delta): -2.91038e-11
46 (QN/Block) 	Elapsed: 0.07	Loglikelihood: -174572	(delta): 2.91038e-11
47 (QN/Block) 	Elapsed: 0.067	Loglikelihood: -174572	(delta): -5.82077e-11
48 (QN/Block) 	Elapsed: 0.073	Loglikelihood: -174572	(delta): 0
49 (QN/Block) 	Elapsed: 0.069	Loglikelihood: -174572	(delta): -2.91038e-11
50 (QN/Block) 	Elapsed: 0.069	Loglikelihood: -174572	(delta): 2.91038e-11
51 (QN/Block) 	Elapsed: 0.067	Loglikelihood: -174572	(delta): 0
52 (QN/Block) 	Elapsed: 0.074	Loglikelihood: -174572	(delta): 2.91038e-11
53 (QN/Block) 	Elapsed: 0.068	Loglikelihood: -174572	(delta): -2.91038e-11
54 (QN/Block) 	Elapsed: 0.065	Loglikelihood: -174572	(delta): 2.91038e-11
55 (QN/Block) 	Elapsed: 0.066	Loglikelihood: -174572	(delta): 2.91038e-11
56 (QN/Block) 	Elapsed: 0.064	Loglikelihood: -174572	(delta): -2.91038e-11
57 (QN/Block) 	Elapsed: 0.066	Loglikelihood: -174572	(delta): 5.82077e-11
58 (QN/Block) 	Elapsed: 0.066	Loglikelihood: -174572	(delta): -2.91038e-11
59 (QN/Block) 	Elapsed: 0.067	Loglikelihood: -174572	(delta): -2.91038e-11
60 (QN/Block) 	Elapsed: 0.067	Loglikelihood: -174572	(delta): 0
61 (QN/Block) 	Elapsed: 0.067	Loglikelihood: -174572	(delta): 0
62 (QN/Block) 	Elapsed: 0.067	Loglikelihood: -174572	(delta): 2.91038e-11
63 (QN/Block) 	Elapsed: 0.062	Loglikelihood: -174572	(delta): -2.91038e-11
64 (QN/Block) 	Elapsed: 0.067	Loglikelihood: -174572	(delta): 0
65 (QN/Block) 	Elapsed: 0.066	Loglikelihood: -174572	(delta): 0
66 (QN/Block) 	Elapsed: 0.063	Loglikelihood: -174572	(delta): 0
67 (QN/Block) 	Elapsed: 0.071	Loglikelihood: -174572	(delta): -2.91038e-11
68 (QN/Block) 	Elapsed: 0.065	Loglikelihood: -174572	(delta): 0
69 (QN/Block) 	Elapsed: 0.061	Loglikelihood: -174572	(delta): 2.91038e-11
70 (QN/Block) 	Elapsed: 0.063	Loglikelihood: -174572	(delta): -2.91038e-11
71 (QN/Block) 	Elapsed: 0.065	Loglikelihood: -174572	(delta): 2.91038e-11
72 (QN/Block) 	Elapsed: 0.064	Loglikelihood: -174572	(delta): 0
73 (QN/Block) 	Elapsed: 0.066	Loglikelihood: -174572	(delta): 0
74 (QN/Block) 	Elapsed: 0.064	Loglikelihood: -174572	(delta): -2.91038e-11
75 (QN/Block) 	Elapsed: 0.064	Loglikelihood: -174572	(delta): 0
76 (QN/Block) 	Elapsed: 0.061	Loglikelihood: -174572	(delta): 0
77 (QN/Block) 	Elapsed: 0.063	Loglikelihood: -174572	(delta): 2.91038e-11
78 (QN/Block) 	Elapsed: 0.064	Loglikelihood: -174572	(delta): -2.91038e-11
79 (QN/Block) 	Elapsed: 0.063	Loglikelihood: -174572	(delta): 5.82077e-11
80 (QN/Block) 	Elapsed: 0.064	Loglikelihood: -174572	(delta): -2.91038e-11
81 (QN/Block) 	Elapsed: 0.061	Loglikelihood: -174572	(delta): 0
82 (QN/Block) 	Elapsed: 0.063	Loglikelihood: -174572	(delta): 0
83 (QN/Block) 	Elapsed: 0.068	Loglikelihood: -174572	(delta): 0
84 (QN/Block) 	Elapsed: 0.065	Loglikelihood: -174572	(delta): -2.91038e-11
85 (QN/Block) 	Elapsed: 0.062	Loglikelihood: -174572	(delta): 0
86 (QN/Block) 	Elapsed: 0.066	Loglikelihood: -174572	(delta): 0
87 (QN/Block) 	Elapsed: 0.065	Loglikelihood: -174572	(delta): 0
88 (QN/Block) 	Elapsed: 0.062	Loglikelihood: -174572	(delta): 0
89 (QN/Block) 	Elapsed: 0.06	Loglikelihood: -174572	(delta): 5.82077e-11
90 (QN/Block) 	Elapsed: 0.066	Loglikelihood: -174572	(delta): 0
91 (QN/Block) 	Elapsed: 0.067	Loglikelihood: -174572	(delta): 0
92 (QN/Block) 	Elapsed: 0.062	Loglikelihood: -174572	(delta): -2.91038e-11
93 (QN/Block) 	Elapsed: 0.062	Loglikelihood: -174572	(delta): -2.91038e-11
94 (QN/Block) 	Elapsed: 0.064	Loglikelihood: -174572	(delta): 2.91038e-11
95 (QN/Block) 	Elapsed: 0.063	Loglikelihood: -174572	(delta): 2.91038e-11
96 (QN/Block) 	Elapsed: 0.067	Loglikelihood: -174572	(delta): -2.91038e-11
97 (QN/Block) 	Elapsed: 0.063	Loglikelihood: -174572	(delta): 0
98 (QN/Block) 	Elapsed: 0.066	Loglikelihood: -174572	(delta): 0
99 (QN/Block) 	Elapsed: 0.066	Loglikelihood: -174572	(delta): 0
100 (QN/Block) 	Elapsed: 0.063	Loglikelihood: -174572	(delta): 0
Summary: 
Converged in 100 iterations (6.982 sec)
Loglikelihood: -174571.701440
Fst divergences between estimated populations: 
	Pop0	Pop1	Pop2	
Pop0	
Pop1	0.348	
Pop2	0.359	0.055	
Pop3	0.331	0.043	0.049	
CV error (K=4): 0.22154
Writing output files.
