****                   ADMIXTURE Version 1.3.0                  ****
****                    Copyright 2008-2015                     ****
****           David Alexander, Suyash Shringarpure,            ****
****                John  Novembre, Ken Lange                   ****
****                                                            ****
****                 Please cite our paper!                     ****
****   Information at www.genetics.ucla.edu/software/admixture  ****

Parallel execution requested.  Will use 8 threads.
Cross-validation will be performed.  Folds=10.
Random seed: 43
Point estimation method: Block relaxation algorithm
Convergence acceleration algorithm: QuasiNewton, 3 secant conditions
Point estimation will terminate at 100 iterations
Estimation of standard errors disabled; will compute point estimates only.
Size of G: 335x1606
Performing five EM steps to prime main algorithm
1 (EM) 	Elapsed: 0.076	Loglikelihood: -213344	(delta): 524609
2 (EM) 	Elapsed: 0.076	Loglikelihood: -200632	(delta): 12712
3 (EM) 	Elapsed: 0.079	Loglikelihood: -198738	(delta): 1893.79
4 (EM) 	Elapsed: 0.081	Loglikelihood: -197617	(delta): 1121.17
5 (EM) 	Elapsed: 0.081	Loglikelihood: -196717	(delta): 899.182
Initial loglikelihood: -196717
Starting main algorithm
1 (QN/Block) 	Elapsed: 0.104	Loglikelihood: -174849	(delta): 21868.1
2 (QN/Block) 	Elapsed: 0.107	Loglikelihood: -169423	(delta): 5426.25
3 (QN/Block) 	Elapsed: 0.114	Loglikelihood: -167555	(delta): 1867.75
4 (QN/Block) 	Elapsed: 0.111	Loglikelihood: -166419	(delta): 1136.34
5 (QN/Block) 	Elapsed: 0.108	Loglikelihood: -165900	(delta): 519.306
6 (QN/Block) 	Elapsed: 0.108	Loglikelihood: -165602	(delta): 297.384
7 (QN/Block) 	Elapsed: 0.108	Loglikelihood: -165455	(delta): 147.031
8 (QN/Block) 	Elapsed: 0.111	Loglikelihood: -165373	(delta): 82.6381
9 (QN/Block) 	Elapsed: 0.114	Loglikelihood: -165332	(delta): 40.2787
10 (QN/Block) 	Elapsed: 0.111	Loglikelihood: -165302	(delta): 29.8656
11 (QN/Block) 	Elapsed: 0.112	Loglikelihood: -165281	(delta): 20.9782
12 (QN/Block) 	Elapsed: 0.117	Loglikelihood: -165270	(delta): 11.073
13 (QN/Block) 	Elapsed: 0.118	Loglikelihood: -165260	(delta): 9.98466
14 (QN/Block) 	Elapsed: 0.122	Loglikelihood: -165254	(delta): 6.28499
15 (QN/Block) 	Elapsed: 0.111	Loglikelihood: -165248	(delta): 6.57069
16 (QN/Block) 	Elapsed: 0.114	Loglikelihood: -165244	(delta): 3.22118
17 (QN/Block) 	Elapsed: 0.116	Loglikelihood: -165242	(delta): 1.87804
18 (QN/Block) 	Elapsed: 0.115	Loglikelihood: -165241	(delta): 1.61436
19 (QN/Block) 	Elapsed: 0.121	Loglikelihood: -165239	(delta): 1.74095
20 (QN/Block) 	Elapsed: 0.125	Loglikelihood: -165237	(delta): 2.23867
21 (QN/Block) 	Elapsed: 0.12	Loglikelihood: -165235	(delta): 1.47897
22 (QN/Block) 	Elapsed: 0.119	Loglikelihood: -165234	(delta): 1.3634
23 (QN/Block) 	Elapsed: 0.121	Loglikelihood: -165232	(delta): 1.92077
24 (QN/Block) 	Elapsed: 0.119	Loglikelihood: -165231	(delta): 1.14247
25 (QN/Block) 	Elapsed: 0.12	Loglikelihood: -165229	(delta): 1.87949
26 (QN/Block) 	Elapsed: 0.122	Loglikelihood: -165227	(delta): 1.9651
27 (QN/Block) 	Elapsed: 0.126	Loglikelihood: -165226	(delta): 0.943566
28 (QN/Block) 	Elapsed: 0.127	Loglikelihood: -165226	(delta): 0.548187
29 (QN/Block) 	Elapsed: 0.12	Loglikelihood: -165225	(delta): 0.323265
30 (QN/Block) 	Elapsed: 0.122	Loglikelihood: -165225	(delta): 0.216243
31 (QN/Block) 	Elapsed: 0.121	Loglikelihood: -165225	(delta): 0.19958
32 (QN/Block) 	Elapsed: 0.126	Loglikelihood: -165224	(delta): 1.02972
33 (QN/Block) 	Elapsed: 0.137	Loglikelihood: -165223	(delta): 0.349622
34 (QN/Block) 	Elapsed: 0.13	Loglikelihood: -165223	(delta): 0.234699
35 (QN/Block) 	Elapsed: 0.125	Loglikelihood: -165223	(delta): 0.125602
36 (QN/Block) 	Elapsed: 0.127	Loglikelihood: -165223	(delta): 0.341984
37 (QN/Block) 	Elapsed: 0.128	Loglikelihood: -165223	(delta): 0.181616
38 (QN/Block) 	Elapsed: 0.123	Loglikelihood: -165222	(delta): 0.195183
39 (QN/Block) 	Elapsed: 0.133	Loglikelihood: -165222	(delta): 0.153581
40 (QN/Block) 	Elapsed: 0.127	Loglikelihood: -165222	(delta): 0.249054
41 (QN/Block) 	Elapsed: 0.126	Loglikelihood: -165222	(delta): 0.339169
42 (QN/Block) 	Elapsed: 0.129	Loglikelihood: -165222	(delta): 0.126385
43 (QN/Block) 	Elapsed: 0.119	Loglikelihood: -165221	(delta): 0.140896
44 (QN/Block) 	Elapsed: 0.115	Loglikelihood: -165221	(delta): 0.0459489
45 (QN/Block) 	Elapsed: 0.13	Loglikelihood: -165221	(delta): 0.0232633
46 (QN/Block) 	Elapsed: 0.121	Loglikelihood: -165221	(delta): 0.018324
47 (QN/Block) 	Elapsed: 0.122	Loglikelihood: -165221	(delta): 0.0142991
48 (QN/Block) 	Elapsed: 0.125	Loglikelihood: -165221	(delta): 0.0669804
49 (QN/Block) 	Elapsed: 0.126	Loglikelihood: -165221	(delta): 0.0263652
50 (QN/Block) 	Elapsed: 0.125	Loglikelihood: -165221	(delta): 0.0899395
51 (QN/Block) 	Elapsed: 0.12	Loglikelihood: -165221	(delta): 0.0143754
52 (QN/Block) 	Elapsed: 0.119	Loglikelihood: -165221	(delta): 0.00625191
53 (QN/Block) 	Elapsed: 0.123	Loglikelihood: -165221	(delta): 0.00153334
54 (QN/Block) 	Elapsed: 0.116	Loglikelihood: -165221	(delta): 0.000563422
55 (QN/Block) 	Elapsed: 0.12	Loglikelihood: -165221	(delta): 0.000111745
56 (QN/Block) 	Elapsed: 0.117	Loglikelihood: -165221	(delta): 4.84633e-05
57 (QN/Block) 	Elapsed: 0.117	Loglikelihood: -165221	(delta): 5.48438e-06
58 (QN/Block) 	Elapsed: 0.114	Loglikelihood: -165221	(delta): 2.90194e-07
59 (QN/Block) 	Elapsed: 0.115	Loglikelihood: -165221	(delta): 2.44472e-08
60 (QN/Block) 	Elapsed: 0.12	Loglikelihood: -165221	(delta): 7.30506e-09
61 (QN/Block) 	Elapsed: 0.122	Loglikelihood: -165221	(delta): 3.37604e-09
62 (QN/Block) 	Elapsed: 0.126	Loglikelihood: -165221	(delta): 2.64845e-09
63 (QN/Block) 	Elapsed: 0.126	Loglikelihood: -165221	(delta): 7.27596e-10
64 (QN/Block) 	Elapsed: 0.118	Loglikelihood: -165221	(delta): 2.03727e-10
65 (QN/Block) 	Elapsed: 0.114	Loglikelihood: -165221	(delta): 1.45519e-10
66 (QN/Block) 	Elapsed: 0.12	Loglikelihood: -165221	(delta): 5.82077e-11
67 (QN/Block) 	Elapsed: 0.122	Loglikelihood: -165221	(delta): -2.91038e-11
68 (QN/Block) 	Elapsed: 0.123	Loglikelihood: -165221	(delta): 0
69 (QN/Block) 	Elapsed: 0.128	Loglikelihood: -165221	(delta): -2.91038e-11
70 (QN/Block) 	Elapsed: 0.127	Loglikelihood: -165221	(delta): 0
71 (QN/Block) 	Elapsed: 0.128	Loglikelihood: -165221	(delta): 2.91038e-11
72 (QN/Block) 	Elapsed: 0.124	Loglikelihood: -165221	(delta): 0
73 (QN/Block) 	Elapsed: 0.123	Loglikelihood: -165221	(delta): 2.91038e-11
74 (QN/Block) 	Elapsed: 0.136	Loglikelihood: -165221	(delta): -2.91038e-11
75 (QN/Block) 	Elapsed: 0.135	Loglikelihood: -165221	(delta): 2.91038e-11
76 (QN/Block) 	Elapsed: 0.128	Loglikelihood: -165221	(delta): -2.91038e-11
77 (QN/Block) 	Elapsed: 0.132	Loglikelihood: -165221	(delta): 0
78 (QN/Block) 	Elapsed: 0.129	Loglikelihood: -165221	(delta): 2.91038e-11
79 (QN/Block) 	Elapsed: 0.127	Loglikelihood: -165221	(delta): 0
80 (QN/Block) 	Elapsed: 0.126	Loglikelihood: -165221	(delta): 0
81 (QN/Block) 	Elapsed: 0.132	Loglikelihood: -165221	(delta): 2.91038e-11
82 (QN/Block) 	Elapsed: 0.144	Loglikelihood: -165221	(delta): -2.91038e-11
83 (QN/Block) 	Elapsed: 0.14	Loglikelihood: -165221	(delta): 2.91038e-11
84 (QN/Block) 	Elapsed: 0.151	Loglikelihood: -165221	(delta): -5.82077e-11
85 (QN/Block) 	Elapsed: 0.135	Loglikelihood: -165221	(delta): 2.91038e-11
86 (QN/Block) 	Elapsed: 0.132	Loglikelihood: -165221	(delta): 0
87 (QN/Block) 	Elapsed: 0.138	Loglikelihood: -165221	(delta): 2.91038e-11
88 (QN/Block) 	Elapsed: 0.165	Loglikelihood: -165221	(delta): 2.91038e-11
89 (QN/Block) 	Elapsed: 0.163	Loglikelihood: -165221	(delta): -8.73115e-11
90 (QN/Block) 	Elapsed: 0.155	Loglikelihood: -165221	(delta): 2.91038e-11
91 (QN/Block) 	Elapsed: 0.14	Loglikelihood: -165221	(delta): 2.91038e-11
92 (QN/Block) 	Elapsed: 0.151	Loglikelihood: -165221	(delta): -2.91038e-11
93 (QN/Block) 	Elapsed: 0.138	Loglikelihood: -165221	(delta): -2.91038e-11
94 (QN/Block) 	Elapsed: 0.142	Loglikelihood: -165221	(delta): 2.91038e-11
95 (QN/Block) 	Elapsed: 0.134	Loglikelihood: -165221	(delta): 5.82077e-11
96 (QN/Block) 	Elapsed: 0.141	Loglikelihood: -165221	(delta): -5.82077e-11
97 (QN/Block) 	Elapsed: 0.132	Loglikelihood: -165221	(delta): -2.91038e-11
98 (QN/Block) 	Elapsed: 0.135	Loglikelihood: -165221	(delta): 2.91038e-11
99 (QN/Block) 	Elapsed: 0.131	Loglikelihood: -165221	(delta): 0
100 (QN/Block) 	Elapsed: 0.134	Loglikelihood: -165221	(delta): 0
Summary: 
Converged in 100 iterations (13.221 sec)
Loglikelihood: -165221.084404
Fst divergences between estimated populations: 
	Pop0	Pop1	Pop2	Pop3	Pop4	Pop5	Pop6	Pop7	Pop8	
Pop0	
Pop1	0.346	
Pop2	0.373	0.113	
Pop3	0.347	0.083	0.088	
Pop4	0.354	0.089	0.091	0.068	
Pop5	0.379	0.116	0.121	0.099	0.092	
Pop6	0.134	0.376	0.404	0.377	0.387	0.408	
Pop7	0.362	0.109	0.108	0.089	0.081	0.063	0.394	
Pop8	0.366	0.106	0.116	0.098	0.101	0.134	0.399	0.125	
Pop9	0.358	0.104	0.107	0.088	0.080	0.060	0.391	0.045	0.121	
CV error (K=10): 0.22762
Writing output files.
