****                   ADMIXTURE Version 1.3.0                  ****
****                    Copyright 2008-2015                     ****
****           David Alexander, Suyash Shringarpure,            ****
****                John  Novembre, Ken Lange                   ****
****                                                            ****
****                 Please cite our paper!                     ****
****   Information at www.genetics.ucla.edu/software/admixture  ****

Parallel execution requested.  Will use 8 threads.
Cross-validation will be performed.  Folds=10.
Random seed: 43
Point estimation method: Block relaxation algorithm
Convergence acceleration algorithm: QuasiNewton, 3 secant conditions
Point estimation will terminate at 100 iterations
Estimation of standard errors disabled; will compute point estimates only.
Size of G: 335x1606
Performing five EM steps to prime main algorithm
1 (EM) 	Elapsed: 0.054	Loglikelihood: -213492	(delta): 540061
2 (EM) 	Elapsed: 0.056	Loglikelihood: -201469	(delta): 12022.6
3 (EM) 	Elapsed: 0.058	Loglikelihood: -199364	(delta): 2104.83
4 (EM) 	Elapsed: 0.059	Loglikelihood: -198176	(delta): 1187.82
5 (EM) 	Elapsed: 0.062	Loglikelihood: -197288	(delta): 888.269
Initial loglikelihood: -197288
Starting main algorithm
1 (QN/Block) 	Elapsed: 0.088	Loglikelihood: -177112	(delta): 20175.7
2 (QN/Block) 	Elapsed: 0.082	Loglikelihood: -172582	(delta): 4530.4
3 (QN/Block) 	Elapsed: 0.092	Loglikelihood: -170876	(delta): 1706.23
4 (QN/Block) 	Elapsed: 0.093	Loglikelihood: -169903	(delta): 972.979
5 (QN/Block) 	Elapsed: 0.081	Loglikelihood: -169428	(delta): 474.508
6 (QN/Block) 	Elapsed: 0.103	Loglikelihood: -169207	(delta): 220.86
7 (QN/Block) 	Elapsed: 0.099	Loglikelihood: -169136	(delta): 71.0815
8 (QN/Block) 	Elapsed: 0.095	Loglikelihood: -169100	(delta): 36.7083
9 (QN/Block) 	Elapsed: 0.086	Loglikelihood: -169076	(delta): 23.7741
10 (QN/Block) 	Elapsed: 0.099	Loglikelihood: -169060	(delta): 15.5596
11 (QN/Block) 	Elapsed: 0.09	Loglikelihood: -169054	(delta): 6.3214
12 (QN/Block) 	Elapsed: 0.099	Loglikelihood: -169049	(delta): 5.0197
13 (QN/Block) 	Elapsed: 0.094	Loglikelihood: -169046	(delta): 2.52156
14 (QN/Block) 	Elapsed: 0.108	Loglikelihood: -169045	(delta): 1.68614
15 (QN/Block) 	Elapsed: 0.095	Loglikelihood: -169044	(delta): 0.516706
16 (QN/Block) 	Elapsed: 0.09	Loglikelihood: -169044	(delta): 0.277096
17 (QN/Block) 	Elapsed: 0.095	Loglikelihood: -169044	(delta): 0.400265
18 (QN/Block) 	Elapsed: 0.093	Loglikelihood: -169043	(delta): 0.325125
19 (QN/Block) 	Elapsed: 0.079	Loglikelihood: -169043	(delta): 0.214246
20 (QN/Block) 	Elapsed: 0.087	Loglikelihood: -169043	(delta): 0.309252
21 (QN/Block) 	Elapsed: 0.101	Loglikelihood: -169042	(delta): 0.356092
22 (QN/Block) 	Elapsed: 0.094	Loglikelihood: -169042	(delta): 0.301433
23 (QN/Block) 	Elapsed: 0.089	Loglikelihood: -169042	(delta): 0.320552
24 (QN/Block) 	Elapsed: 0.094	Loglikelihood: -169041	(delta): 0.381196
25 (QN/Block) 	Elapsed: 0.083	Loglikelihood: -169041	(delta): 0.163577
26 (QN/Block) 	Elapsed: 0.077	Loglikelihood: -169041	(delta): 0.13602
27 (QN/Block) 	Elapsed: 0.079	Loglikelihood: -169041	(delta): 0.204451
28 (QN/Block) 	Elapsed: 0.085	Loglikelihood: -169041	(delta): 0.221595
29 (QN/Block) 	Elapsed: 0.084	Loglikelihood: -169040	(delta): 0.259008
30 (QN/Block) 	Elapsed: 0.082	Loglikelihood: -169040	(delta): 0.174874
31 (QN/Block) 	Elapsed: 0.084	Loglikelihood: -169040	(delta): 0.168106
32 (QN/Block) 	Elapsed: 0.09	Loglikelihood: -169040	(delta): 0.0605191
33 (QN/Block) 	Elapsed: 0.089	Loglikelihood: -169040	(delta): 0.076827
34 (QN/Block) 	Elapsed: 0.089	Loglikelihood: -169040	(delta): 0.0488622
35 (QN/Block) 	Elapsed: 0.099	Loglikelihood: -169040	(delta): 0.253819
36 (QN/Block) 	Elapsed: 0.104	Loglikelihood: -169039	(delta): 0.0857016
37 (QN/Block) 	Elapsed: 0.083	Loglikelihood: -169039	(delta): 0.0201554
38 (QN/Block) 	Elapsed: 0.086	Loglikelihood: -169039	(delta): 0.0690234
39 (QN/Block) 	Elapsed: 0.089	Loglikelihood: -169039	(delta): 0.0697289
40 (QN/Block) 	Elapsed: 0.095	Loglikelihood: -169039	(delta): 0.0279751
41 (QN/Block) 	Elapsed: 0.093	Loglikelihood: -169039	(delta): 0.0325281
42 (QN/Block) 	Elapsed: 0.079	Loglikelihood: -169039	(delta): 0.0194911
43 (QN/Block) 	Elapsed: 0.076	Loglikelihood: -169039	(delta): 0.0456756
44 (QN/Block) 	Elapsed: 0.09	Loglikelihood: -169039	(delta): 0.0753556
45 (QN/Block) 	Elapsed: 0.076	Loglikelihood: -169039	(delta): 0.0535415
46 (QN/Block) 	Elapsed: 0.091	Loglikelihood: -169039	(delta): 0.0223687
47 (QN/Block) 	Elapsed: 0.083	Loglikelihood: -169039	(delta): 0.0133668
48 (QN/Block) 	Elapsed: 0.089	Loglikelihood: -169039	(delta): 0.00816915
49 (QN/Block) 	Elapsed: 0.084	Loglikelihood: -169039	(delta): 0.00929606
50 (QN/Block) 	Elapsed: 0.082	Loglikelihood: -169039	(delta): 0.00306414
51 (QN/Block) 	Elapsed: 0.081	Loglikelihood: -169039	(delta): 0.00142394
52 (QN/Block) 	Elapsed: 0.078	Loglikelihood: -169039	(delta): 0.000276556
53 (QN/Block) 	Elapsed: 0.091	Loglikelihood: -169039	(delta): 3.50634e-05
54 (QN/Block) 	Elapsed: 0.088	Loglikelihood: -169039	(delta): 3.02908e-05
55 (QN/Block) 	Elapsed: 0.083	Loglikelihood: -169039	(delta): 7.15582e-06
56 (QN/Block) 	Elapsed: 0.08	Loglikelihood: -169039	(delta): 2.31489e-06
57 (QN/Block) 	Elapsed: 0.082	Loglikelihood: -169039	(delta): 8.14529e-07
58 (QN/Block) 	Elapsed: 0.085	Loglikelihood: -169039	(delta): 3.61906e-07
59 (QN/Block) 	Elapsed: 0.082	Loglikelihood: -169039	(delta): 2.75642e-07
60 (QN/Block) 	Elapsed: 0.081	Loglikelihood: -169039	(delta): 7.35163e-08
61 (QN/Block) 	Elapsed: 0.081	Loglikelihood: -169039	(delta): 1.0361e-08
62 (QN/Block) 	Elapsed: 0.086	Loglikelihood: -169039	(delta): 3.89991e-09
63 (QN/Block) 	Elapsed: 0.082	Loglikelihood: -169039	(delta): 2.06637e-09
64 (QN/Block) 	Elapsed: 0.08	Loglikelihood: -169039	(delta): 4.36557e-10
65 (QN/Block) 	Elapsed: 0.081	Loglikelihood: -169039	(delta): 1.45519e-10
66 (QN/Block) 	Elapsed: 0.083	Loglikelihood: -169039	(delta): 1.74623e-10
67 (QN/Block) 	Elapsed: 0.082	Loglikelihood: -169039	(delta): 2.91038e-11
68 (QN/Block) 	Elapsed: 0.08	Loglikelihood: -169039	(delta): 0
69 (QN/Block) 	Elapsed: 0.084	Loglikelihood: -169039	(delta): -5.82077e-11
70 (QN/Block) 	Elapsed: 0.091	Loglikelihood: -169039	(delta): 5.82077e-11
71 (QN/Block) 	Elapsed: 0.084	Loglikelihood: -169039	(delta): -2.91038e-11
72 (QN/Block) 	Elapsed: 0.097	Loglikelihood: -169039	(delta): 0
73 (QN/Block) 	Elapsed: 0.092	Loglikelihood: -169039	(delta): 2.91038e-11
74 (QN/Block) 	Elapsed: 0.09	Loglikelihood: -169039	(delta): 0
75 (QN/Block) 	Elapsed: 0.093	Loglikelihood: -169039	(delta): 0
76 (QN/Block) 	Elapsed: 0.086	Loglikelihood: -169039	(delta): 0
77 (QN/Block) 	Elapsed: 0.087	Loglikelihood: -169039	(delta): 0
78 (QN/Block) 	Elapsed: 0.086	Loglikelihood: -169039	(delta): 2.91038e-11
79 (QN/Block) 	Elapsed: 0.084	Loglikelihood: -169039	(delta): 0
80 (QN/Block) 	Elapsed: 0.083	Loglikelihood: -169039	(delta): -2.91038e-11
81 (QN/Block) 	Elapsed: 0.096	Loglikelihood: -169039	(delta): 0
82 (QN/Block) 	Elapsed: 0.086	Loglikelihood: -169039	(delta): 0
83 (QN/Block) 	Elapsed: 0.087	Loglikelihood: -169039	(delta): 2.91038e-11
84 (QN/Block) 	Elapsed: 0.087	Loglikelihood: -169039	(delta): -2.91038e-11
85 (QN/Block) 	Elapsed: 0.084	Loglikelihood: -169039	(delta): 2.91038e-11
86 (QN/Block) 	Elapsed: 0.086	Loglikelihood: -169039	(delta): -5.82077e-11
87 (QN/Block) 	Elapsed: 0.09	Loglikelihood: -169039	(delta): 5.82077e-11
88 (QN/Block) 	Elapsed: 0.102	Loglikelihood: -169039	(delta): -2.91038e-11
89 (QN/Block) 	Elapsed: 0.105	Loglikelihood: -169039	(delta): 2.91038e-11
90 (QN/Block) 	Elapsed: 0.092	Loglikelihood: -169039	(delta): -2.91038e-11
91 (QN/Block) 	Elapsed: 0.082	Loglikelihood: -169039	(delta): 5.82077e-11
92 (QN/Block) 	Elapsed: 0.092	Loglikelihood: -169039	(delta): 0
93 (QN/Block) 	Elapsed: 0.086	Loglikelihood: -169039	(delta): -2.91038e-11
94 (QN/Block) 	Elapsed: 0.084	Loglikelihood: -169039	(delta): 2.91038e-11
95 (QN/Block) 	Elapsed: 0.086	Loglikelihood: -169039	(delta): 0
96 (QN/Block) 	Elapsed: 0.087	Loglikelihood: -169039	(delta): 0
97 (QN/Block) 	Elapsed: 0.086	Loglikelihood: -169039	(delta): 0
98 (QN/Block) 	Elapsed: 0.084	Loglikelihood: -169039	(delta): -2.91038e-11
99 (QN/Block) 	Elapsed: 0.076	Loglikelihood: -169039	(delta): 2.91038e-11
100 (QN/Block) 	Elapsed: 0.095	Loglikelihood: -169039	(delta): -2.91038e-11
Summary: 
Converged in 100 iterations (9.352 sec)
Loglikelihood: -169038.977415
Fst divergences between estimated populations: 
	Pop0	Pop1	Pop2	Pop3	Pop4	
Pop0	
Pop1	0.118	
Pop2	0.046	0.099	
Pop3	0.068	0.137	0.064	
Pop4	0.354	0.367	0.337	0.361	
Pop5	0.068	0.137	0.068	0.037	0.362	
CV error (K=6): 0.22081
Writing output files.
