PLINK v1.90b6.21 64-bit (19 Oct 2020)
Options in effect:
  --allow-extra-chr 0
  --const-fid
  --make-bed
  --out 20percent_all-aga_1diii_nc-wnr_5/all-aga_2bi_1diii_nc-wnr_20
  --vcf ../../data/all-aga_1diii_nc-wnr_20_unlinked.vcf

Hostname: kprata.local
Working directory: /Users/kprata/Dropbox/agaricia_project_2019/shalo_ag/gen_project/2 - Population Structure/2b - Admixture
Start time: Mon May 30 15:39:46 2022

Random number seed: 1653889186
16384 MB RAM detected; reserving 8192 MB for main workspace.
--vcf:
20percent_all-aga_1diii_nc-wnr_5/all-aga_2bi_1diii_nc-wnr_20-temporary.bed +
20percent_all-aga_1diii_nc-wnr_5/all-aga_2bi_1diii_nc-wnr_20-temporary.bim +
20percent_all-aga_1diii_nc-wnr_5/all-aga_2bi_1diii_nc-wnr_20-temporary.fam
written.
751 variants loaded from .bim file.
557 people (0 males, 0 females, 557 ambiguous) loaded from .fam.
Ambiguous sex IDs written to
20percent_all-aga_1diii_nc-wnr_5/all-aga_2bi_1diii_nc-wnr_20.nosex .
Using 1 thread (no multithreaded calculations invoked).
Before main variant filters, 557 founders and 0 nonfounders present.
Calculating allele frequencies... done.
Total genotyping rate is 0.900647.
751 variants and 557 people pass filters and QC.
Note: No phenotypes present.
--make-bed to 20percent_all-aga_1diii_nc-wnr_5/all-aga_2bi_1diii_nc-wnr_20.bed
+ 20percent_all-aga_1diii_nc-wnr_5/all-aga_2bi_1diii_nc-wnr_20.bim +
20percent_all-aga_1diii_nc-wnr_5/all-aga_2bi_1diii_nc-wnr_20.fam ... done.

End time: Mon May 30 15:39:46 2022
