****                   ADMIXTURE Version 1.3.0                  ****
****                    Copyright 2008-2015                     ****
****           David Alexander, Suyash Shringarpure,            ****
****                John  Novembre, Ken Lange                   ****
****                                                            ****
****                 Please cite our paper!                     ****
****   Information at www.genetics.ucla.edu/software/admixture  ****

Parallel execution requested.  Will use 8 threads.
Cross-validation will be performed.  Folds=10.
Random seed: 43
Point estimation method: Block relaxation algorithm
Convergence acceleration algorithm: QuasiNewton, 3 secant conditions
Point estimation will terminate at 100 iterations
Estimation of standard errors disabled; will compute point estimates only.
Size of G: 557x751
Performing five EM steps to prime main algorithm
1 (EM) 	Elapsed: 0.047	Loglikelihood: -241981	(delta): 313927
2 (EM) 	Elapsed: 0.048	Loglikelihood: -230299	(delta): 11682.3
3 (EM) 	Elapsed: 0.046	Loglikelihood: -226957	(delta): 3341.88
4 (EM) 	Elapsed: 0.051	Loglikelihood: -222789	(delta): 4167.68
5 (EM) 	Elapsed: 0.05	Loglikelihood: -215356	(delta): 7433.4
Initial loglikelihood: -215356
Starting main algorithm
1 (QN/Block) 	Elapsed: 0.07	Loglikelihood: -61200.1	(delta): 154156
2 (QN/Block) 	Elapsed: 0.07	Loglikelihood: -52625.2	(delta): 8574.83
3 (QN/Block) 	Elapsed: 0.074	Loglikelihood: -49431.3	(delta): 3193.98
4 (QN/Block) 	Elapsed: 0.069	Loglikelihood: -46689.8	(delta): 2741.49
5 (QN/Block) 	Elapsed: 0.073	Loglikelihood: -45722.6	(delta): 967.205
6 (QN/Block) 	Elapsed: 0.069	Loglikelihood: -45289.5	(delta): 433.078
7 (QN/Block) 	Elapsed: 0.073	Loglikelihood: -44870.3	(delta): 419.183
8 (QN/Block) 	Elapsed: 0.076	Loglikelihood: -44684.3	(delta): 185.996
9 (QN/Block) 	Elapsed: 0.078	Loglikelihood: -44622.4	(delta): 61.9461
10 (QN/Block) 	Elapsed: 0.072	Loglikelihood: -44575.6	(delta): 46.7907
11 (QN/Block) 	Elapsed: 0.071	Loglikelihood: -44543	(delta): 32.5288
12 (QN/Block) 	Elapsed: 0.074	Loglikelihood: -44528.9	(delta): 14.1309
13 (QN/Block) 	Elapsed: 0.071	Loglikelihood: -44523.5	(delta): 5.40912
14 (QN/Block) 	Elapsed: 0.085	Loglikelihood: -44522.7	(delta): 0.805111
15 (QN/Block) 	Elapsed: 0.073	Loglikelihood: -44522.1	(delta): 0.587568
16 (QN/Block) 	Elapsed: 0.073	Loglikelihood: -44522	(delta): 0.061186
17 (QN/Block) 	Elapsed: 0.07	Loglikelihood: -44522	(delta): 0.014282
18 (QN/Block) 	Elapsed: 0.078	Loglikelihood: -44522	(delta): 0.00643299
19 (QN/Block) 	Elapsed: 0.072	Loglikelihood: -44522	(delta): 0.00511559
20 (QN/Block) 	Elapsed: 0.069	Loglikelihood: -44522	(delta): 0.0087084
21 (QN/Block) 	Elapsed: 0.081	Loglikelihood: -44522	(delta): 0.00119774
22 (QN/Block) 	Elapsed: 0.075	Loglikelihood: -44522	(delta): 0.00360113
23 (QN/Block) 	Elapsed: 0.076	Loglikelihood: -44522	(delta): 0.00394803
24 (QN/Block) 	Elapsed: 0.079	Loglikelihood: -44522	(delta): 0.000309912
25 (QN/Block) 	Elapsed: 0.083	Loglikelihood: -44522	(delta): 2.80474e-06
26 (QN/Block) 	Elapsed: 0.078	Loglikelihood: -44522	(delta): 4.56344e-06
27 (QN/Block) 	Elapsed: 0.073	Loglikelihood: -44522	(delta): 1.07611e-07
28 (QN/Block) 	Elapsed: 0.084	Loglikelihood: -44522	(delta): 6.62112e-10
29 (QN/Block) 	Elapsed: 0.078	Loglikelihood: -44522	(delta): 2.18279e-10
30 (QN/Block) 	Elapsed: 0.073	Loglikelihood: -44522	(delta): 4.36557e-11
31 (QN/Block) 	Elapsed: 0.087	Loglikelihood: -44522	(delta): 3.0559e-10
32 (QN/Block) 	Elapsed: 0.085	Loglikelihood: -44522	(delta): -3.63798e-11
33 (QN/Block) 	Elapsed: 0.083	Loglikelihood: -44522	(delta): 2.76486e-10
34 (QN/Block) 	Elapsed: 0.078	Loglikelihood: -44522	(delta): 5.09317e-11
35 (QN/Block) 	Elapsed: 0.078	Loglikelihood: -44522	(delta): 1.89175e-10
36 (QN/Block) 	Elapsed: 0.082	Loglikelihood: -44522	(delta): 1.67347e-10
37 (QN/Block) 	Elapsed: 0.077	Loglikelihood: -44522	(delta): 1.23691e-10
38 (QN/Block) 	Elapsed: 0.073	Loglikelihood: -44522	(delta): 1.38243e-10
39 (QN/Block) 	Elapsed: 0.095	Loglikelihood: -44522	(delta): 1.16415e-10
40 (QN/Block) 	Elapsed: 0.079	Loglikelihood: -44522	(delta): 0
41 (QN/Block) 	Elapsed: 0.076	Loglikelihood: -44522	(delta): 2.76486e-10
42 (QN/Block) 	Elapsed: 0.078	Loglikelihood: -44522	(delta): -1.74623e-10
43 (QN/Block) 	Elapsed: 0.076	Loglikelihood: -44522	(delta): 1.45519e-10
44 (QN/Block) 	Elapsed: 0.085	Loglikelihood: -44522	(delta): 7.27596e-11
45 (QN/Block) 	Elapsed: 0.084	Loglikelihood: -44522	(delta): 7.27596e-11
46 (QN/Block) 	Elapsed: 0.077	Loglikelihood: -44522	(delta): 4.36557e-11
47 (QN/Block) 	Elapsed: 0.078	Loglikelihood: -44522	(delta): 1.74623e-10
48 (QN/Block) 	Elapsed: 0.079	Loglikelihood: -44522	(delta): 2.47383e-10
49 (QN/Block) 	Elapsed: 0.073	Loglikelihood: -44522	(delta): 3.63798e-11
50 (QN/Block) 	Elapsed: 0.075	Loglikelihood: -44522	(delta): 4.36557e-11
51 (QN/Block) 	Elapsed: 0.087	Loglikelihood: -44522	(delta): 0
52 (QN/Block) 	Elapsed: 0.076	Loglikelihood: -44522	(delta): 2.83762e-10
53 (QN/Block) 	Elapsed: 0.073	Loglikelihood: -44522	(delta): -6.54836e-11
54 (QN/Block) 	Elapsed: 0.082	Loglikelihood: -44522	(delta): 2.25555e-10
55 (QN/Block) 	Elapsed: 0.076	Loglikelihood: -44522	(delta): -2.91038e-11
56 (QN/Block) 	Elapsed: 0.083	Loglikelihood: -44522	(delta): 1.45519e-11
57 (QN/Block) 	Elapsed: 0.076	Loglikelihood: -44522	(delta): 1.16415e-10
58 (QN/Block) 	Elapsed: 0.077	Loglikelihood: -44522	(delta): 7.27596e-11
59 (QN/Block) 	Elapsed: 0.074	Loglikelihood: -44522	(delta): 1.52795e-10
60 (QN/Block) 	Elapsed: 0.076	Loglikelihood: -44522	(delta): 1.52795e-10
61 (QN/Block) 	Elapsed: 0.076	Loglikelihood: -44522	(delta): 8.73115e-11
62 (QN/Block) 	Elapsed: 0.073	Loglikelihood: -44522	(delta): 2.91038e-11
63 (QN/Block) 	Elapsed: 0.074	Loglikelihood: -44522	(delta): 1.52795e-10
64 (QN/Block) 	Elapsed: 0.088	Loglikelihood: -44522	(delta): 0
65 (QN/Block) 	Elapsed: 0.084	Loglikelihood: -44522	(delta): 5.82077e-11
66 (QN/Block) 	Elapsed: 0.082	Loglikelihood: -44522	(delta): 2.91038e-11
67 (QN/Block) 	Elapsed: 0.074	Loglikelihood: -44522	(delta): 1.96451e-10
68 (QN/Block) 	Elapsed: 0.076	Loglikelihood: -44522	(delta): 1.30967e-10
69 (QN/Block) 	Elapsed: 0.074	Loglikelihood: -44522	(delta): 1.74623e-10
70 (QN/Block) 	Elapsed: 0.074	Loglikelihood: -44522	(delta): -7.27596e-12
71 (QN/Block) 	Elapsed: 0.073	Loglikelihood: -44522	(delta): -1.01863e-10
72 (QN/Block) 	Elapsed: 0.085	Loglikelihood: -44522	(delta): 1.16415e-10
73 (QN/Block) 	Elapsed: 0.081	Loglikelihood: -44522	(delta): 8.00355e-11
74 (QN/Block) 	Elapsed: 0.082	Loglikelihood: -44522	(delta): 1.52795e-10
75 (QN/Block) 	Elapsed: 0.08	Loglikelihood: -44522	(delta): -1.81899e-10
76 (QN/Block) 	Elapsed: 0.086	Loglikelihood: -44522	(delta): 2.32831e-10
77 (QN/Block) 	Elapsed: 0.081	Loglikelihood: -44522	(delta): 1.01863e-10
78 (QN/Block) 	Elapsed: 0.083	Loglikelihood: -44522	(delta): 3.63798e-11
79 (QN/Block) 	Elapsed: 0.076	Loglikelihood: -44522	(delta): 1.23691e-10
80 (QN/Block) 	Elapsed: 0.079	Loglikelihood: -44522	(delta): 1.45519e-11
81 (QN/Block) 	Elapsed: 0.072	Loglikelihood: -44522	(delta): 1.16415e-10
82 (QN/Block) 	Elapsed: 0.084	Loglikelihood: -44522	(delta): 7.27596e-11
83 (QN/Block) 	Elapsed: 0.08	Loglikelihood: -44522	(delta): -2.18279e-11
84 (QN/Block) 	Elapsed: 0.073	Loglikelihood: -44522	(delta): 1.30967e-10
85 (QN/Block) 	Elapsed: 0.072	Loglikelihood: -44522	(delta): 8.73115e-11
86 (QN/Block) 	Elapsed: 0.076	Loglikelihood: -44522	(delta): 6.54836e-11
87 (QN/Block) 	Elapsed: 0.084	Loglikelihood: -44522	(delta): -5.82077e-11
88 (QN/Block) 	Elapsed: 0.08	Loglikelihood: -44522	(delta): 8.73115e-11
89 (QN/Block) 	Elapsed: 0.084	Loglikelihood: -44522	(delta): 8.00355e-11
90 (QN/Block) 	Elapsed: 0.08	Loglikelihood: -44522	(delta): 1.60071e-10
91 (QN/Block) 	Elapsed: 0.08	Loglikelihood: -44522	(delta): 1.01863e-10
92 (QN/Block) 	Elapsed: 0.072	Loglikelihood: -44522	(delta): 2.91038e-11
93 (QN/Block) 	Elapsed: 0.072	Loglikelihood: -44522	(delta): 8.73115e-11
94 (QN/Block) 	Elapsed: 0.073	Loglikelihood: -44522	(delta): 8.00355e-11
95 (QN/Block) 	Elapsed: 0.083	Loglikelihood: -44522	(delta): 1.45519e-11
96 (QN/Block) 	Elapsed: 0.072	Loglikelihood: -44522	(delta): 3.63798e-11
97 (QN/Block) 	Elapsed: 0.073	Loglikelihood: -44522	(delta): 7.27596e-11
98 (QN/Block) 	Elapsed: 0.083	Loglikelihood: -44522	(delta): -3.63798e-11
99 (QN/Block) 	Elapsed: 0.076	Loglikelihood: -44522	(delta): 8.00355e-11
100 (QN/Block) 	Elapsed: 0.078	Loglikelihood: -44522	(delta): 8.73115e-11
Summary: 
Converged in 100 iterations (8.195 sec)
Loglikelihood: -44521.997844
Fst divergences between estimated populations: 
	Pop0	Pop1	Pop2	Pop3	Pop4	Pop5	Pop6	
Pop0	
Pop1	0.825	
Pop2	0.827	0.076	
Pop3	0.506	0.855	0.859	
Pop4	0.878	0.827	0.828	0.920	
Pop5	0.864	0.804	0.804	0.906	0.524	
Pop6	0.359	0.845	0.846	0.571	0.896	0.882	
Pop7	0.858	0.369	0.367	0.893	0.877	0.852	0.878	
CV error (K=8): 0.08287
Writing output files.
