****                   ADMIXTURE Version 1.3.0                  ****
****                    Copyright 2008-2015                     ****
****           David Alexander, Suyash Shringarpure,            ****
****                John  Novembre, Ken Lange                   ****
****                                                            ****
****                 Please cite our paper!                     ****
****   Information at www.genetics.ucla.edu/software/admixture  ****

Parallel execution requested.  Will use 8 threads.
Cross-validation will be performed.  Folds=10.
Random seed: 43
Point estimation method: Block relaxation algorithm
Convergence acceleration algorithm: QuasiNewton, 3 secant conditions
Point estimation will terminate at 100 iterations
Estimation of standard errors disabled; will compute point estimates only.
Size of G: 557x751
Performing five EM steps to prime main algorithm
1 (EM) 	Elapsed: 0.029	Loglikelihood: -241587	(delta): 330694
2 (EM) 	Elapsed: 0.035	Loglikelihood: -230887	(delta): 10699.5
3 (EM) 	Elapsed: 0.033	Loglikelihood: -227826	(delta): 3060.85
4 (EM) 	Elapsed: 0.029	Loglikelihood: -224226	(delta): 3600.62
5 (EM) 	Elapsed: 0.03	Loglikelihood: -217694	(delta): 6531.84
Initial loglikelihood: -217694
Starting main algorithm
1 (QN/Block) 	Elapsed: 0.052	Loglikelihood: -68783.4	(delta): 148911
2 (QN/Block) 	Elapsed: 0.049	Loglikelihood: -54418.4	(delta): 14365.1
3 (QN/Block) 	Elapsed: 0.055	Loglikelihood: -51813.6	(delta): 2604.77
4 (QN/Block) 	Elapsed: 0.05	Loglikelihood: -50505.7	(delta): 1307.92
5 (QN/Block) 	Elapsed: 0.051	Loglikelihood: -49919.9	(delta): 585.765
6 (QN/Block) 	Elapsed: 0.052	Loglikelihood: -49557.6	(delta): 362.296
7 (QN/Block) 	Elapsed: 0.047	Loglikelihood: -49167.2	(delta): 390.423
8 (QN/Block) 	Elapsed: 0.055	Loglikelihood: -48815.5	(delta): 351.68
9 (QN/Block) 	Elapsed: 0.05	Loglikelihood: -48648.2	(delta): 167.33
10 (QN/Block) 	Elapsed: 0.049	Loglikelihood: -48607	(delta): 41.2403
11 (QN/Block) 	Elapsed: 0.051	Loglikelihood: -48599.3	(delta): 7.68615
12 (QN/Block) 	Elapsed: 0.049	Loglikelihood: -48597.5	(delta): 1.74677
13 (QN/Block) 	Elapsed: 0.053	Loglikelihood: -48597.4	(delta): 0.150789
14 (QN/Block) 	Elapsed: 0.052	Loglikelihood: -48597.3	(delta): 0.0404139
15 (QN/Block) 	Elapsed: 0.052	Loglikelihood: -48597.3	(delta): 0.00689149
16 (QN/Block) 	Elapsed: 0.057	Loglikelihood: -48597.3	(delta): 0.00831738
17 (QN/Block) 	Elapsed: 0.057	Loglikelihood: -48597.3	(delta): 0.00136976
18 (QN/Block) 	Elapsed: 0.05	Loglikelihood: -48597.3	(delta): 0.000938523
19 (QN/Block) 	Elapsed: 0.055	Loglikelihood: -48597.3	(delta): 9.63509e-06
20 (QN/Block) 	Elapsed: 0.048	Loglikelihood: -48597.3	(delta): 1.80309e-06
21 (QN/Block) 	Elapsed: 0.05	Loglikelihood: -48597.3	(delta): 1.86628e-08
22 (QN/Block) 	Elapsed: 0.052	Loglikelihood: -48597.3	(delta): 1.60071e-10
23 (QN/Block) 	Elapsed: 0.05	Loglikelihood: -48597.3	(delta): 2.18279e-11
24 (QN/Block) 	Elapsed: 0.066	Loglikelihood: -48597.3	(delta): 1.45519e-11
25 (QN/Block) 	Elapsed: 0.055	Loglikelihood: -48597.3	(delta): -1.45519e-11
26 (QN/Block) 	Elapsed: 0.052	Loglikelihood: -48597.3	(delta): 4.36557e-11
27 (QN/Block) 	Elapsed: 0.052	Loglikelihood: -48597.3	(delta): 1.45519e-11
28 (QN/Block) 	Elapsed: 0.054	Loglikelihood: -48597.3	(delta): 7.27596e-12
29 (QN/Block) 	Elapsed: 0.054	Loglikelihood: -48597.3	(delta): 0
30 (QN/Block) 	Elapsed: 0.056	Loglikelihood: -48597.3	(delta): 7.27596e-12
31 (QN/Block) 	Elapsed: 0.054	Loglikelihood: -48597.3	(delta): 1.45519e-11
32 (QN/Block) 	Elapsed: 0.051	Loglikelihood: -48597.3	(delta): 4.36557e-11
33 (QN/Block) 	Elapsed: 0.05	Loglikelihood: -48597.3	(delta): -1.45519e-11
34 (QN/Block) 	Elapsed: 0.048	Loglikelihood: -48597.3	(delta): 2.18279e-11
35 (QN/Block) 	Elapsed: 0.049	Loglikelihood: -48597.3	(delta): -1.45519e-11
36 (QN/Block) 	Elapsed: 0.051	Loglikelihood: -48597.3	(delta): 7.27596e-12
37 (QN/Block) 	Elapsed: 0.054	Loglikelihood: -48597.3	(delta): 1.45519e-11
38 (QN/Block) 	Elapsed: 0.057	Loglikelihood: -48597.3	(delta): 1.45519e-11
39 (QN/Block) 	Elapsed: 0.054	Loglikelihood: -48597.3	(delta): -1.45519e-11
40 (QN/Block) 	Elapsed: 0.054	Loglikelihood: -48597.3	(delta): 0
41 (QN/Block) 	Elapsed: 0.054	Loglikelihood: -48597.3	(delta): 2.91038e-11
42 (QN/Block) 	Elapsed: 0.05	Loglikelihood: -48597.3	(delta): -7.27596e-12
43 (QN/Block) 	Elapsed: 0.054	Loglikelihood: -48597.3	(delta): 2.18279e-11
44 (QN/Block) 	Elapsed: 0.048	Loglikelihood: -48597.3	(delta): 2.91038e-11
45 (QN/Block) 	Elapsed: 0.054	Loglikelihood: -48597.3	(delta): -7.27596e-12
46 (QN/Block) 	Elapsed: 0.05	Loglikelihood: -48597.3	(delta): 1.45519e-11
47 (QN/Block) 	Elapsed: 0.052	Loglikelihood: -48597.3	(delta): 0
48 (QN/Block) 	Elapsed: 0.055	Loglikelihood: -48597.3	(delta): 1.45519e-11
49 (QN/Block) 	Elapsed: 0.06	Loglikelihood: -48597.3	(delta): -2.18279e-11
50 (QN/Block) 	Elapsed: 0.054	Loglikelihood: -48597.3	(delta): 0
51 (QN/Block) 	Elapsed: 0.053	Loglikelihood: -48597.3	(delta): 2.91038e-11
52 (QN/Block) 	Elapsed: 0.055	Loglikelihood: -48597.3	(delta): 0
53 (QN/Block) 	Elapsed: 0.049	Loglikelihood: -48597.3	(delta): -7.27596e-12
54 (QN/Block) 	Elapsed: 0.049	Loglikelihood: -48597.3	(delta): -2.91038e-11
55 (QN/Block) 	Elapsed: 0.05	Loglikelihood: -48597.3	(delta): 3.63798e-11
56 (QN/Block) 	Elapsed: 0.062	Loglikelihood: -48597.3	(delta): 1.45519e-11
57 (QN/Block) 	Elapsed: 0.053	Loglikelihood: -48597.3	(delta): 2.18279e-11
58 (QN/Block) 	Elapsed: 0.054	Loglikelihood: -48597.3	(delta): 7.27596e-12
59 (QN/Block) 	Elapsed: 0.055	Loglikelihood: -48597.3	(delta): 0
60 (QN/Block) 	Elapsed: 0.059	Loglikelihood: -48597.3	(delta): -7.27596e-12
61 (QN/Block) 	Elapsed: 0.054	Loglikelihood: -48597.3	(delta): 7.27596e-12
62 (QN/Block) 	Elapsed: 0.054	Loglikelihood: -48597.3	(delta): 1.45519e-11
63 (QN/Block) 	Elapsed: 0.053	Loglikelihood: -48597.3	(delta): 7.27596e-12
64 (QN/Block) 	Elapsed: 0.055	Loglikelihood: -48597.3	(delta): -7.27596e-12
65 (QN/Block) 	Elapsed: 0.051	Loglikelihood: -48597.3	(delta): 1.45519e-11
66 (QN/Block) 	Elapsed: 0.051	Loglikelihood: -48597.3	(delta): -2.18279e-11
67 (QN/Block) 	Elapsed: 0.053	Loglikelihood: -48597.3	(delta): 2.18279e-11
68 (QN/Block) 	Elapsed: 0.063	Loglikelihood: -48597.3	(delta): 0
69 (QN/Block) 	Elapsed: 0.052	Loglikelihood: -48597.3	(delta): 0
70 (QN/Block) 	Elapsed: 0.051	Loglikelihood: -48597.3	(delta): 1.45519e-11
71 (QN/Block) 	Elapsed: 0.053	Loglikelihood: -48597.3	(delta): -2.18279e-11
72 (QN/Block) 	Elapsed: 0.057	Loglikelihood: -48597.3	(delta): 2.18279e-11
73 (QN/Block) 	Elapsed: 0.055	Loglikelihood: -48597.3	(delta): -2.18279e-11
74 (QN/Block) 	Elapsed: 0.055	Loglikelihood: -48597.3	(delta): 2.91038e-11
75 (QN/Block) 	Elapsed: 0.051	Loglikelihood: -48597.3	(delta): -7.27596e-12
76 (QN/Block) 	Elapsed: 0.054	Loglikelihood: -48597.3	(delta): 2.18279e-11
77 (QN/Block) 	Elapsed: 0.061	Loglikelihood: -48597.3	(delta): -2.91038e-11
78 (QN/Block) 	Elapsed: 0.062	Loglikelihood: -48597.3	(delta): 2.91038e-11
79 (QN/Block) 	Elapsed: 0.051	Loglikelihood: -48597.3	(delta): -2.18279e-11
80 (QN/Block) 	Elapsed: 0.06	Loglikelihood: -48597.3	(delta): 1.45519e-11
81 (QN/Block) 	Elapsed: 0.054	Loglikelihood: -48597.3	(delta): 7.27596e-12
82 (QN/Block) 	Elapsed: 0.057	Loglikelihood: -48597.3	(delta): 7.27596e-12
83 (QN/Block) 	Elapsed: 0.053	Loglikelihood: -48597.3	(delta): -7.27596e-12
84 (QN/Block) 	Elapsed: 0.055	Loglikelihood: -48597.3	(delta): 0
85 (QN/Block) 	Elapsed: 0.064	Loglikelihood: -48597.3	(delta): 0
86 (QN/Block) 	Elapsed: 0.051	Loglikelihood: -48597.3	(delta): -1.45519e-11
87 (QN/Block) 	Elapsed: 0.058	Loglikelihood: -48597.3	(delta): 7.27596e-12
88 (QN/Block) 	Elapsed: 0.053	Loglikelihood: -48597.3	(delta): 1.45519e-11
89 (QN/Block) 	Elapsed: 0.055	Loglikelihood: -48597.3	(delta): 0
90 (QN/Block) 	Elapsed: 0.051	Loglikelihood: -48597.3	(delta): 7.27596e-12
91 (QN/Block) 	Elapsed: 0.059	Loglikelihood: -48597.3	(delta): -7.27596e-12
92 (QN/Block) 	Elapsed: 0.052	Loglikelihood: -48597.3	(delta): 7.27596e-12
93 (QN/Block) 	Elapsed: 0.055	Loglikelihood: -48597.3	(delta): 0
94 (QN/Block) 	Elapsed: 0.055	Loglikelihood: -48597.3	(delta): 2.18279e-11
95 (QN/Block) 	Elapsed: 0.051	Loglikelihood: -48597.3	(delta): -7.27596e-12
96 (QN/Block) 	Elapsed: 0.052	Loglikelihood: -48597.3	(delta): 0
97 (QN/Block) 	Elapsed: 0.052	Loglikelihood: -48597.3	(delta): 0
98 (QN/Block) 	Elapsed: 0.06	Loglikelihood: -48597.3	(delta): 7.27596e-12
99 (QN/Block) 	Elapsed: 0.054	Loglikelihood: -48597.3	(delta): 0
100 (QN/Block) 	Elapsed: 0.059	Loglikelihood: -48597.3	(delta): 1.45519e-11
Summary: 
Converged in 100 iterations (5.693 sec)
Loglikelihood: -48597.316735
Fst divergences between estimated populations: 
	Pop0	Pop1	Pop2	Pop3	
Pop0	
Pop1	0.843	
Pop2	0.813	0.771	
Pop3	0.848	0.821	0.354	
Pop4	0.356	0.863	0.840	0.875	
CV error (K=5): 0.08989
Writing output files.
