****                   ADMIXTURE Version 1.3.0                  ****
****                    Copyright 2008-2015                     ****
****           David Alexander, Suyash Shringarpure,            ****
****                John  Novembre, Ken Lange                   ****
****                                                            ****
****                 Please cite our paper!                     ****
****   Information at www.genetics.ucla.edu/software/admixture  ****

Parallel execution requested.  Will use 8 threads.
Cross-validation will be performed.  Folds=10.
Random seed: 43
Point estimation method: Block relaxation algorithm
Convergence acceleration algorithm: QuasiNewton, 3 secant conditions
Point estimation will terminate at 100 iterations
Estimation of standard errors disabled; will compute point estimates only.
Size of G: 557x751
Performing five EM steps to prime main algorithm
1 (EM) 	Elapsed: 0.056	Loglikelihood: -241188	(delta): 305112
2 (EM) 	Elapsed: 0.059	Loglikelihood: -229286	(delta): 11902.7
3 (EM) 	Elapsed: 0.059	Loglikelihood: -225204	(delta): 4081.71
4 (EM) 	Elapsed: 0.064	Loglikelihood: -218864	(delta): 6340.16
5 (EM) 	Elapsed: 0.058	Loglikelihood: -206179	(delta): 12684.7
Initial loglikelihood: -206179
Starting main algorithm
1 (QN/Block) 	Elapsed: 0.072	Loglikelihood: -55563.9	(delta): 150615
2 (QN/Block) 	Elapsed: 0.07	Loglikelihood: -48006	(delta): 7557.93
3 (QN/Block) 	Elapsed: 0.089	Loglikelihood: -45858.5	(delta): 2147.48
4 (QN/Block) 	Elapsed: 0.075	Loglikelihood: -44868.3	(delta): 990.214
5 (QN/Block) 	Elapsed: 0.072	Loglikelihood: -44384.9	(delta): 483.435
6 (QN/Block) 	Elapsed: 0.078	Loglikelihood: -44218.9	(delta): 165.997
7 (QN/Block) 	Elapsed: 0.075	Loglikelihood: -44180.6	(delta): 38.2898
8 (QN/Block) 	Elapsed: 0.076	Loglikelihood: -44166.1	(delta): 14.4616
9 (QN/Block) 	Elapsed: 0.085	Loglikelihood: -44152.6	(delta): 13.4696
10 (QN/Block) 	Elapsed: 0.078	Loglikelihood: -44141	(delta): 11.6155
11 (QN/Block) 	Elapsed: 0.073	Loglikelihood: -44126.8	(delta): 14.2674
12 (QN/Block) 	Elapsed: 0.079	Loglikelihood: -44108.1	(delta): 18.6434
13 (QN/Block) 	Elapsed: 0.076	Loglikelihood: -44094.3	(delta): 13.7913
14 (QN/Block) 	Elapsed: 0.076	Loglikelihood: -44092.1	(delta): 2.21459
15 (QN/Block) 	Elapsed: 0.073	Loglikelihood: -44090.4	(delta): 1.73926
16 (QN/Block) 	Elapsed: 0.074	Loglikelihood: -44088.9	(delta): 1.42446
17 (QN/Block) 	Elapsed: 0.078	Loglikelihood: -44087.2	(delta): 1.72852
18 (QN/Block) 	Elapsed: 0.08	Loglikelihood: -44086.6	(delta): 0.618121
19 (QN/Block) 	Elapsed: 0.076	Loglikelihood: -44086.4	(delta): 0.222762
20 (QN/Block) 	Elapsed: 0.075	Loglikelihood: -44085.6	(delta): 0.755163
21 (QN/Block) 	Elapsed: 0.077	Loglikelihood: -44085.4	(delta): 0.232903
22 (QN/Block) 	Elapsed: 0.076	Loglikelihood: -44085.3	(delta): 0.0664405
23 (QN/Block) 	Elapsed: 0.071	Loglikelihood: -44085.3	(delta): 0.0322676
24 (QN/Block) 	Elapsed: 0.073	Loglikelihood: -44085.3	(delta): 0.0313146
25 (QN/Block) 	Elapsed: 0.069	Loglikelihood: -44085.2	(delta): 0.00916458
26 (QN/Block) 	Elapsed: 0.069	Loglikelihood: -44085.2	(delta): 0.00190389
27 (QN/Block) 	Elapsed: 0.075	Loglikelihood: -44085.2	(delta): 0.00107
28 (QN/Block) 	Elapsed: 0.072	Loglikelihood: -44085.2	(delta): 0.00108755
29 (QN/Block) 	Elapsed: 0.073	Loglikelihood: -44085.2	(delta): 0.000568538
30 (QN/Block) 	Elapsed: 0.08	Loglikelihood: -44085.2	(delta): 9.94097e-05
31 (QN/Block) 	Elapsed: 0.083	Loglikelihood: -44085.2	(delta): 0.0002841
32 (QN/Block) 	Elapsed: 0.08	Loglikelihood: -44085.2	(delta): 0.00111293
33 (QN/Block) 	Elapsed: 0.086	Loglikelihood: -44085.2	(delta): 0.0056022
34 (QN/Block) 	Elapsed: 0.082	Loglikelihood: -44085.1	(delta): 0.182831
35 (QN/Block) 	Elapsed: 0.082	Loglikelihood: -44084.9	(delta): 0.148986
36 (QN/Block) 	Elapsed: 0.08	Loglikelihood: -44084.8	(delta): 0.0584441
37 (QN/Block) 	Elapsed: 0.077	Loglikelihood: -44084.8	(delta): 0.0160891
38 (QN/Block) 	Elapsed: 0.079	Loglikelihood: -44084.8	(delta): 0.0075184
39 (QN/Block) 	Elapsed: 0.078	Loglikelihood: -44084.8	(delta): 0.00654878
40 (QN/Block) 	Elapsed: 0.075	Loglikelihood: -44084.8	(delta): 0.00294814
41 (QN/Block) 	Elapsed: 0.077	Loglikelihood: -44084.8	(delta): 0.00153847
42 (QN/Block) 	Elapsed: 0.076	Loglikelihood: -44084.8	(delta): 0.000347788
43 (QN/Block) 	Elapsed: 0.078	Loglikelihood: -44084.8	(delta): 5.43207e-05
44 (QN/Block) 	Elapsed: 0.076	Loglikelihood: -44084.8	(delta): 7.70367e-06
45 (QN/Block) 	Elapsed: 0.079	Loglikelihood: -44084.8	(delta): 7.43028e-07
46 (QN/Block) 	Elapsed: 0.076	Loglikelihood: -44084.8	(delta): 1.52686e-07
47 (QN/Block) 	Elapsed: 0.09	Loglikelihood: -44084.8	(delta): 2.61352e-08
48 (QN/Block) 	Elapsed: 0.077	Loglikelihood: -44084.8	(delta): 4.51837e-09
49 (QN/Block) 	Elapsed: 0.091	Loglikelihood: -44084.8	(delta): 9.38599e-10
50 (QN/Block) 	Elapsed: 0.084	Loglikelihood: -44084.8	(delta): 7.27596e-11
51 (QN/Block) 	Elapsed: 0.085	Loglikelihood: -44084.8	(delta): 5.82077e-11
52 (QN/Block) 	Elapsed: 0.086	Loglikelihood: -44084.8	(delta): 1.52795e-10
53 (QN/Block) 	Elapsed: 0.084	Loglikelihood: -44084.8	(delta): 1.52795e-10
54 (QN/Block) 	Elapsed: 0.082	Loglikelihood: -44084.8	(delta): 1.52795e-10
55 (QN/Block) 	Elapsed: 0.087	Loglikelihood: -44084.8	(delta): 5.82077e-11
56 (QN/Block) 	Elapsed: 0.085	Loglikelihood: -44084.8	(delta): 5.82077e-11
57 (QN/Block) 	Elapsed: 0.089	Loglikelihood: -44084.8	(delta): 5.82077e-11
58 (QN/Block) 	Elapsed: 0.086	Loglikelihood: -44084.8	(delta): 7.27596e-11
59 (QN/Block) 	Elapsed: 0.096	Loglikelihood: -44084.8	(delta): -2.91038e-11
60 (QN/Block) 	Elapsed: 0.09	Loglikelihood: -44084.8	(delta): 7.27596e-11
61 (QN/Block) 	Elapsed: 0.084	Loglikelihood: -44084.8	(delta): 2.25555e-10
62 (QN/Block) 	Elapsed: 0.083	Loglikelihood: -44084.8	(delta): 1.01863e-10
63 (QN/Block) 	Elapsed: 0.081	Loglikelihood: -44084.8	(delta): -3.63798e-11
64 (QN/Block) 	Elapsed: 0.082	Loglikelihood: -44084.8	(delta): 2.18279e-10
65 (QN/Block) 	Elapsed: 0.085	Loglikelihood: -44084.8	(delta): -2.91038e-11
66 (QN/Block) 	Elapsed: 0.081	Loglikelihood: -44084.8	(delta): 5.82077e-11
67 (QN/Block) 	Elapsed: 0.081	Loglikelihood: -44084.8	(delta): 1.74623e-10
68 (QN/Block) 	Elapsed: 0.083	Loglikelihood: -44084.8	(delta): -1.23691e-10
69 (QN/Block) 	Elapsed: 0.08	Loglikelihood: -44084.8	(delta): 3.63798e-11
70 (QN/Block) 	Elapsed: 0.093	Loglikelihood: -44084.8	(delta): 1.09139e-10
71 (QN/Block) 	Elapsed: 0.082	Loglikelihood: -44084.8	(delta): 1.52795e-10
72 (QN/Block) 	Elapsed: 0.085	Loglikelihood: -44084.8	(delta): 6.54836e-11
73 (QN/Block) 	Elapsed: 0.077	Loglikelihood: -44084.8	(delta): 7.27596e-11
74 (QN/Block) 	Elapsed: 0.077	Loglikelihood: -44084.8	(delta): 1.45519e-11
75 (QN/Block) 	Elapsed: 0.082	Loglikelihood: -44084.8	(delta): 2.76486e-10
76 (QN/Block) 	Elapsed: 0.079	Loglikelihood: -44084.8	(delta): 1.45519e-11
77 (QN/Block) 	Elapsed: 0.079	Loglikelihood: -44084.8	(delta): 1.89175e-10
78 (QN/Block) 	Elapsed: 0.082	Loglikelihood: -44084.8	(delta): 1.89175e-10
79 (QN/Block) 	Elapsed: 0.077	Loglikelihood: -44084.8	(delta): -6.54836e-11
80 (QN/Block) 	Elapsed: 0.089	Loglikelihood: -44084.8	(delta): 5.09317e-11
81 (QN/Block) 	Elapsed: 0.083	Loglikelihood: -44084.8	(delta): 1.38243e-10
82 (QN/Block) 	Elapsed: 0.088	Loglikelihood: -44084.8	(delta): 8.73115e-11
83 (QN/Block) 	Elapsed: 0.097	Loglikelihood: -44084.8	(delta): 1.52795e-10
84 (QN/Block) 	Elapsed: 0.088	Loglikelihood: -44084.8	(delta): -8.00355e-11
85 (QN/Block) 	Elapsed: 0.083	Loglikelihood: -44084.8	(delta): 3.63798e-10
86 (QN/Block) 	Elapsed: 0.082	Loglikelihood: -44084.8	(delta): 7.27596e-12
87 (QN/Block) 	Elapsed: 0.08	Loglikelihood: -44084.8	(delta): -6.54836e-11
88 (QN/Block) 	Elapsed: 0.083	Loglikelihood: -44084.8	(delta): 1.45519e-10
89 (QN/Block) 	Elapsed: 0.091	Loglikelihood: -44084.8	(delta): -9.45874e-11
90 (QN/Block) 	Elapsed: 0.084	Loglikelihood: -44084.8	(delta): 6.54836e-11
91 (QN/Block) 	Elapsed: 0.093	Loglikelihood: -44084.8	(delta): -1.96451e-10
92 (QN/Block) 	Elapsed: 0.085	Loglikelihood: -44084.8	(delta): 1.09139e-10
93 (QN/Block) 	Elapsed: 0.084	Loglikelihood: -44084.8	(delta): 1.45519e-11
94 (QN/Block) 	Elapsed: 0.083	Loglikelihood: -44084.8	(delta): 2.18279e-10
95 (QN/Block) 	Elapsed: 0.078	Loglikelihood: -44084.8	(delta): 8.73115e-11
96 (QN/Block) 	Elapsed: 0.083	Loglikelihood: -44084.8	(delta): -1.01863e-10
97 (QN/Block) 	Elapsed: 0.077	Loglikelihood: -44084.8	(delta): -1.01863e-10
98 (QN/Block) 	Elapsed: 0.079	Loglikelihood: -44084.8	(delta): 9.45874e-11
99 (QN/Block) 	Elapsed: 0.078	Loglikelihood: -44084.8	(delta): 6.54836e-11
100 (QN/Block) 	Elapsed: 0.078	Loglikelihood: -44084.8	(delta): 1.38243e-10
Summary: 
Converged in 100 iterations (8.565 sec)
Loglikelihood: -44084.811875
Fst divergences between estimated populations: 
	Pop0	Pop1	Pop2	Pop3	Pop4	Pop5	Pop6	Pop7	
Pop0	
Pop1	0.439	
Pop2	0.852	0.825	
Pop3	0.399	0.233	0.822	
Pop4	0.391	0.163	0.811	0.176	
Pop5	0.873	0.856	0.877	0.856	0.846	
Pop6	0.877	0.848	0.524	0.844	0.834	0.892	
Pop7	0.422	0.226	0.819	0.175	0.160	0.854	0.844	
Pop8	0.849	0.831	0.859	0.830	0.820	0.367	0.873	0.827	
CV error (K=9): 0.08493
Writing output files.
