****                   ADMIXTURE Version 1.3.0                  ****
****                    Copyright 2008-2015                     ****
****           David Alexander, Suyash Shringarpure,            ****
****                John  Novembre, Ken Lange                   ****
****                                                            ****
****                 Please cite our paper!                     ****
****   Information at www.genetics.ucla.edu/software/admixture  ****

Parallel execution requested.  Will use 8 threads.
Cross-validation will be performed.  Folds=10.
Random seed: 43
Point estimation method: Block relaxation algorithm
Convergence acceleration algorithm: QuasiNewton, 3 secant conditions
Point estimation will terminate at 100 iterations
Estimation of standard errors disabled; will compute point estimates only.
Size of G: 557x751
Performing five EM steps to prime main algorithm
1 (EM) 	Elapsed: 0.038	Loglikelihood: -240882	(delta): 329735
2 (EM) 	Elapsed: 0.037	Loglikelihood: -230222	(delta): 10659.7
3 (EM) 	Elapsed: 0.038	Loglikelihood: -227086	(delta): 3135.86
4 (EM) 	Elapsed: 0.036	Loglikelihood: -223469	(delta): 3617.65
5 (EM) 	Elapsed: 0.037	Loglikelihood: -217705	(delta): 5763.44
Initial loglikelihood: -217705
Starting main algorithm
1 (QN/Block) 	Elapsed: 0.055	Loglikelihood: -70053.2	(delta): 147652
2 (QN/Block) 	Elapsed: 0.055	Loglikelihood: -52741.8	(delta): 17311.4
3 (QN/Block) 	Elapsed: 0.056	Loglikelihood: -49412.1	(delta): 3329.75
4 (QN/Block) 	Elapsed: 0.057	Loglikelihood: -47440.9	(delta): 1971.19
5 (QN/Block) 	Elapsed: 0.065	Loglikelihood: -46362	(delta): 1078.86
6 (QN/Block) 	Elapsed: 0.064	Loglikelihood: -45956.5	(delta): 405.484
7 (QN/Block) 	Elapsed: 0.068	Loglikelihood: -45874	(delta): 82.5616
8 (QN/Block) 	Elapsed: 0.059	Loglikelihood: -45856.1	(delta): 17.894
9 (QN/Block) 	Elapsed: 0.064	Loglikelihood: -45852.2	(delta): 3.83748
10 (QN/Block) 	Elapsed: 0.06	Loglikelihood: -45851.2	(delta): 1.03082
11 (QN/Block) 	Elapsed: 0.065	Loglikelihood: -45851.1	(delta): 0.129924
12 (QN/Block) 	Elapsed: 0.055	Loglikelihood: -45851.1	(delta): 0.0100565
13 (QN/Block) 	Elapsed: 0.057	Loglikelihood: -45851	(delta): 0.00389889
14 (QN/Block) 	Elapsed: 0.063	Loglikelihood: -45851	(delta): 0.00202237
15 (QN/Block) 	Elapsed: 0.062	Loglikelihood: -45851	(delta): 0.00238906
16 (QN/Block) 	Elapsed: 0.059	Loglikelihood: -45851	(delta): 0.00944888
17 (QN/Block) 	Elapsed: 0.061	Loglikelihood: -45851	(delta): 0.000145845
18 (QN/Block) 	Elapsed: 0.063	Loglikelihood: -45851	(delta): 5.82283e-06
19 (QN/Block) 	Elapsed: 0.059	Loglikelihood: -45851	(delta): 3.10782e-06
20 (QN/Block) 	Elapsed: 0.058	Loglikelihood: -45851	(delta): 1.08557e-08
21 (QN/Block) 	Elapsed: 0.059	Loglikelihood: -45851	(delta): 2.91038e-10
22 (QN/Block) 	Elapsed: 0.07	Loglikelihood: -45851	(delta): 6.54836e-11
23 (QN/Block) 	Elapsed: 0.06	Loglikelihood: -45851	(delta): 2.91038e-11
24 (QN/Block) 	Elapsed: 0.062	Loglikelihood: -45851	(delta): 2.91038e-11
25 (QN/Block) 	Elapsed: 0.056	Loglikelihood: -45851	(delta): 5.09317e-11
26 (QN/Block) 	Elapsed: 0.06	Loglikelihood: -45851	(delta): 5.09317e-11
27 (QN/Block) 	Elapsed: 0.056	Loglikelihood: -45851	(delta): 7.27596e-12
28 (QN/Block) 	Elapsed: 0.058	Loglikelihood: -45851	(delta): 2.91038e-11
29 (QN/Block) 	Elapsed: 0.058	Loglikelihood: -45851	(delta): 1.45519e-11
30 (QN/Block) 	Elapsed: 0.059	Loglikelihood: -45851	(delta): 0
31 (QN/Block) 	Elapsed: 0.056	Loglikelihood: -45851	(delta): 3.63798e-11
32 (QN/Block) 	Elapsed: 0.062	Loglikelihood: -45851	(delta): 3.63798e-11
33 (QN/Block) 	Elapsed: 0.06	Loglikelihood: -45851	(delta): 2.18279e-11
34 (QN/Block) 	Elapsed: 0.057	Loglikelihood: -45851	(delta): 3.63798e-11
35 (QN/Block) 	Elapsed: 0.055	Loglikelihood: -45851	(delta): 3.63798e-11
36 (QN/Block) 	Elapsed: 0.058	Loglikelihood: -45851	(delta): -1.45519e-11
37 (QN/Block) 	Elapsed: 0.059	Loglikelihood: -45851	(delta): 7.27596e-12
38 (QN/Block) 	Elapsed: 0.062	Loglikelihood: -45851	(delta): 3.63798e-11
39 (QN/Block) 	Elapsed: 0.067	Loglikelihood: -45851	(delta): -7.27596e-12
40 (QN/Block) 	Elapsed: 0.059	Loglikelihood: -45851	(delta): 2.18279e-11
41 (QN/Block) 	Elapsed: 0.063	Loglikelihood: -45851	(delta): 2.91038e-11
42 (QN/Block) 	Elapsed: 0.055	Loglikelihood: -45851	(delta): 2.18279e-11
43 (QN/Block) 	Elapsed: 0.056	Loglikelihood: -45851	(delta): -7.27596e-12
44 (QN/Block) 	Elapsed: 0.058	Loglikelihood: -45851	(delta): 1.45519e-11
45 (QN/Block) 	Elapsed: 0.063	Loglikelihood: -45851	(delta): 4.36557e-11
46 (QN/Block) 	Elapsed: 0.057	Loglikelihood: -45851	(delta): 2.18279e-11
47 (QN/Block) 	Elapsed: 0.064	Loglikelihood: -45851	(delta): -1.45519e-11
48 (QN/Block) 	Elapsed: 0.058	Loglikelihood: -45851	(delta): 2.18279e-11
49 (QN/Block) 	Elapsed: 0.064	Loglikelihood: -45851	(delta): -7.27596e-12
50 (QN/Block) 	Elapsed: 0.056	Loglikelihood: -45851	(delta): -1.45519e-11
51 (QN/Block) 	Elapsed: 0.061	Loglikelihood: -45851	(delta): -3.63798e-11
52 (QN/Block) 	Elapsed: 0.057	Loglikelihood: -45851	(delta): 2.18279e-11
53 (QN/Block) 	Elapsed: 0.06	Loglikelihood: -45851	(delta): 4.36557e-11
54 (QN/Block) 	Elapsed: 0.057	Loglikelihood: -45851	(delta): 2.18279e-11
55 (QN/Block) 	Elapsed: 0.06	Loglikelihood: -45851	(delta): 1.45519e-11
56 (QN/Block) 	Elapsed: 0.056	Loglikelihood: -45851	(delta): -2.18279e-11
57 (QN/Block) 	Elapsed: 0.056	Loglikelihood: -45851	(delta): -1.45519e-11
58 (QN/Block) 	Elapsed: 0.063	Loglikelihood: -45851	(delta): 3.63798e-11
59 (QN/Block) 	Elapsed: 0.067	Loglikelihood: -45851	(delta): 1.45519e-11
60 (QN/Block) 	Elapsed: 0.064	Loglikelihood: -45851	(delta): -1.45519e-11
61 (QN/Block) 	Elapsed: 0.063	Loglikelihood: -45851	(delta): -2.91038e-11
62 (QN/Block) 	Elapsed: 0.066	Loglikelihood: -45851	(delta): 7.27596e-12
63 (QN/Block) 	Elapsed: 0.062	Loglikelihood: -45851	(delta): -2.18279e-11
64 (QN/Block) 	Elapsed: 0.062	Loglikelihood: -45851	(delta): 1.45519e-11
65 (QN/Block) 	Elapsed: 0.06	Loglikelihood: -45851	(delta): -7.27596e-12
66 (QN/Block) 	Elapsed: 0.058	Loglikelihood: -45851	(delta): 3.63798e-11
67 (QN/Block) 	Elapsed: 0.058	Loglikelihood: -45851	(delta): -2.18279e-11
68 (QN/Block) 	Elapsed: 0.063	Loglikelihood: -45851	(delta): -1.45519e-11
69 (QN/Block) 	Elapsed: 0.061	Loglikelihood: -45851	(delta): -7.27596e-12
70 (QN/Block) 	Elapsed: 0.064	Loglikelihood: -45851	(delta): -2.18279e-11
71 (QN/Block) 	Elapsed: 0.071	Loglikelihood: -45851	(delta): -1.45519e-11
72 (QN/Block) 	Elapsed: 0.061	Loglikelihood: -45851	(delta): 0
73 (QN/Block) 	Elapsed: 0.06	Loglikelihood: -45851	(delta): 1.45519e-11
74 (QN/Block) 	Elapsed: 0.06	Loglikelihood: -45851	(delta): -2.18279e-11
75 (QN/Block) 	Elapsed: 0.062	Loglikelihood: -45851	(delta): 3.63798e-11
76 (QN/Block) 	Elapsed: 0.059	Loglikelihood: -45851	(delta): 7.27596e-12
77 (QN/Block) 	Elapsed: 0.06	Loglikelihood: -45851	(delta): -2.91038e-11
78 (QN/Block) 	Elapsed: 0.06	Loglikelihood: -45851	(delta): 0
79 (QN/Block) 	Elapsed: 0.062	Loglikelihood: -45851	(delta): 0
80 (QN/Block) 	Elapsed: 0.063	Loglikelihood: -45851	(delta): -2.18279e-11
81 (QN/Block) 	Elapsed: 0.065	Loglikelihood: -45851	(delta): 0
82 (QN/Block) 	Elapsed: 0.06	Loglikelihood: -45851	(delta): -2.91038e-11
83 (QN/Block) 	Elapsed: 0.058	Loglikelihood: -45851	(delta): 2.18279e-11
84 (QN/Block) 	Elapsed: 0.062	Loglikelihood: -45851	(delta): -2.91038e-11
85 (QN/Block) 	Elapsed: 0.061	Loglikelihood: -45851	(delta): 7.27596e-12
86 (QN/Block) 	Elapsed: 0.063	Loglikelihood: -45851	(delta): 0
87 (QN/Block) 	Elapsed: 0.066	Loglikelihood: -45851	(delta): -7.27596e-12
88 (QN/Block) 	Elapsed: 0.059	Loglikelihood: -45851	(delta): -5.09317e-11
89 (QN/Block) 	Elapsed: 0.064	Loglikelihood: -45851	(delta): -7.27596e-12
90 (QN/Block) 	Elapsed: 0.064	Loglikelihood: -45851	(delta): -2.91038e-11
91 (QN/Block) 	Elapsed: 0.064	Loglikelihood: -45851	(delta): -7.27596e-12
92 (QN/Block) 	Elapsed: 0.056	Loglikelihood: -45851	(delta): 0
93 (QN/Block) 	Elapsed: 0.058	Loglikelihood: -45851	(delta): -7.27596e-12
94 (QN/Block) 	Elapsed: 0.057	Loglikelihood: -45851	(delta): 0
95 (QN/Block) 	Elapsed: 0.059	Loglikelihood: -45851	(delta): -1.45519e-11
96 (QN/Block) 	Elapsed: 0.066	Loglikelihood: -45851	(delta): -2.18279e-11
97 (QN/Block) 	Elapsed: 0.069	Loglikelihood: -45851	(delta): 2.18279e-11
98 (QN/Block) 	Elapsed: 0.063	Loglikelihood: -45851	(delta): 0
99 (QN/Block) 	Elapsed: 0.058	Loglikelihood: -45851	(delta): -7.27596e-12
100 (QN/Block) 	Elapsed: 0.062	Loglikelihood: -45851	(delta): 2.91038e-11
Summary: 
Converged in 100 iterations (6.425 sec)
Loglikelihood: -45851.034514
Fst divergences between estimated populations: 
	Pop0	Pop1	Pop2	Pop3	Pop4	
Pop0	
Pop1	0.840	
Pop2	0.800	0.880	
Pop3	0.354	0.875	0.851	
Pop4	0.823	0.894	0.524	0.876	
Pop5	0.813	0.356	0.859	0.848	0.873	
CV error (K=6): 0.08326
Writing output files.
