****                   ADMIXTURE Version 1.3.0                  ****
****                    Copyright 2008-2015                     ****
****           David Alexander, Suyash Shringarpure,            ****
****                John  Novembre, Ken Lange                   ****
****                                                            ****
****                 Please cite our paper!                     ****
****   Information at www.genetics.ucla.edu/software/admixture  ****

Parallel execution requested.  Will use 8 threads.
Cross-validation will be performed.  Folds=10.
Random seed: 43
Point estimation method: Block relaxation algorithm
Convergence acceleration algorithm: QuasiNewton, 3 secant conditions
Point estimation will terminate at 100 iterations
Estimation of standard errors disabled; will compute point estimates only.
Size of G: 557x751
Performing five EM steps to prime main algorithm
1 (EM) 	Elapsed: 0.043	Loglikelihood: -241349	(delta): 325710
2 (EM) 	Elapsed: 0.045	Loglikelihood: -229691	(delta): 11658.2
3 (EM) 	Elapsed: 0.043	Loglikelihood: -224985	(delta): 4706.25
4 (EM) 	Elapsed: 0.043	Loglikelihood: -217780	(delta): 7204.67
5 (EM) 	Elapsed: 0.047	Loglikelihood: -205177	(delta): 12603
Initial loglikelihood: -205177
Starting main algorithm
1 (QN/Block) 	Elapsed: 0.058	Loglikelihood: -59878.6	(delta): 145299
2 (QN/Block) 	Elapsed: 0.064	Loglikelihood: -52600.9	(delta): 7277.65
3 (QN/Block) 	Elapsed: 0.067	Loglikelihood: -49529.7	(delta): 3071.18
4 (QN/Block) 	Elapsed: 0.061	Loglikelihood: -46746.4	(delta): 2783.28
5 (QN/Block) 	Elapsed: 0.067	Loglikelihood: -45541.2	(delta): 1205.26
6 (QN/Block) 	Elapsed: 0.061	Loglikelihood: -45011.9	(delta): 529.331
7 (QN/Block) 	Elapsed: 0.068	Loglikelihood: -44919	(delta): 92.82
8 (QN/Block) 	Elapsed: 0.068	Loglikelihood: -44880.5	(delta): 38.5789
9 (QN/Block) 	Elapsed: 0.067	Loglikelihood: -44867.5	(delta): 13.0058
10 (QN/Block) 	Elapsed: 0.059	Loglikelihood: -44865.4	(delta): 2.07532
11 (QN/Block) 	Elapsed: 0.062	Loglikelihood: -44864.9	(delta): 0.431266
12 (QN/Block) 	Elapsed: 0.064	Loglikelihood: -44864.8	(delta): 0.107817
13 (QN/Block) 	Elapsed: 0.068	Loglikelihood: -44864.8	(delta): 0.020963
14 (QN/Block) 	Elapsed: 0.059	Loglikelihood: -44864.8	(delta): 0.0079544
15 (QN/Block) 	Elapsed: 0.059	Loglikelihood: -44864.8	(delta): 0.00344287
16 (QN/Block) 	Elapsed: 0.062	Loglikelihood: -44864.8	(delta): 0.00587426
17 (QN/Block) 	Elapsed: 0.06	Loglikelihood: -44864.8	(delta): 0.00260221
18 (QN/Block) 	Elapsed: 0.07	Loglikelihood: -44864.8	(delta): 0.00221299
19 (QN/Block) 	Elapsed: 0.083	Loglikelihood: -44864.8	(delta): 0.00413931
20 (QN/Block) 	Elapsed: 0.069	Loglikelihood: -44864.8	(delta): 0.000884776
21 (QN/Block) 	Elapsed: 0.068	Loglikelihood: -44864.8	(delta): 0.000616734
22 (QN/Block) 	Elapsed: 0.065	Loglikelihood: -44864.8	(delta): 5.98215e-07
23 (QN/Block) 	Elapsed: 0.067	Loglikelihood: -44864.8	(delta): 2.15907e-07
24 (QN/Block) 	Elapsed: 0.066	Loglikelihood: -44864.8	(delta): 2.0428e-07
25 (QN/Block) 	Elapsed: 0.066	Loglikelihood: -44864.8	(delta): 4.03088e-09
26 (QN/Block) 	Elapsed: 0.069	Loglikelihood: -44864.8	(delta): 6.4756e-10
27 (QN/Block) 	Elapsed: 0.066	Loglikelihood: -44864.8	(delta): 1.30967e-10
28 (QN/Block) 	Elapsed: 0.065	Loglikelihood: -44864.8	(delta): 1.38243e-10
29 (QN/Block) 	Elapsed: 0.066	Loglikelihood: -44864.8	(delta): 9.45874e-11
30 (QN/Block) 	Elapsed: 0.076	Loglikelihood: -44864.8	(delta): 1.60071e-10
31 (QN/Block) 	Elapsed: 0.076	Loglikelihood: -44864.8	(delta): 3.63798e-11
32 (QN/Block) 	Elapsed: 0.072	Loglikelihood: -44864.8	(delta): 1.01863e-10
33 (QN/Block) 	Elapsed: 0.077	Loglikelihood: -44864.8	(delta): 2.91038e-11
34 (QN/Block) 	Elapsed: 0.07	Loglikelihood: -44864.8	(delta): 3.63798e-10
35 (QN/Block) 	Elapsed: 0.066	Loglikelihood: -44864.8	(delta): 1.09139e-10
36 (QN/Block) 	Elapsed: 0.063	Loglikelihood: -44864.8	(delta): 1.01863e-10
37 (QN/Block) 	Elapsed: 0.068	Loglikelihood: -44864.8	(delta): 8.00355e-11
38 (QN/Block) 	Elapsed: 0.069	Loglikelihood: -44864.8	(delta): 2.32831e-10
39 (QN/Block) 	Elapsed: 0.067	Loglikelihood: -44864.8	(delta): 8.73115e-11
40 (QN/Block) 	Elapsed: 0.073	Loglikelihood: -44864.8	(delta): 5.09317e-11
41 (QN/Block) 	Elapsed: 0.077	Loglikelihood: -44864.8	(delta): -1.38243e-10
42 (QN/Block) 	Elapsed: 0.064	Loglikelihood: -44864.8	(delta): 1.30967e-10
43 (QN/Block) 	Elapsed: 0.064	Loglikelihood: -44864.8	(delta): 1.89175e-10
44 (QN/Block) 	Elapsed: 0.068	Loglikelihood: -44864.8	(delta): 1.52795e-10
45 (QN/Block) 	Elapsed: 0.069	Loglikelihood: -44864.8	(delta): 1.96451e-10
46 (QN/Block) 	Elapsed: 0.067	Loglikelihood: -44864.8	(delta): 2.91038e-11
47 (QN/Block) 	Elapsed: 0.068	Loglikelihood: -44864.8	(delta): 1.09139e-10
48 (QN/Block) 	Elapsed: 0.068	Loglikelihood: -44864.8	(delta): -1.45519e-11
49 (QN/Block) 	Elapsed: 0.075	Loglikelihood: -44864.8	(delta): 2.18279e-11
50 (QN/Block) 	Elapsed: 0.068	Loglikelihood: -44864.8	(delta): -2.18279e-11
51 (QN/Block) 	Elapsed: 0.077	Loglikelihood: -44864.8	(delta): 1.67347e-10
52 (QN/Block) 	Elapsed: 0.068	Loglikelihood: -44864.8	(delta): 1.45519e-10
53 (QN/Block) 	Elapsed: 0.071	Loglikelihood: -44864.8	(delta): -1.74623e-10
54 (QN/Block) 	Elapsed: 0.067	Loglikelihood: -44864.8	(delta): 1.16415e-10
55 (QN/Block) 	Elapsed: 0.074	Loglikelihood: -44864.8	(delta): 2.6921e-10
56 (QN/Block) 	Elapsed: 0.071	Loglikelihood: -44864.8	(delta): -1.89175e-10
57 (QN/Block) 	Elapsed: 0.074	Loglikelihood: -44864.8	(delta): 1.01863e-10
58 (QN/Block) 	Elapsed: 0.066	Loglikelihood: -44864.8	(delta): 1.23691e-10
59 (QN/Block) 	Elapsed: 0.073	Loglikelihood: -44864.8	(delta): 1.45519e-10
60 (QN/Block) 	Elapsed: 0.065	Loglikelihood: -44864.8	(delta): 4.36557e-11
61 (QN/Block) 	Elapsed: 0.089	Loglikelihood: -44864.8	(delta): -1.89175e-10
62 (QN/Block) 	Elapsed: 0.086	Loglikelihood: -44864.8	(delta): 2.32831e-10
63 (QN/Block) 	Elapsed: 0.082	Loglikelihood: -44864.8	(delta): 1.96451e-10
64 (QN/Block) 	Elapsed: 0.078	Loglikelihood: -44864.8	(delta): -1.01863e-10
65 (QN/Block) 	Elapsed: 0.07	Loglikelihood: -44864.8	(delta): 2.18279e-10
66 (QN/Block) 	Elapsed: 0.073	Loglikelihood: -44864.8	(delta): 1.81899e-10
67 (QN/Block) 	Elapsed: 0.071	Loglikelihood: -44864.8	(delta): 7.27596e-12
68 (QN/Block) 	Elapsed: 0.071	Loglikelihood: -44864.8	(delta): 7.27596e-11
69 (QN/Block) 	Elapsed: 0.074	Loglikelihood: -44864.8	(delta): 1.38243e-10
70 (QN/Block) 	Elapsed: 0.073	Loglikelihood: -44864.8	(delta): -2.91038e-11
71 (QN/Block) 	Elapsed: 0.075	Loglikelihood: -44864.8	(delta): -8.00355e-11
72 (QN/Block) 	Elapsed: 0.067	Loglikelihood: -44864.8	(delta): 7.27596e-12
73 (QN/Block) 	Elapsed: 0.071	Loglikelihood: -44864.8	(delta): 7.27596e-12
74 (QN/Block) 	Elapsed: 0.078	Loglikelihood: -44864.8	(delta): 2.6921e-10
75 (QN/Block) 	Elapsed: 0.072	Loglikelihood: -44864.8	(delta): -2.40107e-10
76 (QN/Block) 	Elapsed: 0.079	Loglikelihood: -44864.8	(delta): 2.18279e-11
77 (QN/Block) 	Elapsed: 0.068	Loglikelihood: -44864.8	(delta): -3.63798e-11
78 (QN/Block) 	Elapsed: 0.073	Loglikelihood: -44864.8	(delta): 1.52795e-10
79 (QN/Block) 	Elapsed: 0.07	Loglikelihood: -44864.8	(delta): 1.16415e-10
80 (QN/Block) 	Elapsed: 0.068	Loglikelihood: -44864.8	(delta): -2.91038e-11
81 (QN/Block) 	Elapsed: 0.074	Loglikelihood: -44864.8	(delta): 1.01863e-10
82 (QN/Block) 	Elapsed: 0.075	Loglikelihood: -44864.8	(delta): 2.03727e-10
83 (QN/Block) 	Elapsed: 0.073	Loglikelihood: -44864.8	(delta): -1.67347e-10
84 (QN/Block) 	Elapsed: 0.067	Loglikelihood: -44864.8	(delta): -8.73115e-11
85 (QN/Block) 	Elapsed: 0.074	Loglikelihood: -44864.8	(delta): 5.09317e-11
86 (QN/Block) 	Elapsed: 0.071	Loglikelihood: -44864.8	(delta): 5.09317e-11
87 (QN/Block) 	Elapsed: 0.074	Loglikelihood: -44864.8	(delta): 2.25555e-10
88 (QN/Block) 	Elapsed: 0.07	Loglikelihood: -44864.8	(delta): -7.27596e-11
89 (QN/Block) 	Elapsed: 0.071	Loglikelihood: -44864.8	(delta): -8.73115e-11
90 (QN/Block) 	Elapsed: 0.065	Loglikelihood: -44864.8	(delta): 0
91 (QN/Block) 	Elapsed: 0.071	Loglikelihood: -44864.8	(delta): 1.38243e-10
92 (QN/Block) 	Elapsed: 0.064	Loglikelihood: -44864.8	(delta): -2.18279e-11
93 (QN/Block) 	Elapsed: 0.069	Loglikelihood: -44864.8	(delta): -1.45519e-10
94 (QN/Block) 	Elapsed: 0.067	Loglikelihood: -44864.8	(delta): 1.45519e-10
95 (QN/Block) 	Elapsed: 0.074	Loglikelihood: -44864.8	(delta): -6.54836e-11
96 (QN/Block) 	Elapsed: 0.069	Loglikelihood: -44864.8	(delta): 2.11003e-10
97 (QN/Block) 	Elapsed: 0.072	Loglikelihood: -44864.8	(delta): -7.27596e-12
98 (QN/Block) 	Elapsed: 0.066	Loglikelihood: -44864.8	(delta): 8.00355e-11
99 (QN/Block) 	Elapsed: 0.07	Loglikelihood: -44864.8	(delta): 1.45519e-11
100 (QN/Block) 	Elapsed: 0.073	Loglikelihood: -44864.8	(delta): -7.27596e-11
Summary: 
Converged in 100 iterations (7.375 sec)
Loglikelihood: -44864.790647
Fst divergences between estimated populations: 
	Pop0	Pop1	Pop2	Pop3	Pop4	Pop5	
Pop0	
Pop1	0.369	
Pop2	0.367	0.076	
Pop3	0.848	0.814	0.816	
Pop4	0.873	0.842	0.844	0.371	
Pop5	0.877	0.827	0.828	0.871	0.893	
Pop6	0.852	0.804	0.804	0.858	0.878	0.524	
CV error (K=7): 0.08190
Writing output files.
