****                   ADMIXTURE Version 1.3.0                  ****
****                    Copyright 2008-2015                     ****
****           David Alexander, Suyash Shringarpure,            ****
****                John  Novembre, Ken Lange                   ****
****                                                            ****
****                 Please cite our paper!                     ****
****   Information at www.genetics.ucla.edu/software/admixture  ****

Parallel execution requested.  Will use 8 threads.
Cross-validation will be performed.  Folds=10.
Random seed: 43
Point estimation method: Block relaxation algorithm
Convergence acceleration algorithm: QuasiNewton, 3 secant conditions
Point estimation will terminate at 100 iterations
Estimation of standard errors disabled; will compute point estimates only.
Size of G: 557x751
Performing five EM steps to prime main algorithm
1 (EM) 	Elapsed: 0.022	Loglikelihood: -242890	(delta): 341314
2 (EM) 	Elapsed: 0.022	Loglikelihood: -232388	(delta): 10502.4
3 (EM) 	Elapsed: 0.022	Loglikelihood: -229381	(delta): 3006.68
4 (EM) 	Elapsed: 0.022	Loglikelihood: -227169	(delta): 2212.72
5 (EM) 	Elapsed: 0.022	Loglikelihood: -224715	(delta): 2453.13
Initial loglikelihood: -224715
Starting main algorithm
1 (QN/Block) 	Elapsed: 0.039	Loglikelihood: -67778.3	(delta): 156937
2 (QN/Block) 	Elapsed: 0.041	Loglikelihood: -56494.8	(delta): 11283.5
3 (QN/Block) 	Elapsed: 0.047	Loglikelihood: -54742	(delta): 1752.84
4 (QN/Block) 	Elapsed: 0.049	Loglikelihood: -52883.4	(delta): 1858.56
5 (QN/Block) 	Elapsed: 0.044	Loglikelihood: -50738.8	(delta): 2144.66
6 (QN/Block) 	Elapsed: 0.049	Loglikelihood: -50335.3	(delta): 403.465
7 (QN/Block) 	Elapsed: 0.053	Loglikelihood: -50098.9	(delta): 236.353
8 (QN/Block) 	Elapsed: 0.045	Loglikelihood: -50045.5	(delta): 53.4123
9 (QN/Block) 	Elapsed: 0.048	Loglikelihood: -50036.7	(delta): 8.85314
10 (QN/Block) 	Elapsed: 0.044	Loglikelihood: -50032.1	(delta): 4.59012
11 (QN/Block) 	Elapsed: 0.047	Loglikelihood: -50031.8	(delta): 0.273839
12 (QN/Block) 	Elapsed: 0.047	Loglikelihood: -50031.8	(delta): 0.00167914
13 (QN/Block) 	Elapsed: 0.043	Loglikelihood: -50031.8	(delta): 0.00175558
14 (QN/Block) 	Elapsed: 0.044	Loglikelihood: -50031.8	(delta): 6.90547e-07
15 (QN/Block) 	Elapsed: 0.044	Loglikelihood: -50031.8	(delta): 6.4756e-10
16 (QN/Block) 	Elapsed: 0.046	Loglikelihood: -50031.8	(delta): -7.27596e-12
17 (QN/Block) 	Elapsed: 0.047	Loglikelihood: -50031.8	(delta): 2.91038e-11
18 (QN/Block) 	Elapsed: 0.046	Loglikelihood: -50031.8	(delta): -7.27596e-12
19 (QN/Block) 	Elapsed: 0.048	Loglikelihood: -50031.8	(delta): 0
20 (QN/Block) 	Elapsed: 0.049	Loglikelihood: -50031.8	(delta): -7.27596e-12
21 (QN/Block) 	Elapsed: 0.047	Loglikelihood: -50031.8	(delta): 3.63798e-11
22 (QN/Block) 	Elapsed: 0.049	Loglikelihood: -50031.8	(delta): -1.45519e-11
23 (QN/Block) 	Elapsed: 0.048	Loglikelihood: -50031.8	(delta): 0
24 (QN/Block) 	Elapsed: 0.048	Loglikelihood: -50031.8	(delta): 2.18279e-11
25 (QN/Block) 	Elapsed: 0.048	Loglikelihood: -50031.8	(delta): -2.18279e-11
26 (QN/Block) 	Elapsed: 0.047	Loglikelihood: -50031.8	(delta): 2.18279e-11
27 (QN/Block) 	Elapsed: 0.056	Loglikelihood: -50031.8	(delta): -7.27596e-12
28 (QN/Block) 	Elapsed: 0.052	Loglikelihood: -50031.8	(delta): -1.45519e-11
29 (QN/Block) 	Elapsed: 0.05	Loglikelihood: -50031.8	(delta): 1.45519e-11
30 (QN/Block) 	Elapsed: 0.048	Loglikelihood: -50031.8	(delta): -1.45519e-11
31 (QN/Block) 	Elapsed: 0.053	Loglikelihood: -50031.8	(delta): 2.91038e-11
32 (QN/Block) 	Elapsed: 0.051	Loglikelihood: -50031.8	(delta): 0
33 (QN/Block) 	Elapsed: 0.051	Loglikelihood: -50031.8	(delta): 0
34 (QN/Block) 	Elapsed: 0.048	Loglikelihood: -50031.8	(delta): -1.45519e-11
35 (QN/Block) 	Elapsed: 0.049	Loglikelihood: -50031.8	(delta): 0
36 (QN/Block) 	Elapsed: 0.046	Loglikelihood: -50031.8	(delta): 7.27596e-12
37 (QN/Block) 	Elapsed: 0.055	Loglikelihood: -50031.8	(delta): 7.27596e-12
38 (QN/Block) 	Elapsed: 0.055	Loglikelihood: -50031.8	(delta): -1.45519e-11
39 (QN/Block) 	Elapsed: 0.056	Loglikelihood: -50031.8	(delta): 0
40 (QN/Block) 	Elapsed: 0.047	Loglikelihood: -50031.8	(delta): -7.27596e-12
41 (QN/Block) 	Elapsed: 0.044	Loglikelihood: -50031.8	(delta): 0
42 (QN/Block) 	Elapsed: 0.052	Loglikelihood: -50031.8	(delta): 2.18279e-11
43 (QN/Block) 	Elapsed: 0.048	Loglikelihood: -50031.8	(delta): 0
44 (QN/Block) 	Elapsed: 0.05	Loglikelihood: -50031.8	(delta): 1.45519e-11
45 (QN/Block) 	Elapsed: 0.052	Loglikelihood: -50031.8	(delta): -7.27596e-12
46 (QN/Block) 	Elapsed: 0.054	Loglikelihood: -50031.8	(delta): -7.27596e-12
47 (QN/Block) 	Elapsed: 0.063	Loglikelihood: -50031.8	(delta): 1.45519e-11
48 (QN/Block) 	Elapsed: 0.05	Loglikelihood: -50031.8	(delta): -2.18279e-11
49 (QN/Block) 	Elapsed: 0.05	Loglikelihood: -50031.8	(delta): 1.45519e-11
50 (QN/Block) 	Elapsed: 0.05	Loglikelihood: -50031.8	(delta): -7.27596e-12
51 (QN/Block) 	Elapsed: 0.05	Loglikelihood: -50031.8	(delta): 1.45519e-11
52 (QN/Block) 	Elapsed: 0.049	Loglikelihood: -50031.8	(delta): -7.27596e-12
53 (QN/Block) 	Elapsed: 0.048	Loglikelihood: -50031.8	(delta): -7.27596e-12
54 (QN/Block) 	Elapsed: 0.054	Loglikelihood: -50031.8	(delta): -7.27596e-12
55 (QN/Block) 	Elapsed: 0.049	Loglikelihood: -50031.8	(delta): 1.45519e-11
56 (QN/Block) 	Elapsed: 0.05	Loglikelihood: -50031.8	(delta): 0
57 (QN/Block) 	Elapsed: 0.047	Loglikelihood: -50031.8	(delta): 2.18279e-11
58 (QN/Block) 	Elapsed: 0.048	Loglikelihood: -50031.8	(delta): -2.91038e-11
59 (QN/Block) 	Elapsed: 0.046	Loglikelihood: -50031.8	(delta): -7.27596e-12
60 (QN/Block) 	Elapsed: 0.048	Loglikelihood: -50031.8	(delta): 1.45519e-11
61 (QN/Block) 	Elapsed: 0.052	Loglikelihood: -50031.8	(delta): 0
62 (QN/Block) 	Elapsed: 0.054	Loglikelihood: -50031.8	(delta): -7.27596e-12
63 (QN/Block) 	Elapsed: 0.055	Loglikelihood: -50031.8	(delta): 7.27596e-12
64 (QN/Block) 	Elapsed: 0.053	Loglikelihood: -50031.8	(delta): 1.45519e-11
65 (QN/Block) 	Elapsed: 0.055	Loglikelihood: -50031.8	(delta): 0
66 (QN/Block) 	Elapsed: 0.054	Loglikelihood: -50031.8	(delta): -7.27596e-12
67 (QN/Block) 	Elapsed: 0.049	Loglikelihood: -50031.8	(delta): 0
68 (QN/Block) 	Elapsed: 0.047	Loglikelihood: -50031.8	(delta): 7.27596e-12
69 (QN/Block) 	Elapsed: 0.047	Loglikelihood: -50031.8	(delta): -7.27596e-12
70 (QN/Block) 	Elapsed: 0.048	Loglikelihood: -50031.8	(delta): 0
71 (QN/Block) 	Elapsed: 0.056	Loglikelihood: -50031.8	(delta): 7.27596e-12
72 (QN/Block) 	Elapsed: 0.052	Loglikelihood: -50031.8	(delta): 1.45519e-11
73 (QN/Block) 	Elapsed: 0.053	Loglikelihood: -50031.8	(delta): -1.45519e-11
74 (QN/Block) 	Elapsed: 0.05	Loglikelihood: -50031.8	(delta): -1.45519e-11
75 (QN/Block) 	Elapsed: 0.055	Loglikelihood: -50031.8	(delta): 1.45519e-11
76 (QN/Block) 	Elapsed: 0.051	Loglikelihood: -50031.8	(delta): 0
77 (QN/Block) 	Elapsed: 0.051	Loglikelihood: -50031.8	(delta): -7.27596e-12
78 (QN/Block) 	Elapsed: 0.053	Loglikelihood: -50031.8	(delta): 7.27596e-12
79 (QN/Block) 	Elapsed: 0.054	Loglikelihood: -50031.8	(delta): -1.45519e-11
80 (QN/Block) 	Elapsed: 0.048	Loglikelihood: -50031.8	(delta): 7.27596e-12
81 (QN/Block) 	Elapsed: 0.049	Loglikelihood: -50031.8	(delta): 2.18279e-11
82 (QN/Block) 	Elapsed: 0.046	Loglikelihood: -50031.8	(delta): -2.18279e-11
83 (QN/Block) 	Elapsed: 0.047	Loglikelihood: -50031.8	(delta): 0
84 (QN/Block) 	Elapsed: 0.047	Loglikelihood: -50031.8	(delta): 7.27596e-12
85 (QN/Block) 	Elapsed: 0.055	Loglikelihood: -50031.8	(delta): -1.45519e-11
86 (QN/Block) 	Elapsed: 0.059	Loglikelihood: -50031.8	(delta): 1.45519e-11
87 (QN/Block) 	Elapsed: 0.051	Loglikelihood: -50031.8	(delta): -2.18279e-11
88 (QN/Block) 	Elapsed: 0.055	Loglikelihood: -50031.8	(delta): 2.18279e-11
89 (QN/Block) 	Elapsed: 0.051	Loglikelihood: -50031.8	(delta): 0
90 (QN/Block) 	Elapsed: 0.053	Loglikelihood: -50031.8	(delta): 7.27596e-12
91 (QN/Block) 	Elapsed: 0.053	Loglikelihood: -50031.8	(delta): 7.27596e-12
92 (QN/Block) 	Elapsed: 0.045	Loglikelihood: -50031.8	(delta): -7.27596e-12
93 (QN/Block) 	Elapsed: 0.051	Loglikelihood: -50031.8	(delta): 0
94 (QN/Block) 	Elapsed: 0.049	Loglikelihood: -50031.8	(delta): 0
95 (QN/Block) 	Elapsed: 0.052	Loglikelihood: -50031.8	(delta): 1.45519e-11
96 (QN/Block) 	Elapsed: 0.051	Loglikelihood: -50031.8	(delta): -2.18279e-11
97 (QN/Block) 	Elapsed: 0.05	Loglikelihood: -50031.8	(delta): 3.63798e-11
98 (QN/Block) 	Elapsed: 0.05	Loglikelihood: -50031.8	(delta): 0
99 (QN/Block) 	Elapsed: 0.048	Loglikelihood: -50031.8	(delta): -7.27596e-12
100 (QN/Block) 	Elapsed: 0.051	Loglikelihood: -50031.8	(delta): 7.27596e-12
Summary: 
Converged in 100 iterations (5.241 sec)
Loglikelihood: -50031.805143
Fst divergences between estimated populations: 
	Pop0	Pop1	Pop2	
Pop0	
Pop1	0.771	
Pop2	0.825	0.800	
Pop3	0.821	0.354	0.835	
CV error (K=4): 0.09248
Writing output files.
