****                   ADMIXTURE Version 1.3.0                  ****
****                    Copyright 2008-2015                     ****
****           David Alexander, Suyash Shringarpure,            ****
****                John  Novembre, Ken Lange                   ****
****                                                            ****
****                 Please cite our paper!                     ****
****   Information at www.genetics.ucla.edu/software/admixture  ****

Parallel execution requested.  Will use 8 threads.
Cross-validation will be performed.  Folds=10.
Random seed: 43
Point estimation method: Block relaxation algorithm
Convergence acceleration algorithm: QuasiNewton, 3 secant conditions
Point estimation will terminate at 100 iterations
Estimation of standard errors disabled; will compute point estimates only.
Size of G: 335x1606
Performing five EM steps to prime main algorithm
1 (EM) 	Elapsed: 0.029	Loglikelihood: -214400	(delta): 568369
2 (EM) 	Elapsed: 0.032	Loglikelihood: -203018	(delta): 11381.2
3 (EM) 	Elapsed: 0.036	Loglikelihood: -200843	(delta): 2175.92
4 (EM) 	Elapsed: 0.037	Loglikelihood: -199558	(delta): 1284.55
5 (EM) 	Elapsed: 0.033	Loglikelihood: -198651	(delta): 906.633
Initial loglikelihood: -198651
Starting main algorithm
1 (QN/Block) 	Elapsed: 0.061	Loglikelihood: -181113	(delta): 17537.9
2 (QN/Block) 	Elapsed: 0.058	Loglikelihood: -175261	(delta): 5852.47
3 (QN/Block) 	Elapsed: 0.063	Loglikelihood: -173192	(delta): 2069.13
4 (QN/Block) 	Elapsed: 0.061	Loglikelihood: -171887	(delta): 1304.64
5 (QN/Block) 	Elapsed: 0.065	Loglikelihood: -171473	(delta): 414.14
6 (QN/Block) 	Elapsed: 0.062	Loglikelihood: -171371	(delta): 101.744
7 (QN/Block) 	Elapsed: 0.063	Loglikelihood: -171363	(delta): 8.5585
8 (QN/Block) 	Elapsed: 0.059	Loglikelihood: -171362	(delta): 0.333814
9 (QN/Block) 	Elapsed: 0.059	Loglikelihood: -171362	(delta): 0.109226
10 (QN/Block) 	Elapsed: 0.06	Loglikelihood: -171362	(delta): 0.0379966
11 (QN/Block) 	Elapsed: 0.06	Loglikelihood: -171362	(delta): 0.00690855
12 (QN/Block) 	Elapsed: 0.06	Loglikelihood: -171362	(delta): 0.000430401
13 (QN/Block) 	Elapsed: 0.059	Loglikelihood: -171362	(delta): 6.63123e-05
14 (QN/Block) 	Elapsed: 0.06	Loglikelihood: -171362	(delta): 2.12601e-05
15 (QN/Block) 	Elapsed: 0.059	Loglikelihood: -171362	(delta): 2.63925e-06
16 (QN/Block) 	Elapsed: 0.065	Loglikelihood: -171362	(delta): 8.98144e-08
17 (QN/Block) 	Elapsed: 0.06	Loglikelihood: -171362	(delta): 8.67294e-09
18 (QN/Block) 	Elapsed: 0.061	Loglikelihood: -171362	(delta): 9.31323e-10
19 (QN/Block) 	Elapsed: 0.06	Loglikelihood: -171362	(delta): 1.45519e-10
20 (QN/Block) 	Elapsed: 0.065	Loglikelihood: -171362	(delta): 0
21 (QN/Block) 	Elapsed: 0.069	Loglikelihood: -171362	(delta): 2.91038e-11
22 (QN/Block) 	Elapsed: 0.066	Loglikelihood: -171362	(delta): 8.73115e-11
23 (QN/Block) 	Elapsed: 0.06	Loglikelihood: -171362	(delta): 5.82077e-11
24 (QN/Block) 	Elapsed: 0.061	Loglikelihood: -171362	(delta): 0
25 (QN/Block) 	Elapsed: 0.06	Loglikelihood: -171362	(delta): -2.91038e-11
26 (QN/Block) 	Elapsed: 0.064	Loglikelihood: -171362	(delta): 2.91038e-11
27 (QN/Block) 	Elapsed: 0.06	Loglikelihood: -171362	(delta): 2.91038e-11
28 (QN/Block) 	Elapsed: 0.06	Loglikelihood: -171362	(delta): 2.91038e-11
29 (QN/Block) 	Elapsed: 0.06	Loglikelihood: -171362	(delta): -5.82077e-11
30 (QN/Block) 	Elapsed: 0.065	Loglikelihood: -171362	(delta): 5.82077e-11
31 (QN/Block) 	Elapsed: 0.064	Loglikelihood: -171362	(delta): -2.91038e-11
32 (QN/Block) 	Elapsed: 0.069	Loglikelihood: -171362	(delta): 2.91038e-11
33 (QN/Block) 	Elapsed: 0.068	Loglikelihood: -171362	(delta): 0
34 (QN/Block) 	Elapsed: 0.062	Loglikelihood: -171362	(delta): 2.91038e-11
35 (QN/Block) 	Elapsed: 0.064	Loglikelihood: -171362	(delta): 0
36 (QN/Block) 	Elapsed: 0.067	Loglikelihood: -171362	(delta): -2.91038e-11
37 (QN/Block) 	Elapsed: 0.065	Loglikelihood: -171362	(delta): 0
38 (QN/Block) 	Elapsed: 0.068	Loglikelihood: -171362	(delta): 2.91038e-11
39 (QN/Block) 	Elapsed: 0.061	Loglikelihood: -171362	(delta): 0
40 (QN/Block) 	Elapsed: 0.063	Loglikelihood: -171362	(delta): 0
41 (QN/Block) 	Elapsed: 0.063	Loglikelihood: -171362	(delta): 2.91038e-11
42 (QN/Block) 	Elapsed: 0.064	Loglikelihood: -171362	(delta): -5.82077e-11
43 (QN/Block) 	Elapsed: 0.065	Loglikelihood: -171362	(delta): 2.91038e-11
44 (QN/Block) 	Elapsed: 0.06	Loglikelihood: -171362	(delta): 0
45 (QN/Block) 	Elapsed: 0.064	Loglikelihood: -171362	(delta): -2.91038e-11
46 (QN/Block) 	Elapsed: 0.064	Loglikelihood: -171362	(delta): 2.91038e-11
47 (QN/Block) 	Elapsed: 0.063	Loglikelihood: -171362	(delta): -2.91038e-11
48 (QN/Block) 	Elapsed: 0.062	Loglikelihood: -171362	(delta): 2.91038e-11
49 (QN/Block) 	Elapsed: 0.059	Loglikelihood: -171362	(delta): 0
50 (QN/Block) 	Elapsed: 0.063	Loglikelihood: -171362	(delta): 0
51 (QN/Block) 	Elapsed: 0.064	Loglikelihood: -171362	(delta): 2.91038e-11
52 (QN/Block) 	Elapsed: 0.063	Loglikelihood: -171362	(delta): -2.91038e-11
53 (QN/Block) 	Elapsed: 0.065	Loglikelihood: -171362	(delta): 2.91038e-11
54 (QN/Block) 	Elapsed: 0.066	Loglikelihood: -171362	(delta): 0
55 (QN/Block) 	Elapsed: 0.062	Loglikelihood: -171362	(delta): 2.91038e-11
56 (QN/Block) 	Elapsed: 0.058	Loglikelihood: -171362	(delta): -2.91038e-11
57 (QN/Block) 	Elapsed: 0.06	Loglikelihood: -171362	(delta): 2.91038e-11
58 (QN/Block) 	Elapsed: 0.061	Loglikelihood: -171362	(delta): 0
59 (QN/Block) 	Elapsed: 0.061	Loglikelihood: -171362	(delta): 0
60 (QN/Block) 	Elapsed: 0.064	Loglikelihood: -171362	(delta): 0
61 (QN/Block) 	Elapsed: 0.058	Loglikelihood: -171362	(delta): 0
62 (QN/Block) 	Elapsed: 0.064	Loglikelihood: -171362	(delta): 0
63 (QN/Block) 	Elapsed: 0.064	Loglikelihood: -171362	(delta): 2.91038e-11
64 (QN/Block) 	Elapsed: 0.065	Loglikelihood: -171362	(delta): -2.91038e-11
65 (QN/Block) 	Elapsed: 0.065	Loglikelihood: -171362	(delta): 2.91038e-11
66 (QN/Block) 	Elapsed: 0.063	Loglikelihood: -171362	(delta): 0
67 (QN/Block) 	Elapsed: 0.064	Loglikelihood: -171362	(delta): 0
68 (QN/Block) 	Elapsed: 0.064	Loglikelihood: -171362	(delta): -2.91038e-11
69 (QN/Block) 	Elapsed: 0.067	Loglikelihood: -171362	(delta): 0
70 (QN/Block) 	Elapsed: 0.064	Loglikelihood: -171362	(delta): 2.91038e-11
71 (QN/Block) 	Elapsed: 0.065	Loglikelihood: -171362	(delta): 0
72 (QN/Block) 	Elapsed: 0.061	Loglikelihood: -171362	(delta): 0
73 (QN/Block) 	Elapsed: 0.064	Loglikelihood: -171362	(delta): 0
74 (QN/Block) 	Elapsed: 0.061	Loglikelihood: -171362	(delta): 0
75 (QN/Block) 	Elapsed: 0.06	Loglikelihood: -171362	(delta): 2.91038e-11
76 (QN/Block) 	Elapsed: 0.063	Loglikelihood: -171362	(delta): 0
77 (QN/Block) 	Elapsed: 0.064	Loglikelihood: -171362	(delta): 0
78 (QN/Block) 	Elapsed: 0.06	Loglikelihood: -171362	(delta): 0
79 (QN/Block) 	Elapsed: 0.063	Loglikelihood: -171362	(delta): 0
80 (QN/Block) 	Elapsed: 0.059	Loglikelihood: -171362	(delta): 0
81 (QN/Block) 	Elapsed: 0.062	Loglikelihood: -171362	(delta): 2.91038e-11
82 (QN/Block) 	Elapsed: 0.063	Loglikelihood: -171362	(delta): 0
83 (QN/Block) 	Elapsed: 0.059	Loglikelihood: -171362	(delta): -2.91038e-11
84 (QN/Block) 	Elapsed: 0.064	Loglikelihood: -171362	(delta): 0
85 (QN/Block) 	Elapsed: 0.066	Loglikelihood: -171362	(delta): -2.91038e-11
86 (QN/Block) 	Elapsed: 0.064	Loglikelihood: -171362	(delta): 0
87 (QN/Block) 	Elapsed: 0.062	Loglikelihood: -171362	(delta): 2.91038e-11
88 (QN/Block) 	Elapsed: 0.062	Loglikelihood: -171362	(delta): -2.91038e-11
89 (QN/Block) 	Elapsed: 0.062	Loglikelihood: -171362	(delta): 0
90 (QN/Block) 	Elapsed: 0.065	Loglikelihood: -171362	(delta): 2.91038e-11
91 (QN/Block) 	Elapsed: 0.066	Loglikelihood: -171362	(delta): -2.91038e-11
92 (QN/Block) 	Elapsed: 0.065	Loglikelihood: -171362	(delta): 2.91038e-11
93 (QN/Block) 	Elapsed: 0.061	Loglikelihood: -171362	(delta): 2.91038e-11
94 (QN/Block) 	Elapsed: 0.061	Loglikelihood: -171362	(delta): -2.91038e-11
95 (QN/Block) 	Elapsed: 0.063	Loglikelihood: -171362	(delta): 0
96 (QN/Block) 	Elapsed: 0.064	Loglikelihood: -171362	(delta): 2.91038e-11
97 (QN/Block) 	Elapsed: 0.063	Loglikelihood: -171362	(delta): -2.91038e-11
98 (QN/Block) 	Elapsed: 0.062	Loglikelihood: -171362	(delta): 2.91038e-11
99 (QN/Block) 	Elapsed: 0.065	Loglikelihood: -171362	(delta): 0
100 (QN/Block) 	Elapsed: 0.07	Loglikelihood: -171362	(delta): 0
Summary: 
Converged in 100 iterations (6.631 sec)
Loglikelihood: -171362.319335
Fst divergences between estimated populations: 
	Pop0	Pop1	Pop2	
Pop0	
Pop1	0.355	
Pop2	0.370	0.048	
Pop3	0.359	0.036	0.052	
CV error (K=4): 0.21858
Writing output files.
