****                   ADMIXTURE Version 1.3.0                  ****
****                    Copyright 2008-2015                     ****
****           David Alexander, Suyash Shringarpure,            ****
****                John  Novembre, Ken Lange                   ****
****                                                            ****
****                 Please cite our paper!                     ****
****   Information at www.genetics.ucla.edu/software/admixture  ****

Parallel execution requested.  Will use 8 threads.
Cross-validation will be performed.  Folds=10.
Random seed: 43
Point estimation method: Block relaxation algorithm
Convergence acceleration algorithm: QuasiNewton, 3 secant conditions
Point estimation will terminate at 100 iterations
Estimation of standard errors disabled; will compute point estimates only.
Size of G: 335x1606
Performing five EM steps to prime main algorithm
1 (EM) 	Elapsed: 0.057	Loglikelihood: -215461	(delta): 534315
2 (EM) 	Elapsed: 0.06	Loglikelihood: -202674	(delta): 12787.6
3 (EM) 	Elapsed: 0.058	Loglikelihood: -200545	(delta): 2128.14
4 (EM) 	Elapsed: 0.06	Loglikelihood: -199330	(delta): 1215.35
5 (EM) 	Elapsed: 0.059	Loglikelihood: -198391	(delta): 939.186
Initial loglikelihood: -198391
Starting main algorithm
1 (QN/Block) 	Elapsed: 0.077	Loglikelihood: -176366	(delta): 22024.6
2 (QN/Block) 	Elapsed: 0.077	Loglikelihood: -171317	(delta): 5049.74
3 (QN/Block) 	Elapsed: 0.082	Loglikelihood: -169893	(delta): 1423.96
4 (QN/Block) 	Elapsed: 0.081	Loglikelihood: -169054	(delta): 838.729
5 (QN/Block) 	Elapsed: 0.082	Loglikelihood: -168642	(delta): 411.69
6 (QN/Block) 	Elapsed: 0.078	Loglikelihood: -168282	(delta): 360.351
7 (QN/Block) 	Elapsed: 0.081	Loglikelihood: -167966	(delta): 315.735
8 (QN/Block) 	Elapsed: 0.086	Loglikelihood: -167834	(delta): 132.314
9 (QN/Block) 	Elapsed: 0.081	Loglikelihood: -167789	(delta): 44.4041
10 (QN/Block) 	Elapsed: 0.081	Loglikelihood: -167771	(delta): 18.1904
11 (QN/Block) 	Elapsed: 0.082	Loglikelihood: -167763	(delta): 8.59924
12 (QN/Block) 	Elapsed: 0.089	Loglikelihood: -167755	(delta): 8.02627
13 (QN/Block) 	Elapsed: 0.082	Loglikelihood: -167750	(delta): 4.20586
14 (QN/Block) 	Elapsed: 0.083	Loglikelihood: -167747	(delta): 2.99339
15 (QN/Block) 	Elapsed: 0.083	Loglikelihood: -167744	(delta): 2.9802
16 (QN/Block) 	Elapsed: 0.087	Loglikelihood: -167742	(delta): 2.3627
17 (QN/Block) 	Elapsed: 0.09	Loglikelihood: -167740	(delta): 2.24968
18 (QN/Block) 	Elapsed: 0.084	Loglikelihood: -167739	(delta): 0.727405
19 (QN/Block) 	Elapsed: 0.083	Loglikelihood: -167738	(delta): 0.661558
20 (QN/Block) 	Elapsed: 0.082	Loglikelihood: -167737	(delta): 0.934996
21 (QN/Block) 	Elapsed: 0.086	Loglikelihood: -167737	(delta): 0.309122
22 (QN/Block) 	Elapsed: 0.087	Loglikelihood: -167737	(delta): 0.173378
23 (QN/Block) 	Elapsed: 0.089	Loglikelihood: -167737	(delta): 0.0700462
24 (QN/Block) 	Elapsed: 0.084	Loglikelihood: -167737	(delta): 0.0360889
25 (QN/Block) 	Elapsed: 0.086	Loglikelihood: -167737	(delta): 0.0170674
26 (QN/Block) 	Elapsed: 0.086	Loglikelihood: -167737	(delta): 0.00774763
27 (QN/Block) 	Elapsed: 0.089	Loglikelihood: -167737	(delta): 0.00608346
28 (QN/Block) 	Elapsed: 0.089	Loglikelihood: -167737	(delta): 0.000989782
29 (QN/Block) 	Elapsed: 0.089	Loglikelihood: -167737	(delta): 0.00057777
30 (QN/Block) 	Elapsed: 0.091	Loglikelihood: -167737	(delta): 0.000241357
31 (QN/Block) 	Elapsed: 0.085	Loglikelihood: -167737	(delta): 0.000232063
32 (QN/Block) 	Elapsed: 0.086	Loglikelihood: -167737	(delta): 7.57555e-05
33 (QN/Block) 	Elapsed: 0.085	Loglikelihood: -167737	(delta): 0.000452661
34 (QN/Block) 	Elapsed: 0.091	Loglikelihood: -167737	(delta): 0.000207753
35 (QN/Block) 	Elapsed: 0.084	Loglikelihood: -167737	(delta): 2.31634e-05
36 (QN/Block) 	Elapsed: 0.087	Loglikelihood: -167737	(delta): 5.52702e-05
37 (QN/Block) 	Elapsed: 0.088	Loglikelihood: -167737	(delta): 5.4815e-05
38 (QN/Block) 	Elapsed: 0.086	Loglikelihood: -167737	(delta): 3.27962e-05
39 (QN/Block) 	Elapsed: 0.087	Loglikelihood: -167737	(delta): 2.31896e-06
40 (QN/Block) 	Elapsed: 0.085	Loglikelihood: -167737	(delta): 4.39526e-07
41 (QN/Block) 	Elapsed: 0.091	Loglikelihood: -167737	(delta): 1.25234e-07
42 (QN/Block) 	Elapsed: 0.091	Loglikelihood: -167737	(delta): 2.05182e-08
43 (QN/Block) 	Elapsed: 0.088	Loglikelihood: -167737	(delta): 1.91794e-08
44 (QN/Block) 	Elapsed: 0.087	Loglikelihood: -167737	(delta): 1.71131e-08
45 (QN/Block) 	Elapsed: 0.094	Loglikelihood: -167737	(delta): 1.47265e-08
46 (QN/Block) 	Elapsed: 0.091	Loglikelihood: -167737	(delta): 3.63798e-09
47 (QN/Block) 	Elapsed: 0.088	Loglikelihood: -167737	(delta): 1.19326e-09
48 (QN/Block) 	Elapsed: 0.089	Loglikelihood: -167737	(delta): 5.82077e-10
49 (QN/Block) 	Elapsed: 0.087	Loglikelihood: -167737	(delta): 1.10595e-09
50 (QN/Block) 	Elapsed: 0.086	Loglikelihood: -167737	(delta): 3.20142e-10
51 (QN/Block) 	Elapsed: 0.086	Loglikelihood: -167737	(delta): 8.73115e-11
52 (QN/Block) 	Elapsed: 0.088	Loglikelihood: -167737	(delta): 2.91038e-11
53 (QN/Block) 	Elapsed: 0.088	Loglikelihood: -167737	(delta): 0
54 (QN/Block) 	Elapsed: 0.09	Loglikelihood: -167737	(delta): 2.91038e-11
55 (QN/Block) 	Elapsed: 0.09	Loglikelihood: -167737	(delta): 5.82077e-11
56 (QN/Block) 	Elapsed: 0.096	Loglikelihood: -167737	(delta): -5.82077e-11
57 (QN/Block) 	Elapsed: 0.089	Loglikelihood: -167737	(delta): -2.91038e-11
58 (QN/Block) 	Elapsed: 0.089	Loglikelihood: -167737	(delta): 5.82077e-11
59 (QN/Block) 	Elapsed: 0.086	Loglikelihood: -167737	(delta): -2.91038e-11
60 (QN/Block) 	Elapsed: 0.086	Loglikelihood: -167737	(delta): -2.91038e-11
61 (QN/Block) 	Elapsed: 0.09	Loglikelihood: -167737	(delta): 2.91038e-11
62 (QN/Block) 	Elapsed: 0.087	Loglikelihood: -167737	(delta): 2.91038e-11
63 (QN/Block) 	Elapsed: 0.091	Loglikelihood: -167737	(delta): -2.91038e-11
64 (QN/Block) 	Elapsed: 0.088	Loglikelihood: -167737	(delta): 2.91038e-11
65 (QN/Block) 	Elapsed: 0.088	Loglikelihood: -167737	(delta): -5.82077e-11
66 (QN/Block) 	Elapsed: 0.091	Loglikelihood: -167737	(delta): 2.91038e-11
67 (QN/Block) 	Elapsed: 0.092	Loglikelihood: -167737	(delta): 2.91038e-11
68 (QN/Block) 	Elapsed: 0.089	Loglikelihood: -167737	(delta): -2.91038e-11
69 (QN/Block) 	Elapsed: 0.089	Loglikelihood: -167737	(delta): 2.91038e-11
70 (QN/Block) 	Elapsed: 0.091	Loglikelihood: -167737	(delta): 2.91038e-11
71 (QN/Block) 	Elapsed: 0.088	Loglikelihood: -167737	(delta): -8.73115e-11
72 (QN/Block) 	Elapsed: 0.091	Loglikelihood: -167737	(delta): 8.73115e-11
73 (QN/Block) 	Elapsed: 0.088	Loglikelihood: -167737	(delta): -8.73115e-11
74 (QN/Block) 	Elapsed: 0.09	Loglikelihood: -167737	(delta): 5.82077e-11
75 (QN/Block) 	Elapsed: 0.09	Loglikelihood: -167737	(delta): -2.91038e-11
76 (QN/Block) 	Elapsed: 0.087	Loglikelihood: -167737	(delta): 2.91038e-11
77 (QN/Block) 	Elapsed: 0.089	Loglikelihood: -167737	(delta): -2.91038e-11
78 (QN/Block) 	Elapsed: 0.093	Loglikelihood: -167737	(delta): 0
79 (QN/Block) 	Elapsed: 0.092	Loglikelihood: -167737	(delta): 0
80 (QN/Block) 	Elapsed: 0.088	Loglikelihood: -167737	(delta): 0
81 (QN/Block) 	Elapsed: 0.086	Loglikelihood: -167737	(delta): 2.91038e-11
82 (QN/Block) 	Elapsed: 0.086	Loglikelihood: -167737	(delta): -2.91038e-11
83 (QN/Block) 	Elapsed: 0.088	Loglikelihood: -167737	(delta): 2.91038e-11
84 (QN/Block) 	Elapsed: 0.09	Loglikelihood: -167737	(delta): 0
85 (QN/Block) 	Elapsed: 0.09	Loglikelihood: -167737	(delta): 0
86 (QN/Block) 	Elapsed: 0.087	Loglikelihood: -167737	(delta): -2.91038e-11
87 (QN/Block) 	Elapsed: 0.087	Loglikelihood: -167737	(delta): 0
88 (QN/Block) 	Elapsed: 0.088	Loglikelihood: -167737	(delta): 2.91038e-11
89 (QN/Block) 	Elapsed: 0.095	Loglikelihood: -167737	(delta): 2.91038e-11
90 (QN/Block) 	Elapsed: 0.088	Loglikelihood: -167737	(delta): -5.82077e-11
91 (QN/Block) 	Elapsed: 0.086	Loglikelihood: -167737	(delta): 0
92 (QN/Block) 	Elapsed: 0.087	Loglikelihood: -167737	(delta): 0
93 (QN/Block) 	Elapsed: 0.088	Loglikelihood: -167737	(delta): 2.91038e-11
94 (QN/Block) 	Elapsed: 0.087	Loglikelihood: -167737	(delta): 2.91038e-11
95 (QN/Block) 	Elapsed: 0.086	Loglikelihood: -167737	(delta): -5.82077e-11
96 (QN/Block) 	Elapsed: 0.087	Loglikelihood: -167737	(delta): 2.91038e-11
97 (QN/Block) 	Elapsed: 0.087	Loglikelihood: -167737	(delta): -2.91038e-11
98 (QN/Block) 	Elapsed: 0.087	Loglikelihood: -167737	(delta): 0
99 (QN/Block) 	Elapsed: 0.089	Loglikelihood: -167737	(delta): 0
100 (QN/Block) 	Elapsed: 0.092	Loglikelihood: -167737	(delta): 5.82077e-11
Summary: 
Converged in 100 iterations (9.241 sec)
Loglikelihood: -167736.778951
Fst divergences between estimated populations: 
	Pop0	Pop1	Pop2	Pop3	Pop4	Pop5	
Pop0	
Pop1	0.069	
Pop2	0.078	0.042	
Pop3	0.408	0.384	0.394	
Pop4	0.381	0.355	0.364	0.137	
Pop5	0.139	0.104	0.118	0.387	0.362	
Pop6	0.061	0.063	0.067	0.404	0.377	0.143	
CV error (K=7): 0.21996
Writing output files.
