****                   ADMIXTURE Version 1.3.0                  ****
****                    Copyright 2008-2015                     ****
****           David Alexander, Suyash Shringarpure,            ****
****                John  Novembre, Ken Lange                   ****
****                                                            ****
****                 Please cite our paper!                     ****
****   Information at www.genetics.ucla.edu/software/admixture  ****

Parallel execution requested.  Will use 8 threads.
Cross-validation will be performed.  Folds=10.
Random seed: 43
Point estimation method: Block relaxation algorithm
Convergence acceleration algorithm: QuasiNewton, 3 secant conditions
Point estimation will terminate at 100 iterations
Estimation of standard errors disabled; will compute point estimates only.
Size of G: 335x1606
Performing five EM steps to prime main algorithm
1 (EM) 	Elapsed: 0.091	Loglikelihood: -217990	(delta): 520277
2 (EM) 	Elapsed: 0.088	Loglikelihood: -205210	(delta): 12780
3 (EM) 	Elapsed: 0.089	Loglikelihood: -203218	(delta): 1992.07
4 (EM) 	Elapsed: 0.089	Loglikelihood: -202076	(delta): 1141.71
5 (EM) 	Elapsed: 0.113	Loglikelihood: -201144	(delta): 932.214
Initial loglikelihood: -201144
Starting main algorithm
1 (QN/Block) 	Elapsed: 0.14	Loglikelihood: -177782	(delta): 23361.7
2 (QN/Block) 	Elapsed: 0.119	Loglikelihood: -172365	(delta): 5416.94
3 (QN/Block) 	Elapsed: 0.129	Loglikelihood: -170423	(delta): 1941.8
4 (QN/Block) 	Elapsed: 0.124	Loglikelihood: -169193	(delta): 1230.1
5 (QN/Block) 	Elapsed: 0.12	Loglikelihood: -168623	(delta): 569.826
6 (QN/Block) 	Elapsed: 0.12	Loglikelihood: -168343	(delta): 280.029
7 (QN/Block) 	Elapsed: 0.12	Loglikelihood: -168169	(delta): 174.069
8 (QN/Block) 	Elapsed: 0.117	Loglikelihood: -168106	(delta): 63.4933
9 (QN/Block) 	Elapsed: 0.116	Loglikelihood: -168070	(delta): 35.8103
10 (QN/Block) 	Elapsed: 0.123	Loglikelihood: -168026	(delta): 43.6424
11 (QN/Block) 	Elapsed: 0.12	Loglikelihood: -168008	(delta): 18.5062
12 (QN/Block) 	Elapsed: 0.118	Loglikelihood: -167994	(delta): 14.0358
13 (QN/Block) 	Elapsed: 0.118	Loglikelihood: -167984	(delta): 10.0734
14 (QN/Block) 	Elapsed: 0.119	Loglikelihood: -167979	(delta): 4.92058
15 (QN/Block) 	Elapsed: 0.132	Loglikelihood: -167975	(delta): 4.15057
16 (QN/Block) 	Elapsed: 0.147	Loglikelihood: -167970	(delta): 4.33828
17 (QN/Block) 	Elapsed: 0.147	Loglikelihood: -167967	(delta): 2.99086
18 (QN/Block) 	Elapsed: 0.152	Loglikelihood: -167965	(delta): 1.74092
19 (QN/Block) 	Elapsed: 0.127	Loglikelihood: -167964	(delta): 1.06577
20 (QN/Block) 	Elapsed: 0.121	Loglikelihood: -167962	(delta): 2.12094
21 (QN/Block) 	Elapsed: 0.118	Loglikelihood: -167962	(delta): 0.756546
22 (QN/Block) 	Elapsed: 0.13	Loglikelihood: -167961	(delta): 0.346923
23 (QN/Block) 	Elapsed: 0.146	Loglikelihood: -167961	(delta): 0.383841
24 (QN/Block) 	Elapsed: 0.145	Loglikelihood: -167960	(delta): 0.505102
25 (QN/Block) 	Elapsed: 0.154	Loglikelihood: -167960	(delta): 0.535924
26 (QN/Block) 	Elapsed: 0.146	Loglikelihood: -167959	(delta): 0.417371
27 (QN/Block) 	Elapsed: 0.162	Loglikelihood: -167959	(delta): 0.332468
28 (QN/Block) 	Elapsed: 0.182	Loglikelihood: -167959	(delta): 0.297774
29 (QN/Block) 	Elapsed: 0.145	Loglikelihood: -167958	(delta): 0.252716
30 (QN/Block) 	Elapsed: 0.147	Loglikelihood: -167958	(delta): 0.150734
31 (QN/Block) 	Elapsed: 0.139	Loglikelihood: -167958	(delta): 0.141814
32 (QN/Block) 	Elapsed: 0.14	Loglikelihood: -167958	(delta): 0.110986
33 (QN/Block) 	Elapsed: 0.141	Loglikelihood: -167958	(delta): 0.108629
34 (QN/Block) 	Elapsed: 0.155	Loglikelihood: -167958	(delta): 0.0551166
35 (QN/Block) 	Elapsed: 0.151	Loglikelihood: -167958	(delta): 0.0554156
36 (QN/Block) 	Elapsed: 0.141	Loglikelihood: -167958	(delta): 0.0705887
37 (QN/Block) 	Elapsed: 0.148	Loglikelihood: -167958	(delta): 0.0972902
38 (QN/Block) 	Elapsed: 0.15	Loglikelihood: -167958	(delta): 0.137492
39 (QN/Block) 	Elapsed: 0.145	Loglikelihood: -167957	(delta): 0.163933
40 (QN/Block) 	Elapsed: 0.161	Loglikelihood: -167957	(delta): 0.288679
41 (QN/Block) 	Elapsed: 0.163	Loglikelihood: -167956	(delta): 0.589209
42 (QN/Block) 	Elapsed: 0.149	Loglikelihood: -167956	(delta): 0.787352
43 (QN/Block) 	Elapsed: 0.142	Loglikelihood: -167955	(delta): 0.69632
44 (QN/Block) 	Elapsed: 0.148	Loglikelihood: -167954	(delta): 0.668095
45 (QN/Block) 	Elapsed: 0.143	Loglikelihood: -167954	(delta): 0.3355
46 (QN/Block) 	Elapsed: 0.145	Loglikelihood: -167954	(delta): 0.216449
47 (QN/Block) 	Elapsed: 0.154	Loglikelihood: -167954	(delta): 0.25961
48 (QN/Block) 	Elapsed: 0.145	Loglikelihood: -167953	(delta): 0.344203
49 (QN/Block) 	Elapsed: 0.148	Loglikelihood: -167953	(delta): 0.294774
50 (QN/Block) 	Elapsed: 0.146	Loglikelihood: -167953	(delta): 0.278146
51 (QN/Block) 	Elapsed: 0.151	Loglikelihood: -167952	(delta): 0.323972
52 (QN/Block) 	Elapsed: 0.148	Loglikelihood: -167952	(delta): 0.370932
53 (QN/Block) 	Elapsed: 0.159	Loglikelihood: -167951	(delta): 0.400287
54 (QN/Block) 	Elapsed: 0.154	Loglikelihood: -167951	(delta): 0.533376
55 (QN/Block) 	Elapsed: 0.147	Loglikelihood: -167950	(delta): 0.705318
56 (QN/Block) 	Elapsed: 0.154	Loglikelihood: -167950	(delta): 0.490215
57 (QN/Block) 	Elapsed: 0.146	Loglikelihood: -167949	(delta): 0.285219
58 (QN/Block) 	Elapsed: 0.152	Loglikelihood: -167949	(delta): 0.270165
59 (QN/Block) 	Elapsed: 0.151	Loglikelihood: -167949	(delta): 0.265169
60 (QN/Block) 	Elapsed: 0.154	Loglikelihood: -167949	(delta): 0.283003
61 (QN/Block) 	Elapsed: 0.147	Loglikelihood: -167948	(delta): 0.224768
62 (QN/Block) 	Elapsed: 0.149	Loglikelihood: -167948	(delta): 0.196392
63 (QN/Block) 	Elapsed: 0.145	Loglikelihood: -167948	(delta): 0.190087
64 (QN/Block) 	Elapsed: 0.154	Loglikelihood: -167948	(delta): 0.271631
65 (QN/Block) 	Elapsed: 0.152	Loglikelihood: -167947	(delta): 0.37431
66 (QN/Block) 	Elapsed: 0.129	Loglikelihood: -167947	(delta): 0.774596
67 (QN/Block) 	Elapsed: 0.131	Loglikelihood: -167946	(delta): 0.523906
68 (QN/Block) 	Elapsed: 0.124	Loglikelihood: -167945	(delta): 0.893075
69 (QN/Block) 	Elapsed: 0.155	Loglikelihood: -167944	(delta): 1.48174
70 (QN/Block) 	Elapsed: 0.157	Loglikelihood: -167942	(delta): 1.29829
71 (QN/Block) 	Elapsed: 0.151	Loglikelihood: -167941	(delta): 0.968493
72 (QN/Block) 	Elapsed: 0.153	Loglikelihood: -167941	(delta): 0.856832
73 (QN/Block) 	Elapsed: 0.156	Loglikelihood: -167940	(delta): 0.303761
74 (QN/Block) 	Elapsed: 0.155	Loglikelihood: -167940	(delta): 0.220172
75 (QN/Block) 	Elapsed: 0.152	Loglikelihood: -167940	(delta): 0.372749
76 (QN/Block) 	Elapsed: 0.124	Loglikelihood: -167939	(delta): 0.320241
77 (QN/Block) 	Elapsed: 0.16	Loglikelihood: -167939	(delta): 0.200845
78 (QN/Block) 	Elapsed: 0.164	Loglikelihood: -167939	(delta): 0.176112
79 (QN/Block) 	Elapsed: 0.136	Loglikelihood: -167939	(delta): 0.138864
80 (QN/Block) 	Elapsed: 0.147	Loglikelihood: -167939	(delta): 0.155711
81 (QN/Block) 	Elapsed: 0.155	Loglikelihood: -167939	(delta): 0.137931
82 (QN/Block) 	Elapsed: 0.14	Loglikelihood: -167938	(delta): 0.115642
83 (QN/Block) 	Elapsed: 0.146	Loglikelihood: -167938	(delta): 0.564891
84 (QN/Block) 	Elapsed: 0.148	Loglikelihood: -167938	(delta): 0.26723
85 (QN/Block) 	Elapsed: 0.124	Loglikelihood: -167936	(delta): 1.16388
86 (QN/Block) 	Elapsed: 0.125	Loglikelihood: -167935	(delta): 1.59696
87 (QN/Block) 	Elapsed: 0.124	Loglikelihood: -167934	(delta): 0.773943
88 (QN/Block) 	Elapsed: 0.113	Loglikelihood: -167933	(delta): 0.596146
89 (QN/Block) 	Elapsed: 0.118	Loglikelihood: -167933	(delta): 0.447327
90 (QN/Block) 	Elapsed: 0.112	Loglikelihood: -167933	(delta): 0.513334
91 (QN/Block) 	Elapsed: 0.12	Loglikelihood: -167932	(delta): 0.616966
92 (QN/Block) 	Elapsed: 0.113	Loglikelihood: -167932	(delta): 0.351791
93 (QN/Block) 	Elapsed: 0.129	Loglikelihood: -167931	(delta): 0.257707
94 (QN/Block) 	Elapsed: 0.128	Loglikelihood: -167931	(delta): 0.404733
95 (QN/Block) 	Elapsed: 0.127	Loglikelihood: -167931	(delta): 0.28315
96 (QN/Block) 	Elapsed: 0.128	Loglikelihood: -167930	(delta): 0.157328
97 (QN/Block) 	Elapsed: 0.122	Loglikelihood: -167930	(delta): 0.150582
98 (QN/Block) 	Elapsed: 0.119	Loglikelihood: -167930	(delta): 0.134041
99 (QN/Block) 	Elapsed: 0.119	Loglikelihood: -167930	(delta): 0.60408
100 (QN/Block) 	Elapsed: 0.104	Loglikelihood: -167929	(delta): 0.315308
Summary: 
Converged in 100 iterations (14.746 sec)
Loglikelihood: -167929.260306
Fst divergences between estimated populations: 
	Pop0	Pop1	Pop2	Pop3	Pop4	Pop5	Pop6	Pop7	Pop8	
Pop0	
Pop1	0.390	
Pop2	0.357	0.105	
Pop3	0.372	0.115	0.069	
Pop4	0.371	0.102	0.066	0.078	
Pop5	0.392	0.121	0.112	0.119	0.119	
Pop6	0.128	0.420	0.382	0.399	0.401	0.421	
Pop7	0.390	0.098	0.092	0.105	0.096	0.100	0.421	
Pop8	0.365	0.134	0.095	0.107	0.108	0.145	0.391	0.130	
Pop9	0.378	0.093	0.083	0.092	0.088	0.090	0.406	0.078	0.123	
CV error (K=10): 0.22932
Writing output files.
