****                   ADMIXTURE Version 1.3.0                  ****
****                    Copyright 2008-2015                     ****
****           David Alexander, Suyash Shringarpure,            ****
****                John  Novembre, Ken Lange                   ****
****                                                            ****
****                 Please cite our paper!                     ****
****   Information at www.genetics.ucla.edu/software/admixture  ****

Parallel execution requested.  Will use 8 threads.
Cross-validation will be performed.  Folds=10.
Random seed: 43
Point estimation method: Block relaxation algorithm
Convergence acceleration algorithm: QuasiNewton, 3 secant conditions
Point estimation will terminate at 100 iterations
Estimation of standard errors disabled; will compute point estimates only.
Size of G: 557x751
Performing five EM steps to prime main algorithm
1 (EM) 	Elapsed: 0.028	Loglikelihood: -235045	(delta): 339959
2 (EM) 	Elapsed: 0.029	Loglikelihood: -224836	(delta): 10208.4
3 (EM) 	Elapsed: 0.028	Loglikelihood: -221912	(delta): 2924.14
4 (EM) 	Elapsed: 0.028	Loglikelihood: -218825	(delta): 3086.74
5 (EM) 	Elapsed: 0.029	Loglikelihood: -213666	(delta): 5159.9
Initial loglikelihood: -213666
Starting main algorithm
1 (QN/Block) 	Elapsed: 0.05	Loglikelihood: -61439.4	(delta): 152226
2 (QN/Block) 	Elapsed: 0.049	Loglikelihood: -52493	(delta): 8946.4
3 (QN/Block) 	Elapsed: 0.049	Loglikelihood: -49698	(delta): 2794.94
4 (QN/Block) 	Elapsed: 0.049	Loglikelihood: -48217.1	(delta): 1480.92
5 (QN/Block) 	Elapsed: 0.049	Loglikelihood: -47457.1	(delta): 760.049
6 (QN/Block) 	Elapsed: 0.049	Loglikelihood: -47085.8	(delta): 371.259
7 (QN/Block) 	Elapsed: 0.052	Loglikelihood: -46894.8	(delta): 190.977
8 (QN/Block) 	Elapsed: 0.049	Loglikelihood: -46727.6	(delta): 167.197
9 (QN/Block) 	Elapsed: 0.046	Loglikelihood: -46641.7	(delta): 85.8915
10 (QN/Block) 	Elapsed: 0.049	Loglikelihood: -46572.4	(delta): 69.3112
11 (QN/Block) 	Elapsed: 0.056	Loglikelihood: -46532.7	(delta): 39.7695
12 (QN/Block) 	Elapsed: 0.052	Loglikelihood: -46499.7	(delta): 32.9719
13 (QN/Block) 	Elapsed: 0.059	Loglikelihood: -46486.9	(delta): 12.7472
14 (QN/Block) 	Elapsed: 0.047	Loglikelihood: -46481.5	(delta): 5.4275
15 (QN/Block) 	Elapsed: 0.049	Loglikelihood: -46480.6	(delta): 0.900831
16 (QN/Block) 	Elapsed: 0.049	Loglikelihood: -46480.4	(delta): 0.253621
17 (QN/Block) 	Elapsed: 0.058	Loglikelihood: -46480.3	(delta): 0.0563157
18 (QN/Block) 	Elapsed: 0.057	Loglikelihood: -46480.3	(delta): 0.0481216
19 (QN/Block) 	Elapsed: 0.054	Loglikelihood: -46480.3	(delta): 0.00197644
20 (QN/Block) 	Elapsed: 0.053	Loglikelihood: -46480.3	(delta): 0.000848988
21 (QN/Block) 	Elapsed: 0.049	Loglikelihood: -46480.3	(delta): 0.00156803
22 (QN/Block) 	Elapsed: 0.055	Loglikelihood: -46480.3	(delta): 0.00141292
23 (QN/Block) 	Elapsed: 0.077	Loglikelihood: -46480.2	(delta): 0.0153926
24 (QN/Block) 	Elapsed: 0.07	Loglikelihood: -46480.2	(delta): 0.00854782
25 (QN/Block) 	Elapsed: 0.058	Loglikelihood: -46480.2	(delta): 0.00239244
26 (QN/Block) 	Elapsed: 0.117	Loglikelihood: -46480.2	(delta): 0.00191759
27 (QN/Block) 	Elapsed: 0.087	Loglikelihood: -46480.2	(delta): 0.00261074
28 (QN/Block) 	Elapsed: 0.092	Loglikelihood: -46480.2	(delta): 0.00356105
29 (QN/Block) 	Elapsed: 0.069	Loglikelihood: -46480.2	(delta): 0.0124668
30 (QN/Block) 	Elapsed: 0.068	Loglikelihood: -46480.2	(delta): 0.00746595
31 (QN/Block) 	Elapsed: 0.076	Loglikelihood: -46480.2	(delta): 0.00267578
32 (QN/Block) 	Elapsed: 0.062	Loglikelihood: -46480.2	(delta): 0.0033557
33 (QN/Block) 	Elapsed: 0.07	Loglikelihood: -46480.2	(delta): 7.88657e-05
34 (QN/Block) 	Elapsed: 0.062	Loglikelihood: -46480.2	(delta): 1.68681e-05
35 (QN/Block) 	Elapsed: 0.065	Loglikelihood: -46480.2	(delta): 4.18337e-06
36 (QN/Block) 	Elapsed: 0.058	Loglikelihood: -46480.2	(delta): 3.09097e-07
37 (QN/Block) 	Elapsed: 0.059	Loglikelihood: -46480.2	(delta): 9.5315e-10
38 (QN/Block) 	Elapsed: 0.061	Loglikelihood: -46480.2	(delta): 2.91038e-10
39 (QN/Block) 	Elapsed: 0.06	Loglikelihood: -46480.2	(delta): -3.63798e-11
40 (QN/Block) 	Elapsed: 0.059	Loglikelihood: -46480.2	(delta): 8.00355e-11
41 (QN/Block) 	Elapsed: 0.09	Loglikelihood: -46480.2	(delta): 1.30967e-10
42 (QN/Block) 	Elapsed: 0.081	Loglikelihood: -46480.2	(delta): 3.63798e-11
43 (QN/Block) 	Elapsed: 0.063	Loglikelihood: -46480.2	(delta): 2.91038e-11
44 (QN/Block) 	Elapsed: 0.07	Loglikelihood: -46480.2	(delta): -5.82077e-11
45 (QN/Block) 	Elapsed: 0.066	Loglikelihood: -46480.2	(delta): 2.98314e-10
46 (QN/Block) 	Elapsed: 0.083	Loglikelihood: -46480.2	(delta): 1.01863e-10
47 (QN/Block) 	Elapsed: 0.079	Loglikelihood: -46480.2	(delta): 2.03727e-10
48 (QN/Block) 	Elapsed: 0.067	Loglikelihood: -46480.2	(delta): 4.36557e-11
49 (QN/Block) 	Elapsed: 0.059	Loglikelihood: -46480.2	(delta): 8.73115e-11
50 (QN/Block) 	Elapsed: 0.075	Loglikelihood: -46480.2	(delta): 2.18279e-10
51 (QN/Block) 	Elapsed: 0.067	Loglikelihood: -46480.2	(delta): -7.27596e-12
52 (QN/Block) 	Elapsed: 0.059	Loglikelihood: -46480.2	(delta): 2.83762e-10
53 (QN/Block) 	Elapsed: 0.059	Loglikelihood: -46480.2	(delta): 1.09139e-10
54 (QN/Block) 	Elapsed: 0.058	Loglikelihood: -46480.2	(delta): 3.12866e-10
55 (QN/Block) 	Elapsed: 0.058	Loglikelihood: -46480.2	(delta): 1.89175e-10
56 (QN/Block) 	Elapsed: 0.058	Loglikelihood: -46480.2	(delta): 7.27596e-11
57 (QN/Block) 	Elapsed: 0.063	Loglikelihood: -46480.2	(delta): 1.45519e-10
58 (QN/Block) 	Elapsed: 0.059	Loglikelihood: -46480.2	(delta): -4.36557e-11
59 (QN/Block) 	Elapsed: 0.075	Loglikelihood: -46480.2	(delta): 9.45874e-11
60 (QN/Block) 	Elapsed: 0.069	Loglikelihood: -46480.2	(delta): 1.67347e-10
61 (QN/Block) 	Elapsed: 0.066	Loglikelihood: -46480.2	(delta): 1.30967e-10
62 (QN/Block) 	Elapsed: 0.061	Loglikelihood: -46480.2	(delta): 4.36557e-11
63 (QN/Block) 	Elapsed: 0.055	Loglikelihood: -46480.2	(delta): 4.36557e-11
64 (QN/Block) 	Elapsed: 0.054	Loglikelihood: -46480.2	(delta): 1.45519e-11
65 (QN/Block) 	Elapsed: 0.062	Loglikelihood: -46480.2	(delta): 1.30967e-10
66 (QN/Block) 	Elapsed: 0.053	Loglikelihood: -46480.2	(delta): 2.91038e-11
67 (QN/Block) 	Elapsed: 0.053	Loglikelihood: -46480.2	(delta): 7.27596e-11
68 (QN/Block) 	Elapsed: 0.065	Loglikelihood: -46480.2	(delta): 2.61934e-10
69 (QN/Block) 	Elapsed: 0.061	Loglikelihood: -46480.2	(delta): 2.91038e-11
70 (QN/Block) 	Elapsed: 0.061	Loglikelihood: -46480.2	(delta): 1.01863e-10
71 (QN/Block) 	Elapsed: 0.062	Loglikelihood: -46480.2	(delta): 2.91038e-11
72 (QN/Block) 	Elapsed: 0.059	Loglikelihood: -46480.2	(delta): 1.45519e-10
73 (QN/Block) 	Elapsed: 0.058	Loglikelihood: -46480.2	(delta): 1.23691e-10
74 (QN/Block) 	Elapsed: 0.063	Loglikelihood: -46480.2	(delta): 1.09139e-10
75 (QN/Block) 	Elapsed: 0.059	Loglikelihood: -46480.2	(delta): 2.54659e-10
76 (QN/Block) 	Elapsed: 0.054	Loglikelihood: -46480.2	(delta): -3.63798e-11
77 (QN/Block) 	Elapsed: 0.063	Loglikelihood: -46480.2	(delta): 2.47383e-10
78 (QN/Block) 	Elapsed: 0.055	Loglikelihood: -46480.2	(delta): -5.82077e-11
79 (QN/Block) 	Elapsed: 0.053	Loglikelihood: -46480.2	(delta): 1.89175e-10
80 (QN/Block) 	Elapsed: 0.052	Loglikelihood: -46480.2	(delta): -8.73115e-11
81 (QN/Block) 	Elapsed: 0.048	Loglikelihood: -46480.2	(delta): -2.91038e-11
82 (QN/Block) 	Elapsed: 0.055	Loglikelihood: -46480.2	(delta): 2.25555e-10
83 (QN/Block) 	Elapsed: 0.058	Loglikelihood: -46480.2	(delta): 1.67347e-10
84 (QN/Block) 	Elapsed: 0.056	Loglikelihood: -46480.2	(delta): 9.45874e-11
85 (QN/Block) 	Elapsed: 0.051	Loglikelihood: -46480.2	(delta): -8.73115e-11
86 (QN/Block) 	Elapsed: 0.052	Loglikelihood: -46480.2	(delta): 1.01863e-10
87 (QN/Block) 	Elapsed: 0.052	Loglikelihood: -46480.2	(delta): 1.45519e-10
88 (QN/Block) 	Elapsed: 0.058	Loglikelihood: -46480.2	(delta): -3.63798e-11
89 (QN/Block) 	Elapsed: 0.056	Loglikelihood: -46480.2	(delta): 4.36557e-11
90 (QN/Block) 	Elapsed: 0.049	Loglikelihood: -46480.2	(delta): 4.36557e-11
91 (QN/Block) 	Elapsed: 0.056	Loglikelihood: -46480.2	(delta): 1.96451e-10
92 (QN/Block) 	Elapsed: 0.057	Loglikelihood: -46480.2	(delta): 2.91038e-11
93 (QN/Block) 	Elapsed: 0.055	Loglikelihood: -46480.2	(delta): 1.60071e-10
94 (QN/Block) 	Elapsed: 0.061	Loglikelihood: -46480.2	(delta): 1.67347e-10
95 (QN/Block) 	Elapsed: 0.051	Loglikelihood: -46480.2	(delta): 7.27596e-11
96 (QN/Block) 	Elapsed: 0.05	Loglikelihood: -46480.2	(delta): -3.63798e-11
97 (QN/Block) 	Elapsed: 0.05	Loglikelihood: -46480.2	(delta): 7.27596e-12
98 (QN/Block) 	Elapsed: 0.053	Loglikelihood: -46480.2	(delta): 6.54836e-11
99 (QN/Block) 	Elapsed: 0.05	Loglikelihood: -46480.2	(delta): 1.45519e-11
100 (QN/Block) 	Elapsed: 0.055	Loglikelihood: -46480.2	(delta): 1.16415e-10
Summary: 
Converged in 100 iterations (6.334 sec)
Loglikelihood: -46480.196796
Fst divergences between estimated populations: 
	Pop0	Pop1	Pop2	Pop3	
Pop0	
Pop1	0.791	
Pop2	0.075	0.781	
Pop3	0.399	0.813	0.378	
Pop4	0.818	0.823	0.814	0.834	
CV error (K=5): 0.08738
Writing output files.
