****                   ADMIXTURE Version 1.3.0                  ****
****                    Copyright 2008-2015                     ****
****           David Alexander, Suyash Shringarpure,            ****
****                John  Novembre, Ken Lange                   ****
****                                                            ****
****                 Please cite our paper!                     ****
****   Information at www.genetics.ucla.edu/software/admixture  ****

Parallel execution requested.  Will use 8 threads.
Cross-validation will be performed.  Folds=10.
Random seed: 43
Point estimation method: Block relaxation algorithm
Convergence acceleration algorithm: QuasiNewton, 3 secant conditions
Point estimation will terminate at 100 iterations
Estimation of standard errors disabled; will compute point estimates only.
Size of G: 557x751
Performing five EM steps to prime main algorithm
1 (EM) 	Elapsed: 0.036	Loglikelihood: -234865	(delta): 332767
2 (EM) 	Elapsed: 0.036	Loglikelihood: -224049	(delta): 10815.7
3 (EM) 	Elapsed: 0.037	Loglikelihood: -220358	(delta): 3690.96
4 (EM) 	Elapsed: 0.035	Loglikelihood: -215656	(delta): 4702
5 (EM) 	Elapsed: 0.037	Loglikelihood: -207615	(delta): 8040.97
Initial loglikelihood: -207615
Starting main algorithm
1 (QN/Block) 	Elapsed: 0.052	Loglikelihood: -62031.3	(delta): 145584
2 (QN/Block) 	Elapsed: 0.054	Loglikelihood: -51573.6	(delta): 10457.7
3 (QN/Block) 	Elapsed: 0.054	Loglikelihood: -48909.3	(delta): 2664.3
4 (QN/Block) 	Elapsed: 0.059	Loglikelihood: -47138.4	(delta): 1770.93
5 (QN/Block) 	Elapsed: 0.053	Loglikelihood: -46131.1	(delta): 1007.24
6 (QN/Block) 	Elapsed: 0.057	Loglikelihood: -45682.7	(delta): 448.467
7 (QN/Block) 	Elapsed: 0.052	Loglikelihood: -45500.9	(delta): 181.768
8 (QN/Block) 	Elapsed: 0.057	Loglikelihood: -45446.3	(delta): 54.5771
9 (QN/Block) 	Elapsed: 0.058	Loglikelihood: -45421.8	(delta): 24.5546
10 (QN/Block) 	Elapsed: 0.054	Loglikelihood: -45413.6	(delta): 8.21185
11 (QN/Block) 	Elapsed: 0.055	Loglikelihood: -45412.5	(delta): 1.08917
12 (QN/Block) 	Elapsed: 0.054	Loglikelihood: -45412.4	(delta): 0.0870992
13 (QN/Block) 	Elapsed: 0.055	Loglikelihood: -45412.4	(delta): 0.00613136
14 (QN/Block) 	Elapsed: 0.053	Loglikelihood: -45412.4	(delta): 8.71266e-05
15 (QN/Block) 	Elapsed: 0.058	Loglikelihood: -45412.4	(delta): 3.31187e-07
16 (QN/Block) 	Elapsed: 0.051	Loglikelihood: -45412.4	(delta): 3.9654e-09
17 (QN/Block) 	Elapsed: 0.059	Loglikelihood: -45412.4	(delta): 2.32831e-10
18 (QN/Block) 	Elapsed: 0.062	Loglikelihood: -45412.4	(delta): 5.09317e-11
19 (QN/Block) 	Elapsed: 0.079	Loglikelihood: -45412.4	(delta): 5.09317e-11
20 (QN/Block) 	Elapsed: 0.064	Loglikelihood: -45412.4	(delta): -2.18279e-11
21 (QN/Block) 	Elapsed: 0.055	Loglikelihood: -45412.4	(delta): -2.91038e-11
22 (QN/Block) 	Elapsed: 0.054	Loglikelihood: -45412.4	(delta): -5.09317e-11
23 (QN/Block) 	Elapsed: 0.056	Loglikelihood: -45412.4	(delta): 2.91038e-11
24 (QN/Block) 	Elapsed: 0.058	Loglikelihood: -45412.4	(delta): 3.63798e-11
25 (QN/Block) 	Elapsed: 0.06	Loglikelihood: -45412.4	(delta): -1.45519e-11
26 (QN/Block) 	Elapsed: 0.057	Loglikelihood: -45412.4	(delta): 1.16415e-10
27 (QN/Block) 	Elapsed: 0.061	Loglikelihood: -45412.4	(delta): -5.09317e-11
28 (QN/Block) 	Elapsed: 0.06	Loglikelihood: -45412.4	(delta): 9.45874e-11
29 (QN/Block) 	Elapsed: 0.061	Loglikelihood: -45412.4	(delta): -1.45519e-11
30 (QN/Block) 	Elapsed: 0.058	Loglikelihood: -45412.4	(delta): 4.36557e-11
31 (QN/Block) 	Elapsed: 0.066	Loglikelihood: -45412.4	(delta): 5.82077e-11
32 (QN/Block) 	Elapsed: 0.06	Loglikelihood: -45412.4	(delta): -5.82077e-11
33 (QN/Block) 	Elapsed: 0.06	Loglikelihood: -45412.4	(delta): 7.27596e-12
34 (QN/Block) 	Elapsed: 0.061	Loglikelihood: -45412.4	(delta): -1.45519e-11
35 (QN/Block) 	Elapsed: 0.058	Loglikelihood: -45412.4	(delta): 1.52795e-10
36 (QN/Block) 	Elapsed: 0.056	Loglikelihood: -45412.4	(delta): -9.45874e-11
37 (QN/Block) 	Elapsed: 0.063	Loglikelihood: -45412.4	(delta): -8.00355e-11
38 (QN/Block) 	Elapsed: 0.064	Loglikelihood: -45412.4	(delta): 7.27596e-11
39 (QN/Block) 	Elapsed: 0.058	Loglikelihood: -45412.4	(delta): -1.45519e-11
40 (QN/Block) 	Elapsed: 0.06	Loglikelihood: -45412.4	(delta): 2.18279e-11
41 (QN/Block) 	Elapsed: 0.06	Loglikelihood: -45412.4	(delta): 7.27596e-12
42 (QN/Block) 	Elapsed: 0.059	Loglikelihood: -45412.4	(delta): 8.73115e-11
43 (QN/Block) 	Elapsed: 0.06	Loglikelihood: -45412.4	(delta): 5.09317e-11
44 (QN/Block) 	Elapsed: 0.062	Loglikelihood: -45412.4	(delta): 0
45 (QN/Block) 	Elapsed: 0.063	Loglikelihood: -45412.4	(delta): 5.09317e-11
46 (QN/Block) 	Elapsed: 0.06	Loglikelihood: -45412.4	(delta): 7.27596e-12
47 (QN/Block) 	Elapsed: 0.063	Loglikelihood: -45412.4	(delta): -7.27596e-12
48 (QN/Block) 	Elapsed: 0.061	Loglikelihood: -45412.4	(delta): 0
49 (QN/Block) 	Elapsed: 0.061	Loglikelihood: -45412.4	(delta): 1.45519e-11
50 (QN/Block) 	Elapsed: 0.06	Loglikelihood: -45412.4	(delta): 6.54836e-11
51 (QN/Block) 	Elapsed: 0.057	Loglikelihood: -45412.4	(delta): 3.63798e-11
52 (QN/Block) 	Elapsed: 0.057	Loglikelihood: -45412.4	(delta): -2.18279e-11
53 (QN/Block) 	Elapsed: 0.053	Loglikelihood: -45412.4	(delta): -4.36557e-11
54 (QN/Block) 	Elapsed: 0.056	Loglikelihood: -45412.4	(delta): 8.00355e-11
55 (QN/Block) 	Elapsed: 0.056	Loglikelihood: -45412.4	(delta): 3.63798e-11
56 (QN/Block) 	Elapsed: 0.059	Loglikelihood: -45412.4	(delta): 3.63798e-11
57 (QN/Block) 	Elapsed: 0.058	Loglikelihood: -45412.4	(delta): 5.09317e-11
58 (QN/Block) 	Elapsed: 0.054	Loglikelihood: -45412.4	(delta): -1.16415e-10
59 (QN/Block) 	Elapsed: 0.056	Loglikelihood: -45412.4	(delta): 1.01863e-10
60 (QN/Block) 	Elapsed: 0.061	Loglikelihood: -45412.4	(delta): 5.09317e-11
61 (QN/Block) 	Elapsed: 0.056	Loglikelihood: -45412.4	(delta): -1.45519e-11
62 (QN/Block) 	Elapsed: 0.053	Loglikelihood: -45412.4	(delta): -6.54836e-11
63 (QN/Block) 	Elapsed: 0.058	Loglikelihood: -45412.4	(delta): 8.00355e-11
64 (QN/Block) 	Elapsed: 0.069	Loglikelihood: -45412.4	(delta): 3.63798e-11
65 (QN/Block) 	Elapsed: 0.058	Loglikelihood: -45412.4	(delta): 1.45519e-11
66 (QN/Block) 	Elapsed: 0.061	Loglikelihood: -45412.4	(delta): 5.82077e-11
67 (QN/Block) 	Elapsed: 0.061	Loglikelihood: -45412.4	(delta): -2.91038e-11
68 (QN/Block) 	Elapsed: 0.06	Loglikelihood: -45412.4	(delta): 4.36557e-11
69 (QN/Block) 	Elapsed: 0.056	Loglikelihood: -45412.4	(delta): -7.27596e-12
70 (QN/Block) 	Elapsed: 0.056	Loglikelihood: -45412.4	(delta): -7.27596e-12
71 (QN/Block) 	Elapsed: 0.061	Loglikelihood: -45412.4	(delta): 6.54836e-11
72 (QN/Block) 	Elapsed: 0.058	Loglikelihood: -45412.4	(delta): -2.91038e-11
73 (QN/Block) 	Elapsed: 0.058	Loglikelihood: -45412.4	(delta): 2.91038e-11
74 (QN/Block) 	Elapsed: 0.056	Loglikelihood: -45412.4	(delta): -7.27596e-12
75 (QN/Block) 	Elapsed: 0.06	Loglikelihood: -45412.4	(delta): 8.00355e-11
76 (QN/Block) 	Elapsed: 0.06	Loglikelihood: -45412.4	(delta): -2.18279e-11
77 (QN/Block) 	Elapsed: 0.06	Loglikelihood: -45412.4	(delta): -2.18279e-11
78 (QN/Block) 	Elapsed: 0.06	Loglikelihood: -45412.4	(delta): 1.60071e-10
79 (QN/Block) 	Elapsed: 0.06	Loglikelihood: -45412.4	(delta): -2.91038e-11
80 (QN/Block) 	Elapsed: 0.061	Loglikelihood: -45412.4	(delta): -1.45519e-11
81 (QN/Block) 	Elapsed: 0.07	Loglikelihood: -45412.4	(delta): -3.63798e-11
82 (QN/Block) 	Elapsed: 0.064	Loglikelihood: -45412.4	(delta): 7.27596e-12
83 (QN/Block) 	Elapsed: 0.063	Loglikelihood: -45412.4	(delta): 2.18279e-11
84 (QN/Block) 	Elapsed: 0.062	Loglikelihood: -45412.4	(delta): 7.27596e-12
85 (QN/Block) 	Elapsed: 0.062	Loglikelihood: -45412.4	(delta): 6.54836e-11
86 (QN/Block) 	Elapsed: 0.059	Loglikelihood: -45412.4	(delta): -6.54836e-11
87 (QN/Block) 	Elapsed: 0.059	Loglikelihood: -45412.4	(delta): 3.63798e-11
88 (QN/Block) 	Elapsed: 0.061	Loglikelihood: -45412.4	(delta): 2.91038e-11
89 (QN/Block) 	Elapsed: 0.061	Loglikelihood: -45412.4	(delta): 2.18279e-11
90 (QN/Block) 	Elapsed: 0.059	Loglikelihood: -45412.4	(delta): 9.45874e-11
91 (QN/Block) 	Elapsed: 0.06	Loglikelihood: -45412.4	(delta): 2.91038e-11
92 (QN/Block) 	Elapsed: 0.061	Loglikelihood: -45412.4	(delta): 8.00355e-11
93 (QN/Block) 	Elapsed: 0.06	Loglikelihood: -45412.4	(delta): 7.27596e-12
94 (QN/Block) 	Elapsed: 0.057	Loglikelihood: -45412.4	(delta): -4.36557e-11
95 (QN/Block) 	Elapsed: 0.057	Loglikelihood: -45412.4	(delta): 9.45874e-11
96 (QN/Block) 	Elapsed: 0.057	Loglikelihood: -45412.4	(delta): -2.18279e-11
97 (QN/Block) 	Elapsed: 0.066	Loglikelihood: -45412.4	(delta): 2.18279e-11
98 (QN/Block) 	Elapsed: 0.064	Loglikelihood: -45412.4	(delta): -2.91038e-11
99 (QN/Block) 	Elapsed: 0.061	Loglikelihood: -45412.4	(delta): 2.18279e-11
100 (QN/Block) 	Elapsed: 0.059	Loglikelihood: -45412.4	(delta): -2.18279e-11
Summary: 
Converged in 100 iterations (6.267 sec)
Loglikelihood: -45412.381426
Fst divergences between estimated populations: 
	Pop0	Pop1	Pop2	Pop3	Pop4	
Pop0	
Pop1	0.844	
Pop2	0.824	0.366	
Pop3	0.108	0.850	0.828	
Pop4	0.782	0.853	0.840	0.792	
Pop5	0.382	0.865	0.844	0.399	0.812	
CV error (K=6): 0.08464
Writing output files.
