****                   ADMIXTURE Version 1.3.0                  ****
****                    Copyright 2008-2015                     ****
****           David Alexander, Suyash Shringarpure,            ****
****                John  Novembre, Ken Lange                   ****
****                                                            ****
****                 Please cite our paper!                     ****
****   Information at www.genetics.ucla.edu/software/admixture  ****

Parallel execution requested.  Will use 8 threads.
Cross-validation will be performed.  Folds=10.
Random seed: 43
Point estimation method: Block relaxation algorithm
Convergence acceleration algorithm: QuasiNewton, 3 secant conditions
Point estimation will terminate at 100 iterations
Estimation of standard errors disabled; will compute point estimates only.
Size of G: 557x751
Performing five EM steps to prime main algorithm
1 (EM) 	Elapsed: 0.024	Loglikelihood: -236750	(delta): 352207
2 (EM) 	Elapsed: 0.025	Loglikelihood: -225870	(delta): 10879.8
3 (EM) 	Elapsed: 0.024	Loglikelihood: -223237	(delta): 2633.35
4 (EM) 	Elapsed: 0.024	Loglikelihood: -221482	(delta): 1754.96
5 (EM) 	Elapsed: 0.024	Loglikelihood: -219671	(delta): 1810.44
Initial loglikelihood: -219671
Starting main algorithm
1 (QN/Block) 	Elapsed: 0.039	Loglikelihood: -70945	(delta): 148726
2 (QN/Block) 	Elapsed: 0.043	Loglikelihood: -53044.5	(delta): 17900.6
3 (QN/Block) 	Elapsed: 0.051	Loglikelihood: -50637.2	(delta): 2407.28
4 (QN/Block) 	Elapsed: 0.045	Loglikelihood: -49252.4	(delta): 1384.83
5 (QN/Block) 	Elapsed: 0.047	Loglikelihood: -48588.9	(delta): 663.424
6 (QN/Block) 	Elapsed: 0.047	Loglikelihood: -48276.5	(delta): 312.457
7 (QN/Block) 	Elapsed: 0.047	Loglikelihood: -48219.7	(delta): 56.8181
8 (QN/Block) 	Elapsed: 0.047	Loglikelihood: -48216.4	(delta): 3.2406
9 (QN/Block) 	Elapsed: 0.045	Loglikelihood: -48216	(delta): 0.456215
10 (QN/Block) 	Elapsed: 0.042	Loglikelihood: -48215.9	(delta): 0.0302583
11 (QN/Block) 	Elapsed: 0.042	Loglikelihood: -48215.9	(delta): 0.0121388
12 (QN/Block) 	Elapsed: 0.045	Loglikelihood: -48215.9	(delta): 0.000581526
13 (QN/Block) 	Elapsed: 0.046	Loglikelihood: -48215.9	(delta): 1.18598e-09
14 (QN/Block) 	Elapsed: 0.044	Loglikelihood: -48215.9	(delta): 0
15 (QN/Block) 	Elapsed: 0.043	Loglikelihood: -48215.9	(delta): -1.45519e-11
16 (QN/Block) 	Elapsed: 0.042	Loglikelihood: -48215.9	(delta): 0
17 (QN/Block) 	Elapsed: 0.045	Loglikelihood: -48215.9	(delta): 7.27596e-12
18 (QN/Block) 	Elapsed: 0.046	Loglikelihood: -48215.9	(delta): -2.18279e-11
19 (QN/Block) 	Elapsed: 0.044	Loglikelihood: -48215.9	(delta): 1.45519e-11
20 (QN/Block) 	Elapsed: 0.044	Loglikelihood: -48215.9	(delta): 7.27596e-12
21 (QN/Block) 	Elapsed: 0.044	Loglikelihood: -48215.9	(delta): -1.45519e-11
22 (QN/Block) 	Elapsed: 0.043	Loglikelihood: -48215.9	(delta): -1.45519e-11
23 (QN/Block) 	Elapsed: 0.045	Loglikelihood: -48215.9	(delta): 1.45519e-11
24 (QN/Block) 	Elapsed: 0.046	Loglikelihood: -48215.9	(delta): 0
25 (QN/Block) 	Elapsed: 0.046	Loglikelihood: -48215.9	(delta): -2.18279e-11
26 (QN/Block) 	Elapsed: 0.049	Loglikelihood: -48215.9	(delta): 0
27 (QN/Block) 	Elapsed: 0.054	Loglikelihood: -48215.9	(delta): 0
28 (QN/Block) 	Elapsed: 0.054	Loglikelihood: -48215.9	(delta): -7.27596e-12
29 (QN/Block) 	Elapsed: 0.048	Loglikelihood: -48215.9	(delta): 7.27596e-12
30 (QN/Block) 	Elapsed: 0.05	Loglikelihood: -48215.9	(delta): 0
31 (QN/Block) 	Elapsed: 0.05	Loglikelihood: -48215.9	(delta): 0
32 (QN/Block) 	Elapsed: 0.057	Loglikelihood: -48215.9	(delta): 0
33 (QN/Block) 	Elapsed: 0.05	Loglikelihood: -48215.9	(delta): 0
34 (QN/Block) 	Elapsed: 0.048	Loglikelihood: -48215.9	(delta): -7.27596e-12
35 (QN/Block) 	Elapsed: 0.049	Loglikelihood: -48215.9	(delta): 1.45519e-11
36 (QN/Block) 	Elapsed: 0.05	Loglikelihood: -48215.9	(delta): -7.27596e-12
37 (QN/Block) 	Elapsed: 0.05	Loglikelihood: -48215.9	(delta): -7.27596e-12
38 (QN/Block) 	Elapsed: 0.048	Loglikelihood: -48215.9	(delta): 7.27596e-12
39 (QN/Block) 	Elapsed: 0.049	Loglikelihood: -48215.9	(delta): -1.45519e-11
40 (QN/Block) 	Elapsed: 0.05	Loglikelihood: -48215.9	(delta): 0
41 (QN/Block) 	Elapsed: 0.05	Loglikelihood: -48215.9	(delta): 0
42 (QN/Block) 	Elapsed: 0.051	Loglikelihood: -48215.9	(delta): 1.45519e-11
43 (QN/Block) 	Elapsed: 0.052	Loglikelihood: -48215.9	(delta): -7.27596e-12
44 (QN/Block) 	Elapsed: 0.051	Loglikelihood: -48215.9	(delta): -7.27596e-12
45 (QN/Block) 	Elapsed: 0.047	Loglikelihood: -48215.9	(delta): 0
46 (QN/Block) 	Elapsed: 0.049	Loglikelihood: -48215.9	(delta): 0
47 (QN/Block) 	Elapsed: 0.05	Loglikelihood: -48215.9	(delta): 0
48 (QN/Block) 	Elapsed: 0.051	Loglikelihood: -48215.9	(delta): -7.27596e-12
49 (QN/Block) 	Elapsed: 0.045	Loglikelihood: -48215.9	(delta): 1.45519e-11
50 (QN/Block) 	Elapsed: 0.046	Loglikelihood: -48215.9	(delta): 0
51 (QN/Block) 	Elapsed: 0.043	Loglikelihood: -48215.9	(delta): -1.45519e-11
52 (QN/Block) 	Elapsed: 0.045	Loglikelihood: -48215.9	(delta): 2.18279e-11
53 (QN/Block) 	Elapsed: 0.046	Loglikelihood: -48215.9	(delta): 1.45519e-11
54 (QN/Block) 	Elapsed: 0.049	Loglikelihood: -48215.9	(delta): -2.18279e-11
55 (QN/Block) 	Elapsed: 0.045	Loglikelihood: -48215.9	(delta): 1.45519e-11
56 (QN/Block) 	Elapsed: 0.047	Loglikelihood: -48215.9	(delta): 0
57 (QN/Block) 	Elapsed: 0.048	Loglikelihood: -48215.9	(delta): -7.27596e-12
58 (QN/Block) 	Elapsed: 0.044	Loglikelihood: -48215.9	(delta): -1.45519e-11
59 (QN/Block) 	Elapsed: 0.046	Loglikelihood: -48215.9	(delta): -1.45519e-11
60 (QN/Block) 	Elapsed: 0.042	Loglikelihood: -48215.9	(delta): 1.45519e-11
61 (QN/Block) 	Elapsed: 0.047	Loglikelihood: -48215.9	(delta): -7.27596e-12
62 (QN/Block) 	Elapsed: 0.046	Loglikelihood: -48215.9	(delta): 7.27596e-12
63 (QN/Block) 	Elapsed: 0.047	Loglikelihood: -48215.9	(delta): 0
64 (QN/Block) 	Elapsed: 0.049	Loglikelihood: -48215.9	(delta): 7.27596e-12
65 (QN/Block) 	Elapsed: 0.048	Loglikelihood: -48215.9	(delta): 0
66 (QN/Block) 	Elapsed: 0.047	Loglikelihood: -48215.9	(delta): -1.45519e-11
67 (QN/Block) 	Elapsed: 0.047	Loglikelihood: -48215.9	(delta): -1.45519e-11
68 (QN/Block) 	Elapsed: 0.045	Loglikelihood: -48215.9	(delta): -7.27596e-12
69 (QN/Block) 	Elapsed: 0.044	Loglikelihood: -48215.9	(delta): 0
70 (QN/Block) 	Elapsed: 0.045	Loglikelihood: -48215.9	(delta): 1.45519e-11
71 (QN/Block) 	Elapsed: 0.065	Loglikelihood: -48215.9	(delta): 0
72 (QN/Block) 	Elapsed: 0.06	Loglikelihood: -48215.9	(delta): -7.27596e-12
73 (QN/Block) 	Elapsed: 0.047	Loglikelihood: -48215.9	(delta): 0
74 (QN/Block) 	Elapsed: 0.046	Loglikelihood: -48215.9	(delta): 1.45519e-11
75 (QN/Block) 	Elapsed: 0.048	Loglikelihood: -48215.9	(delta): -7.27596e-12
76 (QN/Block) 	Elapsed: 0.044	Loglikelihood: -48215.9	(delta): -7.27596e-12
77 (QN/Block) 	Elapsed: 0.043	Loglikelihood: -48215.9	(delta): 0
78 (QN/Block) 	Elapsed: 0.044	Loglikelihood: -48215.9	(delta): -2.18279e-11
79 (QN/Block) 	Elapsed: 0.046	Loglikelihood: -48215.9	(delta): 7.27596e-12
80 (QN/Block) 	Elapsed: 0.045	Loglikelihood: -48215.9	(delta): 7.27596e-12
81 (QN/Block) 	Elapsed: 0.045	Loglikelihood: -48215.9	(delta): -7.27596e-12
82 (QN/Block) 	Elapsed: 0.045	Loglikelihood: -48215.9	(delta): -7.27596e-12
83 (QN/Block) 	Elapsed: 0.044	Loglikelihood: -48215.9	(delta): -7.27596e-12
84 (QN/Block) 	Elapsed: 0.045	Loglikelihood: -48215.9	(delta): 1.45519e-11
85 (QN/Block) 	Elapsed: 0.05	Loglikelihood: -48215.9	(delta): 1.45519e-11
86 (QN/Block) 	Elapsed: 0.049	Loglikelihood: -48215.9	(delta): -1.45519e-11
87 (QN/Block) 	Elapsed: 0.047	Loglikelihood: -48215.9	(delta): -7.27596e-12
88 (QN/Block) 	Elapsed: 0.045	Loglikelihood: -48215.9	(delta): 0
89 (QN/Block) 	Elapsed: 0.051	Loglikelihood: -48215.9	(delta): 7.27596e-12
90 (QN/Block) 	Elapsed: 0.054	Loglikelihood: -48215.9	(delta): -1.45519e-11
91 (QN/Block) 	Elapsed: 0.053	Loglikelihood: -48215.9	(delta): -7.27596e-12
92 (QN/Block) 	Elapsed: 0.047	Loglikelihood: -48215.9	(delta): 0
93 (QN/Block) 	Elapsed: 0.046	Loglikelihood: -48215.9	(delta): -7.27596e-12
94 (QN/Block) 	Elapsed: 0.05	Loglikelihood: -48215.9	(delta): -7.27596e-12
95 (QN/Block) 	Elapsed: 0.047	Loglikelihood: -48215.9	(delta): 7.27596e-12
96 (QN/Block) 	Elapsed: 0.044	Loglikelihood: -48215.9	(delta): 0
97 (QN/Block) 	Elapsed: 0.044	Loglikelihood: -48215.9	(delta): 7.27596e-12
98 (QN/Block) 	Elapsed: 0.044	Loglikelihood: -48215.9	(delta): -7.27596e-12
99 (QN/Block) 	Elapsed: 0.046	Loglikelihood: -48215.9	(delta): 0
100 (QN/Block) 	Elapsed: 0.047	Loglikelihood: -48215.9	(delta): 7.27596e-12
Summary: 
Converged in 100 iterations (5.001 sec)
Loglikelihood: -48215.935298
Fst divergences between estimated populations: 
	Pop0	Pop1	Pop2	
Pop0	
Pop1	0.797	
Pop2	0.840	0.806	
Pop3	0.498	0.818	0.853	
CV error (K=4): 0.08882
Writing output files.
