****                   ADMIXTURE Version 1.3.0                  ****
****                    Copyright 2008-2015                     ****
****           David Alexander, Suyash Shringarpure,            ****
****                John  Novembre, Ken Lange                   ****
****                                                            ****
****                 Please cite our paper!                     ****
****   Information at www.genetics.ucla.edu/software/admixture  ****

Parallel execution requested.  Will use 8 threads.
Cross-validation will be performed.  Folds=10.
Random seed: 43
Point estimation method: Block relaxation algorithm
Convergence acceleration algorithm: QuasiNewton, 3 secant conditions
Point estimation will terminate at 100 iterations
Estimation of standard errors disabled; will compute point estimates only.
Size of G: 557x751
Performing five EM steps to prime main algorithm
1 (EM) 	Elapsed: 0.058	Loglikelihood: -233570	(delta): 313097
2 (EM) 	Elapsed: 0.059	Loglikelihood: -222799	(delta): 10770.7
3 (EM) 	Elapsed: 0.06	Loglikelihood: -218831	(delta): 3967.91
4 (EM) 	Elapsed: 0.06	Loglikelihood: -212251	(delta): 6580.48
5 (EM) 	Elapsed: 0.062	Loglikelihood: -198948	(delta): 13302.6
Initial loglikelihood: -198948
Starting main algorithm
1 (QN/Block) 	Elapsed: 0.075	Loglikelihood: -56232.6	(delta): 142715
2 (QN/Block) 	Elapsed: 0.078	Loglikelihood: -47721.8	(delta): 8510.83
3 (QN/Block) 	Elapsed: 0.086	Loglikelihood: -44874.6	(delta): 2847.2
4 (QN/Block) 	Elapsed: 0.084	Loglikelihood: -43168.3	(delta): 1706.32
5 (QN/Block) 	Elapsed: 0.08	Loglikelihood: -42350.5	(delta): 817.746
6 (QN/Block) 	Elapsed: 0.072	Loglikelihood: -42128.8	(delta): 221.683
7 (QN/Block) 	Elapsed: 0.071	Loglikelihood: -42062.4	(delta): 66.4867
8 (QN/Block) 	Elapsed: 0.077	Loglikelihood: -42035.3	(delta): 27.0769
9 (QN/Block) 	Elapsed: 0.08	Loglikelihood: -42023.2	(delta): 12.0687
10 (QN/Block) 	Elapsed: 0.073	Loglikelihood: -42015	(delta): 8.18382
11 (QN/Block) 	Elapsed: 0.075	Loglikelihood: -42010.5	(delta): 4.48102
12 (QN/Block) 	Elapsed: 0.078	Loglikelihood: -42009.1	(delta): 1.40412
13 (QN/Block) 	Elapsed: 0.073	Loglikelihood: -42008	(delta): 1.18876
14 (QN/Block) 	Elapsed: 0.076	Loglikelihood: -42006.6	(delta): 1.36766
15 (QN/Block) 	Elapsed: 0.076	Loglikelihood: -42005.2	(delta): 1.35964
16 (QN/Block) 	Elapsed: 0.074	Loglikelihood: -42003.9	(delta): 1.32793
17 (QN/Block) 	Elapsed: 0.078	Loglikelihood: -42003.2	(delta): 0.730197
18 (QN/Block) 	Elapsed: 0.081	Loglikelihood: -42002.2	(delta): 0.943755
19 (QN/Block) 	Elapsed: 0.088	Loglikelihood: -42001.9	(delta): 0.278179
20 (QN/Block) 	Elapsed: 0.08	Loglikelihood: -42001.6	(delta): 0.317749
21 (QN/Block) 	Elapsed: 0.083	Loglikelihood: -42001.3	(delta): 0.279826
22 (QN/Block) 	Elapsed: 0.096	Loglikelihood: -42000.4	(delta): 0.989274
23 (QN/Block) 	Elapsed: 0.08	Loglikelihood: -41999.1	(delta): 1.30629
24 (QN/Block) 	Elapsed: 0.081	Loglikelihood: -41996.7	(delta): 2.37918
25 (QN/Block) 	Elapsed: 0.08	Loglikelihood: -41994.8	(delta): 1.85604
26 (QN/Block) 	Elapsed: 0.08	Loglikelihood: -41993	(delta): 1.81168
27 (QN/Block) 	Elapsed: 0.081	Loglikelihood: -41989	(delta): 3.99566
28 (QN/Block) 	Elapsed: 0.083	Loglikelihood: -41985.3	(delta): 3.75416
29 (QN/Block) 	Elapsed: 0.086	Loglikelihood: -41978.6	(delta): 6.68408
30 (QN/Block) 	Elapsed: 0.089	Loglikelihood: -41967	(delta): 11.5387
31 (QN/Block) 	Elapsed: 0.078	Loglikelihood: -41942.6	(delta): 24.4105
32 (QN/Block) 	Elapsed: 0.081	Loglikelihood: -41929.6	(delta): 13.0615
33 (QN/Block) 	Elapsed: 0.081	Loglikelihood: -41924.3	(delta): 5.25076
34 (QN/Block) 	Elapsed: 0.088	Loglikelihood: -41920	(delta): 4.30903
35 (QN/Block) 	Elapsed: 0.101	Loglikelihood: -41917.3	(delta): 2.67733
36 (QN/Block) 	Elapsed: 0.101	Loglikelihood: -41914.6	(delta): 2.75626
37 (QN/Block) 	Elapsed: 0.109	Loglikelihood: -41912.5	(delta): 2.09403
38 (QN/Block) 	Elapsed: 0.091	Loglikelihood: -41910.3	(delta): 2.18938
39 (QN/Block) 	Elapsed: 0.092	Loglikelihood: -41907.1	(delta): 3.1946
40 (QN/Block) 	Elapsed: 0.092	Loglikelihood: -41905	(delta): 2.04857
41 (QN/Block) 	Elapsed: 0.08	Loglikelihood: -41903	(delta): 2.01442
42 (QN/Block) 	Elapsed: 0.085	Loglikelihood: -41902.5	(delta): 0.561563
43 (QN/Block) 	Elapsed: 0.087	Loglikelihood: -41902.2	(delta): 0.266665
44 (QN/Block) 	Elapsed: 0.098	Loglikelihood: -41902.1	(delta): 0.127388
45 (QN/Block) 	Elapsed: 0.098	Loglikelihood: -41902	(delta): 0.0710685
46 (QN/Block) 	Elapsed: 0.094	Loglikelihood: -41901.9	(delta): 0.0686814
47 (QN/Block) 	Elapsed: 0.086	Loglikelihood: -41901.8	(delta): 0.0814127
48 (QN/Block) 	Elapsed: 0.09	Loglikelihood: -41901.7	(delta): 0.111271
49 (QN/Block) 	Elapsed: 0.084	Loglikelihood: -41901.6	(delta): 0.118619
50 (QN/Block) 	Elapsed: 0.083	Loglikelihood: -41901.1	(delta): 0.475923
51 (QN/Block) 	Elapsed: 0.085	Loglikelihood: -41900.9	(delta): 0.233198
52 (QN/Block) 	Elapsed: 0.087	Loglikelihood: -41900.7	(delta): 0.257941
53 (QN/Block) 	Elapsed: 0.088	Loglikelihood: -41899.8	(delta): 0.850062
54 (QN/Block) 	Elapsed: 0.103	Loglikelihood: -41899.4	(delta): 0.450068
55 (QN/Block) 	Elapsed: 0.114	Loglikelihood: -41899	(delta): 0.368994
56 (QN/Block) 	Elapsed: 0.086	Loglikelihood: -41898.1	(delta): 0.933401
57 (QN/Block) 	Elapsed: 0.081	Loglikelihood: -41897.7	(delta): 0.340984
58 (QN/Block) 	Elapsed: 0.076	Loglikelihood: -41896.7	(delta): 1.03091
59 (QN/Block) 	Elapsed: 0.082	Loglikelihood: -41894.9	(delta): 1.74303
60 (QN/Block) 	Elapsed: 0.087	Loglikelihood: -41893.3	(delta): 1.58967
61 (QN/Block) 	Elapsed: 0.09	Loglikelihood: -41892.9	(delta): 0.463039
62 (QN/Block) 	Elapsed: 0.084	Loglikelihood: -41892.7	(delta): 0.204546
63 (QN/Block) 	Elapsed: 0.079	Loglikelihood: -41892.5	(delta): 0.226193
64 (QN/Block) 	Elapsed: 0.088	Loglikelihood: -41892.3	(delta): 0.115538
65 (QN/Block) 	Elapsed: 0.087	Loglikelihood: -41892.1	(delta): 0.228175
66 (QN/Block) 	Elapsed: 0.101	Loglikelihood: -41891.9	(delta): 0.173969
67 (QN/Block) 	Elapsed: 0.096	Loglikelihood: -41891.9	(delta): 0.0737439
68 (QN/Block) 	Elapsed: 0.081	Loglikelihood: -41891.9	(delta): 0.00717412
69 (QN/Block) 	Elapsed: 0.083	Loglikelihood: -41891.9	(delta): 0.00274359
70 (QN/Block) 	Elapsed: 0.076	Loglikelihood: -41891.8	(delta): 0.000934199
71 (QN/Block) 	Elapsed: 0.077	Loglikelihood: -41891.8	(delta): 0.000200008
72 (QN/Block) 	Elapsed: 0.087	Loglikelihood: -41891.8	(delta): 1.76445e-05
73 (QN/Block) 	Elapsed: 0.091	Loglikelihood: -41891.8	(delta): 1.08965e-06
74 (QN/Block) 	Elapsed: 0.096	Loglikelihood: -41891.8	(delta): 3.80242e-08
75 (QN/Block) 	Elapsed: 0.079	Loglikelihood: -41891.8	(delta): 3.11411e-09
76 (QN/Block) 	Elapsed: 0.084	Loglikelihood: -41891.8	(delta): 3.71074e-10
77 (QN/Block) 	Elapsed: 0.085	Loglikelihood: -41891.8	(delta): 4.58385e-10
78 (QN/Block) 	Elapsed: 0.091	Loglikelihood: -41891.8	(delta): 2.91038e-11
79 (QN/Block) 	Elapsed: 0.104	Loglikelihood: -41891.8	(delta): 2.25555e-10
80 (QN/Block) 	Elapsed: 0.09	Loglikelihood: -41891.8	(delta): 9.45874e-11
81 (QN/Block) 	Elapsed: 0.078	Loglikelihood: -41891.8	(delta): 2.47383e-10
82 (QN/Block) 	Elapsed: 0.084	Loglikelihood: -41891.8	(delta): 1.45519e-10
83 (QN/Block) 	Elapsed: 0.08	Loglikelihood: -41891.8	(delta): 1.52795e-10
84 (QN/Block) 	Elapsed: 0.08	Loglikelihood: -41891.8	(delta): -7.27596e-11
85 (QN/Block) 	Elapsed: 0.081	Loglikelihood: -41891.8	(delta): 2.18279e-11
86 (QN/Block) 	Elapsed: 0.076	Loglikelihood: -41891.8	(delta): 2.47383e-10
87 (QN/Block) 	Elapsed: 0.077	Loglikelihood: -41891.8	(delta): -1.01863e-10
88 (QN/Block) 	Elapsed: 0.079	Loglikelihood: -41891.8	(delta): 1.52795e-10
89 (QN/Block) 	Elapsed: 0.075	Loglikelihood: -41891.8	(delta): -8.00355e-11
90 (QN/Block) 	Elapsed: 0.084	Loglikelihood: -41891.8	(delta): 2.03727e-10
91 (QN/Block) 	Elapsed: 0.084	Loglikelihood: -41891.8	(delta): -2.91038e-11
92 (QN/Block) 	Elapsed: 0.081	Loglikelihood: -41891.8	(delta): -4.36557e-11
93 (QN/Block) 	Elapsed: 0.09	Loglikelihood: -41891.8	(delta): 2.91038e-11
94 (QN/Block) 	Elapsed: 0.09	Loglikelihood: -41891.8	(delta): 2.18279e-10
95 (QN/Block) 	Elapsed: 0.089	Loglikelihood: -41891.8	(delta): 2.03727e-10
96 (QN/Block) 	Elapsed: 0.079	Loglikelihood: -41891.8	(delta): -8.73115e-11
97 (QN/Block) 	Elapsed: 0.078	Loglikelihood: -41891.8	(delta): 9.45874e-11
98 (QN/Block) 	Elapsed: 0.086	Loglikelihood: -41891.8	(delta): 2.91038e-11
99 (QN/Block) 	Elapsed: 0.08	Loglikelihood: -41891.8	(delta): 6.54836e-11
100 (QN/Block) 	Elapsed: 0.083	Loglikelihood: -41891.8	(delta): -2.18279e-10
Summary: 
Converged in 100 iterations (8.975 sec)
Loglikelihood: -41891.849203
Fst divergences between estimated populations: 
	Pop0	Pop1	Pop2	Pop3	Pop4	Pop5	Pop6	Pop7	
Pop0	
Pop1	0.423	
Pop2	0.841	0.827	
Pop3	0.429	0.152	0.831	
Pop4	0.384	0.146	0.812	0.180	
Pop5	0.868	0.860	0.866	0.863	0.851	
Pop6	0.861	0.847	0.498	0.851	0.832	0.881	
Pop7	0.437	0.172	0.830	0.177	0.149	0.861	0.850	
Pop8	0.845	0.831	0.861	0.838	0.825	0.379	0.873	0.834	
CV error (K=9): 0.08139
Writing output files.
