****                   ADMIXTURE Version 1.3.0                  ****
****                    Copyright 2008-2015                     ****
****           David Alexander, Suyash Shringarpure,            ****
****                John  Novembre, Ken Lange                   ****
****                                                            ****
****                 Please cite our paper!                     ****
****   Information at www.genetics.ucla.edu/software/admixture  ****

Parallel execution requested.  Will use 8 threads.
Cross-validation will be performed.  Folds=10.
Random seed: 43
Point estimation method: Block relaxation algorithm
Convergence acceleration algorithm: QuasiNewton, 3 secant conditions
Point estimation will terminate at 100 iterations
Estimation of standard errors disabled; will compute point estimates only.
Size of G: 557x751
Performing five EM steps to prime main algorithm
1 (EM) 	Elapsed: 0.037	Loglikelihood: -234633	(delta): 327862
2 (EM) 	Elapsed: 0.039	Loglikelihood: -223169	(delta): 11463.8
3 (EM) 	Elapsed: 0.039	Loglikelihood: -218441	(delta): 4728.38
4 (EM) 	Elapsed: 0.038	Loglikelihood: -211161	(delta): 7279.98
5 (EM) 	Elapsed: 0.041	Loglikelihood: -198889	(delta): 12272.1
Initial loglikelihood: -198889
Starting main algorithm
1 (QN/Block) 	Elapsed: 0.063	Loglikelihood: -57952.6	(delta): 140936
2 (QN/Block) 	Elapsed: 0.056	Loglikelihood: -50580	(delta): 7372.54
3 (QN/Block) 	Elapsed: 0.064	Loglikelihood: -48325.9	(delta): 2254.18
4 (QN/Block) 	Elapsed: 0.056	Loglikelihood: -46898	(delta): 1427.84
5 (QN/Block) 	Elapsed: 0.058	Loglikelihood: -46090.8	(delta): 807.262
6 (QN/Block) 	Elapsed: 0.061	Loglikelihood: -45522.2	(delta): 568.544
7 (QN/Block) 	Elapsed: 0.06	Loglikelihood: -45230.6	(delta): 291.656
8 (QN/Block) 	Elapsed: 0.058	Loglikelihood: -45098	(delta): 132.544
9 (QN/Block) 	Elapsed: 0.059	Loglikelihood: -45031.6	(delta): 66.4004
10 (QN/Block) 	Elapsed: 0.061	Loglikelihood: -44996.2	(delta): 35.421
11 (QN/Block) 	Elapsed: 0.061	Loglikelihood: -44978.2	(delta): 18.0407
12 (QN/Block) 	Elapsed: 0.061	Loglikelihood: -44965.6	(delta): 12.5328
13 (QN/Block) 	Elapsed: 0.06	Loglikelihood: -44961.8	(delta): 3.87541
14 (QN/Block) 	Elapsed: 0.061	Loglikelihood: -44960.2	(delta): 1.60162
15 (QN/Block) 	Elapsed: 0.062	Loglikelihood: -44959.6	(delta): 0.558617
16 (QN/Block) 	Elapsed: 0.06	Loglikelihood: -44959.2	(delta): 0.36972
17 (QN/Block) 	Elapsed: 0.067	Loglikelihood: -44958.9	(delta): 0.360284
18 (QN/Block) 	Elapsed: 0.057	Loglikelihood: -44958.8	(delta): 0.0517843
19 (QN/Block) 	Elapsed: 0.058	Loglikelihood: -44958.7	(delta): 0.0628162
20 (QN/Block) 	Elapsed: 0.062	Loglikelihood: -44958.7	(delta): 0.0221643
21 (QN/Block) 	Elapsed: 0.059	Loglikelihood: -44958.7	(delta): 0.0348075
22 (QN/Block) 	Elapsed: 0.06	Loglikelihood: -44958.7	(delta): 0.0297354
23 (QN/Block) 	Elapsed: 0.062	Loglikelihood: -44958.7	(delta): 0.0106564
24 (QN/Block) 	Elapsed: 0.062	Loglikelihood: -44958.6	(delta): 0.0099025
25 (QN/Block) 	Elapsed: 0.061	Loglikelihood: -44958.6	(delta): 0.0212807
26 (QN/Block) 	Elapsed: 0.063	Loglikelihood: -44958.6	(delta): 0.0359102
27 (QN/Block) 	Elapsed: 0.063	Loglikelihood: -44958.6	(delta): 0.0140611
28 (QN/Block) 	Elapsed: 0.062	Loglikelihood: -44958.6	(delta): 0.00365705
29 (QN/Block) 	Elapsed: 0.065	Loglikelihood: -44958.6	(delta): 0.00880478
30 (QN/Block) 	Elapsed: 0.067	Loglikelihood: -44958.5	(delta): 0.025137
31 (QN/Block) 	Elapsed: 0.065	Loglikelihood: -44958.5	(delta): 0.0815406
32 (QN/Block) 	Elapsed: 0.07	Loglikelihood: -44958.2	(delta): 0.230773
33 (QN/Block) 	Elapsed: 0.073	Loglikelihood: -44958.2	(delta): 0.0368429
34 (QN/Block) 	Elapsed: 0.074	Loglikelihood: -44958.1	(delta): 0.0398423
35 (QN/Block) 	Elapsed: 0.062	Loglikelihood: -44958.1	(delta): 0.0613445
36 (QN/Block) 	Elapsed: 0.062	Loglikelihood: -44958	(delta): 0.0809327
37 (QN/Block) 	Elapsed: 0.064	Loglikelihood: -44957.9	(delta): 0.105738
38 (QN/Block) 	Elapsed: 0.062	Loglikelihood: -44957.8	(delta): 0.0703473
39 (QN/Block) 	Elapsed: 0.059	Loglikelihood: -44957.8	(delta): 0.0325204
40 (QN/Block) 	Elapsed: 0.064	Loglikelihood: -44957.8	(delta): 0.00373239
41 (QN/Block) 	Elapsed: 0.073	Loglikelihood: -44957.8	(delta): 0.0020036
42 (QN/Block) 	Elapsed: 0.069	Loglikelihood: -44957.8	(delta): 0.00014287
43 (QN/Block) 	Elapsed: 0.065	Loglikelihood: -44957.8	(delta): 1.86037e-05
44 (QN/Block) 	Elapsed: 0.064	Loglikelihood: -44957.8	(delta): 3.47372e-06
45 (QN/Block) 	Elapsed: 0.062	Loglikelihood: -44957.8	(delta): 4.82098e-07
46 (QN/Block) 	Elapsed: 0.06	Loglikelihood: -44957.8	(delta): 1.17347e-07
47 (QN/Block) 	Elapsed: 0.068	Loglikelihood: -44957.8	(delta): 9.67702e-09
48 (QN/Block) 	Elapsed: 0.068	Loglikelihood: -44957.8	(delta): 9.31323e-10
49 (QN/Block) 	Elapsed: 0.065	Loglikelihood: -44957.8	(delta): 2.91038e-10
50 (QN/Block) 	Elapsed: 0.071	Loglikelihood: -44957.8	(delta): 1.74623e-10
51 (QN/Block) 	Elapsed: 0.065	Loglikelihood: -44957.8	(delta): 3.12866e-10
52 (QN/Block) 	Elapsed: 0.066	Loglikelihood: -44957.8	(delta): 2.03727e-10
53 (QN/Block) 	Elapsed: 0.067	Loglikelihood: -44957.8	(delta): -5.09317e-11
54 (QN/Block) 	Elapsed: 0.069	Loglikelihood: -44957.8	(delta): 2.11003e-10
55 (QN/Block) 	Elapsed: 0.066	Loglikelihood: -44957.8	(delta): 1.60071e-10
56 (QN/Block) 	Elapsed: 0.071	Loglikelihood: -44957.8	(delta): 2.11003e-10
57 (QN/Block) 	Elapsed: 0.071	Loglikelihood: -44957.8	(delta): 2.91038e-11
58 (QN/Block) 	Elapsed: 0.079	Loglikelihood: -44957.8	(delta): 1.52795e-10
59 (QN/Block) 	Elapsed: 0.074	Loglikelihood: -44957.8	(delta): 1.30967e-10
60 (QN/Block) 	Elapsed: 0.07	Loglikelihood: -44957.8	(delta): 2.91038e-11
61 (QN/Block) 	Elapsed: 0.071	Loglikelihood: -44957.8	(delta): 2.11003e-10
62 (QN/Block) 	Elapsed: 0.072	Loglikelihood: -44957.8	(delta): -1.89175e-10
63 (QN/Block) 	Elapsed: 0.067	Loglikelihood: -44957.8	(delta): 1.16415e-10
64 (QN/Block) 	Elapsed: 0.067	Loglikelihood: -44957.8	(delta): 1.45519e-11
65 (QN/Block) 	Elapsed: 0.066	Loglikelihood: -44957.8	(delta): 0
66 (QN/Block) 	Elapsed: 0.068	Loglikelihood: -44957.8	(delta): 6.54836e-11
67 (QN/Block) 	Elapsed: 0.066	Loglikelihood: -44957.8	(delta): 5.09317e-11
68 (QN/Block) 	Elapsed: 0.066	Loglikelihood: -44957.8	(delta): 1.16415e-10
69 (QN/Block) 	Elapsed: 0.068	Loglikelihood: -44957.8	(delta): 1.09139e-10
70 (QN/Block) 	Elapsed: 0.066	Loglikelihood: -44957.8	(delta): 1.45519e-10
71 (QN/Block) 	Elapsed: 0.067	Loglikelihood: -44957.8	(delta): 1.67347e-10
72 (QN/Block) 	Elapsed: 0.069	Loglikelihood: -44957.8	(delta): 6.54836e-11
73 (QN/Block) 	Elapsed: 0.066	Loglikelihood: -44957.8	(delta): 6.54836e-11
74 (QN/Block) 	Elapsed: 0.071	Loglikelihood: -44957.8	(delta): 5.09317e-11
75 (QN/Block) 	Elapsed: 0.072	Loglikelihood: -44957.8	(delta): -8.73115e-11
76 (QN/Block) 	Elapsed: 0.07	Loglikelihood: -44957.8	(delta): 2.18279e-11
77 (QN/Block) 	Elapsed: 0.068	Loglikelihood: -44957.8	(delta): 3.63798e-11
78 (QN/Block) 	Elapsed: 0.074	Loglikelihood: -44957.8	(delta): 4.36557e-11
79 (QN/Block) 	Elapsed: 0.067	Loglikelihood: -44957.8	(delta): 1.96451e-10
80 (QN/Block) 	Elapsed: 0.067	Loglikelihood: -44957.8	(delta): 0
81 (QN/Block) 	Elapsed: 0.072	Loglikelihood: -44957.8	(delta): 2.54659e-10
82 (QN/Block) 	Elapsed: 0.068	Loglikelihood: -44957.8	(delta): 1.96451e-10
83 (QN/Block) 	Elapsed: 0.067	Loglikelihood: -44957.8	(delta): 0
84 (QN/Block) 	Elapsed: 0.066	Loglikelihood: -44957.8	(delta): 1.16415e-10
85 (QN/Block) 	Elapsed: 0.071	Loglikelihood: -44957.8	(delta): 1.89175e-10
86 (QN/Block) 	Elapsed: 0.075	Loglikelihood: -44957.8	(delta): 8.00355e-11
87 (QN/Block) 	Elapsed: 0.08	Loglikelihood: -44957.8	(delta): 3.63798e-11
88 (QN/Block) 	Elapsed: 0.075	Loglikelihood: -44957.8	(delta): 8.00355e-11
89 (QN/Block) 	Elapsed: 0.067	Loglikelihood: -44957.8	(delta): -2.91038e-11
90 (QN/Block) 	Elapsed: 0.071	Loglikelihood: -44957.8	(delta): 2.18279e-11
91 (QN/Block) 	Elapsed: 0.069	Loglikelihood: -44957.8	(delta): 2.76486e-10
92 (QN/Block) 	Elapsed: 0.067	Loglikelihood: -44957.8	(delta): 1.89175e-10
93 (QN/Block) 	Elapsed: 0.07	Loglikelihood: -44957.8	(delta): 9.45874e-11
94 (QN/Block) 	Elapsed: 0.073	Loglikelihood: -44957.8	(delta): 1.45519e-11
95 (QN/Block) 	Elapsed: 0.069	Loglikelihood: -44957.8	(delta): 2.76486e-10
96 (QN/Block) 	Elapsed: 0.067	Loglikelihood: -44957.8	(delta): 7.27596e-12
97 (QN/Block) 	Elapsed: 0.068	Loglikelihood: -44957.8	(delta): 1.38243e-10
98 (QN/Block) 	Elapsed: 0.072	Loglikelihood: -44957.8	(delta): -7.27596e-12
99 (QN/Block) 	Elapsed: 0.07	Loglikelihood: -44957.8	(delta): 5.09317e-11
100 (QN/Block) 	Elapsed: 0.069	Loglikelihood: -44957.8	(delta): -4.36557e-11
Summary: 
Converged in 100 iterations (7 sec)
Loglikelihood: -44957.786367
Fst divergences between estimated populations: 
	Pop0	Pop1	Pop2	Pop3	Pop4	Pop5	
Pop0	
Pop1	0.134	
Pop2	0.414	0.416	
Pop3	0.835	0.829	0.845	
Pop4	0.859	0.858	0.868	0.378	
Pop5	0.131	0.107	0.393	0.824	0.851	
Pop6	0.798	0.796	0.813	0.844	0.848	0.785	
CV error (K=7): 0.08764
Writing output files.
