****                   ADMIXTURE Version 1.3.0                  ****
****                    Copyright 2008-2015                     ****
****           David Alexander, Suyash Shringarpure,            ****
****                John  Novembre, Ken Lange                   ****
****                                                            ****
****                 Please cite our paper!                     ****
****   Information at www.genetics.ucla.edu/software/admixture  ****

Parallel execution requested.  Will use 8 threads.
Cross-validation will be performed.  Folds=10.
Random seed: 43
Point estimation method: Block relaxation algorithm
Convergence acceleration algorithm: QuasiNewton, 3 secant conditions
Point estimation will terminate at 100 iterations
Estimation of standard errors disabled; will compute point estimates only.
Size of G: 557x751
Performing five EM steps to prime main algorithm
1 (EM) 	Elapsed: 0.055	Loglikelihood: -235158	(delta): 321020
2 (EM) 	Elapsed: 0.053	Loglikelihood: -224125	(delta): 11033.8
3 (EM) 	Elapsed: 0.05	Loglikelihood: -221097	(delta): 3027.56
4 (EM) 	Elapsed: 0.05	Loglikelihood: -217345	(delta): 3751.97
5 (EM) 	Elapsed: 0.049	Loglikelihood: -210694	(delta): 6650.75
Initial loglikelihood: -210694
Starting main algorithm
1 (QN/Block) 	Elapsed: 0.074	Loglikelihood: -56366.5	(delta): 154328
2 (QN/Block) 	Elapsed: 0.069	Loglikelihood: -48432.8	(delta): 7933.76
3 (QN/Block) 	Elapsed: 0.074	Loglikelihood: -45993.4	(delta): 2439.36
4 (QN/Block) 	Elapsed: 0.073	Loglikelihood: -44352.9	(delta): 1640.57
5 (QN/Block) 	Elapsed: 0.068	Loglikelihood: -43224.4	(delta): 1128.45
6 (QN/Block) 	Elapsed: 0.074	Loglikelihood: -42765	(delta): 459.398
7 (QN/Block) 	Elapsed: 0.068	Loglikelihood: -42686.8	(delta): 78.2374
8 (QN/Block) 	Elapsed: 0.072	Loglikelihood: -42663.5	(delta): 23.227
9 (QN/Block) 	Elapsed: 0.066	Loglikelihood: -42600.3	(delta): 63.2725
10 (QN/Block) 	Elapsed: 0.067	Loglikelihood: -42565	(delta): 35.2547
11 (QN/Block) 	Elapsed: 0.067	Loglikelihood: -42539.7	(delta): 25.3114
12 (QN/Block) 	Elapsed: 0.066	Loglikelihood: -42532.1	(delta): 7.59671
13 (QN/Block) 	Elapsed: 0.07	Loglikelihood: -42530.8	(delta): 1.27363
14 (QN/Block) 	Elapsed: 0.068	Loglikelihood: -42530.6	(delta): 0.205189
15 (QN/Block) 	Elapsed: 0.08	Loglikelihood: -42530.6	(delta): 0.00814762
16 (QN/Block) 	Elapsed: 0.069	Loglikelihood: -42530.6	(delta): 0.000900572
17 (QN/Block) 	Elapsed: 0.066	Loglikelihood: -42530.6	(delta): 3.83071e-05
18 (QN/Block) 	Elapsed: 0.071	Loglikelihood: -42530.6	(delta): 6.15561e-07
19 (QN/Block) 	Elapsed: 0.071	Loglikelihood: -42530.6	(delta): 1.17216e-08
20 (QN/Block) 	Elapsed: 0.077	Loglikelihood: -42530.6	(delta): 1.62254e-09
21 (QN/Block) 	Elapsed: 0.089	Loglikelihood: -42530.6	(delta): 4.1473e-10
22 (QN/Block) 	Elapsed: 0.079	Loglikelihood: -42530.6	(delta): -2.18279e-11
23 (QN/Block) 	Elapsed: 0.073	Loglikelihood: -42530.6	(delta): 1.45519e-11
24 (QN/Block) 	Elapsed: 0.076	Loglikelihood: -42530.6	(delta): 5.09317e-11
25 (QN/Block) 	Elapsed: 0.073	Loglikelihood: -42530.6	(delta): -7.27596e-11
26 (QN/Block) 	Elapsed: 0.07	Loglikelihood: -42530.6	(delta): -8.73115e-11
27 (QN/Block) 	Elapsed: 0.076	Loglikelihood: -42530.6	(delta): 6.54836e-11
28 (QN/Block) 	Elapsed: 0.089	Loglikelihood: -42530.6	(delta): -4.36557e-11
29 (QN/Block) 	Elapsed: 0.079	Loglikelihood: -42530.6	(delta): -7.27596e-12
30 (QN/Block) 	Elapsed: 0.07	Loglikelihood: -42530.6	(delta): 8.73115e-11
31 (QN/Block) 	Elapsed: 0.071	Loglikelihood: -42530.6	(delta): -5.09317e-11
32 (QN/Block) 	Elapsed: 0.069	Loglikelihood: -42530.6	(delta): -2.18279e-11
33 (QN/Block) 	Elapsed: 0.083	Loglikelihood: -42530.6	(delta): 6.54836e-11
34 (QN/Block) 	Elapsed: 0.075	Loglikelihood: -42530.6	(delta): 1.45519e-11
35 (QN/Block) 	Elapsed: 0.069	Loglikelihood: -42530.6	(delta): -1.01863e-10
36 (QN/Block) 	Elapsed: 0.068	Loglikelihood: -42530.6	(delta): -5.82077e-11
37 (QN/Block) 	Elapsed: 0.071	Loglikelihood: -42530.6	(delta): 3.63798e-11
38 (QN/Block) 	Elapsed: 0.068	Loglikelihood: -42530.6	(delta): -5.82077e-11
39 (QN/Block) 	Elapsed: 0.069	Loglikelihood: -42530.6	(delta): 1.45519e-11
40 (QN/Block) 	Elapsed: 0.071	Loglikelihood: -42530.6	(delta): 1.16415e-10
41 (QN/Block) 	Elapsed: 0.083	Loglikelihood: -42530.6	(delta): -5.09317e-11
42 (QN/Block) 	Elapsed: 0.07	Loglikelihood: -42530.6	(delta): 1.01863e-10
43 (QN/Block) 	Elapsed: 0.074	Loglikelihood: -42530.6	(delta): -4.36557e-11
44 (QN/Block) 	Elapsed: 0.079	Loglikelihood: -42530.6	(delta): 1.45519e-11
45 (QN/Block) 	Elapsed: 0.078	Loglikelihood: -42530.6	(delta): 1.45519e-11
46 (QN/Block) 	Elapsed: 0.074	Loglikelihood: -42530.6	(delta): -1.16415e-10
47 (QN/Block) 	Elapsed: 0.076	Loglikelihood: -42530.6	(delta): 3.63798e-11
48 (QN/Block) 	Elapsed: 0.106	Loglikelihood: -42530.6	(delta): -8.00355e-11
49 (QN/Block) 	Elapsed: 0.09	Loglikelihood: -42530.6	(delta): -2.91038e-11
50 (QN/Block) 	Elapsed: 0.075	Loglikelihood: -42530.6	(delta): -3.63798e-11
51 (QN/Block) 	Elapsed: 0.08	Loglikelihood: -42530.6	(delta): -7.27596e-11
52 (QN/Block) 	Elapsed: 0.073	Loglikelihood: -42530.6	(delta): 2.91038e-11
53 (QN/Block) 	Elapsed: 0.079	Loglikelihood: -42530.6	(delta): 8.00355e-11
54 (QN/Block) 	Elapsed: 0.087	Loglikelihood: -42530.6	(delta): -6.54836e-11
55 (QN/Block) 	Elapsed: 0.077	Loglikelihood: -42530.6	(delta): 5.82077e-11
56 (QN/Block) 	Elapsed: 0.075	Loglikelihood: -42530.6	(delta): -9.45874e-11
57 (QN/Block) 	Elapsed: 0.082	Loglikelihood: -42530.6	(delta): -7.27596e-12
58 (QN/Block) 	Elapsed: 0.081	Loglikelihood: -42530.6	(delta): -4.36557e-11
59 (QN/Block) 	Elapsed: 0.079	Loglikelihood: -42530.6	(delta): 5.82077e-11
60 (QN/Block) 	Elapsed: 0.08	Loglikelihood: -42530.6	(delta): -4.36557e-11
61 (QN/Block) 	Elapsed: 0.08	Loglikelihood: -42530.6	(delta): -7.27596e-12
62 (QN/Block) 	Elapsed: 0.078	Loglikelihood: -42530.6	(delta): -3.63798e-11
63 (QN/Block) 	Elapsed: 0.077	Loglikelihood: -42530.6	(delta): -7.27596e-12
64 (QN/Block) 	Elapsed: 0.076	Loglikelihood: -42530.6	(delta): -4.36557e-11
65 (QN/Block) 	Elapsed: 0.071	Loglikelihood: -42530.6	(delta): -1.23691e-10
66 (QN/Block) 	Elapsed: 0.091	Loglikelihood: -42530.6	(delta): 5.82077e-11
67 (QN/Block) 	Elapsed: 0.077	Loglikelihood: -42530.6	(delta): -7.27596e-11
68 (QN/Block) 	Elapsed: 0.088	Loglikelihood: -42530.6	(delta): -5.09317e-11
69 (QN/Block) 	Elapsed: 0.1	Loglikelihood: -42530.6	(delta): 7.27596e-12
70 (QN/Block) 	Elapsed: 0.1	Loglikelihood: -42530.6	(delta): -1.23691e-10
71 (QN/Block) 	Elapsed: 0.103	Loglikelihood: -42530.6	(delta): 3.63798e-11
72 (QN/Block) 	Elapsed: 0.102	Loglikelihood: -42530.6	(delta): -1.45519e-11
73 (QN/Block) 	Elapsed: 0.097	Loglikelihood: -42530.6	(delta): -7.27596e-11
74 (QN/Block) 	Elapsed: 0.143	Loglikelihood: -42530.6	(delta): -1.45519e-11
75 (QN/Block) 	Elapsed: 0.086	Loglikelihood: -42530.6	(delta): 2.91038e-11
76 (QN/Block) 	Elapsed: 0.078	Loglikelihood: -42530.6	(delta): -8.73115e-11
77 (QN/Block) 	Elapsed: 0.078	Loglikelihood: -42530.6	(delta): -2.18279e-11
78 (QN/Block) 	Elapsed: 0.08	Loglikelihood: -42530.6	(delta): 6.54836e-11
79 (QN/Block) 	Elapsed: 0.079	Loglikelihood: -42530.6	(delta): -1.16415e-10
80 (QN/Block) 	Elapsed: 0.079	Loglikelihood: -42530.6	(delta): -5.82077e-11
81 (QN/Block) 	Elapsed: 0.075	Loglikelihood: -42530.6	(delta): -2.18279e-11
82 (QN/Block) 	Elapsed: 0.081	Loglikelihood: -42530.6	(delta): -3.63798e-11
83 (QN/Block) 	Elapsed: 0.078	Loglikelihood: -42530.6	(delta): 2.91038e-11
84 (QN/Block) 	Elapsed: 0.079	Loglikelihood: -42530.6	(delta): -4.36557e-11
85 (QN/Block) 	Elapsed: 0.077	Loglikelihood: -42530.6	(delta): -5.09317e-11
86 (QN/Block) 	Elapsed: 0.077	Loglikelihood: -42530.6	(delta): -6.54836e-11
87 (QN/Block) 	Elapsed: 0.077	Loglikelihood: -42530.6	(delta): 5.09317e-11
88 (QN/Block) 	Elapsed: 0.084	Loglikelihood: -42530.6	(delta): 3.63798e-11
89 (QN/Block) 	Elapsed: 0.08	Loglikelihood: -42530.6	(delta): 4.36557e-11
90 (QN/Block) 	Elapsed: 0.078	Loglikelihood: -42530.6	(delta): 3.63798e-11
91 (QN/Block) 	Elapsed: 0.081	Loglikelihood: -42530.6	(delta): -2.18279e-11
92 (QN/Block) 	Elapsed: 0.075	Loglikelihood: -42530.6	(delta): -7.27596e-12
93 (QN/Block) 	Elapsed: 0.073	Loglikelihood: -42530.6	(delta): -7.27596e-12
94 (QN/Block) 	Elapsed: 0.079	Loglikelihood: -42530.6	(delta): -3.63798e-11
95 (QN/Block) 	Elapsed: 0.078	Loglikelihood: -42530.6	(delta): -5.09317e-11
96 (QN/Block) 	Elapsed: 0.077	Loglikelihood: -42530.6	(delta): -3.63798e-11
97 (QN/Block) 	Elapsed: 0.074	Loglikelihood: -42530.6	(delta): 1.45519e-11
98 (QN/Block) 	Elapsed: 0.078	Loglikelihood: -42530.6	(delta): -7.27596e-12
99 (QN/Block) 	Elapsed: 0.073	Loglikelihood: -42530.6	(delta): -4.36557e-11
100 (QN/Block) 	Elapsed: 0.077	Loglikelihood: -42530.6	(delta): -1.45519e-11
Summary: 
Converged in 100 iterations (8.276 sec)
Loglikelihood: -42530.616870
Fst divergences between estimated populations: 
	Pop0	Pop1	Pop2	Pop3	Pop4	Pop5	Pop6	
Pop0	
Pop1	0.839	
Pop2	0.857	0.399	
Pop3	0.273	0.848	0.866	
Pop4	0.884	0.839	0.861	0.890	
Pop5	0.874	0.820	0.841	0.880	0.502	
Pop6	0.435	0.826	0.840	0.457	0.852	0.835	
Pop7	0.834	0.110	0.384	0.843	0.829	0.809	0.820	
CV error (K=8): 0.08096
Writing output files.
