****                   ADMIXTURE Version 1.3.0                  ****
****                    Copyright 2008-2015                     ****
****           David Alexander, Suyash Shringarpure,            ****
****                John  Novembre, Ken Lange                   ****
****                                                            ****
****                 Please cite our paper!                     ****
****   Information at www.genetics.ucla.edu/software/admixture  ****

Parallel execution requested.  Will use 8 threads.
Cross-validation will be performed.  Folds=10.
Random seed: 43
Point estimation method: Block relaxation algorithm
Convergence acceleration algorithm: QuasiNewton, 3 secant conditions
Point estimation will terminate at 100 iterations
Estimation of standard errors disabled; will compute point estimates only.
Size of G: 121x1282
Performing five EM steps to prime main algorithm
1 (EM) 	Elapsed: 0.024	Loglikelihood: -106421	(delta): 105462
2 (EM) 	Elapsed: 0.025	Loglikelihood: -101052	(delta): 5368.66
3 (EM) 	Elapsed: 0.026	Loglikelihood: -99398.8	(delta): 1653.4
4 (EM) 	Elapsed: 0.022	Loglikelihood: -97840	(delta): 1558.77
5 (EM) 	Elapsed: 0.022	Loglikelihood: -95991	(delta): 1849.02
Initial loglikelihood: -95991
Starting main algorithm
1 (QN/Block) 	Elapsed: 0.031	Loglikelihood: -66666.1	(delta): 29325
2 (QN/Block) 	Elapsed: 0.032	Loglikelihood: -60378.9	(delta): 6287.16
3 (QN/Block) 	Elapsed: 0.032	Loglikelihood: -58107.6	(delta): 2271.25
4 (QN/Block) 	Elapsed: 0.038	Loglikelihood: -56656.5	(delta): 1451.18
5 (QN/Block) 	Elapsed: 0.044	Loglikelihood: -55752.6	(delta): 903.816
6 (QN/Block) 	Elapsed: 0.044	Loglikelihood: -55145.7	(delta): 606.95
7 (QN/Block) 	Elapsed: 0.043	Loglikelihood: -54945.3	(delta): 200.339
8 (QN/Block) 	Elapsed: 0.041	Loglikelihood: -54863	(delta): 82.3948
9 (QN/Block) 	Elapsed: 0.038	Loglikelihood: -54819.7	(delta): 43.2262
10 (QN/Block) 	Elapsed: 0.036	Loglikelihood: -54796.1	(delta): 23.6529
11 (QN/Block) 	Elapsed: 0.037	Loglikelihood: -54788.5	(delta): 7.57416
12 (QN/Block) 	Elapsed: 0.04	Loglikelihood: -54786.3	(delta): 2.23202
13 (QN/Block) 	Elapsed: 0.033	Loglikelihood: -54785.5	(delta): 0.816348
14 (QN/Block) 	Elapsed: 0.04	Loglikelihood: -54784.8	(delta): 0.66533
15 (QN/Block) 	Elapsed: 0.038	Loglikelihood: -54783.6	(delta): 1.20465
16 (QN/Block) 	Elapsed: 0.036	Loglikelihood: -54783.3	(delta): 0.319747
17 (QN/Block) 	Elapsed: 0.053	Loglikelihood: -54782.7	(delta): 0.523836
18 (QN/Block) 	Elapsed: 0.047	Loglikelihood: -54781.9	(delta): 0.83728
19 (QN/Block) 	Elapsed: 0.046	Loglikelihood: -54781	(delta): 0.919518
20 (QN/Block) 	Elapsed: 0.052	Loglikelihood: -54780.1	(delta): 0.927001
21 (QN/Block) 	Elapsed: 0.045	Loglikelihood: -54779.7	(delta): 0.331816
22 (QN/Block) 	Elapsed: 0.04	Loglikelihood: -54779.7	(delta): 0.0480669
23 (QN/Block) 	Elapsed: 0.034	Loglikelihood: -54779.7	(delta): 0.00980607
24 (QN/Block) 	Elapsed: 0.035	Loglikelihood: -54779.7	(delta): 0.00174971
25 (QN/Block) 	Elapsed: 0.044	Loglikelihood: -54779.7	(delta): 0.000716897
26 (QN/Block) 	Elapsed: 0.05	Loglikelihood: -54779.7	(delta): 9.89256e-05
27 (QN/Block) 	Elapsed: 0.038	Loglikelihood: -54779.7	(delta): 8.76623e-06
28 (QN/Block) 	Elapsed: 0.038	Loglikelihood: -54779.7	(delta): 4.97188e-07
29 (QN/Block) 	Elapsed: 0.033	Loglikelihood: -54779.7	(delta): 1.38098e-07
30 (QN/Block) 	Elapsed: 0.041	Loglikelihood: -54779.7	(delta): 6.44286e-08
31 (QN/Block) 	Elapsed: 0.042	Loglikelihood: -54779.7	(delta): 1.19253e-08
32 (QN/Block) 	Elapsed: 0.036	Loglikelihood: -54779.7	(delta): 1.92085e-09
33 (QN/Block) 	Elapsed: 0.041	Loglikelihood: -54779.7	(delta): 1.45519e-10
34 (QN/Block) 	Elapsed: 0.047	Loglikelihood: -54779.7	(delta): 4.36557e-11
35 (QN/Block) 	Elapsed: 0.036	Loglikelihood: -54779.7	(delta): 0
36 (QN/Block) 	Elapsed: 0.04	Loglikelihood: -54779.7	(delta): 1.45519e-11
37 (QN/Block) 	Elapsed: 0.048	Loglikelihood: -54779.7	(delta): 2.18279e-11
38 (QN/Block) 	Elapsed: 0.041	Loglikelihood: -54779.7	(delta): 7.27596e-12
39 (QN/Block) 	Elapsed: 0.04	Loglikelihood: -54779.7	(delta): 0
40 (QN/Block) 	Elapsed: 0.041	Loglikelihood: -54779.7	(delta): 1.45519e-11
41 (QN/Block) 	Elapsed: 0.042	Loglikelihood: -54779.7	(delta): 0
42 (QN/Block) 	Elapsed: 0.036	Loglikelihood: -54779.7	(delta): 7.27596e-12
43 (QN/Block) 	Elapsed: 0.044	Loglikelihood: -54779.7	(delta): 7.27596e-12
44 (QN/Block) 	Elapsed: 0.038	Loglikelihood: -54779.7	(delta): 7.27596e-12
45 (QN/Block) 	Elapsed: 0.048	Loglikelihood: -54779.7	(delta): 1.45519e-11
46 (QN/Block) 	Elapsed: 0.048	Loglikelihood: -54779.7	(delta): 7.27596e-12
47 (QN/Block) 	Elapsed: 0.048	Loglikelihood: -54779.7	(delta): 0
48 (QN/Block) 	Elapsed: 0.044	Loglikelihood: -54779.7	(delta): 0
49 (QN/Block) 	Elapsed: 0.051	Loglikelihood: -54779.7	(delta): 0
50 (QN/Block) 	Elapsed: 0.048	Loglikelihood: -54779.7	(delta): 7.27596e-12
51 (QN/Block) 	Elapsed: 0.039	Loglikelihood: -54779.7	(delta): 0
52 (QN/Block) 	Elapsed: 0.04	Loglikelihood: -54779.7	(delta): 1.45519e-11
53 (QN/Block) 	Elapsed: 0.047	Loglikelihood: -54779.7	(delta): -7.27596e-12
54 (QN/Block) 	Elapsed: 0.041	Loglikelihood: -54779.7	(delta): 1.45519e-11
55 (QN/Block) 	Elapsed: 0.044	Loglikelihood: -54779.7	(delta): -7.27596e-12
56 (QN/Block) 	Elapsed: 0.043	Loglikelihood: -54779.7	(delta): -7.27596e-12
57 (QN/Block) 	Elapsed: 0.054	Loglikelihood: -54779.7	(delta): 1.45519e-11
58 (QN/Block) 	Elapsed: 0.053	Loglikelihood: -54779.7	(delta): -7.27596e-12
59 (QN/Block) 	Elapsed: 0.055	Loglikelihood: -54779.7	(delta): 7.27596e-12
60 (QN/Block) 	Elapsed: 0.055	Loglikelihood: -54779.7	(delta): -7.27596e-12
61 (QN/Block) 	Elapsed: 0.051	Loglikelihood: -54779.7	(delta): 1.45519e-11
62 (QN/Block) 	Elapsed: 0.051	Loglikelihood: -54779.7	(delta): -7.27596e-12
63 (QN/Block) 	Elapsed: 0.056	Loglikelihood: -54779.7	(delta): 0
64 (QN/Block) 	Elapsed: 0.05	Loglikelihood: -54779.7	(delta): 0
65 (QN/Block) 	Elapsed: 0.041	Loglikelihood: -54779.7	(delta): 7.27596e-12
66 (QN/Block) 	Elapsed: 0.044	Loglikelihood: -54779.7	(delta): 7.27596e-12
67 (QN/Block) 	Elapsed: 0.041	Loglikelihood: -54779.7	(delta): 0
68 (QN/Block) 	Elapsed: 0.04	Loglikelihood: -54779.7	(delta): 0
69 (QN/Block) 	Elapsed: 0.037	Loglikelihood: -54779.7	(delta): 7.27596e-12
70 (QN/Block) 	Elapsed: 0.041	Loglikelihood: -54779.7	(delta): -7.27596e-12
71 (QN/Block) 	Elapsed: 0.051	Loglikelihood: -54779.7	(delta): 7.27596e-12
72 (QN/Block) 	Elapsed: 0.058	Loglikelihood: -54779.7	(delta): -7.27596e-12
73 (QN/Block) 	Elapsed: 0.052	Loglikelihood: -54779.7	(delta): -7.27596e-12
74 (QN/Block) 	Elapsed: 0.051	Loglikelihood: -54779.7	(delta): 7.27596e-12
75 (QN/Block) 	Elapsed: 0.049	Loglikelihood: -54779.7	(delta): 0
76 (QN/Block) 	Elapsed: 0.05	Loglikelihood: -54779.7	(delta): 0
77 (QN/Block) 	Elapsed: 0.042	Loglikelihood: -54779.7	(delta): 7.27596e-12
78 (QN/Block) 	Elapsed: 0.043	Loglikelihood: -54779.7	(delta): -7.27596e-12
79 (QN/Block) 	Elapsed: 0.041	Loglikelihood: -54779.7	(delta): 1.45519e-11
80 (QN/Block) 	Elapsed: 0.055	Loglikelihood: -54779.7	(delta): 0
81 (QN/Block) 	Elapsed: 0.057	Loglikelihood: -54779.7	(delta): -7.27596e-12
82 (QN/Block) 	Elapsed: 0.053	Loglikelihood: -54779.7	(delta): 0
83 (QN/Block) 	Elapsed: 0.05	Loglikelihood: -54779.7	(delta): 1.45519e-11
84 (QN/Block) 	Elapsed: 0.046	Loglikelihood: -54779.7	(delta): 0
85 (QN/Block) 	Elapsed: 0.048	Loglikelihood: -54779.7	(delta): -1.45519e-11
86 (QN/Block) 	Elapsed: 0.042	Loglikelihood: -54779.7	(delta): 7.27596e-12
87 (QN/Block) 	Elapsed: 0.041	Loglikelihood: -54779.7	(delta): 0
88 (QN/Block) 	Elapsed: 0.039	Loglikelihood: -54779.7	(delta): 0
89 (QN/Block) 	Elapsed: 0.039	Loglikelihood: -54779.7	(delta): 0
90 (QN/Block) 	Elapsed: 0.048	Loglikelihood: -54779.7	(delta): -7.27596e-12
91 (QN/Block) 	Elapsed: 0.038	Loglikelihood: -54779.7	(delta): 7.27596e-12
92 (QN/Block) 	Elapsed: 0.048	Loglikelihood: -54779.7	(delta): -7.27596e-12
93 (QN/Block) 	Elapsed: 0.051	Loglikelihood: -54779.7	(delta): -7.27596e-12
94 (QN/Block) 	Elapsed: 0.051	Loglikelihood: -54779.7	(delta): 1.45519e-11
95 (QN/Block) 	Elapsed: 0.051	Loglikelihood: -54779.7	(delta): -7.27596e-12
96 (QN/Block) 	Elapsed: 0.041	Loglikelihood: -54779.7	(delta): -7.27596e-12
97 (QN/Block) 	Elapsed: 0.043	Loglikelihood: -54779.7	(delta): 7.27596e-12
98 (QN/Block) 	Elapsed: 0.044	Loglikelihood: -54779.7	(delta): 7.27596e-12
99 (QN/Block) 	Elapsed: 0.039	Loglikelihood: -54779.7	(delta): 0
100 (QN/Block) 	Elapsed: 0.041	Loglikelihood: -54779.7	(delta): 1.45519e-11
Summary: 
Converged in 100 iterations (4.649 sec)
Loglikelihood: -54779.662072
Fst divergences between estimated populations: 
	Pop0	Pop1	Pop2	Pop3	Pop4	Pop5	Pop6	Pop7	Pop8	
Pop0	
Pop1	0.209	
Pop2	0.504	0.485	
Pop3	0.584	0.563	0.333	
Pop4	0.205	0.174	0.502	0.575	
Pop5	0.597	0.583	0.435	0.542	0.594	
Pop6	0.615	0.602	0.452	0.561	0.609	0.224	
Pop7	0.547	0.529	0.259	0.238	0.539	0.486	0.501	
Pop8	0.618	0.606	0.457	0.560	0.613	0.316	0.280	0.508	
Pop9	0.570	0.558	0.403	0.512	0.568	0.224	0.220	0.453	0.287	
CV error (K=10): 0.50468
Writing output files.
