****                   ADMIXTURE Version 1.3.0                  ****
****                    Copyright 2008-2015                     ****
****           David Alexander, Suyash Shringarpure,            ****
****                John  Novembre, Ken Lange                   ****
****                                                            ****
****                 Please cite our paper!                     ****
****   Information at www.genetics.ucla.edu/software/admixture  ****

Parallel execution requested.  Will use 8 threads.
Cross-validation will be performed.  Folds=10.
Random seed: 43
Point estimation method: Block relaxation algorithm
Convergence acceleration algorithm: QuasiNewton, 3 secant conditions
Point estimation will terminate at 100 iterations
Estimation of standard errors disabled; will compute point estimates only.
Size of G: 121x1282
Performing five EM steps to prime main algorithm
1 (EM) 	Elapsed: 0.017	Loglikelihood: -106652	(delta): 106130
2 (EM) 	Elapsed: 0.019	Loglikelihood: -101407	(delta): 5245.04
3 (EM) 	Elapsed: 0.018	Loglikelihood: -99966.1	(delta): 1440.6
4 (EM) 	Elapsed: 0.019	Loglikelihood: -98821.3	(delta): 1144.78
5 (EM) 	Elapsed: 0.017	Loglikelihood: -97646.1	(delta): 1175.26
Initial loglikelihood: -97646.1
Starting main algorithm
1 (QN/Block) 	Elapsed: 0.032	Loglikelihood: -66593.9	(delta): 31052.2
2 (QN/Block) 	Elapsed: 0.03	Loglikelihood: -61098.4	(delta): 5495.53
3 (QN/Block) 	Elapsed: 0.03	Loglikelihood: -58805.5	(delta): 2292.91
4 (QN/Block) 	Elapsed: 0.034	Loglikelihood: -57399.1	(delta): 1406.34
5 (QN/Block) 	Elapsed: 0.031	Loglikelihood: -56713.3	(delta): 685.851
6 (QN/Block) 	Elapsed: 0.033	Loglikelihood: -56496.8	(delta): 216.528
7 (QN/Block) 	Elapsed: 0.033	Loglikelihood: -56441.8	(delta): 54.999
8 (QN/Block) 	Elapsed: 0.032	Loglikelihood: -56424.8	(delta): 16.9866
9 (QN/Block) 	Elapsed: 0.034	Loglikelihood: -56419.5	(delta): 5.22449
10 (QN/Block) 	Elapsed: 0.032	Loglikelihood: -56414.2	(delta): 5.38654
11 (QN/Block) 	Elapsed: 0.029	Loglikelihood: -56389.4	(delta): 24.787
12 (QN/Block) 	Elapsed: 0.029	Loglikelihood: -56372.5	(delta): 16.8725
13 (QN/Block) 	Elapsed: 0.036	Loglikelihood: -56355.3	(delta): 17.1672
14 (QN/Block) 	Elapsed: 0.034	Loglikelihood: -56341.7	(delta): 13.6222
15 (QN/Block) 	Elapsed: 0.035	Loglikelihood: -56330.9	(delta): 10.8264
16 (QN/Block) 	Elapsed: 0.036	Loglikelihood: -56321.7	(delta): 9.15057
17 (QN/Block) 	Elapsed: 0.032	Loglikelihood: -56309	(delta): 12.7367
18 (QN/Block) 	Elapsed: 0.035	Loglikelihood: -56304.9	(delta): 4.09059
19 (QN/Block) 	Elapsed: 0.039	Loglikelihood: -56303.4	(delta): 1.47982
20 (QN/Block) 	Elapsed: 0.037	Loglikelihood: -56303.4	(delta): 0.0286737
21 (QN/Block) 	Elapsed: 0.032	Loglikelihood: -56303.4	(delta): 0.00516771
22 (QN/Block) 	Elapsed: 0.032	Loglikelihood: -56303.4	(delta): 0.00102547
23 (QN/Block) 	Elapsed: 0.028	Loglikelihood: -56303.4	(delta): 0.000330507
24 (QN/Block) 	Elapsed: 0.029	Loglikelihood: -56303.4	(delta): 2.84428e-05
25 (QN/Block) 	Elapsed: 0.029	Loglikelihood: -56303.4	(delta): 1.30247e-05
26 (QN/Block) 	Elapsed: 0.035	Loglikelihood: -56303.4	(delta): 4.66203e-06
27 (QN/Block) 	Elapsed: 0.028	Loglikelihood: -56303.4	(delta): 1.96553e-06
28 (QN/Block) 	Elapsed: 0.035	Loglikelihood: -56303.4	(delta): 2.08478e-07
29 (QN/Block) 	Elapsed: 0.034	Loglikelihood: -56303.4	(delta): 4.77521e-08
30 (QN/Block) 	Elapsed: 0.036	Loglikelihood: -56303.4	(delta): 4.35102e-09
31 (QN/Block) 	Elapsed: 0.032	Loglikelihood: -56303.4	(delta): 1.62981e-09
32 (QN/Block) 	Elapsed: 0.032	Loglikelihood: -56303.4	(delta): 4.94765e-10
33 (QN/Block) 	Elapsed: 0.033	Loglikelihood: -56303.4	(delta): 1.38243e-10
34 (QN/Block) 	Elapsed: 0.036	Loglikelihood: -56303.4	(delta): 4.36557e-11
35 (QN/Block) 	Elapsed: 0.032	Loglikelihood: -56303.4	(delta): 0
36 (QN/Block) 	Elapsed: 0.034	Loglikelihood: -56303.4	(delta): 1.45519e-11
37 (QN/Block) 	Elapsed: 0.03	Loglikelihood: -56303.4	(delta): -7.27596e-12
38 (QN/Block) 	Elapsed: 0.033	Loglikelihood: -56303.4	(delta): 7.27596e-12
39 (QN/Block) 	Elapsed: 0.031	Loglikelihood: -56303.4	(delta): -1.45519e-11
40 (QN/Block) 	Elapsed: 0.033	Loglikelihood: -56303.4	(delta): 2.18279e-11
41 (QN/Block) 	Elapsed: 0.034	Loglikelihood: -56303.4	(delta): 0
42 (QN/Block) 	Elapsed: 0.039	Loglikelihood: -56303.4	(delta): 0
43 (QN/Block) 	Elapsed: 0.035	Loglikelihood: -56303.4	(delta): 0
44 (QN/Block) 	Elapsed: 0.031	Loglikelihood: -56303.4	(delta): 0
45 (QN/Block) 	Elapsed: 0.036	Loglikelihood: -56303.4	(delta): 2.18279e-11
46 (QN/Block) 	Elapsed: 0.033	Loglikelihood: -56303.4	(delta): -1.45519e-11
47 (QN/Block) 	Elapsed: 0.037	Loglikelihood: -56303.4	(delta): -7.27596e-12
48 (QN/Block) 	Elapsed: 0.039	Loglikelihood: -56303.4	(delta): 0
49 (QN/Block) 	Elapsed: 0.041	Loglikelihood: -56303.4	(delta): 1.45519e-11
50 (QN/Block) 	Elapsed: 0.037	Loglikelihood: -56303.4	(delta): 0
51 (QN/Block) 	Elapsed: 0.042	Loglikelihood: -56303.4	(delta): 7.27596e-12
52 (QN/Block) 	Elapsed: 0.041	Loglikelihood: -56303.4	(delta): -7.27596e-12
53 (QN/Block) 	Elapsed: 0.036	Loglikelihood: -56303.4	(delta): 0
54 (QN/Block) 	Elapsed: 0.033	Loglikelihood: -56303.4	(delta): 7.27596e-12
55 (QN/Block) 	Elapsed: 0.034	Loglikelihood: -56303.4	(delta): -7.27596e-12
56 (QN/Block) 	Elapsed: 0.035	Loglikelihood: -56303.4	(delta): 0
57 (QN/Block) 	Elapsed: 0.034	Loglikelihood: -56303.4	(delta): 1.45519e-11
58 (QN/Block) 	Elapsed: 0.04	Loglikelihood: -56303.4	(delta): -7.27596e-12
59 (QN/Block) 	Elapsed: 0.037	Loglikelihood: -56303.4	(delta): 0
60 (QN/Block) 	Elapsed: 0.039	Loglikelihood: -56303.4	(delta): 7.27596e-12
61 (QN/Block) 	Elapsed: 0.043	Loglikelihood: -56303.4	(delta): 7.27596e-12
62 (QN/Block) 	Elapsed: 0.044	Loglikelihood: -56303.4	(delta): -2.91038e-11
63 (QN/Block) 	Elapsed: 0.042	Loglikelihood: -56303.4	(delta): 2.18279e-11
64 (QN/Block) 	Elapsed: 0.038	Loglikelihood: -56303.4	(delta): 7.27596e-12
65 (QN/Block) 	Elapsed: 0.032	Loglikelihood: -56303.4	(delta): 0
66 (QN/Block) 	Elapsed: 0.034	Loglikelihood: -56303.4	(delta): 0
67 (QN/Block) 	Elapsed: 0.03	Loglikelihood: -56303.4	(delta): 0
68 (QN/Block) 	Elapsed: 0.038	Loglikelihood: -56303.4	(delta): 0
69 (QN/Block) 	Elapsed: 0.036	Loglikelihood: -56303.4	(delta): -7.27596e-12
70 (QN/Block) 	Elapsed: 0.04	Loglikelihood: -56303.4	(delta): 7.27596e-12
71 (QN/Block) 	Elapsed: 0.037	Loglikelihood: -56303.4	(delta): -7.27596e-12
72 (QN/Block) 	Elapsed: 0.037	Loglikelihood: -56303.4	(delta): 0
73 (QN/Block) 	Elapsed: 0.038	Loglikelihood: -56303.4	(delta): 0
74 (QN/Block) 	Elapsed: 0.038	Loglikelihood: -56303.4	(delta): 7.27596e-12
75 (QN/Block) 	Elapsed: 0.036	Loglikelihood: -56303.4	(delta): 7.27596e-12
76 (QN/Block) 	Elapsed: 0.042	Loglikelihood: -56303.4	(delta): -1.45519e-11
77 (QN/Block) 	Elapsed: 0.049	Loglikelihood: -56303.4	(delta): 7.27596e-12
78 (QN/Block) 	Elapsed: 0.039	Loglikelihood: -56303.4	(delta): 0
79 (QN/Block) 	Elapsed: 0.035	Loglikelihood: -56303.4	(delta): 7.27596e-12
80 (QN/Block) 	Elapsed: 0.037	Loglikelihood: -56303.4	(delta): -7.27596e-12
81 (QN/Block) 	Elapsed: 0.04	Loglikelihood: -56303.4	(delta): 0
82 (QN/Block) 	Elapsed: 0.04	Loglikelihood: -56303.4	(delta): 7.27596e-12
83 (QN/Block) 	Elapsed: 0.041	Loglikelihood: -56303.4	(delta): 0
84 (QN/Block) 	Elapsed: 0.04	Loglikelihood: -56303.4	(delta): -7.27596e-12
85 (QN/Block) 	Elapsed: 0.044	Loglikelihood: -56303.4	(delta): 0
86 (QN/Block) 	Elapsed: 0.041	Loglikelihood: -56303.4	(delta): 0
87 (QN/Block) 	Elapsed: 0.04	Loglikelihood: -56303.4	(delta): 0
88 (QN/Block) 	Elapsed: 0.031	Loglikelihood: -56303.4	(delta): 0
89 (QN/Block) 	Elapsed: 0.035	Loglikelihood: -56303.4	(delta): -7.27596e-12
90 (QN/Block) 	Elapsed: 0.036	Loglikelihood: -56303.4	(delta): 7.27596e-12
91 (QN/Block) 	Elapsed: 0.032	Loglikelihood: -56303.4	(delta): 1.45519e-11
92 (QN/Block) 	Elapsed: 0.039	Loglikelihood: -56303.4	(delta): -1.45519e-11
93 (QN/Block) 	Elapsed: 0.032	Loglikelihood: -56303.4	(delta): 0
94 (QN/Block) 	Elapsed: 0.038	Loglikelihood: -56303.4	(delta): -7.27596e-12
95 (QN/Block) 	Elapsed: 0.041	Loglikelihood: -56303.4	(delta): 7.27596e-12
96 (QN/Block) 	Elapsed: 0.041	Loglikelihood: -56303.4	(delta): 0
97 (QN/Block) 	Elapsed: 0.041	Loglikelihood: -56303.4	(delta): 7.27596e-12
98 (QN/Block) 	Elapsed: 0.042	Loglikelihood: -56303.4	(delta): -7.27596e-12
99 (QN/Block) 	Elapsed: 0.038	Loglikelihood: -56303.4	(delta): 7.27596e-12
100 (QN/Block) 	Elapsed: 0.036	Loglikelihood: -56303.4	(delta): -7.27596e-12
Summary: 
Converged in 100 iterations (3.804 sec)
Loglikelihood: -56303.392715
Fst divergences between estimated populations: 
	Pop0	Pop1	Pop2	Pop3	Pop4	Pop5	Pop6	
Pop0	
Pop1	0.490	
Pop2	0.495	0.586	
Pop3	0.488	0.276	0.582	
Pop4	0.479	0.323	0.571	0.232	
Pop5	0.521	0.612	0.171	0.610	0.601	
Pop6	0.440	0.282	0.538	0.216	0.232	0.568	
Pop7	0.242	0.452	0.469	0.450	0.439	0.502	0.401	
CV error (K=8): 0.45441
Writing output files.
