****                   ADMIXTURE Version 1.3.0                  ****
****                    Copyright 2008-2015                     ****
****           David Alexander, Suyash Shringarpure,            ****
****                John  Novembre, Ken Lange                   ****
****                                                            ****
****                 Please cite our paper!                     ****
****   Information at www.genetics.ucla.edu/software/admixture  ****

Parallel execution requested.  Will use 8 threads.
Cross-validation will be performed.  Folds=10.
Random seed: 43
Point estimation method: Block relaxation algorithm
Convergence acceleration algorithm: QuasiNewton, 3 secant conditions
Point estimation will terminate at 100 iterations
Estimation of standard errors disabled; will compute point estimates only.
Size of G: 121x1282
Performing five EM steps to prime main algorithm
1 (EM) 	Elapsed: 0.01	Loglikelihood: -106646	(delta): 113800
2 (EM) 	Elapsed: 0.01	Loglikelihood: -101655	(delta): 4991.12
3 (EM) 	Elapsed: 0.011	Loglikelihood: -100194	(delta): 1461.06
4 (EM) 	Elapsed: 0.011	Loglikelihood: -98982.4	(delta): 1211.61
5 (EM) 	Elapsed: 0.012	Loglikelihood: -97692.5	(delta): 1289.92
Initial loglikelihood: -97692.5
Starting main algorithm
1 (QN/Block) 	Elapsed: 0.025	Loglikelihood: -69397.3	(delta): 28295.2
2 (QN/Block) 	Elapsed: 0.022	Loglikelihood: -64157.8	(delta): 5239.5
3 (QN/Block) 	Elapsed: 0.027	Loglikelihood: -62275	(delta): 1882.84
4 (QN/Block) 	Elapsed: 0.022	Loglikelihood: -60912.9	(delta): 1362.06
5 (QN/Block) 	Elapsed: 0.026	Loglikelihood: -60347.9	(delta): 564.974
6 (QN/Block) 	Elapsed: 0.027	Loglikelihood: -60191.6	(delta): 156.372
7 (QN/Block) 	Elapsed: 0.024	Loglikelihood: -60110.6	(delta): 80.9475
8 (QN/Block) 	Elapsed: 0.027	Loglikelihood: -60076.5	(delta): 34.149
9 (QN/Block) 	Elapsed: 0.026	Loglikelihood: -60058.8	(delta): 17.6868
10 (QN/Block) 	Elapsed: 0.025	Loglikelihood: -60051.2	(delta): 7.5648
11 (QN/Block) 	Elapsed: 0.024	Loglikelihood: -60045.2	(delta): 5.97442
12 (QN/Block) 	Elapsed: 0.026	Loglikelihood: -60042.3	(delta): 2.9773
13 (QN/Block) 	Elapsed: 0.024	Loglikelihood: -60042.1	(delta): 0.178154
14 (QN/Block) 	Elapsed: 0.023	Loglikelihood: -60042.1	(delta): 0.0242243
15 (QN/Block) 	Elapsed: 0.024	Loglikelihood: -60042	(delta): 0.00895812
16 (QN/Block) 	Elapsed: 0.02	Loglikelihood: -60042	(delta): 0.00143238
17 (QN/Block) 	Elapsed: 0.023	Loglikelihood: -60042	(delta): 0.000263453
18 (QN/Block) 	Elapsed: 0.024	Loglikelihood: -60042	(delta): 1.22066e-05
19 (QN/Block) 	Elapsed: 0.025	Loglikelihood: -60042	(delta): 1.48309e-06
20 (QN/Block) 	Elapsed: 0.025	Loglikelihood: -60042	(delta): 2.14959e-06
21 (QN/Block) 	Elapsed: 0.027	Loglikelihood: -60042	(delta): 4.80577e-08
22 (QN/Block) 	Elapsed: 0.024	Loglikelihood: -60042	(delta): 4.21278e-09
23 (QN/Block) 	Elapsed: 0.025	Loglikelihood: -60042	(delta): 6.1118e-10
24 (QN/Block) 	Elapsed: 0.026	Loglikelihood: -60042	(delta): 3.63798e-11
25 (QN/Block) 	Elapsed: 0.027	Loglikelihood: -60042	(delta): -7.27596e-12
26 (QN/Block) 	Elapsed: 0.026	Loglikelihood: -60042	(delta): 0
27 (QN/Block) 	Elapsed: 0.025	Loglikelihood: -60042	(delta): 1.45519e-11
28 (QN/Block) 	Elapsed: 0.025	Loglikelihood: -60042	(delta): -7.27596e-12
29 (QN/Block) 	Elapsed: 0.025	Loglikelihood: -60042	(delta): 7.27596e-12
30 (QN/Block) 	Elapsed: 0.022	Loglikelihood: -60042	(delta): 0
31 (QN/Block) 	Elapsed: 0.021	Loglikelihood: -60042	(delta): 7.27596e-12
32 (QN/Block) 	Elapsed: 0.021	Loglikelihood: -60042	(delta): 0
33 (QN/Block) 	Elapsed: 0.021	Loglikelihood: -60042	(delta): -7.27596e-12
34 (QN/Block) 	Elapsed: 0.021	Loglikelihood: -60042	(delta): 0
35 (QN/Block) 	Elapsed: 0.025	Loglikelihood: -60042	(delta): 0
36 (QN/Block) 	Elapsed: 0.022	Loglikelihood: -60042	(delta): -7.27596e-12
37 (QN/Block) 	Elapsed: 0.024	Loglikelihood: -60042	(delta): 0
38 (QN/Block) 	Elapsed: 0.023	Loglikelihood: -60042	(delta): 7.27596e-12
39 (QN/Block) 	Elapsed: 0.026	Loglikelihood: -60042	(delta): -7.27596e-12
40 (QN/Block) 	Elapsed: 0.029	Loglikelihood: -60042	(delta): 7.27596e-12
41 (QN/Block) 	Elapsed: 0.027	Loglikelihood: -60042	(delta): 0
42 (QN/Block) 	Elapsed: 0.026	Loglikelihood: -60042	(delta): 0
43 (QN/Block) 	Elapsed: 0.027	Loglikelihood: -60042	(delta): -1.45519e-11
44 (QN/Block) 	Elapsed: 0.029	Loglikelihood: -60042	(delta): 7.27596e-12
45 (QN/Block) 	Elapsed: 0.027	Loglikelihood: -60042	(delta): 7.27596e-12
46 (QN/Block) 	Elapsed: 0.025	Loglikelihood: -60042	(delta): 7.27596e-12
47 (QN/Block) 	Elapsed: 0.024	Loglikelihood: -60042	(delta): -7.27596e-12
48 (QN/Block) 	Elapsed: 0.022	Loglikelihood: -60042	(delta): -1.45519e-11
49 (QN/Block) 	Elapsed: 0.023	Loglikelihood: -60042	(delta): 1.45519e-11
50 (QN/Block) 	Elapsed: 0.023	Loglikelihood: -60042	(delta): 0
51 (QN/Block) 	Elapsed: 0.035	Loglikelihood: -60042	(delta): 7.27596e-12
52 (QN/Block) 	Elapsed: 0.022	Loglikelihood: -60042	(delta): -7.27596e-12
53 (QN/Block) 	Elapsed: 0.025	Loglikelihood: -60042	(delta): -7.27596e-12
54 (QN/Block) 	Elapsed: 0.028	Loglikelihood: -60042	(delta): 0
55 (QN/Block) 	Elapsed: 0.03	Loglikelihood: -60042	(delta): -7.27596e-12
56 (QN/Block) 	Elapsed: 0.027	Loglikelihood: -60042	(delta): 1.45519e-11
57 (QN/Block) 	Elapsed: 0.026	Loglikelihood: -60042	(delta): 0
58 (QN/Block) 	Elapsed: 0.026	Loglikelihood: -60042	(delta): -1.45519e-11
59 (QN/Block) 	Elapsed: 0.027	Loglikelihood: -60042	(delta): 7.27596e-12
60 (QN/Block) 	Elapsed: 0.025	Loglikelihood: -60042	(delta): 0
61 (QN/Block) 	Elapsed: 0.028	Loglikelihood: -60042	(delta): 7.27596e-12
62 (QN/Block) 	Elapsed: 0.028	Loglikelihood: -60042	(delta): 7.27596e-12
63 (QN/Block) 	Elapsed: 0.025	Loglikelihood: -60042	(delta): -7.27596e-12
64 (QN/Block) 	Elapsed: 0.022	Loglikelihood: -60042	(delta): -7.27596e-12
65 (QN/Block) 	Elapsed: 0.025	Loglikelihood: -60042	(delta): 7.27596e-12
66 (QN/Block) 	Elapsed: 0.024	Loglikelihood: -60042	(delta): 0
67 (QN/Block) 	Elapsed: 0.026	Loglikelihood: -60042	(delta): 7.27596e-12
68 (QN/Block) 	Elapsed: 0.026	Loglikelihood: -60042	(delta): -7.27596e-12
69 (QN/Block) 	Elapsed: 0.025	Loglikelihood: -60042	(delta): 0
70 (QN/Block) 	Elapsed: 0.027	Loglikelihood: -60042	(delta): 0
71 (QN/Block) 	Elapsed: 0.03	Loglikelihood: -60042	(delta): 0
72 (QN/Block) 	Elapsed: 0.026	Loglikelihood: -60042	(delta): -7.27596e-12
73 (QN/Block) 	Elapsed: 0.027	Loglikelihood: -60042	(delta): 0
74 (QN/Block) 	Elapsed: 0.026	Loglikelihood: -60042	(delta): 7.27596e-12
75 (QN/Block) 	Elapsed: 0.025	Loglikelihood: -60042	(delta): 0
76 (QN/Block) 	Elapsed: 0.026	Loglikelihood: -60042	(delta): 0
77 (QN/Block) 	Elapsed: 0.025	Loglikelihood: -60042	(delta): -7.27596e-12
78 (QN/Block) 	Elapsed: 0.023	Loglikelihood: -60042	(delta): 0
79 (QN/Block) 	Elapsed: 0.021	Loglikelihood: -60042	(delta): 7.27596e-12
80 (QN/Block) 	Elapsed: 0.019	Loglikelihood: -60042	(delta): 0
81 (QN/Block) 	Elapsed: 0.022	Loglikelihood: -60042	(delta): 0
82 (QN/Block) 	Elapsed: 0.021	Loglikelihood: -60042	(delta): 7.27596e-12
83 (QN/Block) 	Elapsed: 0.023	Loglikelihood: -60042	(delta): 0
84 (QN/Block) 	Elapsed: 0.029	Loglikelihood: -60042	(delta): -7.27596e-12
85 (QN/Block) 	Elapsed: 0.025	Loglikelihood: -60042	(delta): 0
86 (QN/Block) 	Elapsed: 0.028	Loglikelihood: -60042	(delta): 0
87 (QN/Block) 	Elapsed: 0.028	Loglikelihood: -60042	(delta): 0
88 (QN/Block) 	Elapsed: 0.024	Loglikelihood: -60042	(delta): -1.45519e-11
89 (QN/Block) 	Elapsed: 0.026	Loglikelihood: -60042	(delta): 7.27596e-12
90 (QN/Block) 	Elapsed: 0.026	Loglikelihood: -60042	(delta): 7.27596e-12
91 (QN/Block) 	Elapsed: 0.023	Loglikelihood: -60042	(delta): -7.27596e-12
92 (QN/Block) 	Elapsed: 0.029	Loglikelihood: -60042	(delta): 7.27596e-12
93 (QN/Block) 	Elapsed: 0.024	Loglikelihood: -60042	(delta): 0
94 (QN/Block) 	Elapsed: 0.029	Loglikelihood: -60042	(delta): -7.27596e-12
95 (QN/Block) 	Elapsed: 0.028	Loglikelihood: -60042	(delta): 7.27596e-12
96 (QN/Block) 	Elapsed: 0.026	Loglikelihood: -60042	(delta): 0
97 (QN/Block) 	Elapsed: 0.028	Loglikelihood: -60042	(delta): 0
98 (QN/Block) 	Elapsed: 0.023	Loglikelihood: -60042	(delta): -7.27596e-12
99 (QN/Block) 	Elapsed: 0.023	Loglikelihood: -60042	(delta): 7.27596e-12
100 (QN/Block) 	Elapsed: 0.027	Loglikelihood: -60042	(delta): 0
Summary: 
Converged in 100 iterations (2.694 sec)
Loglikelihood: -60042.043251
Fst divergences between estimated populations: 
	Pop0	Pop1	Pop2	Pop3	
Pop0	
Pop1	0.394	
Pop2	0.530	0.466	
Pop3	0.438	0.237	0.489	
Pop4	0.176	0.419	0.554	0.462	
CV error (K=5): 0.42953
Writing output files.
