****                   ADMIXTURE Version 1.3.0                  ****
****                    Copyright 2008-2015                     ****
****           David Alexander, Suyash Shringarpure,            ****
****                John  Novembre, Ken Lange                   ****
****                                                            ****
****                 Please cite our paper!                     ****
****   Information at www.genetics.ucla.edu/software/admixture  ****

Parallel execution requested.  Will use 8 threads.
Cross-validation will be performed.  Folds=10.
Random seed: 43
Point estimation method: Block relaxation algorithm
Convergence acceleration algorithm: QuasiNewton, 3 secant conditions
Point estimation will terminate at 100 iterations
Estimation of standard errors disabled; will compute point estimates only.
Size of G: 121x1282
Performing five EM steps to prime main algorithm
1 (EM) 	Elapsed: 0.008	Loglikelihood: -106503	(delta): 119454
2 (EM) 	Elapsed: 0.008	Loglikelihood: -101451	(delta): 5051.88
3 (EM) 	Elapsed: 0.009	Loglikelihood: -99484	(delta): 1967.18
4 (EM) 	Elapsed: 0.009	Loglikelihood: -97611.6	(delta): 1872.41
5 (EM) 	Elapsed: 0.008	Loglikelihood: -95391.8	(delta): 2219.8
Initial loglikelihood: -95391.8
Starting main algorithm
1 (QN/Block) 	Elapsed: 0.021	Loglikelihood: -70520.2	(delta): 24871.6
2 (QN/Block) 	Elapsed: 0.017	Loglikelihood: -65262.4	(delta): 5257.86
3 (QN/Block) 	Elapsed: 0.02	Loglikelihood: -63236.6	(delta): 2025.79
4 (QN/Block) 	Elapsed: 0.018	Loglikelihood: -62045.8	(delta): 1190.79
5 (QN/Block) 	Elapsed: 0.019	Loglikelihood: -61531.5	(delta): 514.274
6 (QN/Block) 	Elapsed: 0.019	Loglikelihood: -61334.7	(delta): 196.788
7 (QN/Block) 	Elapsed: 0.019	Loglikelihood: -61307.4	(delta): 27.3331
8 (QN/Block) 	Elapsed: 0.02	Loglikelihood: -61305.3	(delta): 2.12211
9 (QN/Block) 	Elapsed: 0.023	Loglikelihood: -61304.6	(delta): 0.648874
10 (QN/Block) 	Elapsed: 0.023	Loglikelihood: -61304.4	(delta): 0.244073
11 (QN/Block) 	Elapsed: 0.021	Loglikelihood: -61303.9	(delta): 0.477868
12 (QN/Block) 	Elapsed: 0.021	Loglikelihood: -61303.7	(delta): 0.143362
13 (QN/Block) 	Elapsed: 0.023	Loglikelihood: -61303.7	(delta): 0.00521408
14 (QN/Block) 	Elapsed: 0.024	Loglikelihood: -61303.7	(delta): 0.00157778
15 (QN/Block) 	Elapsed: 0.023	Loglikelihood: -61303.7	(delta): 0.000262599
16 (QN/Block) 	Elapsed: 0.023	Loglikelihood: -61303.7	(delta): 1.83408e-05
17 (QN/Block) 	Elapsed: 0.024	Loglikelihood: -61303.7	(delta): 1.64245e-06
18 (QN/Block) 	Elapsed: 0.024	Loglikelihood: -61303.7	(delta): 4.51328e-08
19 (QN/Block) 	Elapsed: 0.023	Loglikelihood: -61303.7	(delta): 5.23141e-09
20 (QN/Block) 	Elapsed: 0.024	Loglikelihood: -61303.7	(delta): 5.74801e-10
21 (QN/Block) 	Elapsed: 0.025	Loglikelihood: -61303.7	(delta): 4.36557e-11
22 (QN/Block) 	Elapsed: 0.025	Loglikelihood: -61303.7	(delta): 0
23 (QN/Block) 	Elapsed: 0.024	Loglikelihood: -61303.7	(delta): 1.45519e-11
24 (QN/Block) 	Elapsed: 0.023	Loglikelihood: -61303.7	(delta): 0
25 (QN/Block) 	Elapsed: 0.025	Loglikelihood: -61303.7	(delta): 0
26 (QN/Block) 	Elapsed: 0.028	Loglikelihood: -61303.7	(delta): -1.45519e-11
27 (QN/Block) 	Elapsed: 0.023	Loglikelihood: -61303.7	(delta): 7.27596e-12
28 (QN/Block) 	Elapsed: 0.024	Loglikelihood: -61303.7	(delta): 7.27596e-12
29 (QN/Block) 	Elapsed: 0.025	Loglikelihood: -61303.7	(delta): -7.27596e-12
30 (QN/Block) 	Elapsed: 0.023	Loglikelihood: -61303.7	(delta): 7.27596e-12
31 (QN/Block) 	Elapsed: 0.026	Loglikelihood: -61303.7	(delta): 0
32 (QN/Block) 	Elapsed: 0.022	Loglikelihood: -61303.7	(delta): -1.45519e-11
33 (QN/Block) 	Elapsed: 0.024	Loglikelihood: -61303.7	(delta): 7.27596e-12
34 (QN/Block) 	Elapsed: 0.023	Loglikelihood: -61303.7	(delta): 7.27596e-12
35 (QN/Block) 	Elapsed: 0.022	Loglikelihood: -61303.7	(delta): 0
36 (QN/Block) 	Elapsed: 0.023	Loglikelihood: -61303.7	(delta): -1.45519e-11
37 (QN/Block) 	Elapsed: 0.023	Loglikelihood: -61303.7	(delta): 7.27596e-12
38 (QN/Block) 	Elapsed: 0.023	Loglikelihood: -61303.7	(delta): 7.27596e-12
39 (QN/Block) 	Elapsed: 0.024	Loglikelihood: -61303.7	(delta): -7.27596e-12
40 (QN/Block) 	Elapsed: 0.022	Loglikelihood: -61303.7	(delta): 0
41 (QN/Block) 	Elapsed: 0.024	Loglikelihood: -61303.7	(delta): 0
42 (QN/Block) 	Elapsed: 0.019	Loglikelihood: -61303.7	(delta): -7.27596e-12
43 (QN/Block) 	Elapsed: 0.02	Loglikelihood: -61303.7	(delta): 1.45519e-11
44 (QN/Block) 	Elapsed: 0.02	Loglikelihood: -61303.7	(delta): -1.45519e-11
45 (QN/Block) 	Elapsed: 0.021	Loglikelihood: -61303.7	(delta): 7.27596e-12
46 (QN/Block) 	Elapsed: 0.022	Loglikelihood: -61303.7	(delta): 0
47 (QN/Block) 	Elapsed: 0.024	Loglikelihood: -61303.7	(delta): 7.27596e-12
48 (QN/Block) 	Elapsed: 0.025	Loglikelihood: -61303.7	(delta): -7.27596e-12
49 (QN/Block) 	Elapsed: 0.024	Loglikelihood: -61303.7	(delta): -1.45519e-11
50 (QN/Block) 	Elapsed: 0.024	Loglikelihood: -61303.7	(delta): 1.45519e-11
51 (QN/Block) 	Elapsed: 0.026	Loglikelihood: -61303.7	(delta): 1.45519e-11
52 (QN/Block) 	Elapsed: 0.025	Loglikelihood: -61303.7	(delta): -1.45519e-11
53 (QN/Block) 	Elapsed: 0.026	Loglikelihood: -61303.7	(delta): 0
54 (QN/Block) 	Elapsed: 0.025	Loglikelihood: -61303.7	(delta): 1.45519e-11
55 (QN/Block) 	Elapsed: 0.02	Loglikelihood: -61303.7	(delta): -7.27596e-12
56 (QN/Block) 	Elapsed: 0.02	Loglikelihood: -61303.7	(delta): 7.27596e-12
57 (QN/Block) 	Elapsed: 0.022	Loglikelihood: -61303.7	(delta): -7.27596e-12
58 (QN/Block) 	Elapsed: 0.022	Loglikelihood: -61303.7	(delta): -7.27596e-12
59 (QN/Block) 	Elapsed: 0.023	Loglikelihood: -61303.7	(delta): 0
60 (QN/Block) 	Elapsed: 0.021	Loglikelihood: -61303.7	(delta): 7.27596e-12
61 (QN/Block) 	Elapsed: 0.026	Loglikelihood: -61303.7	(delta): 0
62 (QN/Block) 	Elapsed: 0.024	Loglikelihood: -61303.7	(delta): -7.27596e-12
63 (QN/Block) 	Elapsed: 0.024	Loglikelihood: -61303.7	(delta): 1.45519e-11
64 (QN/Block) 	Elapsed: 0.021	Loglikelihood: -61303.7	(delta): -7.27596e-12
65 (QN/Block) 	Elapsed: 0.023	Loglikelihood: -61303.7	(delta): 0
66 (QN/Block) 	Elapsed: 0.023	Loglikelihood: -61303.7	(delta): 7.27596e-12
67 (QN/Block) 	Elapsed: 0.026	Loglikelihood: -61303.7	(delta): -7.27596e-12
68 (QN/Block) 	Elapsed: 0.022	Loglikelihood: -61303.7	(delta): 7.27596e-12
69 (QN/Block) 	Elapsed: 0.023	Loglikelihood: -61303.7	(delta): -7.27596e-12
70 (QN/Block) 	Elapsed: 0.025	Loglikelihood: -61303.7	(delta): 0
71 (QN/Block) 	Elapsed: 0.026	Loglikelihood: -61303.7	(delta): 0
72 (QN/Block) 	Elapsed: 0.023	Loglikelihood: -61303.7	(delta): 0
73 (QN/Block) 	Elapsed: 0.024	Loglikelihood: -61303.7	(delta): 0
74 (QN/Block) 	Elapsed: 0.023	Loglikelihood: -61303.7	(delta): 0
75 (QN/Block) 	Elapsed: 0.025	Loglikelihood: -61303.7	(delta): 0
76 (QN/Block) 	Elapsed: 0.023	Loglikelihood: -61303.7	(delta): 7.27596e-12
77 (QN/Block) 	Elapsed: 0.021	Loglikelihood: -61303.7	(delta): -7.27596e-12
78 (QN/Block) 	Elapsed: 0.023	Loglikelihood: -61303.7	(delta): 0
79 (QN/Block) 	Elapsed: 0.027	Loglikelihood: -61303.7	(delta): 0
80 (QN/Block) 	Elapsed: 0.022	Loglikelihood: -61303.7	(delta): 7.27596e-12
81 (QN/Block) 	Elapsed: 0.025	Loglikelihood: -61303.7	(delta): -7.27596e-12
82 (QN/Block) 	Elapsed: 0.024	Loglikelihood: -61303.7	(delta): 0
83 (QN/Block) 	Elapsed: 0.026	Loglikelihood: -61303.7	(delta): 7.27596e-12
84 (QN/Block) 	Elapsed: 0.026	Loglikelihood: -61303.7	(delta): -7.27596e-12
85 (QN/Block) 	Elapsed: 0.024	Loglikelihood: -61303.7	(delta): -7.27596e-12
86 (QN/Block) 	Elapsed: 0.026	Loglikelihood: -61303.7	(delta): 7.27596e-12
87 (QN/Block) 	Elapsed: 0.025	Loglikelihood: -61303.7	(delta): 0
88 (QN/Block) 	Elapsed: 0.024	Loglikelihood: -61303.7	(delta): -7.27596e-12
89 (QN/Block) 	Elapsed: 0.024	Loglikelihood: -61303.7	(delta): 7.27596e-12
90 (QN/Block) 	Elapsed: 0.024	Loglikelihood: -61303.7	(delta): 0
91 (QN/Block) 	Elapsed: 0.024	Loglikelihood: -61303.7	(delta): 0
92 (QN/Block) 	Elapsed: 0.024	Loglikelihood: -61303.7	(delta): 7.27596e-12
93 (QN/Block) 	Elapsed: 0.023	Loglikelihood: -61303.7	(delta): -1.45519e-11
94 (QN/Block) 	Elapsed: 0.021	Loglikelihood: -61303.7	(delta): 0
95 (QN/Block) 	Elapsed: 0.019	Loglikelihood: -61303.7	(delta): 7.27596e-12
96 (QN/Block) 	Elapsed: 0.023	Loglikelihood: -61303.7	(delta): 0
97 (QN/Block) 	Elapsed: 0.025	Loglikelihood: -61303.7	(delta): -7.27596e-12
98 (QN/Block) 	Elapsed: 0.025	Loglikelihood: -61303.7	(delta): 7.27596e-12
99 (QN/Block) 	Elapsed: 0.027	Loglikelihood: -61303.7	(delta): -7.27596e-12
100 (QN/Block) 	Elapsed: 0.025	Loglikelihood: -61303.7	(delta): 7.27596e-12
Summary: 
Converged in 100 iterations (2.478 sec)
Loglikelihood: -61303.735735
Fst divergences between estimated populations: 
	Pop0	Pop1	Pop2	
Pop0	
Pop1	0.400	
Pop2	0.174	0.425	
Pop3	0.527	0.458	0.552	
CV error (K=4): 0.40686
Writing output files.
