****                   ADMIXTURE Version 1.3.0                  ****
****                    Copyright 2008-2015                     ****
****           David Alexander, Suyash Shringarpure,            ****
****                John  Novembre, Ken Lange                   ****
****                                                            ****
****                 Please cite our paper!                     ****
****   Information at www.genetics.ucla.edu/software/admixture  ****

Parallel execution requested.  Will use 8 threads.
Cross-validation will be performed.  Folds=10.
Random seed: 43
Point estimation method: Block relaxation algorithm
Convergence acceleration algorithm: QuasiNewton, 3 secant conditions
Point estimation will terminate at 100 iterations
Estimation of standard errors disabled; will compute point estimates only.
Size of G: 121x1282
Performing five EM steps to prime main algorithm
1 (EM) 	Elapsed: 0.022	Loglikelihood: -106525	(delta): 104362
2 (EM) 	Elapsed: 0.022	Loglikelihood: -101137	(delta): 5387.88
3 (EM) 	Elapsed: 0.022	Loglikelihood: -99431.5	(delta): 1705.95
4 (EM) 	Elapsed: 0.02	Loglikelihood: -97825.9	(delta): 1605.6
5 (EM) 	Elapsed: 0.02	Loglikelihood: -95912.9	(delta): 1912.98
Initial loglikelihood: -95912.9
Starting main algorithm
1 (QN/Block) 	Elapsed: 0.028	Loglikelihood: -65728.2	(delta): 30184.7
2 (QN/Block) 	Elapsed: 0.028	Loglikelihood: -60571.3	(delta): 5156.9
3 (QN/Block) 	Elapsed: 0.029	Loglikelihood: -58396.3	(delta): 2175.03
4 (QN/Block) 	Elapsed: 0.029	Loglikelihood: -56671.1	(delta): 1725.15
5 (QN/Block) 	Elapsed: 0.038	Loglikelihood: -55960.1	(delta): 710.963
6 (QN/Block) 	Elapsed: 0.039	Loglikelihood: -55803.8	(delta): 156.37
7 (QN/Block) 	Elapsed: 0.038	Loglikelihood: -55742.5	(delta): 61.2658
8 (QN/Block) 	Elapsed: 0.039	Loglikelihood: -55717	(delta): 25.4855
9 (QN/Block) 	Elapsed: 0.031	Loglikelihood: -55691.9	(delta): 25.0858
10 (QN/Block) 	Elapsed: 0.031	Loglikelihood: -55681.3	(delta): 10.6465
11 (QN/Block) 	Elapsed: 0.032	Loglikelihood: -55675.5	(delta): 5.7527
12 (QN/Block) 	Elapsed: 0.043	Loglikelihood: -55671.5	(delta): 4.05184
13 (QN/Block) 	Elapsed: 0.041	Loglikelihood: -55663	(delta): 8.50888
14 (QN/Block) 	Elapsed: 0.04	Loglikelihood: -55627.3	(delta): 35.7167
15 (QN/Block) 	Elapsed: 0.032	Loglikelihood: -55589.9	(delta): 37.3923
16 (QN/Block) 	Elapsed: 0.039	Loglikelihood: -55558.6	(delta): 31.2215
17 (QN/Block) 	Elapsed: 0.041	Loglikelihood: -55541	(delta): 17.6744
18 (QN/Block) 	Elapsed: 0.044	Loglikelihood: -55531	(delta): 9.95381
19 (QN/Block) 	Elapsed: 0.043	Loglikelihood: -55525.1	(delta): 5.89806
20 (QN/Block) 	Elapsed: 0.041	Loglikelihood: -55520.8	(delta): 4.31986
21 (QN/Block) 	Elapsed: 0.034	Loglikelihood: -55512.7	(delta): 8.08013
22 (QN/Block) 	Elapsed: 0.037	Loglikelihood: -55500.6	(delta): 12.1062
23 (QN/Block) 	Elapsed: 0.033	Loglikelihood: -55495.9	(delta): 4.71973
24 (QN/Block) 	Elapsed: 0.033	Loglikelihood: -55492.7	(delta): 3.19565
25 (QN/Block) 	Elapsed: 0.038	Loglikelihood: -55488.5	(delta): 4.19025
26 (QN/Block) 	Elapsed: 0.039	Loglikelihood: -55481.7	(delta): 6.79746
27 (QN/Block) 	Elapsed: 0.043	Loglikelihood: -55477.4	(delta): 4.29207
28 (QN/Block) 	Elapsed: 0.044	Loglikelihood: -55473.9	(delta): 3.55826
29 (QN/Block) 	Elapsed: 0.043	Loglikelihood: -55467.4	(delta): 6.49067
30 (QN/Block) 	Elapsed: 0.039	Loglikelihood: -55460.2	(delta): 7.21631
31 (QN/Block) 	Elapsed: 0.038	Loglikelihood: -55450	(delta): 10.1368
32 (QN/Block) 	Elapsed: 0.035	Loglikelihood: -55440.8	(delta): 9.23718
33 (QN/Block) 	Elapsed: 0.041	Loglikelihood: -55424.1	(delta): 16.6916
34 (QN/Block) 	Elapsed: 0.046	Loglikelihood: -55400.8	(delta): 23.279
35 (QN/Block) 	Elapsed: 0.033	Loglikelihood: -55372.6	(delta): 28.2399
36 (QN/Block) 	Elapsed: 0.039	Loglikelihood: -55346.4	(delta): 26.1401
37 (QN/Block) 	Elapsed: 0.038	Loglikelihood: -55336.6	(delta): 9.84567
38 (QN/Block) 	Elapsed: 0.034	Loglikelihood: -55328.9	(delta): 7.63425
39 (QN/Block) 	Elapsed: 0.038	Loglikelihood: -55327.6	(delta): 1.33378
40 (QN/Block) 	Elapsed: 0.041	Loglikelihood: -55327	(delta): 0.611486
41 (QN/Block) 	Elapsed: 0.041	Loglikelihood: -55326.7	(delta): 0.295252
42 (QN/Block) 	Elapsed: 0.039	Loglikelihood: -55326.3	(delta): 0.434463
43 (QN/Block) 	Elapsed: 0.042	Loglikelihood: -55325.9	(delta): 0.416008
44 (QN/Block) 	Elapsed: 0.031	Loglikelihood: -55325.3	(delta): 0.585706
45 (QN/Block) 	Elapsed: 0.034	Loglikelihood: -55324.8	(delta): 0.488932
46 (QN/Block) 	Elapsed: 0.036	Loglikelihood: -55324.6	(delta): 0.197736
47 (QN/Block) 	Elapsed: 0.038	Loglikelihood: -55324.5	(delta): 0.0467224
48 (QN/Block) 	Elapsed: 0.039	Loglikelihood: -55324.5	(delta): 0.0480976
49 (QN/Block) 	Elapsed: 0.04	Loglikelihood: -55324.5	(delta): 0.0136723
50 (QN/Block) 	Elapsed: 0.043	Loglikelihood: -55324.5	(delta): 0.0073622
51 (QN/Block) 	Elapsed: 0.037	Loglikelihood: -55324.5	(delta): 0.00656059
52 (QN/Block) 	Elapsed: 0.037	Loglikelihood: -55324.5	(delta): 0.00157623
53 (QN/Block) 	Elapsed: 0.036	Loglikelihood: -55324.5	(delta): 0.000758152
54 (QN/Block) 	Elapsed: 0.036	Loglikelihood: -55324.5	(delta): 0.000215503
55 (QN/Block) 	Elapsed: 0.036	Loglikelihood: -55324.5	(delta): 9.62748e-06
56 (QN/Block) 	Elapsed: 0.041	Loglikelihood: -55324.5	(delta): 2.4152e-06
57 (QN/Block) 	Elapsed: 0.038	Loglikelihood: -55324.5	(delta): 3.03895e-07
58 (QN/Block) 	Elapsed: 0.034	Loglikelihood: -55324.5	(delta): 5.65487e-08
59 (QN/Block) 	Elapsed: 0.035	Loglikelihood: -55324.5	(delta): 3.68891e-09
60 (QN/Block) 	Elapsed: 0.036	Loglikelihood: -55324.5	(delta): 5.09317e-10
61 (QN/Block) 	Elapsed: 0.043	Loglikelihood: -55324.5	(delta): 5.82077e-11
62 (QN/Block) 	Elapsed: 0.045	Loglikelihood: -55324.5	(delta): 2.91038e-11
63 (QN/Block) 	Elapsed: 0.046	Loglikelihood: -55324.5	(delta): 0
64 (QN/Block) 	Elapsed: 0.042	Loglikelihood: -55324.5	(delta): 7.27596e-12
65 (QN/Block) 	Elapsed: 0.046	Loglikelihood: -55324.5	(delta): 7.27596e-12
66 (QN/Block) 	Elapsed: 0.044	Loglikelihood: -55324.5	(delta): -7.27596e-12
67 (QN/Block) 	Elapsed: 0.036	Loglikelihood: -55324.5	(delta): 0
68 (QN/Block) 	Elapsed: 0.037	Loglikelihood: -55324.5	(delta): 1.45519e-11
69 (QN/Block) 	Elapsed: 0.04	Loglikelihood: -55324.5	(delta): -7.27596e-12
70 (QN/Block) 	Elapsed: 0.036	Loglikelihood: -55324.5	(delta): 7.27596e-12
71 (QN/Block) 	Elapsed: 0.037	Loglikelihood: -55324.5	(delta): 7.27596e-12
72 (QN/Block) 	Elapsed: 0.035	Loglikelihood: -55324.5	(delta): -7.27596e-12
73 (QN/Block) 	Elapsed: 0.048	Loglikelihood: -55324.5	(delta): 2.18279e-11
74 (QN/Block) 	Elapsed: 0.048	Loglikelihood: -55324.5	(delta): -7.27596e-12
75 (QN/Block) 	Elapsed: 0.046	Loglikelihood: -55324.5	(delta): -7.27596e-12
76 (QN/Block) 	Elapsed: 0.046	Loglikelihood: -55324.5	(delta): 0
77 (QN/Block) 	Elapsed: 0.046	Loglikelihood: -55324.5	(delta): 0
78 (QN/Block) 	Elapsed: 0.043	Loglikelihood: -55324.5	(delta): 1.45519e-11
79 (QN/Block) 	Elapsed: 0.04	Loglikelihood: -55324.5	(delta): -7.27596e-12
80 (QN/Block) 	Elapsed: 0.04	Loglikelihood: -55324.5	(delta): 7.27596e-12
81 (QN/Block) 	Elapsed: 0.039	Loglikelihood: -55324.5	(delta): -7.27596e-12
82 (QN/Block) 	Elapsed: 0.051	Loglikelihood: -55324.5	(delta): -7.27596e-12
83 (QN/Block) 	Elapsed: 0.05	Loglikelihood: -55324.5	(delta): 7.27596e-12
84 (QN/Block) 	Elapsed: 0.051	Loglikelihood: -55324.5	(delta): 0
85 (QN/Block) 	Elapsed: 0.044	Loglikelihood: -55324.5	(delta): 7.27596e-12
86 (QN/Block) 	Elapsed: 0.038	Loglikelihood: -55324.5	(delta): 0
87 (QN/Block) 	Elapsed: 0.04	Loglikelihood: -55324.5	(delta): 7.27596e-12
88 (QN/Block) 	Elapsed: 0.045	Loglikelihood: -55324.5	(delta): -7.27596e-12
89 (QN/Block) 	Elapsed: 0.047	Loglikelihood: -55324.5	(delta): 1.45519e-11
90 (QN/Block) 	Elapsed: 0.04	Loglikelihood: -55324.5	(delta): -2.91038e-11
91 (QN/Block) 	Elapsed: 0.04	Loglikelihood: -55324.5	(delta): 3.63798e-11
92 (QN/Block) 	Elapsed: 0.035	Loglikelihood: -55324.5	(delta): -1.45519e-11
93 (QN/Block) 	Elapsed: 0.045	Loglikelihood: -55324.5	(delta): 1.45519e-11
94 (QN/Block) 	Elapsed: 0.051	Loglikelihood: -55324.5	(delta): 7.27596e-12
95 (QN/Block) 	Elapsed: 0.046	Loglikelihood: -55324.5	(delta): -1.45519e-11
96 (QN/Block) 	Elapsed: 0.045	Loglikelihood: -55324.5	(delta): 0
97 (QN/Block) 	Elapsed: 0.045	Loglikelihood: -55324.5	(delta): 7.27596e-12
98 (QN/Block) 	Elapsed: 0.047	Loglikelihood: -55324.5	(delta): 7.27596e-12
99 (QN/Block) 	Elapsed: 0.038	Loglikelihood: -55324.5	(delta): -1.45519e-11
100 (QN/Block) 	Elapsed: 0.04	Loglikelihood: -55324.5	(delta): 0
Summary: 
Converged in 100 iterations (4.21 sec)
Loglikelihood: -55324.458301
Fst divergences between estimated populations: 
	Pop0	Pop1	Pop2	Pop3	Pop4	Pop5	Pop6	Pop7	
Pop0	
Pop1	0.220	
Pop2	0.234	0.239	
Pop3	0.449	0.500	0.489	
Pop4	0.486	0.542	0.524	0.424	
Pop5	0.283	0.281	0.325	0.498	0.540	
Pop6	0.567	0.612	0.601	0.527	0.596	0.610	
Pop7	0.537	0.584	0.571	0.500	0.566	0.584	0.155	
Pop8	0.476	0.527	0.517	0.284	0.478	0.532	0.552	0.518	
CV error (K=9): 0.46738
Writing output files.
