****                   ADMIXTURE Version 1.3.0                  ****
****                    Copyright 2008-2015                     ****
****           David Alexander, Suyash Shringarpure,            ****
****                John  Novembre, Ken Lange                   ****
****                                                            ****
****                 Please cite our paper!                     ****
****   Information at www.genetics.ucla.edu/software/admixture  ****

Parallel execution requested.  Will use 8 threads.
Cross-validation will be performed.  Folds=10.
Random seed: 43
Point estimation method: Block relaxation algorithm
Convergence acceleration algorithm: QuasiNewton, 3 secant conditions
Point estimation will terminate at 100 iterations
Estimation of standard errors disabled; will compute point estimates only.
Size of G: 92x945
Performing five EM steps to prime main algorithm
1 (EM) 	Elapsed: 0.003	Loglikelihood: -45083.2	(delta): 87883.3
2 (EM) 	Elapsed: 0.003	Loglikelihood: -42930.2	(delta): 2153
3 (EM) 	Elapsed: 0.003	Loglikelihood: -42438	(delta): 492.175
4 (EM) 	Elapsed: 0.003	Loglikelihood: -42159.5	(delta): 278.495
5 (EM) 	Elapsed: 0.003	Loglikelihood: -41982.9	(delta): 176.631
Initial loglikelihood: -41982.9
Starting main algorithm
1 (QN/Block) 	Elapsed: 0.008	Loglikelihood: -38824.6	(delta): 3158.23
2 (QN/Block) 	Elapsed: 0.009	Loglikelihood: -37927.1	(delta): 897.555
3 (QN/Block) 	Elapsed: 0.01	Loglikelihood: -37537.8	(delta): 389.336
4 (QN/Block) 	Elapsed: 0.009	Loglikelihood: -37339.9	(delta): 197.877
5 (QN/Block) 	Elapsed: 0.011	Loglikelihood: -37280.1	(delta): 59.7902
6 (QN/Block) 	Elapsed: 0.012	Loglikelihood: -37266	(delta): 14.0886
7 (QN/Block) 	Elapsed: 0.011	Loglikelihood: -37261.8	(delta): 4.1869
8 (QN/Block) 	Elapsed: 0.01	Loglikelihood: -37257.6	(delta): 4.17642
9 (QN/Block) 	Elapsed: 0.013	Loglikelihood: -37255.1	(delta): 2.55703
10 (QN/Block) 	Elapsed: 0.011	Loglikelihood: -37249.7	(delta): 5.3855
11 (QN/Block) 	Elapsed: 0.012	Loglikelihood: -37248.4	(delta): 1.25126
12 (QN/Block) 	Elapsed: 0.013	Loglikelihood: -37246.4	(delta): 2.04526
13 (QN/Block) 	Elapsed: 0.014	Loglikelihood: -37245.5	(delta): 0.900569
14 (QN/Block) 	Elapsed: 0.014	Loglikelihood: -37245	(delta): 0.462472
15 (QN/Block) 	Elapsed: 0.013	Loglikelihood: -37244.8	(delta): 0.276505
16 (QN/Block) 	Elapsed: 0.012	Loglikelihood: -37244.4	(delta): 0.357114
17 (QN/Block) 	Elapsed: 0.014	Loglikelihood: -37243.8	(delta): 0.590876
18 (QN/Block) 	Elapsed: 0.013	Loglikelihood: -37242.3	(delta): 1.5067
19 (QN/Block) 	Elapsed: 0.013	Loglikelihood: -37241.8	(delta): 0.457696
20 (QN/Block) 	Elapsed: 0.013	Loglikelihood: -37241.7	(delta): 0.140154
21 (QN/Block) 	Elapsed: 0.011	Loglikelihood: -37241.5	(delta): 0.249499
22 (QN/Block) 	Elapsed: 0.011	Loglikelihood: -37241.2	(delta): 0.237981
23 (QN/Block) 	Elapsed: 0.011	Loglikelihood: -37240.9	(delta): 0.349247
24 (QN/Block) 	Elapsed: 0.01	Loglikelihood: -37240.9	(delta): 0.0209292
25 (QN/Block) 	Elapsed: 0.012	Loglikelihood: -37240.8	(delta): 0.00518108
26 (QN/Block) 	Elapsed: 0.012	Loglikelihood: -37240.8	(delta): 0.00453193
27 (QN/Block) 	Elapsed: 0.011	Loglikelihood: -37240.8	(delta): 0.00735713
28 (QN/Block) 	Elapsed: 0.011	Loglikelihood: -37240.8	(delta): 0.0127396
29 (QN/Block) 	Elapsed: 0.01	Loglikelihood: -37240.8	(delta): 0.0225511
30 (QN/Block) 	Elapsed: 0.011	Loglikelihood: -37240.8	(delta): 0.00849
31 (QN/Block) 	Elapsed: 0.012	Loglikelihood: -37240.8	(delta): 0.000444053
32 (QN/Block) 	Elapsed: 0.012	Loglikelihood: -37240.8	(delta): 0.000128143
33 (QN/Block) 	Elapsed: 0.011	Loglikelihood: -37240.8	(delta): 0.000151381
34 (QN/Block) 	Elapsed: 0.011	Loglikelihood: -37240.8	(delta): 3.27372e-05
35 (QN/Block) 	Elapsed: 0.011	Loglikelihood: -37240.8	(delta): 2.96794e-06
36 (QN/Block) 	Elapsed: 0.011	Loglikelihood: -37240.8	(delta): 3.0487e-07
37 (QN/Block) 	Elapsed: 0.011	Loglikelihood: -37240.8	(delta): 2.26384e-07
38 (QN/Block) 	Elapsed: 0.011	Loglikelihood: -37240.8	(delta): 1.06695e-07
39 (QN/Block) 	Elapsed: 0.012	Loglikelihood: -37240.8	(delta): 3.88536e-09
40 (QN/Block) 	Elapsed: 0.012	Loglikelihood: -37240.8	(delta): 4.58385e-10
41 (QN/Block) 	Elapsed: 0.011	Loglikelihood: -37240.8	(delta): 7.27596e-11
42 (QN/Block) 	Elapsed: 0.01	Loglikelihood: -37240.8	(delta): 1.45519e-11
43 (QN/Block) 	Elapsed: 0.011	Loglikelihood: -37240.8	(delta): 0
44 (QN/Block) 	Elapsed: 0.011	Loglikelihood: -37240.8	(delta): 0
45 (QN/Block) 	Elapsed: 0.011	Loglikelihood: -37240.8	(delta): 0
46 (QN/Block) 	Elapsed: 0.013	Loglikelihood: -37240.8	(delta): 0
47 (QN/Block) 	Elapsed: 0.009	Loglikelihood: -37240.8	(delta): 0
48 (QN/Block) 	Elapsed: 0.009	Loglikelihood: -37240.8	(delta): -7.27596e-12
49 (QN/Block) 	Elapsed: 0.011	Loglikelihood: -37240.8	(delta): 7.27596e-12
50 (QN/Block) 	Elapsed: 0.012	Loglikelihood: -37240.8	(delta): 0
51 (QN/Block) 	Elapsed: 0.012	Loglikelihood: -37240.8	(delta): -7.27596e-12
52 (QN/Block) 	Elapsed: 0.012	Loglikelihood: -37240.8	(delta): 0
53 (QN/Block) 	Elapsed: 0.012	Loglikelihood: -37240.8	(delta): 0
54 (QN/Block) 	Elapsed: 0.012	Loglikelihood: -37240.8	(delta): 0
55 (QN/Block) 	Elapsed: 0.012	Loglikelihood: -37240.8	(delta): 7.27596e-12
56 (QN/Block) 	Elapsed: 0.012	Loglikelihood: -37240.8	(delta): 0
57 (QN/Block) 	Elapsed: 0.012	Loglikelihood: -37240.8	(delta): -7.27596e-12
58 (QN/Block) 	Elapsed: 0.013	Loglikelihood: -37240.8	(delta): 0
59 (QN/Block) 	Elapsed: 0.014	Loglikelihood: -37240.8	(delta): 0
60 (QN/Block) 	Elapsed: 0.013	Loglikelihood: -37240.8	(delta): 0
61 (QN/Block) 	Elapsed: 0.012	Loglikelihood: -37240.8	(delta): 7.27596e-12
62 (QN/Block) 	Elapsed: 0.012	Loglikelihood: -37240.8	(delta): -7.27596e-12
63 (QN/Block) 	Elapsed: 0.011	Loglikelihood: -37240.8	(delta): 7.27596e-12
64 (QN/Block) 	Elapsed: 0.01	Loglikelihood: -37240.8	(delta): -7.27596e-12
65 (QN/Block) 	Elapsed: 0.01	Loglikelihood: -37240.8	(delta): 0
66 (QN/Block) 	Elapsed: 0.011	Loglikelihood: -37240.8	(delta): 0
67 (QN/Block) 	Elapsed: 0.01	Loglikelihood: -37240.8	(delta): -7.27596e-12
68 (QN/Block) 	Elapsed: 0.011	Loglikelihood: -37240.8	(delta): 0
69 (QN/Block) 	Elapsed: 0.011	Loglikelihood: -37240.8	(delta): 1.45519e-11
70 (QN/Block) 	Elapsed: 0.01	Loglikelihood: -37240.8	(delta): 0
71 (QN/Block) 	Elapsed: 0.012	Loglikelihood: -37240.8	(delta): -7.27596e-12
72 (QN/Block) 	Elapsed: 0.011	Loglikelihood: -37240.8	(delta): 0
73 (QN/Block) 	Elapsed: 0.011	Loglikelihood: -37240.8	(delta): 0
74 (QN/Block) 	Elapsed: 0.012	Loglikelihood: -37240.8	(delta): 7.27596e-12
75 (QN/Block) 	Elapsed: 0.011	Loglikelihood: -37240.8	(delta): -7.27596e-12
76 (QN/Block) 	Elapsed: 0.013	Loglikelihood: -37240.8	(delta): 0
77 (QN/Block) 	Elapsed: 0.01	Loglikelihood: -37240.8	(delta): 0
78 (QN/Block) 	Elapsed: 0.011	Loglikelihood: -37240.8	(delta): 0
79 (QN/Block) 	Elapsed: 0.011	Loglikelihood: -37240.8	(delta): 0
80 (QN/Block) 	Elapsed: 0.011	Loglikelihood: -37240.8	(delta): 0
81 (QN/Block) 	Elapsed: 0.012	Loglikelihood: -37240.8	(delta): 0
82 (QN/Block) 	Elapsed: 0.012	Loglikelihood: -37240.8	(delta): 0
83 (QN/Block) 	Elapsed: 0.012	Loglikelihood: -37240.8	(delta): 0
84 (QN/Block) 	Elapsed: 0.012	Loglikelihood: -37240.8	(delta): 0
85 (QN/Block) 	Elapsed: 0.012	Loglikelihood: -37240.8	(delta): 0
86 (QN/Block) 	Elapsed: 0.012	Loglikelihood: -37240.8	(delta): 0
87 (QN/Block) 	Elapsed: 0.012	Loglikelihood: -37240.8	(delta): 7.27596e-12
88 (QN/Block) 	Elapsed: 0.012	Loglikelihood: -37240.8	(delta): -7.27596e-12
89 (QN/Block) 	Elapsed: 0.012	Loglikelihood: -37240.8	(delta): 0
90 (QN/Block) 	Elapsed: 0.011	Loglikelihood: -37240.8	(delta): 0
91 (QN/Block) 	Elapsed: 0.011	Loglikelihood: -37240.8	(delta): 0
92 (QN/Block) 	Elapsed: 0.009	Loglikelihood: -37240.8	(delta): 7.27596e-12
93 (QN/Block) 	Elapsed: 0.009	Loglikelihood: -37240.8	(delta): -7.27596e-12
94 (QN/Block) 	Elapsed: 0.01	Loglikelihood: -37240.8	(delta): 0
95 (QN/Block) 	Elapsed: 0.01	Loglikelihood: -37240.8	(delta): 0
96 (QN/Block) 	Elapsed: 0.008	Loglikelihood: -37240.8	(delta): 0
97 (QN/Block) 	Elapsed: 0.009	Loglikelihood: -37240.8	(delta): 7.27596e-12
98 (QN/Block) 	Elapsed: 0.009	Loglikelihood: -37240.8	(delta): -7.27596e-12
99 (QN/Block) 	Elapsed: 0.009	Loglikelihood: -37240.8	(delta): 0
100 (QN/Block) 	Elapsed: 0.009	Loglikelihood: -37240.8	(delta): 0
Summary: 
Converged in 100 iterations (1.229 sec)
Loglikelihood: -37240.790053
Fst divergences between estimated populations: 
	Pop0	Pop1	
Pop0	
Pop1	0.183	
Pop2	0.178	0.035	
CV error (K=3): 0.33039
Writing output files.
