****                   ADMIXTURE Version 1.3.0                  ****
****                    Copyright 2008-2015                     ****
****           David Alexander, Suyash Shringarpure,            ****
****                John  Novembre, Ken Lange                   ****
****                                                            ****
****                 Please cite our paper!                     ****
****   Information at www.genetics.ucla.edu/software/admixture  ****

Parallel execution requested.  Will use 8 threads.
Cross-validation will be performed.  Folds=10.
Random seed: 43
Point estimation method: Block relaxation algorithm
Convergence acceleration algorithm: QuasiNewton, 3 secant conditions
Point estimation will terminate at 100 iterations
Estimation of standard errors disabled; will compute point estimates only.
Size of G: 92x945
Performing five EM steps to prime main algorithm
1 (EM) 	Elapsed: 0.012	Loglikelihood: -45523.9	(delta): 75293.8
2 (EM) 	Elapsed: 0.012	Loglikelihood: -42706.4	(delta): 2817.47
3 (EM) 	Elapsed: 0.013	Loglikelihood: -42130.4	(delta): 576.007
4 (EM) 	Elapsed: 0.013	Loglikelihood: -41771.5	(delta): 358.849
5 (EM) 	Elapsed: 0.013	Loglikelihood: -41488.5	(delta): 283.001
Initial loglikelihood: -41488.5
Starting main algorithm
1 (QN/Block) 	Elapsed: 0.022	Loglikelihood: -36704.4	(delta): 4784.16
2 (QN/Block) 	Elapsed: 0.021	Loglikelihood: -35597	(delta): 1107.34
3 (QN/Block) 	Elapsed: 0.024	Loglikelihood: -35117.2	(delta): 479.816
4 (QN/Block) 	Elapsed: 0.018	Loglikelihood: -34842.2	(delta): 275.029
5 (QN/Block) 	Elapsed: 0.022	Loglikelihood: -34715.1	(delta): 127.145
6 (QN/Block) 	Elapsed: 0.02	Loglikelihood: -34644.7	(delta): 70.3128
7 (QN/Block) 	Elapsed: 0.021	Loglikelihood: -34604.1	(delta): 40.6332
8 (QN/Block) 	Elapsed: 0.021	Loglikelihood: -34571.5	(delta): 32.5626
9 (QN/Block) 	Elapsed: 0.018	Loglikelihood: -34555.1	(delta): 16.4116
10 (QN/Block) 	Elapsed: 0.021	Loglikelihood: -34546.2	(delta): 8.94685
11 (QN/Block) 	Elapsed: 0.024	Loglikelihood: -34540	(delta): 6.23958
12 (QN/Block) 	Elapsed: 0.024	Loglikelihood: -34533.9	(delta): 6.07947
13 (QN/Block) 	Elapsed: 0.024	Loglikelihood: -34524.9	(delta): 8.92696
14 (QN/Block) 	Elapsed: 0.03	Loglikelihood: -34520.3	(delta): 4.66423
15 (QN/Block) 	Elapsed: 0.024	Loglikelihood: -34513.1	(delta): 7.15181
16 (QN/Block) 	Elapsed: 0.023	Loglikelihood: -34509.4	(delta): 3.76137
17 (QN/Block) 	Elapsed: 0.024	Loglikelihood: -34506.5	(delta): 2.86905
18 (QN/Block) 	Elapsed: 0.022	Loglikelihood: -34505.1	(delta): 1.43995
19 (QN/Block) 	Elapsed: 0.022	Loglikelihood: -34504.2	(delta): 0.821129
20 (QN/Block) 	Elapsed: 0.023	Loglikelihood: -34503.1	(delta): 1.13694
21 (QN/Block) 	Elapsed: 0.025	Loglikelihood: -34502.9	(delta): 0.157574
22 (QN/Block) 	Elapsed: 0.026	Loglikelihood: -34502.8	(delta): 0.130522
23 (QN/Block) 	Elapsed: 0.024	Loglikelihood: -34502.6	(delta): 0.189269
24 (QN/Block) 	Elapsed: 0.025	Loglikelihood: -34502.5	(delta): 0.098221
25 (QN/Block) 	Elapsed: 0.024	Loglikelihood: -34502.5	(delta): 0.0548599
26 (QN/Block) 	Elapsed: 0.025	Loglikelihood: -34502.2	(delta): 0.235411
27 (QN/Block) 	Elapsed: 0.025	Loglikelihood: -34502.2	(delta): 0.0786901
28 (QN/Block) 	Elapsed: 0.026	Loglikelihood: -34502	(delta): 0.108467
29 (QN/Block) 	Elapsed: 0.022	Loglikelihood: -34501.9	(delta): 0.122719
30 (QN/Block) 	Elapsed: 0.021	Loglikelihood: -34501.7	(delta): 0.259667
31 (QN/Block) 	Elapsed: 0.023	Loglikelihood: -34501.4	(delta): 0.263844
32 (QN/Block) 	Elapsed: 0.021	Loglikelihood: -34501.4	(delta): 0.0124863
33 (QN/Block) 	Elapsed: 0.018	Loglikelihood: -34501.4	(delta): 0.00926375
34 (QN/Block) 	Elapsed: 0.019	Loglikelihood: -34501.4	(delta): 0.00971737
35 (QN/Block) 	Elapsed: 0.025	Loglikelihood: -34501.4	(delta): 0.0113338
36 (QN/Block) 	Elapsed: 0.028	Loglikelihood: -34501.3	(delta): 0.0125784
37 (QN/Block) 	Elapsed: 0.028	Loglikelihood: -34501.3	(delta): 0.0143966
38 (QN/Block) 	Elapsed: 0.026	Loglikelihood: -34501.3	(delta): 0.016828
39 (QN/Block) 	Elapsed: 0.026	Loglikelihood: -34501.3	(delta): 0.0197066
40 (QN/Block) 	Elapsed: 0.026	Loglikelihood: -34501.3	(delta): 0.0230719
41 (QN/Block) 	Elapsed: 0.027	Loglikelihood: -34501.3	(delta): 0.0155725
42 (QN/Block) 	Elapsed: 0.024	Loglikelihood: -34501.3	(delta): 0.000619844
43 (QN/Block) 	Elapsed: 0.02	Loglikelihood: -34501.3	(delta): 0.000566315
44 (QN/Block) 	Elapsed: 0.021	Loglikelihood: -34501.3	(delta): 0.000603685
45 (QN/Block) 	Elapsed: 0.022	Loglikelihood: -34501.3	(delta): 0.000328543
46 (QN/Block) 	Elapsed: 0.023	Loglikelihood: -34501.3	(delta): 0.000314708
47 (QN/Block) 	Elapsed: 0.021	Loglikelihood: -34501.3	(delta): 0.000322401
48 (QN/Block) 	Elapsed: 0.023	Loglikelihood: -34501.3	(delta): 4.99417e-05
49 (QN/Block) 	Elapsed: 0.025	Loglikelihood: -34501.3	(delta): 1.7792e-05
50 (QN/Block) 	Elapsed: 0.025	Loglikelihood: -34501.3	(delta): 8.86868e-06
51 (QN/Block) 	Elapsed: 0.024	Loglikelihood: -34501.3	(delta): 4.83122e-06
52 (QN/Block) 	Elapsed: 0.026	Loglikelihood: -34501.3	(delta): 2.87175e-07
53 (QN/Block) 	Elapsed: 0.025	Loglikelihood: -34501.3	(delta): 1.4843e-08
54 (QN/Block) 	Elapsed: 0.026	Loglikelihood: -34501.3	(delta): 1.33878e-09
55 (QN/Block) 	Elapsed: 0.024	Loglikelihood: -34501.3	(delta): 4.36557e-11
56 (QN/Block) 	Elapsed: 0.024	Loglikelihood: -34501.3	(delta): 7.27596e-12
57 (QN/Block) 	Elapsed: 0.024	Loglikelihood: -34501.3	(delta): -7.27596e-12
58 (QN/Block) 	Elapsed: 0.026	Loglikelihood: -34501.3	(delta): 7.27596e-12
59 (QN/Block) 	Elapsed: 0.028	Loglikelihood: -34501.3	(delta): 7.27596e-12
60 (QN/Block) 	Elapsed: 0.028	Loglikelihood: -34501.3	(delta): 0
61 (QN/Block) 	Elapsed: 0.026	Loglikelihood: -34501.3	(delta): -1.45519e-11
62 (QN/Block) 	Elapsed: 0.028	Loglikelihood: -34501.3	(delta): 0
63 (QN/Block) 	Elapsed: 0.029	Loglikelihood: -34501.3	(delta): 7.27596e-12
64 (QN/Block) 	Elapsed: 0.025	Loglikelihood: -34501.3	(delta): 7.27596e-12
65 (QN/Block) 	Elapsed: 0.024	Loglikelihood: -34501.3	(delta): -7.27596e-12
66 (QN/Block) 	Elapsed: 0.021	Loglikelihood: -34501.3	(delta): 7.27596e-12
67 (QN/Block) 	Elapsed: 0.022	Loglikelihood: -34501.3	(delta): -7.27596e-12
68 (QN/Block) 	Elapsed: 0.022	Loglikelihood: -34501.3	(delta): -7.27596e-12
69 (QN/Block) 	Elapsed: 0.022	Loglikelihood: -34501.3	(delta): 7.27596e-12
70 (QN/Block) 	Elapsed: 0.018	Loglikelihood: -34501.3	(delta): 0
71 (QN/Block) 	Elapsed: 0.018	Loglikelihood: -34501.3	(delta): -7.27596e-12
72 (QN/Block) 	Elapsed: 0.018	Loglikelihood: -34501.3	(delta): 7.27596e-12
73 (QN/Block) 	Elapsed: 0.019	Loglikelihood: -34501.3	(delta): 7.27596e-12
74 (QN/Block) 	Elapsed: 0.018	Loglikelihood: -34501.3	(delta): -7.27596e-12
75 (QN/Block) 	Elapsed: 0.018	Loglikelihood: -34501.3	(delta): 0
76 (QN/Block) 	Elapsed: 0.019	Loglikelihood: -34501.3	(delta): 0
77 (QN/Block) 	Elapsed: 0.025	Loglikelihood: -34501.3	(delta): -7.27596e-12
78 (QN/Block) 	Elapsed: 0.025	Loglikelihood: -34501.3	(delta): 0
79 (QN/Block) 	Elapsed: 0.024	Loglikelihood: -34501.3	(delta): 0
80 (QN/Block) 	Elapsed: 0.024	Loglikelihood: -34501.3	(delta): 0
81 (QN/Block) 	Elapsed: 0.025	Loglikelihood: -34501.3	(delta): 7.27596e-12
82 (QN/Block) 	Elapsed: 0.025	Loglikelihood: -34501.3	(delta): -7.27596e-12
83 (QN/Block) 	Elapsed: 0.023	Loglikelihood: -34501.3	(delta): 0
84 (QN/Block) 	Elapsed: 0.023	Loglikelihood: -34501.3	(delta): 0
85 (QN/Block) 	Elapsed: 0.025	Loglikelihood: -34501.3	(delta): 0
86 (QN/Block) 	Elapsed: 0.022	Loglikelihood: -34501.3	(delta): 0
87 (QN/Block) 	Elapsed: 0.025	Loglikelihood: -34501.3	(delta): 0
88 (QN/Block) 	Elapsed: 0.02	Loglikelihood: -34501.3	(delta): 0
89 (QN/Block) 	Elapsed: 0.022	Loglikelihood: -34501.3	(delta): 7.27596e-12
90 (QN/Block) 	Elapsed: 0.021	Loglikelihood: -34501.3	(delta): -7.27596e-12
91 (QN/Block) 	Elapsed: 0.018	Loglikelihood: -34501.3	(delta): 7.27596e-12
92 (QN/Block) 	Elapsed: 0.02	Loglikelihood: -34501.3	(delta): -7.27596e-12
93 (QN/Block) 	Elapsed: 0.026	Loglikelihood: -34501.3	(delta): 0
94 (QN/Block) 	Elapsed: 0.027	Loglikelihood: -34501.3	(delta): 7.27596e-12
95 (QN/Block) 	Elapsed: 0.024	Loglikelihood: -34501.3	(delta): -7.27596e-12
96 (QN/Block) 	Elapsed: 0.026	Loglikelihood: -34501.3	(delta): 0
97 (QN/Block) 	Elapsed: 0.023	Loglikelihood: -34501.3	(delta): 0
98 (QN/Block) 	Elapsed: 0.025	Loglikelihood: -34501.3	(delta): 0
99 (QN/Block) 	Elapsed: 0.023	Loglikelihood: -34501.3	(delta): 0
100 (QN/Block) 	Elapsed: 0.021	Loglikelihood: -34501.3	(delta): 7.27596e-12
Summary: 
Converged in 100 iterations (2.495 sec)
Loglikelihood: -34501.252536
Fst divergences between estimated populations: 
	Pop0	Pop1	Pop2	Pop3	Pop4	Pop5	Pop6	Pop7	
Pop0	
Pop1	0.101	
Pop2	0.228	0.222	
Pop3	0.089	0.097	0.217	
Pop4	0.259	0.259	0.128	0.248	
Pop5	0.235	0.230	0.088	0.232	0.120	
Pop6	0.182	0.191	0.287	0.166	0.303	0.294	
Pop7	0.091	0.099	0.214	0.082	0.243	0.216	0.180	
Pop8	0.095	0.105	0.226	0.088	0.253	0.238	0.170	0.090	
CV error (K=9): 0.43221
Writing output files.
