****                   ADMIXTURE Version 1.3.0                  ****
****                    Copyright 2008-2015                     ****
****           David Alexander, Suyash Shringarpure,            ****
****                John  Novembre, Ken Lange                   ****
****                                                            ****
****                 Please cite our paper!                     ****
****   Information at www.genetics.ucla.edu/software/admixture  ****

Parallel execution requested.  Will use 8 threads.
Cross-validation will be performed.  Folds=10.
Random seed: 43
Point estimation method: Block relaxation algorithm
Convergence acceleration algorithm: QuasiNewton, 3 secant conditions
Point estimation will terminate at 100 iterations
Estimation of standard errors disabled; will compute point estimates only.
Size of G: 92x945
Performing five EM steps to prime main algorithm
1 (EM) 	Elapsed: 0.012	Loglikelihood: -45335.8	(delta): 74641.4
2 (EM) 	Elapsed: 0.013	Loglikelihood: -42537.1	(delta): 2798.71
3 (EM) 	Elapsed: 0.013	Loglikelihood: -41940	(delta): 597.119
4 (EM) 	Elapsed: 0.012	Loglikelihood: -41545.7	(delta): 394.29
5 (EM) 	Elapsed: 0.012	Loglikelihood: -41216.8	(delta): 328.85
Initial loglikelihood: -41216.8
Starting main algorithm
1 (QN/Block) 	Elapsed: 0.022	Loglikelihood: -36245.9	(delta): 4970.96
2 (QN/Block) 	Elapsed: 0.018	Loglikelihood: -35181	(delta): 1064.93
3 (QN/Block) 	Elapsed: 0.022	Loglikelihood: -34713.7	(delta): 467.287
4 (QN/Block) 	Elapsed: 0.019	Loglikelihood: -34456.9	(delta): 256.745
5 (QN/Block) 	Elapsed: 0.022	Loglikelihood: -34337.7	(delta): 119.185
6 (QN/Block) 	Elapsed: 0.027	Loglikelihood: -34275.4	(delta): 62.3689
7 (QN/Block) 	Elapsed: 0.026	Loglikelihood: -34234.2	(delta): 41.1366
8 (QN/Block) 	Elapsed: 0.028	Loglikelihood: -34192.7	(delta): 41.5078
9 (QN/Block) 	Elapsed: 0.028	Loglikelihood: -34164.7	(delta): 28.0295
10 (QN/Block) 	Elapsed: 0.028	Loglikelihood: -34138.2	(delta): 26.4739
11 (QN/Block) 	Elapsed: 0.029	Loglikelihood: -34120.9	(delta): 17.3531
12 (QN/Block) 	Elapsed: 0.029	Loglikelihood: -34110	(delta): 10.8717
13 (QN/Block) 	Elapsed: 0.025	Loglikelihood: -34102.8	(delta): 7.18268
14 (QN/Block) 	Elapsed: 0.024	Loglikelihood: -34096.2	(delta): 6.57633
15 (QN/Block) 	Elapsed: 0.022	Loglikelihood: -34092.8	(delta): 3.43396
16 (QN/Block) 	Elapsed: 0.021	Loglikelihood: -34089.2	(delta): 3.58403
17 (QN/Block) 	Elapsed: 0.024	Loglikelihood: -34084.7	(delta): 4.53525
18 (QN/Block) 	Elapsed: 0.027	Loglikelihood: -34080.6	(delta): 4.13573
19 (QN/Block) 	Elapsed: 0.027	Loglikelihood: -34076.5	(delta): 4.09209
20 (QN/Block) 	Elapsed: 0.028	Loglikelihood: -34075.3	(delta): 1.16831
21 (QN/Block) 	Elapsed: 0.025	Loglikelihood: -34074.4	(delta): 0.92119
22 (QN/Block) 	Elapsed: 0.029	Loglikelihood: -34072.8	(delta): 1.58141
23 (QN/Block) 	Elapsed: 0.025	Loglikelihood: -34071.4	(delta): 1.34915
24 (QN/Block) 	Elapsed: 0.029	Loglikelihood: -34069.9	(delta): 1.51491
25 (QN/Block) 	Elapsed: 0.028	Loglikelihood: -34069.6	(delta): 0.328531
26 (QN/Block) 	Elapsed: 0.023	Loglikelihood: -34069.6	(delta): 0.038815
27 (QN/Block) 	Elapsed: 0.022	Loglikelihood: -34069.4	(delta): 0.113305
28 (QN/Block) 	Elapsed: 0.024	Loglikelihood: -34069.2	(delta): 0.262655
29 (QN/Block) 	Elapsed: 0.031	Loglikelihood: -34069	(delta): 0.137087
30 (QN/Block) 	Elapsed: 0.031	Loglikelihood: -34069	(delta): 0.0301395
31 (QN/Block) 	Elapsed: 0.032	Loglikelihood: -34069	(delta): 0.0398397
32 (QN/Block) 	Elapsed: 0.032	Loglikelihood: -34068.9	(delta): 0.0531919
33 (QN/Block) 	Elapsed: 0.03	Loglikelihood: -34068.9	(delta): 0.0149305
34 (QN/Block) 	Elapsed: 0.03	Loglikelihood: -34068.9	(delta): 0.0263395
35 (QN/Block) 	Elapsed: 0.025	Loglikelihood: -34068.7	(delta): 0.142717
36 (QN/Block) 	Elapsed: 0.023	Loglikelihood: -34068.7	(delta): 0.0377333
37 (QN/Block) 	Elapsed: 0.025	Loglikelihood: -34068.7	(delta): 0.0334075
38 (QN/Block) 	Elapsed: 0.021	Loglikelihood: -34068.7	(delta): 0.00313014
39 (QN/Block) 	Elapsed: 0.021	Loglikelihood: -34068.7	(delta): 0.000219616
40 (QN/Block) 	Elapsed: 0.019	Loglikelihood: -34068.7	(delta): 7.28184e-05
41 (QN/Block) 	Elapsed: 0.022	Loglikelihood: -34068.7	(delta): 6.47845e-06
42 (QN/Block) 	Elapsed: 0.029	Loglikelihood: -34068.7	(delta): 2.61491e-07
43 (QN/Block) 	Elapsed: 0.027	Loglikelihood: -34068.7	(delta): 1.68948e-08
44 (QN/Block) 	Elapsed: 0.026	Loglikelihood: -34068.7	(delta): 1.33878e-09
45 (QN/Block) 	Elapsed: 0.027	Loglikelihood: -34068.7	(delta): 1.67347e-10
46 (QN/Block) 	Elapsed: 0.024	Loglikelihood: -34068.7	(delta): 1.45519e-11
47 (QN/Block) 	Elapsed: 0.028	Loglikelihood: -34068.7	(delta): 1.45519e-11
48 (QN/Block) 	Elapsed: 0.023	Loglikelihood: -34068.7	(delta): 0
49 (QN/Block) 	Elapsed: 0.03	Loglikelihood: -34068.7	(delta): -7.27596e-12
50 (QN/Block) 	Elapsed: 0.03	Loglikelihood: -34068.7	(delta): 0
51 (QN/Block) 	Elapsed: 0.03	Loglikelihood: -34068.7	(delta): 7.27596e-12
52 (QN/Block) 	Elapsed: 0.029	Loglikelihood: -34068.7	(delta): -7.27596e-12
53 (QN/Block) 	Elapsed: 0.025	Loglikelihood: -34068.7	(delta): 7.27596e-12
54 (QN/Block) 	Elapsed: 0.022	Loglikelihood: -34068.7	(delta): -7.27596e-12
55 (QN/Block) 	Elapsed: 0.027	Loglikelihood: -34068.7	(delta): 0
56 (QN/Block) 	Elapsed: 0.033	Loglikelihood: -34068.7	(delta): 0
57 (QN/Block) 	Elapsed: 0.033	Loglikelihood: -34068.7	(delta): 0
58 (QN/Block) 	Elapsed: 0.03	Loglikelihood: -34068.7	(delta): 0
59 (QN/Block) 	Elapsed: 0.031	Loglikelihood: -34068.7	(delta): 0
60 (QN/Block) 	Elapsed: 0.031	Loglikelihood: -34068.7	(delta): 0
61 (QN/Block) 	Elapsed: 0.029	Loglikelihood: -34068.7	(delta): 0
62 (QN/Block) 	Elapsed: 0.025	Loglikelihood: -34068.7	(delta): -7.27596e-12
63 (QN/Block) 	Elapsed: 0.026	Loglikelihood: -34068.7	(delta): 0
64 (QN/Block) 	Elapsed: 0.021	Loglikelihood: -34068.7	(delta): 7.27596e-12
65 (QN/Block) 	Elapsed: 0.022	Loglikelihood: -34068.7	(delta): 0
66 (QN/Block) 	Elapsed: 0.03	Loglikelihood: -34068.7	(delta): 0
67 (QN/Block) 	Elapsed: 0.031	Loglikelihood: -34068.7	(delta): 0
68 (QN/Block) 	Elapsed: 0.031	Loglikelihood: -34068.7	(delta): -7.27596e-12
69 (QN/Block) 	Elapsed: 0.03	Loglikelihood: -34068.7	(delta): 7.27596e-12
70 (QN/Block) 	Elapsed: 0.032	Loglikelihood: -34068.7	(delta): -7.27596e-12
71 (QN/Block) 	Elapsed: 0.032	Loglikelihood: -34068.7	(delta): 7.27596e-12
72 (QN/Block) 	Elapsed: 0.024	Loglikelihood: -34068.7	(delta): -7.27596e-12
73 (QN/Block) 	Elapsed: 0.025	Loglikelihood: -34068.7	(delta): 7.27596e-12
74 (QN/Block) 	Elapsed: 0.027	Loglikelihood: -34068.7	(delta): 0
75 (QN/Block) 	Elapsed: 0.028	Loglikelihood: -34068.7	(delta): -7.27596e-12
76 (QN/Block) 	Elapsed: 0.029	Loglikelihood: -34068.7	(delta): 0
77 (QN/Block) 	Elapsed: 0.031	Loglikelihood: -34068.7	(delta): 0
78 (QN/Block) 	Elapsed: 0.033	Loglikelihood: -34068.7	(delta): 7.27596e-12
79 (QN/Block) 	Elapsed: 0.031	Loglikelihood: -34068.7	(delta): 0
80 (QN/Block) 	Elapsed: 0.032	Loglikelihood: -34068.7	(delta): 7.27596e-12
81 (QN/Block) 	Elapsed: 0.023	Loglikelihood: -34068.7	(delta): -7.27596e-12
82 (QN/Block) 	Elapsed: 0.021	Loglikelihood: -34068.7	(delta): -7.27596e-12
83 (QN/Block) 	Elapsed: 0.021	Loglikelihood: -34068.7	(delta): 7.27596e-12
84 (QN/Block) 	Elapsed: 0.023	Loglikelihood: -34068.7	(delta): 0
85 (QN/Block) 	Elapsed: 0.024	Loglikelihood: -34068.7	(delta): 0
86 (QN/Block) 	Elapsed: 0.027	Loglikelihood: -34068.7	(delta): 0
87 (QN/Block) 	Elapsed: 0.033	Loglikelihood: -34068.7	(delta): 0
88 (QN/Block) 	Elapsed: 0.027	Loglikelihood: -34068.7	(delta): 0
89 (QN/Block) 	Elapsed: 0.025	Loglikelihood: -34068.7	(delta): -7.27596e-12
90 (QN/Block) 	Elapsed: 0.027	Loglikelihood: -34068.7	(delta): 7.27596e-12
91 (QN/Block) 	Elapsed: 0.027	Loglikelihood: -34068.7	(delta): 0
92 (QN/Block) 	Elapsed: 0.028	Loglikelihood: -34068.7	(delta): -7.27596e-12
93 (QN/Block) 	Elapsed: 0.028	Loglikelihood: -34068.7	(delta): 7.27596e-12
94 (QN/Block) 	Elapsed: 0.027	Loglikelihood: -34068.7	(delta): 0
95 (QN/Block) 	Elapsed: 0.032	Loglikelihood: -34068.7	(delta): 0
96 (QN/Block) 	Elapsed: 0.034	Loglikelihood: -34068.7	(delta): 0
97 (QN/Block) 	Elapsed: 0.032	Loglikelihood: -34068.7	(delta): 0
98 (QN/Block) 	Elapsed: 0.03	Loglikelihood: -34068.7	(delta): 0
99 (QN/Block) 	Elapsed: 0.025	Loglikelihood: -34068.7	(delta): -7.27596e-12
100 (QN/Block) 	Elapsed: 0.026	Loglikelihood: -34068.7	(delta): 0
Summary: 
Converged in 100 iterations (2.86 sec)
Loglikelihood: -34068.664769
Fst divergences between estimated populations: 
	Pop0	Pop1	Pop2	Pop3	Pop4	Pop5	Pop6	Pop7	Pop8	
Pop0	
Pop1	0.126	
Pop2	0.114	0.114	
Pop3	0.232	0.249	0.242	
Pop4	0.092	0.120	0.094	0.224	
Pop5	0.095	0.116	0.093	0.215	0.080	
Pop6	0.105	0.114	0.097	0.227	0.093	0.095	
Pop7	0.232	0.245	0.237	0.091	0.219	0.213	0.224	
Pop8	0.117	0.135	0.119	0.232	0.099	0.101	0.099	0.219	
Pop9	0.258	0.272	0.259	0.118	0.240	0.238	0.244	0.113	0.247	
CV error (K=10): 0.45491
Writing output files.
