****                   ADMIXTURE Version 1.3.0                  ****
****                    Copyright 2008-2015                     ****
****           David Alexander, Suyash Shringarpure,            ****
****                John  Novembre, Ken Lange                   ****
****                                                            ****
****                 Please cite our paper!                     ****
****   Information at www.genetics.ucla.edu/software/admixture  ****

Parallel execution requested.  Will use 8 threads.
Cross-validation will be performed.  Folds=10.
Random seed: 43
Point estimation method: Block relaxation algorithm
Convergence acceleration algorithm: QuasiNewton, 3 secant conditions
Point estimation will terminate at 100 iterations
Estimation of standard errors disabled; will compute point estimates only.
Size of G: 92x945
Performing five EM steps to prime main algorithm
1 (EM) 	Elapsed: 0.011	Loglikelihood: -45447.3	(delta): 76358.3
2 (EM) 	Elapsed: 0.01	Loglikelihood: -42716.9	(delta): 2730.37
3 (EM) 	Elapsed: 0.01	Loglikelihood: -42156.8	(delta): 560.135
4 (EM) 	Elapsed: 0.01	Loglikelihood: -41791.4	(delta): 365.371
5 (EM) 	Elapsed: 0.01	Loglikelihood: -41499.1	(delta): 292.345
Initial loglikelihood: -41499.1
Starting main algorithm
1 (QN/Block) 	Elapsed: 0.016	Loglikelihood: -37089.5	(delta): 4409.59
2 (QN/Block) 	Elapsed: 0.018	Loglikelihood: -35961.2	(delta): 1128.29
3 (QN/Block) 	Elapsed: 0.016	Loglikelihood: -35492.1	(delta): 469.086
4 (QN/Block) 	Elapsed: 0.015	Loglikelihood: -35190.8	(delta): 301.311
5 (QN/Block) 	Elapsed: 0.015	Loglikelihood: -35066.5	(delta): 124.286
6 (QN/Block) 	Elapsed: 0.017	Loglikelihood: -35013.4	(delta): 53.1098
7 (QN/Block) 	Elapsed: 0.015	Loglikelihood: -34994.6	(delta): 18.8291
8 (QN/Block) 	Elapsed: 0.015	Loglikelihood: -34981.2	(delta): 13.3968
9 (QN/Block) 	Elapsed: 0.016	Loglikelihood: -34973.2	(delta): 7.97894
10 (QN/Block) 	Elapsed: 0.015	Loglikelihood: -34961	(delta): 12.2102
11 (QN/Block) 	Elapsed: 0.016	Loglikelihood: -34948.8	(delta): 12.243
12 (QN/Block) 	Elapsed: 0.021	Loglikelihood: -34946.5	(delta): 2.21327
13 (QN/Block) 	Elapsed: 0.025	Loglikelihood: -34945.2	(delta): 1.30801
14 (QN/Block) 	Elapsed: 0.025	Loglikelihood: -34944.1	(delta): 1.12935
15 (QN/Block) 	Elapsed: 0.022	Loglikelihood: -34942.8	(delta): 1.26536
16 (QN/Block) 	Elapsed: 0.025	Loglikelihood: -34942.1	(delta): 0.705521
17 (QN/Block) 	Elapsed: 0.02	Loglikelihood: -34941.6	(delta): 0.522866
18 (QN/Block) 	Elapsed: 0.023	Loglikelihood: -34941.3	(delta): 0.307615
19 (QN/Block) 	Elapsed: 0.025	Loglikelihood: -34940.8	(delta): 0.537515
20 (QN/Block) 	Elapsed: 0.026	Loglikelihood: -34940.2	(delta): 0.543526
21 (QN/Block) 	Elapsed: 0.017	Loglikelihood: -34939	(delta): 1.22415
22 (QN/Block) 	Elapsed: 0.017	Loglikelihood: -34937.3	(delta): 1.73248
23 (QN/Block) 	Elapsed: 0.018	Loglikelihood: -34936	(delta): 1.23672
24 (QN/Block) 	Elapsed: 0.023	Loglikelihood: -34935.2	(delta): 0.869274
25 (QN/Block) 	Elapsed: 0.026	Loglikelihood: -34933.6	(delta): 1.51928
26 (QN/Block) 	Elapsed: 0.024	Loglikelihood: -34932.2	(delta): 1.42782
27 (QN/Block) 	Elapsed: 0.024	Loglikelihood: -34930.7	(delta): 1.52426
28 (QN/Block) 	Elapsed: 0.024	Loglikelihood: -34929.2	(delta): 1.4847
29 (QN/Block) 	Elapsed: 0.021	Loglikelihood: -34926.2	(delta): 3.01691
30 (QN/Block) 	Elapsed: 0.021	Loglikelihood: -34922	(delta): 4.16098
31 (QN/Block) 	Elapsed: 0.019	Loglikelihood: -34920.6	(delta): 1.4409
32 (QN/Block) 	Elapsed: 0.022	Loglikelihood: -34920.1	(delta): 0.442245
33 (QN/Block) 	Elapsed: 0.021	Loglikelihood: -34919.4	(delta): 0.751449
34 (QN/Block) 	Elapsed: 0.022	Loglikelihood: -34917.6	(delta): 1.80118
35 (QN/Block) 	Elapsed: 0.02	Loglikelihood: -34916.2	(delta): 1.4038
36 (QN/Block) 	Elapsed: 0.023	Loglikelihood: -34915	(delta): 1.21388
37 (QN/Block) 	Elapsed: 0.022	Loglikelihood: -34913	(delta): 2.00504
38 (QN/Block) 	Elapsed: 0.02	Loglikelihood: -34908	(delta): 4.98604
39 (QN/Block) 	Elapsed: 0.022	Loglikelihood: -34904.9	(delta): 3.10555
40 (QN/Block) 	Elapsed: 0.025	Loglikelihood: -34903.8	(delta): 1.03613
41 (QN/Block) 	Elapsed: 0.026	Loglikelihood: -34903.5	(delta): 0.367917
42 (QN/Block) 	Elapsed: 0.023	Loglikelihood: -34903	(delta): 0.484023
43 (QN/Block) 	Elapsed: 0.026	Loglikelihood: -34902.2	(delta): 0.811152
44 (QN/Block) 	Elapsed: 0.025	Loglikelihood: -34901.8	(delta): 0.401027
45 (QN/Block) 	Elapsed: 0.021	Loglikelihood: -34900.7	(delta): 1.0534
46 (QN/Block) 	Elapsed: 0.021	Loglikelihood: -34898.5	(delta): 2.23409
47 (QN/Block) 	Elapsed: 0.018	Loglikelihood: -34897.5	(delta): 0.95919
48 (QN/Block) 	Elapsed: 0.017	Loglikelihood: -34896.3	(delta): 1.267
49 (QN/Block) 	Elapsed: 0.023	Loglikelihood: -34895.9	(delta): 0.379425
50 (QN/Block) 	Elapsed: 0.023	Loglikelihood: -34895.6	(delta): 0.279287
51 (QN/Block) 	Elapsed: 0.027	Loglikelihood: -34895.5	(delta): 0.0949855
52 (QN/Block) 	Elapsed: 0.024	Loglikelihood: -34895.5	(delta): 0.0520685
53 (QN/Block) 	Elapsed: 0.026	Loglikelihood: -34895.3	(delta): 0.120769
54 (QN/Block) 	Elapsed: 0.022	Loglikelihood: -34895.3	(delta): 0.0774224
55 (QN/Block) 	Elapsed: 0.024	Loglikelihood: -34895.2	(delta): 0.0936955
56 (QN/Block) 	Elapsed: 0.023	Loglikelihood: -34895.1	(delta): 0.0211352
57 (QN/Block) 	Elapsed: 0.024	Loglikelihood: -34895.1	(delta): 0.0131001
58 (QN/Block) 	Elapsed: 0.023	Loglikelihood: -34895.1	(delta): 0.03432
59 (QN/Block) 	Elapsed: 0.024	Loglikelihood: -34894.9	(delta): 0.143077
60 (QN/Block) 	Elapsed: 0.022	Loglikelihood: -34894.9	(delta): 0.0526727
61 (QN/Block) 	Elapsed: 0.021	Loglikelihood: -34894.8	(delta): 0.0596293
62 (QN/Block) 	Elapsed: 0.018	Loglikelihood: -34894.8	(delta): 0.0732317
63 (QN/Block) 	Elapsed: 0.017	Loglikelihood: -34894.7	(delta): 0.0873804
64 (QN/Block) 	Elapsed: 0.02	Loglikelihood: -34894.6	(delta): 0.100981
65 (QN/Block) 	Elapsed: 0.02	Loglikelihood: -34894.5	(delta): 0.045817
66 (QN/Block) 	Elapsed: 0.023	Loglikelihood: -34894.5	(delta): 0.0415896
67 (QN/Block) 	Elapsed: 0.023	Loglikelihood: -34894.4	(delta): 0.105935
68 (QN/Block) 	Elapsed: 0.024	Loglikelihood: -34894.2	(delta): 0.231219
69 (QN/Block) 	Elapsed: 0.021	Loglikelihood: -34893.7	(delta): 0.451944
70 (QN/Block) 	Elapsed: 0.022	Loglikelihood: -34892.7	(delta): 0.979525
71 (QN/Block) 	Elapsed: 0.023	Loglikelihood: -34892.6	(delta): 0.0964889
72 (QN/Block) 	Elapsed: 0.022	Loglikelihood: -34892.6	(delta): 0.0292801
73 (QN/Block) 	Elapsed: 0.023	Loglikelihood: -34892.5	(delta): 0.0616805
74 (QN/Block) 	Elapsed: 0.02	Loglikelihood: -34892.5	(delta): 0.0132506
75 (QN/Block) 	Elapsed: 0.017	Loglikelihood: -34892.5	(delta): 0.000482824
76 (QN/Block) 	Elapsed: 0.019	Loglikelihood: -34892.5	(delta): 0.000208589
77 (QN/Block) 	Elapsed: 0.021	Loglikelihood: -34892.5	(delta): 4.47484e-05
78 (QN/Block) 	Elapsed: 0.021	Loglikelihood: -34892.5	(delta): 8.67515e-06
79 (QN/Block) 	Elapsed: 0.019	Loglikelihood: -34892.5	(delta): 2.82987e-06
80 (QN/Block) 	Elapsed: 0.017	Loglikelihood: -34892.5	(delta): 1.45075e-07
81 (QN/Block) 	Elapsed: 0.021	Loglikelihood: -34892.5	(delta): 2.08238e-08
82 (QN/Block) 	Elapsed: 0.021	Loglikelihood: -34892.5	(delta): 7.93079e-10
83 (QN/Block) 	Elapsed: 0.023	Loglikelihood: -34892.5	(delta): 1.30967e-10
84 (QN/Block) 	Elapsed: 0.017	Loglikelihood: -34892.5	(delta): 6.54836e-11
85 (QN/Block) 	Elapsed: 0.02	Loglikelihood: -34892.5	(delta): 7.27596e-12
86 (QN/Block) 	Elapsed: 0.024	Loglikelihood: -34892.5	(delta): 0
87 (QN/Block) 	Elapsed: 0.025	Loglikelihood: -34892.5	(delta): 7.27596e-12
88 (QN/Block) 	Elapsed: 0.025	Loglikelihood: -34892.5	(delta): -7.27596e-12
89 (QN/Block) 	Elapsed: 0.026	Loglikelihood: -34892.5	(delta): 0
90 (QN/Block) 	Elapsed: 0.026	Loglikelihood: -34892.5	(delta): 7.27596e-12
91 (QN/Block) 	Elapsed: 0.028	Loglikelihood: -34892.5	(delta): -7.27596e-12
92 (QN/Block) 	Elapsed: 0.026	Loglikelihood: -34892.5	(delta): 0
93 (QN/Block) 	Elapsed: 0.022	Loglikelihood: -34892.5	(delta): 0
94 (QN/Block) 	Elapsed: 0.019	Loglikelihood: -34892.5	(delta): 0
95 (QN/Block) 	Elapsed: 0.018	Loglikelihood: -34892.5	(delta): 0
96 (QN/Block) 	Elapsed: 0.021	Loglikelihood: -34892.5	(delta): 0
97 (QN/Block) 	Elapsed: 0.027	Loglikelihood: -34892.5	(delta): 0
98 (QN/Block) 	Elapsed: 0.024	Loglikelihood: -34892.5	(delta): 0
99 (QN/Block) 	Elapsed: 0.024	Loglikelihood: -34892.5	(delta): -7.27596e-12
100 (QN/Block) 	Elapsed: 0.024	Loglikelihood: -34892.5	(delta): -7.27596e-12
Summary: 
Converged in 100 iterations (2.306 sec)
Loglikelihood: -34892.518402
Fst divergences between estimated populations: 
	Pop0	Pop1	Pop2	Pop3	Pop4	Pop5	Pop6	
Pop0	
Pop1	0.108	
Pop2	0.096	0.102	
Pop3	0.085	0.081	0.064	
Pop4	0.256	0.242	0.235	0.231	
Pop5	0.100	0.088	0.077	0.066	0.233	
Pop6	0.226	0.219	0.219	0.216	0.114	0.217	
Pop7	0.235	0.223	0.222	0.218	0.115	0.218	0.100	
CV error (K=8): 0.41953
Writing output files.
