****                   ADMIXTURE Version 1.3.0                  ****
****                    Copyright 2008-2015                     ****
****           David Alexander, Suyash Shringarpure,            ****
****                John  Novembre, Ken Lange                   ****
****                                                            ****
****                 Please cite our paper!                     ****
****   Information at www.genetics.ucla.edu/software/admixture  ****

Parallel execution requested.  Will use 8 threads.
Cross-validation will be performed.  Folds=10.
Random seed: 43
Point estimation method: Block relaxation algorithm
Convergence acceleration algorithm: QuasiNewton, 3 secant conditions
Point estimation will terminate at 100 iterations
Estimation of standard errors disabled; will compute point estimates only.
Size of G: 92x945
Performing five EM steps to prime main algorithm
1 (EM) 	Elapsed: 0.006	Loglikelihood: -45553	(delta): 80746.4
2 (EM) 	Elapsed: 0.006	Loglikelihood: -42874.9	(delta): 2678.18
3 (EM) 	Elapsed: 0.006	Loglikelihood: -42274.1	(delta): 600.731
4 (EM) 	Elapsed: 0.006	Loglikelihood: -41923.3	(delta): 350.829
5 (EM) 	Elapsed: 0.006	Loglikelihood: -41661.5	(delta): 261.775
Initial loglikelihood: -41661.5
Starting main algorithm
1 (QN/Block) 	Elapsed: 0.013	Loglikelihood: -37838.1	(delta): 3823.47
2 (QN/Block) 	Elapsed: 0.011	Loglikelihood: -36980.3	(delta): 857.757
3 (QN/Block) 	Elapsed: 0.015	Loglikelihood: -36612.8	(delta): 367.456
4 (QN/Block) 	Elapsed: 0.013	Loglikelihood: -36399.6	(delta): 213.29
5 (QN/Block) 	Elapsed: 0.014	Loglikelihood: -36297.8	(delta): 101.718
6 (QN/Block) 	Elapsed: 0.011	Loglikelihood: -36272.7	(delta): 25.0984
7 (QN/Block) 	Elapsed: 0.012	Loglikelihood: -36262.8	(delta): 9.92686
8 (QN/Block) 	Elapsed: 0.012	Loglikelihood: -36254.7	(delta): 8.15893
9 (QN/Block) 	Elapsed: 0.014	Loglikelihood: -36244.8	(delta): 9.87815
10 (QN/Block) 	Elapsed: 0.014	Loglikelihood: -36236.6	(delta): 8.19468
11 (QN/Block) 	Elapsed: 0.015	Loglikelihood: -36230.6	(delta): 5.94154
12 (QN/Block) 	Elapsed: 0.012	Loglikelihood: -36226.3	(delta): 4.34674
13 (QN/Block) 	Elapsed: 0.012	Loglikelihood: -36221.5	(delta): 4.804
14 (QN/Block) 	Elapsed: 0.013	Loglikelihood: -36217.3	(delta): 4.16816
15 (QN/Block) 	Elapsed: 0.012	Loglikelihood: -36216	(delta): 1.32424
16 (QN/Block) 	Elapsed: 0.018	Loglikelihood: -36214.9	(delta): 1.09062
17 (QN/Block) 	Elapsed: 0.016	Loglikelihood: -36214.4	(delta): 0.504054
18 (QN/Block) 	Elapsed: 0.017	Loglikelihood: -36214.1	(delta): 0.327787
19 (QN/Block) 	Elapsed: 0.019	Loglikelihood: -36213.8	(delta): 0.250597
20 (QN/Block) 	Elapsed: 0.016	Loglikelihood: -36213.6	(delta): 0.253871
21 (QN/Block) 	Elapsed: 0.015	Loglikelihood: -36213.2	(delta): 0.413623
22 (QN/Block) 	Elapsed: 0.016	Loglikelihood: -36212.4	(delta): 0.754189
23 (QN/Block) 	Elapsed: 0.016	Loglikelihood: -36210.3	(delta): 2.11817
24 (QN/Block) 	Elapsed: 0.015	Loglikelihood: -36210	(delta): 0.298853
25 (QN/Block) 	Elapsed: 0.014	Loglikelihood: -36209.9	(delta): 0.0535216
26 (QN/Block) 	Elapsed: 0.016	Loglikelihood: -36209.9	(delta): 0.0188447
27 (QN/Block) 	Elapsed: 0.015	Loglikelihood: -36209.9	(delta): 0.00265889
28 (QN/Block) 	Elapsed: 0.017	Loglikelihood: -36209.9	(delta): 0.00378061
29 (QN/Block) 	Elapsed: 0.016	Loglikelihood: -36209.9	(delta): 0.00647799
30 (QN/Block) 	Elapsed: 0.016	Loglikelihood: -36209.9	(delta): 0.0120725
31 (QN/Block) 	Elapsed: 0.016	Loglikelihood: -36209.9	(delta): 0.0313251
32 (QN/Block) 	Elapsed: 0.013	Loglikelihood: -36209.8	(delta): 0.102744
33 (QN/Block) 	Elapsed: 0.013	Loglikelihood: -36209.6	(delta): 0.117734
34 (QN/Block) 	Elapsed: 0.016	Loglikelihood: -36209.4	(delta): 0.241848
35 (QN/Block) 	Elapsed: 0.015	Loglikelihood: -36209.1	(delta): 0.316558
36 (QN/Block) 	Elapsed: 0.016	Loglikelihood: -36208.9	(delta): 0.170429
37 (QN/Block) 	Elapsed: 0.016	Loglikelihood: -36208.8	(delta): 0.104678
38 (QN/Block) 	Elapsed: 0.015	Loglikelihood: -36208.5	(delta): 0.281023
39 (QN/Block) 	Elapsed: 0.017	Loglikelihood: -36207.9	(delta): 0.575608
40 (QN/Block) 	Elapsed: 0.017	Loglikelihood: -36207.2	(delta): 0.794543
41 (QN/Block) 	Elapsed: 0.015	Loglikelihood: -36206.9	(delta): 0.247492
42 (QN/Block) 	Elapsed: 0.015	Loglikelihood: -36206.7	(delta): 0.223131
43 (QN/Block) 	Elapsed: 0.016	Loglikelihood: -36206.6	(delta): 0.0354371
44 (QN/Block) 	Elapsed: 0.015	Loglikelihood: -36206.6	(delta): 0.00674262
45 (QN/Block) 	Elapsed: 0.016	Loglikelihood: -36206.6	(delta): 0.00105209
46 (QN/Block) 	Elapsed: 0.015	Loglikelihood: -36206.6	(delta): 0.00130634
47 (QN/Block) 	Elapsed: 0.017	Loglikelihood: -36206.6	(delta): 0.000905866
48 (QN/Block) 	Elapsed: 0.015	Loglikelihood: -36206.6	(delta): 0.00100259
49 (QN/Block) 	Elapsed: 0.015	Loglikelihood: -36206.6	(delta): 0.0012649
50 (QN/Block) 	Elapsed: 0.013	Loglikelihood: -36206.6	(delta): 0.00162422
51 (QN/Block) 	Elapsed: 0.013	Loglikelihood: -36206.6	(delta): 0.00207522
52 (QN/Block) 	Elapsed: 0.013	Loglikelihood: -36206.6	(delta): 0.00261453
53 (QN/Block) 	Elapsed: 0.013	Loglikelihood: -36206.6	(delta): 0.00323276
54 (QN/Block) 	Elapsed: 0.013	Loglikelihood: -36206.6	(delta): 0.00391077
55 (QN/Block) 	Elapsed: 0.013	Loglikelihood: -36206.6	(delta): 0.00462337
56 (QN/Block) 	Elapsed: 0.016	Loglikelihood: -36206.6	(delta): 0.00550484
57 (QN/Block) 	Elapsed: 0.017	Loglikelihood: -36206.6	(delta): 0.00651705
58 (QN/Block) 	Elapsed: 0.016	Loglikelihood: -36206.6	(delta): 0.00752827
59 (QN/Block) 	Elapsed: 0.016	Loglikelihood: -36206.6	(delta): 0.00847224
60 (QN/Block) 	Elapsed: 0.016	Loglikelihood: -36206.6	(delta): 0.00929139
61 (QN/Block) 	Elapsed: 0.016	Loglikelihood: -36206.6	(delta): 0.00994313
62 (QN/Block) 	Elapsed: 0.016	Loglikelihood: -36206.6	(delta): 0.0104068
63 (QN/Block) 	Elapsed: 0.016	Loglikelihood: -36206.5	(delta): 0.0106861
64 (QN/Block) 	Elapsed: 0.015	Loglikelihood: -36206.5	(delta): 0.0108067
65 (QN/Block) 	Elapsed: 0.015	Loglikelihood: -36206.5	(delta): 0.0108093
66 (QN/Block) 	Elapsed: 0.014	Loglikelihood: -36206.5	(delta): 0.0107441
67 (QN/Block) 	Elapsed: 0.014	Loglikelihood: -36206.5	(delta): 0.0106635
68 (QN/Block) 	Elapsed: 0.017	Loglikelihood: -36206.5	(delta): 0.00835378
69 (QN/Block) 	Elapsed: 0.016	Loglikelihood: -36206.5	(delta): 0.00167284
70 (QN/Block) 	Elapsed: 0.016	Loglikelihood: -36206.5	(delta): 0.000568602
71 (QN/Block) 	Elapsed: 0.015	Loglikelihood: -36206.5	(delta): 8.77637e-06
72 (QN/Block) 	Elapsed: 0.015	Loglikelihood: -36206.5	(delta): 1.52907e-06
73 (QN/Block) 	Elapsed: 0.012	Loglikelihood: -36206.5	(delta): 1.40397e-07
74 (QN/Block) 	Elapsed: 0.013	Loglikelihood: -36206.5	(delta): 2.41562e-09
75 (QN/Block) 	Elapsed: 0.016	Loglikelihood: -36206.5	(delta): 1.81899e-10
76 (QN/Block) 	Elapsed: 0.017	Loglikelihood: -36206.5	(delta): 2.18279e-11
77 (QN/Block) 	Elapsed: 0.02	Loglikelihood: -36206.5	(delta): 7.27596e-12
78 (QN/Block) 	Elapsed: 0.019	Loglikelihood: -36206.5	(delta): -7.27596e-12
79 (QN/Block) 	Elapsed: 0.016	Loglikelihood: -36206.5	(delta): 7.27596e-12
80 (QN/Block) 	Elapsed: 0.017	Loglikelihood: -36206.5	(delta): -7.27596e-12
81 (QN/Block) 	Elapsed: 0.016	Loglikelihood: -36206.5	(delta): 7.27596e-12
82 (QN/Block) 	Elapsed: 0.017	Loglikelihood: -36206.5	(delta): -7.27596e-12
83 (QN/Block) 	Elapsed: 0.016	Loglikelihood: -36206.5	(delta): 0
84 (QN/Block) 	Elapsed: 0.017	Loglikelihood: -36206.5	(delta): 7.27596e-12
85 (QN/Block) 	Elapsed: 0.017	Loglikelihood: -36206.5	(delta): -7.27596e-12
86 (QN/Block) 	Elapsed: 0.016	Loglikelihood: -36206.5	(delta): 0
87 (QN/Block) 	Elapsed: 0.015	Loglikelihood: -36206.5	(delta): 7.27596e-12
88 (QN/Block) 	Elapsed: 0.015	Loglikelihood: -36206.5	(delta): 0
89 (QN/Block) 	Elapsed: 0.013	Loglikelihood: -36206.5	(delta): -7.27596e-12
90 (QN/Block) 	Elapsed: 0.014	Loglikelihood: -36206.5	(delta): 7.27596e-12
91 (QN/Block) 	Elapsed: 0.014	Loglikelihood: -36206.5	(delta): -7.27596e-12
92 (QN/Block) 	Elapsed: 0.012	Loglikelihood: -36206.5	(delta): 0
93 (QN/Block) 	Elapsed: 0.013	Loglikelihood: -36206.5	(delta): 7.27596e-12
94 (QN/Block) 	Elapsed: 0.016	Loglikelihood: -36206.5	(delta): -7.27596e-12
95 (QN/Block) 	Elapsed: 0.013	Loglikelihood: -36206.5	(delta): 0
96 (QN/Block) 	Elapsed: 0.013	Loglikelihood: -36206.5	(delta): 0
97 (QN/Block) 	Elapsed: 0.017	Loglikelihood: -36206.5	(delta): 7.27596e-12
98 (QN/Block) 	Elapsed: 0.017	Loglikelihood: -36206.5	(delta): 0
99 (QN/Block) 	Elapsed: 0.017	Loglikelihood: -36206.5	(delta): 0
100 (QN/Block) 	Elapsed: 0.017	Loglikelihood: -36206.5	(delta): 0
Summary: 
Converged in 100 iterations (1.633 sec)
Loglikelihood: -36206.493151
Fst divergences between estimated populations: 
	Pop0	Pop1	Pop2	Pop3	
Pop0	
Pop1	0.196	
Pop2	0.047	0.200	
Pop3	0.191	0.078	0.197	
Pop4	0.063	0.201	0.064	0.198	
CV error (K=5): 0.36517
Writing output files.
